
          -------------------------------------------------------
          Amber 18 PMEMD                              2018
          -------------------------------------------------------

| PMEMD implementation of SANDER, Release 18

| Run on 01/24/2019 at 23:28:38

|   Executable path: /opt/software/Amber/18-foss-2018a/bin/pmemd.cuda
| Working directory: /mnt/gs18/scratch/users/songlin3/run/glx/ti/alpha_optimized_from_imidazoleHIDcharge/2.23/all_optimized/freeMD
|          Hostname: lac-136

  [-O]verwriting output

File Assignments:
|   MDIN: min2.in                                                               
|  MDOUT: min2.out                                                              
| INPCRD: min1.rst                                                              
|   PARM: glx-co_1264.prmtop                                                    
| RESTRT: min2.rst                                                              
|   REFC: min1.rst                                                              
|  MDVEL: mdvel                                                                 
|   MDEN: mden                                                                  
|  MDCRD: min2.netcdf                                                           
| MDINFO: min2.mdinfo                                                           
|  MDFRC: mdfrc                                                                 


 Here is the input file:

minimize structure solvation+hydrogen                                          
 &cntrl                                                                        
  imin=1,maxcyc=10000, ncyc=20000,                                             
  ntb=1, cut=10, ntwx=2000, ioutfm=1, iwrap=1,                                 
  ntr=1, restraintmask=':1-275 & !@H= ', restraint_wt=200,                     
 /                                                                             
 &ewald                                                                        
 /                                                                             


Note: ig = -1. Setting random seed to   148549 based on wallclock time in 
      microseconds.
| irandom = 1, using AMBER's internal random number generator (default).
 
|--------------------- INFORMATION ----------------------
| GPU (CUDA) Version of PMEMD in use: NVIDIA GPU IN USE.
|                    Version 18.0.0
| 
|                      03/25/2018
| 
| Implementation by:
|                    Ross C. Walker     (SDSC)
|                    Scott Le Grand     (nVIDIA)
| 
| Version 18 performance extensions by:
|                    David Cerutti     (Rutgers)
| 
| Precision model in use:
|      [SPFP] - Single Precision Forces, 64-bit Fixed Point
|               Accumulation. (Default)
| 
|--------------------------------------------------------
 
|----------------- CITATION INFORMATION -----------------
|
|    When publishing work that utilized the CUDA version
|    of AMBER, please cite the following in addition to
|    the regular AMBER citations:
|
|  - Romelia Salomon-Ferrer; Andreas W. Goetz; Duncan
|    Poole; Scott Le Grand; Ross C. Walker "Routine
|    microsecond molecular dynamics simulations with
|    AMBER - Part II: Particle Mesh Ewald", J. Chem.
|    Theory Comput., 2013, 9 (9), pp3878-3888,
|    DOI: 10.1021/ct400314y.
|
|  - Andreas W. Goetz; Mark J. Williamson; Dong Xu;
|    Duncan Poole; Scott Le Grand; Ross C. Walker
|    "Routine microsecond molecular dynamics simulations
|    with AMBER - Part I: Generalized Born", J. Chem.
|    Theory Comput., 2012, 8 (5), pp1542-1555.
|
|  - Scott Le Grand; Andreas W. Goetz; Ross C. Walker
|    "SPFP: Speed without compromise - a mixed precision
|    model for GPU accelerated molecular dynamics
|    simulations.", Comp. Phys. Comm., 2013, 184
|    pp374-380, DOI: 10.1016/j.cpc.2012.09.022
|
|--------------------------------------------------------
 
|------------------- GPU DEVICE INFO --------------------
|
|            CUDA_VISIBLE_DEVICES: 0
|   CUDA Capable Devices Detected:      1
|           CUDA Device ID in use:      0
|                CUDA Device Name: Tesla K80
|     CUDA Device Global Mem Size:  11441 MB
| CUDA Device Num Multiprocessors:     13
|           CUDA Device Core Freq:   0.82 GHz
|
|--------------------------------------------------------
 
 
| Conditional Compilation Defines Used:
| PUBFFT
| BINTRAJ
| CUDA
| EMIL

| Largest sphere to fit in unit cell has radius =    36.270

| New format PARM file being parsed.
| Version =    1.000 Date = 01/24/19 Time = 18:51:14

| Note: 1-4 EEL scale factors are being read from the topology file.

| Note: 1-4 VDW scale factors are being read from the topology file.
| Duplicated    0 dihedrals

| Duplicated    0 dihedrals

--------------------------------------------------------------------------------
   1.  RESOURCE   USE: 
--------------------------------------------------------------------------------

 getting box info from netcdf restart file
 NATOM  =   48335 NTYPES =      18 NBONH =   46216 MBONA  =    2144
 NTHETH =    4730 MTHETA =    2896 NPHIH =    9622 MPHIA  =    9100
 NHPARM =       0 NPARM  =       0 NNB   =   81893 NRES   =   14997
 NBONA  =    2144 NTHETA =    2896 NPHIA =    9100 NUMBND =      67
 NUMANG =     150 NPTRA  =     196 NATYP =      38 NPHB   =       1
 IFBOX  =       2 NMXRS  =      24 IFCAP =       0 NEXTRA =       0
 NCOPY  =       0

| Coordinate Index Table dimensions:    14   14   14
| Direct force subcell size =     6.3460    6.3460    6.3460

     BOX TYPE: TRUNCATED OCTAHEDRON

--------------------------------------------------------------------------------
   2.  CONTROL  DATA  FOR  THE  RUN
--------------------------------------------------------------------------------

default_name                                                                    

General flags:
     imin    =       1, nmropt  =       0

Nature and format of input:
     ntx     =       1, irest   =       0, ntrx    =       1

Nature and format of output:
     ntxo    =       2, ntpr    =      50, ntrx    =       1, ntwr    =       1
     iwrap   =       1, ntwx    =    2000, ntwv    =       0, ntwe    =       0
     ioutfm  =       1, ntwprt  =       0, idecomp =       0, rbornstat=      0

Potential function:
     ntf     =       1, ntb     =       1, igb     =       0, nsnb    =      25
     ipol    =       0, gbsa    =       0, iesp    =       0
     dielc   =   1.00000, cut     =  10.00000, intdiel =   1.00000
     lj1264  =       1

Frozen or restrained atoms:
     ibelly  =       0, ntr     =       1
     restraint_wt = 200.00000

Energy minimization:
     maxcyc  =   10000, ncyc    =   20000, ntmin   =       1
     dx0     =   0.01000, drms    =   0.00010

| Intermolecular bonds treatment:
|     no_intermolecular_bonds =       1

| Energy averages sample interval:
|     ene_avg_sampling =       1

Ewald parameters:
     verbose =       0, ew_type =       0, nbflag  =       1, use_pme =       1
     vdwmeth =       1, eedmeth =       1, netfrc  =       0
     Box X =   88.843   Box Y =   88.843   Box Z =   88.843
     Alpha =  109.471   Beta  =  109.471   Gamma =  109.471
     NFFT1 =   96       NFFT2 =   96       NFFT3 =   96
     Cutoff=   10.000   Tol   =0.100E-04
     Ewald Coefficient =  0.27511
     Interpolation order =    4

    LOADING THE CONSTRAINED ATOMS AS GROUPS


   5.  REFERENCE ATOM COORDINATES

  default_name                                                                    
     Mask :1-275 & !@H=; matches  2109 atoms

--------------------------------------------------------------------------------
   3.  ATOMIC COORDINATES AND VELOCITIES
--------------------------------------------------------------------------------

default_name                                                                    
 begin time read from input coords =     0.000 ps

 
 Number of triangulated 3-point waters found:    14712

     Sum of charges from parm topology file =  -0.00000010
     Forcing neutrality...

| Dynamic Memory, Types Used:
| Reals             1402739
| Integers          1815605

| Nonbonded Pairs Initial Allocation:    14620129

| GPU memory information (estimate):
| KB of GPU memory in use:         0
| KB of CPU memory in use:         0

--------------------------------------------------------------------------------
   4.  RESULTS
--------------------------------------------------------------------------------



   NSTEP       ENERGY          RMS            GMAX         NAME    NUMBER
      1      -1.9222E+05     1.8747E+00     3.3076E+02     HD1      1197

 BOND    =    14238.3046  ANGLE   =      599.5607  DIHED      =     3025.2192
 VDWAALS =    33500.5711  EEL     =  -256470.0821  HBOND      =        0.0000
 1-4 VDW =     1154.8267  1-4 EEL =    11734.8634  RESTRAINT  =        0.0000


   NSTEP       ENERGY          RMS            GMAX         NAME    NUMBER
     50      -1.9270E+05     2.0331E-01     2.1981E+01     CG       1195

 BOND    =    14146.5899  ANGLE   =      420.7590  DIHED      =     3017.6608
 VDWAALS =    33477.7513  EEL     =  -256553.6197  HBOND      =        0.0000
 1-4 VDW =     1084.4116  1-4 EEL =    11622.5228  RESTRAINT  =       86.4268
 EAMBER  =  -192783.9243


   NSTEP       ENERGY          RMS            GMAX         NAME    NUMBER
    100      -1.9276E+05     1.6519E-01     2.0840E+01     CG       1195

 BOND    =    14152.0468  ANGLE   =      417.0549  DIHED      =     3010.3183
 VDWAALS =    33506.2185  EEL     =  -256645.3000  HBOND      =        0.0000
 1-4 VDW =     1082.8943  1-4 EEL =    11618.8874  RESTRAINT  =       95.1699
 EAMBER  =  -192857.8797


   NSTEP       ENERGY          RMS            GMAX         NAME    NUMBER
    150      -1.9281E+05     2.8911E-01     3.9461E+01     CG       1195

 BOND    =    14159.3033  ANGLE   =      416.7203  DIHED      =     3005.8660
 VDWAALS =    33535.2418  EEL     =  -256725.0167  HBOND      =        0.0000
 1-4 VDW =     1082.3573  1-4 EEL =    11618.0710  RESTRAINT  =       99.4578
 EAMBER  =  -192907.4571


   NSTEP       ENERGY          RMS            GMAX         NAME    NUMBER
    200      -1.9285E+05     1.5499E-01     2.1143E+01     CG       1195

 BOND    =    14166.2974  ANGLE   =      415.0813  DIHED      =     3005.6918
 VDWAALS =    33562.6435  EEL     =  -256795.8557  HBOND      =        0.0000
 1-4 VDW =     1082.0280  1-4 EEL =    11617.7457  RESTRAINT  =      100.8518
 EAMBER  =  -192946.3680


   NSTEP       ENERGY          RMS            GMAX         NAME    NUMBER
    250      -1.9288E+05     2.6152E-01     3.6628E+01     CG       1195

 BOND    =    14173.6192  ANGLE   =      414.9078  DIHED      =     3005.9923
 VDWAALS =    33589.7008  EEL     =  -256862.9778  HBOND      =        0.0000
 1-4 VDW =     1081.8439  1-4 EEL =    11617.6048  RESTRAINT  =      101.7217
 EAMBER  =  -192979.3091


   NSTEP       ENERGY          RMS            GMAX         NAME    NUMBER
    300      -1.9291E+05     3.4344E-01     5.0481E+01     CG       1195

 BOND    =    14180.7261  ANGLE   =      415.0980  DIHED      =     3006.3482
 VDWAALS =    33615.3805  EEL     =  -256927.2529  HBOND      =        0.0000
 1-4 VDW =     1081.6963  1-4 EEL =    11617.6354  RESTRAINT  =      102.0229
 EAMBER  =  -193010.3684


   NSTEP       ENERGY          RMS            GMAX         NAME    NUMBER
    350      -1.9294E+05     2.2487E-01     2.6878E+01     CG       1195

 BOND    =    14184.0762  ANGLE   =      415.9620  DIHED      =     3006.7103
 VDWAALS =    33640.5873  EEL     =  -256990.7251  HBOND      =        0.0000
 1-4 VDW =     1081.6446  1-4 EEL =    11617.5881  RESTRAINT  =      102.4724
 EAMBER  =  -193044.1566


   NSTEP       ENERGY          RMS            GMAX         NAME    NUMBER
    400      -1.9297E+05     3.1618E-01     3.9271E+01     CG       1195

 BOND    =    14190.3298  ANGLE   =      416.2073  DIHED      =     3006.9375
 VDWAALS =    33665.1678  EEL     =  -257051.7822  HBOND      =        0.0000
 1-4 VDW =     1081.5319  1-4 EEL =    11617.6341  RESTRAINT  =      102.9630
 EAMBER  =  -193073.9738


   NSTEP       ENERGY          RMS            GMAX         NAME    NUMBER
    450      -1.9300E+05     1.3304E-01     1.5186E+01     CE1      1198

 BOND    =    14195.5286  ANGLE   =      415.4899  DIHED      =     3006.9634
 VDWAALS =    33688.1357  EEL     =  -257110.5043  HBOND      =        0.0000
 1-4 VDW =     1081.4049  1-4 EEL =    11617.8414  RESTRAINT  =      102.3301
 EAMBER  =  -193105.1404


   NSTEP       ENERGY          RMS            GMAX         NAME    NUMBER
    500      -1.9303E+05     8.2177E-02     4.8252E+00     CE1      1198

 BOND    =    14200.4418  ANGLE   =      415.6831  DIHED      =     3006.8371
 VDWAALS =    33711.2560  EEL     =  -257168.6030  HBOND      =        0.0000
 1-4 VDW =     1081.3305  1-4 EEL =    11617.8479  RESTRAINT  =      102.5506
 EAMBER  =  -193135.2065


   NSTEP       ENERGY          RMS            GMAX         NAME    NUMBER
    550      -1.9306E+05     1.3482E-01     1.7020E+01     CE1      1198

 BOND    =    14205.7244  ANGLE   =      415.8522  DIHED      =     3006.6140
 VDWAALS =    33733.7193  EEL     =  -257225.2008  HBOND      =        0.0000
 1-4 VDW =     1081.2609  1-4 EEL =    11617.8318  RESTRAINT  =      102.7583
 EAMBER  =  -193164.1981


   NSTEP       ENERGY          RMS            GMAX         NAME    NUMBER
    600      -1.9309E+05     2.1552E-01     2.9894E+01     CE1      1198

 BOND    =    14211.3005  ANGLE   =      416.0706  DIHED      =     3006.3986
 VDWAALS =    33756.0342  EEL     =  -257281.5368  HBOND      =        0.0000
 1-4 VDW =     1081.2061  1-4 EEL =    11617.7811  RESTRAINT  =      102.9742
 EAMBER  =  -193192.7457


   NSTEP       ENERGY          RMS            GMAX         NAME    NUMBER
    650      -1.9312E+05     7.8755E-02     3.8745E+00     CG       1195

 BOND    =    14216.6792  ANGLE   =      415.5683  DIHED      =     3006.2294
 VDWAALS =    33777.8063  EEL     =  -257336.6136  HBOND      =        0.0000
 1-4 VDW =     1081.1688  1-4 EEL =    11617.7880  RESTRAINT  =      102.4823
 EAMBER  =  -193221.3738


   NSTEP       ENERGY          RMS            GMAX         NAME    NUMBER
    700      -1.9315E+05     1.2868E-01     1.4036E+01     CE1      1198

 BOND    =    14222.3797  ANGLE   =      415.4297  DIHED      =     3006.1493
 VDWAALS =    33799.4725  EEL     =  -257391.3366  HBOND      =        0.0000
 1-4 VDW =     1081.1488  1-4 EEL =    11617.7351  RESTRAINT  =      102.3974
 EAMBER  =  -193249.0215


   NSTEP       ENERGY          RMS            GMAX         NAME    NUMBER
    750      -1.9317E+05     3.0571E-01     4.8383E+01     CD       4056

 BOND    =    14228.7670  ANGLE   =      415.5383  DIHED      =     3006.1740
 VDWAALS =    33819.5993  EEL     =  -257443.5147  HBOND      =        0.0000
 1-4 VDW =     1081.1358  1-4 EEL =    11617.7202  RESTRAINT  =      102.2855
 EAMBER  =  -193274.5802


   NSTEP       ENERGY          RMS            GMAX         NAME    NUMBER
    800      -1.9320E+05     7.6198E-02     3.9690E+00     CE1      1198

 BOND    =    14232.0599  ANGLE   =      415.5803  DIHED      =     3006.2321
 VDWAALS =    33841.3107  EEL     =  -257497.3672  HBOND      =        0.0000
 1-4 VDW =     1081.1335  1-4 EEL =    11617.5766  RESTRAINT  =      102.5818
 EAMBER  =  -193303.4742


   NSTEP       ENERGY          RMS            GMAX         NAME    NUMBER
    850      -1.9323E+05     2.4421E-01     2.7107E+01     CE1      1198

 BOND    =    14237.7620  ANGLE   =      416.0045  DIHED      =     3006.3500
 VDWAALS =    33863.2292  EEL     =  -257552.9111  HBOND      =        0.0000
 1-4 VDW =     1081.1388  1-4 EEL =    11617.4779  RESTRAINT  =      102.9368
 EAMBER  =  -193330.9488


   NSTEP       ENERGY          RMS            GMAX         NAME    NUMBER
    900      -1.9325E+05     1.2258E-01     1.4741E+01     CE1      1198

 BOND    =    14243.0089  ANGLE   =      415.3510  DIHED      =     3006.4475
 VDWAALS =    33883.7249  EEL     =  -257603.9434  HBOND      =        0.0000
 1-4 VDW =     1081.1536  1-4 EEL =    11617.4841  RESTRAINT  =      102.3805
 EAMBER  =  -193356.7734


   NSTEP       ENERGY          RMS            GMAX         NAME    NUMBER
    950      -1.9328E+05     1.9947E-01     2.5114E+01     CE1      1198

 BOND    =    14248.5761  ANGLE   =      415.3809  DIHED      =     3006.5878
 VDWAALS =    33904.1695  EEL     =  -257655.7538  HBOND      =        0.0000
 1-4 VDW =     1081.1664  1-4 EEL =    11617.4537  RESTRAINT  =      102.2584
 EAMBER  =  -193382.4194


   NSTEP       ENERGY          RMS            GMAX         NAME    NUMBER
   1000      -1.9330E+05     2.9224E-01     4.1822E+01     CE1      1198

 BOND    =    14254.6265  ANGLE   =      415.2668  DIHED      =     3006.7213
 VDWAALS =    33923.9853  EEL     =  -257705.6607  HBOND      =        0.0000
 1-4 VDW =     1081.1814  1-4 EEL =    11617.4228  RESTRAINT  =      102.1554
 EAMBER  =  -193406.4566


   NSTEP       ENERGY          RMS            GMAX         NAME    NUMBER
   1050      -1.9333E+05     1.6986E-01     2.1914E+01     CG       1195

 BOND    =    14257.1713  ANGLE   =      415.7933  DIHED      =     3006.8656
 VDWAALS =    33943.5861  EEL     =  -257755.5799  HBOND      =        0.0000
 1-4 VDW =     1081.1777  1-4 EEL =    11617.2584  RESTRAINT  =      102.8135
 EAMBER  =  -193433.7274


   NSTEP       ENERGY          RMS            GMAX         NAME    NUMBER
   1100      -1.9335E+05     2.4803E-01     3.3236E+01     CE1      1198

 BOND    =    14262.0007  ANGLE   =      415.9494  DIHED      =     3006.9917
 VDWAALS =    33962.3938  EEL     =  -257802.9432  HBOND      =        0.0000
 1-4 VDW =     1081.1832  1-4 EEL =    11617.1837  RESTRAINT  =      103.1174
 EAMBER  =  -193457.2407


   NSTEP       ENERGY          RMS            GMAX         NAME    NUMBER
   1150      -1.9338E+05     7.5529E-02     4.4433E+00     CE1      1198

 BOND    =    14266.3178  ANGLE   =      415.4014  DIHED      =     3007.1014
 VDWAALS =    33980.2618  EEL     =  -257848.8681  HBOND      =        0.0000
 1-4 VDW =     1081.1965  1-4 EEL =    11617.2132  RESTRAINT  =      102.5084
 EAMBER  =  -193481.3760


   NSTEP       ENERGY          RMS            GMAX         NAME    NUMBER
   1200      -1.9340E+05     2.2541E-01     3.1911E+01     CD       4056

 BOND    =    14271.9579  ANGLE   =      415.3798  DIHED      =     3007.2252
 VDWAALS =    33998.5866  EEL     =  -257896.3848  HBOND      =        0.0000
 1-4 VDW =     1081.2027  1-4 EEL =    11617.2159  RESTRAINT  =      102.3217
 EAMBER  =  -193504.8167


   NSTEP       ENERGY          RMS            GMAX         NAME    NUMBER
   1250      -1.9343E+05     7.2494E-02     3.6334E+00     CE1      1198

 BOND    =    14275.1901  ANGLE   =      415.4853  DIHED      =     3007.3285
 VDWAALS =    34016.6013  EEL     =  -257942.0540  HBOND      =        0.0000
 1-4 VDW =     1081.2049  1-4 EEL =    11617.1099  RESTRAINT  =      102.6324
 EAMBER  =  -193529.1339


   NSTEP       ENERGY          RMS            GMAX         NAME    NUMBER
   1300      -1.9345E+05     1.8591E-01     2.3814E+01     CE1      1198

 BOND    =    14279.7381  ANGLE   =      415.7490  DIHED      =     3007.4341
 VDWAALS =    34034.6518  EEL     =  -257988.5830  HBOND      =        0.0000
 1-4 VDW =     1081.2038  1-4 EEL =    11617.0268  RESTRAINT  =      103.0174
 EAMBER  =  -193552.7794


   NSTEP       ENERGY          RMS            GMAX         NAME    NUMBER
   1350      -1.9347E+05     2.8458E-01     4.1314E+01     CD       4056

 BOND    =    14284.5091  ANGLE   =      416.0398  DIHED      =     3007.5525
 VDWAALS =    34051.1904  EEL     =  -258032.7956  HBOND      =        0.0000
 1-4 VDW =     1081.1991  1-4 EEL =    11617.0037  RESTRAINT  =      103.0591
 EAMBER  =  -193575.3010


   NSTEP       ENERGY          RMS            GMAX         NAME    NUMBER
   1400      -1.9350E+05     1.2095E-01     1.3768E+01     CE1      1198

 BOND    =    14289.1277  ANGLE   =      415.2958  DIHED      =     3007.6207
 VDWAALS =    34069.2085  EEL     =  -258079.1197  HBOND      =        0.0000
 1-4 VDW =     1081.2206  1-4 EEL =    11617.0149  RESTRAINT  =      102.4244
 EAMBER  =  -193599.6314


   NSTEP       ENERGY          RMS            GMAX         NAME    NUMBER
   1450      -1.9352E+05     7.1373E-02     3.6632E+00     CE1      1198

 BOND    =    14292.8042  ANGLE   =      415.4786  DIHED      =     3007.7117
 VDWAALS =    34085.8948  EEL     =  -258122.8504  HBOND      =        0.0000
 1-4 VDW =     1081.2152  1-4 EEL =    11616.9477  RESTRAINT  =      102.6604
 EAMBER  =  -193622.7983


   NSTEP       ENERGY          RMS            GMAX         NAME    NUMBER
   1500      -1.9354E+05     1.1958E-01     1.4277E+01     CE1      1198

 BOND    =    14297.0550  ANGLE   =      415.6136  DIHED      =     3007.7979
 VDWAALS =    34102.9642  EEL     =  -258167.1696  HBOND      =        0.0000
 1-4 VDW =     1081.2119  1-4 EEL =    11616.8933  RESTRAINT  =      102.8511
 EAMBER  =  -193645.6337


   NSTEP       ENERGY          RMS            GMAX         NAME    NUMBER
   1550      -1.9356E+05     1.8791E-01     2.4723E+01     CE1      1198

 BOND    =    14301.4317  ANGLE   =      415.8024  DIHED      =     3007.8807
 VDWAALS =    34119.7359  EEL     =  -258210.2142  HBOND      =        0.0000
 1-4 VDW =     1081.2086  1-4 EEL =    11616.8406  RESTRAINT  =      103.0317
 EAMBER  =  -193667.3143


   NSTEP       ENERGY          RMS            GMAX         NAME    NUMBER
   1600      -1.9359E+05     2.7511E-01     3.7632E+01     CE1      1198

 BOND    =    14306.1182  ANGLE   =      415.9635  DIHED      =     3007.9535
 VDWAALS =    34136.9312  EEL     =  -258253.4786  HBOND      =        0.0000
 1-4 VDW =     1081.2090  1-4 EEL =    11616.7747  RESTRAINT  =      103.3530
 EAMBER  =  -193688.5287


   NSTEP       ENERGY          RMS            GMAX         NAME    NUMBER
   1650      -1.9361E+05     1.2379E-01     1.3664E+01     CE1      1198

 BOND    =    14310.6561  ANGLE   =      415.3230  DIHED      =     3008.0154
 VDWAALS =    34153.7328  EEL     =  -258296.3889  HBOND      =        0.0000
 1-4 VDW =     1081.2198  1-4 EEL =    11616.8426  RESTRAINT  =      102.4292
 EAMBER  =  -193710.5992


   NSTEP       ENERGY          RMS            GMAX         NAME    NUMBER
   1700      -1.9363E+05     2.2871E-01     2.9866E+01     CE1      1198

 BOND    =    14316.1273  ANGLE   =      415.1844  DIHED      =     3008.0819
 VDWAALS =    34171.5412  EEL     =  -258340.2906  HBOND      =        0.0000
 1-4 VDW =     1081.2283  1-4 EEL =    11616.8314  RESTRAINT  =      102.2945
 EAMBER  =  -193731.2960


   NSTEP       ENERGY          RMS            GMAX         NAME    NUMBER
   1750      -1.9365E+05     1.0434E-01     1.0261E+01     CE1      1198

 BOND    =    14318.8229  ANGLE   =      415.5254  DIHED      =     3008.1490
 VDWAALS =    34189.3750  EEL     =  -258384.1434  HBOND      =        0.0000
 1-4 VDW =     1081.2113  1-4 EEL =    11616.7267  RESTRAINT  =      102.8058
 EAMBER  =  -193754.3332


   NSTEP       ENERGY          RMS            GMAX         NAME    NUMBER
   1800      -1.9367E+05     2.1082E-01     2.2617E+01     CE1      1198

 BOND    =    14323.1725  ANGLE   =      415.7765  DIHED      =     3008.2219
 VDWAALS =    34206.2143  EEL     =  -258425.6268  HBOND      =        0.0000
 1-4 VDW =     1081.2028  1-4 EEL =    11616.6872  RESTRAINT  =      103.0212
 EAMBER  =  -193774.3515


   NSTEP       ENERGY          RMS            GMAX         NAME    NUMBER
   1850      -1.9369E+05     6.4815E-02     2.1185E+00     CE1      1198

 BOND    =    14327.4122  ANGLE   =      415.3641  DIHED      =     3008.2699
 VDWAALS =    34224.0565  EEL     =  -258468.3774  HBOND      =        0.0000
 1-4 VDW =     1081.2135  1-4 EEL =    11616.6905  RESTRAINT  =      102.6325
 EAMBER  =  -193795.3706


   NSTEP       ENERGY          RMS            GMAX         NAME    NUMBER
   1900      -1.9371E+05     1.9712E-01     2.2777E+01     CD       4056

 BOND    =    14332.8175  ANGLE   =      415.2286  DIHED      =     3008.3231
 VDWAALS =    34242.9437  EEL     =  -258513.2150  HBOND      =        0.0000
 1-4 VDW =     1081.2178  1-4 EEL =    11616.6798  RESTRAINT  =      102.5004
 EAMBER  =  -193816.0044


   NSTEP       ENERGY          RMS            GMAX         NAME    NUMBER
   1950      -1.9373E+05     7.7396E-02     5.2037E+00     CE1      1198

 BOND    =    14335.8074  ANGLE   =      415.4284  DIHED      =     3008.3839
 VDWAALS =    34259.7537  EEL     =  -258553.6214  HBOND      =        0.0000
 1-4 VDW =     1081.2079  1-4 EEL =    11616.6165  RESTRAINT  =      102.7619
 EAMBER  =  -193836.4236


   NSTEP       ENERGY          RMS            GMAX         NAME    NUMBER
   2000      -1.9375E+05     1.4723E-01     1.5359E+01     CE1      1198

 BOND    =    14340.0126  ANGLE   =      415.5558  DIHED      =     3008.4423
 VDWAALS =    34277.2109  EEL     =  -258594.9411  HBOND      =        0.0000
 1-4 VDW =     1081.2021  1-4 EEL =    11616.5694  RESTRAINT  =      102.9467
 EAMBER  =  -193855.9482


   NSTEP       ENERGY          RMS            GMAX         NAME    NUMBER
   2050      -1.9377E+05     6.7390E-02     3.1021E+00     CE1      1198

 BOND    =    14344.1375  ANGLE   =      415.3159  DIHED      =     3008.4917
 VDWAALS =    34294.2235  EEL     =  -258635.3679  HBOND      =        0.0000
 1-4 VDW =     1081.2098  1-4 EEL =    11616.5785  RESTRAINT  =      102.6624
 EAMBER  =  -193875.4110


   NSTEP       ENERGY          RMS            GMAX         NAME    NUMBER
   2100      -1.9379E+05     1.1860E-01     1.1209E+01     CE1      1198

 BOND    =    14348.5301  ANGLE   =      415.2355  DIHED      =     3008.5435
 VDWAALS =    34311.1074  EEL     =  -258675.6460  HBOND      =        0.0000
 1-4 VDW =     1081.2122  1-4 EEL =    11616.5670  RESTRAINT  =      102.5696
 EAMBER  =  -193894.4503


   NSTEP       ENERGY          RMS            GMAX         NAME    NUMBER
   2150      -1.9381E+05     2.0630E-01     1.9809E+01     CE1      1198

 BOND    =    14353.3020  ANGLE   =      415.1278  DIHED      =     3008.5886
 VDWAALS =    34327.8302  EEL     =  -258715.4843  HBOND      =        0.0000
 1-4 VDW =     1081.2165  1-4 EEL =    11616.5447  RESTRAINT  =      102.5195
 EAMBER  =  -193912.8745


   NSTEP       ENERGY          RMS            GMAX         NAME    NUMBER
   2200      -1.9383E+05     8.7220E-02     6.7758E+00     CE1      1198

 BOND    =    14355.9223  ANGLE   =      415.4041  DIHED      =     3008.6461
 VDWAALS =    34343.7433  EEL     =  -258754.6572  HBOND      =        0.0000
 1-4 VDW =     1081.2038  1-4 EEL =    11616.4760  RESTRAINT  =      102.8399
 EAMBER  =  -193933.2616


   NSTEP       ENERGY          RMS            GMAX         NAME    NUMBER
   2250      -1.9385E+05     1.6991E-01     1.8042E+01     CD       4056

 BOND    =    14360.2125  ANGLE   =      415.4627  DIHED      =     3008.6918
 VDWAALS =    34360.0954  EEL     =  -258794.7639  HBOND      =        0.0000
 1-4 VDW =     1081.2014  1-4 EEL =    11616.4270  RESTRAINT  =      102.9932
 EAMBER  =  -193952.6731


   NSTEP       ENERGY          RMS            GMAX         NAME    NUMBER
   2300      -1.9387E+05     7.1473E-02     3.8965E+00     CG       1195

 BOND    =    14363.8473  ANGLE   =      415.2574  DIHED      =     3008.7386
 VDWAALS =    34374.8893  EEL     =  -258832.1323  HBOND      =        0.0000
 1-4 VDW =     1081.2073  1-4 EEL =    11616.4457  RESTRAINT  =      102.7178
 EAMBER  =  -193971.7467


   NSTEP       ENERGY          RMS            GMAX         NAME    NUMBER
   2350      -1.9389E+05     9.8422E-02     8.4450E+00     CE1      1198

 BOND    =    14367.7910  ANGLE   =      415.2224  DIHED      =     3008.7830
 VDWAALS =    34389.7004  EEL     =  -258869.7068  HBOND      =        0.0000
 1-4 VDW =     1081.2084  1-4 EEL =    11616.4317  RESTRAINT  =      102.6570
 EAMBER  =  -193990.5699


   NSTEP       ENERGY          RMS            GMAX         NAME    NUMBER
   2400      -1.9391E+05     2.0025E-01     1.8911E+01     CD       4056

 BOND    =    14372.2845  ANGLE   =      415.1835  DIHED      =     3008.8314
 VDWAALS =    34404.1507  EEL     =  -258907.1951  HBOND      =        0.0000
 1-4 VDW =     1081.2117  1-4 EEL =    11616.4328  RESTRAINT  =      102.5384
 EAMBER  =  -194009.1006


   NSTEP       ENERGY          RMS            GMAX         NAME    NUMBER
   2450      -1.9393E+05     8.7010E-02     6.7243E+00     CE1      1198

 BOND    =    14374.8396  ANGLE   =      415.3602  DIHED      =     3008.8685
 VDWAALS =    34418.7064  EEL     =  -258944.4401  HBOND      =        0.0000
 1-4 VDW =     1081.2041  1-4 EEL =    11616.3524  RESTRAINT  =      102.8997
 EAMBER  =  -194029.1090


   NSTEP       ENERGY          RMS            GMAX         NAME    NUMBER
   2500      -1.9395E+05     1.8021E-01     1.6669E+01     CE1      1198

 BOND    =    14378.8254  ANGLE   =      415.4606  DIHED      =     3008.9068
 VDWAALS =    34433.2892  EEL     =  -258982.3254  HBOND      =        0.0000
 1-4 VDW =     1081.2022  1-4 EEL =    11616.3054  RESTRAINT  =      103.1145
 EAMBER  =  -194048.3358


   NSTEP       ENERGY          RMS            GMAX         NAME    NUMBER
   2550      -1.9396E+05     2.7268E-01     4.0710E+01     CD       4056

 BOND    =    14382.7940  ANGLE   =      415.6800  DIHED      =     3008.9622
 VDWAALS =    34446.5983  EEL     =  -259018.4336  HBOND      =        0.0000
 1-4 VDW =     1081.1979  1-4 EEL =    11616.3085  RESTRAINT  =      103.1760
 EAMBER  =  -194066.8926


   NSTEP       ENERGY          RMS            GMAX         NAME    NUMBER
   2600      -1.9398E+05     1.0798E-01     9.8911E+00     CE1      1198

 BOND    =    14386.4008  ANGLE   =      415.1708  DIHED      =     3008.9827
 VDWAALS =    34461.2777  EEL     =  -259056.3306  HBOND      =        0.0000
 1-4 VDW =     1081.2134  1-4 EEL =    11616.3229  RESTRAINT  =      102.6876
 EAMBER  =  -194086.9622


   NSTEP       ENERGY          RMS            GMAX         NAME    NUMBER
   2650      -1.9400E+05     2.0322E-01     2.0131E+01     CD       4056

 BOND    =    14390.8117  ANGLE   =      415.1284  DIHED      =     3009.0222
 VDWAALS =    34475.3717  EEL     =  -259093.3165  HBOND      =        0.0000
 1-4 VDW =     1081.2168  1-4 EEL =    11616.3274  RESTRAINT  =      102.6008
 EAMBER  =  -194105.4383


   NSTEP       ENERGY          RMS            GMAX         NAME    NUMBER
   2700      -1.9402E+05     1.0932E-01     1.0678E+01     CE1      1198

 BOND    =    14393.2450  ANGLE   =      415.3830  DIHED      =     3009.0524
 VDWAALS =    34490.0182  EEL     =  -259130.8216  HBOND      =        0.0000
 1-4 VDW =     1081.2089  1-4 EEL =    11616.2500  RESTRAINT  =      103.0139
 EAMBER  =  -194125.6642


   NSTEP       ENERGY          RMS            GMAX         NAME    NUMBER
   2750      -1.9404E+05     1.7739E-01     1.8607E+01     CE1      1198

 BOND    =    14397.0939  ANGLE   =      415.4414  DIHED      =     3009.0819
 VDWAALS =    34504.7738  EEL     =  -259168.3544  HBOND      =        0.0000
 1-4 VDW =     1081.2101  1-4 EEL =    11616.2102  RESTRAINT  =      103.2075
 EAMBER  =  -194144.5431


   NSTEP       ENERGY          RMS            GMAX         NAME    NUMBER
   2800      -1.9406E+05     2.6627E-01     3.0407E+01     CD       4056

 BOND    =    14401.1603  ANGLE   =      415.5359  DIHED      =     3009.1119
 VDWAALS =    34519.5167  EEL     =  -259205.7539  HBOND      =        0.0000
 1-4 VDW =     1081.2116  1-4 EEL =    11616.1726  RESTRAINT  =      103.4526
 EAMBER  =  -194163.0450


   NSTEP       ENERGY          RMS            GMAX         NAME    NUMBER
   2850      -1.9408E+05     1.1317E-01     1.1085E+01     CE1      1198

 BOND    =    14404.7865  ANGLE   =      415.1545  DIHED      =     3009.1458
 VDWAALS =    34533.6799  EEL     =  -259242.7225  HBOND      =        0.0000
 1-4 VDW =     1081.2224  1-4 EEL =    11616.2389  RESTRAINT  =      102.6920
 EAMBER  =  -194182.4945


   NSTEP       ENERGY          RMS            GMAX         NAME    NUMBER
   2900      -1.9410E+05     6.7428E-02     3.7584E+00     CE1      1198

 BOND    =    14407.8047  ANGLE   =      415.2663  DIHED      =     3009.1730
 VDWAALS =    34548.7794  EEL     =  -259280.2080  HBOND      =        0.0000
 1-4 VDW =     1081.2208  1-4 EEL =    11616.1952  RESTRAINT  =      102.9256
 EAMBER  =  -194201.7686


   NSTEP       ENERGY          RMS            GMAX         NAME    NUMBER
   2950      -1.9412E+05     6.2603E-02     2.2714E+00     CE1      1198

 BOND    =    14411.3408  ANGLE   =      415.2525  DIHED      =     3009.2012
 VDWAALS =    34563.9701  EEL     =  -259317.6672  HBOND      =        0.0000
 1-4 VDW =     1081.2245  1-4 EEL =    11616.1817  RESTRAINT  =      102.8862
 EAMBER  =  -194220.4964


   NSTEP       ENERGY          RMS            GMAX         NAME    NUMBER
   3000      -1.9414E+05     1.8671E-01     2.1613E+01     CE1      1198

 BOND    =    14414.8295  ANGLE   =      415.5392  DIHED      =     3009.2306
 VDWAALS =    34579.5998  EEL     =  -259355.5852  HBOND      =        0.0000
 1-4 VDW =     1081.2216  1-4 EEL =    11616.1376  RESTRAINT  =      103.2140
 EAMBER  =  -194239.0270


   NSTEP       ENERGY          RMS            GMAX         NAME    NUMBER
   3050      -1.9415E+05     6.5226E-02     3.4459E+00     CE1      1198

 BOND    =    14418.4949  ANGLE   =      415.2044  DIHED      =     3009.2460
 VDWAALS =    34594.6425  EEL     =  -259392.0988  HBOND      =        0.0000
 1-4 VDW =     1081.2331  1-4 EEL =    11616.1554  RESTRAINT  =      102.7634
 EAMBER  =  -194257.1225


   NSTEP       ENERGY          RMS            GMAX         NAME    NUMBER
   3100      -1.9417E+05     1.7914E-01     2.0120E+01     CD       4056

 BOND    =    14422.9536  ANGLE   =      415.0641  DIHED      =     3009.2612
 VDWAALS =    34609.9655  EEL     =  -259429.3189  HBOND      =        0.0000
 1-4 VDW =     1081.2416  1-4 EEL =    11616.1473  RESTRAINT  =      102.6092
 EAMBER  =  -194274.6856


   NSTEP       ENERGY          RMS            GMAX         NAME    NUMBER
   3150      -1.9419E+05     2.6097E-01     3.8634E+01     CD       4056

 BOND    =    14426.8127  ANGLE   =      415.2170  DIHED      =     3009.3005
 VDWAALS =    34623.4224  EEL     =  -259463.5075  HBOND      =        0.0000
 1-4 VDW =     1081.2367  1-4 EEL =    11616.1662  RESTRAINT  =      102.5060
 EAMBER  =  -194291.3521


   NSTEP       ENERGY          RMS            GMAX         NAME    NUMBER
   3200      -1.9421E+05     1.0801E-01     1.1452E+01     CE1      1198

 BOND    =    14428.4022  ANGLE   =      415.4032  DIHED      =     3009.3095
 VDWAALS =    34638.0549  EEL     =  -259498.8187  HBOND      =        0.0000
 1-4 VDW =     1081.2330  1-4 EEL =    11616.0725  RESTRAINT  =      102.9388
 EAMBER  =  -194310.3434


   NSTEP       ENERGY          RMS            GMAX         NAME    NUMBER
   3250      -1.9422E+05     1.9591E-01     2.2858E+01     CE1      1198

 BOND    =    14431.9343  ANGLE   =      415.5753  DIHED      =     3009.3327
 VDWAALS =    34652.0208  EEL     =  -259533.3794  HBOND      =        0.0000
 1-4 VDW =     1081.2313  1-4 EEL =    11616.0353  RESTRAINT  =      103.1279
 EAMBER  =  -194327.2498


   NSTEP       ENERGY          RMS            GMAX         NAME    NUMBER
   3300      -1.9424E+05     6.2662E-02     2.7192E+00     CE1      1198

 BOND    =    14435.4522  ANGLE   =      415.2272  DIHED      =     3009.3482
 VDWAALS =    34665.7195  EEL     =  -259567.6526  HBOND      =        0.0000
 1-4 VDW =     1081.2351  1-4 EEL =    11616.0578  RESTRAINT  =      102.6889
 EAMBER  =  -194344.6125


   NSTEP       ENERGY          RMS            GMAX         NAME    NUMBER
   3350      -1.9426E+05     1.6556E-01     1.6749E+01     CE1      1198

 BOND    =    14439.6158  ANGLE   =      415.0935  DIHED      =     3009.3648
 VDWAALS =    34679.2055  EEL     =  -259601.2154  HBOND      =        0.0000
 1-4 VDW =     1081.2396  1-4 EEL =    11616.0639  RESTRAINT  =      102.5180
 EAMBER  =  -194360.6323


   NSTEP       ENERGY          RMS            GMAX         NAME    NUMBER
   3400      -1.9427E+05     8.3829E-02     6.7184E+00     CE1      1198

 BOND    =    14441.6528  ANGLE   =      415.3426  DIHED      =     3009.3841
 VDWAALS =    34692.2319  EEL     =  -259633.1240  HBOND      =        0.0000
 1-4 VDW =     1081.2323  1-4 EEL =    11616.0076  RESTRAINT  =      102.8022
 EAMBER  =  -194377.2727


   NSTEP       ENERGY          RMS            GMAX         NAME    NUMBER
   3450      -1.9429E+05     1.4439E-01     1.4350E+01     CE1      1198

 BOND    =    14444.8204  ANGLE   =      415.4541  DIHED      =     3009.4062
 VDWAALS =    34705.2571  EEL     =  -259665.0221  HBOND      =        0.0000
 1-4 VDW =     1081.2245  1-4 EEL =    11615.9827  RESTRAINT  =      102.9168
 EAMBER  =  -194392.8771


   NSTEP       ENERGY          RMS            GMAX         NAME    NUMBER
   3500      -1.9431E+05     6.5796E-02     4.1141E+00     CG       1195

 BOND    =    14448.1116  ANGLE   =      415.2116  DIHED      =     3009.4196
 VDWAALS =    34718.1107  EEL     =  -259696.5005  HBOND      =        0.0000
 1-4 VDW =     1081.2365  1-4 EEL =    11615.9933  RESTRAINT  =      102.6423
 EAMBER  =  -194408.4172


   NSTEP       ENERGY          RMS            GMAX         NAME    NUMBER
   3550      -1.9432E+05     7.6816E-02     5.5534E+00     CE1      1198

 BOND    =    14451.2886  ANGLE   =      415.1926  DIHED      =     3009.4385
 VDWAALS =    34731.1174  EEL     =  -259728.1686  HBOND      =        0.0000
 1-4 VDW =     1081.2353  1-4 EEL =    11615.9824  RESTRAINT  =      102.6214
 EAMBER  =  -194423.9137


   NSTEP       ENERGY          RMS            GMAX         NAME    NUMBER
   3600      -1.9434E+05     1.7258E-01     1.6503E+01     CE1      1198

 BOND    =    14455.1524  ANGLE   =      415.1036  DIHED      =     3009.4581
 VDWAALS =    34744.3941  EEL     =  -259760.3279  HBOND      =        0.0000
 1-4 VDW =     1081.2549  1-4 EEL =    11615.9875  RESTRAINT  =      102.5075
 EAMBER  =  -194438.9773


   NSTEP       ENERGY          RMS            GMAX         NAME    NUMBER
   3650      -1.9435E+05     9.5277E-02     8.5460E+00     CE1      1198

 BOND    =    14457.0118  ANGLE   =      415.3611  DIHED      =     3009.4772
 VDWAALS =    34756.7566  EEL     =  -259790.3671  HBOND      =        0.0000
 1-4 VDW =     1081.2351  1-4 EEL =    11615.9308  RESTRAINT  =      102.8153
 EAMBER  =  -194454.5944


   NSTEP       ENERGY          RMS            GMAX         NAME    NUMBER
   3700      -1.9437E+05     1.6287E-01     1.6453E+01     CE1      1198

 BOND    =    14460.1016  ANGLE   =      415.4845  DIHED      =     3009.4963
 VDWAALS =    34769.4757  EEL     =  -259821.2859  HBOND      =        0.0000
 1-4 VDW =     1081.2390  1-4 EEL =    11615.9020  RESTRAINT  =      102.9504
 EAMBER  =  -194469.5869


   NSTEP       ENERGY          RMS            GMAX         NAME    NUMBER
   3750      -1.9438E+05     6.5846E-02     4.1117E+00     CE1      1198

 BOND    =    14463.2578  ANGLE   =      415.2115  DIHED      =     3009.5134
 VDWAALS =    34781.6531  EEL     =  -259851.1555  HBOND      =        0.0000
 1-4 VDW =     1081.2404  1-4 EEL =    11615.9234  RESTRAINT  =      102.6311
 EAMBER  =  -194484.3559


   NSTEP       ENERGY          RMS            GMAX         NAME    NUMBER
   3800      -1.9440E+05     8.0339E-02     6.0539E+00     CG       3141

 BOND    =    14466.4137  ANGLE   =      415.1864  DIHED      =     3009.5338
 VDWAALS =    34794.2704  EEL     =  -259882.1156  HBOND      =        0.0000
 1-4 VDW =     1081.2366  1-4 EEL =    11615.9142  RESTRAINT  =      102.6123
 EAMBER  =  -194499.5606


   NSTEP       ENERGY          RMS            GMAX         NAME    NUMBER
   3850      -1.9441E+05     1.9277E-01     1.7969E+01     CE1      1198

 BOND    =    14470.3458  ANGLE   =      415.0690  DIHED      =     3009.5561
 VDWAALS =    34806.3123  EEL     =  -259911.9632  HBOND      =        0.0000
 1-4 VDW =     1081.2321  1-4 EEL =    11615.9259  RESTRAINT  =      102.4735
 EAMBER  =  -194513.5219


   NSTEP       ENERGY          RMS            GMAX         NAME    NUMBER
   3900      -1.9443E+05     8.0019E-02     6.2429E+00     CG       3141

 BOND    =    14471.8802  ANGLE   =      415.3230  DIHED      =     3009.5718
 VDWAALS =    34818.4631  EEL     =  -259941.6200  HBOND      =        0.0000
 1-4 VDW =     1081.2421  1-4 EEL =    11615.8699  RESTRAINT  =      102.7811
 EAMBER  =  -194529.2699


   NSTEP       ENERGY          RMS            GMAX         NAME    NUMBER
   3950      -1.9444E+05     1.6042E-01     1.5609E+01     CE1      1198

 BOND    =    14474.9040  ANGLE   =      415.4290  DIHED      =     3009.5976
 VDWAALS =    34830.5163  EEL     =  -259971.2967  HBOND      =        0.0000
 1-4 VDW =     1081.2276  1-4 EEL =    11615.8458  RESTRAINT  =      102.9616
 EAMBER  =  -194543.7765


   NSTEP       ENERGY          RMS            GMAX         NAME    NUMBER
   4000      -1.9446E+05     7.9002E-02     5.9683E+00     CE1      1198

 BOND    =    14478.0676  ANGLE   =      415.1845  DIHED      =     3009.6134
 VDWAALS =    34842.5709  EEL     =  -260001.1133  HBOND      =        0.0000
 1-4 VDW =     1081.2419  1-4 EEL =    11615.8642  RESTRAINT  =      102.6131
 EAMBER  =  -194558.5710


   NSTEP       ENERGY          RMS            GMAX         NAME    NUMBER
   4050      -1.9447E+05     8.3336E-02     5.9994E+00     CE1      1198

 BOND    =    14481.0105  ANGLE   =      415.1647  DIHED      =     3009.6357
 VDWAALS =    34854.6698  EEL     =  -260031.0274  HBOND      =        0.0000
 1-4 VDW =     1081.2391  1-4 EEL =    11615.8508  RESTRAINT  =      102.6177
 EAMBER  =  -194573.4568


   NSTEP       ENERGY          RMS            GMAX         NAME    NUMBER
   4100      -1.9448E+05     1.9884E-01     1.8894E+01     CE1      1198

 BOND    =    14484.8165  ANGLE   =      415.1103  DIHED      =     3009.6578
 VDWAALS =    34866.2677  EEL     =  -260059.9526  HBOND      =        0.0000
 1-4 VDW =     1081.2505  1-4 EEL =    11615.8544  RESTRAINT  =      102.4389
 EAMBER  =  -194586.9953


   NSTEP       ENERGY          RMS            GMAX         NAME    NUMBER
   4150      -1.9450E+05     9.0338E-02     6.9797E+00     CE1      1198

 BOND    =    14486.1178  ANGLE   =      415.3302  DIHED      =     3009.6800
 VDWAALS =    34877.6585  EEL     =  -260088.1315  HBOND      =        0.0000
 1-4 VDW =     1081.2398  1-4 EEL =    11615.8009  RESTRAINT  =      102.8174
 EAMBER  =  -194602.3043


   NSTEP       ENERGY          RMS            GMAX         NAME    NUMBER
   4200      -1.9451E+05     1.6694E-01     1.6368E+01     CG       3141

 BOND    =    14489.0121  ANGLE   =      415.3915  DIHED      =     3009.7078
 VDWAALS =    34888.8384  EEL     =  -260116.2210  HBOND      =        0.0000
 1-4 VDW =     1081.2242  1-4 EEL =    11615.7784  RESTRAINT  =      102.9717
 EAMBER  =  -194616.2686


   NSTEP       ENERGY          RMS            GMAX         NAME    NUMBER
   4250      -1.9453E+05     5.5629E-02     1.8859E+00     CE1      1198

 BOND    =    14491.6625  ANGLE   =      415.2070  DIHED      =     3009.7273
 VDWAALS =    34899.5597  EEL     =  -260143.6347  HBOND      =        0.0000
 1-4 VDW =     1081.2393  1-4 EEL =    11615.7842  RESTRAINT  =      102.6923
 EAMBER  =  -194630.4547


   NSTEP       ENERGY          RMS            GMAX         NAME    NUMBER
   4300      -1.9454E+05     1.4821E-01     1.4401E+01     CG       3141

 BOND    =    14494.8954  ANGLE   =      415.1689  DIHED      =     3009.7489
 VDWAALS =    34910.2786  EEL     =  -260171.3334  HBOND      =        0.0000
 1-4 VDW =     1081.2517  1-4 EEL =    11615.7765  RESTRAINT  =      102.5609
 EAMBER  =  -194644.2135


   NSTEP       ENERGY          RMS            GMAX         NAME    NUMBER
   4350      -1.9455E+05     2.1450E-01     2.1084E+01     CG       3141

 BOND    =    14498.3126  ANGLE   =      415.0204  DIHED      =     3009.7797
 VDWAALS =    34920.5892  EEL     =  -260198.1100  HBOND      =        0.0000
 1-4 VDW =     1081.2320  1-4 EEL =    11615.7766  RESTRAINT  =      102.5190
 EAMBER  =  -194657.3994


   NSTEP       ENERGY          RMS            GMAX         NAME    NUMBER
   4400      -1.9457E+05     7.5296E-02     5.2345E+00     CG       3141

 BOND    =    14499.2459  ANGLE   =      415.2681  DIHED      =     3009.8034
 VDWAALS =    34930.7706  EEL     =  -260224.5190  HBOND      =        0.0000
 1-4 VDW =     1081.2325  1-4 EEL =    11615.7185  RESTRAINT  =      102.8110
 EAMBER  =  -194672.4799


   NSTEP       ENERGY          RMS            GMAX         NAME    NUMBER
   4450      -1.9458E+05     1.8071E-01     1.5949E+01     CE1      1198

 BOND    =    14501.8916  ANGLE   =      415.4407  DIHED      =     3009.8341
 VDWAALS =    34940.9241  EEL     =  -260250.9796  HBOND      =        0.0000
 1-4 VDW =     1081.2347  1-4 EEL =    11615.6782  RESTRAINT  =      103.0040
 EAMBER  =  -194685.9762


   NSTEP       ENERGY          RMS            GMAX         NAME    NUMBER
   4500      -1.9460E+05     7.6054E-02     6.7854E+00     CG       3141

 BOND    =    14504.5299  ANGLE   =      415.1852  DIHED      =     3009.8596
 VDWAALS =    34950.9637  EEL     =  -260277.3437  HBOND      =        0.0000
 1-4 VDW =     1081.2420  1-4 EEL =    11615.6859  RESTRAINT  =      102.6888
 EAMBER  =  -194699.8773


   NSTEP       ENERGY          RMS            GMAX         NAME    NUMBER
   4550      -1.9461E+05     1.7959E-01     2.5932E+01     CG       3141

 BOND    =    14507.6969  ANGLE   =      415.1690  DIHED      =     3009.8897
 VDWAALS =    34960.8808  EEL     =  -260303.1290  HBOND      =        0.0000
 1-4 VDW =     1081.2546  1-4 EEL =    11615.6736  RESTRAINT  =      102.5820
 EAMBER  =  -194712.5644


   NSTEP       ENERGY          RMS            GMAX         NAME    NUMBER
   4600      -1.9462E+05     5.6059E-02     2.1644E+00     CE1      1198

 BOND    =    14509.1612  ANGLE   =      415.2435  DIHED      =     3009.9230
 VDWAALS =    34970.6745  EEL     =  -260328.4702  HBOND      =        0.0000
 1-4 VDW =     1081.2342  1-4 EEL =    11615.6256  RESTRAINT  =      102.8052
 EAMBER  =  -194726.6082


   NSTEP       ENERGY          RMS            GMAX         NAME    NUMBER
   4650      -1.9464E+05     1.3913E-01     1.1840E+01     CE1      1198

 BOND    =    14511.6818  ANGLE   =      415.3488  DIHED      =     3009.9594
 VDWAALS =    34980.9018  EEL     =  -260354.7458  HBOND      =        0.0000
 1-4 VDW =     1081.2252  1-4 EEL =    11615.5821  RESTRAINT  =      102.9808
 EAMBER  =  -194740.0466


   NSTEP       ENERGY          RMS            GMAX         NAME    NUMBER
   4700      -1.9465E+05     1.9583E-01     2.0829E+01     CG       3141

 BOND    =    14514.3980  ANGLE   =      415.4032  DIHED      =     3009.9986
 VDWAALS =    34991.0905  EEL     =  -260380.6136  HBOND      =        0.0000
 1-4 VDW =     1081.2160  1-4 EEL =    11615.5445  RESTRAINT  =      103.0806
 EAMBER  =  -194752.9629


   NSTEP       ENERGY          RMS            GMAX         NAME    NUMBER
   4750      -1.9466E+05     8.3649E-02     5.7193E+00     H2       4934

 BOND    =    14517.0401  ANGLE   =      415.1612  DIHED      =     3010.0333
 VDWAALS =    35001.5464  EEL     =  -260407.2775  HBOND      =        0.0000
 1-4 VDW =     1081.2340  1-4 EEL =    11615.5431  RESTRAINT  =      102.7270
 EAMBER  =  -194766.7194


   NSTEP       ENERGY          RMS            GMAX         NAME    NUMBER
   4800      -1.9468E+05     1.9645E-01     3.0512E+01     CG       3141

 BOND    =    14520.5619  ANGLE   =      415.0488  DIHED      =     3010.0759
 VDWAALS =    35012.2912  EEL     =  -260434.0353  HBOND      =        0.0000
 1-4 VDW =     1081.2176  1-4 EEL =    11615.5197  RESTRAINT  =      102.7005
 EAMBER  =  -194779.3202


   NSTEP       ENERGY          RMS            GMAX         NAME    NUMBER
   4850      -1.9469E+05     8.6366E-02     5.9311E+00     H2       4934

 BOND    =    14521.6967  ANGLE   =      415.2986  DIHED      =     3010.1171
 VDWAALS =    35022.6544  EEL     =  -260459.3100  HBOND      =        0.0000
 1-4 VDW =     1081.2301  1-4 EEL =    11615.4532  RESTRAINT  =      102.9266
 EAMBER  =  -194792.8600


   NSTEP       ENERGY          RMS            GMAX         NAME    NUMBER
   4900      -1.9470E+05     1.4974E-01     1.1985E+01     H2       4934

 BOND    =    14524.4511  ANGLE   =      415.3631  DIHED      =     3010.1631
 VDWAALS =    35033.6286  EEL     =  -260485.8692  HBOND      =        0.0000
 1-4 VDW =     1081.2261  1-4 EEL =    11615.4097  RESTRAINT  =      103.0278
 EAMBER  =  -194805.6275


   NSTEP       ENERGY          RMS            GMAX         NAME    NUMBER
   4950      -1.9472E+05     6.4808E-02     3.5608E+00     H2       4934

 BOND    =    14527.1227  ANGLE   =      415.1968  DIHED      =     3010.2060
 VDWAALS =    35044.2353  EEL     =  -260511.5391  HBOND      =        0.0000
 1-4 VDW =     1081.2280  1-4 EEL =    11615.3883  RESTRAINT  =      102.8410
 EAMBER  =  -194818.1619


   NSTEP       ENERGY          RMS            GMAX         NAME    NUMBER
   5000      -1.9473E+05     1.2146E-01     9.3220E+00     H2       4934

 BOND    =    14530.0641  ANGLE   =      415.1410  DIHED      =     3010.2506
 VDWAALS =    35054.7519  EEL     =  -260536.9214  HBOND      =        0.0000
 1-4 VDW =     1081.2251  1-4 EEL =    11615.3575  RESTRAINT  =      102.8013
 EAMBER  =  -194830.1312


   NSTEP       ENERGY          RMS            GMAX         NAME    NUMBER
   5050      -1.9474E+05     5.4881E-02     2.2851E+00     H2       4934

 BOND    =    14531.9107  ANGLE   =      415.2700  DIHED      =     3010.2948
 VDWAALS =    35064.9635  EEL     =  -260561.3699  HBOND      =        0.0000
 1-4 VDW =     1081.2252  1-4 EEL =    11615.3013  RESTRAINT  =      102.9606
 EAMBER  =  -194842.4043


   NSTEP       ENERGY          RMS            GMAX         NAME    NUMBER
   5100      -1.9475E+05     7.5024E-02     4.9743E+00     H2       4934

 BOND    =    14534.4254  ANGLE   =      415.3111  DIHED      =     3010.3384
 VDWAALS =    35075.4419  EEL     =  -260586.7259  HBOND      =        0.0000
 1-4 VDW =     1081.2242  1-4 EEL =    11615.2564  RESTRAINT  =      103.0236
 EAMBER  =  -194854.7284


   NSTEP       ENERGY          RMS            GMAX         NAME    NUMBER
   5150      -1.9476E+05     1.7751E-01     2.8650E+01     CG       3141

 BOND    =    14537.1552  ANGLE   =      415.4658  DIHED      =     3010.3780
 VDWAALS =    35085.9167  EEL     =  -260612.0424  HBOND      =        0.0000
 1-4 VDW =     1081.2396  1-4 EEL =    11615.2038  RESTRAINT  =      103.1461
 EAMBER  =  -194866.6833


   NSTEP       ENERGY          RMS            GMAX         NAME    NUMBER
   5200      -1.9478E+05     7.4528E-02     4.8791E+00     H2       4934

 BOND    =    14539.7079  ANGLE   =      415.2378  DIHED      =     3010.4079
 VDWAALS =    35095.7506  EEL     =  -260636.1969  HBOND      =        0.0000
 1-4 VDW =     1081.2224  1-4 EEL =    11615.1866  RESTRAINT  =      102.9729
 EAMBER  =  -194878.6836


   NSTEP       ENERGY          RMS            GMAX         NAME    NUMBER
   5250      -1.9479E+05     9.0640E-02     1.0437E+01     CG       3141

 BOND    =    14542.1280  ANGLE   =      415.2784  DIHED      =     3010.4244
 VDWAALS =    35105.5881  EEL     =  -260660.1938  HBOND      =        0.0000
 1-4 VDW =     1081.2298  1-4 EEL =    11615.1484  RESTRAINT  =      102.9952
 EAMBER  =  -194890.3966


   NSTEP       ENERGY          RMS            GMAX         NAME    NUMBER
   5300      -1.9480E+05     5.6154E-02     2.6452E+00     H2       4934

 BOND    =    14544.1188  ANGLE   =      415.3509  DIHED      =     3010.4210
 VDWAALS =    35115.1204  EEL     =  -260683.5584  HBOND      =        0.0000
 1-4 VDW =     1081.2197  1-4 EEL =    11615.1115  RESTRAINT  =      103.1424
 EAMBER  =  -194902.2162


   NSTEP       ENERGY          RMS            GMAX         NAME    NUMBER
   5350      -1.9481E+05     7.7786E-02     5.9240E+00     CG       3141

 BOND    =    14546.4709  ANGLE   =      415.3870  DIHED      =     3010.3854
 VDWAALS =    35124.8047  EEL     =  -260707.6176  HBOND      =        0.0000
 1-4 VDW =     1081.2152  1-4 EEL =    11615.0929  RESTRAINT  =      103.2052
 EAMBER  =  -194914.2614


   NSTEP       ENERGY          RMS            GMAX         NAME    NUMBER
   5400      -1.9482E+05     1.6257E-01     2.8502E+01     CG       3141

 BOND    =    14548.7673  ANGLE   =      415.5488  DIHED      =     3010.3123
 VDWAALS =    35134.0573  EEL     =  -260730.7720  HBOND      =        0.0000
 1-4 VDW =     1081.2362  1-4 EEL =    11615.0825  RESTRAINT  =      103.2929
 EAMBER  =  -194925.7676


   NSTEP       ENERGY          RMS            GMAX         NAME    NUMBER
   5450      -1.9483E+05     8.4038E-02     6.0607E+00     H2       4934

 BOND    =    14551.2259  ANGLE   =      415.3438  DIHED      =     3010.2048
 VDWAALS =    35143.1323  EEL     =  -260753.9121  HBOND      =        0.0000
 1-4 VDW =     1081.2271  1-4 EEL =    11615.1239  RESTRAINT  =      103.0989
 EAMBER  =  -194937.6543


   NSTEP       ENERGY          RMS            GMAX         NAME    NUMBER
   5500      -1.9485E+05     1.3232E-01     1.0619E+01     H2       4934

 BOND    =    14553.7308  ANGLE   =      415.3413  DIHED      =     3010.0713
 VDWAALS =    35152.1678  EEL     =  -260776.7732  HBOND      =        0.0000
 1-4 VDW =     1081.2376  1-4 EEL =    11615.1631  RESTRAINT  =      103.0323
 EAMBER  =  -194949.0612


   NSTEP       ENERGY          RMS            GMAX         NAME    NUMBER
   5550      -1.9486E+05     2.0281E-01     1.7341E+01     CG       3141

 BOND    =    14556.6053  ANGLE   =      415.2657  DIHED      =     3009.9364
 VDWAALS =    35160.9334  EEL     =  -260799.0321  HBOND      =        0.0000
 1-4 VDW =     1081.2315  1-4 EEL =    11615.2160  RESTRAINT  =      102.9656
 EAMBER  =  -194959.8438


   NSTEP       ENERGY          RMS            GMAX         NAME    NUMBER
   5600      -1.9487E+05     7.0197E-02     5.1753E+00     CG       3141

 BOND    =    14557.3060  ANGLE   =      415.4338  DIHED      =     3009.8088
 VDWAALS =    35169.4865  EEL     =  -260820.5252  HBOND      =        0.0000
 1-4 VDW =     1081.2399  1-4 EEL =    11615.2341  RESTRAINT  =      103.1392
 EAMBER  =  -194972.0161


   NSTEP       ENERGY          RMS            GMAX         NAME    NUMBER
   5650      -1.9488E+05     1.6935E-01     1.4598E+01     CG       3141

 BOND    =    14559.5061  ANGLE   =      415.5748  DIHED      =     3009.6972
 VDWAALS =    35177.9076  EEL     =  -260841.7935  HBOND      =        0.0000
 1-4 VDW =     1081.2550  1-4 EEL =    11615.2640  RESTRAINT  =      103.2189
 EAMBER  =  -194982.5890


   NSTEP       ENERGY          RMS            GMAX         NAME    NUMBER
   5700      -1.9489E+05     6.8249E-02     6.5875E+00     CG       3141

 BOND    =    14561.6173  ANGLE   =      415.3824  DIHED      =     3009.6016
 VDWAALS =    35186.1729  EEL     =  -260863.1114  HBOND      =        0.0000
 1-4 VDW =     1081.2577  1-4 EEL =    11615.3229  RESTRAINT  =      102.9991
 EAMBER  =  -194993.7566


   NSTEP       ENERGY          RMS            GMAX         NAME    NUMBER
   5750      -1.9490E+05     1.4314E-01     1.1763E+01     H2       4934

 BOND    =    14564.2663  ANGLE   =      415.2900  DIHED      =     3009.5243
 VDWAALS =    35194.3170  EEL     =  -260884.3716  HBOND      =        0.0000
 1-4 VDW =     1081.2523  1-4 EEL =    11615.3653  RESTRAINT  =      102.9205
 EAMBER  =  -195004.3564


   NSTEP       ENERGY          RMS            GMAX         NAME    NUMBER
   5800      -1.9491E+05     5.0292E-02     1.9625E+00     H2       4934

 BOND    =    14565.4378  ANGLE   =      415.4008  DIHED      =     3009.4625
 VDWAALS =    35202.0303  EEL     =  -260904.3086  HBOND      =        0.0000
 1-4 VDW =     1081.2561  1-4 EEL =    11615.3748  RESTRAINT  =      103.0350
 EAMBER  =  -195015.3463


   NSTEP       ENERGY          RMS            GMAX         NAME    NUMBER
   5850      -1.9492E+05     7.3074E-02     5.2924E+00     H2       4934

 BOND    =    14567.4001  ANGLE   =      415.4317  DIHED      =     3009.4069
 VDWAALS =    35209.9210  EEL     =  -260925.0895  HBOND      =        0.0000
 1-4 VDW =     1081.2583  1-4 EEL =    11615.3940  RESTRAINT  =      103.0588
 EAMBER  =  -195026.2775


   NSTEP       ENERGY          RMS            GMAX         NAME    NUMBER
   5900      -1.9493E+05     1.9069E-01     2.8810E+01     CG       3141

 BOND    =    14569.6109  ANGLE   =      415.5809  DIHED      =     3009.3605
 VDWAALS =    35217.6908  EEL     =  -260945.7098  HBOND      =        0.0000
 1-4 VDW =     1081.2740  1-4 EEL =    11615.4002  RESTRAINT  =      103.1573
 EAMBER  =  -195036.7925


   NSTEP       ENERGY          RMS            GMAX         NAME    NUMBER
   5950      -1.9495E+05     8.1721E-02     6.7819E+00     CG       3141

 BOND    =    14571.7134  ANGLE   =      415.3157  DIHED      =     3009.3188
 VDWAALS =    35225.3168  EEL     =  -260966.4314  HBOND      =        0.0000
 1-4 VDW =     1081.2572  1-4 EEL =    11615.4431  RESTRAINT  =      102.9444
 EAMBER  =  -195048.0663


   NSTEP       ENERGY          RMS            GMAX         NAME    NUMBER
   6000      -1.9496E+05     5.0119E-02     2.1044E+00     H1       6838

 BOND    =    14573.3204  ANGLE   =      415.3817  DIHED      =     3009.2828
 VDWAALS =    35232.7038  EEL     =  -260986.3776  HBOND      =        0.0000
 1-4 VDW =     1081.2590  1-4 EEL =    11615.4498  RESTRAINT  =      103.0091
 EAMBER  =  -195058.9802


   NSTEP       ENERGY          RMS            GMAX         NAME    NUMBER
   6050      -1.9497E+05     5.2608E-02     2.4336E+00     H2       4934

 BOND    =    14575.2199  ANGLE   =      415.3801  DIHED      =     3009.2493
 VDWAALS =    35239.9796  EEL     =  -261006.3958  HBOND      =        0.0000
 1-4 VDW =     1081.2576  1-4 EEL =    11615.4629  RESTRAINT  =      103.0147
 EAMBER  =  -195069.8465


   NSTEP       ENERGY          RMS            GMAX         NAME    NUMBER
   6100      -1.9498E+05     1.3103E-01     1.4368E+01     CG       3141

 BOND    =    14577.3203  ANGLE   =      415.4230  DIHED      =     3009.2181
 VDWAALS =    35247.4840  EEL     =  -261027.0291  HBOND      =        0.0000
 1-4 VDW =     1081.2464  1-4 EEL =    11615.4700  RESTRAINT  =      103.1097
 EAMBER  =  -195080.8673


   NSTEP       ENERGY          RMS            GMAX         NAME    NUMBER
   6150      -1.9499E+05     1.9236E-01     1.7566E+01     H2       4934

 BOND    =    14579.4496  ANGLE   =      415.4943  DIHED      =     3009.1894
 VDWAALS =    35254.8021  EEL     =  -261047.1258  HBOND      =        0.0000
 1-4 VDW =     1081.2459  1-4 EEL =    11615.4739  RESTRAINT  =      103.1958
 EAMBER  =  -195091.4707


   NSTEP       ENERGY          RMS            GMAX         NAME    NUMBER
   6200      -1.9500E+05     7.5991E-02     5.6868E+00     H2       4934

 BOND    =    14581.3745  ANGLE   =      415.3079  DIHED      =     3009.1570
 VDWAALS =    35262.1117  EEL     =  -261067.5252  HBOND      =        0.0000
 1-4 VDW =     1081.2541  1-4 EEL =    11615.5088  RESTRAINT  =      102.9393
 EAMBER  =  -195102.8113


   NSTEP       ENERGY          RMS            GMAX         NAME    NUMBER
   6250      -1.9501E+05     5.0396E-02     2.1564E+00     H2       4934

 BOND    =    14582.9816  ANGLE   =      415.3683  DIHED      =     3009.1307
 VDWAALS =    35269.3652  EEL     =  -261087.2693  HBOND      =        0.0000
 1-4 VDW =     1081.2515  1-4 EEL =    11615.5114  RESTRAINT  =      103.0224
 EAMBER  =  -195113.6605


   NSTEP       ENERGY          RMS            GMAX         NAME    NUMBER
   6300      -1.9502E+05     9.0271E-02     7.6578E+00     H2       4934

 BOND    =    14584.8474  ANGLE   =      415.4115  DIHED      =     3009.1059
 VDWAALS =    35276.6433  EEL     =  -261107.1002  HBOND      =        0.0000
 1-4 VDW =     1081.2482  1-4 EEL =    11615.5158  RESTRAINT  =      103.0903
 EAMBER  =  -195124.3282


   NSTEP       ENERGY          RMS            GMAX         NAME    NUMBER
   6350      -1.9503E+05     1.3586E-01     1.2205E+01     H2       4934

 BOND    =    14586.8883  ANGLE   =      415.4340  DIHED      =     3009.0825
 VDWAALS =    35283.9935  EEL     =  -261127.2661  HBOND      =        0.0000
 1-4 VDW =     1081.2398  1-4 EEL =    11615.5228  RESTRAINT  =      103.1480
 EAMBER  =  -195135.1052


   NSTEP       ENERGY          RMS            GMAX         NAME    NUMBER
   6400      -1.9504E+05     6.7189E-02     4.6321E+00     H2       4934

 BOND    =    14588.9937  ANGLE   =      415.3129  DIHED      =     3009.0569
 VDWAALS =    35291.2670  EEL     =  -261147.5608  HBOND      =        0.0000
 1-4 VDW =     1081.2430  1-4 EEL =    11615.5494  RESTRAINT  =      102.9825
 EAMBER  =  -195146.1379


   NSTEP       ENERGY          RMS            GMAX         NAME    NUMBER
   6450      -1.9505E+05     7.5330E-02     7.4496E+00     CG       3141

 BOND    =    14590.9098  ANGLE   =      415.2970  DIHED      =     3009.0362
 VDWAALS =    35298.3295  EEL     =  -261167.0085  HBOND      =        0.0000
 1-4 VDW =     1081.2361  1-4 EEL =    11615.5593  RESTRAINT  =      102.9933
 EAMBER  =  -195156.6405


   NSTEP       ENERGY          RMS            GMAX         NAME    NUMBER
   6500      -1.9506E+05     1.7877E-01     2.9295E+01     CG       3141

 BOND    =    14593.3108  ANGLE   =      415.3443  DIHED      =     3009.0143
 VDWAALS =    35305.3495  EEL     =  -261186.6363  HBOND      =        0.0000
 1-4 VDW =     1081.2563  1-4 EEL =    11615.5712  RESTRAINT  =      102.9378
 EAMBER  =  -195166.7899


   NSTEP       ENERGY          RMS            GMAX         NAME    NUMBER
   6550      -1.9507E+05     7.5990E-02     5.8970E+00     H2       4934

 BOND    =    14594.2623  ANGLE   =      415.3778  DIHED      =     3008.9993
 VDWAALS =    35312.2971  EEL     =  -261205.7119  HBOND      =        0.0000
 1-4 VDW =     1081.2304  1-4 EEL =    11615.5681  RESTRAINT  =      103.1072
 EAMBER  =  -195177.9769


   NSTEP       ENERGY          RMS            GMAX         NAME    NUMBER
   6600      -1.9509E+05     1.5168E-01     2.4245E+01     CG       3141

 BOND    =    14596.3579  ANGLE   =      415.3799  DIHED      =     3008.9850
 VDWAALS =    35319.3687  EEL     =  -261225.3280  HBOND      =        0.0000
 1-4 VDW =     1081.2125  1-4 EEL =    11615.5749  RESTRAINT  =      103.1928
 EAMBER  =  -195188.4492


   NSTEP       ENERGY          RMS            GMAX         NAME    NUMBER
   6650      -1.9510E+05     5.1307E-02     2.2824E+00     H2       4934

 BOND    =    14598.0537  ANGLE   =      415.3190  DIHED      =     3008.9662
 VDWAALS =    35326.4073  EEL     =  -261244.9435  HBOND      =        0.0000
 1-4 VDW =     1081.2261  1-4 EEL =    11615.5944  RESTRAINT  =      103.0574
 EAMBER  =  -195199.3768


   NSTEP       ENERGY          RMS            GMAX         NAME    NUMBER
   6700      -1.9511E+05     9.0111E-02     7.2669E+00     CG       3141

 BOND    =    14600.1763  ANGLE   =      415.2717  DIHED      =     3008.9504
 VDWAALS =    35333.8123  EEL     =  -261264.9347  HBOND      =        0.0000
 1-4 VDW =     1081.2206  1-4 EEL =    11615.6096  RESTRAINT  =      103.0343
 EAMBER  =  -195209.8938


   NSTEP       ENERGY          RMS            GMAX         NAME    NUMBER
   6750      -1.9512E+05     5.6751E-02     3.3882E+00     H2       4934

 BOND    =    14601.6172  ANGLE   =      415.3461  DIHED      =     3008.9365
 VDWAALS =    35341.2752  EEL     =  -261284.4165  HBOND      =        0.0000
 1-4 VDW =     1081.2226  1-4 EEL =    11615.6106  RESTRAINT  =      103.1180
 EAMBER  =  -195220.4081


   NSTEP       ENERGY          RMS            GMAX         NAME    NUMBER
   6800      -1.9513E+05     1.1101E-01     1.3892E+01     CG       3141

 BOND    =    14603.5149  ANGLE   =      415.3479  DIHED      =     3008.9247
 VDWAALS =    35348.7269  EEL     =  -261303.5524  HBOND      =        0.0000
 1-4 VDW =     1081.2123  1-4 EEL =    11615.6177  RESTRAINT  =      103.1820
 EAMBER  =  -195230.2080


   NSTEP       ENERGY          RMS            GMAX         NAME    NUMBER
   6850      -1.9514E+05     4.8462E-02     2.0701E+00     H2       4934

 BOND    =    14605.3233  ANGLE   =      415.2911  DIHED      =     3008.9104
 VDWAALS =    35356.1652  EEL     =  -261322.7390  HBOND      =        0.0000
 1-4 VDW =     1081.2231  1-4 EEL =    11615.6363  RESTRAINT  =      103.0828
 EAMBER  =  -195240.1896


   NSTEP       ENERGY          RMS            GMAX         NAME    NUMBER
   6900      -1.9515E+05     6.5342E-02     4.6553E+00     H2       4934

 BOND    =    14607.2322  ANGLE   =      415.2603  DIHED      =     3008.8981
 VDWAALS =    35363.7042  EEL     =  -261341.9301  HBOND      =        0.0000
 1-4 VDW =     1081.2237  1-4 EEL =    11615.6511  RESTRAINT  =      103.0639
 EAMBER  =  -195249.9604


   NSTEP       ENERGY          RMS            GMAX         NAME    NUMBER
   6950      -1.9516E+05     1.3757E-01     2.2824E+01     CG       3141

 BOND    =    14609.4562  ANGLE   =      415.1842  DIHED      =     3008.8869
 VDWAALS =    35371.0479  EEL     =  -261360.5903  HBOND      =        0.0000
 1-4 VDW =     1081.2149  1-4 EEL =    11615.6698  RESTRAINT  =      103.0476
 EAMBER  =  -195259.1304


   NSTEP       ENERGY          RMS            GMAX         NAME    NUMBER
   7000      -1.9517E+05     4.3891E-02     1.5343E+00     H1      41083

 BOND    =    14610.4647  ANGLE   =      415.2720  DIHED      =     3008.8753
 VDWAALS =    35378.0755  EEL     =  -261378.3215  HBOND      =        0.0000
 1-4 VDW =     1081.2297  1-4 EEL =    11615.6700  RESTRAINT  =      103.0939
 EAMBER  =  -195268.7342


   NSTEP       ENERGY          RMS            GMAX         NAME    NUMBER
   7050      -1.9517E+05     1.1154E-01     9.6396E+00     H2       4934

 BOND    =    14612.1801  ANGLE   =      415.3212  DIHED      =     3008.8643
 VDWAALS =    35385.2477  EEL     =  -261396.5627  HBOND      =        0.0000
 1-4 VDW =     1081.2339  1-4 EEL =    11615.6766  RESTRAINT  =      103.1438
 EAMBER  =  -195278.0390


   NSTEP       ENERGY          RMS            GMAX         NAME    NUMBER
   7100      -1.9518E+05     1.8648E-01     4.0037E+01     CG       3141

 BOND    =    14614.3300  ANGLE   =      415.2399  DIHED      =     3008.8561
 VDWAALS =    35392.0947  EEL     =  -261414.2481  HBOND      =        0.0000
 1-4 VDW =     1081.2100  1-4 EEL =    11615.6949  RESTRAINT  =      103.1994
 EAMBER  =  -195286.8225


   NSTEP       ENERGY          RMS            GMAX         NAME    NUMBER
   7150      -1.9519E+05     7.1980E-02     6.4079E+00     CG       3141

 BOND    =    14615.6613  ANGLE   =      415.1756  DIHED      =     3008.8442
 VDWAALS =    35398.5714  EEL     =  -261431.2986  HBOND      =        0.0000
 1-4 VDW =     1081.2354  1-4 EEL =    11615.7128  RESTRAINT  =      103.0288
 EAMBER  =  -195296.0979


   NSTEP       ENERGY          RMS            GMAX         NAME    NUMBER
   7200      -1.9520E+05     4.4818E-02     1.7272E+00     H2       4934

 BOND    =    14616.9663  ANGLE   =      415.2106  DIHED      =     3008.8344
 VDWAALS =    35404.8304  EEL     =  -261447.7342  HBOND      =        0.0000
 1-4 VDW =     1081.2398  1-4 EEL =    11615.7214  RESTRAINT  =      103.0589
 EAMBER  =  -195304.9312


   NSTEP       ENERGY          RMS            GMAX         NAME    NUMBER
   7250      -1.9521E+05     4.4318E-02     1.6659E+00     H2       4934

 BOND    =    14618.5193  ANGLE   =      415.1988  DIHED      =     3008.8259
 VDWAALS =    35411.0594  EEL     =  -261464.2235  HBOND      =        0.0000
 1-4 VDW =     1081.2423  1-4 EEL =    11615.7347  RESTRAINT  =      103.0469
 EAMBER  =  -195313.6431


   NSTEP       ENERGY          RMS            GMAX         NAME    NUMBER
   7300      -1.9522E+05     1.1783E-01     1.0245E+01     H2       4934

 BOND    =    14620.1583  ANGLE   =      415.2179  DIHED      =     3008.8194
 VDWAALS =    35417.2011  EEL     =  -261480.5298  HBOND      =        0.0000
 1-4 VDW =     1081.2386  1-4 EEL =    11615.7415  RESTRAINT  =      103.0999
 EAMBER  =  -195322.1529


   NSTEP       ENERGY          RMS            GMAX         NAME    NUMBER
   7350      -1.9523E+05     4.3016E-02     1.5557E+00     CG       3141

 BOND    =    14621.6049  ANGLE   =      415.1527  DIHED      =     3008.8113
 VDWAALS =    35422.8986  EEL     =  -261496.0039  HBOND      =        0.0000
 1-4 VDW =     1081.2461  1-4 EEL =    11615.7609  RESTRAINT  =      103.0070
 EAMBER  =  -195330.5293


   NSTEP       ENERGY          RMS            GMAX         NAME    NUMBER
   7400      -1.9524E+05     1.0154E-01     8.8807E+00     H2       4934

 BOND    =    14623.4639  ANGLE   =      415.1108  DIHED      =     3008.8038
 VDWAALS =    35428.7832  EEL     =  -261512.1499  HBOND      =        0.0000
 1-4 VDW =     1081.2508  1-4 EEL =    11615.7784  RESTRAINT  =      102.9496
 EAMBER  =  -195338.9590


   NSTEP       ENERGY          RMS            GMAX         NAME    NUMBER
   7450      -1.9524E+05     1.7104E-01     3.7730E+01     CG       3141

 BOND    =    14625.0442  ANGLE   =      415.2084  DIHED      =     3008.7957
 VDWAALS =    35434.3978  EEL     =  -261527.2598  HBOND      =        0.0000
 1-4 VDW =     1081.2750  1-4 EEL =    11615.7858  RESTRAINT  =      102.9542
 EAMBER  =  -195346.7529


   NSTEP       ENERGY          RMS            GMAX         NAME    NUMBER
   7500      -1.9525E+05     5.2075E-02     3.1557E+00     H2       4934

 BOND    =    14625.9556  ANGLE   =      415.1463  DIHED      =     3008.7921
 VDWAALS =    35440.0722  EEL     =  -261542.5731  HBOND      =        0.0000
 1-4 VDW =     1081.2517  1-4 EEL =    11615.7949  RESTRAINT  =      103.0010
 EAMBER  =  -195355.5604


   NSTEP       ENERGY          RMS            GMAX         NAME    NUMBER
   7550      -1.9526E+05     1.2583E-01     1.5762E+01     CG       3141

 BOND    =    14627.4577  ANGLE   =      415.2068  DIHED      =     3008.7858
 VDWAALS =    35445.6484  EEL     =  -261557.5877  HBOND      =        0.0000
 1-4 VDW =     1081.2613  1-4 EEL =    11615.8024  RESTRAINT  =      103.0241
 EAMBER  =  -195363.4253


   NSTEP       ENERGY          RMS            GMAX         NAME    NUMBER
   7600      -1.9527E+05     4.3442E-02     1.6872E+00     H2       4934

 BOND    =    14628.8510  ANGLE   =      415.1088  DIHED      =     3008.7815
 VDWAALS =    35450.9740  EEL     =  -261572.2487  HBOND      =        0.0000
 1-4 VDW =     1081.2561  1-4 EEL =    11615.8213  RESTRAINT  =      102.9553
 EAMBER  =  -195371.4561


   NSTEP       ENERGY          RMS            GMAX         NAME    NUMBER
   7650      -1.9528E+05     1.1965E-01     1.3983E+01     CG       3141

 BOND    =    14630.6050  ANGLE   =      415.0985  DIHED      =     3008.7761
 VDWAALS =    35456.3491  EEL     =  -261587.0435  HBOND      =        0.0000
 1-4 VDW =     1081.2667  1-4 EEL =    11615.8362  RESTRAINT  =      102.9041
 EAMBER  =  -195379.1120


   NSTEP       ENERGY          RMS            GMAX         NAME    NUMBER
   7700      -1.9528E+05     4.8631E-02     2.6893E+00     H2       4934

 BOND    =    14631.5160  ANGLE   =      415.1073  DIHED      =     3008.7733
 VDWAALS =    35461.5298  EEL     =  -261601.1679  HBOND      =        0.0000
 1-4 VDW =     1081.2563  1-4 EEL =    11615.8422  RESTRAINT  =      102.9637
 EAMBER  =  -195387.1430


   NSTEP       ENERGY          RMS            GMAX         NAME    NUMBER
   7750      -1.9529E+05     7.3286E-02     5.6502E+00     H2       4934

 BOND    =    14632.9116  ANGLE   =      415.1139  DIHED      =     3008.7699
 VDWAALS =    35466.8443  EEL     =  -261615.7593  HBOND      =        0.0000
 1-4 VDW =     1081.2581  1-4 EEL =    11615.8524  RESTRAINT  =      102.9702
 EAMBER  =  -195395.0090


   NSTEP       ENERGY          RMS            GMAX         NAME    NUMBER
   7800      -1.9530E+05     4.1376E-02     1.2697E+00     H2       4934

 BOND    =    14634.3142  ANGLE   =      415.0783  DIHED      =     3008.7658
 VDWAALS =    35471.9711  EEL     =  -261630.1139  HBOND      =        0.0000
 1-4 VDW =     1081.2604  1-4 EEL =    11615.8675  RESTRAINT  =      102.9283
 EAMBER  =  -195402.8565


   NSTEP       ENERGY          RMS            GMAX         NAME    NUMBER
   7850      -1.9531E+05     7.2963E-02     5.2235E+00     H2       4934

 BOND    =    14635.8573  ANGLE   =      415.0507  DIHED      =     3008.7631
 VDWAALS =    35477.2046  EEL     =  -261644.8365  HBOND      =        0.0000
 1-4 VDW =     1081.2599  1-4 EEL =    11615.8790  RESTRAINT  =      102.9076
 EAMBER  =  -195410.8218


   NSTEP       ENERGY          RMS            GMAX         NAME    NUMBER
   7900      -1.9532E+05     1.1519E-01     8.4596E+00     H2       4934

 BOND    =    14637.3718  ANGLE   =      415.0454  DIHED      =     3008.7610
 VDWAALS =    35482.2405  EEL     =  -261659.1294  HBOND      =        0.0000
 1-4 VDW =     1081.2688  1-4 EEL =    11615.8985  RESTRAINT  =      102.8875
 EAMBER  =  -195418.5435


   NSTEP       ENERGY          RMS            GMAX         NAME    NUMBER
   7950      -1.9532E+05     1.6398E-01     1.3495E+01     H2       4934

 BOND    =    14639.1673  ANGLE   =      415.0025  DIHED      =     3008.7582
 VDWAALS =    35487.3053  EEL     =  -261673.3957  HBOND      =        0.0000
 1-4 VDW =     1081.2578  1-4 EEL =    11615.8988  RESTRAINT  =      102.8674
 EAMBER  =  -195426.0059


   NSTEP       ENERGY          RMS            GMAX         NAME    NUMBER
   8000      -1.9533E+05     9.8554E-02     7.4147E+00     H2       4934

 BOND    =    14639.7251  ANGLE   =      415.0856  DIHED      =     3008.7583
 VDWAALS =    35492.4481  EEL     =  -261687.8118  HBOND      =        0.0000
 1-4 VDW =     1081.2671  1-4 EEL =    11615.9089  RESTRAINT  =      102.9396
 EAMBER  =  -195434.6188


   NSTEP       ENERGY          RMS            GMAX         NAME    NUMBER
   8050      -1.9534E+05     4.4374E-02     1.7268E+00     H2       4934

 BOND    =    14641.0596  ANGLE   =      415.0441  DIHED      =     3008.7566
 VDWAALS =    35497.4939  EEL     =  -261702.1490  HBOND      =        0.0000
 1-4 VDW =     1081.2660  1-4 EEL =    11615.9207  RESTRAINT  =      102.9012
 EAMBER  =  -195442.6081


   NSTEP       ENERGY          RMS            GMAX         NAME    NUMBER
   8100      -1.9535E+05     8.0806E-02     5.4961E+00     H2       4934

 BOND    =    14642.5955  ANGLE   =      415.0238  DIHED      =     3008.7558
 VDWAALS =    35502.6911  EEL     =  -261716.7209  HBOND      =        0.0000
 1-4 VDW =     1081.2668  1-4 EEL =    11615.9314  RESTRAINT  =      102.8852
 EAMBER  =  -195450.4565


   NSTEP       ENERGY          RMS            GMAX         NAME    NUMBER
   8150      -1.9536E+05     1.2172E-01     9.1233E+00     CD       4041

 BOND    =    14644.0636  ANGLE   =      415.0351  DIHED      =     3008.7551
 VDWAALS =    35507.7217  EEL     =  -261730.9183  HBOND      =        0.0000
 1-4 VDW =     1081.2709  1-4 EEL =    11615.9432  RESTRAINT  =      102.8774
 EAMBER  =  -195458.1287


   NSTEP       ENERGY          RMS            GMAX         NAME    NUMBER
   8200      -1.9536E+05     4.2405E-02     1.2813E+00     H1      47464

 BOND    =    14645.0243  ANGLE   =      415.0346  DIHED      =     3008.7571
 VDWAALS =    35512.6769  EEL     =  -261744.6972  HBOND      =        0.0000
 1-4 VDW =     1081.2684  1-4 EEL =    11615.9504  RESTRAINT  =      102.9010
 EAMBER  =  -195465.9856


   NSTEP       ENERGY          RMS            GMAX         NAME    NUMBER
   8250      -1.9537E+05     1.1315E-01     7.6267E+00     CD       4041

 BOND    =    14646.4318  ANGLE   =      415.0669  DIHED      =     3008.7567
 VDWAALS =    35517.6381  EEL     =  -261758.7084  HBOND      =        0.0000
 1-4 VDW =     1081.2692  1-4 EEL =    11615.9560  RESTRAINT  =      102.9209
 EAMBER  =  -195473.5899


   NSTEP       ENERGY          RMS            GMAX         NAME    NUMBER
   8300      -1.9538E+05     1.5871E-01     1.2933E+01     CD       4041

 BOND    =    14648.0873  ANGLE   =      415.0390  DIHED      =     3008.7605
 VDWAALS =    35522.7599  EEL     =  -261773.1694  HBOND      =        0.0000
 1-4 VDW =     1081.2648  1-4 EEL =    11615.9692  RESTRAINT  =      102.9403
 EAMBER  =  -195481.2888


   NSTEP       ENERGY          RMS            GMAX         NAME    NUMBER
   8350      -1.9539E+05     9.0599E-02     5.8217E+00     H2       4934

 BOND    =    14649.2049  ANGLE   =      415.0109  DIHED      =     3008.7597
 VDWAALS =    35527.6665  EEL     =  -261787.4520  HBOND      =        0.0000
 1-4 VDW =     1081.2737  1-4 EEL =    11615.9816  RESTRAINT  =      102.8684
 EAMBER  =  -195489.5547


   NSTEP       ENERGY          RMS            GMAX         NAME    NUMBER
   8400      -1.9539E+05     4.1086E-02     1.2579E+00     H1      33898

 BOND    =    14650.2786  ANGLE   =      415.0141  DIHED      =     3008.7623
 VDWAALS =    35532.4962  EEL     =  -261801.0651  HBOND      =        0.0000
 1-4 VDW =     1081.2719  1-4 EEL =    11615.9917  RESTRAINT  =      102.8883
 EAMBER  =  -195497.2503


   NSTEP       ENERGY          RMS            GMAX         NAME    NUMBER
   8450      -1.9540E+05     6.6757E-02     3.9695E+00     H2       4934

 BOND    =    14651.6262  ANGLE   =      415.0168  DIHED      =     3008.7647
 VDWAALS =    35537.4827  EEL     =  -261815.2874  HBOND      =        0.0000
 1-4 VDW =     1081.2722  1-4 EEL =    11616.0009  RESTRAINT  =      102.8940
 EAMBER  =  -195505.1238


   NSTEP       ENERGY          RMS            GMAX         NAME    NUMBER
   8500      -1.9541E+05     1.2126E-01     7.7266E+00     H2       4934

 BOND    =    14653.0123  ANGLE   =      415.0407  DIHED      =     3008.7668
 VDWAALS =    35542.2342  EEL     =  -261828.8950  HBOND      =        0.0000
 1-4 VDW =     1081.2732  1-4 EEL =    11616.0080  RESTRAINT  =      102.9026
 EAMBER  =  -195512.5599


   NSTEP       ENERGY          RMS            GMAX         NAME    NUMBER
   8550      -1.9542E+05     4.6778E-02     1.9410E+00     H2       4934

 BOND    =    14654.1602  ANGLE   =      414.9899  DIHED      =     3008.7711
 VDWAALS =    35546.8589  EEL     =  -261842.2815  HBOND      =        0.0000
 1-4 VDW =     1081.2745  1-4 EEL =    11616.0229  RESTRAINT  =      102.8747
 EAMBER  =  -195520.2041


   NSTEP       ENERGY          RMS            GMAX         NAME    NUMBER
   8600      -1.9543E+05     7.1989E-02     6.5839E+00     CG       3141

 BOND    =    14655.5325  ANGLE   =      414.9638  DIHED      =     3008.7755
 VDWAALS =    35551.5985  EEL     =  -261856.1043  HBOND      =        0.0000
 1-4 VDW =     1081.2713  1-4 EEL =    11616.0328  RESTRAINT  =      102.8761
 EAMBER  =  -195527.9301


   NSTEP       ENERGY          RMS            GMAX         NAME    NUMBER
   8650      -1.9543E+05     4.2610E-02     1.4514E+00     O       33846

 BOND    =    14656.5705  ANGLE   =      414.9891  DIHED      =     3008.7807
 VDWAALS =    35556.0338  EEL     =  -261869.2020  HBOND      =        0.0000
 1-4 VDW =     1081.2750  1-4 EEL =    11616.0404  RESTRAINT  =      102.8805
 EAMBER  =  -195535.5126


   NSTEP       ENERGY          RMS            GMAX         NAME    NUMBER
   8700      -1.9544E+05     4.3127E-02     1.5995E+00     CG       3141

 BOND    =    14657.7781  ANGLE   =      414.9817  DIHED      =     3008.7857
 VDWAALS =    35560.4977  EEL     =  -261882.4395  HBOND      =        0.0000
 1-4 VDW =     1081.2749  1-4 EEL =    11616.0491  RESTRAINT  =      102.8810
 EAMBER  =  -195543.0724


   NSTEP       ENERGY          RMS            GMAX         NAME    NUMBER
   8750      -1.9545E+05     1.2658E-01     2.2066E+01     CG       3141

 BOND    =    14659.1039  ANGLE   =      415.0589  DIHED      =     3008.7924
 VDWAALS =    35565.0071  EEL     =  -261895.8706  HBOND      =        0.0000
 1-4 VDW =     1081.2873  1-4 EEL =    11616.0566  RESTRAINT  =      102.8845
 EAMBER  =  -195550.5645


   NSTEP       ENERGY          RMS            GMAX         NAME    NUMBER
   8800      -1.9545E+05     1.9696E-01     4.3648E+01     CG       3141

 BOND    =    14660.5499  ANGLE   =      415.1388  DIHED      =     3008.7986
 VDWAALS =    35569.4953  EEL     =  -261909.0538  HBOND      =        0.0000
 1-4 VDW =     1081.2984  1-4 EEL =    11616.0652  RESTRAINT  =      102.9064
 EAMBER  =  -195557.7078


   NSTEP       ENERGY          RMS            GMAX         NAME    NUMBER
   8850      -1.9546E+05     1.0229E-01     6.2908E+00     H2       4934

 BOND    =    14661.7412  ANGLE   =      414.9606  DIHED      =     3008.8041
 VDWAALS =    35574.4446  EEL     =  -261923.1211  HBOND      =        0.0000
 1-4 VDW =     1081.2789  1-4 EEL =    11616.0783  RESTRAINT  =      102.8623
 EAMBER  =  -195565.8135


   NSTEP       ENERGY          RMS            GMAX         NAME    NUMBER
   8900      -1.9547E+05     4.3817E-02     1.3598E+00     H2       4934

 BOND    =    14662.7601  ANGLE   =      414.9715  DIHED      =     3008.8110
 VDWAALS =    35579.4559  EEL     =  -261937.0978  HBOND      =        0.0000
 1-4 VDW =     1081.2773  1-4 EEL =    11616.0845  RESTRAINT  =      102.8794
 EAMBER  =  -195573.7375


   NSTEP       ENERGY          RMS            GMAX         NAME    NUMBER
   8950      -1.9548E+05     4.2332E-02     1.4011E+00     CG       3141

 BOND    =    14664.0746  ANGLE   =      414.9641  DIHED      =     3008.8179
 VDWAALS =    35584.6093  EEL     =  -261951.2097  HBOND      =        0.0000
 1-4 VDW =     1081.2771  1-4 EEL =    11616.0917  RESTRAINT  =      102.8811
 EAMBER  =  -195581.3750


   NSTEP       ENERGY          RMS            GMAX         NAME    NUMBER
   9000      -1.9549E+05     1.3123E-01     1.6793E+01     CG       3141

 BOND    =    14665.7314  ANGLE   =      414.9355  DIHED      =     3008.8228
 VDWAALS =    35589.9576  EEL     =  -261965.4087  HBOND      =        0.0000
 1-4 VDW =     1081.2698  1-4 EEL =    11616.0967  RESTRAINT  =      102.9176
 EAMBER  =  -195588.5949


   NSTEP       ENERGY          RMS            GMAX         NAME    NUMBER
   9050      -1.9549E+05     6.3456E-02     3.0749E+00     CG       3141

 BOND    =    14666.8277  ANGLE   =      414.9475  DIHED      =     3008.8330
 VDWAALS =    35595.1322  EEL     =  -261979.3670  HBOND      =        0.0000
 1-4 VDW =     1081.2776  1-4 EEL =    11616.1070  RESTRAINT  =      102.8790
 EAMBER  =  -195596.2421


   NSTEP       ENERGY          RMS            GMAX         NAME    NUMBER
   9100      -1.9550E+05     1.1784E-01     1.1849E+01     CG       3141

 BOND    =    14668.4784  ANGLE   =      414.9172  DIHED      =     3008.8399
 VDWAALS =    35600.6308  EEL     =  -261993.6734  HBOND      =        0.0000
 1-4 VDW =     1081.2751  1-4 EEL =    11616.1119  RESTRAINT  =      102.8909
 EAMBER  =  -195603.4202


   NSTEP       ENERGY          RMS            GMAX         NAME    NUMBER
   9150      -1.9551E+05     1.8018E-01     3.1732E+01     CG       3141

 BOND    =    14669.9102  ANGLE   =      415.0712  DIHED      =     3008.8541
 VDWAALS =    35605.7542  EEL     =  -262007.4292  HBOND      =        0.0000
 1-4 VDW =     1081.2910  1-4 EEL =    11616.1280  RESTRAINT  =      102.8782
 EAMBER  =  -195610.4206


   NSTEP       ENERGY          RMS            GMAX         NAME    NUMBER
   9200      -1.9552E+05     9.2310E-02     5.1041E+00     CG       3141

 BOND    =    14671.0548  ANGLE   =      414.9501  DIHED      =     3008.8571
 VDWAALS =    35611.7186  EEL     =  -262022.1430  HBOND      =        0.0000
 1-4 VDW =     1081.2763  1-4 EEL =    11616.1235  RESTRAINT  =      102.9005
 EAMBER  =  -195618.1626


   NSTEP       ENERGY          RMS            GMAX         NAME    NUMBER
   9250      -1.9552E+05     1.3848E-01     1.5256E+01     CG       3141

 BOND    =    14672.7330  ANGLE   =      414.9299  DIHED      =     3008.8645
 VDWAALS =    35617.5412  EEL     =  -262036.7991  HBOND      =        0.0000
 1-4 VDW =     1081.2739  1-4 EEL =    11616.1251  RESTRAINT  =      102.9269
 EAMBER  =  -195625.3315


   NSTEP       ENERGY          RMS            GMAX         NAME    NUMBER
   9300      -1.9553E+05     5.5638E-02     3.4069E+00     CG       3141

 BOND    =    14673.8844  ANGLE   =      414.9373  DIHED      =     3008.8759
 VDWAALS =    35623.0517  EEL     =  -262051.0539  HBOND      =        0.0000
 1-4 VDW =     1081.2791  1-4 EEL =    11616.1353  RESTRAINT  =      102.8894
 EAMBER  =  -195632.8902


   NSTEP       ENERGY          RMS            GMAX         NAME    NUMBER
   9350      -1.9554E+05     1.1867E-01     1.4663E+01     CG       3141

 BOND    =    14675.4601  ANGLE   =      414.9936  DIHED      =     3008.8889
 VDWAALS =    35628.5441  EEL     =  -262065.3619  HBOND      =        0.0000
 1-4 VDW =     1081.2857  1-4 EEL =    11616.1452  RESTRAINT  =      102.8731
 EAMBER  =  -195640.0442


   NSTEP       ENERGY          RMS            GMAX         NAME    NUMBER
   9400      -1.9554E+05     5.4409E-02     2.3447E+00     H2       4934

 BOND    =    14676.6696  ANGLE   =      414.9576  DIHED      =     3008.8973
 VDWAALS =    35634.3046  EEL     =  -262079.9648  HBOND      =        0.0000
 1-4 VDW =     1081.2811  1-4 EEL =    11616.1445  RESTRAINT  =      102.8940
 EAMBER  =  -195647.7102


   NSTEP       ENERGY          RMS            GMAX         NAME    NUMBER
   9450      -1.9555E+05     9.6133E-02     5.1688E+00     H2       4934

 BOND    =    14678.2157  ANGLE   =      414.9489  DIHED      =     3008.9074
 VDWAALS =    35639.9413  EEL     =  -262094.5037  HBOND      =        0.0000
 1-4 VDW =     1081.2809  1-4 EEL =    11616.1471  RESTRAINT  =      102.9051
 EAMBER  =  -195655.0623


   NSTEP       ENERGY          RMS            GMAX         NAME    NUMBER
   9500      -1.9556E+05     1.3788E-01     8.0835E+00     H2       4934

 BOND    =    14679.7468  ANGLE   =      414.9567  DIHED      =     3008.9188
 VDWAALS =    35645.2564  EEL     =  -262108.4486  HBOND      =        0.0000
 1-4 VDW =     1081.2820  1-4 EEL =    11616.1514  RESTRAINT  =      102.9098
 EAMBER  =  -195662.1365


   NSTEP       ENERGY          RMS            GMAX         NAME    NUMBER
   9550      -1.9557E+05     7.0724E-02     3.3729E+00     H2       4934

 BOND    =    14680.9106  ANGLE   =      414.9442  DIHED      =     3008.9309
 VDWAALS =    35650.6465  EEL     =  -262123.0311  HBOND      =        0.0000
 1-4 VDW =     1081.2833  1-4 EEL =    11616.1583  RESTRAINT  =      102.8901
 EAMBER  =  -195670.1573


   NSTEP       ENERGY          RMS            GMAX         NAME    NUMBER
   9600      -1.9557E+05     1.1412E-01     5.9734E+00     H2       4934

 BOND    =    14682.4134  ANGLE   =      414.9453  DIHED      =     3008.9448
 VDWAALS =    35655.8290  EEL     =  -262137.1764  HBOND      =        0.0000
 1-4 VDW =     1081.2835  1-4 EEL =    11616.1637  RESTRAINT  =      102.8845
 EAMBER  =  -195677.5966


   NSTEP       ENERGY          RMS            GMAX         NAME    NUMBER
   9650      -1.9558E+05     1.7246E-01     1.2825E+01     CD       4056

 BOND    =    14684.0811  ANGLE   =      414.9292  DIHED      =     3008.9544
 VDWAALS =    35661.0955  EEL     =  -262151.3995  HBOND      =        0.0000
 1-4 VDW =     1081.2933  1-4 EEL =    11616.1625  RESTRAINT  =      102.8993
 EAMBER  =  -195684.8835


   NSTEP       ENERGY          RMS            GMAX         NAME    NUMBER
   9700      -1.9559E+05     7.7786E-02     7.4061E+00     CD       4056

 BOND    =    14684.7271  ANGLE   =      414.9551  DIHED      =     3008.9672
 VDWAALS =    35665.9982  EEL     =  -262165.1606  HBOND      =        0.0000
 1-4 VDW =     1081.2886  1-4 EEL =    11616.1650  RESTRAINT  =      102.9060
 EAMBER  =  -195693.0594


   NSTEP       ENERGY          RMS            GMAX         NAME    NUMBER
   9750      -1.9560E+05     1.5113E-01     1.1574E+01     CD       4056

 BOND    =    14686.2389  ANGLE   =      414.9931  DIHED      =     3008.9854
 VDWAALS =    35670.5920  EEL     =  -262178.4546  HBOND      =        0.0000
 1-4 VDW =     1081.2795  1-4 EEL =    11616.1791  RESTRAINT  =      102.8995
 EAMBER  =  -195700.1866


   NSTEP       ENERGY          RMS            GMAX         NAME    NUMBER
   9800      -1.9561E+05     4.1548E-02     1.7507E+00     H2      30536

 BOND    =    14687.1160  ANGLE   =      414.9646  DIHED      =     3008.9941
 VDWAALS =    35675.6207  EEL     =  -262192.3256  HBOND      =        0.0000
 1-4 VDW =     1081.2867  1-4 EEL =    11616.1758  RESTRAINT  =      102.8930
 EAMBER  =  -195708.1677


   NSTEP       ENERGY          RMS            GMAX         NAME    NUMBER
   9850      -1.9561E+05     1.4370E-01     1.2339E+01     CD       4056

 BOND    =    14688.8324  ANGLE   =      414.9803  DIHED      =     3009.0101
 VDWAALS =    35680.6103  EEL     =  -262206.4732  HBOND      =        0.0000
 1-4 VDW =     1081.2809  1-4 EEL =    11616.1868  RESTRAINT  =      102.8787
 EAMBER  =  -195715.5724


   NSTEP       ENERGY          RMS            GMAX         NAME    NUMBER
   9900      -1.9562E+05     4.3073E-02     1.3486E+00     H2       6374

 BOND    =    14689.6377  ANGLE   =      414.9753  DIHED      =     3009.0184
 VDWAALS =    35685.8355  EEL     =  -262220.4290  HBOND      =        0.0000
 1-4 VDW =     1081.2870  1-4 EEL =    11616.1833  RESTRAINT  =      102.8932
 EAMBER  =  -195723.4917


   NSTEP       ENERGY          RMS            GMAX         NAME    NUMBER
   9950      -1.9563E+05     1.1862E-01     1.0882E+01     CD       4056

 BOND    =    14691.1356  ANGLE   =      414.9720  DIHED      =     3009.0262
 VDWAALS =    35691.1388  EEL     =  -262234.6042  HBOND      =        0.0000
 1-4 VDW =     1081.2932  1-4 EEL =    11616.1792  RESTRAINT  =      102.9138
 EAMBER  =  -195730.8592


   NSTEP       ENERGY          RMS            GMAX         NAME    NUMBER
  10000      -1.9564E+05     4.6350E-02     1.5515E+00     H2       4934

 BOND    =    14692.1748  ANGLE   =      414.9679  DIHED      =     3009.0398
 VDWAALS =    35695.9140  EEL     =  -262248.0262  HBOND      =        0.0000
 1-4 VDW =     1081.2903  1-4 EEL =    11616.1882  RESTRAINT  =      102.8906
 EAMBER  =  -195738.4513


  Maximum number of minimization cycles reached.


                    FINAL RESULTS



   NSTEP       ENERGY          RMS            GMAX         NAME    NUMBER
  10000      -1.9564E+05     4.6350E-02     1.5515E+00     H2       4934

 BOND    =    14692.1748  ANGLE   =      414.9679  DIHED      =     3009.0398
 VDWAALS =    35695.9140  EEL     =  -262248.0262  HBOND      =        0.0000
 1-4 VDW =     1081.2903  1-4 EEL =    11616.1882  RESTRAINT  =      102.8906
 EAMBER  =  -195738.4513
--------------------------------------------------------------------------------
   5.  TIMINGS
--------------------------------------------------------------------------------

|  NonSetup CPU Time in Major Routines:
|
|     Routine           Sec        %
|     ------------------------------
|     Nonbond          34.60   63.40
|     Bond              0.00    0.00
|     Angle             0.00    0.00
|     Dihedral          0.00    0.00
|     Shake             0.00    0.00
|     Other            19.98   36.60
|     ------------------------------
|     Total            54.57

|  PME Nonbond Pairlist CPU Time:
|
|     Routine              Sec        %
|     ---------------------------------
|     Set Up Cit           0.00    0.00
|     Build List           0.00    0.00
|     ---------------------------------
|     Total                0.00    0.00

|  PME Direct Force CPU Time:
|
|     Routine              Sec        %
|     ---------------------------------
|     NonBonded Calc       0.00    0.00
|     Exclude Masked       0.00    0.00
|     Other                0.02    0.04
|     ---------------------------------
|     Total                0.02    0.04

|  PME Reciprocal Force CPU Time:
|
|     Routine              Sec        %
|     ---------------------------------
|     1D bspline           0.00    0.00
|     Grid Charges         0.00    0.00
|     Scalar Sum           0.00    0.00
|     Gradient Sum         0.00    0.00
|     FFT                  0.00    0.00
|     ---------------------------------
|     Total                0.00    0.00

|  Setup CPU time:            0.85 seconds
|  NonSetup CPU time:        54.57 seconds
|  Total CPU time:           55.42 seconds     0.02 hours

|  Setup wall time:           1    seconds
|  NonSetup wall time:       55    seconds
|  Total wall time:          56    seconds     0.02 hours
