
          -------------------------------------------------------
          Amber 18 PMEMD                              2018
          -------------------------------------------------------

| PMEMD implementation of SANDER, Release 18

| Run on 01/24/2019 at 23:29:34

|   Executable path: /opt/software/Amber/18-foss-2018a/bin/pmemd.cuda
| Working directory: /mnt/gs18/scratch/users/songlin3/run/glx/ti/alpha_optimized_from_imidazoleHIDcharge/2.23/all_optimized/freeMD
|          Hostname: lac-136

  [-O]verwriting output

File Assignments:
|   MDIN: min3.in                                                               
|  MDOUT: min3.out                                                              
| INPCRD: min2.rst                                                              
|   PARM: glx-co_1264.prmtop                                                    
| RESTRT: min3.rst                                                              
|   REFC: min2.rst                                                              
|  MDVEL: mdvel                                                                 
|   MDEN: mden                                                                  
|  MDCRD: min3.netcdf                                                           
| MDINFO: min3.mdinfo                                                           
|  MDFRC: mdfrc                                                                 


 Here is the input file:

minimize structure solvation+hydrogen+sidechain                                
 &cntrl                                                                        
  imin=1,maxcyc=10000, ncyc=20000,                                             
  ntb=1, cut=10, ntwx=2000, ioutfm=1, iwrap=1,                                 
  ntr=1, restraintmask=':1-275@C,O,CA,N', restraint_wt=200,                    
 /                                                                             
 &ewald                                                                        
 /                                                                             


Note: ig = -1. Setting random seed to   180655 based on wallclock time in 
      microseconds.
| irandom = 1, using AMBER's internal random number generator (default).
 
|--------------------- INFORMATION ----------------------
| GPU (CUDA) Version of PMEMD in use: NVIDIA GPU IN USE.
|                    Version 18.0.0
| 
|                      03/25/2018
| 
| Implementation by:
|                    Ross C. Walker     (SDSC)
|                    Scott Le Grand     (nVIDIA)
| 
| Version 18 performance extensions by:
|                    David Cerutti     (Rutgers)
| 
| Precision model in use:
|      [SPFP] - Single Precision Forces, 64-bit Fixed Point
|               Accumulation. (Default)
| 
|--------------------------------------------------------
 
|----------------- CITATION INFORMATION -----------------
|
|    When publishing work that utilized the CUDA version
|    of AMBER, please cite the following in addition to
|    the regular AMBER citations:
|
|  - Romelia Salomon-Ferrer; Andreas W. Goetz; Duncan
|    Poole; Scott Le Grand; Ross C. Walker "Routine
|    microsecond molecular dynamics simulations with
|    AMBER - Part II: Particle Mesh Ewald", J. Chem.
|    Theory Comput., 2013, 9 (9), pp3878-3888,
|    DOI: 10.1021/ct400314y.
|
|  - Andreas W. Goetz; Mark J. Williamson; Dong Xu;
|    Duncan Poole; Scott Le Grand; Ross C. Walker
|    "Routine microsecond molecular dynamics simulations
|    with AMBER - Part I: Generalized Born", J. Chem.
|    Theory Comput., 2012, 8 (5), pp1542-1555.
|
|  - Scott Le Grand; Andreas W. Goetz; Ross C. Walker
|    "SPFP: Speed without compromise - a mixed precision
|    model for GPU accelerated molecular dynamics
|    simulations.", Comp. Phys. Comm., 2013, 184
|    pp374-380, DOI: 10.1016/j.cpc.2012.09.022
|
|--------------------------------------------------------
 
|------------------- GPU DEVICE INFO --------------------
|
|            CUDA_VISIBLE_DEVICES: 0
|   CUDA Capable Devices Detected:      1
|           CUDA Device ID in use:      0
|                CUDA Device Name: Tesla K80
|     CUDA Device Global Mem Size:  11441 MB
| CUDA Device Num Multiprocessors:     13
|           CUDA Device Core Freq:   0.82 GHz
|
|--------------------------------------------------------
 
 
| Conditional Compilation Defines Used:
| PUBFFT
| BINTRAJ
| CUDA
| EMIL

| Largest sphere to fit in unit cell has radius =    36.270

| New format PARM file being parsed.
| Version =    1.000 Date = 01/24/19 Time = 18:51:14

| Note: 1-4 EEL scale factors are being read from the topology file.

| Note: 1-4 VDW scale factors are being read from the topology file.
| Duplicated    0 dihedrals

| Duplicated    0 dihedrals

--------------------------------------------------------------------------------
   1.  RESOURCE   USE: 
--------------------------------------------------------------------------------

 getting box info from netcdf restart file
 NATOM  =   48335 NTYPES =      18 NBONH =   46216 MBONA  =    2144
 NTHETH =    4730 MTHETA =    2896 NPHIH =    9622 MPHIA  =    9100
 NHPARM =       0 NPARM  =       0 NNB   =   81893 NRES   =   14997
 NBONA  =    2144 NTHETA =    2896 NPHIA =    9100 NUMBND =      67
 NUMANG =     150 NPTRA  =     196 NATYP =      38 NPHB   =       1
 IFBOX  =       2 NMXRS  =      24 IFCAP =       0 NEXTRA =       0
 NCOPY  =       0

| Coordinate Index Table dimensions:    14   14   14
| Direct force subcell size =     6.3460    6.3460    6.3460

     BOX TYPE: TRUNCATED OCTAHEDRON

--------------------------------------------------------------------------------
   2.  CONTROL  DATA  FOR  THE  RUN
--------------------------------------------------------------------------------

default_name                                                                    

General flags:
     imin    =       1, nmropt  =       0

Nature and format of input:
     ntx     =       1, irest   =       0, ntrx    =       1

Nature and format of output:
     ntxo    =       2, ntpr    =      50, ntrx    =       1, ntwr    =       1
     iwrap   =       1, ntwx    =    2000, ntwv    =       0, ntwe    =       0
     ioutfm  =       1, ntwprt  =       0, idecomp =       0, rbornstat=      0

Potential function:
     ntf     =       1, ntb     =       1, igb     =       0, nsnb    =      25
     ipol    =       0, gbsa    =       0, iesp    =       0
     dielc   =   1.00000, cut     =  10.00000, intdiel =   1.00000
     lj1264  =       1

Frozen or restrained atoms:
     ibelly  =       0, ntr     =       1
     restraint_wt = 200.00000

Energy minimization:
     maxcyc  =   10000, ncyc    =   20000, ntmin   =       1
     dx0     =   0.01000, drms    =   0.00010

| Intermolecular bonds treatment:
|     no_intermolecular_bonds =       1

| Energy averages sample interval:
|     ene_avg_sampling =       1

Ewald parameters:
     verbose =       0, ew_type =       0, nbflag  =       1, use_pme =       1
     vdwmeth =       1, eedmeth =       1, netfrc  =       0
     Box X =   88.843   Box Y =   88.843   Box Z =   88.843
     Alpha =  109.471   Beta  =  109.471   Gamma =  109.471
     NFFT1 =   96       NFFT2 =   96       NFFT3 =   96
     Cutoff=   10.000   Tol   =0.100E-04
     Ewald Coefficient =  0.27511
     Interpolation order =    4

    LOADING THE CONSTRAINED ATOMS AS GROUPS


   5.  REFERENCE ATOM COORDINATES

  default_name                                                                    
     Mask :1-275@C,O,CA,N; matches  1086 atoms

--------------------------------------------------------------------------------
   3.  ATOMIC COORDINATES AND VELOCITIES
--------------------------------------------------------------------------------

default_name                                                                    
 begin time read from input coords =     0.000 ps

 
 Number of triangulated 3-point waters found:    14712

     Sum of charges from parm topology file =  -0.00000010
     Forcing neutrality...

| Dynamic Memory, Types Used:
| Reals             1402739
| Integers          1815605

| Nonbonded Pairs Initial Allocation:    14620129

| GPU memory information (estimate):
| KB of GPU memory in use:         0
| KB of CPU memory in use:         0

--------------------------------------------------------------------------------
   4.  RESULTS
--------------------------------------------------------------------------------



   NSTEP       ENERGY          RMS            GMAX         NAME    NUMBER
      1      -1.9574E+05     7.5489E-01     8.6898E+01     ND1      1196

 BOND    =    14692.1748  ANGLE   =      414.9679  DIHED      =     3009.0398
 VDWAALS =    35695.9123  EEL     =  -262248.0224  HBOND      =        0.0000
 1-4 VDW =     1081.2903  1-4 EEL =    11616.1882  RESTRAINT  =        0.0000


   NSTEP       ENERGY          RMS            GMAX         NAME    NUMBER
     50      -1.9598E+05     1.9094E-01     1.9087E+01     CE1      1198

 BOND    =    14712.9172  ANGLE   =      417.0791  DIHED      =     2998.0128
 VDWAALS =    35649.4688  EEL     =  -262358.5195  HBOND      =        0.0000
 1-4 VDW =     1005.1983  1-4 EEL =    11565.7746  RESTRAINT  =       26.2566
 EAMBER  =  -196010.0686


   NSTEP       ENERGY          RMS            GMAX         NAME    NUMBER
    100      -1.9606E+05     4.4096E-01     4.8423E+01     CE1      1198

 BOND    =    14720.4827  ANGLE   =      428.8492  DIHED      =     2992.7098
 VDWAALS =    35641.7194  EEL     =  -262420.9798  HBOND      =        0.0000
 1-4 VDW =      988.0523  1-4 EEL =    11563.5029  RESTRAINT  =       29.9149
 EAMBER  =  -196085.6635


   NSTEP       ENERGY          RMS            GMAX         NAME    NUMBER
    150      -1.9611E+05     2.5285E-01     2.7794E+01     CE1      1198

 BOND    =    14722.5639  ANGLE   =      434.6978  DIHED      =     2988.8094
 VDWAALS =    35641.2831  EEL     =  -262469.0562  HBOND      =        0.0000
 1-4 VDW =      980.0813  1-4 EEL =    11562.7420  RESTRAINT  =       31.6204
 EAMBER  =  -196138.8788


   NSTEP       ENERGY          RMS            GMAX         NAME    NUMBER
    200      -1.9615E+05     8.3693E-02     3.7051E+00     ND1      1196

 BOND    =    14725.0859  ANGLE   =      438.3646  DIHED      =     2985.4773
 VDWAALS =    35644.5140  EEL     =  -262511.2451  HBOND      =        0.0000
 1-4 VDW =      975.7357  1-4 EEL =    11563.2431  RESTRAINT  =       32.6756
 EAMBER  =  -196178.8245


   NSTEP       ENERGY          RMS            GMAX         NAME    NUMBER
    250      -1.9618E+05     2.3734E-01     2.6761E+01     ND1      1196

 BOND    =    14729.2574  ANGLE   =      441.2059  DIHED      =     2982.4467
 VDWAALS =    35649.8717  EEL     =  -262550.9841  HBOND      =        0.0000
 1-4 VDW =      973.0103  1-4 EEL =    11564.0578  RESTRAINT  =       33.4617
 EAMBER  =  -196211.1342


   NSTEP       ENERGY          RMS            GMAX         NAME    NUMBER
    300      -1.9621E+05     7.0033E-02     4.0993E+00     OD2      3383

 BOND    =    14730.5306  ANGLE   =      442.8516  DIHED      =     2979.9007
 VDWAALS =    35655.3372  EEL     =  -262585.4309  HBOND      =        0.0000
 1-4 VDW =      971.4356  1-4 EEL =    11564.9167  RESTRAINT  =       33.9520
 EAMBER  =  -196240.4584


   NSTEP       ENERGY          RMS            GMAX         NAME    NUMBER
    350      -1.9623E+05     1.8726E-01     2.3283E+01     ND1      1196

 BOND    =    14733.4243  ANGLE   =      444.6205  DIHED      =     2977.6854
 VDWAALS =    35661.4445  EEL     =  -262618.2149  HBOND      =        0.0000
 1-4 VDW =      970.2676  1-4 EEL =    11565.8337  RESTRAINT  =       34.3704
 EAMBER  =  -196264.9389


   NSTEP       ENERGY          RMS            GMAX         NAME    NUMBER
    400      -1.9625E+05     2.6690E-01     3.6991E+01     ND1      1196

 BOND    =    14736.4350  ANGLE   =      446.1439  DIHED      =     2975.8844
 VDWAALS =    35668.0664  EEL     =  -262647.9397  HBOND      =        0.0000
 1-4 VDW =      969.4186  1-4 EEL =    11566.5704  RESTRAINT  =       34.6785
 EAMBER  =  -196285.4209


   NSTEP       ENERGY          RMS            GMAX         NAME    NUMBER
    450      -1.9627E+05     1.7614E-01     2.0993E+01     ND1      1196

 BOND    =    14737.9303  ANGLE   =      447.0145  DIHED      =     2974.2511
 VDWAALS =    35675.0472  EEL     =  -262676.8805  HBOND      =        0.0000
 1-4 VDW =      968.7879  1-4 EEL =    11567.5869  RESTRAINT  =       34.8924
 EAMBER  =  -196306.2626


   NSTEP       ENERGY          RMS            GMAX         NAME    NUMBER
    500      -1.9629E+05     6.9782E-02     6.3755E+00     ND1      1196

 BOND    =    14739.3493  ANGLE   =      448.0314  DIHED      =     2972.9113
 VDWAALS =    35682.0030  EEL     =  -262703.4084  HBOND      =        0.0000
 1-4 VDW =      968.2805  1-4 EEL =    11568.1395  RESTRAINT  =       35.0718
 EAMBER  =  -196324.6934


   NSTEP       ENERGY          RMS            GMAX         NAME    NUMBER
    550      -1.9631E+05     1.3584E-01     1.7822E+01     ND1      1196

 BOND    =    14741.3834  ANGLE   =      449.1496  DIHED      =     2971.7190
 VDWAALS =    35688.9119  EEL     =  -262728.9040  HBOND      =        0.0000
 1-4 VDW =      967.8860  1-4 EEL =    11568.7379  RESTRAINT  =       35.2216
 EAMBER  =  -196341.1162


   NSTEP       ENERGY          RMS            GMAX         NAME    NUMBER
    600      -1.9632E+05     2.3072E-01     2.2287E+01     C        3297

 BOND    =    14743.7507  ANGLE   =      450.2408  DIHED      =     2970.6742
 VDWAALS =    35696.0058  EEL     =  -262754.1953  HBOND      =        0.0000
 1-4 VDW =      967.5289  1-4 EEL =    11569.2386  RESTRAINT  =       35.4216
 EAMBER  =  -196356.7564


   NSTEP       ENERGY          RMS            GMAX         NAME    NUMBER
    650      -1.9634E+05     8.9389E-02     9.8723E+00     ND1      1196

 BOND    =    14744.7806  ANGLE   =      450.9566  DIHED      =     2969.7170
 VDWAALS =    35702.9723  EEL     =  -262778.7207  HBOND      =        0.0000
 1-4 VDW =      967.2973  1-4 EEL =    11569.9357  RESTRAINT  =       35.4343
 EAMBER  =  -196373.0611


   NSTEP       ENERGY          RMS            GMAX         NAME    NUMBER
    700      -1.9635E+05     1.6194E-01     2.1588E+01     ND1      1196

 BOND    =    14746.9137  ANGLE   =      451.9627  DIHED      =     2968.8919
 VDWAALS =    35710.2637  EEL     =  -262803.0696  HBOND      =        0.0000
 1-4 VDW =      967.0657  1-4 EEL =    11570.3977  RESTRAINT  =       35.5230
 EAMBER  =  -196387.5741


   NSTEP       ENERGY          RMS            GMAX         NAME    NUMBER
    750      -1.9637E+05     9.1874E-02     1.1058E+01     ND1      1196

 BOND    =    14748.1865  ANGLE   =      452.8667  DIHED      =     2968.1687
 VDWAALS =    35717.6967  EEL     =  -262826.9358  HBOND      =        0.0000
 1-4 VDW =      966.8732  1-4 EEL =    11570.6492  RESTRAINT  =       35.6085
 EAMBER  =  -196402.4949


   NSTEP       ENERGY          RMS            GMAX         NAME    NUMBER
    800      -1.9638E+05     1.4459E-01     1.8535E+01     ND1      1196

 BOND    =    14750.1421  ANGLE   =      453.7785  DIHED      =     2967.5262
 VDWAALS =    35725.1525  EEL     =  -262850.1859  HBOND      =        0.0000
 1-4 VDW =      966.6993  1-4 EEL =    11570.8778  RESTRAINT  =       35.6892
 EAMBER  =  -196416.0096


   NSTEP       ENERGY          RMS            GMAX         NAME    NUMBER
    850      -1.9639E+05     5.0270E-02     2.2419E+00     ND1      1196

 BOND    =    14751.5151  ANGLE   =      454.3404  DIHED      =     2966.9597
 VDWAALS =    35732.1829  EEL     =  -262871.9897  HBOND      =        0.0000
 1-4 VDW =      966.5597  1-4 EEL =    11571.1540  RESTRAINT  =       35.7430
 EAMBER  =  -196429.2780


   NSTEP       ENERGY          RMS            GMAX         NAME    NUMBER
    900      -1.9641E+05     1.3712E-01     1.5798E+01     ND1      1196

 BOND    =    14753.5005  ANGLE   =      455.0128  DIHED      =     2966.4391
 VDWAALS =    35739.1180  EEL     =  -262893.5317  HBOND      =        0.0000
 1-4 VDW =      966.4371  1-4 EEL =    11571.3831  RESTRAINT  =       35.8075
 EAMBER  =  -196441.6412


   NSTEP       ENERGY          RMS            GMAX         NAME    NUMBER
    950      -1.9642E+05     2.0332E-01     1.9497E+01     ND1      1196

 BOND    =    14755.5879  ANGLE   =      455.6216  DIHED      =     2966.0107
 VDWAALS =    35745.6691  EEL     =  -262913.9849  HBOND      =        0.0000
 1-4 VDW =      966.2881  1-4 EEL =    11571.4512  RESTRAINT  =       35.9005
 EAMBER  =  -196453.3564


   NSTEP       ENERGY          RMS            GMAX         NAME    NUMBER
   1000      -1.9643E+05     8.4786E-02     1.0428E+01     ND1      1196

 BOND    =    14756.5493  ANGLE   =      456.0414  DIHED      =     2965.6045
 VDWAALS =    35752.0478  EEL     =  -262934.1066  HBOND      =        0.0000
 1-4 VDW =      966.2002  1-4 EEL =    11571.5241  RESTRAINT  =       35.9098
 EAMBER  =  -196466.1393


   NSTEP       ENERGY          RMS            GMAX         NAME    NUMBER
   1050      -1.9644E+05     1.5388E-01     2.1545E+01     ND1      1196

 BOND    =    14758.4199  ANGLE   =      456.5871  DIHED      =     2965.2634
 VDWAALS =    35758.1848  EEL     =  -262953.3804  HBOND      =        0.0000
 1-4 VDW =      966.1145  1-4 EEL =    11571.6237  RESTRAINT  =       35.9564
 EAMBER  =  -196477.1871


   NSTEP       ENERGY          RMS            GMAX         NAME    NUMBER
   1100      -1.9645E+05     8.6165E-02     1.0663E+01     ND1      1196

 BOND    =    14759.8545  ANGLE   =      456.7798  DIHED      =     2964.9650
 VDWAALS =    35764.2503  EEL     =  -262972.6039  HBOND      =        0.0000
 1-4 VDW =      966.0433  1-4 EEL =    11571.8562  RESTRAINT  =       35.9904
 EAMBER  =  -196488.8548


   NSTEP       ENERGY          RMS            GMAX         NAME    NUMBER
   1150      -1.9646E+05     1.4127E-01     1.9398E+01     ND1      1196

 BOND    =    14761.7269  ANGLE   =      457.1628  DIHED      =     2964.7180
 VDWAALS =    35770.2992  EEL     =  -262991.6903  HBOND      =        0.0000
 1-4 VDW =      965.9837  1-4 EEL =    11572.0209  RESTRAINT  =       36.0320
 EAMBER  =  -196499.7788


   NSTEP       ENERGY          RMS            GMAX         NAME    NUMBER
   1200      -1.9647E+05     4.4718E-02     1.9458E+00     ND1      1196

 BOND    =    14762.8347  ANGLE   =      457.4739  DIHED      =     2964.5312
 VDWAALS =    35776.0697  EEL     =  -263009.6128  HBOND      =        0.0000
 1-4 VDW =      965.9239  1-4 EEL =    11572.0749  RESTRAINT  =       36.0750
 EAMBER  =  -196510.7046


   NSTEP       ENERGY          RMS            GMAX         NAME    NUMBER
   1250      -1.9648E+05     1.2060E-01     1.5733E+01     ND1      1196

 BOND    =    14764.5842  ANGLE   =      457.9222  DIHED      =     2964.3769
 VDWAALS =    35782.0669  EEL     =  -263028.0844  HBOND      =        0.0000
 1-4 VDW =      965.8689  1-4 EEL =    11572.1590  RESTRAINT  =       36.1199
 EAMBER  =  -196521.1063


   NSTEP       ENERGY          RMS            GMAX         NAME    NUMBER
   1300      -1.9649E+05     1.8632E-01     1.9913E+01     C         101

 BOND    =    14766.4142  ANGLE   =      458.2974  DIHED      =     2964.2616
 VDWAALS =    35787.8338  EEL     =  -263045.5684  HBOND      =        0.0000
 1-4 VDW =      965.8174  1-4 EEL =    11572.2721  RESTRAINT  =       36.1912
 EAMBER  =  -196530.6719


   NSTEP       ENERGY          RMS            GMAX         NAME    NUMBER
   1350      -1.9650E+05     7.7888E-02     9.6970E+00     ND1      1196

 BOND    =    14767.5837  ANGLE   =      458.2862  DIHED      =     2964.1695
 VDWAALS =    35793.5195  EEL     =  -263062.7220  HBOND      =        0.0000
 1-4 VDW =      965.7924  1-4 EEL =    11572.4889  RESTRAINT  =       36.1959
 EAMBER  =  -196540.8818


   NSTEP       ENERGY          RMS            GMAX         NAME    NUMBER
   1400      -1.9651E+05     1.4638E-01     1.7808E+01     ND1      1196

 BOND    =    14769.3643  ANGLE   =      458.5485  DIHED      =     2964.1100
 VDWAALS =    35799.2615  EEL     =  -263079.7547  HBOND      =        0.0000
 1-4 VDW =      965.7632  1-4 EEL =    11572.6207  RESTRAINT  =       36.2388
 EAMBER  =  -196550.0866


   NSTEP       ENERGY          RMS            GMAX         NAME    NUMBER
   1450      -1.9652E+05     7.4372E-02     9.2316E+00     ND1      1196

 BOND    =    14770.4182  ANGLE   =      458.8229  DIHED      =     2964.0704
 VDWAALS =    35804.7278  EEL     =  -263096.0255  HBOND      =        0.0000
 1-4 VDW =      965.7181  1-4 EEL =    11572.6935  RESTRAINT  =       36.2677
 EAMBER  =  -196559.5747


   NSTEP       ENERGY          RMS            GMAX         NAME    NUMBER
   1500      -1.9653E+05     1.1880E-01     1.5678E+01     ND1      1196

 BOND    =    14771.9890  ANGLE   =      459.1117  DIHED      =     2964.0540
 VDWAALS =    35810.0600  EEL     =  -263112.2139  HBOND      =        0.0000
 1-4 VDW =      965.6844  1-4 EEL =    11572.8064  RESTRAINT  =       36.3013
 EAMBER  =  -196568.5086


   NSTEP       ENERGY          RMS            GMAX         NAME    NUMBER
   1550      -1.9654E+05     4.2018E-02     1.9232E+00     ND1      1196

 BOND    =    14773.2149  ANGLE   =      459.1492  DIHED      =     2964.0644
 VDWAALS =    35815.0576  EEL     =  -263127.7935  HBOND      =        0.0000
 1-4 VDW =      965.6620  1-4 EEL =    11572.9649  RESTRAINT  =       36.3220
 EAMBER  =  -196577.6804


   NSTEP       ENERGY          RMS            GMAX         NAME    NUMBER
   1600      -1.9655E+05     1.1299E-01     1.2435E+01     ND1      1196

 BOND    =    14774.8546  ANGLE   =      459.3261  DIHED      =     2964.1028
 VDWAALS =    35820.0397  EEL     =  -263143.5159  HBOND      =        0.0000
 1-4 VDW =      965.6342  1-4 EEL =    11573.0959  RESTRAINT  =       36.3561
 EAMBER  =  -196586.4626


   NSTEP       ENERGY          RMS            GMAX         NAME    NUMBER
   1650      -1.9656E+05     4.6687E-02     3.7296E+00     ND1      1196

 BOND    =    14775.8963  ANGLE   =      459.5636  DIHED      =     2964.1489
 VDWAALS =    35824.6834  EEL     =  -263158.5772  HBOND      =        0.0000
 1-4 VDW =      965.6110  1-4 EEL =    11573.1638  RESTRAINT  =       36.3745
 EAMBER  =  -196595.5100


   NSTEP       ENERGY          RMS            GMAX         NAME    NUMBER
   1700      -1.9657E+05     6.0467E-02     6.3016E+00     ND1      1196

 BOND    =    14777.1954  ANGLE   =      459.7726  DIHED      =     2964.2182
 VDWAALS =    35829.1436  EEL     =  -263173.4189  HBOND      =        0.0000
 1-4 VDW =      965.5883  1-4 EEL =    11573.2504  RESTRAINT  =       36.3998
 EAMBER  =  -196604.2503


   NSTEP       ENERGY          RMS            GMAX         NAME    NUMBER
   1750      -1.9658E+05     1.3476E-01     1.5466E+01     ND1      1196

 BOND    =    14778.6903  ANGLE   =      460.0361  DIHED      =     2964.3182
 VDWAALS =    35833.5174  EEL     =  -263188.1473  HBOND      =        0.0000
 1-4 VDW =      965.5558  1-4 EEL =    11573.2903  RESTRAINT  =       36.4384
 EAMBER  =  -196612.7392


   NSTEP       ENERGY          RMS            GMAX         NAME    NUMBER
   1800      -1.9659E+05     4.4074E-02     2.9901E+00     ND1      1196

 BOND    =    14779.7209  ANGLE   =      460.0908  DIHED      =     2964.4086
 VDWAALS =    35837.5414  EEL     =  -263202.4526  HBOND      =        0.0000
 1-4 VDW =      965.5425  1-4 EEL =    11573.4254  RESTRAINT  =       36.4456
 EAMBER  =  -196621.7230


   NSTEP       ENERGY          RMS            GMAX         NAME    NUMBER
   1850      -1.9659E+05     1.1537E-01     1.5683E+01     ND1      1196

 BOND    =    14781.2221  ANGLE   =      460.2967  DIHED      =     2964.5223
 VDWAALS =    35841.5840  EEL     =  -263216.9220  HBOND      =        0.0000
 1-4 VDW =      965.5240  1-4 EEL =    11573.5318  RESTRAINT  =       36.4668
 EAMBER  =  -196630.2410


   NSTEP       ENERGY          RMS            GMAX         NAME    NUMBER
   1900      -1.9660E+05     1.6045E-01     2.2502E+01     ND1      1196

 BOND    =    14782.6796  ANGLE   =      460.5245  DIHED      =     2964.6496
 VDWAALS =    35845.4794  EEL     =  -263230.9908  HBOND      =        0.0000
 1-4 VDW =      965.5024  1-4 EEL =    11573.6127  RESTRAINT  =       36.4869
 EAMBER  =  -196638.5426


   NSTEP       ENERGY          RMS            GMAX         NAME    NUMBER
   1950      -1.9661E+05     9.4415E-02     1.2239E+01     ND1      1196

 BOND    =    14783.3870  ANGLE   =      460.7692  DIHED      =     2964.7931
 VDWAALS =    35849.4451  EEL     =  -263245.1424  HBOND      =        0.0000
 1-4 VDW =      965.4717  1-4 EEL =    11573.5775  RESTRAINT  =       36.5113
 EAMBER  =  -196647.6988


   NSTEP       ENERGY          RMS            GMAX         NAME    NUMBER
   2000      -1.9662E+05     1.4209E-01     1.6843E+01     ND1      1196

 BOND    =    14784.7508  ANGLE   =      460.9962  DIHED      =     2964.9558
 VDWAALS =    35853.2628  EEL     =  -263258.8756  HBOND      =        0.0000
 1-4 VDW =      965.4371  1-4 EEL =    11573.6007  RESTRAINT  =       36.5429
 EAMBER  =  -196655.8721


   NSTEP       ENERGY          RMS            GMAX         NAME    NUMBER
   2050      -1.9663E+05     4.1469E-02     2.0169E+00     H2      13622

 BOND    =    14785.6518  ANGLE   =      461.0387  DIHED      =     2965.1063
 VDWAALS =    35856.9004  EEL     =  -263272.4923  HBOND      =        0.0000
 1-4 VDW =      965.4249  1-4 EEL =    11573.7306  RESTRAINT  =       36.5437
 EAMBER  =  -196664.6395


   NSTEP       ENERGY          RMS            GMAX         NAME    NUMBER
   2100      -1.9664E+05     1.1414E-01     1.5185E+01     ND1      1196

 BOND    =    14787.1026  ANGLE   =      461.2419  DIHED      =     2965.2867
 VDWAALS =    35860.6076  EEL     =  -263286.5501  HBOND      =        0.0000
 1-4 VDW =      965.4038  1-4 EEL =    11573.8362  RESTRAINT  =       36.5598
 EAMBER  =  -196673.0713


   NSTEP       ENERGY          RMS            GMAX         NAME    NUMBER
   2150      -1.9665E+05     4.1627E-02     2.3648E+00     H2      13622

 BOND    =    14787.9903  ANGLE   =      461.4411  DIHED      =     2965.4885
 VDWAALS =    35864.2713  EEL     =  -263300.3875  HBOND      =        0.0000
 1-4 VDW =      965.3700  1-4 EEL =    11573.8512  RESTRAINT  =       36.5771
 EAMBER  =  -196681.9750


   NSTEP       ENERGY          RMS            GMAX         NAME    NUMBER
   2200      -1.9665E+05     1.0249E-01     1.2836E+01     ND1      1196

 BOND    =    14789.3181  ANGLE   =      461.7529  DIHED      =     2965.7193
 VDWAALS =    35868.1092  EEL     =  -263315.0314  HBOND      =        0.0000
 1-4 VDW =      965.3396  1-4 EEL =    11573.9047  RESTRAINT  =       36.5968
 EAMBER  =  -196690.8876


   NSTEP       ENERGY          RMS            GMAX         NAME    NUMBER
   2250      -1.9666E+05     1.4900E-01     1.8116E+01     ND1      1196

 BOND    =    14790.7475  ANGLE   =      462.0072  DIHED      =     2965.9807
 VDWAALS =    35871.9102  EEL     =  -263329.4823  HBOND      =        0.0000
 1-4 VDW =      965.2932  1-4 EEL =    11573.9367  RESTRAINT  =       36.6241
 EAMBER  =  -196699.6068


   NSTEP       ENERGY          RMS            GMAX         NAME    NUMBER
   2300      -1.9667E+05     8.0411E-02     1.0250E+01     ND1      1196

 BOND    =    14791.9212  ANGLE   =      462.0561  DIHED      =     2966.2559
 VDWAALS =    35876.0016  EEL     =  -263344.9073  HBOND      =        0.0000
 1-4 VDW =      965.2694  1-4 EEL =    11574.1118  RESTRAINT  =       36.6227
 EAMBER  =  -196709.2914


   NSTEP       ENERGY          RMS            GMAX         NAME    NUMBER
   2350      -1.9668E+05     1.2076E-01     1.6338E+01     ND1      1196

 BOND    =    14793.5039  ANGLE   =      462.2882  DIHED      =     2966.5576
 VDWAALS =    35880.6167  EEL     =  -263360.6743  HBOND      =        0.0000
 1-4 VDW =      965.2346  1-4 EEL =    11574.2032  RESTRAINT  =       36.6389
 EAMBER  =  -196718.2702


   NSTEP       ENERGY          RMS            GMAX         NAME    NUMBER
   2400      -1.9669E+05     4.3699E-02     2.9192E+00     ND1      1196

 BOND    =    14794.5591  ANGLE   =      462.5323  DIHED      =     2966.8394
 VDWAALS =    35885.6192  EEL     =  -263376.2146  HBOND      =        0.0000
 1-4 VDW =      965.2130  1-4 EEL =    11574.2386  RESTRAINT  =       36.6521
 EAMBER  =  -196727.2130


   NSTEP       ENERGY          RMS            GMAX         NAME    NUMBER
   2450      -1.9670E+05     1.0399E-01     1.3542E+01     ND1      1196

 BOND    =    14796.1382  ANGLE   =      462.8131  DIHED      =     2967.1236
 VDWAALS =    35891.0086  EEL     =  -263392.2907  HBOND      =        0.0000
 1-4 VDW =      965.2031  1-4 EEL =    11574.2849  RESTRAINT  =       36.6685
 EAMBER  =  -196735.7193


   NSTEP       ENERGY          RMS            GMAX         NAME    NUMBER
   2500      -1.9671E+05     1.4882E-01     2.1190E+01     ND1      1196

 BOND    =    14797.7138  ANGLE   =      463.1343  DIHED      =     2967.3884
 VDWAALS =    35896.5561  EEL     =  -263408.1701  HBOND      =        0.0000
 1-4 VDW =      965.2150  1-4 EEL =    11574.3415  RESTRAINT  =       36.6778
 EAMBER  =  -196743.8209


   NSTEP       ENERGY          RMS            GMAX         NAME    NUMBER
   2550      -1.9672E+05     9.0974E-02     1.1729E+01     ND1      1196

 BOND    =    14799.0658  ANGLE   =      463.0774  DIHED      =     2967.6603
 VDWAALS =    35902.2222  EEL     =  -263424.0067  HBOND      =        0.0000
 1-4 VDW =      965.2410  1-4 EEL =    11574.4569  RESTRAINT  =       36.6845
 EAMBER  =  -196752.2831


   NSTEP       ENERGY          RMS            GMAX         NAME    NUMBER
   2600      -1.9672E+05     4.1515E-02     2.8364E+00     ND1      1196

 BOND    =    14800.2346  ANGLE   =      463.3041  DIHED      =     2967.9285
 VDWAALS =    35907.9993  EEL     =  -263439.5603  HBOND      =        0.0000
 1-4 VDW =      965.2666  1-4 EEL =    11574.4262  RESTRAINT  =       36.6903
 EAMBER  =  -196760.4011


   NSTEP       ENERGY          RMS            GMAX         NAME    NUMBER
   2650      -1.9673E+05     3.8997E-02     1.9014E+00     ND1      1196

 BOND    =    14801.5773  ANGLE   =      463.4614  DIHED      =     2968.2005
 VDWAALS =    35913.5917  EEL     =  -263454.5482  HBOND      =        0.0000
 1-4 VDW =      965.2894  1-4 EEL =    11574.4051  RESTRAINT  =       36.6954
 EAMBER  =  -196768.0228


   NSTEP       ENERGY          RMS            GMAX         NAME    NUMBER
   2700      -1.9674E+05     1.1939E-01     1.1606E+01     ND1      1196

 BOND    =    14802.9671  ANGLE   =      463.7459  DIHED      =     2968.4867
 VDWAALS =    35919.2397  EEL     =  -263469.5369  HBOND      =        0.0000
 1-4 VDW =      965.3311  1-4 EEL =    11574.2942  RESTRAINT  =       36.7103
 EAMBER  =  -196775.4721


   NSTEP       ENERGY          RMS            GMAX         NAME    NUMBER
   2750      -1.9675E+05     1.6232E-01     2.1604E+01     ND1      1196

 BOND    =    14804.5274  ANGLE   =      464.0422  DIHED      =     2968.7790
 VDWAALS =    35924.5914  EEL     =  -263484.1219  HBOND      =        0.0000
 1-4 VDW =      965.3086  1-4 EEL =    11574.2678  RESTRAINT  =       36.7179
 EAMBER  =  -196782.6054


   NSTEP       ENERGY          RMS            GMAX         NAME    NUMBER
   2800      -1.9675E+05     7.8168E-02     1.0256E+01     ND1      1196

 BOND    =    14805.6901  ANGLE   =      463.8853  DIHED      =     2969.0924
 VDWAALS =    35929.8331  EEL     =  -263498.6011  HBOND      =        0.0000
 1-4 VDW =      965.3242  1-4 EEL =    11574.3435  RESTRAINT  =       36.7132
 EAMBER  =  -196790.4324


   NSTEP       ENERGY          RMS            GMAX         NAME    NUMBER
   2850      -1.9676E+05     1.3425E-01     1.8772E+01     ND1      1196

 BOND    =    14807.2668  ANGLE   =      464.0304  DIHED      =     2969.4206
 VDWAALS =    35935.0801  EEL     =  -263513.0752  HBOND      =        0.0000
 1-4 VDW =      965.3345  1-4 EEL =    11574.3579  RESTRAINT  =       36.7192
 EAMBER  =  -196797.5849


   NSTEP       ENERGY          RMS            GMAX         NAME    NUMBER
   2900      -1.9677E+05     5.7102E-02     5.7782E+00     ND1      1196

 BOND    =    14808.0952  ANGLE   =      464.2052  DIHED      =     2969.7532
 VDWAALS =    35940.1766  EEL     =  -263526.8602  HBOND      =        0.0000
 1-4 VDW =      965.3287  1-4 EEL =    11574.2723  RESTRAINT  =       36.7298
 EAMBER  =  -196805.0291


   NSTEP       ENERGY          RMS            GMAX         NAME    NUMBER
   2950      -1.9678E+05     3.8606E-02     2.4485E+00     ND1      1196

 BOND    =    14809.3718  ANGLE   =      464.2575  DIHED      =     2970.0944
 VDWAALS =    35945.1330  EEL     =  -263540.7067  HBOND      =        0.0000
 1-4 VDW =      965.3402  1-4 EEL =    11574.2946  RESTRAINT  =       36.7337
 EAMBER  =  -196812.2151


   NSTEP       ENERGY          RMS            GMAX         NAME    NUMBER
   3000      -1.9678E+05     6.2982E-02     7.6849E+00     ND1      1196

 BOND    =    14810.6957  ANGLE   =      464.3360  DIHED      =     2970.4396
 VDWAALS =    35950.0013  EEL     =  -263554.3793  HBOND      =        0.0000
 1-4 VDW =      965.3519  1-4 EEL =    11574.3079  RESTRAINT  =       36.7398
 EAMBER  =  -196819.2470


   NSTEP       ENERGY          RMS            GMAX         NAME    NUMBER
   3050      -1.9679E+05     1.1106E-01     1.4149E+01     ND1      1196

 BOND    =    14812.1225  ANGLE   =      464.4603  DIHED      =     2970.7810
 VDWAALS =    35954.6772  EEL     =  -263567.7191  HBOND      =        0.0000
 1-4 VDW =      965.3561  1-4 EEL =    11574.2985  RESTRAINT  =       36.7517
 EAMBER  =  -196826.0235


   NSTEP       ENERGY          RMS            GMAX         NAME    NUMBER
   3100      -1.9680E+05     1.4858E-01     1.8941E+01     ND1      1196

 BOND    =    14813.5392  ANGLE   =      464.5700  DIHED      =     2971.1165
 VDWAALS =    35959.1976  EEL     =  -263580.7469  HBOND      =        0.0000
 1-4 VDW =      965.3661  1-4 EEL =    11574.3025  RESTRAINT  =       36.7642
 EAMBER  =  -196832.6549


   NSTEP       ENERGY          RMS            GMAX         NAME    NUMBER
   3150      -1.9680E+05     6.8723E-02     8.4754E+00     ND1      1196

 BOND    =    14814.2926  ANGLE   =      464.6656  DIHED      =     2971.4518
 VDWAALS =    35963.7257  EEL     =  -263593.9037  HBOND      =        0.0000
 1-4 VDW =      965.3770  1-4 EEL =    11574.2578  RESTRAINT  =       36.7634
 EAMBER  =  -196840.1332


   NSTEP       ENERGY          RMS            GMAX         NAME    NUMBER
   3200      -1.9681E+05     3.8519E-02     2.4458E+00     ND1      1196

 BOND    =    14815.4832  ANGLE   =      464.6617  DIHED      =     2971.7710
 VDWAALS =    35967.9465  EEL     =  -263606.4715  HBOND      =        0.0000
 1-4 VDW =      965.3928  1-4 EEL =    11574.2940  RESTRAINT  =       36.7685
 EAMBER  =  -196846.9222


   NSTEP       ENERGY          RMS            GMAX         NAME    NUMBER
   3250      -1.9682E+05     3.8965E-02     2.4349E+00     ND1      1196

 BOND    =    14816.6719  ANGLE   =      464.7285  DIHED      =     2972.0841
 VDWAALS =    35972.0651  EEL     =  -263618.9819  HBOND      =        0.0000
 1-4 VDW =      965.4054  1-4 EEL =    11574.2980  RESTRAINT  =       36.7759
 EAMBER  =  -196853.7287


   NSTEP       ENERGY          RMS            GMAX         NAME    NUMBER
   3300      -1.9682E+05     1.1325E-01     1.1368E+01     ND1      1196

 BOND    =    14818.1148  ANGLE   =      464.7834  DIHED      =     2972.3961
 VDWAALS =    35976.1327  EEL     =  -263631.6796  HBOND      =        0.0000
 1-4 VDW =      965.4285  1-4 EEL =    11574.3495  RESTRAINT  =       36.7926
 EAMBER  =  -196860.4747


   NSTEP       ENERGY          RMS            GMAX         NAME    NUMBER
   3350      -1.9683E+05     3.8429E-02     2.4721E+00     ND1      1196

 BOND    =    14818.9970  ANGLE   =      464.8800  DIHED      =     2972.6892
 VDWAALS =    35979.9602  EEL     =  -263643.7141  HBOND      =        0.0000
 1-4 VDW =      965.4288  1-4 EEL =    11574.2916  RESTRAINT  =       36.7914
 EAMBER  =  -196867.4673


   NSTEP       ENERGY          RMS            GMAX         NAME    NUMBER
   3400      -1.9684E+05     6.7998E-02     7.4315E+00     ND1      1196

 BOND    =    14820.2005  ANGLE   =      464.9808  DIHED      =     2972.9774
 VDWAALS =    35983.7496  EEL     =  -263656.0598  HBOND      =        0.0000
 1-4 VDW =      965.4365  1-4 EEL =    11574.2713  RESTRAINT  =       36.8025
 EAMBER  =  -196874.4437


   NSTEP       ENERGY          RMS            GMAX         NAME    NUMBER
   3450      -1.9684E+05     1.3929E-01     1.7144E+01     ND1      1196

 BOND    =    14821.4903  ANGLE   =      465.1277  DIHED      =     2973.2310
 VDWAALS =    35987.2493  EEL     =  -263667.6808  HBOND      =        0.0000
 1-4 VDW =      965.4592  1-4 EEL =    11574.2861  RESTRAINT  =       36.8167
 EAMBER  =  -196880.8372


   NSTEP       ENERGY          RMS            GMAX         NAME    NUMBER
   3500      -1.9685E+05     5.9086E-02     6.8037E+00     ND1      1196

 BOND    =    14822.4959  ANGLE   =      464.9973  DIHED      =     2973.4769
 VDWAALS =    35990.7447  EEL     =  -263679.5591  HBOND      =        0.0000
 1-4 VDW =      965.4669  1-4 EEL =    11574.3220  RESTRAINT  =       36.8151
 EAMBER  =  -196888.0554


   NSTEP       ENERGY          RMS            GMAX         NAME    NUMBER
   3550      -1.9686E+05     1.1899E-01     1.3708E+01     ND1      1196

 BOND    =    14823.8183  ANGLE   =      465.0569  DIHED      =     2973.6963
 VDWAALS =    35994.1727  EEL     =  -263691.0751  HBOND      =        0.0000
 1-4 VDW =      965.4762  1-4 EEL =    11574.3274  RESTRAINT  =       36.8322
 EAMBER  =  -196894.5273


   NSTEP       ENERGY          RMS            GMAX         NAME    NUMBER
   3600      -1.9686E+05     4.7394E-02     4.3019E+00     ND1      1196

 BOND    =    14824.5993  ANGLE   =      465.0949  DIHED      =     2973.8840
 VDWAALS =    35997.5711  EEL     =  -263702.4759  HBOND      =        0.0000
 1-4 VDW =      965.4949  1-4 EEL =    11574.3157  RESTRAINT  =       36.8308
 EAMBER  =  -196901.5161


   NSTEP       ENERGY          RMS            GMAX         NAME    NUMBER
   3650      -1.9687E+05     1.0281E-01     1.1435E+01     ND1      1196

 BOND    =    14825.8010  ANGLE   =      465.1778  DIHED      =     2974.0508
 VDWAALS =    36001.0023  EEL     =  -263713.9877  HBOND      =        0.0000
 1-4 VDW =      965.5119  1-4 EEL =    11574.3169  RESTRAINT  =       36.8451
 EAMBER  =  -196908.1270


   NSTEP       ENERGY          RMS            GMAX         NAME    NUMBER
   3700      -1.9688E+05     4.4302E-02     4.0963E+00     ND1      1196

 BOND    =    14826.8652  ANGLE   =      465.0895  DIHED      =     2974.1999
 VDWAALS =    36004.4754  EEL     =  -263725.5662  HBOND      =        0.0000
 1-4 VDW =      965.5221  1-4 EEL =    11574.3430  RESTRAINT  =       36.8460
 EAMBER  =  -196915.0712


   NSTEP       ENERGY          RMS            GMAX         NAME    NUMBER
   3750      -1.9689E+05     8.4396E-02     9.9955E+00     ND1      1196

 BOND    =    14828.1644  ANGLE   =      465.0914  DIHED      =     2974.3301
 VDWAALS =    36008.1548  EEL     =  -263737.5855  HBOND      =        0.0000
 1-4 VDW =      965.5408  1-4 EEL =    11574.3773  RESTRAINT  =       36.8560
 EAMBER  =  -196921.9267


   NSTEP       ENERGY          RMS            GMAX         NAME    NUMBER
   3800      -1.9689E+05     1.1280E-01     1.5796E+01     ND1      1196

 BOND    =    14829.4842  ANGLE   =      465.1052  DIHED      =     2974.4417
 VDWAALS =    36011.7829  EEL     =  -263749.2057  HBOND      =        0.0000
 1-4 VDW =      965.5521  1-4 EEL =    11574.3806  RESTRAINT  =       36.8625
 EAMBER  =  -196928.4590


   NSTEP       ENERGY          RMS            GMAX         NAME    NUMBER
   3850      -1.9690E+05     6.5422E-02     8.1810E+00     ND1      1196

 BOND    =    14830.3454  ANGLE   =      465.1679  DIHED      =     2974.5358
 VDWAALS =    36015.5457  EEL     =  -263761.0001  HBOND      =        0.0000
 1-4 VDW =      965.5616  1-4 EEL =    11574.3286  RESTRAINT  =       36.8724
 EAMBER  =  -196935.5151


   NSTEP       ENERGY          RMS            GMAX         NAME    NUMBER
   3900      -1.9691E+05     1.0584E-01     1.4271E+01     ND1      1196

 BOND    =    14831.6235  ANGLE   =      465.2237  DIHED      =     2974.6146
 VDWAALS =    36019.4200  EEL     =  -263773.0824  HBOND      =        0.0000
 1-4 VDW =      965.5789  1-4 EEL =    11574.3341  RESTRAINT  =       36.8820
 EAMBER  =  -196942.2876


   NSTEP       ENERGY          RMS            GMAX         NAME    NUMBER
   3950      -1.9691E+05     4.4127E-02     4.1742E+00     ND1      1196

 BOND    =    14832.7368  ANGLE   =      465.0887  DIHED      =     2974.6806
 VDWAALS =    36023.2040  EEL     =  -263784.7583  HBOND      =        0.0000
 1-4 VDW =      965.5951  1-4 EEL =    11574.3821  RESTRAINT  =       36.8870
 EAMBER  =  -196949.0710


   NSTEP       ENERGY          RMS            GMAX         NAME    NUMBER
   4000      -1.9692E+05     9.5657E-02     1.0732E+01     ND1      1196

 BOND    =    14834.0614  ANGLE   =      465.0812  DIHED      =     2974.7327
 VDWAALS =    36027.0375  EEL     =  -263796.5366  HBOND      =        0.0000
 1-4 VDW =      965.6173  1-4 EEL =    11574.4254  RESTRAINT  =       36.8989
 EAMBER  =  -196955.5810


   NSTEP       ENERGY          RMS            GMAX         NAME    NUMBER
   4050      -1.9693E+05     3.9991E-02     3.1553E+00     ND1      1196

 BOND    =    14834.9881  ANGLE   =      465.1133  DIHED      =     2974.7813
 VDWAALS =    36030.8073  EEL     =  -263807.7724  HBOND      =        0.0000
 1-4 VDW =      965.6214  1-4 EEL =    11574.3830  RESTRAINT  =       36.9033
 EAMBER  =  -196962.0781


   NSTEP       ENERGY          RMS            GMAX         NAME    NUMBER
   4100      -1.9693E+05     5.5999E-02     6.3629E+00     ND1      1196

 BOND    =    14836.1465  ANGLE   =      465.1303  DIHED      =     2974.8169
 VDWAALS =    36034.5979  EEL     =  -263819.1987  HBOND      =        0.0000
 1-4 VDW =      965.6352  1-4 EEL =    11574.3883  RESTRAINT  =       36.9116
 EAMBER  =  -196968.4837


   NSTEP       ENERGY          RMS            GMAX         NAME    NUMBER
   4150      -1.9694E+05     1.0953E-01     1.3828E+01     ND1      1196

 BOND    =    14837.3996  ANGLE   =      465.2040  DIHED      =     2974.8434
 VDWAALS =    36038.4017  EEL     =  -263830.5533  HBOND      =        0.0000
 1-4 VDW =      965.6483  1-4 EEL =    11574.3889  RESTRAINT  =       36.9241
 EAMBER  =  -196974.6675


   NSTEP       ENERGY          RMS            GMAX         NAME    NUMBER
   4200      -1.9694E+05     3.7867E-02     2.7451E+00     ND1      1196

 BOND    =    14838.4289  ANGLE   =      465.0764  DIHED      =     2974.8664
 VDWAALS =    36042.1665  EEL     =  -263841.7454  HBOND      =        0.0000
 1-4 VDW =      965.6570  1-4 EEL =    11574.4214  RESTRAINT  =       36.9271
 EAMBER  =  -196981.1288


   NSTEP       ENERGY          RMS            GMAX         NAME    NUMBER
   4250      -1.9695E+05     9.8423E-02     1.3445E+01     ND1      1196

 BOND    =    14839.7735  ANGLE   =      465.0720  DIHED      =     2974.8826
 VDWAALS =    36046.0734  EEL     =  -263853.0876  HBOND      =        0.0000
 1-4 VDW =      965.6670  1-4 EEL =    11574.4491  RESTRAINT  =       36.9355
 EAMBER  =  -196987.1700


   NSTEP       ENERGY          RMS            GMAX         NAME    NUMBER
   4300      -1.9696E+05     4.1619E-02     3.9028E+00     ND1      1196

 BOND    =    14840.6053  ANGLE   =      465.1108  DIHED      =     2974.8916
 VDWAALS =    36049.9888  EEL     =  -263864.0033  HBOND      =        0.0000
 1-4 VDW =      965.6736  1-4 EEL =    11574.4200  RESTRAINT  =       36.9437
 EAMBER  =  -196993.3133


   NSTEP       ENERGY          RMS            GMAX         NAME    NUMBER
   4350      -1.9696E+05     8.0037E-02     1.0893E+01     ND1      1196

 BOND    =    14841.7161  ANGLE   =      465.1726  DIHED      =     2974.8975
 VDWAALS =    36053.9692  EEL     =  -263874.7777  HBOND      =        0.0000
 1-4 VDW =      965.6806  1-4 EEL =    11574.4108  RESTRAINT  =       36.9522
 EAMBER  =  -196998.9310


   NSTEP       ENERGY          RMS            GMAX         NAME    NUMBER
   4400      -1.9697E+05     1.3173E-01     1.2892E+01     C        3297

 BOND    =    14842.8971  ANGLE   =      465.2098  DIHED      =     2974.8908
 VDWAALS =    36057.8485  EEL     =  -263885.2665  HBOND      =        0.0000
 1-4 VDW =      965.7002  1-4 EEL =    11574.4475  RESTRAINT  =       36.9806
 EAMBER  =  -197004.2726


   NSTEP       ENERGY          RMS            GMAX         NAME    NUMBER
   4450      -1.9697E+05     5.0332E-02     5.6935E+00     ND1      1196

 BOND    =    14843.8175  ANGLE   =      465.0773  DIHED      =     2974.8941
 VDWAALS =    36061.6743  EEL     =  -263895.6592  HBOND      =        0.0000
 1-4 VDW =      965.7008  1-4 EEL =    11574.4656  RESTRAINT  =       36.9664
 EAMBER  =  -197010.0296


   NSTEP       ENERGY          RMS            GMAX         NAME    NUMBER
   4500      -1.9698E+05     1.0051E-01     1.2268E+01     ND1      1196

 BOND    =    14844.9709  ANGLE   =      465.0834  DIHED      =     2974.8860
 VDWAALS =    36065.3497  EEL     =  -263905.7426  HBOND      =        0.0000
 1-4 VDW =      965.7146  1-4 EEL =    11574.5010  RESTRAINT  =       36.9771
 EAMBER  =  -197015.2369


   NSTEP       ENERGY          RMS            GMAX         NAME    NUMBER
   4550      -1.9698E+05     3.4455E-02     2.3522E+00     ND1      1196

 BOND    =    14845.6712  ANGLE   =      465.1100  DIHED      =     2974.8821
 VDWAALS =    36068.9107  EEL     =  -263915.4902  HBOND      =        0.0000
 1-4 VDW =      965.7156  1-4 EEL =    11574.4609  RESTRAINT  =       36.9814
 EAMBER  =  -197020.7397


   NSTEP       ENERGY          RMS            GMAX         NAME    NUMBER
   4600      -1.9699E+05     6.5856E-02     7.6365E+00     ND1      1196

 BOND    =    14846.6439  ANGLE   =      465.1498  DIHED      =     2974.8738
 VDWAALS =    36072.3595  EEL     =  -263925.2537  HBOND      =        0.0000
 1-4 VDW =      965.7213  1-4 EEL =    11574.4508  RESTRAINT  =       36.9906
 EAMBER  =  -197026.0545


   NSTEP       ENERGY          RMS            GMAX         NAME    NUMBER
   4650      -1.9699E+05     1.2482E-01     1.5329E+01     ND1      1196

 BOND    =    14847.6755  ANGLE   =      465.2390  DIHED      =     2974.8544
 VDWAALS =    36075.5797  EEL     =  -263934.6151  HBOND      =        0.0000
 1-4 VDW =      965.7399  1-4 EEL =    11574.4707  RESTRAINT  =       37.0025
 EAMBER  =  -197031.0559


   NSTEP       ENERGY          RMS            GMAX         NAME    NUMBER
   4700      -1.9700E+05     4.9907E-02     5.4719E+00     ND1      1196

 BOND    =    14848.4910  ANGLE   =      465.0757  DIHED      =     2974.8430
 VDWAALS =    36078.6856  EEL     =  -263944.1236  HBOND      =        0.0000
 1-4 VDW =      965.7498  1-4 EEL =    11574.5170  RESTRAINT  =       37.0000
 EAMBER  =  -197036.7616


   NSTEP       ENERGY          RMS            GMAX         NAME    NUMBER
   4750      -1.9701E+05     9.9598E-02     1.3549E+01     ND1      1196

 BOND    =    14849.5983  ANGLE   =      465.0727  DIHED      =     2974.8310
 VDWAALS =    36081.7829  EEL     =  -263953.7953  HBOND      =        0.0000
 1-4 VDW =      965.7592  1-4 EEL =    11574.5373  RESTRAINT  =       37.0068
 EAMBER  =  -197042.2139


   NSTEP       ENERGY          RMS            GMAX         NAME    NUMBER
   4800      -1.9701E+05     3.5850E-02     2.3600E+00     ND1      1196

 BOND    =    14850.2099  ANGLE   =      465.1034  DIHED      =     2974.8142
 VDWAALS =    36084.7367  EEL     =  -263963.1666  HBOND      =        0.0000
 1-4 VDW =      965.7693  1-4 EEL =    11574.5216  RESTRAINT  =       37.0119
 EAMBER  =  -197048.0117


   NSTEP       ENERGY          RMS            GMAX         NAME    NUMBER
   4850      -1.9702E+05     9.7771E-02     1.1959E+01     ND1      1196

 BOND    =    14851.2133  ANGLE   =      465.1865  DIHED      =     2974.7942
 VDWAALS =    36087.8017  EEL     =  -263973.2867  HBOND      =        0.0000
 1-4 VDW =      965.7848  1-4 EEL =    11574.5264  RESTRAINT  =       37.0213
 EAMBER  =  -197053.9798


   NSTEP       ENERGY          RMS            GMAX         NAME    NUMBER
   4900      -1.9702E+05     1.4512E-01     1.3666E+01     ND1      1196

 BOND    =    14852.3404  ANGLE   =      465.2353  DIHED      =     2974.7921
 VDWAALS =    36090.8429  EEL     =  -263983.2915  HBOND      =        0.0000
 1-4 VDW =      965.7768  1-4 EEL =    11574.4887  RESTRAINT  =       37.0500
 EAMBER  =  -197059.8152


   NSTEP       ENERGY          RMS            GMAX         NAME    NUMBER
   4950      -1.9703E+05     5.7198E-02     6.4807E+00     ND1      1196

 BOND    =    14853.1235  ANGLE   =      465.0692  DIHED      =     2974.7670
 VDWAALS =    36093.9085  EEL     =  -263993.7865  HBOND      =        0.0000
 1-4 VDW =      965.8050  1-4 EEL =    11574.5807  RESTRAINT  =       37.0285
 EAMBER  =  -197066.5327


   NSTEP       ENERGY          RMS            GMAX         NAME    NUMBER
   5000      -1.9704E+05     3.5285E-02     1.8144E+00     ND1      1196

 BOND    =    14853.9845  ANGLE   =      465.1021  DIHED      =     2974.7518
 VDWAALS =    36097.0886  EEL     =  -264004.0188  HBOND      =        0.0000
 1-4 VDW =      965.8148  1-4 EEL =    11574.5804  RESTRAINT  =       37.0338
 EAMBER  =  -197072.6966


   NSTEP       ENERGY          RMS            GMAX         NAME    NUMBER
   5050      -1.9704E+05     3.7113E-02     2.5039E+00     ND1      1196

 BOND    =    14854.9519  ANGLE   =      465.1090  DIHED      =     2974.7380
 VDWAALS =    36100.4010  EEL     =  -264014.5863  HBOND      =        0.0000
 1-4 VDW =      965.8264  1-4 EEL =    11574.5960  RESTRAINT  =       37.0391
 EAMBER  =  -197078.9640


   NSTEP       ENERGY          RMS            GMAX         NAME    NUMBER
   5100      -1.9705E+05     9.2116E-02     1.2653E+01     ND1      1196

 BOND    =    14856.0000  ANGLE   =      465.1962  DIHED      =     2974.7270
 VDWAALS =    36103.7798  EEL     =  -264025.0696  HBOND      =        0.0000
 1-4 VDW =      965.8355  1-4 EEL =    11574.5852  RESTRAINT  =       37.0455
 EAMBER  =  -197084.9459


   NSTEP       ENERGY          RMS            GMAX         NAME    NUMBER
   5150      -1.9705E+05     4.0220E-02     3.4581E+00     ND1      1196

 BOND    =    14856.9726  ANGLE   =      465.0870  DIHED      =     2974.7142
 VDWAALS =    36107.1495  EEL     =  -264035.7451  HBOND      =        0.0000
 1-4 VDW =      965.8510  1-4 EEL =    11574.6436  RESTRAINT  =       37.0492
 EAMBER  =  -197091.3272


   NSTEP       ENERGY          RMS            GMAX         NAME    NUMBER
   5200      -1.9706E+05     8.4542E-02     1.0013E+01     ND1      1196

 BOND    =    14858.0908  ANGLE   =      465.0897  DIHED      =     2974.7007
 VDWAALS =    36110.4405  EEL     =  -264046.1905  HBOND      =        0.0000
 1-4 VDW =      965.8677  1-4 EEL =    11574.6878  RESTRAINT  =       37.0561
 EAMBER  =  -197097.3133


   NSTEP       ENERGY          RMS            GMAX         NAME    NUMBER
   5250      -1.9707E+05     1.2099E-01     1.5221E+01     ND1      1196

 BOND    =    14859.2587  ANGLE   =      465.1084  DIHED      =     2974.6894
 VDWAALS =    36113.7283  EEL     =  -264056.7083  HBOND      =        0.0000
 1-4 VDW =      965.8833  1-4 EEL =    11574.7245  RESTRAINT  =       37.0638
 EAMBER  =  -197103.3157


   NSTEP       ENERGY          RMS            GMAX         NAME    NUMBER
   5300      -1.9707E+05     3.4924E-02     1.8265E+00     ND1      1196

 BOND    =    14859.8890  ANGLE   =      465.1215  DIHED      =     2974.6863
 VDWAALS =    36116.9116  EEL     =  -264066.5456  HBOND      =        0.0000
 1-4 VDW =      965.8872  1-4 EEL =    11574.6871  RESTRAINT  =       37.0642
 EAMBER  =  -197109.3628


   NSTEP       ENERGY          RMS            GMAX         NAME    NUMBER
   5350      -1.9708E+05     1.0112E-01     1.3088E+01     ND1      1196

 BOND    =    14860.9774  ANGLE   =      465.2207  DIHED      =     2974.6847
 VDWAALS =    36120.0740  EEL     =  -264076.5955  HBOND      =        0.0000
 1-4 VDW =      965.8933  1-4 EEL =    11574.6656  RESTRAINT  =       37.0735
 EAMBER  =  -197115.0798


   NSTEP       ENERGY          RMS            GMAX         NAME    NUMBER
   5400      -1.9708E+05     3.5671E-02     2.3511E+00     ND1      1196

 BOND    =    14861.8573  ANGLE   =      465.1089  DIHED      =     2974.6752
 VDWAALS =    36122.9455  EEL     =  -264086.2929  HBOND      =        0.0000
 1-4 VDW =      965.9135  1-4 EEL =    11574.7310  RESTRAINT  =       37.0728
 EAMBER  =  -197121.0615


   NSTEP       ENERGY          RMS            GMAX         NAME    NUMBER
   5450      -1.9709E+05     9.3141E-02     1.0492E+01     ND1      1196

 BOND    =    14863.0290  ANGLE   =      465.1047  DIHED      =     2974.6755
 VDWAALS =    36125.8380  EEL     =  -264096.1343  HBOND      =        0.0000
 1-4 VDW =      965.9239  1-4 EEL =    11574.7544  RESTRAINT  =       37.0830
 EAMBER  =  -197126.8089


   NSTEP       ENERGY          RMS            GMAX         NAME    NUMBER
   5500      -1.9710E+05     1.3260E-01     1.4233E+01     ND1      1196

 BOND    =    14864.0853  ANGLE   =      465.1361  DIHED      =     2974.6600
 VDWAALS =    36128.4257  EEL     =  -264105.3460  HBOND      =        0.0000
 1-4 VDW =      965.9542  1-4 EEL =    11574.8212  RESTRAINT  =       37.0940
 EAMBER  =  -197132.2635


   NSTEP       ENERGY          RMS            GMAX         NAME    NUMBER
   5550      -1.9710E+05     5.7491E-02     7.1418E+00     ND1      1196

 BOND    =    14864.6399  ANGLE   =      465.1783  DIHED      =     2974.6678
 VDWAALS =    36131.0628  EEL     =  -264114.3873  HBOND      =        0.0000
 1-4 VDW =      965.9528  1-4 EEL =    11574.7649  RESTRAINT  =       37.0853
 EAMBER  =  -197138.1209


   NSTEP       ENERGY          RMS            GMAX         NAME    NUMBER
   5600      -1.9711E+05     1.1215E-01     1.2796E+01     ND1      1196

 BOND    =    14865.6504  ANGLE   =      465.2535  DIHED      =     2974.6639
 VDWAALS =    36133.5614  EEL     =  -264123.3343  HBOND      =        0.0000
 1-4 VDW =      965.9724  1-4 EEL =    11574.7890  RESTRAINT  =       37.0968
 EAMBER  =  -197143.4437


   NSTEP       ENERGY          RMS            GMAX         NAME    NUMBER
   5650      -1.9711E+05     3.4781E-02     2.1948E+00     ND1      1196

 BOND    =    14866.4498  ANGLE   =      465.1350  DIHED      =     2974.6716
 VDWAALS =    36135.9116  EEL     =  -264132.0237  HBOND      =        0.0000
 1-4 VDW =      965.9818  1-4 EEL =    11574.8249  RESTRAINT  =       37.0919
 EAMBER  =  -197149.0490


   NSTEP       ENERGY          RMS            GMAX         NAME    NUMBER
   5700      -1.9712E+05     1.0728E-01     1.0806E+01     ND1      1196

 BOND    =    14867.6016  ANGLE   =      465.1400  DIHED      =     2974.6835
 VDWAALS =    36138.3287  EEL     =  -264141.1591  HBOND      =        0.0000
 1-4 VDW =      965.9906  1-4 EEL =    11574.8413  RESTRAINT  =       37.1070
 EAMBER  =  -197154.5733


   NSTEP       ENERGY          RMS            GMAX         NAME    NUMBER
   5750      -1.9712E+05     4.0341E-02     3.7973E+00     ND1      1196

 BOND    =    14868.1848  ANGLE   =      465.1790  DIHED      =     2974.6839
 VDWAALS =    36140.5064  EEL     =  -264149.6160  HBOND      =        0.0000
 1-4 VDW =      966.0072  1-4 EEL =    11574.8466  RESTRAINT  =       37.0990
 EAMBER  =  -197160.2080


   NSTEP       ENERGY          RMS            GMAX         NAME    NUMBER
   5800      -1.9713E+05     7.8452E-02     1.0281E+01     ND1      1196

 BOND    =    14869.0739  ANGLE   =      465.2402  DIHED      =     2974.6915
 VDWAALS =    36142.6306  EEL     =  -264158.1084  HBOND      =        0.0000
 1-4 VDW =      966.0210  1-4 EEL =    11574.8538  RESTRAINT  =       37.1030
 EAMBER  =  -197165.5974


   NSTEP       ENERGY          RMS            GMAX         NAME    NUMBER
   5850      -1.9713E+05     1.1642E-01     1.4383E+01     ND1      1196

 BOND    =    14869.9939  ANGLE   =      465.3036  DIHED      =     2974.6981
 VDWAALS =    36144.6336  EEL     =  -264166.3898  HBOND      =        0.0000
 1-4 VDW =      966.0377  1-4 EEL =    11574.8725  RESTRAINT  =       37.1113
 EAMBER  =  -197170.8505


   NSTEP       ENERGY          RMS            GMAX         NAME    NUMBER
   5900      -1.9714E+05     4.6137E-02     4.4269E+00     ND1      1196

 BOND    =    14870.7456  ANGLE   =      465.1700  DIHED      =     2974.7107
 VDWAALS =    36146.5540  EEL     =  -264174.7435  HBOND      =        0.0000
 1-4 VDW =      966.0510  1-4 EEL =    11574.9232  RESTRAINT  =       37.1073
 EAMBER  =  -197176.5890


   NSTEP       ENERGY          RMS            GMAX         NAME    NUMBER
   5950      -1.9714E+05     9.4581E-02     1.2951E+01     ND1      1196

 BOND    =    14871.7442  ANGLE   =      465.1784  DIHED      =     2974.7210
 VDWAALS =    36148.4057  EEL     =  -264182.9505  HBOND      =        0.0000
 1-4 VDW =      966.0663  1-4 EEL =    11574.9599  RESTRAINT  =       37.1096
 EAMBER  =  -197181.8750


   NSTEP       ENERGY          RMS            GMAX         NAME    NUMBER
   6000      -1.9715E+05     3.3971E-02     2.0418E+00     ND1      1196

 BOND    =    14872.3081  ANGLE   =      465.2150  DIHED      =     2974.7350
 VDWAALS =    36150.2231  EEL     =  -264190.8931  HBOND      =        0.0000
 1-4 VDW =      966.0731  1-4 EEL =    11574.9350  RESTRAINT  =       37.1130
 EAMBER  =  -197187.4039


   NSTEP       ENERGY          RMS            GMAX         NAME    NUMBER
   6050      -1.9716E+05     8.8622E-02     9.7759E+00     ND1      1196

 BOND    =    14873.2179  ANGLE   =      465.2885  DIHED      =     2974.7516
 VDWAALS =    36152.0772  EEL     =  -264199.0814  HBOND      =        0.0000
 1-4 VDW =      966.0798  1-4 EEL =    11574.9191  RESTRAINT  =       37.1222
 EAMBER  =  -197192.7474


   NSTEP       ENERGY          RMS            GMAX         NAME    NUMBER
   6100      -1.9716E+05     3.4280E-02     2.2251E+00     ND1      1196

 BOND    =    14873.9585  ANGLE   =      465.2199  DIHED      =     2974.7562
 VDWAALS =    36153.7872  EEL     =  -264207.0786  HBOND      =        0.0000
 1-4 VDW =      966.1016  1-4 EEL =    11574.9781  RESTRAINT  =       37.1174
 EAMBER  =  -197198.2772


   NSTEP       ENERGY          RMS            GMAX         NAME    NUMBER
   6150      -1.9717E+05     7.0442E-02     9.0259E+00     ND1      1196

 BOND    =    14874.8950  ANGLE   =      465.2212  DIHED      =     2974.7662
 VDWAALS =    36155.5743  EEL     =  -264215.3076  HBOND      =        0.0000
 1-4 VDW =      966.1157  1-4 EEL =    11575.0061  RESTRAINT  =       37.1201
 EAMBER  =  -197203.7290


   NSTEP       ENERGY          RMS            GMAX         NAME    NUMBER
   6200      -1.9717E+05     1.0132E-01     1.1922E+01     ND1      1196

 BOND    =    14875.8367  ANGLE   =      465.2389  DIHED      =     2974.7766
 VDWAALS =    36157.3745  EEL     =  -264223.3906  HBOND      =        0.0000
 1-4 VDW =      966.1268  1-4 EEL =    11575.0188  RESTRAINT  =       37.1281
 EAMBER  =  -197209.0182


   NSTEP       ENERGY          RMS            GMAX         NAME    NUMBER
   6250      -1.9718E+05     5.2270E-02     6.2363E+00     ND1      1196

 BOND    =    14876.4072  ANGLE   =      465.3053  DIHED      =     2974.7785
 VDWAALS =    36159.1871  EEL     =  -264231.3818  HBOND      =        0.0000
 1-4 VDW =      966.1426  1-4 EEL =    11575.0099  RESTRAINT  =       37.1249
 EAMBER  =  -197214.5513


   NSTEP       ENERGY          RMS            GMAX         NAME    NUMBER
   6300      -1.9718E+05     9.2508E-02     1.2535E+01     ND1      1196

 BOND    =    14877.3091  ANGLE   =      465.3764  DIHED      =     2974.7857
 VDWAALS =    36161.0362  EEL     =  -264239.3832  HBOND      =        0.0000
 1-4 VDW =      966.1531  1-4 EEL =    11575.0054  RESTRAINT  =       37.1290
 EAMBER  =  -197219.7173


   NSTEP       ENERGY          RMS            GMAX         NAME    NUMBER
   6350      -1.9719E+05     3.8531E-02     3.5334E+00     ND1      1196

 BOND    =    14878.1049  ANGLE   =      465.2810  DIHED      =     2974.7873
 VDWAALS =    36162.8898  EEL     =  -264247.3833  HBOND      =        0.0000
 1-4 VDW =      966.1722  1-4 EEL =    11575.0676  RESTRAINT  =       37.1286
 EAMBER  =  -197225.0804


   NSTEP       ENERGY          RMS            GMAX         NAME    NUMBER
   6400      -1.9719E+05     7.4720E-02     9.8834E+00     ND1      1196

 BOND    =    14879.0387  ANGLE   =      465.2900  DIHED      =     2974.7880
 VDWAALS =    36164.8677  EEL     =  -264255.3685  HBOND      =        0.0000
 1-4 VDW =      966.1898  1-4 EEL =    11575.1073  RESTRAINT  =       37.1304
 EAMBER  =  -197230.0870


   NSTEP       ENERGY          RMS            GMAX         NAME    NUMBER
   6450      -1.9720E+05     3.3125E-02     2.2792E+00     ND1      1196

 BOND    =    14879.6829  ANGLE   =      465.3369  DIHED      =     2974.7926
 VDWAALS =    36166.9398  EEL     =  -264263.1782  HBOND      =        0.0000
 1-4 VDW =      966.1988  1-4 EEL =    11575.0926  RESTRAINT  =       37.1332
 EAMBER  =  -197235.1347


   NSTEP       ENERGY          RMS            GMAX         NAME    NUMBER
   6500      -1.9720E+05     3.7691E-02     3.5386E+00     ND1      1196

 BOND    =    14880.4926  ANGLE   =      465.3606  DIHED      =     2974.7948
 VDWAALS =    36169.1249  EEL     =  -264271.1777  HBOND      =        0.0000
 1-4 VDW =      966.2124  1-4 EEL =    11575.1080  RESTRAINT  =       37.1355
 EAMBER  =  -197240.0844


   NSTEP       ENERGY          RMS            GMAX         NAME    NUMBER
   6550      -1.9721E+05     1.0967E-01     1.2251E+01     ND1      1196

 BOND    =    14881.4722  ANGLE   =      465.4789  DIHED      =     2974.8010
 VDWAALS =    36171.4098  EEL     =  -264279.3632  HBOND      =        0.0000
 1-4 VDW =      966.2038  1-4 EEL =    11575.1135  RESTRAINT  =       37.1479
 EAMBER  =  -197244.8841


   NSTEP       ENERGY          RMS            GMAX         NAME    NUMBER
   6600      -1.9721E+05     3.2265E-02     2.1167E+00     ND1      1196

 BOND    =    14882.0637  ANGLE   =      465.3645  DIHED      =     2974.7977
 VDWAALS =    36173.5010  EEL     =  -264286.8964  HBOND      =        0.0000
 1-4 VDW =      966.2407  1-4 EEL =    11575.1579  RESTRAINT  =       37.1399
 EAMBER  =  -197249.7709


   NSTEP       ENERGY          RMS            GMAX         NAME    NUMBER
   6650      -1.9722E+05     8.0096E-02     9.7532E+00     ND1      1196

 BOND    =    14882.9799  ANGLE   =      465.3785  DIHED      =     2974.8014
 VDWAALS =    36175.6680  EEL     =  -264294.6765  HBOND      =        0.0000
 1-4 VDW =      966.2468  1-4 EEL =    11575.1991  RESTRAINT  =       37.1438
 EAMBER  =  -197254.4030


   NSTEP       ENERGY          RMS            GMAX         NAME    NUMBER
   6700      -1.9722E+05     1.2457E-01     1.3922E+01     ND1      1196

 BOND    =    14883.7940  ANGLE   =      465.3957  DIHED      =     2974.7982
 VDWAALS =    36177.7390  EEL     =  -264302.0641  HBOND      =        0.0000
 1-4 VDW =      966.2827  1-4 EEL =    11575.2055  RESTRAINT  =       37.1568
 EAMBER  =  -197258.8491


   NSTEP       ENERGY          RMS            GMAX         NAME    NUMBER
   6750      -1.9723E+05     5.2955E-02     6.4364E+00     ND1      1196

 BOND    =    14884.2054  ANGLE   =      465.4661  DIHED      =     2974.8029
 VDWAALS =    36179.8808  EEL     =  -264309.6190  HBOND      =        0.0000
 1-4 VDW =      966.2764  1-4 EEL =    11575.1901  RESTRAINT  =       37.1477
 EAMBER  =  -197263.7973


   NSTEP       ENERGY          RMS            GMAX         NAME    NUMBER
   6800      -1.9723E+05     3.0979E-02     1.8820E+00     ND1      1196

 BOND    =    14884.9071  ANGLE   =      465.4336  DIHED      =     2974.8039
 VDWAALS =    36181.8760  EEL     =  -264316.9167  HBOND      =        0.0000
 1-4 VDW =      966.2934  1-4 EEL =    11575.2241  RESTRAINT  =       37.1494
 EAMBER  =  -197268.3785


   NSTEP       ENERGY          RMS            GMAX         NAME    NUMBER
   6850      -1.9724E+05     3.0894E-02     1.7704E+00     ND1      1196

 BOND    =    14885.5740  ANGLE   =      465.4510  DIHED      =     2974.8051
 VDWAALS =    36183.8128  EEL     =  -264324.0924  HBOND      =        0.0000
 1-4 VDW =      966.3080  1-4 EEL =    11575.2393  RESTRAINT  =       37.1516
 EAMBER  =  -197272.9021


   NSTEP       ENERGY          RMS            GMAX         NAME    NUMBER
   6900      -1.9724E+05     8.9842E-02     1.2603E+01     ND1      1196

 BOND    =    14886.4270  ANGLE   =      465.4583  DIHED      =     2974.8057
 VDWAALS =    36185.6758  EEL     =  -264331.1995  HBOND      =        0.0000
 1-4 VDW =      966.3269  1-4 EEL =    11575.2852  RESTRAINT  =       37.1527
 EAMBER  =  -197277.2206


   NSTEP       ENERGY          RMS            GMAX         NAME    NUMBER
   6950      -1.9724E+05     1.2463E-01     1.5380E+01     ND1      1196

 BOND    =    14887.2329  ANGLE   =      465.4887  DIHED      =     2974.8154
 VDWAALS =    36187.4902  EEL     =  -264338.1448  HBOND      =        0.0000
 1-4 VDW =      966.3315  1-4 EEL =    11575.2889  RESTRAINT  =       37.1642
 EAMBER  =  -197281.4972


   NSTEP       ENERGY          RMS            GMAX         NAME    NUMBER
   7000      -1.9725E+05     7.7986E-02     8.6183E+00     ND1      1196

 BOND    =    14887.4862  ANGLE   =      465.5722  DIHED      =     2974.8157
 VDWAALS =    36189.1522  EEL     =  -264344.6443  HBOND      =        0.0000
 1-4 VDW =      966.3460  1-4 EEL =    11575.2570  RESTRAINT  =       37.1631
 EAMBER  =  -197286.0150


   NSTEP       ENERGY          RMS            GMAX         NAME    NUMBER
   7050      -1.9725E+05     1.0743E-01     1.3881E+01     ND1      1196

 BOND    =    14888.0921  ANGLE   =      465.6504  DIHED      =     2974.8088
 VDWAALS =    36190.6906  EEL     =  -264350.9361  HBOND      =        0.0000
 1-4 VDW =      966.3725  1-4 EEL =    11575.2915  RESTRAINT  =       37.1639
 EAMBER  =  -197290.0302


   NSTEP       ENERGY          RMS            GMAX         NAME    NUMBER
   7100      -1.9726E+05     3.1182E-02     2.2950E+00     ND1      1196

 BOND    =    14888.5773  ANGLE   =      465.5356  DIHED      =     2974.8149
 VDWAALS =    36192.1684  EEL     =  -264357.1498  HBOND      =        0.0000
 1-4 VDW =      966.3865  1-4 EEL =    11575.3363  RESTRAINT  =       37.1611
 EAMBER  =  -197294.3306


   NSTEP       ENERGY          RMS            GMAX         NAME    NUMBER
   7150      -1.9726E+05     8.3677E-02     1.1718E+01     ND1      1196

 BOND    =    14889.3102  ANGLE   =      465.5415  DIHED      =     2974.8171
 VDWAALS =    36193.6847  EEL     =  -264363.5327  HBOND      =        0.0000
 1-4 VDW =      966.4060  1-4 EEL =    11575.3817  RESTRAINT  =       37.1621
 EAMBER  =  -197298.3914


   NSTEP       ENERGY          RMS            GMAX         NAME    NUMBER
   7200      -1.9727E+05     2.9944E-02     1.9623E+00     ND1      1196

 BOND    =    14889.6673  ANGLE   =      465.5901  DIHED      =     2974.8199
 VDWAALS =    36195.2161  EEL     =  -264369.6348  HBOND      =        0.0000
 1-4 VDW =      966.4197  1-4 EEL =    11575.3739  RESTRAINT  =       37.1649
 EAMBER  =  -197302.5479


   NSTEP       ENERGY          RMS            GMAX         NAME    NUMBER
   7250      -1.9727E+05     7.9055E-02     1.1029E+01     ND1      1196

 BOND    =    14890.2744  ANGLE   =      465.6794  DIHED      =     2974.8235
 VDWAALS =    36196.7614  EEL     =  -264375.8601  HBOND      =        0.0000
 1-4 VDW =      966.4340  1-4 EEL =    11575.3751  RESTRAINT  =       37.1677
 EAMBER  =  -197306.5123


   NSTEP       ENERGY          RMS            GMAX         NAME    NUMBER
   7300      -1.9727E+05     1.1367E-01     1.3403E+01     ND1      1196

 BOND    =    14890.9948  ANGLE   =      465.8032  DIHED      =     2974.8259
 VDWAALS =    36198.3771  EEL     =  -264382.4246  HBOND      =        0.0000
 1-4 VDW =      966.4137  1-4 EEL =    11575.4011  RESTRAINT  =       37.1877
 EAMBER  =  -197310.6088


   NSTEP       ENERGY          RMS            GMAX         NAME    NUMBER
   7350      -1.9728E+05     6.5350E-02     8.6084E+00     ND1      1196

 BOND    =    14891.4974  ANGLE   =      465.5968  DIHED      =     2974.8285
 VDWAALS =    36199.8920  EEL     =  -264388.5519  HBOND      =        0.0000
 1-4 VDW =      966.4829  1-4 EEL =    11575.4754  RESTRAINT  =       37.1693
 EAMBER  =  -197314.7790


   NSTEP       ENERGY          RMS            GMAX         NAME    NUMBER
   7400      -1.9728E+05     9.2829E-02     1.2874E+01     ND1      1196

 BOND    =    14892.2463  ANGLE   =      465.6462  DIHED      =     2974.8344
 VDWAALS =    36201.5078  EEL     =  -264394.8691  HBOND      =        0.0000
 1-4 VDW =      966.4717  1-4 EEL =    11575.4943  RESTRAINT  =       37.1735
 EAMBER  =  -197318.6684


   NSTEP       ENERGY          RMS            GMAX         NAME    NUMBER
   7450      -1.9729E+05     5.1288E-02     6.5403E+00     ND1      1196

 BOND    =    14892.5517  ANGLE   =      465.7109  DIHED      =     2974.8352
 VDWAALS =    36203.2128  EEL     =  -264401.0875  HBOND      =        0.0000
 1-4 VDW =      966.5022  1-4 EEL =    11575.4816  RESTRAINT  =       37.1762
 EAMBER  =  -197322.7931


   NSTEP       ENERGY          RMS            GMAX         NAME    NUMBER
   7500      -1.9729E+05     8.5407E-02     8.8257E+00     C         101

 BOND    =    14893.1701  ANGLE   =      465.7558  DIHED      =     2974.8368
 VDWAALS =    36205.0093  EEL     =  -264407.3688  HBOND      =        0.0000
 1-4 VDW =      966.5295  1-4 EEL =    11575.4910  RESTRAINT  =       37.1853
 EAMBER  =  -197326.5763


   NSTEP       ENERGY          RMS            GMAX         NAME    NUMBER
   7550      -1.9729E+05     2.6988E-02     1.2130E+00     ND1      1196

 BOND    =    14893.7722  ANGLE   =      465.7022  DIHED      =     2974.8427
 VDWAALS =    36206.8532  EEL     =  -264413.6199  HBOND      =        0.0000
 1-4 VDW =      966.5319  1-4 EEL =    11575.5478  RESTRAINT  =       37.1799
 EAMBER  =  -197330.3700


   NSTEP       ENERGY          RMS            GMAX         NAME    NUMBER
   7600      -1.9730E+05     6.5507E-02     8.8191E+00     ND1      1196

 BOND    =    14894.5071  ANGLE   =      465.7059  DIHED      =     2974.8458
 VDWAALS =    36208.8441  EEL     =  -264420.1672  HBOND      =        0.0000
 1-4 VDW =      966.5504  1-4 EEL =    11575.5922  RESTRAINT  =       37.1818
 EAMBER  =  -197334.1217


   NSTEP       ENERGY          RMS            GMAX         NAME    NUMBER
   7650      -1.9730E+05     1.1144E-01     1.0933E+01     ND1      1196

 BOND    =    14895.2312  ANGLE   =      465.7483  DIHED      =     2974.8441
 VDWAALS =    36210.7718  EEL     =  -264426.3736  HBOND      =        0.0000
 1-4 VDW =      966.5728  1-4 EEL =    11575.6403  RESTRAINT  =       37.1963
 EAMBER  =  -197337.5652


   NSTEP       ENERGY          RMS            GMAX         NAME    NUMBER
   7700      -1.9730E+05     4.6951E-02     5.8724E+00     ND1      1196

 BOND    =    14895.5832  ANGLE   =      465.8008  DIHED      =     2974.8562
 VDWAALS =    36212.8021  EEL     =  -264432.5646  HBOND      =        0.0000
 1-4 VDW =      966.5760  1-4 EEL =    11575.6017  RESTRAINT  =       37.1877
 EAMBER  =  -197341.3446


   NSTEP       ENERGY          RMS            GMAX         NAME    NUMBER
   7750      -1.9731E+05     2.7584E-02     1.7781E+00     ND1      1196

 BOND    =    14896.2066  ANGLE   =      465.7772  DIHED      =     2974.8616
 VDWAALS =    36214.7305  EEL     =  -264438.7166  HBOND      =        0.0000
 1-4 VDW =      966.5921  1-4 EEL =    11575.6430  RESTRAINT  =       37.1895
 EAMBER  =  -197344.9057


   NSTEP       ENERGY          RMS            GMAX         NAME    NUMBER
   7800      -1.9731E+05     4.6779E-02     5.8174E+00     ND1      1196

 BOND    =    14896.8413  ANGLE   =      465.7856  DIHED      =     2974.8676
 VDWAALS =    36216.6078  EEL     =  -264444.7779  HBOND      =        0.0000
 1-4 VDW =      966.6072  1-4 EEL =    11575.6751  RESTRAINT  =       37.1919
 EAMBER  =  -197348.3933


   NSTEP       ENERGY          RMS            GMAX         NAME    NUMBER
   7850      -1.9731E+05     8.0390E-02     1.0243E+01     ND1      1196

 BOND    =    14897.4997  ANGLE   =      465.8081  DIHED      =     2974.8697
 VDWAALS =    36218.3904  EEL     =  -264450.7596  HBOND      =        0.0000
 1-4 VDW =      966.6271  1-4 EEL =    11575.7211  RESTRAINT  =       37.1955
 EAMBER  =  -197351.8434


   NSTEP       ENERGY          RMS            GMAX         NAME    NUMBER
   7900      -1.9732E+05     2.7448E-02     1.6448E+00     H2      31238

 BOND    =    14897.8890  ANGLE   =      465.8526  DIHED      =     2974.8798
 VDWAALS =    36220.1463  EEL     =  -264456.6239  HBOND      =        0.0000
 1-4 VDW =      966.6340  1-4 EEL =    11575.7048  RESTRAINT  =       37.1972
 EAMBER  =  -197355.5175


   NSTEP       ENERGY          RMS            GMAX         NAME    NUMBER
   7950      -1.9732E+05     6.2656E-02     8.4553E+00     ND1      1196

 BOND    =    14898.4834  ANGLE   =      465.9214  DIHED      =     2974.8883
 VDWAALS =    36221.9203  EEL     =  -264462.7354  HBOND      =        0.0000
 1-4 VDW =      966.6459  1-4 EEL =    11575.7105  RESTRAINT  =       37.2006
 EAMBER  =  -197359.1658


   NSTEP       ENERGY          RMS            GMAX         NAME    NUMBER
   8000      -1.9733E+05     8.8354E-02     1.2371E+01     ND1      1196

 BOND    =    14899.0932  ANGLE   =      465.9859  DIHED      =     2974.8953
 VDWAALS =    36223.5929  EEL     =  -264468.7874  HBOND      =        0.0000
 1-4 VDW =      966.6588  1-4 EEL =    11575.7317  RESTRAINT  =       37.2038
 EAMBER  =  -197362.8296


   NSTEP       ENERGY          RMS            GMAX         NAME    NUMBER
   8050      -1.9733E+05     4.8318E-02     6.0363E+00     ND1      1196

 BOND    =    14899.6837  ANGLE   =      465.8963  DIHED      =     2974.9039
 VDWAALS =    36225.2582  EEL     =  -264475.0726  HBOND      =        0.0000
 1-4 VDW =      966.6758  1-4 EEL =    11575.7968  RESTRAINT  =       37.2044
 EAMBER  =  -197366.8580


   NSTEP       ENERGY          RMS            GMAX         NAME    NUMBER
   8100      -1.9733E+05     8.1166E-02     8.8237E+00     ND1      1196

 BOND    =    14900.3215  ANGLE   =      465.9085  DIHED      =     2974.9192
 VDWAALS =    36226.9246  EEL     =  -264481.1692  HBOND      =        0.0000
 1-4 VDW =      966.6884  1-4 EEL =    11575.8137  RESTRAINT  =       37.2116
 EAMBER  =  -197370.5933


   NSTEP       ENERGY          RMS            GMAX         NAME    NUMBER
   8150      -1.9734E+05     3.5065E-02     3.4194E+00     ND1      1196

 BOND    =    14900.6953  ANGLE   =      465.9682  DIHED      =     2974.9244
 VDWAALS =    36228.5553  EEL     =  -264487.3540  HBOND      =        0.0000
 1-4 VDW =      966.7024  1-4 EEL =    11575.8223  RESTRAINT  =       37.2100
 EAMBER  =  -197374.6862


   NSTEP       ENERGY          RMS            GMAX         NAME    NUMBER
   8200      -1.9734E+05     6.1373E-02     7.5169E+00     ND1      1196

 BOND    =    14901.2590  ANGLE   =      466.0241  DIHED      =     2974.9331
 VDWAALS =    36230.2369  EEL     =  -264493.7920  HBOND      =        0.0000
 1-4 VDW =      966.7186  1-4 EEL =    11575.8454  RESTRAINT  =       37.2135
 EAMBER  =  -197378.7749


   NSTEP       ENERGY          RMS            GMAX         NAME    NUMBER
   8250      -1.9735E+05     2.9838E-02     1.9488E+00     H1      39292

 BOND    =    14901.8309  ANGLE   =      465.9850  DIHED      =     2974.9463
 VDWAALS =    36231.9188  EEL     =  -264500.2367  HBOND      =        0.0000
 1-4 VDW =      966.7300  1-4 EEL =    11575.8857  RESTRAINT  =       37.2147
 EAMBER  =  -197382.9400


   NSTEP       ENERGY          RMS            GMAX         NAME    NUMBER
   8300      -1.9735E+05     5.2021E-02     6.4809E+00     ND1      1196

 BOND    =    14902.4487  ANGLE   =      465.9946  DIHED      =     2974.9585
 VDWAALS =    36233.6153  EEL     =  -264506.7900  HBOND      =        0.0000
 1-4 VDW =      966.7448  1-4 EEL =    11575.9254  RESTRAINT  =       37.2169
 EAMBER  =  -197387.1026


   NSTEP       ENERGY          RMS            GMAX         NAME    NUMBER
   8350      -1.9735E+05     8.9812E-02     1.1570E+01     ND1      1196

 BOND    =    14903.1609  ANGLE   =      466.0165  DIHED      =     2974.9743
 VDWAALS =    36235.3334  EEL     =  -264513.5627  HBOND      =        0.0000
 1-4 VDW =      966.7534  1-4 EEL =    11575.9478  RESTRAINT  =       37.2222
 EAMBER  =  -197391.3763


   NSTEP       ENERGY          RMS            GMAX         NAME    NUMBER
   8400      -1.9736E+05     1.2175E-01     1.5099E+01     ND1      1196

 BOND    =    14903.8522  ANGLE   =      466.0542  DIHED      =     2974.9779
 VDWAALS =    36237.0192  EEL     =  -264520.3280  HBOND      =        0.0000
 1-4 VDW =      966.7790  1-4 EEL =    11576.0090  RESTRAINT  =       37.2280
 EAMBER  =  -197395.6365


   NSTEP       ENERGY          RMS            GMAX         NAME    NUMBER
   8450      -1.9736E+05     5.5167E-02     6.7556E+00     ND1      1196

 BOND    =    14904.1320  ANGLE   =      466.1206  DIHED      =     2974.9988
 VDWAALS =    36238.8724  EEL     =  -264527.3198  HBOND      =        0.0000
 1-4 VDW =      966.7756  1-4 EEL =    11575.9591  RESTRAINT  =       37.2268
 EAMBER  =  -197400.4613


   NSTEP       ENERGY          RMS            GMAX         NAME    NUMBER
   8500      -1.9737E+05     3.1736E-02     2.1736E+00     ND1      1196

 BOND    =    14904.7871  ANGLE   =      466.0905  DIHED      =     2975.0105
 VDWAALS =    36240.6233  EEL     =  -264534.4280  HBOND      =        0.0000
 1-4 VDW =      966.7907  1-4 EEL =    11576.0094  RESTRAINT  =       37.2281
 EAMBER  =  -197405.1164


   NSTEP       ENERGY          RMS            GMAX         NAME    NUMBER
   8550      -1.9737E+05     4.2212E-02     4.1314E+00     ND1      1196

 BOND    =    14905.4805  ANGLE   =      466.1058  DIHED      =     2975.0248
 VDWAALS =    36242.3122  EEL     =  -264541.4582  HBOND      =        0.0000
 1-4 VDW =      966.8005  1-4 EEL =    11576.0349  RESTRAINT  =       37.2315
 EAMBER  =  -197409.6995


   NSTEP       ENERGY          RMS            GMAX         NAME    NUMBER
   8600      -1.9738E+05     1.0140E-01     1.1284E+01     ND1      1196

 BOND    =    14906.3320  ANGLE   =      466.1364  DIHED      =     2975.0313
 VDWAALS =    36243.7967  EEL     =  -264548.3584  HBOND      =        0.0000
 1-4 VDW =      966.8194  1-4 EEL =    11576.0974  RESTRAINT  =       37.2400
 EAMBER  =  -197414.1452


   NSTEP       ENERGY          RMS            GMAX         NAME    NUMBER
   8650      -1.9738E+05     4.2104E-02     4.5790E+00     ND1      1196

 BOND    =    14906.7437  ANGLE   =      466.1908  DIHED      =     2975.0489
 VDWAALS =    36245.1455  EEL     =  -264554.7734  HBOND      =        0.0000
 1-4 VDW =      966.8198  1-4 EEL =    11576.0647  RESTRAINT  =       37.2379
 EAMBER  =  -197418.7600


   NSTEP       ENERGY          RMS            GMAX         NAME    NUMBER
   8700      -1.9739E+05     7.4268E-02     9.9029E+00     ND1      1196

 BOND    =    14907.4459  ANGLE   =      466.2579  DIHED      =     2975.0586
 VDWAALS =    36246.4257  EEL     =  -264561.3339  HBOND      =        0.0000
 1-4 VDW =      966.8301  1-4 EEL =    11576.0814  RESTRAINT  =       37.2420
 EAMBER  =  -197423.2343


   NSTEP       ENERGY          RMS            GMAX         NAME    NUMBER
   8750      -1.9739E+05     3.3888E-02     2.6942E+00     ND1      1196

 BOND    =    14908.1330  ANGLE   =      466.1958  DIHED      =     2975.0697
 VDWAALS =    36247.7175  EEL     =  -264568.0128  HBOND      =        0.0000
 1-4 VDW =      966.8405  1-4 EEL =    11576.1293  RESTRAINT  =       37.2436
 EAMBER  =  -197427.9271


   NSTEP       ENERGY          RMS            GMAX         NAME    NUMBER
   8800      -1.9740E+05     6.3861E-02     7.8996E+00     ND1      1196

 BOND    =    14908.9422  ANGLE   =      466.2084  DIHED      =     2975.0805
 VDWAALS =    36249.2249  EEL     =  -264574.9120  HBOND      =        0.0000
 1-4 VDW =      966.8486  1-4 EEL =    11576.1598  RESTRAINT  =       37.2476
 EAMBER  =  -197432.4476


   NSTEP       ENERGY          RMS            GMAX         NAME    NUMBER
   8850      -1.9740E+05     9.7299E-02     1.0035E+01     ND1      1196

 BOND    =    14909.7839  ANGLE   =      466.2347  DIHED      =     2975.0917
 VDWAALS =    36250.9552  EEL     =  -264581.9913  HBOND      =        0.0000
 1-4 VDW =      966.8544  1-4 EEL =    11576.1742  RESTRAINT  =       37.2591
 EAMBER  =  -197436.8974


   NSTEP       ENERGY          RMS            GMAX         NAME    NUMBER
   8900      -1.9740E+05     3.1081E-02     2.1465E+00     ND1      1196

 BOND    =    14910.2761  ANGLE   =      466.2837  DIHED      =     2975.0941
 VDWAALS =    36252.7508  EEL     =  -264588.7500  HBOND      =        0.0000
 1-4 VDW =      966.8630  1-4 EEL =    11576.1834  RESTRAINT  =       37.2551
 EAMBER  =  -197441.2989


   NSTEP       ENERGY          RMS            GMAX         NAME    NUMBER
   8950      -1.9741E+05     8.4569E-02     8.5591E+00     ND1      1196

 BOND    =    14911.0933  ANGLE   =      466.3588  DIHED      =     2975.1053
 VDWAALS =    36254.6938  EEL     =  -264595.8868  HBOND      =        0.0000
 1-4 VDW =      966.8640  1-4 EEL =    11576.1738  RESTRAINT  =       37.2666
 EAMBER  =  -197445.5978


   NSTEP       ENERGY          RMS            GMAX         NAME    NUMBER
   9000      -1.9741E+05     1.1752E-01     1.4049E+01     ND1      1196

 BOND    =    14911.9910  ANGLE   =      466.4723  DIHED      =     2975.1083
 VDWAALS =    36256.6115  EEL     =  -264602.9948  HBOND      =        0.0000
 1-4 VDW =      966.8508  1-4 EEL =    11576.2034  RESTRAINT  =       37.2757
 EAMBER  =  -197449.7576


   NSTEP       ENERGY          RMS            GMAX         NAME    NUMBER
   9050      -1.9742E+05     6.6230E-02     8.9792E+00     ND1      1196

 BOND    =    14912.5957  ANGLE   =      466.3181  DIHED      =     2975.1089
 VDWAALS =    36258.4244  EEL     =  -264609.6986  HBOND      =        0.0000
 1-4 VDW =      966.8853  1-4 EEL =    11576.2704  RESTRAINT  =       37.2658
 EAMBER  =  -197454.0958


   NSTEP       ENERGY          RMS            GMAX         NAME    NUMBER
   9100      -1.9742E+05     1.1003E-01     1.2737E+01     C        3297

 BOND    =    14913.4933  ANGLE   =      466.3680  DIHED      =     2975.1258
 VDWAALS =    36260.3736  EEL     =  -264616.6175  HBOND      =        0.0000
 1-4 VDW =      966.8664  1-4 EEL =    11576.2571  RESTRAINT  =       37.2884
 EAMBER  =  -197458.1334


   NSTEP       ENERGY          RMS            GMAX         NAME    NUMBER
   9150      -1.9743E+05     5.4114E-02     6.9325E+00     ND1      1196

 BOND    =    14913.8759  ANGLE   =      466.4350  DIHED      =     2975.1174
 VDWAALS =    36262.3195  EEL     =  -264623.4895  HBOND      =        0.0000
 1-4 VDW =      966.8931  1-4 EEL =    11576.2717  RESTRAINT  =       37.2764
 EAMBER  =  -197462.5769


   NSTEP       ENERGY          RMS            GMAX         NAME    NUMBER
   9200      -1.9743E+05     8.1555E-02     1.1163E+01     ND1      1196

 BOND    =    14914.6271  ANGLE   =      466.5000  DIHED      =     2975.1192
 VDWAALS =    36264.3481  EEL     =  -264630.5385  HBOND      =        0.0000
 1-4 VDW =      966.8990  1-4 EEL =    11576.2814  RESTRAINT  =       37.2818
 EAMBER  =  -197466.7636


   NSTEP       ENERGY          RMS            GMAX         NAME    NUMBER
   9250      -1.9743E+05     1.3245E-01     1.3214E+01     ND1      1196

 BOND    =    14915.4838  ANGLE   =      466.5805  DIHED      =     2975.1162
 VDWAALS =    36266.4623  EEL     =  -264637.6689  HBOND      =        0.0000
 1-4 VDW =      966.9100  1-4 EEL =    11576.3158  RESTRAINT  =       37.3038
 EAMBER  =  -197470.8003


   NSTEP       ENERGY          RMS            GMAX         NAME    NUMBER
   9300      -1.9744E+05     7.7369E-02     8.6420E+00     ND1      1196

 BOND    =    14916.2000  ANGLE   =      466.4482  DIHED      =     2975.1230
 VDWAALS =    36268.6919  EEL     =  -264644.9491  HBOND      =        0.0000
 1-4 VDW =      966.9128  1-4 EEL =    11576.3711  RESTRAINT  =       37.2925
 EAMBER  =  -197475.2021


   NSTEP       ENERGY          RMS            GMAX         NAME    NUMBER
   9350      -1.9744E+05     1.1168E-01     1.1129E+01     ND1      1196

 BOND    =    14917.0666  ANGLE   =      466.4779  DIHED      =     2975.1378
 VDWAALS =    36271.0308  EEL     =  -264652.0483  HBOND      =        0.0000
 1-4 VDW =      966.9033  1-4 EEL =    11576.3571  RESTRAINT  =       37.3077
 EAMBER  =  -197479.0748


   NSTEP       ENERGY          RMS            GMAX         NAME    NUMBER
   9400      -1.9745E+05     5.9899E-02     7.9887E+00     ND1      1196

 BOND    =    14917.5223  ANGLE   =      466.5667  DIHED      =     2975.1353
 VDWAALS =    36273.4743  EEL     =  -264659.2339  HBOND      =        0.0000
 1-4 VDW =      966.9095  1-4 EEL =    11576.3494  RESTRAINT  =       37.3015
 EAMBER  =  -197483.2765


   NSTEP       ENERGY          RMS            GMAX         NAME    NUMBER
   9450      -1.9745E+05     8.9229E-02     9.6927E+00     ND1      1196

 BOND    =    14918.3038  ANGLE   =      466.6199  DIHED      =     2975.1345
 VDWAALS =    36275.8968  EEL     =  -264666.3990  HBOND      =        0.0000
 1-4 VDW =      966.9185  1-4 EEL =    11576.3787  RESTRAINT  =       37.3129
 EAMBER  =  -197487.1468


   NSTEP       ENERGY          RMS            GMAX         NAME    NUMBER
   9500      -1.9745E+05     4.6325E-02     5.5422E+00     ND1      1196

 BOND    =    14919.0601  ANGLE   =      466.5436  DIHED      =     2975.1443
 VDWAALS =    36278.3145  EEL     =  -264673.5733  HBOND      =        0.0000
 1-4 VDW =      966.9169  1-4 EEL =    11576.4117  RESTRAINT  =       37.3118
 EAMBER  =  -197491.1822


   NSTEP       ENERGY          RMS            GMAX         NAME    NUMBER
   9550      -1.9746E+05     8.0754E-02     1.0784E+01     ND1      1196

 BOND    =    14919.8922  ANGLE   =      466.5692  DIHED      =     2975.1468
 VDWAALS =    36280.7015  EEL     =  -264680.7220  HBOND      =        0.0000
 1-4 VDW =      966.9240  1-4 EEL =    11576.4515  RESTRAINT  =       37.3177
 EAMBER  =  -197495.0368


   NSTEP       ENERGY          RMS            GMAX         NAME    NUMBER
   9600      -1.9746E+05     2.8127E-02     1.5005E+00     ND1      1196

 BOND    =    14920.4646  ANGLE   =      466.6201  DIHED      =     2975.1549
 VDWAALS =    36283.1728  EEL     =  -264687.9490  HBOND      =        0.0000
 1-4 VDW =      966.9212  1-4 EEL =    11576.4306  RESTRAINT  =       37.3247
 EAMBER  =  -197499.1848


   NSTEP       ENERGY          RMS            GMAX         NAME    NUMBER
   9650      -1.9747E+05     4.8241E-02     5.8722E+00     ND1      1196

 BOND    =    14921.2079  ANGLE   =      466.6736  DIHED      =     2975.1610
 VDWAALS =    36285.5725  EEL     =  -264694.9450  HBOND      =        0.0000
 1-4 VDW =      966.9231  1-4 EEL =    11576.4385  RESTRAINT  =       37.3317
 EAMBER  =  -197502.9685


   NSTEP       ENERGY          RMS            GMAX         NAME    NUMBER
   9700      -1.9747E+05     9.3053E-02     1.2886E+01     ND1      1196

 BOND    =    14922.0207  ANGLE   =      466.7673  DIHED      =     2975.1674
 VDWAALS =    36288.0112  EEL     =  -264702.0439  HBOND      =        0.0000
 1-4 VDW =      966.9236  1-4 EEL =    11576.4387  RESTRAINT  =       37.3400
 EAMBER  =  -197506.7149


   NSTEP       ENERGY          RMS            GMAX         NAME    NUMBER
   9750      -1.9747E+05     2.9348E-02     1.9267E+00     ND1      1196

 BOND    =    14922.7195  ANGLE   =      466.6785  DIHED      =     2975.1749
 VDWAALS =    36290.4822  EEL     =  -264709.1428  HBOND      =        0.0000
 1-4 VDW =      966.9274  1-4 EEL =    11576.4840  RESTRAINT  =       37.3443
 EAMBER  =  -197510.6762


   NSTEP       ENERGY          RMS            GMAX         NAME    NUMBER
   9800      -1.9748E+05     9.2233E-02     1.0742E+01     ND1      1196

 BOND    =    14923.6988  ANGLE   =      466.6963  DIHED      =     2975.1883
 VDWAALS =    36293.1930  EEL     =  -264716.6670  HBOND      =        0.0000
 1-4 VDW =      966.9255  1-4 EEL =    11576.5055  RESTRAINT  =       37.3566
 EAMBER  =  -197514.4596


   NSTEP       ENERGY          RMS            GMAX         NAME    NUMBER
   9850      -1.9748E+05     3.8824E-02     4.4109E+00     ND1      1196

 BOND    =    14924.2097  ANGLE   =      466.7603  DIHED      =     2975.1928
 VDWAALS =    36295.8301  EEL     =  -264723.6528  HBOND      =        0.0000
 1-4 VDW =      966.9290  1-4 EEL =    11576.4976  RESTRAINT  =       37.3598
 EAMBER  =  -197518.2334


   NSTEP       ENERGY          RMS            GMAX         NAME    NUMBER
   9900      -1.9748E+05     7.3967E-02     9.3483E+00     ND1      1196

 BOND    =    14924.9580  ANGLE   =      466.8268  DIHED      =     2975.2045
 VDWAALS =    36298.4185  EEL     =  -264730.5290  HBOND      =        0.0000
 1-4 VDW =      966.9268  1-4 EEL =    11576.4905  RESTRAINT  =       37.3705
 EAMBER  =  -197521.7040


   NSTEP       ENERGY          RMS            GMAX         NAME    NUMBER
   9950      -1.9749E+05     3.0542E-02     2.6383E+00     ND1      1196

 BOND    =    14925.5948  ANGLE   =      466.7739  DIHED      =     2975.2105
 VDWAALS =    36300.7797  EEL     =  -264737.0375  HBOND      =        0.0000
 1-4 VDW =      966.9348  1-4 EEL =    11576.5463  RESTRAINT  =       37.3743
 EAMBER  =  -197525.1976


   NSTEP       ENERGY          RMS            GMAX         NAME    NUMBER
  10000      -1.9749E+05     4.5362E-02     5.4679E+00     ND1      1196

 BOND    =    14926.2957  ANGLE   =      466.7863  DIHED      =     2975.2211
 VDWAALS =    36303.2565  EEL     =  -264743.8526  HBOND      =        0.0000
 1-4 VDW =      966.9388  1-4 EEL =    11576.5641  RESTRAINT  =       37.3825
 EAMBER  =  -197528.7900


  Maximum number of minimization cycles reached.


                    FINAL RESULTS



   NSTEP       ENERGY          RMS            GMAX         NAME    NUMBER
  10000      -1.9749E+05     4.5362E-02     5.4679E+00     ND1      1196

 BOND    =    14926.2957  ANGLE   =      466.7863  DIHED      =     2975.2211
 VDWAALS =    36303.2565  EEL     =  -264743.8526  HBOND      =        0.0000
 1-4 VDW =      966.9388  1-4 EEL =    11576.5641  RESTRAINT  =       37.3825
 EAMBER  =  -197528.7900
--------------------------------------------------------------------------------
   5.  TIMINGS
--------------------------------------------------------------------------------

|  NonSetup CPU Time in Major Routines:
|
|     Routine           Sec        %
|     ------------------------------
|     Nonbond          34.59   63.54
|     Bond              0.00    0.00
|     Angle             0.00    0.00
|     Dihedral          0.00    0.00
|     Shake             0.00    0.00
|     Other            19.85   36.46
|     ------------------------------
|     Total            54.45

|  PME Nonbond Pairlist CPU Time:
|
|     Routine              Sec        %
|     ---------------------------------
|     Set Up Cit           0.00    0.00
|     Build List           0.00    0.00
|     ---------------------------------
|     Total                0.00    0.00

|  PME Direct Force CPU Time:
|
|     Routine              Sec        %
|     ---------------------------------
|     NonBonded Calc       0.00    0.00
|     Exclude Masked       0.00    0.00
|     Other                0.02    0.04
|     ---------------------------------
|     Total                0.02    0.04

|  PME Reciprocal Force CPU Time:
|
|     Routine              Sec        %
|     ---------------------------------
|     1D bspline           0.00    0.00
|     Grid Charges         0.00    0.00
|     Scalar Sum           0.00    0.00
|     Gradient Sum         0.00    0.00
|     FFT                  0.00    0.00
|     ---------------------------------
|     Total                0.00    0.00

|  Setup CPU time:            0.84 seconds
|  NonSetup CPU time:        54.45 seconds
|  Total CPU time:           55.28 seconds     0.02 hours

|  Setup wall time:           1    seconds
|  NonSetup wall time:       55    seconds
|  Total wall time:          56    seconds     0.02 hours
