
          -------------------------------------------------------
          Amber 18 PMEMD                              2018
          -------------------------------------------------------

| PMEMD implementation of SANDER, Release 18

| Run on 01/24/2019 at 23:30:29

|   Executable path: /opt/software/Amber/18-foss-2018a/bin/pmemd.cuda
| Working directory: /mnt/gs18/scratch/users/songlin3/run/glx/ti/alpha_optimized_from_imidazoleHIDcharge/2.23/all_optimized/freeMD
|          Hostname: lac-136

  [-O]verwriting output

File Assignments:
|   MDIN: min4.in                                                               
|  MDOUT: min4.out                                                              
| INPCRD: min3.rst                                                              
|   PARM: glx-co_1264.prmtop                                                    
| RESTRT: min4.rst                                                              
|   REFC: min3.rst                                                              
|  MDVEL: mdvel                                                                 
|   MDEN: mden                                                                  
|  MDCRD: min4.netcdf                                                           
| MDINFO: min4.mdinfo                                                           
|  MDFRC: mdfrc                                                                 


 Here is the input file:

minimize structure the whole structure                                         
 &cntrl                                                                        
  imin=1,maxcyc=10000, ncyc=20000,                                             
  ntb=1, cut=10, ntwx=2000, ioutfm=1, iwrap=1,                                 
  ntr=1, restraintmask=':1-275@C,O', restraint_wt=200,                         
 /                                                                             
 &ewald                                                                        
 /                                                                             


Note: ig = -1. Setting random seed to   895893 based on wallclock time in 
      microseconds.
| irandom = 1, using AMBER's internal random number generator (default).
 
|--------------------- INFORMATION ----------------------
| GPU (CUDA) Version of PMEMD in use: NVIDIA GPU IN USE.
|                    Version 18.0.0
| 
|                      03/25/2018
| 
| Implementation by:
|                    Ross C. Walker     (SDSC)
|                    Scott Le Grand     (nVIDIA)
| 
| Version 18 performance extensions by:
|                    David Cerutti     (Rutgers)
| 
| Precision model in use:
|      [SPFP] - Single Precision Forces, 64-bit Fixed Point
|               Accumulation. (Default)
| 
|--------------------------------------------------------
 
|----------------- CITATION INFORMATION -----------------
|
|    When publishing work that utilized the CUDA version
|    of AMBER, please cite the following in addition to
|    the regular AMBER citations:
|
|  - Romelia Salomon-Ferrer; Andreas W. Goetz; Duncan
|    Poole; Scott Le Grand; Ross C. Walker "Routine
|    microsecond molecular dynamics simulations with
|    AMBER - Part II: Particle Mesh Ewald", J. Chem.
|    Theory Comput., 2013, 9 (9), pp3878-3888,
|    DOI: 10.1021/ct400314y.
|
|  - Andreas W. Goetz; Mark J. Williamson; Dong Xu;
|    Duncan Poole; Scott Le Grand; Ross C. Walker
|    "Routine microsecond molecular dynamics simulations
|    with AMBER - Part I: Generalized Born", J. Chem.
|    Theory Comput., 2012, 8 (5), pp1542-1555.
|
|  - Scott Le Grand; Andreas W. Goetz; Ross C. Walker
|    "SPFP: Speed without compromise - a mixed precision
|    model for GPU accelerated molecular dynamics
|    simulations.", Comp. Phys. Comm., 2013, 184
|    pp374-380, DOI: 10.1016/j.cpc.2012.09.022
|
|--------------------------------------------------------
 
|------------------- GPU DEVICE INFO --------------------
|
|            CUDA_VISIBLE_DEVICES: 0
|   CUDA Capable Devices Detected:      1
|           CUDA Device ID in use:      0
|                CUDA Device Name: Tesla K80
|     CUDA Device Global Mem Size:  11441 MB
| CUDA Device Num Multiprocessors:     13
|           CUDA Device Core Freq:   0.82 GHz
|
|--------------------------------------------------------
 
 
| Conditional Compilation Defines Used:
| PUBFFT
| BINTRAJ
| CUDA
| EMIL

| Largest sphere to fit in unit cell has radius =    36.270

| New format PARM file being parsed.
| Version =    1.000 Date = 01/24/19 Time = 18:51:14

| Note: 1-4 EEL scale factors are being read from the topology file.

| Note: 1-4 VDW scale factors are being read from the topology file.
| Duplicated    0 dihedrals

| Duplicated    0 dihedrals

--------------------------------------------------------------------------------
   1.  RESOURCE   USE: 
--------------------------------------------------------------------------------

 getting box info from netcdf restart file
 NATOM  =   48335 NTYPES =      18 NBONH =   46216 MBONA  =    2144
 NTHETH =    4730 MTHETA =    2896 NPHIH =    9622 MPHIA  =    9100
 NHPARM =       0 NPARM  =       0 NNB   =   81893 NRES   =   14997
 NBONA  =    2144 NTHETA =    2896 NPHIA =    9100 NUMBND =      67
 NUMANG =     150 NPTRA  =     196 NATYP =      38 NPHB   =       1
 IFBOX  =       2 NMXRS  =      24 IFCAP =       0 NEXTRA =       0
 NCOPY  =       0

| Coordinate Index Table dimensions:    14   14   14
| Direct force subcell size =     6.3460    6.3460    6.3460

     BOX TYPE: TRUNCATED OCTAHEDRON

--------------------------------------------------------------------------------
   2.  CONTROL  DATA  FOR  THE  RUN
--------------------------------------------------------------------------------

default_name                                                                    

General flags:
     imin    =       1, nmropt  =       0

Nature and format of input:
     ntx     =       1, irest   =       0, ntrx    =       1

Nature and format of output:
     ntxo    =       2, ntpr    =      50, ntrx    =       1, ntwr    =       1
     iwrap   =       1, ntwx    =    2000, ntwv    =       0, ntwe    =       0
     ioutfm  =       1, ntwprt  =       0, idecomp =       0, rbornstat=      0

Potential function:
     ntf     =       1, ntb     =       1, igb     =       0, nsnb    =      25
     ipol    =       0, gbsa    =       0, iesp    =       0
     dielc   =   1.00000, cut     =  10.00000, intdiel =   1.00000
     lj1264  =       1

Frozen or restrained atoms:
     ibelly  =       0, ntr     =       1
     restraint_wt = 200.00000

Energy minimization:
     maxcyc  =   10000, ncyc    =   20000, ntmin   =       1
     dx0     =   0.01000, drms    =   0.00010

| Intermolecular bonds treatment:
|     no_intermolecular_bonds =       1

| Energy averages sample interval:
|     ene_avg_sampling =       1

Ewald parameters:
     verbose =       0, ew_type =       0, nbflag  =       1, use_pme =       1
     vdwmeth =       1, eedmeth =       1, netfrc  =       0
     Box X =   88.843   Box Y =   88.843   Box Z =   88.843
     Alpha =  109.471   Beta  =  109.471   Gamma =  109.471
     NFFT1 =   96       NFFT2 =   96       NFFT3 =   96
     Cutoff=   10.000   Tol   =0.100E-04
     Ewald Coefficient =  0.27511
     Interpolation order =    4

    LOADING THE CONSTRAINED ATOMS AS GROUPS


   5.  REFERENCE ATOM COORDINATES

  default_name                                                                    
     Mask :1-275@C,O; matches   544 atoms

--------------------------------------------------------------------------------
   3.  ATOMIC COORDINATES AND VELOCITIES
--------------------------------------------------------------------------------

default_name                                                                    
 begin time read from input coords =     0.000 ps

 
 Number of triangulated 3-point waters found:    14712

     Sum of charges from parm topology file =  -0.00000010
     Forcing neutrality...

| Dynamic Memory, Types Used:
| Reals             1402739
| Integers          1815605

| Nonbonded Pairs Initial Allocation:    14620129

| GPU memory information (estimate):
| KB of GPU memory in use:         0
| KB of CPU memory in use:         0

--------------------------------------------------------------------------------
   4.  RESULTS
--------------------------------------------------------------------------------



   NSTEP       ENERGY          RMS            GMAX         NAME    NUMBER
      1      -1.9753E+05     4.5640E-01     1.8159E+01     O           6

 BOND    =    14926.2957  ANGLE   =      466.7863  DIHED      =     2975.2211
 VDWAALS =    36303.2565  EEL     =  -264743.8562  HBOND      =        0.0000
 1-4 VDW =      966.9388  1-4 EEL =    11576.5641  RESTRAINT  =        0.0000


   NSTEP       ENERGY          RMS            GMAX         NAME    NUMBER
     50      -1.9760E+05     8.9959E-02     4.1903E+00     H2      17771

 BOND    =    14929.0186  ANGLE   =      458.2300  DIHED      =     2990.5948
 VDWAALS =    36292.0205  EEL     =  -264711.7445  HBOND      =        0.0000
 1-4 VDW =      924.0698  1-4 EEL =    11507.8733  RESTRAINT  =       13.7974
 EAMBER  =  -197609.9376


   NSTEP       ENERGY          RMS            GMAX         NAME    NUMBER
    100      -1.9761E+05     4.0313E-02     9.0934E-01     H2      15431

 BOND    =    14931.7208  ANGLE   =      462.5556  DIHED      =     2993.7481
 VDWAALS =    36292.7552  EEL     =  -264710.8437  HBOND      =        0.0000
 1-4 VDW =      913.7496  1-4 EEL =    11493.7848  RESTRAINT  =       15.7040
 EAMBER  =  -197622.5296


   NSTEP       ENERGY          RMS            GMAX         NAME    NUMBER
    150      -1.9761E+05     1.0696E-01     1.0123E+01     C        3991

 BOND    =    14933.6486  ANGLE   =      465.7035  DIHED      =     2995.7958
 VDWAALS =    36293.7583  EEL     =  -264713.4828  HBOND      =        0.0000
 1-4 VDW =      908.0092  1-4 EEL =    11485.9927  RESTRAINT  =       16.9086
 EAMBER  =  -197630.5746


   NSTEP       ENERGY          RMS            GMAX         NAME    NUMBER
    200      -1.9762E+05     3.2163E-02     1.2344E+00     C        3991

 BOND    =    14936.0988  ANGLE   =      467.5980  DIHED      =     2997.1103
 VDWAALS =    36294.8881  EEL     =  -264718.9538  HBOND      =        0.0000
 1-4 VDW =      904.5710  1-4 EEL =    11481.4061  RESTRAINT  =       17.6589
 EAMBER  =  -197637.2815


   NSTEP       ENERGY          RMS            GMAX         NAME    NUMBER
    250      -1.9762E+05     9.2233E-02     9.7138E+00     C        3991

 BOND    =    14937.6655  ANGLE   =      468.9165  DIHED      =     2997.9652
 VDWAALS =    36296.2188  EEL     =  -264724.5403  HBOND      =        0.0000
 1-4 VDW =      902.3962  1-4 EEL =    11478.5285  RESTRAINT  =       18.2132
 EAMBER  =  -197642.8496


   NSTEP       ENERGY          RMS            GMAX         NAME    NUMBER
    300      -1.9763E+05     2.9498E-02     1.1122E+00     O       26961

 BOND    =    14938.4374  ANGLE   =      470.1447  DIHED      =     2998.5332
 VDWAALS =    36297.7572  EEL     =  -264730.4220  HBOND      =        0.0000
 1-4 VDW =      900.9065  1-4 EEL =    11476.6274  RESTRAINT  =       18.6434
 EAMBER  =  -197648.0157


   NSTEP       ENERGY          RMS            GMAX         NAME    NUMBER
    350      -1.9763E+05     8.1128E-02     7.6624E+00     C        3991

 BOND    =    14939.3498  ANGLE   =      471.2236  DIHED      =     2998.9591
 VDWAALS =    36299.4886  EEL     =  -264736.8693  HBOND      =        0.0000
 1-4 VDW =      899.7915  1-4 EEL =    11475.1710  RESTRAINT  =       19.0015
 EAMBER  =  -197652.8857


   NSTEP       ENERGY          RMS            GMAX         NAME    NUMBER
    400      -1.9764E+05     1.1699E-01     1.0905E+01     C        3991

 BOND    =    14940.2568  ANGLE   =      471.9260  DIHED      =     2999.2844
 VDWAALS =    36301.2079  EEL     =  -264743.1057  HBOND      =        0.0000
 1-4 VDW =      899.0215  1-4 EEL =    11474.0706  RESTRAINT  =       19.2713
 EAMBER  =  -197657.3385


   NSTEP       ENERGY          RMS            GMAX         NAME    NUMBER
    450      -1.9764E+05     6.6896E-02     6.0038E+00     C        3991

 BOND    =    14941.2342  ANGLE   =      471.9644  DIHED      =     2999.5860
 VDWAALS =    36302.8573  EEL     =  -264749.0918  HBOND      =        0.0000
 1-4 VDW =      898.4241  1-4 EEL =    11473.0657  RESTRAINT  =       19.4406
 EAMBER  =  -197661.9601


   NSTEP       ENERGY          RMS            GMAX         NAME    NUMBER
    500      -1.9765E+05     9.7730E-02     8.4703E+00     C        3991

 BOND    =    14942.0360  ANGLE   =      472.3754  DIHED      =     2999.8130
 VDWAALS =    36304.7246  EEL     =  -264755.3442  HBOND      =        0.0000
 1-4 VDW =      897.9385  1-4 EEL =    11472.2628  RESTRAINT  =       19.6252
 EAMBER  =  -197666.1939


   NSTEP       ENERGY          RMS            GMAX         NAME    NUMBER
    550      -1.9765E+05     5.4389E-02     4.5210E+00     C        3991

 BOND    =    14942.4399  ANGLE   =      472.9790  DIHED      =     2999.9756
 VDWAALS =    36306.8390  EEL     =  -264762.0229  HBOND      =        0.0000
 1-4 VDW =      897.5240  1-4 EEL =    11471.6783  RESTRAINT  =       19.7922
 EAMBER  =  -197670.5871


   NSTEP       ENERGY          RMS            GMAX         NAME    NUMBER
    600      -1.9765E+05     8.7369E-02     7.7903E+00     CG       1784

 BOND    =    14943.1805  ANGLE   =      473.3398  DIHED      =     3000.1433
 VDWAALS =    36309.0933  EEL     =  -264768.8429  HBOND      =        0.0000
 1-4 VDW =      897.1748  1-4 EEL =    11471.0713  RESTRAINT  =       19.9359
 EAMBER  =  -197674.8399


   NSTEP       ENERGY          RMS            GMAX         NAME    NUMBER
    650      -1.9766E+05     3.3940E-02     1.7756E+00     C        3991

 BOND    =    14943.8848  ANGLE   =      473.4475  DIHED      =     3000.2952
 VDWAALS =    36311.3276  EEL     =  -264775.4322  HBOND      =        0.0000
 1-4 VDW =      896.9061  1-4 EEL =    11470.5773  RESTRAINT  =       20.0398
 EAMBER  =  -197678.9936


   NSTEP       ENERGY          RMS            GMAX         NAME    NUMBER
    700      -1.9766E+05     4.7929E-02     3.1308E+00     C        3991

 BOND    =    14944.5817  ANGLE   =      473.6816  DIHED      =     3000.4226
 VDWAALS =    36313.7491  EEL     =  -264782.2080  HBOND      =        0.0000
 1-4 VDW =      896.6634  1-4 EEL =    11470.1310  RESTRAINT  =       20.1484
 EAMBER  =  -197682.9785


   NSTEP       ENERGY          RMS            GMAX         NAME    NUMBER
    750      -1.9767E+05     1.0796E-01     8.4918E+00     CG       1784

 BOND    =    14945.4872  ANGLE   =      473.9070  DIHED      =     3000.5383
 VDWAALS =    36316.2660  EEL     =  -264789.2048  HBOND      =        0.0000
 1-4 VDW =      896.4568  1-4 EEL =    11469.7581  RESTRAINT  =       20.2518
 EAMBER  =  -197686.7915


   NSTEP       ENERGY          RMS            GMAX         NAME    NUMBER
    800      -1.9767E+05     4.2428E-02     2.5991E+00     CG       1784

 BOND    =    14945.8556  ANGLE   =      474.1854  DIHED      =     3000.6188
 VDWAALS =    36318.8137  EEL     =  -264796.0373  HBOND      =        0.0000
 1-4 VDW =      896.2565  1-4 EEL =    11469.4290  RESTRAINT  =       20.3356
 EAMBER  =  -197690.8784


   NSTEP       ENERGY          RMS            GMAX         NAME    NUMBER
    850      -1.9767E+05     8.2736E-02     6.3096E+00     C        3991

 BOND    =    14946.5983  ANGLE   =      474.4305  DIHED      =     3000.6984
 VDWAALS =    36321.3530  EEL     =  -264802.9671  HBOND      =        0.0000
 1-4 VDW =      896.0865  1-4 EEL =    11469.1507  RESTRAINT  =       20.4225
 EAMBER  =  -197694.6496


   NSTEP       ENERGY          RMS            GMAX         NAME    NUMBER
    900      -1.9768E+05     4.6346E-02     3.0381E+00     C        3991

 BOND    =    14947.2054  ANGLE   =      474.4745  DIHED      =     3000.7895
 VDWAALS =    36323.8234  EEL     =  -264809.6970  HBOND      =        0.0000
 1-4 VDW =      895.9563  1-4 EEL =    11468.8482  RESTRAINT  =       20.4861
 EAMBER  =  -197698.5996


   NSTEP       ENERGY          RMS            GMAX         NAME    NUMBER
    950      -1.9768E+05     7.4016E-02     5.1693E+00     C        3991

 BOND    =    14947.9221  ANGLE   =      474.6399  DIHED      =     3000.8623
 VDWAALS =    36326.3916  EEL     =  -264816.7213  HBOND      =        0.0000
 1-4 VDW =      895.8279  1-4 EEL =    11468.6014  RESTRAINT  =       20.5577
 EAMBER  =  -197702.4761


   NSTEP       ENERGY          RMS            GMAX         NAME    NUMBER
   1000      -1.9769E+05     3.2178E-02     1.4878E+00     C        3991

 BOND    =    14948.4808  ANGLE   =      474.8061  DIHED      =     3000.9141
 VDWAALS =    36328.9815  EEL     =  -264823.7437  HBOND      =        0.0000
 1-4 VDW =      895.6976  1-4 EEL =    11468.4138  RESTRAINT  =       20.6128
 EAMBER  =  -197706.4497


   NSTEP       ENERGY          RMS            GMAX         NAME    NUMBER
   1050      -1.9769E+05     4.3758E-02     3.2558E+00     CD        569

 BOND    =    14949.1797  ANGLE   =      474.9558  DIHED      =     3000.9701
 VDWAALS =    36331.7119  EEL     =  -264830.9636  HBOND      =        0.0000
 1-4 VDW =      895.5858  1-4 EEL =    11468.2270  RESTRAINT  =       20.6708
 EAMBER  =  -197710.3334


   NSTEP       ENERGY          RMS            GMAX         NAME    NUMBER
   1100      -1.9769E+05     9.3701E-02     6.5878E+00     ND1      1196

 BOND    =    14950.0002  ANGLE   =      475.1375  DIHED      =     3001.0164
 VDWAALS =    36334.5559  EEL     =  -264838.2998  HBOND      =        0.0000
 1-4 VDW =      895.4776  1-4 EEL =    11468.0775  RESTRAINT  =       20.7298
 EAMBER  =  -197714.0346


   NSTEP       ENERGY          RMS            GMAX         NAME    NUMBER
   1150      -1.9770E+05     5.2980E-02     3.5936E+00     ND1      1196

 BOND    =    14950.5493  ANGLE   =      475.1646  DIHED      =     3001.0824
 VDWAALS =    36337.4856  EEL     =  -264845.3782  HBOND      =        0.0000
 1-4 VDW =      895.4020  1-4 EEL =    11467.8490  RESTRAINT  =       20.7837
 EAMBER  =  -197717.8452


   NSTEP       ENERGY          RMS            GMAX         NAME    NUMBER
   1200      -1.9770E+05     7.6223E-02     5.3293E+00     ND1      1196

 BOND    =    14951.2603  ANGLE   =      475.2839  DIHED      =     3001.1307
 VDWAALS =    36340.4911  EEL     =  -264852.5136  HBOND      =        0.0000
 1-4 VDW =      895.3238  1-4 EEL =    11467.6916  RESTRAINT  =       20.8378
 EAMBER  =  -197721.3321


   NSTEP       ENERGY          RMS            GMAX         NAME    NUMBER
   1250      -1.9770E+05     2.7493E-02     1.0696E+00     H2      44537

 BOND    =    14951.9059  ANGLE   =      475.3834  DIHED      =     3001.1642
 VDWAALS =    36343.5239  EEL     =  -264859.7188  HBOND      =        0.0000
 1-4 VDW =      895.2377  1-4 EEL =    11467.5957  RESTRAINT  =       20.8672
 EAMBER  =  -197724.9079


   NSTEP       ENERGY          RMS            GMAX         NAME    NUMBER
   1300      -1.9771E+05     7.3228E-02     4.9805E+00     ND1      1196

 BOND    =    14952.6748  ANGLE   =      475.5075  DIHED      =     3001.1997
 VDWAALS =    36346.6016  EEL     =  -264866.9238  HBOND      =        0.0000
 1-4 VDW =      895.1662  1-4 EEL =    11467.4917  RESTRAINT  =       20.9092
 EAMBER  =  -197728.2823


   NSTEP       ENERGY          RMS            GMAX         NAME    NUMBER
   1350      -1.9771E+05     2.5828E-02     1.2495E+00     H1      20176

 BOND    =    14953.2840  ANGLE   =      475.5499  DIHED      =     3001.2492
 VDWAALS =    36349.5679  EEL     =  -264873.8229  HBOND      =        0.0000
 1-4 VDW =      895.1129  1-4 EEL =    11467.3524  RESTRAINT  =       20.9520
 EAMBER  =  -197731.7064


   NSTEP       ENERGY          RMS            GMAX         NAME    NUMBER
   1400      -1.9771E+05     4.3520E-02     2.7407E+00     CG       3141

 BOND    =    14954.0018  ANGLE   =      475.6300  DIHED      =     3001.2925
 VDWAALS =    36352.6167  EEL     =  -264881.0087  HBOND      =        0.0000
 1-4 VDW =      895.0613  1-4 EEL =    11467.2364  RESTRAINT  =       20.9967
 EAMBER  =  -197735.1701


   NSTEP       ENERGY          RMS            GMAX         NAME    NUMBER
   1450      -1.9772E+05     2.6329E-02     1.6011E+00     H1      20176

 BOND    =    14954.7055  ANGLE   =      475.7063  DIHED      =     3001.3234
 VDWAALS =    36355.5700  EEL     =  -264888.1185  HBOND      =        0.0000
 1-4 VDW =      895.0063  1-4 EEL =    11467.1624  RESTRAINT  =       21.0229
 EAMBER  =  -197738.6446


   NSTEP       ENERGY          RMS            GMAX         NAME    NUMBER
   1500      -1.9772E+05     4.3517E-02     2.5673E+00     C        3991

 BOND    =    14955.4634  ANGLE   =      475.7893  DIHED      =     3001.3557
 VDWAALS =    36358.5507  EEL     =  -264895.4959  HBOND      =        0.0000
 1-4 VDW =      894.9575  1-4 EEL =    11467.0866  RESTRAINT  =       21.0537
 EAMBER  =  -197742.2926


   NSTEP       ENERGY          RMS            GMAX         NAME    NUMBER
   1550      -1.9772E+05     7.6698E-02     5.1600E+00     C        3991

 BOND    =    14956.3444  ANGLE   =      475.9239  DIHED      =     3001.3869
 VDWAALS =    36361.5211  EEL     =  -264903.0727  HBOND      =        0.0000
 1-4 VDW =      894.8982  1-4 EEL =    11467.0298  RESTRAINT  =       21.0837
 EAMBER  =  -197745.9683


   NSTEP       ENERGY          RMS            GMAX         NAME    NUMBER
   1600      -1.9773E+05     3.3305E-02     2.2766E+00     H1      29233

 BOND    =    14956.9223  ANGLE   =      475.8955  DIHED      =     3001.4307
 VDWAALS =    36364.2516  EEL     =  -264910.1181  HBOND      =        0.0000
 1-4 VDW =      894.8845  1-4 EEL =    11466.9148  RESTRAINT  =       21.1264
 EAMBER  =  -197749.8188


   NSTEP       ENERGY          RMS            GMAX         NAME    NUMBER
   1650      -1.9773E+05     4.8445E-02     2.8739E+00     C        3991

 BOND    =    14957.6957  ANGLE   =      475.9583  DIHED      =     3001.4641
 VDWAALS =    36367.0299  EEL     =  -264917.4172  HBOND      =        0.0000
 1-4 VDW =      894.8505  1-4 EEL =    11466.8424  RESTRAINT  =       21.1614
 EAMBER  =  -197753.5763


   NSTEP       ENERGY          RMS            GMAX         NAME    NUMBER
   1700      -1.9774E+05     9.8513E-02     1.6839E+01     CG       3141

 BOND    =    14958.6083  ANGLE   =      476.0328  DIHED      =     3001.4965
 VDWAALS =    36369.7808  EEL     =  -264924.4313  HBOND      =        0.0000
 1-4 VDW =      894.8154  1-4 EEL =    11466.7762  RESTRAINT  =       21.1967
 EAMBER  =  -197756.9213


   NSTEP       ENERGY          RMS            GMAX         NAME    NUMBER
   1750      -1.9774E+05     5.2097E-02     3.2145E+00     CG       3141

 BOND    =    14959.2251  ANGLE   =      476.0736  DIHED      =     3001.5105
 VDWAALS =    36372.4491  EEL     =  -264931.2176  HBOND      =        0.0000
 1-4 VDW =      894.7798  1-4 EEL =    11466.7624  RESTRAINT  =       21.1942
 EAMBER  =  -197760.4170


   NSTEP       ENERGY          RMS            GMAX         NAME    NUMBER
   1800      -1.9774E+05     8.0911E-02     1.0580E+01     CG       3141

 BOND    =    14959.9323  ANGLE   =      476.1386  DIHED      =     3001.5354
 VDWAALS =    36374.9074  EEL     =  -264937.6411  HBOND      =        0.0000
 1-4 VDW =      894.7558  1-4 EEL =    11466.7159  RESTRAINT  =       21.2167
 EAMBER  =  -197763.6556


   NSTEP       ENERGY          RMS            GMAX         NAME    NUMBER
   1850      -1.9775E+05     2.6687E-02     1.5239E+00     H2      14090

 BOND    =    14960.4974  ANGLE   =      476.1600  DIHED      =     3001.5698
 VDWAALS =    36377.1971  EEL     =  -264943.8178  HBOND      =        0.0000
 1-4 VDW =      894.7336  1-4 EEL =    11466.6409  RESTRAINT  =       21.2514
 EAMBER  =  -197767.0190


   NSTEP       ENERGY          RMS            GMAX         NAME    NUMBER
   1900      -1.9775E+05     4.9841E-02     4.6803E+00     CG       3141

 BOND    =    14961.1923  ANGLE   =      476.2196  DIHED      =     3001.5971
 VDWAALS =    36379.4137  EEL     =  -264950.0502  HBOND      =        0.0000
 1-4 VDW =      894.7098  1-4 EEL =    11466.5858  RESTRAINT  =       21.2812
 EAMBER  =  -197770.3319


   NSTEP       ENERGY          RMS            GMAX         NAME    NUMBER
   1950      -1.9775E+05     2.9245E-02     1.6577E+00     H2      14090

 BOND    =    14961.8174  ANGLE   =      476.2442  DIHED      =     3001.6166
 VDWAALS =    36381.5455  EEL     =  -264956.0507  HBOND      =        0.0000
 1-4 VDW =      894.6831  1-4 EEL =    11466.5688  RESTRAINT  =       21.2875
 EAMBER  =  -197773.5751


   NSTEP       ENERGY          RMS            GMAX         NAME    NUMBER
   2000      -1.9776E+05     4.2900E-02     2.7010E+00     ND1      1196

 BOND    =    14962.4807  ANGLE   =      476.2866  DIHED      =     3001.6392
 VDWAALS =    36383.7451  EEL     =  -264962.2822  HBOND      =        0.0000
 1-4 VDW =      894.6593  1-4 EEL =    11466.5382  RESTRAINT  =       21.3044
 EAMBER  =  -197776.9330


   NSTEP       ENERGY          RMS            GMAX         NAME    NUMBER
   2050      -1.9776E+05     2.6274E-02     1.3109E+00     H1      14584

 BOND    =    14963.0310  ANGLE   =      476.3317  DIHED      =     3001.6660
 VDWAALS =    36385.9154  EEL     =  -264968.2400  HBOND      =        0.0000
 1-4 VDW =      894.6447  1-4 EEL =    11466.4815  RESTRAINT  =       21.3335
 EAMBER  =  -197780.1697


   NSTEP       ENERGY          RMS            GMAX         NAME    NUMBER
   2100      -1.9776E+05     3.4069E-02     2.1753E+00     CG       3141

 BOND    =    14963.6365  ANGLE   =      476.3761  DIHED      =     3001.6897
 VDWAALS =    36388.1468  EEL     =  -264974.2027  HBOND      =        0.0000
 1-4 VDW =      894.6267  1-4 EEL =    11466.4440  RESTRAINT  =       21.3550
 EAMBER  =  -197783.2829


   NSTEP       ENERGY          RMS            GMAX         NAME    NUMBER
   2150      -1.9776E+05     7.8463E-02     8.9170E+00     CG       3141

 BOND    =    14964.3081  ANGLE   =      476.4494  DIHED      =     3001.7147
 VDWAALS =    36390.4208  EEL     =  -264980.2659  HBOND      =        0.0000
 1-4 VDW =      894.6121  1-4 EEL =    11466.3964  RESTRAINT  =       21.3861
 EAMBER  =  -197786.3643


   NSTEP       ENERGY          RMS            GMAX         NAME    NUMBER
   2200      -1.9777E+05     1.0424E-01     1.3061E+01     CG       3141

 BOND    =    14964.9748  ANGLE   =      476.5119  DIHED      =     3001.7374
 VDWAALS =    36392.6995  EEL     =  -264986.1804  HBOND      =        0.0000
 1-4 VDW =      894.5976  1-4 EEL =    11466.3601  RESTRAINT  =       21.4107
 EAMBER  =  -197789.2991


   NSTEP       ENERGY          RMS            GMAX         NAME    NUMBER
   2250      -1.9777E+05     5.9093E-02     4.7158E+00     ND1      1196

 BOND    =    14965.4968  ANGLE   =      476.4645  DIHED      =     3001.7493
 VDWAALS =    36394.9253  EEL     =  -264992.0221  HBOND      =        0.0000
 1-4 VDW =      894.5677  1-4 EEL =    11466.3994  RESTRAINT  =       21.3912
 EAMBER  =  -197792.4191


   NSTEP       ENERGY          RMS            GMAX         NAME    NUMBER
   2300      -1.9777E+05     9.7561E-02     1.7110E+01     CG       3141

 BOND    =    14966.2597  ANGLE   =      476.5017  DIHED      =     3001.7713
 VDWAALS =    36397.3008  EEL     =  -264998.0696  HBOND      =        0.0000
 1-4 VDW =      894.5471  1-4 EEL =    11466.3795  RESTRAINT  =       21.4075
 EAMBER  =  -197795.3096


   NSTEP       ENERGY          RMS            GMAX         NAME    NUMBER
   2350      -1.9778E+05     5.0155E-02     3.8063E+00     ND1      1196

 BOND    =    14966.5311  ANGLE   =      476.5688  DIHED      =     3001.7951
 VDWAALS =    36399.6579  EEL     =  -265003.9069  HBOND      =        0.0000
 1-4 VDW =      894.5562  1-4 EEL =    11466.3022  RESTRAINT  =       21.4421
 EAMBER  =  -197798.4955


   NSTEP       ENERGY          RMS            GMAX         NAME    NUMBER
   2400      -1.9778E+05     7.0412E-02     5.6439E+00     ND1      1196

 BOND    =    14967.1250  ANGLE   =      476.6204  DIHED      =     3001.8155
 VDWAALS =    36401.9999  EEL     =  -265009.7152  HBOND      =        0.0000
 1-4 VDW =      894.5483  1-4 EEL =    11466.2714  RESTRAINT  =       21.4632
 EAMBER  =  -197801.3347


   NSTEP       ENERGY          RMS            GMAX         NAME    NUMBER
   2450      -1.9778E+05     3.0005E-02     2.1775E+00     CG       3141

 BOND    =    14967.6718  ANGLE   =      476.5897  DIHED      =     3001.8310
 VDWAALS =    36404.3308  EEL     =  -265015.6480  HBOND      =        0.0000
 1-4 VDW =      894.5283  1-4 EEL =    11466.2920  RESTRAINT  =       21.4552
 EAMBER  =  -197804.4043


   NSTEP       ENERGY          RMS            GMAX         NAME    NUMBER
   2500      -1.9779E+05     6.1212E-02     5.0406E+00     ND1      1196

 BOND    =    14968.3558  ANGLE   =      476.6111  DIHED      =     3001.8491
 VDWAALS =    36406.6539  EEL     =  -265021.6582  HBOND      =        0.0000
 1-4 VDW =      894.5122  1-4 EEL =    11466.2966  RESTRAINT  =       21.4643
 EAMBER  =  -197807.3794


   NSTEP       ENERGY          RMS            GMAX         NAME    NUMBER
   2550      -1.9779E+05     9.3791E-02     8.3602E+00     CG       3141

 BOND    =    14968.9716  ANGLE   =      476.6453  DIHED      =     3001.8672
 VDWAALS =    36408.9169  EEL     =  -265027.5670  HBOND      =        0.0000
 1-4 VDW =      894.5047  1-4 EEL =    11466.2919  RESTRAINT  =       21.4774
 EAMBER  =  -197810.3695


   NSTEP       ENERGY          RMS            GMAX         NAME    NUMBER
   2600      -1.9779E+05     3.9811E-02     2.7199E+00     ND1      1196

 BOND    =    14969.3439  ANGLE   =      476.6963  DIHED      =     3001.8908
 VDWAALS =    36411.2702  EEL     =  -265033.7236  HBOND      =        0.0000
 1-4 VDW =      894.5102  1-4 EEL =    11466.2220  RESTRAINT  =       21.5059
 EAMBER  =  -197813.7902


   NSTEP       ENERGY          RMS            GMAX         NAME    NUMBER
   2650      -1.9780E+05     7.9495E-02     6.7995E+00     CG       3141

 BOND    =    14969.9654  ANGLE   =      476.7679  DIHED      =     3001.9116
 VDWAALS =    36413.5475  EEL     =  -265039.7911  HBOND      =        0.0000
 1-4 VDW =      894.5079  1-4 EEL =    11466.1910  RESTRAINT  =       21.5311
 EAMBER  =  -197816.8998


   NSTEP       ENERGY          RMS            GMAX         NAME    NUMBER
   2700      -1.9780E+05     2.6375E-02     1.5455E+00     H1      15178

 BOND    =    14970.4446  ANGLE   =      476.7170  DIHED      =     3001.9272
 VDWAALS =    36415.6360  EEL     =  -265045.5505  HBOND      =        0.0000
 1-4 VDW =      894.4931  1-4 EEL =    11466.2178  RESTRAINT  =       21.5196
 EAMBER  =  -197820.1149


   NSTEP       ENERGY          RMS            GMAX         NAME    NUMBER
   2750      -1.9780E+05     7.2344E-02     6.5512E+00     CD       4041

 BOND    =    14971.1000  ANGLE   =      476.7306  DIHED      =     3001.9460
 VDWAALS =    36417.8011  EEL     =  -265051.7121  HBOND      =        0.0000
 1-4 VDW =      894.4830  1-4 EEL =    11466.2302  RESTRAINT  =       21.5256
 EAMBER  =  -197823.4214


   NSTEP       ENERGY          RMS            GMAX         NAME    NUMBER
   2800      -1.9781E+05     9.7694E-02     9.0030E+00     CG       3141

 BOND    =    14971.8277  ANGLE   =      476.7564  DIHED      =     3001.9661
 VDWAALS =    36419.9138  EEL     =  -265057.8346  HBOND      =        0.0000
 1-4 VDW =      894.4678  1-4 EEL =    11466.2375  RESTRAINT  =       21.5375
 EAMBER  =  -197826.6653


   NSTEP       ENERGY          RMS            GMAX         NAME    NUMBER
   2850      -1.9781E+05     4.1803E-02     2.9613E+00     ND1      1196

 BOND    =    14972.0693  ANGLE   =      476.8117  DIHED      =     3001.9887
 VDWAALS =    36422.0427  EEL     =  -265063.8342  HBOND      =        0.0000
 1-4 VDW =      894.4854  1-4 EEL =    11466.1636  RESTRAINT  =       21.5647
 EAMBER  =  -197830.2728


   NSTEP       ENERGY          RMS            GMAX         NAME    NUMBER
   2900      -1.9781E+05     9.1744E-02     1.7330E+01     CD       4041

 BOND    =    14972.6274  ANGLE   =      476.8547  DIHED      =     3002.0088
 VDWAALS =    36424.1581  EEL     =  -265069.8719  HBOND      =        0.0000
 1-4 VDW =      894.4922  1-4 EEL =    11466.1389  RESTRAINT  =       21.5811
 EAMBER  =  -197833.5918


   NSTEP       ENERGY          RMS            GMAX         NAME    NUMBER
   2950      -1.9782E+05     2.5567E-02     1.2002E+00     O       47226

 BOND    =    14973.2141  ANGLE   =      476.8197  DIHED      =     3002.0292
 VDWAALS =    36426.4219  EEL     =  -265076.1663  HBOND      =        0.0000
 1-4 VDW =      894.4726  1-4 EEL =    11466.1669  RESTRAINT  =       21.5753
 EAMBER  =  -197837.0420


   NSTEP       ENERGY          RMS            GMAX         NAME    NUMBER
   3000      -1.9782E+05     6.9567E-02     7.0082E+00     CD       4041

 BOND    =    14973.8811  ANGLE   =      476.8264  DIHED      =     3002.0488
 VDWAALS =    36428.6151  EEL     =  -265081.9593  HBOND      =        0.0000
 1-4 VDW =      894.4642  1-4 EEL =    11466.1828  RESTRAINT  =       21.5774
 EAMBER  =  -197839.9409


   NSTEP       ENERGY          RMS            GMAX         NAME    NUMBER
   3050      -1.9782E+05     3.3548E-02     2.0517E+00     ND1      1196

 BOND    =    14974.3199  ANGLE   =      476.8750  DIHED      =     3002.0741
 VDWAALS =    36430.8538  EEL     =  -265087.8158  HBOND      =        0.0000
 1-4 VDW =      894.4727  1-4 EEL =    11466.1314  RESTRAINT  =       21.6067
 EAMBER  =  -197843.0889


   NSTEP       ENERGY          RMS            GMAX         NAME    NUMBER
   3100      -1.9782E+05     5.8894E-02     4.4497E+00     ND1      1196

 BOND    =    14974.8731  ANGLE   =      476.9085  DIHED      =     3002.0976
 VDWAALS =    36432.9372  EEL     =  -265093.3159  HBOND      =        0.0000
 1-4 VDW =      894.4761  1-4 EEL =    11466.1072  RESTRAINT  =       21.6269
 EAMBER  =  -197845.9161


   NSTEP       ENERGY          RMS            GMAX         NAME    NUMBER
   3150      -1.9783E+05     9.8486E-02     2.0030E+01     CD       4041

 BOND    =    14975.5248  ANGLE   =      476.9792  DIHED      =     3002.1178
 VDWAALS =    36434.8568  EEL     =  -265098.6122  HBOND      =        0.0000
 1-4 VDW =      894.4755  1-4 EEL =    11466.0979  RESTRAINT  =       21.6390
 EAMBER  =  -197848.5602


   NSTEP       ENERGY          RMS            GMAX         NAME    NUMBER
   3200      -1.9783E+05     5.0923E-02     3.7373E+00     ND1      1196

 BOND    =    14976.0247  ANGLE   =      476.8963  DIHED      =     3002.1373
 VDWAALS =    36436.6544  EEL     =  -265103.7581  HBOND      =        0.0000
 1-4 VDW =      894.4566  1-4 EEL =    11466.1443  RESTRAINT  =       21.6171
 EAMBER  =  -197851.4446


   NSTEP       ENERGY          RMS            GMAX         NAME    NUMBER
   3250      -1.9783E+05     7.9052E-02     9.9804E+00     CG       3141

 BOND    =    14976.6095  ANGLE   =      476.9321  DIHED      =     3002.1585
 VDWAALS =    36438.2767  EEL     =  -265108.6823  HBOND      =        0.0000
 1-4 VDW =      894.4564  1-4 EEL =    11466.1412  RESTRAINT  =       21.6240
 EAMBER  =  -197854.1079


   NSTEP       ENERGY          RMS            GMAX         NAME    NUMBER
   3300      -1.9784E+05     2.5444E-02     1.0792E+00     ND1      1196

 BOND    =    14976.9302  ANGLE   =      476.9448  DIHED      =     3002.1854
 VDWAALS =    36439.7870  EEL     =  -265113.3192  HBOND      =        0.0000
 1-4 VDW =      894.4631  1-4 EEL =    11466.0982  RESTRAINT  =       21.6498
 EAMBER  =  -197856.9105


   NSTEP       ENERGY          RMS            GMAX         NAME    NUMBER
   3350      -1.9784E+05     6.3156E-02     5.6527E+00     CD       4041

 BOND    =    14977.4562  ANGLE   =      477.0048  DIHED      =     3002.2113
 VDWAALS =    36441.2139  EEL     =  -265118.1315  HBOND      =        0.0000
 1-4 VDW =      894.4698  1-4 EEL =    11466.0678  RESTRAINT  =       21.6755
 EAMBER  =  -197859.7078


   NSTEP       ENERGY          RMS            GMAX         NAME    NUMBER
   3400      -1.9784E+05     9.6135E-02     1.4088E+01     CD       4041

 BOND    =    14978.0015  ANGLE   =      477.0638  DIHED      =     3002.2339
 VDWAALS =    36442.4912  EEL     =  -265122.7475  HBOND      =        0.0000
 1-4 VDW =      894.4743  1-4 EEL =    11466.0472  RESTRAINT  =       21.6923
 EAMBER  =  -197862.4355


   NSTEP       ENERGY          RMS            GMAX         NAME    NUMBER
   3450      -1.9784E+05     5.4708E-02     4.2168E+00     ND1      1196

 BOND    =    14978.5157  ANGLE   =      476.9663  DIHED      =     3002.2529
 VDWAALS =    36443.6838  EEL     =  -265127.2829  HBOND      =        0.0000
 1-4 VDW =      894.4522  1-4 EEL =    11466.1028  RESTRAINT  =       21.6615
 EAMBER  =  -197865.3092


   NSTEP       ENERGY          RMS            GMAX         NAME    NUMBER
   3500      -1.9785E+05     2.4435E-02     9.6670E-01     H2      31553

 BOND    =    14978.8711  ANGLE   =      477.0042  DIHED      =     3002.2781
 VDWAALS =    36444.8164  EEL     =  -265131.6103  HBOND      =        0.0000
 1-4 VDW =      894.4624  1-4 EEL =    11466.0608  RESTRAINT  =       21.6838
 EAMBER  =  -197868.1173


   NSTEP       ENERGY          RMS            GMAX         NAME    NUMBER
   3550      -1.9785E+05     3.3528E-02     2.1913E+00     ND1      1196

 BOND    =    14979.3339  ANGLE   =      477.0338  DIHED      =     3002.3022
 VDWAALS =    36445.9575  EEL     =  -265136.0929  HBOND      =        0.0000
 1-4 VDW =      894.4658  1-4 EEL =    11466.0410  RESTRAINT  =       21.6967
 EAMBER  =  -197870.9587


   NSTEP       ENERGY          RMS            GMAX         NAME    NUMBER
   3600      -1.9785E+05     7.8151E-02     1.1876E+01     CD       4041

 BOND    =    14979.8406  ANGLE   =      477.0805  DIHED      =     3002.3278
 VDWAALS =    36447.1056  EEL     =  -265140.4964  HBOND      =        0.0000
 1-4 VDW =      894.4724  1-4 EEL =    11466.0091  RESTRAINT  =       21.7181
 EAMBER  =  -197873.6605


   NSTEP       ENERGY          RMS            GMAX         NAME    NUMBER
   3650      -1.9785E+05     2.6526E-02     1.3393E+00     ND1      1196

 BOND    =    14980.2951  ANGLE   =      477.0419  DIHED      =     3002.3469
 VDWAALS =    36448.2031  EEL     =  -265144.8605  HBOND      =        0.0000
 1-4 VDW =      894.4632  1-4 EEL =    11466.0365  RESTRAINT  =       21.7017
 EAMBER  =  -197876.4737


   NSTEP       ENERGY          RMS            GMAX         NAME    NUMBER
   3700      -1.9786E+05     5.6917E-02     4.6372E+00     ND1      1196

 BOND    =    14980.8534  ANGLE   =      477.0553  DIHED      =     3002.3694
 VDWAALS =    36449.3335  EEL     =  -265149.2727  HBOND      =        0.0000
 1-4 VDW =      894.4601  1-4 EEL =    11466.0432  RESTRAINT  =       21.7032
 EAMBER  =  -197879.1579


   NSTEP       ENERGY          RMS            GMAX         NAME    NUMBER
   3750      -1.9786E+05     8.5914E-02     1.0092E+01     CD       4041

 BOND    =    14981.4219  ANGLE   =      477.0860  DIHED      =     3002.3910
 VDWAALS =    36450.4564  EEL     =  -265153.6505  HBOND      =        0.0000
 1-4 VDW =      894.4586  1-4 EEL =    11466.0417  RESTRAINT  =       21.7094
 EAMBER  =  -197881.7949


   NSTEP       ENERGY          RMS            GMAX         NAME    NUMBER
   3800      -1.9786E+05     2.4071E-02     2.0637E+00     H2       4793

 BOND    =    14981.6129  ANGLE   =      477.1258  DIHED      =     3002.4129
 VDWAALS =    36451.5521  EEL     =  -265157.8963  HBOND      =        0.0000
 1-4 VDW =      894.4769  1-4 EEL =    11465.9847  RESTRAINT  =       21.7313
 EAMBER  =  -197884.7310


   NSTEP       ENERGY          RMS            GMAX         NAME    NUMBER
   3850      -1.9787E+05     7.6351E-02     1.5777E+01     CD       4041

 BOND    =    14982.0464  ANGLE   =      477.1831  DIHED      =     3002.4330
 VDWAALS =    36452.6426  EEL     =  -265162.2864  HBOND      =        0.0000
 1-4 VDW =      894.4918  1-4 EEL =    11465.9494  RESTRAINT  =       21.7515
 EAMBER  =  -197887.5401


   NSTEP       ENERGY          RMS            GMAX         NAME    NUMBER
   3900      -1.9787E+05     1.1235E-01     2.3735E+01     CD       4041

 BOND    =    14982.5381  ANGLE   =      477.2394  DIHED      =     3002.4495
 VDWAALS =    36453.6825  EEL     =  -265166.5666  HBOND      =        0.0000
 1-4 VDW =      894.5035  1-4 EEL =    11465.9266  RESTRAINT  =       21.7657
 EAMBER  =  -197890.2270


   NSTEP       ENERGY          RMS            GMAX         NAME    NUMBER
   3950      -1.9787E+05     4.4198E-02     5.5540E+00     CD       4041

 BOND    =    14983.0235  ANGLE   =      477.1685  DIHED      =     3002.4616
 VDWAALS =    36454.8140  EEL     =  -265171.3506  HBOND      =        0.0000
 1-4 VDW =      894.4880  1-4 EEL =    11465.9801  RESTRAINT  =       21.7387
 EAMBER  =  -197893.4148


   NSTEP       ENERGY          RMS            GMAX         NAME    NUMBER
   4000      -1.9787E+05     2.7270E-02     1.8799E+00     H2       4793

 BOND    =    14983.3564  ANGLE   =      477.2003  DIHED      =     3002.4726
 VDWAALS =    36455.8865  EEL     =  -265175.6092  HBOND      =        0.0000
 1-4 VDW =      894.5029  1-4 EEL =    11465.9527  RESTRAINT  =       21.7532
 EAMBER  =  -197896.2378


   NSTEP       ENERGY          RMS            GMAX         NAME    NUMBER
   4050      -1.9788E+05     2.9598E-02     1.8271E+00     ND1      1196

 BOND    =    14983.7700  ANGLE   =      477.2115  DIHED      =     3002.4809
 VDWAALS =    36456.9438  EEL     =  -265179.8750  HBOND      =        0.0000
 1-4 VDW =      894.5069  1-4 EEL =    11465.9509  RESTRAINT  =       21.7556
 EAMBER  =  -197899.0109


   NSTEP       ENERGY          RMS            GMAX         NAME    NUMBER
   4100      -1.9788E+05     2.4113E-02     1.0528E+00     H2       4793

 BOND    =    14984.2091  ANGLE   =      477.2007  DIHED      =     3002.4877
 VDWAALS =    36457.9049  EEL     =  -265183.9295  HBOND      =        0.0000
 1-4 VDW =      894.5024  1-4 EEL =    11465.9672  RESTRAINT  =       21.7459
 EAMBER  =  -197901.6575


   NSTEP       ENERGY          RMS            GMAX         NAME    NUMBER
   4150      -1.9788E+05     2.4272E-02     1.0453E+00     ND1      1196

 BOND    =    14984.5688  ANGLE   =      477.2127  DIHED      =     3002.4944
 VDWAALS =    36458.7244  EEL     =  -265187.6672  HBOND      =        0.0000
 1-4 VDW =      894.5000  1-4 EEL =    11465.9681  RESTRAINT  =       21.7448
 EAMBER  =  -197904.1988


   NSTEP       ENERGY          RMS            GMAX         NAME    NUMBER
   4200      -1.9788E+05     6.9002E-02     1.3821E+01     CD       4041

 BOND    =    14985.0582  ANGLE   =      477.2288  DIHED      =     3002.5021
 VDWAALS =    36459.4511  EEL     =  -265191.3170  HBOND      =        0.0000
 1-4 VDW =      894.4891  1-4 EEL =    11465.9868  RESTRAINT  =       21.7362
 EAMBER  =  -197906.6009


   NSTEP       ENERGY          RMS            GMAX         NAME    NUMBER
   4250      -1.9789E+05     2.3367E-02     8.9924E-01     ND1      1196

 BOND    =    14985.2044  ANGLE   =      477.2537  DIHED      =     3002.5136
 VDWAALS =    36460.0640  EEL     =  -265194.7559  HBOND      =        0.0000
 1-4 VDW =      894.4953  1-4 EEL =    11465.9539  RESTRAINT  =       21.7490
 EAMBER  =  -197909.2711


   NSTEP       ENERGY          RMS            GMAX         NAME    NUMBER
   4300      -1.9789E+05     4.2549E-02     3.2134E+00     ND1      1196

 BOND    =    14985.5081  ANGLE   =      477.2929  DIHED      =     3002.5258
 VDWAALS =    36460.5776  EEL     =  -265198.1483  HBOND      =        0.0000
 1-4 VDW =      894.4941  1-4 EEL =    11465.9376  RESTRAINT  =       21.7574
 EAMBER  =  -197911.8123


   NSTEP       ENERGY          RMS            GMAX         NAME    NUMBER
   4350      -1.9789E+05     8.3950E-02     1.4143E+01     CD       4041

 BOND    =    14985.8648  ANGLE   =      477.3579  DIHED      =     3002.5387
 VDWAALS =    36460.9924  EEL     =  -265201.4234  HBOND      =        0.0000
 1-4 VDW =      894.4925  1-4 EEL =    11465.9202  RESTRAINT  =       21.7681
 EAMBER  =  -197914.2568


   NSTEP       ENERGY          RMS            GMAX         NAME    NUMBER
   4400      -1.9790E+05     4.2752E-02     3.3743E+00     ND1      1196

 BOND    =    14986.1476  ANGLE   =      477.2687  DIHED      =     3002.5543
 VDWAALS =    36461.2587  EEL     =  -265204.6954  HBOND      =        0.0000
 1-4 VDW =      894.4712  1-4 EEL =    11465.9628  RESTRAINT  =       21.7379
 EAMBER  =  -197917.0323


   NSTEP       ENERGY          RMS            GMAX         NAME    NUMBER
   4450      -1.9790E+05     8.0333E-02     7.7350E+00     CD       4041

 BOND    =    14986.5819  ANGLE   =      477.2924  DIHED      =     3002.5737
 VDWAALS =    36461.4793  EEL     =  -265208.0934  HBOND      =        0.0000
 1-4 VDW =      894.4644  1-4 EEL =    11465.9679  RESTRAINT  =       21.7338
 EAMBER  =  -197919.7338


   NSTEP       ENERGY          RMS            GMAX         NAME    NUMBER
   4500      -1.9790E+05     2.3922E-02     1.1698E+00     H2      31598

 BOND    =    14986.5823  ANGLE   =      477.3193  DIHED      =     3002.5918
 VDWAALS =    36461.6231  EEL     =  -265211.0915  HBOND      =        0.0000
 1-4 VDW =      894.4665  1-4 EEL =    11465.9266  RESTRAINT  =       21.7514
 EAMBER  =  -197922.5819


   NSTEP       ENERGY          RMS            GMAX         NAME    NUMBER
   4550      -1.9790E+05     5.7757E-02     4.9027E+00     ND1      1196

 BOND    =    14986.8255  ANGLE   =      477.3781  DIHED      =     3002.6134
 VDWAALS =    36461.7515  EEL     =  -265214.3067  HBOND      =        0.0000
 1-4 VDW =      894.4674  1-4 EEL =    11465.8965  RESTRAINT  =       21.7680
 EAMBER  =  -197925.3742


   NSTEP       ENERGY          RMS            GMAX         NAME    NUMBER
   4600      -1.9791E+05     2.6855E-02     1.4445E+00     H2      31598

 BOND    =    14987.1251  ANGLE   =      477.3360  DIHED      =     3002.6350
 VDWAALS =    36461.8808  EEL     =  -265217.6283  HBOND      =        0.0000
 1-4 VDW =      894.4496  1-4 EEL =    11465.9192  RESTRAINT  =       21.7490
 EAMBER  =  -197928.2825


   NSTEP       ENERGY          RMS            GMAX         NAME    NUMBER
   4650      -1.9791E+05     4.6428E-02     3.6478E+00     ND1      1196

 BOND    =    14987.4544  ANGLE   =      477.3428  DIHED      =     3002.6570
 VDWAALS =    36462.1223  EEL     =  -265221.3147  HBOND      =        0.0000
 1-4 VDW =      894.4375  1-4 EEL =    11465.9196  RESTRAINT  =       21.7460
 EAMBER  =  -197931.3811


   NSTEP       ENERGY          RMS            GMAX         NAME    NUMBER
   4700      -1.9791E+05     7.4146E-02     1.2687E+01     CD       4041

 BOND    =    14987.8568  ANGLE   =      477.3829  DIHED      =     3002.6753
 VDWAALS =    36462.5667  EEL     =  -265225.1841  HBOND      =        0.0000
 1-4 VDW =      894.4243  1-4 EEL =    11465.9165  RESTRAINT  =       21.7458
 EAMBER  =  -197934.3617


   NSTEP       ENERGY          RMS            GMAX         NAME    NUMBER
   4750      -1.9792E+05     2.5170E-02     1.4248E+00     H2      31598

 BOND    =    14988.0220  ANGLE   =      477.4281  DIHED      =     3002.6897
 VDWAALS =    36463.2843  EEL     =  -265229.1903  HBOND      =        0.0000
 1-4 VDW =      894.4237  1-4 EEL =    11465.8640  RESTRAINT  =       21.7636
 EAMBER  =  -197937.4784


   NSTEP       ENERGY          RMS            GMAX         NAME    NUMBER
   4800      -1.9792E+05     6.7792E-02     1.0592E+01     CD       4041

 BOND    =    14988.4188  ANGLE   =      477.5023  DIHED      =     3002.6966
 VDWAALS =    36464.3125  EEL     =  -265233.6819  HBOND      =        0.0000
 1-4 VDW =      894.4186  1-4 EEL =    11465.8237  RESTRAINT  =       21.7822
 EAMBER  =  -197940.5094


   NSTEP       ENERGY          RMS            GMAX         NAME    NUMBER
   4850      -1.9792E+05     2.7424E-02     1.4174E+00     ND1      1196

 BOND    =    14988.8605  ANGLE   =      477.4864  DIHED      =     3002.6939
 VDWAALS =    36465.4914  EEL     =  -265238.1908  HBOND      =        0.0000
 1-4 VDW =      894.3942  1-4 EEL =    11465.8406  RESTRAINT  =       21.7614
 EAMBER  =  -197943.4238


   NSTEP       ENERGY          RMS            GMAX         NAME    NUMBER
   4900      -1.9792E+05     5.3570E-02     4.3495E+00     ND1      1196

 BOND    =    14989.3370  ANGLE   =      477.5081  DIHED      =     3002.6872
 VDWAALS =    36466.7512  EEL     =  -265242.7280  HBOND      =        0.0000
 1-4 VDW =      894.3779  1-4 EEL =    11465.8411  RESTRAINT  =       21.7571
 EAMBER  =  -197946.2255


   NSTEP       ENERGY          RMS            GMAX         NAME    NUMBER
   4950      -1.9793E+05     2.4893E-02     1.0883E+00     H1       8743

 BOND    =    14989.6427  ANGLE   =      477.5665  DIHED      =     3002.6787
 VDWAALS =    36468.0652  EEL     =  -265247.2750  HBOND      =        0.0000
 1-4 VDW =      894.3752  1-4 EEL =    11465.8002  RESTRAINT  =       21.7725
 EAMBER  =  -197949.1465


   NSTEP       ENERGY          RMS            GMAX         NAME    NUMBER
   5000      -1.9793E+05     4.0286E-02     3.1204E+00     ND1      1196

 BOND    =    14990.0340  ANGLE   =      477.6099  DIHED      =     3002.6696
 VDWAALS =    36469.3700  EEL     =  -265251.8174  HBOND      =        0.0000
 1-4 VDW =      894.3692  1-4 EEL =    11465.7792  RESTRAINT  =       21.7812
 EAMBER  =  -197951.9855


   NSTEP       ENERGY          RMS            GMAX         NAME    NUMBER
   5050      -1.9793E+05     7.4580E-02     1.1466E+01     CD       4041

 BOND    =    14990.4503  ANGLE   =      477.6509  DIHED      =     3002.6614
 VDWAALS =    36470.6793  EEL     =  -265256.3219  HBOND      =        0.0000
 1-4 VDW =      894.3669  1-4 EEL =    11465.7553  RESTRAINT  =       21.7935
 EAMBER  =  -197954.7579


   NSTEP       ENERGY          RMS            GMAX         NAME    NUMBER
   5100      -1.9794E+05     2.2973E-02     8.3951E-01     H2      39344

 BOND    =    14990.8568  ANGLE   =      477.6118  DIHED      =     3002.6524
 VDWAALS =    36471.9348  EEL     =  -265260.7748  HBOND      =        0.0000
 1-4 VDW =      894.3505  1-4 EEL =    11465.7807  RESTRAINT  =       21.7711
 EAMBER  =  -197957.5877


   NSTEP       ENERGY          RMS            GMAX         NAME    NUMBER
   5150      -1.9794E+05     6.0129E-02     9.3449E+00     CD       4041

 BOND    =    14991.3864  ANGLE   =      477.6204  DIHED      =     3002.6426
 VDWAALS =    36473.2927  EEL     =  -265265.5056  HBOND      =        0.0000
 1-4 VDW =      894.3402  1-4 EEL =    11465.7942  RESTRAINT  =       21.7627
 EAMBER  =  -197960.4291


   NSTEP       ENERGY          RMS            GMAX         NAME    NUMBER
   5200      -1.9794E+05     9.2146E-02     2.1580E+01     CD       4041

 BOND    =    14991.9080  ANGLE   =      477.6446  DIHED      =     3002.6334
 VDWAALS =    36474.6201  EEL     =  -265270.0140  HBOND      =        0.0000
 1-4 VDW =      894.3364  1-4 EEL =    11465.7912  RESTRAINT  =       21.7630
 EAMBER  =  -197963.0803


   NSTEP       ENERGY          RMS            GMAX         NAME    NUMBER
   5250      -1.9794E+05     2.4679E-02     1.2782E+00     CD       4041

 BOND    =    14992.0453  ANGLE   =      477.6537  DIHED      =     3002.6256
 VDWAALS =    36475.9630  EEL     =  -265274.5324  HBOND      =        0.0000
 1-4 VDW =      894.3468  1-4 EEL =    11465.7510  RESTRAINT  =       21.7797
 EAMBER  =  -197966.1470


   NSTEP       ENERGY          RMS            GMAX         NAME    NUMBER
   5300      -1.9795E+05     8.2177E-02     1.4755E+01     CD       4041

 BOND    =    14992.5416  ANGLE   =      477.7277  DIHED      =     3002.6159
 VDWAALS =    36477.4158  EEL     =  -265279.3545  HBOND      =        0.0000
 1-4 VDW =      894.3547  1-4 EEL =    11465.7213  RESTRAINT  =       21.8018
 EAMBER  =  -197968.9776


   NSTEP       ENERGY          RMS            GMAX         NAME    NUMBER
   5350      -1.9795E+05     1.0190E-01     1.2981E+01     CD       4041

 BOND    =    14992.9752  ANGLE   =      477.7665  DIHED      =     3002.6064
 VDWAALS =    36478.8357  EEL     =  -265283.9352  HBOND      =        0.0000
 1-4 VDW =      894.3637  1-4 EEL =    11465.6998  RESTRAINT  =       21.8164
 EAMBER  =  -197971.6879


   NSTEP       ENERGY          RMS            GMAX         NAME    NUMBER
   5400      -1.9795E+05     6.1478E-02     4.9600E+00     ND1      1196

 BOND    =    14993.4241  ANGLE   =      477.6343  DIHED      =     3002.5954
 VDWAALS =    36480.2615  EEL     =  -265288.6235  HBOND      =        0.0000
 1-4 VDW =      894.3470  1-4 EEL =    11465.7583  RESTRAINT  =       21.7654
 EAMBER  =  -197974.6029


   NSTEP       ENERGY          RMS            GMAX         NAME    NUMBER
   5450      -1.9796E+05     8.8049E-02     8.2561E+00     CD       4041

 BOND    =    14993.9677  ANGLE   =      477.6438  DIHED      =     3002.5856
 VDWAALS =    36481.7576  EEL     =  -265293.3473  HBOND      =        0.0000
 1-4 VDW =      894.3482  1-4 EEL =    11465.7602  RESTRAINT  =       21.7636
 EAMBER  =  -197977.2842


   NSTEP       ENERGY          RMS            GMAX         NAME    NUMBER
   5500      -1.9796E+05     2.5457E-02     1.0791E+00     ND1      1196

 BOND    =    14994.1511  ANGLE   =      477.6616  DIHED      =     3002.5758
 VDWAALS =    36483.3224  EEL     =  -265298.0224  HBOND      =        0.0000
 1-4 VDW =      894.3678  1-4 EEL =    11465.7031  RESTRAINT  =       21.7851
 EAMBER  =  -197980.2406


   NSTEP       ENERGY          RMS            GMAX         NAME    NUMBER
   5550      -1.9796E+05     7.9884E-02     6.6327E+00     ND1      1196

 BOND    =    14994.6483  ANGLE   =      477.7358  DIHED      =     3002.5641
 VDWAALS =    36484.9705  EEL     =  -265302.9850  HBOND      =        0.0000
 1-4 VDW =      894.3827  1-4 EEL =    11465.6627  RESTRAINT  =       21.8110
 EAMBER  =  -197983.0210


   NSTEP       ENERGY          RMS            GMAX         NAME    NUMBER
   5600      -1.9796E+05     2.6223E-02     2.1941E+00     CD       4041

 BOND    =    14995.1071  ANGLE   =      477.6443  DIHED      =     3002.5523
 VDWAALS =    36486.5575  EEL     =  -265307.7865  HBOND      =        0.0000
 1-4 VDW =      894.3759  1-4 EEL =    11465.6883  RESTRAINT  =       21.7789
 EAMBER  =  -197985.8612


   NSTEP       ENERGY          RMS            GMAX         NAME    NUMBER
   5650      -1.9797E+05     6.2731E-02     6.6235E+00     CD       4041

 BOND    =    14995.6666  ANGLE   =      477.6238  DIHED      =     3002.5415
 VDWAALS =    36488.1775  EEL     =  -265312.6540  HBOND      =        0.0000
 1-4 VDW =      894.3762  1-4 EEL =    11465.6908  RESTRAINT  =       21.7701
 EAMBER  =  -197988.5775


   NSTEP       ENERGY          RMS            GMAX         NAME    NUMBER
   5700      -1.9797E+05     9.0234E-02     7.5525E+00     ND1      1196

 BOND    =    14996.2873  ANGLE   =      477.6374  DIHED      =     3002.5296
 VDWAALS =    36489.8374  EEL     =  -265317.7033  HBOND      =        0.0000
 1-4 VDW =      894.3758  1-4 EEL =    11465.6906  RESTRAINT  =       21.7675
 EAMBER  =  -197991.3453


   NSTEP       ENERGY          RMS            GMAX         NAME    NUMBER
   5750      -1.9797E+05     5.3785E-02     4.1966E+00     ND1      1196

 BOND    =    14996.5341  ANGLE   =      477.6821  DIHED      =     3002.5178
 VDWAALS =    36491.6009  EEL     =  -265322.8610  HBOND      =        0.0000
 1-4 VDW =      894.3997  1-4 EEL =    11465.6085  RESTRAINT  =       21.8038
 EAMBER  =  -197994.5179


   NSTEP       ENERGY          RMS            GMAX         NAME    NUMBER
   5800      -1.9798E+05     7.7504E-02     6.4282E+00     ND1      1196

 BOND    =    14997.0884  ANGLE   =      477.7159  DIHED      =     3002.5059
 VDWAALS =    36493.3604  EEL     =  -265328.0496  HBOND      =        0.0000
 1-4 VDW =      894.4053  1-4 EEL =    11465.5805  RESTRAINT  =       21.8151
 EAMBER  =  -197997.3933


   NSTEP       ENERGY          RMS            GMAX         NAME    NUMBER
   5850      -1.9798E+05     4.1650E-02     3.0028E+00     ND1      1196

 BOND    =    14997.6784  ANGLE   =      477.6240  DIHED      =     3002.4929
 VDWAALS =    36495.1963  EEL     =  -265333.4348  HBOND      =        0.0000
 1-4 VDW =      894.3928  1-4 EEL =    11465.6160  RESTRAINT  =       21.7772
 EAMBER  =  -198000.4344


   NSTEP       ENERGY          RMS            GMAX         NAME    NUMBER
   5900      -1.9798E+05     6.6560E-02     7.5664E+00     CD       4041

 BOND    =    14998.3542  ANGLE   =      477.6286  DIHED      =     3002.4808
 VDWAALS =    36497.2313  EEL     =  -265339.1297  HBOND      =        0.0000
 1-4 VDW =      894.3908  1-4 EEL =    11465.6113  RESTRAINT  =       21.7736
 EAMBER  =  -198003.4327


   NSTEP       ENERGY          RMS            GMAX         NAME    NUMBER
   5950      -1.9798E+05     3.1391E-02     1.8082E+00     ND1      1196

 BOND    =    14998.8047  ANGLE   =      477.6502  DIHED      =     3002.4686
 VDWAALS =    36499.4228  EEL     =  -265344.8646  HBOND      =        0.0000
 1-4 VDW =      894.4029  1-4 EEL =    11465.5553  RESTRAINT  =       21.7963
 EAMBER  =  -198006.5602


   NSTEP       ENERGY          RMS            GMAX         NAME    NUMBER
   6000      -1.9799E+05     5.6620E-02     4.4665E+00     ND1      1196

 BOND    =    14999.4399  ANGLE   =      477.6820  DIHED      =     3002.4566
 VDWAALS =    36501.7307  EEL     =  -265350.7169  HBOND      =        0.0000
 1-4 VDW =      894.4069  1-4 EEL =    11465.5244  RESTRAINT  =       21.8096
 EAMBER  =  -198009.4765


   NSTEP       ENERGY          RMS            GMAX         NAME    NUMBER
   6050      -1.9799E+05     2.5765E-02     1.1844E+00     H1      38008

 BOND    =    15000.1069  ANGLE   =      477.6279  DIHED      =     3002.4440
 VDWAALS =    36504.1139  EEL     =  -265356.6331  HBOND      =        0.0000
 1-4 VDW =      894.3969  1-4 EEL =    11465.5408  RESTRAINT  =       21.7866
 EAMBER  =  -198012.4025


   NSTEP       ENERGY          RMS            GMAX         NAME    NUMBER
   6100      -1.9799E+05     3.4948E-02     2.3253E+00     ND1      1196

 BOND    =    15000.7830  ANGLE   =      477.6230  DIHED      =     3002.4321
 VDWAALS =    36506.6082  EEL     =  -265362.5697  HBOND      =        0.0000
 1-4 VDW =      894.3937  1-4 EEL =    11465.5327  RESTRAINT  =       21.7835
 EAMBER  =  -198015.1971


   NSTEP       ENERGY          RMS            GMAX         NAME    NUMBER
   6150      -1.9800E+05     7.6574E-02     1.5295E+01     CD       4041

 BOND    =    15001.5768  ANGLE   =      477.6369  DIHED      =     3002.4192
 VDWAALS =    36509.1205  EEL     =  -265368.4571  HBOND      =        0.0000
 1-4 VDW =      894.3868  1-4 EEL =    11465.5345  RESTRAINT  =       21.7788
 EAMBER  =  -198017.7824


   NSTEP       ENERGY          RMS            GMAX         NAME    NUMBER
   6200      -1.9800E+05     3.6624E-02     2.4767E+00     ND1      1196

 BOND    =    15001.9962  ANGLE   =      477.6574  DIHED      =     3002.4074
 VDWAALS =    36511.6640  EEL     =  -265374.1672  HBOND      =        0.0000
 1-4 VDW =      894.3975  1-4 EEL =    11465.4787  RESTRAINT  =       21.8036
 EAMBER  =  -198020.5661


   NSTEP       ENERGY          RMS            GMAX         NAME    NUMBER
   6250      -1.9800E+05     6.0082E-02     6.0498E+00     CD       4041

 BOND    =    15002.6247  ANGLE   =      477.6813  DIHED      =     3002.3960
 VDWAALS =    36514.1912  EEL     =  -265379.8331  HBOND      =        0.0000
 1-4 VDW =      894.3982  1-4 EEL =    11465.4545  RESTRAINT  =       21.8140
 EAMBER  =  -198023.0871


   NSTEP       ENERGY          RMS            GMAX         NAME    NUMBER
   6300      -1.9800E+05     9.1232E-02     1.5507E+01     CD       4041

 BOND    =    15003.3020  ANGLE   =      477.7027  DIHED      =     3002.3840
 VDWAALS =    36516.7822  EEL     =  -265385.5977  HBOND      =        0.0000
 1-4 VDW =      894.3986  1-4 EEL =    11465.4320  RESTRAINT  =       21.8248
 EAMBER  =  -198025.5962


   NSTEP       ENERGY          RMS            GMAX         NAME    NUMBER
   6350      -1.9801E+05     5.1140E-02     3.9964E+00     ND1      1196

 BOND    =    15003.9976  ANGLE   =      477.6268  DIHED      =     3002.3723
 VDWAALS =    36519.2735  EEL     =  -265391.2752  HBOND      =        0.0000
 1-4 VDW =      894.3758  1-4 EEL =    11465.4808  RESTRAINT  =       21.7826
 EAMBER  =  -198028.1485


   NSTEP       ENERGY          RMS            GMAX         NAME    NUMBER
   6400      -1.9801E+05     7.5781E-02     8.0809E+00     CD       4041

 BOND    =    15004.6867  ANGLE   =      477.6253  DIHED      =     3002.3605
 VDWAALS =    36521.8189  EEL     =  -265396.8883  HBOND      =        0.0000
 1-4 VDW =      894.3692  1-4 EEL =    11465.4795  RESTRAINT  =       21.7792
 EAMBER  =  -198030.5482


   NSTEP       ENERGY          RMS            GMAX         NAME    NUMBER
   6450      -1.9801E+05     2.1514E-02     8.1611E-01     H1      23731

 BOND    =    15005.1239  ANGLE   =      477.6498  DIHED      =     3002.3497
 VDWAALS =    36524.2649  EEL     =  -265402.3325  HBOND      =        0.0000
 1-4 VDW =      894.3739  1-4 EEL =    11465.4333  RESTRAINT  =       21.7990
 EAMBER  =  -198033.1370


   NSTEP       ENERGY          RMS            GMAX         NAME    NUMBER
   6500      -1.9801E+05     7.0685E-02     7.8167E+00     CD       4041

 BOND    =    15005.7391  ANGLE   =      477.6983  DIHED      =     3002.3386
 VDWAALS =    36526.7651  EEL     =  -265407.8998  HBOND      =        0.0000
 1-4 VDW =      894.3783  1-4 EEL =    11465.3947  RESTRAINT  =       21.8237
 EAMBER  =  -198035.5856


   NSTEP       ENERGY          RMS            GMAX         NAME    NUMBER
   6550      -1.9802E+05     3.0097E-02     1.7807E+00     ND1      1196

 BOND    =    15006.3716  ANGLE   =      477.6393  DIHED      =     3002.3269
 VDWAALS =    36529.1042  EEL     =  -265413.3191  HBOND      =        0.0000
 1-4 VDW =      894.3606  1-4 EEL =    11465.4275  RESTRAINT  =       21.7912
 EAMBER  =  -198038.0889


   NSTEP       ENERGY          RMS            GMAX         NAME    NUMBER
   6600      -1.9802E+05     5.6809E-02     7.2412E+00     CD       4041

 BOND    =    15007.0484  ANGLE   =      477.6437  DIHED      =     3002.3156
 VDWAALS =    36531.4586  EEL     =  -265418.7972  HBOND      =        0.0000
 1-4 VDW =      894.3514  1-4 EEL =    11465.4318  RESTRAINT  =       21.7852
 EAMBER  =  -198040.5477


   NSTEP       ENERGY          RMS            GMAX         NAME    NUMBER
   6650      -1.9802E+05     2.3277E-02     1.1542E+00     H1      23731

 BOND    =    15007.4901  ANGLE   =      477.6573  DIHED      =     3002.3058
 VDWAALS =    36533.7441  EEL     =  -265424.0513  HBOND      =        0.0000
 1-4 VDW =      894.3548  1-4 EEL =    11465.3939  RESTRAINT  =       21.8041
 EAMBER  =  -198043.1054


   NSTEP       ENERGY          RMS            GMAX         NAME    NUMBER
   6700      -1.9802E+05     2.2484E-02     1.1764E+00     H1      23731

 BOND    =    15008.0552  ANGLE   =      477.6558  DIHED      =     3002.2962
 VDWAALS =    36535.9544  EEL     =  -265429.2627  HBOND      =        0.0000
 1-4 VDW =      894.3489  1-4 EEL =    11465.3862  RESTRAINT  =       21.8038
 EAMBER  =  -198045.5660


   NSTEP       ENERGY          RMS            GMAX         NAME    NUMBER
   6750      -1.9803E+05     6.5419E-02     5.7268E+00     CD       4041

 BOND    =    15008.6143  ANGLE   =      477.6976  DIHED      =     3002.2870
 VDWAALS =    36538.2045  EEL     =  -265434.6105  HBOND      =        0.0000
 1-4 VDW =      894.3516  1-4 EEL =    11465.3515  RESTRAINT  =       21.8282
 EAMBER  =  -198048.1039


   NSTEP       ENERGY          RMS            GMAX         NAME    NUMBER
   6800      -1.9803E+05     2.3893E-02     1.0761E+00     H1      23731

 BOND    =    15009.1801  ANGLE   =      477.6480  DIHED      =     3002.2770
 VDWAALS =    36540.3373  EEL     =  -265439.8074  HBOND      =        0.0000
 1-4 VDW =      894.3352  1-4 EEL =    11465.3772  RESTRAINT  =       21.7987
 EAMBER  =  -198050.6525


   NSTEP       ENERGY          RMS            GMAX         NAME    NUMBER
   6850      -1.9803E+05     3.5232E-02     2.1701E+00     ND1      1196

 BOND    =    15009.7548  ANGLE   =      477.6410  DIHED      =     3002.2683
 VDWAALS =    36542.5800  EEL     =  -265445.1881  HBOND      =        0.0000
 1-4 VDW =      894.3277  1-4 EEL =    11465.3761  RESTRAINT  =       21.7948
 EAMBER  =  -198053.2402


   NSTEP       ENERGY          RMS            GMAX         NAME    NUMBER
   6900      -1.9803E+05     9.1665E-02     1.9751E+01     CD       4041

 BOND    =    15010.4217  ANGLE   =      477.6333  DIHED      =     3002.2605
 VDWAALS =    36544.7947  EEL     =  -265450.5392  HBOND      =        0.0000
 1-4 VDW =      894.3194  1-4 EEL =    11465.3807  RESTRAINT  =       21.7880
 EAMBER  =  -198055.7289


   NSTEP       ENERGY          RMS            GMAX         NAME    NUMBER
   6950      -1.9804E+05     3.1610E-02     1.7267E+00     ND1      1196

 BOND    =    15010.8036  ANGLE   =      477.6672  DIHED      =     3002.2535
 VDWAALS =    36547.0877  EEL     =  -265456.0835  HBOND      =        0.0000
 1-4 VDW =      894.3228  1-4 EEL =    11465.3340  RESTRAINT  =       21.8147
 EAMBER  =  -198058.6147


   NSTEP       ENERGY          RMS            GMAX         NAME    NUMBER
   7000      -1.9804E+05     8.2271E-02     1.1168E+01     CD       4041

 BOND    =    15011.4044  ANGLE   =      477.7066  DIHED      =     3002.2471
 VDWAALS =    36549.4678  EEL     =  -265461.8365  HBOND      =        0.0000
 1-4 VDW =      894.3246  1-4 EEL =    11465.3007  RESTRAINT  =       21.8412
 EAMBER  =  -198061.3852


   NSTEP       ENERGY          RMS            GMAX         NAME    NUMBER
   7050      -1.9804E+05     1.0638E-01     1.5264E+01     CD       4041

 BOND    =    15012.0746  ANGLE   =      477.7600  DIHED      =     3002.2394
 VDWAALS =    36551.7717  EEL     =  -265467.5217  HBOND      =        0.0000
 1-4 VDW =      894.3185  1-4 EEL =    11465.2882  RESTRAINT  =       21.8544
 EAMBER  =  -198064.0692


   NSTEP       ENERGY          RMS            GMAX         NAME    NUMBER
   7100      -1.9805E+05     3.7756E-02     2.4710E+00     CD       4041

 BOND    =    15012.5530  ANGLE   =      477.6431  DIHED      =     3002.2327
 VDWAALS =    36554.0778  EEL     =  -265473.2516  HBOND      =        0.0000
 1-4 VDW =      894.2968  1-4 EEL =    11465.3356  RESTRAINT  =       21.7989
 EAMBER  =  -198067.1127


   NSTEP       ENERGY          RMS            GMAX         NAME    NUMBER
   7150      -1.9805E+05     9.3974E-02     1.4779E+01     CD       4041

 BOND    =    15013.2780  ANGLE   =      477.6414  DIHED      =     3002.2276
 VDWAALS =    36556.4954  EEL     =  -265479.2856  HBOND      =        0.0000
 1-4 VDW =      894.2864  1-4 EEL =    11465.3491  RESTRAINT  =       21.7885
 EAMBER  =  -198070.0078


   NSTEP       ENERGY          RMS            GMAX         NAME    NUMBER
   7200      -1.9805E+05     5.3183E-02     5.5097E+00     CD       4041

 BOND    =    15013.6524  ANGLE   =      477.6751  DIHED      =     3002.2253
 VDWAALS =    36558.9590  EEL     =  -265485.3043  HBOND      =        0.0000
 1-4 VDW =      894.2951  1-4 EEL =    11465.2859  RESTRAINT  =       21.8312
 EAMBER  =  -198073.2116


   NSTEP       ENERGY          RMS            GMAX         NAME    NUMBER
   7250      -1.9805E+05     7.4656E-02     4.9864E+00     ND1      1196

 BOND    =    15014.2907  ANGLE   =      477.7031  DIHED      =     3002.2228
 VDWAALS =    36561.4704  EEL     =  -265491.5275  HBOND      =        0.0000
 1-4 VDW =      894.2931  1-4 EEL =    11465.2679  RESTRAINT  =       21.8475
 EAMBER  =  -198076.2794


   NSTEP       ENERGY          RMS            GMAX         NAME    NUMBER
   7300      -1.9806E+05     2.8195E-02     2.3380E+00     CD       4041

 BOND    =    15014.8960  ANGLE   =      477.6374  DIHED      =     3002.2212
 VDWAALS =    36563.9493  EEL     =  -265497.7655  HBOND      =        0.0000
 1-4 VDW =      894.2749  1-4 EEL =    11465.3044  RESTRAINT  =       21.8072
 EAMBER  =  -198079.4824


   NSTEP       ENERGY          RMS            GMAX         NAME    NUMBER
   7350      -1.9806E+05     6.9626E-02     6.1289E+00     CD       4041

 BOND    =    15015.6407  ANGLE   =      477.6425  DIHED      =     3002.2209
 VDWAALS =    36566.4035  EEL     =  -265503.8958  HBOND      =        0.0000
 1-4 VDW =      894.2623  1-4 EEL =    11465.3245  RESTRAINT  =       21.7940
 EAMBER  =  -198082.4014


   NSTEP       ENERGY          RMS            GMAX         NAME    NUMBER
   7400      -1.9806E+05     2.4798E-02     1.1388E+00     H2      34382

 BOND    =    15016.0745  ANGLE   =      477.6399  DIHED      =     3002.2235
 VDWAALS =    36568.8132  EEL     =  -265509.7372  HBOND      =        0.0000
 1-4 VDW =      894.2673  1-4 EEL =    11465.2867  RESTRAINT  =       21.8181
 EAMBER  =  -198085.4322


   NSTEP       ENERGY          RMS            GMAX         NAME    NUMBER
   7450      -1.9807E+05     4.8535E-02     8.7424E+00     CD       4041

 BOND    =    15016.6871  ANGLE   =      477.6430  DIHED      =     3002.2260
 VDWAALS =    36571.3147  EEL     =  -265515.9240  HBOND      =        0.0000
 1-4 VDW =      894.2666  1-4 EEL =    11465.2722  RESTRAINT  =       21.8287
 EAMBER  =  -198088.5144


   NSTEP       ENERGY          RMS            GMAX         NAME    NUMBER
   7500      -1.9807E+05     7.9807E-02     5.2429E+00     ND1      1196

 BOND    =    15017.3727  ANGLE   =      477.6963  DIHED      =     3002.2297
 VDWAALS =    36573.8446  EEL     =  -265522.1792  HBOND      =        0.0000
 1-4 VDW =      894.2643  1-4 EEL =    11465.2485  RESTRAINT  =       21.8556
 EAMBER  =  -198091.5231


   NSTEP       ENERGY          RMS            GMAX         NAME    NUMBER
   7550      -1.9807E+05     4.2605E-02     2.4078E+00     ND1      1196

 BOND    =    15018.0582  ANGLE   =      477.6169  DIHED      =     3002.2293
 VDWAALS =    36576.3610  EEL     =  -265528.5184  HBOND      =        0.0000
 1-4 VDW =      894.2470  1-4 EEL =    11465.2934  RESTRAINT  =       21.8037
 EAMBER  =  -198094.7125


   NSTEP       ENERGY          RMS            GMAX         NAME    NUMBER
   7600      -1.9808E+05     7.6399E-02     9.9834E+00     CD       4041

 BOND    =    15018.8469  ANGLE   =      477.6218  DIHED      =     3002.2301
 VDWAALS =    36578.9469  EEL     =  -265534.8490  HBOND      =        0.0000
 1-4 VDW =      894.2385  1-4 EEL =    11465.3018  RESTRAINT  =       21.7970
 EAMBER  =  -198097.6629


   NSTEP       ENERGY          RMS            GMAX         NAME    NUMBER
   7650      -1.9808E+05     2.5191E-02     1.2928E+00     H2      37400

 BOND    =    15019.3195  ANGLE   =      477.6214  DIHED      =     3002.2323
 VDWAALS =    36581.5507  EEL     =  -265541.0434  HBOND      =        0.0000
 1-4 VDW =      894.2457  1-4 EEL =    11465.2605  RESTRAINT  =       21.8211
 EAMBER  =  -198100.8132


   NSTEP       ENERGY          RMS            GMAX         NAME    NUMBER
   7700      -1.9808E+05     4.5570E-02     3.6399E+00     CD       4041

 BOND    =    15020.0372  ANGLE   =      477.6341  DIHED      =     3002.2341
 VDWAALS =    36584.3917  EEL     =  -265547.8658  HBOND      =        0.0000
 1-4 VDW =      894.2466  1-4 EEL =    11465.2386  RESTRAINT  =       21.8344
 EAMBER  =  -198104.0835


   NSTEP       ENERGY          RMS            GMAX         NAME    NUMBER
   7750      -1.9809E+05     8.7305E-02     1.1257E+01     CD       4041

 BOND    =    15020.7965  ANGLE   =      477.6716  DIHED      =     3002.2343
 VDWAALS =    36587.1917  EEL     =  -265554.5161  HBOND      =        0.0000
 1-4 VDW =      894.2502  1-4 EEL =    11465.2117  RESTRAINT  =       21.8559
 EAMBER  =  -198107.1599


   NSTEP       ENERGY          RMS            GMAX         NAME    NUMBER
   7800      -1.9809E+05     3.5048E-02     3.6780E+00     CD       4041

 BOND    =    15021.5697  ANGLE   =      477.5995  DIHED      =     3002.2324
 VDWAALS =    36590.0478  EEL     =  -265561.3377  HBOND      =        0.0000
 1-4 VDW =      894.2316  1-4 EEL =    11465.2482  RESTRAINT  =       21.8099
 EAMBER  =  -198110.4085


   NSTEP       ENERGY          RMS            GMAX         NAME    NUMBER
   7850      -1.9809E+05     7.6376E-02     1.2836E+01     CD       4041

 BOND    =    15022.3725  ANGLE   =      477.5819  DIHED      =     3002.2318
 VDWAALS =    36592.9839  EEL     =  -265568.1072  HBOND      =        0.0000
 1-4 VDW =      894.2260  1-4 EEL =    11465.2521  RESTRAINT  =       21.8006
 EAMBER  =  -198113.4592


   NSTEP       ENERGY          RMS            GMAX         NAME    NUMBER
   7900      -1.9809E+05     2.4127E-02     1.6305E+00     H2      47000

 BOND    =    15022.9119  ANGLE   =      477.6011  DIHED      =     3002.2307
 VDWAALS =    36595.9066  EEL     =  -265574.5821  HBOND      =        0.0000
 1-4 VDW =      894.2311  1-4 EEL =    11465.2116  RESTRAINT  =       21.8222
 EAMBER  =  -198116.4891


   NSTEP       ENERGY          RMS            GMAX         NAME    NUMBER
   7950      -1.9810E+05     6.5353E-02     4.5078E+00     ND1      1196

 BOND    =    15023.5920  ANGLE   =      477.6494  DIHED      =     3002.2296
 VDWAALS =    36598.8440  EEL     =  -265581.0392  HBOND      =        0.0000
 1-4 VDW =      894.2358  1-4 EEL =    11465.1740  RESTRAINT  =       21.8489
 EAMBER  =  -198119.3145


   NSTEP       ENERGY          RMS            GMAX         NAME    NUMBER
   8000      -1.9810E+05     2.3091E-02     1.2870E+00     H2      47000

 BOND    =    15024.2372  ANGLE   =      477.5897  DIHED      =     3002.2276
 VDWAALS =    36601.6349  EEL     =  -265587.1233  HBOND      =        0.0000
 1-4 VDW =      894.2242  1-4 EEL =    11465.1920  RESTRAINT  =       21.8159
 EAMBER  =  -198122.0179


   NSTEP       ENERGY          RMS            GMAX         NAME    NUMBER
   8050      -1.9810E+05     5.4177E-02     4.2828E+00     CD       4041

 BOND    =    15024.9861  ANGLE   =      477.5823  DIHED      =     3002.2244
 VDWAALS =    36604.5492  EEL     =  -265593.3817  HBOND      =        0.0000
 1-4 VDW =      894.2166  1-4 EEL =    11465.1958  RESTRAINT  =       21.8035
 EAMBER  =  -198124.6274


   NSTEP       ENERGY          RMS            GMAX         NAME    NUMBER
   8100      -1.9811E+05     7.5960E-02     5.4243E+00     ND1      1196

 BOND    =    15025.6661  ANGLE   =      477.5774  DIHED      =     3002.2226
 VDWAALS =    36607.2593  EEL     =  -265599.0750  HBOND      =        0.0000
 1-4 VDW =      894.2122  1-4 EEL =    11465.1912  RESTRAINT  =       21.7987
 EAMBER  =  -198126.9462


   NSTEP       ENERGY          RMS            GMAX         NAME    NUMBER
   8150      -1.9811E+05     4.6042E-02     8.2647E+00     CD       4041

 BOND    =    15026.1390  ANGLE   =      477.6165  DIHED      =     3002.2197
 VDWAALS =    36610.0576  EEL     =  -265605.0236  HBOND      =        0.0000
 1-4 VDW =      894.2241  1-4 EEL =    11465.1294  RESTRAINT  =       21.8327
 EAMBER  =  -198129.6374


   NSTEP       ENERGY          RMS            GMAX         NAME    NUMBER
   8200      -1.9811E+05     6.4103E-02     6.7907E+00     CD       4041

 BOND    =    15026.6984  ANGLE   =      477.6317  DIHED      =     3002.2182
 VDWAALS =    36612.6117  EEL     =  -265610.3159  HBOND      =        0.0000
 1-4 VDW =      894.2286  1-4 EEL =    11465.0961  RESTRAINT  =       21.8464
 EAMBER  =  -198131.8312


   NSTEP       ENERGY          RMS            GMAX         NAME    NUMBER
   8250      -1.9811E+05     2.0881E-02     9.3221E-01     H2      40748

 BOND    =    15027.3174  ANGLE   =      477.5836  DIHED      =     3002.2145
 VDWAALS =    36615.0925  EEL     =  -265615.7498  HBOND      =        0.0000
 1-4 VDW =      894.2180  1-4 EEL =    11465.1089  RESTRAINT  =       21.8170
 EAMBER  =  -198134.2148


   NSTEP       ENERGY          RMS            GMAX         NAME    NUMBER
   8300      -1.9811E+05     5.3863E-02     3.3802E+00     ND1      1196

 BOND    =    15028.0303  ANGLE   =      477.5776  DIHED      =     3002.2113
 VDWAALS =    36617.6272  EEL     =  -265621.3565  HBOND      =        0.0000
 1-4 VDW =      894.2101  1-4 EEL =    11465.1119  RESTRAINT  =       21.8026
 EAMBER  =  -198136.5881


   NSTEP       ENERGY          RMS            GMAX         NAME    NUMBER
   8350      -1.9812E+05     9.4569E-02     2.3620E+01     CD       4041

 BOND    =    15028.6526  ANGLE   =      477.5696  DIHED      =     3002.2090
 VDWAALS =    36619.9223  EEL     =  -265626.4810  HBOND      =        0.0000
 1-4 VDW =      894.2138  1-4 EEL =    11465.0843  RESTRAINT  =       21.8038
 EAMBER  =  -198138.8294


   NSTEP       ENERGY          RMS            GMAX         NAME    NUMBER
   8400      -1.9812E+05     4.8544E-02     2.9507E+00     ND1      1196

 BOND    =    15029.0494  ANGLE   =      477.6148  DIHED      =     3002.2059
 VDWAALS =    36622.1932  EEL     =  -265631.6172  HBOND      =        0.0000
 1-4 VDW =      894.2245  1-4 EEL =    11465.0301  RESTRAINT  =       21.8405
 EAMBER  =  -198141.2993


   NSTEP       ENERGY          RMS            GMAX         NAME    NUMBER
   8450      -1.9812E+05     7.2068E-02     1.5044E+01     CD       4041

 BOND    =    15029.6393  ANGLE   =      477.6119  DIHED      =     3002.2024
 VDWAALS =    36624.3778  EEL     =  -265636.7433  HBOND      =        0.0000
 1-4 VDW =      894.2263  1-4 EEL =    11465.0064  RESTRAINT  =       21.8430
 EAMBER  =  -198143.6792


   NSTEP       ENERGY          RMS            GMAX         NAME    NUMBER
   8500      -1.9812E+05     2.2705E-02     9.6307E-01     H2      40748

 BOND    =    15030.2001  ANGLE   =      477.5801  DIHED      =     3002.1977
 VDWAALS =    36626.4323  EEL     =  -265641.6514  HBOND      =        0.0000
 1-4 VDW =      894.2160  1-4 EEL =    11465.0196  RESTRAINT  =       21.8165
 EAMBER  =  -198146.0056


   NSTEP       ENERGY          RMS            GMAX         NAME    NUMBER
   8550      -1.9813E+05     5.9219E-02     5.4822E+00     CD       4041

 BOND    =    15030.8921  ANGLE   =      477.5741  DIHED      =     3002.1932
 VDWAALS =    36628.5667  EEL     =  -265646.7473  HBOND      =        0.0000
 1-4 VDW =      894.2100  1-4 EEL =    11465.0201  RESTRAINT  =       21.8033
 EAMBER  =  -198148.2912


   NSTEP       ENERGY          RMS            GMAX         NAME    NUMBER
   8600      -1.9813E+05     2.7530E-02     1.2918E+00     ND1      1196

 BOND    =    15031.2892  ANGLE   =      477.5950  DIHED      =     3002.1894
 VDWAALS =    36630.5797  EEL     =  -265651.5013  HBOND      =        0.0000
 1-4 VDW =      894.2198  1-4 EEL =    11464.9691  RESTRAINT  =       21.8298
 EAMBER  =  -198150.6589


   NSTEP       ENERGY          RMS            GMAX         NAME    NUMBER
   8650      -1.9813E+05     5.1216E-02     3.2982E+00     ND1      1196

 BOND    =    15031.8591  ANGLE   =      477.6246  DIHED      =     3002.1845
 VDWAALS =    36632.6820  EEL     =  -265656.5580  HBOND      =        0.0000
 1-4 VDW =      894.2233  1-4 EEL =    11464.9388  RESTRAINT  =       21.8443
 EAMBER  =  -198153.0458


   NSTEP       ENERGY          RMS            GMAX         NAME    NUMBER
   8700      -1.9813E+05     7.4662E-02     7.3555E+00     CD       4041

 BOND    =    15032.4801  ANGLE   =      477.6551  DIHED      =     3002.1801
 VDWAALS =    36634.7971  EEL     =  -265661.6064  HBOND      =        0.0000
 1-4 VDW =      894.2257  1-4 EEL =    11464.9104  RESTRAINT  =       21.8571
 EAMBER  =  -198155.3579


   NSTEP       ENERGY          RMS            GMAX         NAME    NUMBER
   8750      -1.9814E+05     4.2115E-02     2.5732E+00     ND1      1196

 BOND    =    15033.1142  ANGLE   =      477.5656  DIHED      =     3002.1753
 VDWAALS =    36636.8965  EEL     =  -265666.6720  HBOND      =        0.0000
 1-4 VDW =      894.2113  1-4 EEL =    11464.9366  RESTRAINT  =       21.8107
 EAMBER  =  -198157.7725


   NSTEP       ENERGY          RMS            GMAX         NAME    NUMBER
   8800      -1.9814E+05     6.4208E-02     7.5272E+00     CD       4041

 BOND    =    15033.8029  ANGLE   =      477.5695  DIHED      =     3002.1695
 VDWAALS =    36639.0427  EEL     =  -265671.6931  HBOND      =        0.0000
 1-4 VDW =      894.2079  1-4 EEL =    11464.9267  RESTRAINT  =       21.8063
 EAMBER  =  -198159.9739


   NSTEP       ENERGY          RMS            GMAX         NAME    NUMBER
   8850      -1.9814E+05     3.0022E-02     1.6007E+00     ND1      1196

 BOND    =    15034.2096  ANGLE   =      477.5956  DIHED      =     3002.1643
 VDWAALS =    36641.1276  EEL     =  -265676.5404  HBOND      =        0.0000
 1-4 VDW =      894.2194  1-4 EEL =    11464.8720  RESTRAINT  =       21.8357
 EAMBER  =  -198162.3520


   NSTEP       ENERGY          RMS            GMAX         NAME    NUMBER
   8900      -1.9814E+05     4.3334E-02     3.5655E+00     CD       4041

 BOND    =    15034.8277  ANGLE   =      477.6106  DIHED      =     3002.1594
 VDWAALS =    36643.3075  EEL     =  -265681.6244  HBOND      =        0.0000
 1-4 VDW =      894.2209  1-4 EEL =    11464.8464  RESTRAINT  =       21.8437
 EAMBER  =  -198164.6519


   NSTEP       ENERGY          RMS            GMAX         NAME    NUMBER
   8950      -1.9815E+05     8.0602E-02     8.1410E+00     CD       4041

 BOND    =    15035.4783  ANGLE   =      477.6585  DIHED      =     3002.1533
 VDWAALS =    36645.4909  EEL     =  -265686.6997  HBOND      =        0.0000
 1-4 VDW =      894.2260  1-4 EEL =    11464.8102  RESTRAINT  =       21.8650
 EAMBER  =  -198166.8825


   NSTEP       ENERGY          RMS            GMAX         NAME    NUMBER
   9000      -1.9815E+05     3.4064E-02     2.1068E+00     CD       4041

 BOND    =    15036.1214  ANGLE   =      477.5632  DIHED      =     3002.1478
 VDWAALS =    36647.6422  EEL     =  -265691.7701  HBOND      =        0.0000
 1-4 VDW =      894.2121  1-4 EEL =    11464.8356  RESTRAINT  =       21.8205
 EAMBER  =  -198169.2477


   NSTEP       ENERGY          RMS            GMAX         NAME    NUMBER
   9050      -1.9815E+05     6.8441E-02     8.2947E+00     CD       4041

 BOND    =    15036.8540  ANGLE   =      477.5618  DIHED      =     3002.1428
 VDWAALS =    36649.8128  EEL     =  -265696.8738  HBOND      =        0.0000
 1-4 VDW =      894.2072  1-4 EEL =    11464.8324  RESTRAINT  =       21.8132
 EAMBER  =  -198171.4628


   NSTEP       ENERGY          RMS            GMAX         NAME    NUMBER
   9100      -1.9815E+05     2.7945E-02     2.5967E+00     CD       4041

 BOND    =    15037.2923  ANGLE   =      477.5812  DIHED      =     3002.1369
 VDWAALS =    36652.0153  EEL     =  -265701.9337  HBOND      =        0.0000
 1-4 VDW =      894.2186  1-4 EEL =    11464.7755  RESTRAINT  =       21.8401
 EAMBER  =  -198173.9138


   NSTEP       ENERGY          RMS            GMAX         NAME    NUMBER
   9150      -1.9815E+05     5.5891E-02     3.8863E+00     ND1      1196

 BOND    =    15037.9195  ANGLE   =      477.6158  DIHED      =     3002.1312
 VDWAALS =    36654.2262  EEL     =  -265707.1356  HBOND      =        0.0000
 1-4 VDW =      894.2241  1-4 EEL =    11464.7384  RESTRAINT  =       21.8586
 EAMBER  =  -198176.2805


   NSTEP       ENERGY          RMS            GMAX         NAME    NUMBER
   9200      -1.9816E+05     8.6263E-02     1.4020E+01     CD       4041

 BOND    =    15038.6447  ANGLE   =      477.6530  DIHED      =     3002.1251
 VDWAALS =    36656.4536  EEL     =  -265712.4470  HBOND      =        0.0000
 1-4 VDW =      894.2259  1-4 EEL =    11464.7127  RESTRAINT  =       21.8698
 EAMBER  =  -198178.6320


   NSTEP       ENERGY          RMS            GMAX         NAME    NUMBER
   9250      -1.9816E+05     2.7962E-02     1.9871E+00     H1      37201

 BOND    =    15039.2289  ANGLE   =      477.5534  DIHED      =     3002.1200
 VDWAALS =    36658.5869  EEL     =  -265717.6353  HBOND      =        0.0000
 1-4 VDW =      894.2157  1-4 EEL =    11464.7308  RESTRAINT  =       21.8307
 EAMBER  =  -198181.1996


   NSTEP       ENERGY          RMS            GMAX         NAME    NUMBER
   9300      -1.9816E+05     7.0705E-02     4.9298E+00     ND1      1196

 BOND    =    15039.9890  ANGLE   =      477.5380  DIHED      =     3002.1151
 VDWAALS =    36660.8295  EEL     =  -265723.0417  HBOND      =        0.0000
 1-4 VDW =      894.2116  1-4 EEL =    11464.7306  RESTRAINT  =       21.8198
 EAMBER  =  -198183.6279


   NSTEP       ENERGY          RMS            GMAX         NAME    NUMBER
   9350      -1.9816E+05     3.7086E-02     2.2331E+00     ND1      1196

 BOND    =    15040.4652  ANGLE   =      477.5801  DIHED      =     3002.1100
 VDWAALS =    36663.1591  EEL     =  -265728.4744  HBOND      =        0.0000
 1-4 VDW =      894.2256  1-4 EEL =    11464.6661  RESTRAINT  =       21.8547
 EAMBER  =  -198186.2682


   NSTEP       ENERGY          RMS            GMAX         NAME    NUMBER
   9400      -1.9817E+05     6.3737E-02     4.5179E+00     ND1      1196

 BOND    =    15041.1055  ANGLE   =      477.6082  DIHED      =     3002.1056
 VDWAALS =    36665.5143  EEL     =  -265733.7767  HBOND      =        0.0000
 1-4 VDW =      894.2318  1-4 EEL =    11464.6329  RESTRAINT  =       21.8715
 EAMBER  =  -198188.5785


   NSTEP       ENERGY          RMS            GMAX         NAME    NUMBER
   9450      -1.9817E+05     3.0295E-02     1.6977E+00     ND1      1196

 BOND    =    15041.7923  ANGLE   =      477.5401  DIHED      =     3002.1006
 VDWAALS =    36667.8973  EEL     =  -265739.1098  HBOND      =        0.0000
 1-4 VDW =      894.2213  1-4 EEL =    11464.6507  RESTRAINT  =       21.8363
 EAMBER  =  -198190.9075


   NSTEP       ENERGY          RMS            GMAX         NAME    NUMBER
   9500      -1.9817E+05     5.2070E-02     3.6556E+00     ND1      1196

 BOND    =    15042.4814  ANGLE   =      477.5275  DIHED      =     3002.0969
 VDWAALS =    36670.3175  EEL     =  -265744.3089  HBOND      =        0.0000
 1-4 VDW =      894.2201  1-4 EEL =    11464.6431  RESTRAINT  =       21.8307
 EAMBER  =  -198193.0223


   NSTEP       ENERGY          RMS            GMAX         NAME    NUMBER
   9550      -1.9817E+05     8.1077E-02     1.3833E+01     CD       4041

 BOND    =    15043.1711  ANGLE   =      477.5171  DIHED      =     3002.0931
 VDWAALS =    36672.7047  EEL     =  -265749.4292  HBOND      =        0.0000
 1-4 VDW =      894.2212  1-4 EEL =    11464.6292  RESTRAINT  =       21.8290
 EAMBER  =  -198195.0927


   NSTEP       ENERGY          RMS            GMAX         NAME    NUMBER
   9600      -1.9818E+05     4.4221E-02     3.0807E+00     ND1      1196

 BOND    =    15043.6208  ANGLE   =      477.5721  DIHED      =     3002.0886
 VDWAALS =    36675.0798  EEL     =  -265754.4487  HBOND      =        0.0000
 1-4 VDW =      894.2358  1-4 EEL =    11464.5648  RESTRAINT  =       21.8666
 EAMBER  =  -198197.2868


   NSTEP       ENERGY          RMS            GMAX         NAME    NUMBER
   9650      -1.9818E+05     6.3714E-02     4.6601E+00     ND1      1196

 BOND    =    15044.2609  ANGLE   =      477.5897  DIHED      =     3002.0856
 VDWAALS =    36677.4332  EEL     =  -265759.5570  HBOND      =        0.0000
 1-4 VDW =      894.2419  1-4 EEL =    11464.5356  RESTRAINT  =       21.8792
 EAMBER  =  -198199.4099


   NSTEP       ENERGY          RMS            GMAX         NAME    NUMBER
   9700      -1.9818E+05     3.3837E-02     2.5186E+00     CD       4041

 BOND    =    15044.9721  ANGLE   =      477.5207  DIHED      =     3002.0818
 VDWAALS =    36679.8093  EEL     =  -265764.8088  HBOND      =        0.0000
 1-4 VDW =      894.2309  1-4 EEL =    11464.5584  RESTRAINT  =       21.8423
 EAMBER  =  -198201.6357


   NSTEP       ENERGY          RMS            GMAX         NAME    NUMBER
   9750      -1.9818E+05     5.9722E-02     5.6487E+00     CD       4041

 BOND    =    15045.6753  ANGLE   =      477.5177  DIHED      =     3002.0783
 VDWAALS =    36682.0732  EEL     =  -265769.8128  HBOND      =        0.0000
 1-4 VDW =      894.2298  1-4 EEL =    11464.5534  RESTRAINT  =       21.8359
 EAMBER  =  -198203.6851


   NSTEP       ENERGY          RMS            GMAX         NAME    NUMBER
   9800      -1.9818E+05     2.4334E-02     1.0442E+00     H2      26996

 BOND    =    15046.1296  ANGLE   =      477.5304  DIHED      =     3002.0759
 VDWAALS =    36684.2674  EEL     =  -265774.6192  HBOND      =        0.0000
 1-4 VDW =      894.2419  1-4 EEL =    11464.5052  RESTRAINT  =       21.8618
 EAMBER  =  -198205.8687


   NSTEP       ENERGY          RMS            GMAX         NAME    NUMBER
   9850      -1.9819E+05     4.7134E-02     2.9796E+00     ND1      1196

 BOND    =    15046.7190  ANGLE   =      477.5477  DIHED      =     3002.0738
 VDWAALS =    36686.4265  EEL     =  -265779.4140  HBOND      =        0.0000
 1-4 VDW =      894.2479  1-4 EEL =    11464.4774  RESTRAINT  =       21.8762
 EAMBER  =  -198207.9217


   NSTEP       ENERGY          RMS            GMAX         NAME    NUMBER
   9900      -1.9819E+05     2.1728E-02     1.0378E+00     H2      26996

 BOND    =    15047.3376  ANGLE   =      477.5072  DIHED      =     3002.0705
 VDWAALS =    36688.4982  EEL     =  -265784.1441  HBOND      =        0.0000
 1-4 VDW =      894.2426  1-4 EEL =    11464.4851  RESTRAINT  =       21.8540
 EAMBER  =  -198210.0030


   NSTEP       ENERGY          RMS            GMAX         NAME    NUMBER
   9950      -1.9819E+05     2.1754E-02     1.0139E+00     H2      26996

 BOND    =    15047.9327  ANGLE   =      477.5020  DIHED      =     3002.0683
 VDWAALS =    36690.6227  EEL     =  -265788.9946  HBOND      =        0.0000
 1-4 VDW =      894.2446  1-4 EEL =    11464.4699  RESTRAINT  =       21.8551
 EAMBER  =  -198212.1544


   NSTEP       ENERGY          RMS            GMAX         NAME    NUMBER
  10000      -1.9819E+05     5.7996E-02     5.6535E+00     CD       4041

 BOND    =    15048.6364  ANGLE   =      477.4923  DIHED      =     3002.0656
 VDWAALS =    36692.7016  EEL     =  -265793.8085  HBOND      =        0.0000
 1-4 VDW =      894.2404  1-4 EEL =    11464.4741  RESTRAINT  =       21.8437
 EAMBER  =  -198214.1980


  Maximum number of minimization cycles reached.


                    FINAL RESULTS



   NSTEP       ENERGY          RMS            GMAX         NAME    NUMBER
  10000      -1.9819E+05     5.7996E-02     5.6535E+00     CD       4041

 BOND    =    15048.6364  ANGLE   =      477.4923  DIHED      =     3002.0656
 VDWAALS =    36692.7016  EEL     =  -265793.8085  HBOND      =        0.0000
 1-4 VDW =      894.2404  1-4 EEL =    11464.4741  RESTRAINT  =       21.8437
 EAMBER  =  -198214.1980
--------------------------------------------------------------------------------
   5.  TIMINGS
--------------------------------------------------------------------------------

|  NonSetup CPU Time in Major Routines:
|
|     Routine           Sec        %
|     ------------------------------
|     Nonbond          34.60   63.43
|     Bond              0.00    0.00
|     Angle             0.00    0.00
|     Dihedral          0.00    0.00
|     Shake             0.00    0.00
|     Other            19.95   36.57
|     ------------------------------
|     Total            54.55

|  PME Nonbond Pairlist CPU Time:
|
|     Routine              Sec        %
|     ---------------------------------
|     Set Up Cit           0.00    0.00
|     Build List           0.00    0.00
|     ---------------------------------
|     Total                0.00    0.00

|  PME Direct Force CPU Time:
|
|     Routine              Sec        %
|     ---------------------------------
|     NonBonded Calc       0.00    0.00
|     Exclude Masked       0.00    0.00
|     Other                0.02    0.04
|     ---------------------------------
|     Total                0.02    0.04

|  PME Reciprocal Force CPU Time:
|
|     Routine              Sec        %
|     ---------------------------------
|     1D bspline           0.00    0.00
|     Grid Charges         0.00    0.00
|     Scalar Sum           0.00    0.00
|     Gradient Sum         0.00    0.00
|     FFT                  0.00    0.00
|     ---------------------------------
|     Total                0.00    0.00

|  Setup CPU time:            0.86 seconds
|  NonSetup CPU time:        54.55 seconds
|  Total CPU time:           55.41 seconds     0.02 hours

|  Setup wall time:           1    seconds
|  NonSetup wall time:       55    seconds
|  Total wall time:          56    seconds     0.02 hours
