
          -------------------------------------------------------
          Amber 18 PMEMD                              2018
          -------------------------------------------------------

| PMEMD implementation of SANDER, Release 18

| Run on 01/24/2019 at 23:31:25

|   Executable path: /opt/software/Amber/18-foss-2018a/bin/pmemd.cuda
| Working directory: /mnt/gs18/scratch/users/songlin3/run/glx/ti/alpha_optimized_from_imidazoleHIDcharge/2.23/all_optimized/freeMD
|          Hostname: lac-136

  [-O]verwriting output

File Assignments:
|   MDIN: min5.in                                                               
|  MDOUT: min5.out                                                              
| INPCRD: min4.rst                                                              
|   PARM: glx-co_1264.prmtop                                                    
| RESTRT: min5.rst                                                              
|   REFC: min4.rst                                                              
|  MDVEL: mdvel                                                                 
|   MDEN: mden                                                                  
|  MDCRD: min5.netcdf                                                           
| MDINFO: min5.mdinfo                                                           
|  MDFRC: mdfrc                                                                 


 Here is the input file:

minimize structure the whole structure                                         
 &cntrl                                                                        
  imin=1,maxcyc=10000, ncyc=20000,                                             
  ntb=1, cut=10, ntwx=2000, ioutfm=1, iwrap=1,                                 
 /                                                                             
 &ewald                                                                        
 /                                                                             


Note: ig = -1. Setting random seed to   830054 based on wallclock time in 
      microseconds.
| irandom = 1, using AMBER's internal random number generator (default).
 
|--------------------- INFORMATION ----------------------
| GPU (CUDA) Version of PMEMD in use: NVIDIA GPU IN USE.
|                    Version 18.0.0
| 
|                      03/25/2018
| 
| Implementation by:
|                    Ross C. Walker     (SDSC)
|                    Scott Le Grand     (nVIDIA)
| 
| Version 18 performance extensions by:
|                    David Cerutti     (Rutgers)
| 
| Precision model in use:
|      [SPFP] - Single Precision Forces, 64-bit Fixed Point
|               Accumulation. (Default)
| 
|--------------------------------------------------------
 
|----------------- CITATION INFORMATION -----------------
|
|    When publishing work that utilized the CUDA version
|    of AMBER, please cite the following in addition to
|    the regular AMBER citations:
|
|  - Romelia Salomon-Ferrer; Andreas W. Goetz; Duncan
|    Poole; Scott Le Grand; Ross C. Walker "Routine
|    microsecond molecular dynamics simulations with
|    AMBER - Part II: Particle Mesh Ewald", J. Chem.
|    Theory Comput., 2013, 9 (9), pp3878-3888,
|    DOI: 10.1021/ct400314y.
|
|  - Andreas W. Goetz; Mark J. Williamson; Dong Xu;
|    Duncan Poole; Scott Le Grand; Ross C. Walker
|    "Routine microsecond molecular dynamics simulations
|    with AMBER - Part I: Generalized Born", J. Chem.
|    Theory Comput., 2012, 8 (5), pp1542-1555.
|
|  - Scott Le Grand; Andreas W. Goetz; Ross C. Walker
|    "SPFP: Speed without compromise - a mixed precision
|    model for GPU accelerated molecular dynamics
|    simulations.", Comp. Phys. Comm., 2013, 184
|    pp374-380, DOI: 10.1016/j.cpc.2012.09.022
|
|--------------------------------------------------------
 
|------------------- GPU DEVICE INFO --------------------
|
|            CUDA_VISIBLE_DEVICES: 0
|   CUDA Capable Devices Detected:      1
|           CUDA Device ID in use:      0
|                CUDA Device Name: Tesla K80
|     CUDA Device Global Mem Size:  11441 MB
| CUDA Device Num Multiprocessors:     13
|           CUDA Device Core Freq:   0.82 GHz
|
|--------------------------------------------------------
 
 
| Conditional Compilation Defines Used:
| PUBFFT
| BINTRAJ
| CUDA
| EMIL

| Largest sphere to fit in unit cell has radius =    36.270

| New format PARM file being parsed.
| Version =    1.000 Date = 01/24/19 Time = 18:51:14

| Note: 1-4 EEL scale factors are being read from the topology file.

| Note: 1-4 VDW scale factors are being read from the topology file.
| Duplicated    0 dihedrals

| Duplicated    0 dihedrals

--------------------------------------------------------------------------------
   1.  RESOURCE   USE: 
--------------------------------------------------------------------------------

 getting box info from netcdf restart file
 NATOM  =   48335 NTYPES =      18 NBONH =   46216 MBONA  =    2144
 NTHETH =    4730 MTHETA =    2896 NPHIH =    9622 MPHIA  =    9100
 NHPARM =       0 NPARM  =       0 NNB   =   81893 NRES   =   14997
 NBONA  =    2144 NTHETA =    2896 NPHIA =    9100 NUMBND =      67
 NUMANG =     150 NPTRA  =     196 NATYP =      38 NPHB   =       1
 IFBOX  =       2 NMXRS  =      24 IFCAP =       0 NEXTRA =       0
 NCOPY  =       0

| Coordinate Index Table dimensions:    14   14   14
| Direct force subcell size =     6.3460    6.3460    6.3460

     BOX TYPE: TRUNCATED OCTAHEDRON

--------------------------------------------------------------------------------
   2.  CONTROL  DATA  FOR  THE  RUN
--------------------------------------------------------------------------------

default_name                                                                    

General flags:
     imin    =       1, nmropt  =       0

Nature and format of input:
     ntx     =       1, irest   =       0, ntrx    =       1

Nature and format of output:
     ntxo    =       2, ntpr    =      50, ntrx    =       1, ntwr    =       1
     iwrap   =       1, ntwx    =    2000, ntwv    =       0, ntwe    =       0
     ioutfm  =       1, ntwprt  =       0, idecomp =       0, rbornstat=      0

Potential function:
     ntf     =       1, ntb     =       1, igb     =       0, nsnb    =      25
     ipol    =       0, gbsa    =       0, iesp    =       0
     dielc   =   1.00000, cut     =  10.00000, intdiel =   1.00000
     lj1264  =       1

Frozen or restrained atoms:
     ibelly  =       0, ntr     =       0

Energy minimization:
     maxcyc  =   10000, ncyc    =   20000, ntmin   =       1
     dx0     =   0.01000, drms    =   0.00010

| Intermolecular bonds treatment:
|     no_intermolecular_bonds =       1

| Energy averages sample interval:
|     ene_avg_sampling =       1

Ewald parameters:
     verbose =       0, ew_type =       0, nbflag  =       1, use_pme =       1
     vdwmeth =       1, eedmeth =       1, netfrc  =       0
     Box X =   88.843   Box Y =   88.843   Box Z =   88.843
     Alpha =  109.471   Beta  =  109.471   Gamma =  109.471
     NFFT1 =   96       NFFT2 =   96       NFFT3 =   96
     Cutoff=   10.000   Tol   =0.100E-04
     Ewald Coefficient =  0.27511
     Interpolation order =    4

--------------------------------------------------------------------------------
   3.  ATOMIC COORDINATES AND VELOCITIES
--------------------------------------------------------------------------------

default_name                                                                    
 begin time read from input coords =     0.000 ps

 
 Number of triangulated 3-point waters found:    14712

     Sum of charges from parm topology file =  -0.00000010
     Forcing neutrality...

| Dynamic Memory, Types Used:
| Reals             1209399
| Integers          1767270

| Nonbonded Pairs Initial Allocation:    14620129

| GPU memory information (estimate):
| KB of GPU memory in use:         0
| KB of CPU memory in use:         0

--------------------------------------------------------------------------------
   4.  RESULTS
--------------------------------------------------------------------------------



   NSTEP       ENERGY          RMS            GMAX         NAME    NUMBER
      1      -1.9821E+05     3.5272E-01     1.4736E+01     O           6

 BOND    =    15048.6364  ANGLE   =      477.4923  DIHED      =     3002.0656
 VDWAALS =    36692.7016  EEL     =  -265793.8129  HBOND      =        0.0000
 1-4 VDW =      894.2404  1-4 EEL =    11464.4741  RESTRAINT  =        0.0000


   NSTEP       ENERGY          RMS            GMAX         NAME    NUMBER
     50      -1.9830E+05     3.2622E-01     1.4464E+01     C        2525

 BOND    =    15056.5742  ANGLE   =      470.7750  DIHED      =     2993.9846
 VDWAALS =    36680.8699  EEL     =  -265772.5553  HBOND      =        0.0000
 1-4 VDW =      875.0723  1-4 EEL =    11391.5959  RESTRAINT  =        0.0000


   NSTEP       ENERGY          RMS            GMAX         NAME    NUMBER
    100      -1.9833E+05     2.0415E-01     1.2762E+01     C        4160

 BOND    =    15058.9568  ANGLE   =      471.1920  DIHED      =     2990.8347
 VDWAALS =    36682.4982  EEL     =  -265772.2537  HBOND      =        0.0000
 1-4 VDW =      867.7876  1-4 EEL =    11367.8089  RESTRAINT  =        0.0000


   NSTEP       ENERGY          RMS            GMAX         NAME    NUMBER
    150      -1.9835E+05     5.7100E-02     1.5601E+00     O        1479

 BOND    =    15061.6269  ANGLE   =      472.1166  DIHED      =     2988.1854
 VDWAALS =    36685.1913  EEL     =  -265776.9711  HBOND      =        0.0000
 1-4 VDW =      863.3338  1-4 EEL =    11353.6349  RESTRAINT  =        0.0000


   NSTEP       ENERGY          RMS            GMAX         NAME    NUMBER
    200      -1.9837E+05     1.4846E-01     1.9512E+01     ND1      1196

 BOND    =    15064.5221  ANGLE   =      473.2818  DIHED      =     2985.6226
 VDWAALS =    36688.4068  EEL     =  -265783.0098  HBOND      =        0.0000
 1-4 VDW =      859.9864  1-4 EEL =    11342.9710  RESTRAINT  =        0.0000


   NSTEP       ENERGY          RMS            GMAX         NAME    NUMBER
    250      -1.9838E+05     8.2367E-02     9.9067E+00     ND1      1196

 BOND    =    15066.4928  ANGLE   =      473.9935  DIHED      =     2983.4715
 VDWAALS =    36691.5338  EEL     =  -265789.4883  HBOND      =        0.0000
 1-4 VDW =      857.6423  1-4 EEL =    11335.2803  RESTRAINT  =        0.0000


   NSTEP       ENERGY          RMS            GMAX         NAME    NUMBER
    300      -1.9839E+05     1.5430E-01     1.6950E+01     ND1      1196

 BOND    =    15068.7051  ANGLE   =      474.8049  DIHED      =     2981.5929
 VDWAALS =    36694.7407  EEL     =  -265796.0309  HBOND      =        0.0000
 1-4 VDW =      855.7353  1-4 EEL =    11328.9345  RESTRAINT  =        0.0000


   NSTEP       ENERGY          RMS            GMAX         NAME    NUMBER
    350      -1.9840E+05     4.5049E-02     3.1216E+00     ND1      1196

 BOND    =    15069.8808  ANGLE   =      475.4976  DIHED      =     2979.9911
 VDWAALS =    36698.1346  EEL     =  -265802.6594  HBOND      =        0.0000
 1-4 VDW =      854.2223  1-4 EEL =    11323.7391  RESTRAINT  =        0.0000


   NSTEP       ENERGY          RMS            GMAX         NAME    NUMBER
    400      -1.9841E+05     1.2815E-01     1.4725E+01     ND1      1196

 BOND    =    15071.6164  ANGLE   =      476.2218  DIHED      =     2978.5423
 VDWAALS =    36701.5658  EEL     =  -265809.3203  HBOND      =        0.0000
 1-4 VDW =      852.8834  1-4 EEL =    11319.0734  RESTRAINT  =        0.0000


   NSTEP       ENERGY          RMS            GMAX         NAME    NUMBER
    450      -1.9842E+05     5.3292E-02     5.6365E+00     ND1      1196

 BOND    =    15072.9890  ANGLE   =      476.7067  DIHED      =     2977.2388
 VDWAALS =    36705.0523  EEL     =  -265816.2681  HBOND      =        0.0000
 1-4 VDW =      851.7331  1-4 EEL =    11314.9613  RESTRAINT  =        0.0000


   NSTEP       ENERGY          RMS            GMAX         NAME    NUMBER
    500      -1.9842E+05     6.1050E-02     6.8650E+00     ND1      1196

 BOND    =    15074.4067  ANGLE   =      477.2494  DIHED      =     2976.0691
 VDWAALS =    36708.5826  EEL     =  -265823.0832  HBOND      =        0.0000
 1-4 VDW =      850.6985  1-4 EEL =    11311.2317  RESTRAINT  =        0.0000


   NSTEP       ENERGY          RMS            GMAX         NAME    NUMBER
    550      -1.9843E+05     4.3913E-02     4.1197E+00     ND1      1196

 BOND    =    15075.6493  ANGLE   =      477.7864  DIHED      =     2975.0294
 VDWAALS =    36712.1065  EEL     =  -265829.8142  HBOND      =        0.0000
 1-4 VDW =      849.7836  1-4 EEL =    11307.8813  RESTRAINT  =        0.0000


   NSTEP       ENERGY          RMS            GMAX         NAME    NUMBER
    600      -1.9844E+05     8.3759E-02     1.0768E+01     ND1      1196

 BOND    =    15076.9819  ANGLE   =      478.3047  DIHED      =     2974.0986
 VDWAALS =    36715.5736  EEL     =  -265836.3539  HBOND      =        0.0000
 1-4 VDW =      848.9684  1-4 EEL =    11304.8780  RESTRAINT  =        0.0000


   NSTEP       ENERGY          RMS            GMAX         NAME    NUMBER
    650      -1.9844E+05     1.3548E-01     2.2831E+01     CD       3866

 BOND    =    15078.4678  ANGLE   =      478.7881  DIHED      =     2973.2415
 VDWAALS =    36719.1018  EEL     =  -265843.1116  HBOND      =        0.0000
 1-4 VDW =      848.2275  1-4 EEL =    11302.1176  RESTRAINT  =        0.0000


   NSTEP       ENERGY          RMS            GMAX         NAME    NUMBER
    700      -1.9845E+05     5.4555E-02     6.5131E+00     ND1      1196

 BOND    =    15079.3499  ANGLE   =      479.0889  DIHED      =     2972.4559
 VDWAALS =    36722.4875  EEL     =  -265849.4535  HBOND      =        0.0000
 1-4 VDW =      847.5363  1-4 EEL =    11299.5947  RESTRAINT  =        0.0000


   NSTEP       ENERGY          RMS            GMAX         NAME    NUMBER
    750      -1.9845E+05     1.0263E-01     1.3578E+01     ND1      1196

 BOND    =    15080.6414  ANGLE   =      479.5131  DIHED      =     2971.7183
 VDWAALS =    36726.0166  EEL     =  -265856.0321  HBOND      =        0.0000
 1-4 VDW =      846.8900  1-4 EEL =    11297.2049  RESTRAINT  =        0.0000


   NSTEP       ENERGY          RMS            GMAX         NAME    NUMBER
    800      -1.9846E+05     3.2098E-02     1.9247E+00     ND1      1196

 BOND    =    15081.4950  ANGLE   =      479.8855  DIHED      =     2971.0700
 VDWAALS =    36729.4238  EEL     =  -265862.2689  HBOND      =        0.0000
 1-4 VDW =      846.3161  1-4 EEL =    11295.0565  RESTRAINT  =        0.0000


   NSTEP       ENERGY          RMS            GMAX         NAME    NUMBER
    850      -1.9846E+05     8.6014E-02     1.1655E+01     ND1      1196

 BOND    =    15082.6811  ANGLE   =      480.3260  DIHED      =     2970.4400
 VDWAALS =    36733.0062  EEL     =  -265868.8818  HBOND      =        0.0000
 1-4 VDW =      845.7568  1-4 EEL =    11292.9605  RESTRAINT  =        0.0000


   NSTEP       ENERGY          RMS            GMAX         NAME    NUMBER
    900      -1.9847E+05     1.2896E-01     1.6394E+01     ND1      1196

 BOND    =    15083.7834  ANGLE   =      480.7072  DIHED      =     2969.8730
 VDWAALS =    36736.4111  EEL     =  -265874.9833  HBOND      =        0.0000
 1-4 VDW =      845.2514  1-4 EEL =    11291.0722  RESTRAINT  =        0.0000


   NSTEP       ENERGY          RMS            GMAX         NAME    NUMBER
    950      -1.9847E+05     8.2977E-02     9.3064E+00     ND1      1196

 BOND    =    15084.7699  ANGLE   =      480.9401  DIHED      =     2969.3230
 VDWAALS =    36739.8706  EEL     =  -265881.4957  HBOND      =        0.0000
 1-4 VDW =      844.7695  1-4 EEL =    11289.2824  RESTRAINT  =        0.0000


   NSTEP       ENERGY          RMS            GMAX         NAME    NUMBER
   1000      -1.9848E+05     3.4053E-02     3.0619E+00     ND1      1196

 BOND    =    15085.6402  ANGLE   =      481.2837  DIHED      =     2968.8291
 VDWAALS =    36743.3124  EEL     =  -265887.7940  HBOND      =        0.0000
 1-4 VDW =      844.3235  1-4 EEL =    11287.5893  RESTRAINT  =        0.0000


   NSTEP       ENERGY          RMS            GMAX         NAME    NUMBER
   1050      -1.9848E+05     5.1676E-02     6.4632E+00     ND1      1196

 BOND    =    15086.6647  ANGLE   =      481.6261  DIHED      =     2968.3446
 VDWAALS =    36746.8464  EEL     =  -265894.2692  HBOND      =        0.0000
 1-4 VDW =      843.8850  1-4 EEL =    11285.9256  RESTRAINT  =        0.0000


   NSTEP       ENERGY          RMS            GMAX         NAME    NUMBER
   1100      -1.9849E+05     2.8778E-02     1.7536E+00     ND1      1196

 BOND    =    15087.6492  ANGLE   =      481.9093  DIHED      =     2967.8907
 VDWAALS =    36750.3011  EEL     =  -265900.6372  HBOND      =        0.0000
 1-4 VDW =      843.4744  1-4 EEL =    11284.3718  RESTRAINT  =        0.0000


   NSTEP       ENERGY          RMS            GMAX         NAME    NUMBER
   1150      -1.9849E+05     3.9178E-02     3.9352E+00     ND1      1196

 BOND    =    15088.6413  ANGLE   =      482.2100  DIHED      =     2967.4634
 VDWAALS =    36753.7209  EEL     =  -265906.9124  HBOND      =        0.0000
 1-4 VDW =      843.0829  1-4 EEL =    11282.8812  RESTRAINT  =        0.0000


   NSTEP       ENERGY          RMS            GMAX         NAME    NUMBER
   1200      -1.9849E+05     8.0157E-02     1.1257E+01     CD       4041

 BOND    =    15089.6660  ANGLE   =      482.5046  DIHED      =     2967.0580
 VDWAALS =    36757.1500  EEL     =  -265913.1177  HBOND      =        0.0000
 1-4 VDW =      842.7121  1-4 EEL =    11281.4600  RESTRAINT  =        0.0000


   NSTEP       ENERGY          RMS            GMAX         NAME    NUMBER
   1250      -1.9850E+05     2.7857E-02     1.8291E+00     ND1      1196

 BOND    =    15090.4106  ANGLE   =      482.7867  DIHED      =     2966.6936
 VDWAALS =    36760.3517  EEL     =  -265918.9264  HBOND      =        0.0000
 1-4 VDW =      842.3679  1-4 EEL =    11280.1279  RESTRAINT  =        0.0000


   NSTEP       ENERGY          RMS            GMAX         NAME    NUMBER
   1300      -1.9850E+05     7.4256E-02     1.1741E+01     CD       4041

 BOND    =    15091.3416  ANGLE   =      483.0952  DIHED      =     2966.3297
 VDWAALS =    36763.6275  EEL     =  -265924.8464  HBOND      =        0.0000
 1-4 VDW =      842.0246  1-4 EEL =    11278.7887  RESTRAINT  =        0.0000


   NSTEP       ENERGY          RMS            GMAX         NAME    NUMBER
   1350      -1.9850E+05     2.6229E-02     1.3436E+00     ND1      1196

 BOND    =    15092.1717  ANGLE   =      483.3201  DIHED      =     2965.9906
 VDWAALS =    36766.7610  EEL     =  -265930.6378  HBOND      =        0.0000
 1-4 VDW =      841.7044  1-4 EEL =    11277.5545  RESTRAINT  =        0.0000


   NSTEP       ENERGY          RMS            GMAX         NAME    NUMBER
   1400      -1.9851E+05     5.8744E-02     7.6887E+00     ND1      1196

 BOND    =    15093.0980  ANGLE   =      483.5817  DIHED      =     2965.6652
 VDWAALS =    36769.8546  EEL     =  -265936.3444  HBOND      =        0.0000
 1-4 VDW =      841.3934  1-4 EEL =    11276.3460  RESTRAINT  =        0.0000


   NSTEP       ENERGY          RMS            GMAX         NAME    NUMBER
   1450      -1.9851E+05     8.7489E-02     1.2920E+01     CD       4041

 BOND    =    15093.9673  ANGLE   =      483.8327  DIHED      =     2965.3583
 VDWAALS =    36772.8247  EEL     =  -265941.9068  HBOND      =        0.0000
 1-4 VDW =      841.0992  1-4 EEL =    11275.1873  RESTRAINT  =        0.0000


   NSTEP       ENERGY          RMS            GMAX         NAME    NUMBER
   1500      -1.9851E+05     2.6596E-02     1.6766E+00     ND1      1196

 BOND    =    15094.6019  ANGLE   =      484.0761  DIHED      =     2965.0679
 VDWAALS =    36775.7657  EEL     =  -265947.3605  HBOND      =        0.0000
 1-4 VDW =      840.8105  1-4 EEL =    11274.0446  RESTRAINT  =        0.0000


   NSTEP       ENERGY          RMS            GMAX         NAME    NUMBER
   1550      -1.9852E+05     7.1169E-02     9.4709E+00     ND1      1196

 BOND    =    15095.4456  ANGLE   =      484.3543  DIHED      =     2964.7823
 VDWAALS =    36778.7299  EEL     =  -265952.8528  HBOND      =        0.0000
 1-4 VDW =      840.5266  1-4 EEL =    11272.9137  RESTRAINT  =        0.0000


   NSTEP       ENERGY          RMS            GMAX         NAME    NUMBER
   1600      -1.9852E+05     2.5934E-02     1.5909E+00     ND1      1196

 BOND    =    15096.1816  ANGLE   =      484.5372  DIHED      =     2964.5187
 VDWAALS =    36781.4844  EEL     =  -265958.1576  HBOND      =        0.0000
 1-4 VDW =      840.2644  1-4 EEL =    11271.8846  RESTRAINT  =        0.0000


   NSTEP       ENERGY          RMS            GMAX         NAME    NUMBER
   1650      -1.9852E+05     6.4569E-02     9.8392E+00     CD       4041

 BOND    =    15097.0766  ANGLE   =      484.7752  DIHED      =     2964.2550
 VDWAALS =    36784.3137  EEL     =  -265963.6826  HBOND      =        0.0000
 1-4 VDW =      839.9979  1-4 EEL =    11270.8299  RESTRAINT  =        0.0000


   NSTEP       ENERGY          RMS            GMAX         NAME    NUMBER
   1700      -1.9853E+05     8.8730E-02     1.2326E+01     ND1      1196

 BOND    =    15097.9330  ANGLE   =      485.0108  DIHED      =     2964.0011
 VDWAALS =    36787.0850  EEL     =  -265969.1780  HBOND      =        0.0000
 1-4 VDW =      839.7414  1-4 EEL =    11269.8018  RESTRAINT  =        0.0000


   NSTEP       ENERGY          RMS            GMAX         NAME    NUMBER
   1750      -1.9853E+05     3.7344E-02     4.2820E+00     CD       4041

 BOND    =    15098.4708  ANGLE   =      485.2195  DIHED      =     2963.7612
 VDWAALS =    36789.7675  EEL     =  -265974.3335  HBOND      =        0.0000
 1-4 VDW =      839.4933  1-4 EEL =    11268.7832  RESTRAINT  =        0.0000


   NSTEP       ENERGY          RMS            GMAX         NAME    NUMBER
   1800      -1.9853E+05     7.9350E-02     1.2022E+01     CD       4041

 BOND    =    15099.3118  ANGLE   =      485.4699  DIHED      =     2963.5307
 VDWAALS =    36792.4324  EEL     =  -265979.6543  HBOND      =        0.0000
 1-4 VDW =      839.2495  1-4 EEL =    11267.7977  RESTRAINT  =        0.0000


   NSTEP       ENERGY          RMS            GMAX         NAME    NUMBER
   1850      -1.9854E+05     2.4247E-02     1.0264E+00     ND1      1196

 BOND    =    15099.9420  ANGLE   =      485.6219  DIHED      =     2963.3107
 VDWAALS =    36794.8942  EEL     =  -265984.7875  HBOND      =        0.0000
 1-4 VDW =      839.0239  1-4 EEL =    11266.8847  RESTRAINT  =        0.0000


   NSTEP       ENERGY          RMS            GMAX         NAME    NUMBER
   1900      -1.9854E+05     6.5510E-02     8.2016E+00     ND1      1196

 BOND    =    15100.7504  ANGLE   =      485.8256  DIHED      =     2963.0910
 VDWAALS =    36797.3897  EEL     =  -265989.8965  HBOND      =        0.0000
 1-4 VDW =      838.7963  1-4 EEL =    11265.9551  RESTRAINT  =        0.0000


   NSTEP       ENERGY          RMS            GMAX         NAME    NUMBER
   1950      -1.9854E+05     1.0331E-01     1.9452E+01     CD       4041

 BOND    =    15101.5481  ANGLE   =      486.0302  DIHED      =     2962.8849
 VDWAALS =    36799.7906  EEL     =  -265994.8369  HBOND      =        0.0000
 1-4 VDW =      838.5808  1-4 EEL =    11265.0648  RESTRAINT  =        0.0000


   NSTEP       ENERGY          RMS            GMAX         NAME    NUMBER
   2000      -1.9854E+05     4.1248E-02     4.5552E+00     ND1      1196

 BOND    =    15102.0416  ANGLE   =      486.2257  DIHED      =     2962.6890
 VDWAALS =    36802.1475  EEL     =  -265999.7804  HBOND      =        0.0000
 1-4 VDW =      838.3625  1-4 EEL =    11264.1634  RESTRAINT  =        0.0000


   NSTEP       ENERGY          RMS            GMAX         NAME    NUMBER
   2050      -1.9855E+05     8.0679E-02     1.1181E+01     ND1      1196

 BOND    =    15102.7556  ANGLE   =      486.4448  DIHED      =     2962.4958
 VDWAALS =    36804.4024  EEL     =  -266004.6344  HBOND      =        0.0000
 1-4 VDW =      838.1561  1-4 EEL =    11263.2944  RESTRAINT  =        0.0000


   NSTEP       ENERGY          RMS            GMAX         NAME    NUMBER
   2100      -1.9855E+05     4.1907E-02     5.1066E+00     ND1      1196

 BOND    =    15103.3924  ANGLE   =      486.5715  DIHED      =     2962.3101
 VDWAALS =    36806.5868  EEL     =  -266009.5935  HBOND      =        0.0000
 1-4 VDW =      837.9580  1-4 EEL =    11262.4855  RESTRAINT  =        0.0000


   NSTEP       ENERGY          RMS            GMAX         NAME    NUMBER
   2150      -1.9855E+05     6.8120E-02     9.3516E+00     ND1      1196

 BOND    =    15104.1083  ANGLE   =      486.7540  DIHED      =     2962.1295
 VDWAALS =    36808.7268  EEL     =  -266014.5489  HBOND      =        0.0000
 1-4 VDW =      837.7633  1-4 EEL =    11261.6705  RESTRAINT  =        0.0000


   NSTEP       ENERGY          RMS            GMAX         NAME    NUMBER
   2200      -1.9856E+05     3.3220E-02     3.4724E+00     ND1      1196

 BOND    =    15104.6209  ANGLE   =      486.9350  DIHED      =     2961.9553
 VDWAALS =    36810.8653  EEL     =  -266019.3642  HBOND      =        0.0000
 1-4 VDW =      837.5687  1-4 EEL =    11260.8394  RESTRAINT  =        0.0000


   NSTEP       ENERGY          RMS            GMAX         NAME    NUMBER
   2250      -1.9856E+05     5.9502E-02     7.9760E+00     ND1      1196

 BOND    =    15105.2684  ANGLE   =      487.1257  DIHED      =     2961.7846
 VDWAALS =    36812.9616  EEL     =  -266024.1663  HBOND      =        0.0000
 1-4 VDW =      837.3801  1-4 EEL =    11260.0388  RESTRAINT  =        0.0000


   NSTEP       ENERGY          RMS            GMAX         NAME    NUMBER
   2300      -1.9856E+05     2.7119E-02     2.0590E+00     ND1      1196

 BOND    =    15105.8672  ANGLE   =      487.2577  DIHED      =     2961.6237
 VDWAALS =    36815.0007  EEL     =  -266028.9079  HBOND      =        0.0000
 1-4 VDW =      837.2026  1-4 EEL =    11259.2943  RESTRAINT  =        0.0000


   NSTEP       ENERGY          RMS            GMAX         NAME    NUMBER
   2350      -1.9857E+05     3.4670E-02     3.6409E+00     CD       4041

 BOND    =    15106.4886  ANGLE   =      487.4184  DIHED      =     2961.4636
 VDWAALS =    36817.0923  EEL     =  -266033.7735  HBOND      =        0.0000
 1-4 VDW =      837.0248  1-4 EEL =    11258.5366  RESTRAINT  =        0.0000


   NSTEP       ENERGY          RMS            GMAX         NAME    NUMBER
   2400      -1.9857E+05     2.4525E-02     1.2268E+00     ND1      1196

 BOND    =    15107.0728  ANGLE   =      487.5818  DIHED      =     2961.3121
 VDWAALS =    36819.2236  EEL     =  -266038.6049  HBOND      =        0.0000
 1-4 VDW =      836.8521  1-4 EEL =    11257.7928  RESTRAINT  =        0.0000


   NSTEP       ENERGY          RMS            GMAX         NAME    NUMBER
   2450      -1.9857E+05     2.5456E-02     1.6609E+00     ND1      1196

 BOND    =    15107.6969  ANGLE   =      487.7392  DIHED      =     2961.1630
 VDWAALS =    36821.4278  EEL     =  -266043.6078  HBOND      =        0.0000
 1-4 VDW =      836.6821  1-4 EEL =    11257.0612  RESTRAINT  =        0.0000


   NSTEP       ENERGY          RMS            GMAX         NAME    NUMBER
   2500      -1.9857E+05     6.9130E-02     1.4015E+01     CD       4041

 BOND    =    15108.3936  ANGLE   =      487.9180  DIHED      =     2961.0093
 VDWAALS =    36823.8368  EEL     =  -266048.8083  HBOND      =        0.0000
 1-4 VDW =      836.5080  1-4 EEL =    11256.2928  RESTRAINT  =        0.0000


   NSTEP       ENERGY          RMS            GMAX         NAME    NUMBER
   2550      -1.9858E+05     2.8479E-02     2.6387E+00     ND1      1196

 BOND    =    15109.0203  ANGLE   =      488.0449  DIHED      =     2960.8705
 VDWAALS =    36826.1414  EEL     =  -266053.8126  HBOND      =        0.0000
 1-4 VDW =      836.3458  1-4 EEL =    11255.6059  RESTRAINT  =        0.0000


   NSTEP       ENERGY          RMS            GMAX         NAME    NUMBER
   2600      -1.9858E+05     4.2646E-02     5.3881E+00     ND1      1196

 BOND    =    15109.6909  ANGLE   =      488.1938  DIHED      =     2960.7338
 VDWAALS =    36828.5147  EEL     =  -266058.8257  HBOND      =        0.0000
 1-4 VDW =      836.1856  1-4 EEL =    11254.9080  RESTRAINT  =        0.0000


   NSTEP       ENERGY          RMS            GMAX         NAME    NUMBER
   2650      -1.9858E+05     8.0356E-02     1.1430E+01     CD       4041

 BOND    =    15110.4166  ANGLE   =      488.3478  DIHED      =     2960.6015
 VDWAALS =    36830.8600  EEL     =  -266063.7590  HBOND      =        0.0000
 1-4 VDW =      836.0301  1-4 EEL =    11254.2251  RESTRAINT  =        0.0000


   NSTEP       ENERGY          RMS            GMAX         NAME    NUMBER
   2700      -1.9859E+05     2.2712E-02     1.0062E+00     ND1      1196

 BOND    =    15110.9090  ANGLE   =      488.4871  DIHED      =     2960.4762
 VDWAALS =    36833.2200  EEL     =  -266068.6059  HBOND      =        0.0000
 1-4 VDW =      835.8738  1-4 EEL =    11253.5335  RESTRAINT  =        0.0000


   NSTEP       ENERGY          RMS            GMAX         NAME    NUMBER
   2750      -1.9859E+05     7.3050E-02     1.0009E+01     ND1      1196

 BOND    =    15111.6195  ANGLE   =      488.6755  DIHED      =     2960.3498
 VDWAALS =    36835.6690  EEL     =  -266073.5884  HBOND      =        0.0000
 1-4 VDW =      835.7143  1-4 EEL =    11252.8240  RESTRAINT  =        0.0000


   NSTEP       ENERGY          RMS            GMAX         NAME    NUMBER
   2800      -1.9859E+05     2.3611E-02     1.5230E+00     ND1      1196

 BOND    =    15112.1785  ANGLE   =      488.7631  DIHED      =     2960.2340
 VDWAALS =    36837.9420  EEL     =  -266078.2951  HBOND      =        0.0000
 1-4 VDW =      835.5713  1-4 EEL =    11252.1943  RESTRAINT  =        0.0000


   NSTEP       ENERGY          RMS            GMAX         NAME    NUMBER
   2850      -1.9859E+05     5.6234E-02     7.7483E+00     ND1      1196

 BOND    =    15112.8868  ANGLE   =      488.9057  DIHED      =     2960.1177
 VDWAALS =    36840.3404  EEL     =  -266083.2315  HBOND      =        0.0000
 1-4 VDW =      835.4220  1-4 EEL =    11251.5326  RESTRAINT  =        0.0000


   NSTEP       ENERGY          RMS            GMAX         NAME    NUMBER
   2900      -1.9860E+05     2.5870E-02     2.2407E+00     ND1      1196

 BOND    =    15113.4091  ANGLE   =      489.0417  DIHED      =     2960.0099
 VDWAALS =    36842.6834  EEL     =  -266087.8460  HBOND      =        0.0000
 1-4 VDW =      835.2766  1-4 EEL =    11250.8702  RESTRAINT  =        0.0000


   NSTEP       ENERGY          RMS            GMAX         NAME    NUMBER
   2950      -1.9860E+05     3.4681E-02     3.9444E+00     ND1      1196

 BOND    =    15114.0185  ANGLE   =      489.1770  DIHED      =     2959.9067
 VDWAALS =    36845.0206  EEL     =  -266092.4802  HBOND      =        0.0000
 1-4 VDW =      835.1348  1-4 EEL =    11250.2305  RESTRAINT  =        0.0000


   NSTEP       ENERGY          RMS            GMAX         NAME    NUMBER
   3000      -1.9860E+05     2.2248E-02     1.2966E+00     ND1      1196

 BOND    =    15114.6359  ANGLE   =      489.2925  DIHED      =     2959.8099
 VDWAALS =    36847.3474  EEL     =  -266097.1593  HBOND      =        0.0000
 1-4 VDW =      834.9968  1-4 EEL =    11249.6095  RESTRAINT  =        0.0000


   NSTEP       ENERGY          RMS            GMAX         NAME    NUMBER
   3050      -1.9860E+05     2.8503E-02     3.0532E+00     CD       4041

 BOND    =    15115.2629  ANGLE   =      489.4203  DIHED      =     2959.7161
 VDWAALS =    36849.7009  EEL     =  -266101.8397  HBOND      =        0.0000
 1-4 VDW =      834.8574  1-4 EEL =    11248.9790  RESTRAINT  =        0.0000


   NSTEP       ENERGY          RMS            GMAX         NAME    NUMBER
   3100      -1.9861E+05     5.9408E-02     8.0685E+00     ND1      1196

 BOND    =    15115.9168  ANGLE   =      489.5451  DIHED      =     2959.6277
 VDWAALS =    36851.9964  EEL     =  -266106.3781  HBOND      =        0.0000
 1-4 VDW =      834.7251  1-4 EEL =    11248.3702  RESTRAINT  =        0.0000


   NSTEP       ENERGY          RMS            GMAX         NAME    NUMBER
   3150      -1.9861E+05     2.5857E-02     2.4398E+00     ND1      1196

 BOND    =    15116.4122  ANGLE   =      489.6674  DIHED      =     2959.5469
 VDWAALS =    36854.2709  EEL     =  -266110.7642  HBOND      =        0.0000
 1-4 VDW =      834.5907  1-4 EEL =    11247.7474  RESTRAINT  =        0.0000


   NSTEP       ENERGY          RMS            GMAX         NAME    NUMBER
   3200      -1.9861E+05     4.7679E-02     6.3260E+00     ND1      1196

 BOND    =    15117.0165  ANGLE   =      489.7994  DIHED      =     2959.4677
 VDWAALS =    36856.5721  EEL     =  -266115.1830  HBOND      =        0.0000
 1-4 VDW =      834.4561  1-4 EEL =    11247.1168  RESTRAINT  =        0.0000


   NSTEP       ENERGY          RMS            GMAX         NAME    NUMBER
   3250      -1.9861E+05     2.2241E-02     1.5213E+00     ND1      1196

 BOND    =    15117.6006  ANGLE   =      489.8978  DIHED      =     2959.3959
 VDWAALS =    36858.8010  EEL     =  -266119.6253  HBOND      =        0.0000
 1-4 VDW =      834.3261  1-4 EEL =    11246.5184  RESTRAINT  =        0.0000


   NSTEP       ENERGY          RMS            GMAX         NAME    NUMBER
   3300      -1.9862E+05     4.3455E-02     5.7724E+00     ND1      1196

 BOND    =    15118.2220  ANGLE   =      490.0172  DIHED      =     2959.3275
 VDWAALS =    36861.0311  EEL     =  -266124.0816  HBOND      =        0.0000
 1-4 VDW =      834.1973  1-4 EEL =    11245.9128  RESTRAINT  =        0.0000


   NSTEP       ENERGY          RMS            GMAX         NAME    NUMBER
   3350      -1.9862E+05     6.6023E-02     1.2337E+01     CD       4041

 BOND    =    15118.8086  ANGLE   =      490.1233  DIHED      =     2959.2658
 VDWAALS =    36863.1678  EEL     =  -266128.3342  HBOND      =        0.0000
 1-4 VDW =      834.0762  1-4 EEL =    11245.3243  RESTRAINT  =        0.0000


   NSTEP       ENERGY          RMS            GMAX         NAME    NUMBER
   3400      -1.9862E+05     2.6415E-02     2.5474E+00     ND1      1196

 BOND    =    15119.2712  ANGLE   =      490.2341  DIHED      =     2959.2117
 VDWAALS =    36865.2679  EEL     =  -266132.4670  HBOND      =        0.0000
 1-4 VDW =      833.9501  1-4 EEL =    11244.7242  RESTRAINT  =        0.0000


   NSTEP       ENERGY          RMS            GMAX         NAME    NUMBER
   3450      -1.9862E+05     5.9139E-02     7.7163E+00     ND1      1196

 BOND    =    15119.8467  ANGLE   =      490.3595  DIHED      =     2959.1579
 VDWAALS =    36867.4246  EEL     =  -266136.7239  HBOND      =        0.0000
 1-4 VDW =      833.8262  1-4 EEL =    11244.1108  RESTRAINT  =        0.0000


   NSTEP       ENERGY          RMS            GMAX         NAME    NUMBER
   3500      -1.9862E+05     7.7618E-02     1.1178E+01     ND1      1196

 BOND    =    15120.4391  ANGLE   =      490.4831  DIHED      =     2959.1140
 VDWAALS =    36869.4901  EEL     =  -266140.8156  HBOND      =        0.0000
 1-4 VDW =      833.7080  1-4 EEL =    11243.5331  RESTRAINT  =        0.0000


   NSTEP       ENERGY          RMS            GMAX         NAME    NUMBER
   3550      -1.9863E+05     3.1828E-02     3.8153E+00     ND1      1196

 BOND    =    15120.9437  ANGLE   =      490.5336  DIHED      =     2959.0735
 VDWAALS =    36871.5691  EEL     =  -266145.0449  HBOND      =        0.0000
 1-4 VDW =      833.5943  1-4 EEL =    11242.9781  RESTRAINT  =        0.0000


   NSTEP       ENERGY          RMS            GMAX         NAME    NUMBER
   3600      -1.9863E+05     7.8950E-02     2.1007E+01     CD       4041

 BOND    =    15121.5317  ANGLE   =      490.6306  DIHED      =     2959.0330
 VDWAALS =    36873.6169  EEL     =  -266149.0357  HBOND      =        0.0000
 1-4 VDW =      833.4847  1-4 EEL =    11242.4036  RESTRAINT  =        0.0000


   NSTEP       ENERGY          RMS            GMAX         NAME    NUMBER
   3650      -1.9863E+05     3.7697E-02     4.8759E+00     ND1      1196

 BOND    =    15121.9783  ANGLE   =      490.7414  DIHED      =     2959.0008
 VDWAALS =    36875.7153  EEL     =  -266153.1563  HBOND      =        0.0000
 1-4 VDW =      833.3670  1-4 EEL =    11241.8126  RESTRAINT  =        0.0000


   NSTEP       ENERGY          RMS            GMAX         NAME    NUMBER
   3700      -1.9863E+05     5.6431E-02     7.9039E+00     ND1      1196

 BOND    =    15122.5573  ANGLE   =      490.8509  DIHED      =     2958.9691
 VDWAALS =    36877.8824  EEL     =  -266157.4378  HBOND      =        0.0000
 1-4 VDW =      833.2525  1-4 EEL =    11241.2149  RESTRAINT  =        0.0000


   NSTEP       ENERGY          RMS            GMAX         NAME    NUMBER
   3750      -1.9863E+05     2.6915E-02     2.9375E+00     ND1      1196

 BOND    =    15123.0864  ANGLE   =      490.9174  DIHED      =     2958.9415
 VDWAALS =    36879.9622  EEL     =  -266161.5122  HBOND      =        0.0000
 1-4 VDW =      833.1450  1-4 EEL =    11240.6514  RESTRAINT  =        0.0000


   NSTEP       ENERGY          RMS            GMAX         NAME    NUMBER
   3800      -1.9864E+05     5.2188E-02     7.0083E+00     ND1      1196

 BOND    =    15123.6554  ANGLE   =      491.0107  DIHED      =     2958.9151
 VDWAALS =    36882.0084  EEL     =  -266165.4725  HBOND      =        0.0000
 1-4 VDW =      833.0403  1-4 EEL =    11240.0864  RESTRAINT  =        0.0000


   NSTEP       ENERGY          RMS            GMAX         NAME    NUMBER
   3850      -1.9864E+05     2.1627E-02     1.6907E+00     ND1      1196

 BOND    =    15124.1117  ANGLE   =      491.1021  DIHED      =     2958.8902
 VDWAALS =    36884.0703  EEL     =  -266169.3846  HBOND      =        0.0000
 1-4 VDW =      832.9329  1-4 EEL =    11239.4969  RESTRAINT  =        0.0000


   NSTEP       ENERGY          RMS            GMAX         NAME    NUMBER
   3900      -1.9864E+05     4.2363E-02     5.6286E+00     ND1      1196

 BOND    =    15124.6375  ANGLE   =      491.2024  DIHED      =     2958.8660
 VDWAALS =    36886.1002  EEL     =  -266173.2706  HBOND      =        0.0000
 1-4 VDW =      832.8290  1-4 EEL =    11238.9161  RESTRAINT  =        0.0000


   NSTEP       ENERGY          RMS            GMAX         NAME    NUMBER
   3950      -1.9864E+05     6.8520E-02     1.7052E+01     CD       4041

 BOND    =    15125.2383  ANGLE   =      491.3020  DIHED      =     2958.8461
 VDWAALS =    36888.0913  EEL     =  -266177.2156  HBOND      =        0.0000
 1-4 VDW =      832.7246  1-4 EEL =    11238.3499  RESTRAINT  =        0.0000


   NSTEP       ENERGY          RMS            GMAX         NAME    NUMBER
   4000      -1.9864E+05     3.1669E-02     3.8486E+00     ND1      1196

 BOND    =    15125.6828  ANGLE   =      491.3571  DIHED      =     2958.8231
 VDWAALS =    36889.9839  EEL     =  -266180.9818  HBOND      =        0.0000
 1-4 VDW =      832.6315  1-4 EEL =    11237.8102  RESTRAINT  =        0.0000


   NSTEP       ENERGY          RMS            GMAX         NAME    NUMBER
   4050      -1.9865E+05     5.8019E-02     1.2160E+01     CD       4041

 BOND    =    15126.2592  ANGLE   =      491.4515  DIHED      =     2958.8022
 VDWAALS =    36891.9512  EEL     =  -266184.8888  HBOND      =        0.0000
 1-4 VDW =      832.5323  1-4 EEL =    11237.2525  RESTRAINT  =        0.0000


   NSTEP       ENERGY          RMS            GMAX         NAME    NUMBER
   4100      -1.9865E+05     7.4391E-02     1.0833E+01     ND1      1196

 BOND    =    15126.8040  ANGLE   =      491.5419  DIHED      =     2958.7777
 VDWAALS =    36893.8488  EEL     =  -266188.5471  HBOND      =        0.0000
 1-4 VDW =      832.4413  1-4 EEL =    11236.7099  RESTRAINT  =        0.0000


   NSTEP       ENERGY          RMS            GMAX         NAME    NUMBER
   4150      -1.9865E+05     4.5631E-02     5.7139E+00     ND1      1196

 BOND    =    15127.1774  ANGLE   =      491.6295  DIHED      =     2958.7513
 VDWAALS =    36895.7938  EEL     =  -266192.3247  HBOND      =        0.0000
 1-4 VDW =      832.3432  1-4 EEL =    11236.1281  RESTRAINT  =        0.0000


   NSTEP       ENERGY          RMS            GMAX         NAME    NUMBER
   4200      -1.9865E+05     7.2693E-02     1.7166E+01     CD       4041

 BOND    =    15127.7526  ANGLE   =      491.7237  DIHED      =     2958.7265
 VDWAALS =    36897.7163  EEL     =  -266196.2041  HBOND      =        0.0000
 1-4 VDW =      832.2489  1-4 EEL =    11235.5793  RESTRAINT  =        0.0000


   NSTEP       ENERGY          RMS            GMAX         NAME    NUMBER
   4250      -1.9865E+05     2.6648E-02     2.9008E+00     ND1      1196

 BOND    =    15128.1604  ANGLE   =      491.7699  DIHED      =     2958.6972
 VDWAALS =    36899.5402  EEL     =  -266199.9190  HBOND      =        0.0000
 1-4 VDW =      832.1648  1-4 EEL =    11235.0643  RESTRAINT  =        0.0000


   NSTEP       ENERGY          RMS            GMAX         NAME    NUMBER
   4300      -1.9866E+05     6.0234E-02     8.2114E+00     ND1      1196

 BOND    =    15128.7183  ANGLE   =      491.8562  DIHED      =     2958.6672
 VDWAALS =    36901.4521  EEL     =  -266203.7253  HBOND      =        0.0000
 1-4 VDW =      832.0763  1-4 EEL =    11234.5332  RESTRAINT  =        0.0000


   NSTEP       ENERGY          RMS            GMAX         NAME    NUMBER
   4350      -1.9866E+05     1.9382E-02     8.8476E-01     ND1      1196

 BOND    =    15129.1194  ANGLE   =      491.9306  DIHED      =     2958.6343
 VDWAALS =    36903.3375  EEL     =  -266207.4094  HBOND      =        0.0000
 1-4 VDW =      831.9867  1-4 EEL =    11234.0040  RESTRAINT  =        0.0000


   NSTEP       ENERGY          RMS            GMAX         NAME    NUMBER
   4400      -1.9866E+05     4.6410E-02     5.8971E+00     ND1      1196

 BOND    =    15129.6461  ANGLE   =      492.0296  DIHED      =     2958.5993
 VDWAALS =    36905.3146  EEL     =  -266211.2483  HBOND      =        0.0000
 1-4 VDW =      831.8940  1-4 EEL =    11233.4679  RESTRAINT  =        0.0000


   NSTEP       ENERGY          RMS            GMAX         NAME    NUMBER
   4450      -1.9866E+05     6.7774E-02     9.8610E+00     ND1      1196

 BOND    =    15130.1588  ANGLE   =      492.1221  DIHED      =     2958.5616
 VDWAALS =    36907.2309  EEL     =  -266214.9780  HBOND      =        0.0000
 1-4 VDW =      831.8065  1-4 EEL =    11232.9591  RESTRAINT  =        0.0000


   NSTEP       ENERGY          RMS            GMAX         NAME    NUMBER
   4500      -1.9866E+05     3.0436E-02     3.4887E+00     ND1      1196

 BOND    =    15130.6345  ANGLE   =      492.1624  DIHED      =     2958.5223
 VDWAALS =    36909.1763  EEL     =  -266218.8860  HBOND      =        0.0000
 1-4 VDW =      831.7189  1-4 EEL =    11232.4701  RESTRAINT  =        0.0000


   NSTEP       ENERGY          RMS            GMAX         NAME    NUMBER
   4550      -1.9867E+05     6.8883E-02     1.1161E+01     CD       4041

 BOND    =    15131.1953  ANGLE   =      492.2451  DIHED      =     2958.4806
 VDWAALS =    36911.0740  EEL     =  -266222.6642  HBOND      =        0.0000
 1-4 VDW =      831.6301  1-4 EEL =    11231.9772  RESTRAINT  =        0.0000


   NSTEP       ENERGY          RMS            GMAX         NAME    NUMBER
   4600      -1.9867E+05     2.8314E-02     3.2144E+00     ND1      1196

 BOND    =    15131.5635  ANGLE   =      492.3227  DIHED      =     2958.4392
 VDWAALS =    36912.9081  EEL     =  -266226.2039  HBOND      =        0.0000
 1-4 VDW =      831.5373  1-4 EEL =    11231.4769  RESTRAINT  =        0.0000


   NSTEP       ENERGY          RMS            GMAX         NAME    NUMBER
   4650      -1.9867E+05     4.0094E-02     5.0313E+00     ND1      1196

 BOND    =    15132.0431  ANGLE   =      492.4021  DIHED      =     2958.3945
 VDWAALS =    36914.7121  EEL     =  -266229.8038  HBOND      =        0.0000
 1-4 VDW =      831.4453  1-4 EEL =    11230.9858  RESTRAINT  =        0.0000


   NSTEP       ENERGY          RMS            GMAX         NAME    NUMBER
   4700      -1.9867E+05     8.2047E-02     1.7516E+01     CD       4041

 BOND    =    15132.6293  ANGLE   =      492.5049  DIHED      =     2958.3509
 VDWAALS =    36916.4780  EEL     =  -266233.5140  HBOND      =        0.0000
 1-4 VDW =      831.3477  1-4 EEL =    11230.5050  RESTRAINT  =        0.0000


   NSTEP       ENERGY          RMS            GMAX         NAME    NUMBER
   4750      -1.9867E+05     2.7495E-02     2.8368E+00     ND1      1196

 BOND    =    15132.9755  ANGLE   =      492.5361  DIHED      =     2958.3032
 VDWAALS =    36918.1346  EEL     =  -266237.0751  HBOND      =        0.0000
 1-4 VDW =      831.2639  1-4 EEL =    11230.0560  RESTRAINT  =        0.0000


   NSTEP       ENERGY          RMS            GMAX         NAME    NUMBER
   4800      -1.9868E+05     7.4579E-02     9.8045E+00     CD       4041

 BOND    =    15133.5249  ANGLE   =      492.6172  DIHED      =     2958.2544
 VDWAALS =    36919.7630  EEL     =  -266240.6269  HBOND      =        0.0000
 1-4 VDW =      831.1766  1-4 EEL =    11229.5977  RESTRAINT  =        0.0000


   NSTEP       ENERGY          RMS            GMAX         NAME    NUMBER
   4850      -1.9868E+05     1.9543E-02     9.6169E-01     H2      29513

 BOND    =    15133.8369  ANGLE   =      492.6770  DIHED      =     2958.2072
 VDWAALS =    36921.3314  EEL     =  -266244.0763  HBOND      =        0.0000
 1-4 VDW =      831.0865  1-4 EEL =    11229.1495  RESTRAINT  =        0.0000


   NSTEP       ENERGY          RMS            GMAX         NAME    NUMBER
   4900      -1.9868E+05     5.6825E-02     8.6064E+00     CD       4041

 BOND    =    15134.3329  ANGLE   =      492.7681  DIHED      =     2958.1550
 VDWAALS =    36922.9248  EEL     =  -266247.7324  HBOND      =        0.0000
 1-4 VDW =      830.9928  1-4 EEL =    11228.6783  RESTRAINT  =        0.0000


   NSTEP       ENERGY          RMS            GMAX         NAME    NUMBER
   4950      -1.9868E+05     7.6573E-02     1.0833E+01     ND1      1196

 BOND    =    15134.7802  ANGLE   =      492.8560  DIHED      =     2958.1020
 VDWAALS =    36924.3730  EEL     =  -266251.0841  HBOND      =        0.0000
 1-4 VDW =      830.9099  1-4 EEL =    11228.2377  RESTRAINT  =        0.0000


   NSTEP       ENERGY          RMS            GMAX         NAME    NUMBER
   5000      -1.9868E+05     4.6427E-02     6.0785E+00     ND1      1196

 BOND    =    15135.1906  ANGLE   =      492.8873  DIHED      =     2958.0492
 VDWAALS =    36925.7496  EEL     =  -266254.5416  HBOND      =        0.0000
 1-4 VDW =      830.8322  1-4 EEL =    11227.8422  RESTRAINT  =        0.0000


   NSTEP       ENERGY          RMS            GMAX         NAME    NUMBER
   5050      -1.9869E+05     2.1195E-02     1.2987E+00     ND1      1196

 BOND    =    15135.5328  ANGLE   =      492.9534  DIHED      =     2957.9913
 VDWAALS =    36927.0978  EEL     =  -266257.8540  HBOND      =        0.0000
 1-4 VDW =      830.7532  1-4 EEL =    11227.4153  RESTRAINT  =        0.0000


   NSTEP       ENERGY          RMS            GMAX         NAME    NUMBER
   5100      -1.9869E+05     3.3487E-02     4.1165E+00     ND1      1196

 BOND    =    15135.9493  ANGLE   =      493.0324  DIHED      =     2957.9300
 VDWAALS =    36928.4401  EEL     =  -266261.2519  HBOND      =        0.0000
 1-4 VDW =      830.6751  1-4 EEL =    11226.9938  RESTRAINT  =        0.0000


   NSTEP       ENERGY          RMS            GMAX         NAME    NUMBER
   5150      -1.9869E+05     6.2249E-02     8.0229E+00     ND1      1196

 BOND    =    15136.4014  ANGLE   =      493.1269  DIHED      =     2957.8675
 VDWAALS =    36929.7179  EEL     =  -266264.6292  HBOND      =        0.0000
 1-4 VDW =      830.5987  1-4 EEL =    11226.5849  RESTRAINT  =        0.0000


   NSTEP       ENERGY          RMS            GMAX         NAME    NUMBER
   5200      -1.9869E+05     8.3125E-02     1.1065E+01     ND1      1196

 BOND    =    15136.8334  ANGLE   =      493.2205  DIHED      =     2957.8023
 VDWAALS =    36930.9456  EEL     =  -266267.9567  HBOND      =        0.0000
 1-4 VDW =      830.5280  1-4 EEL =    11226.1947  RESTRAINT  =        0.0000


   NSTEP       ENERGY          RMS            GMAX         NAME    NUMBER
   5250      -1.9869E+05     3.7539E-02     4.8356E+00     ND1      1196

 BOND    =    15137.1670  ANGLE   =      493.2529  DIHED      =     2957.7303
 VDWAALS =    36932.1475  EEL     =  -266271.4609  HBOND      =        0.0000
 1-4 VDW =      830.4650  1-4 EEL =    11225.8266  RESTRAINT  =        0.0000


   NSTEP       ENERGY          RMS            GMAX         NAME    NUMBER
   5300      -1.9870E+05     6.9334E-02     9.9381E+00     ND1      1196

 BOND    =    15137.6338  ANGLE   =      493.3498  DIHED      =     2957.6555
 VDWAALS =    36933.3306  EEL     =  -266274.8896  HBOND      =        0.0000
 1-4 VDW =      830.4001  1-4 EEL =    11225.4514  RESTRAINT  =        0.0000


   NSTEP       ENERGY          RMS            GMAX         NAME    NUMBER
   5350      -1.9870E+05     3.8131E-02     4.8881E+00     ND1      1196

 BOND    =    15137.8863  ANGLE   =      493.4350  DIHED      =     2957.5710
 VDWAALS =    36934.5390  EEL     =  -266278.2725  HBOND      =        0.0000
 1-4 VDW =      830.3343  1-4 EEL =    11225.0409  RESTRAINT  =        0.0000


   NSTEP       ENERGY          RMS            GMAX         NAME    NUMBER
   5400      -1.9870E+05     5.8742E-02     8.2157E+00     ND1      1196

 BOND    =    15138.2553  ANGLE   =      493.5315  DIHED      =     2957.4867
 VDWAALS =    36935.6398  EEL     =  -266281.5482  HBOND      =        0.0000
 1-4 VDW =      830.2776  1-4 EEL =    11224.6774  RESTRAINT  =        0.0000


   NSTEP       ENERGY          RMS            GMAX         NAME    NUMBER
   5450      -1.9870E+05     8.5275E-02     1.2161E+01     ND1      1196

 BOND    =    15138.6733  ANGLE   =      493.6504  DIHED      =     2957.3987
 VDWAALS =    36936.7648  EEL     =  -266284.9546  HBOND      =        0.0000
 1-4 VDW =      830.2208  1-4 EEL =    11224.3164  RESTRAINT  =        0.0000


   NSTEP       ENERGY          RMS            GMAX         NAME    NUMBER
   5500      -1.9871E+05     3.8101E-02     4.5821E+00     CD       4041

 BOND    =    15138.9462  ANGLE   =      493.6877  DIHED      =     2957.3065
 VDWAALS =    36937.8562  EEL     =  -266288.3942  HBOND      =        0.0000
 1-4 VDW =      830.1764  1-4 EEL =    11224.0007  RESTRAINT  =        0.0000


   NSTEP       ENERGY          RMS            GMAX         NAME    NUMBER
   5550      -1.9871E+05     7.2975E-02     1.0638E+01     ND1      1196

 BOND    =    15139.3731  ANGLE   =      493.7952  DIHED      =     2957.2136
 VDWAALS =    36938.9764  EEL     =  -266291.7632  HBOND      =        0.0000
 1-4 VDW =      830.1295  1-4 EEL =    11223.6831  RESTRAINT  =        0.0000


   NSTEP       ENERGY          RMS            GMAX         NAME    NUMBER
   5600      -1.9871E+05     2.0703E-02     1.2046E+00     O        4060

 BOND    =    15139.5753  ANGLE   =      493.8752  DIHED      =     2957.1120
 VDWAALS =    36940.1980  EEL     =  -266295.2503  HBOND      =        0.0000
 1-4 VDW =      830.0776  1-4 EEL =    11223.3265  RESTRAINT  =        0.0000


   NSTEP       ENERGY          RMS            GMAX         NAME    NUMBER
   5650      -1.9871E+05     7.3482E-02     1.2037E+01     CD       4041

 BOND    =    15139.9840  ANGLE   =      494.0031  DIHED      =     2957.0101
 VDWAALS =    36941.4440  EEL     =  -266298.7273  HBOND      =        0.0000
 1-4 VDW =      830.0230  1-4 EEL =    11222.9832  RESTRAINT  =        0.0000


   NSTEP       ENERGY          RMS            GMAX         NAME    NUMBER
   5700      -1.9872E+05     2.1229E-02     1.2023E+00     ND1      1196

 BOND    =    15140.2151  ANGLE   =      494.0465  DIHED      =     2956.9147
 VDWAALS =    36942.6234  EEL     =  -266302.0017  HBOND      =        0.0000
 1-4 VDW =      829.9793  1-4 EEL =    11222.6979  RESTRAINT  =        0.0000


   NSTEP       ENERGY          RMS            GMAX         NAME    NUMBER
   5750      -1.9872E+05     5.8439E-02     8.9573E+00     CD       4041

 BOND    =    15140.6220  ANGLE   =      494.1295  DIHED      =     2956.8186
 VDWAALS =    36943.9143  EEL     =  -266305.5633  HBOND      =        0.0000
 1-4 VDW =      829.9238  1-4 EEL =    11222.3861  RESTRAINT  =        0.0000


   NSTEP       ENERGY          RMS            GMAX         NAME    NUMBER
   5800      -1.9872E+05     2.0378E-02     1.0047E+00     ND1      1196

 BOND    =    15140.8139  ANGLE   =      494.1909  DIHED      =     2956.7309
 VDWAALS =    36945.1692  EEL     =  -266308.7315  HBOND      =        0.0000
 1-4 VDW =      829.8685  1-4 EEL =    11222.0914  RESTRAINT  =        0.0000


   NSTEP       ENERGY          RMS            GMAX         NAME    NUMBER
   5850      -1.9872E+05     5.2330E-02     9.4426E+00     CD       4041

 BOND    =    15141.1280  ANGLE   =      494.2531  DIHED      =     2956.6452
 VDWAALS =    36946.4826  EEL     =  -266312.1421  HBOND      =        0.0000
 1-4 VDW =      829.8079  1-4 EEL =    11221.7869  RESTRAINT  =        0.0000


   NSTEP       ENERGY          RMS            GMAX         NAME    NUMBER
   5900      -1.9872E+05     2.1551E-02     1.5343E+00     ND1      1196

 BOND    =    15141.4214  ANGLE   =      494.2936  DIHED      =     2956.5764
 VDWAALS =    36947.6822  EEL     =  -266315.4128  HBOND      =        0.0000
 1-4 VDW =      829.7499  1-4 EEL =    11221.5300  RESTRAINT  =        0.0000


   NSTEP       ENERGY          RMS            GMAX         NAME    NUMBER
   5950      -1.9873E+05     2.0981E-02     1.6421E+00     H2      45563

 BOND    =    15141.7153  ANGLE   =      494.3352  DIHED      =     2956.5103
 VDWAALS =    36948.8783  EEL     =  -266318.5935  HBOND      =        0.0000
 1-4 VDW =      829.6901  1-4 EEL =    11221.2636  RESTRAINT  =        0.0000


   NSTEP       ENERGY          RMS            GMAX         NAME    NUMBER
   6000      -1.9873E+05     6.2503E-02     9.8162E+00     CD       4041

 BOND    =    15142.1140  ANGLE   =      494.3856  DIHED      =     2956.4517
 VDWAALS =    36950.1123  EEL     =  -266322.0768  HBOND      =        0.0000
 1-4 VDW =      829.6299  1-4 EEL =    11221.0066  RESTRAINT  =        0.0000


   NSTEP       ENERGY          RMS            GMAX         NAME    NUMBER
   6050      -1.9873E+05     9.0102E-02     1.3871E+01     CD       4041

 BOND    =    15142.5856  ANGLE   =      494.4498  DIHED      =     2956.4009
 VDWAALS =    36951.3544  EEL     =  -266325.6421  HBOND      =        0.0000
 1-4 VDW =      829.5690  1-4 EEL =    11220.7543  RESTRAINT  =        0.0000


   NSTEP       ENERGY          RMS            GMAX         NAME    NUMBER
   6100      -1.9873E+05     3.8159E-02     4.9115E+00     ND1      1196

 BOND    =    15142.7227  ANGLE   =      494.4607  DIHED      =     2956.3497
 VDWAALS =    36952.5847  EEL     =  -266329.1018  HBOND      =        0.0000
 1-4 VDW =      829.5131  1-4 EEL =    11220.4783  RESTRAINT  =        0.0000


   NSTEP       ENERGY          RMS            GMAX         NAME    NUMBER
   6150      -1.9874E+05     7.0064E-02     1.0213E+01     ND1      1196

 BOND    =    15143.1337  ANGLE   =      494.5184  DIHED      =     2956.3085
 VDWAALS =    36953.8411  EEL     =  -266332.7324  HBOND      =        0.0000
 1-4 VDW =      829.4584  1-4 EEL =    11220.2283  RESTRAINT  =        0.0000


   NSTEP       ENERGY          RMS            GMAX         NAME    NUMBER
   6200      -1.9874E+05     4.0440E-02     5.2943E+00     ND1      1196

 BOND    =    15143.5016  ANGLE   =      494.5235  DIHED      =     2956.2749
 VDWAALS =    36955.1332  EEL     =  -266336.5090  HBOND      =        0.0000
 1-4 VDW =      829.4099  1-4 EEL =    11220.0178  RESTRAINT  =        0.0000


   NSTEP       ENERGY          RMS            GMAX         NAME    NUMBER
   6250      -1.9874E+05     6.0018E-02     8.2341E+00     ND1      1196

 BOND    =    15143.8962  ANGLE   =      494.5643  DIHED      =     2956.2453
 VDWAALS =    36956.4099  EEL     =  -266340.0646  HBOND      =        0.0000
 1-4 VDW =      829.3615  1-4 EEL =    11219.7941  RESTRAINT  =        0.0000


   NSTEP       ENERGY          RMS            GMAX         NAME    NUMBER
   6300      -1.9874E+05     1.9997E-02     1.0291E+00     ND1      1196

 BOND    =    15144.1567  ANGLE   =      494.5953  DIHED      =     2956.2204
 VDWAALS =    36957.6258  EEL     =  -266343.3891  HBOND      =        0.0000
 1-4 VDW =      829.3098  1-4 EEL =    11219.5530  RESTRAINT  =        0.0000


   NSTEP       ENERGY          RMS            GMAX         NAME    NUMBER
   6350      -1.9874E+05     5.4575E-02     7.8321E+00     ND1      1196

 BOND    =    15144.5193  ANGLE   =      494.6539  DIHED      =     2956.2004
 VDWAALS =    36958.8136  EEL     =  -266346.7178  HBOND      =        0.0000
 1-4 VDW =      829.2592  1-4 EEL =    11219.3085  RESTRAINT  =        0.0000


   NSTEP       ENERGY          RMS            GMAX         NAME    NUMBER
   6400      -1.9875E+05     7.7382E-02     1.0916E+01     ND1      1196

 BOND    =    15144.8665  ANGLE   =      494.7042  DIHED      =     2956.1867
 VDWAALS =    36959.9262  EEL     =  -266349.8518  HBOND      =        0.0000
 1-4 VDW =      829.2140  1-4 EEL =    11219.0793  RESTRAINT  =        0.0000


   NSTEP       ENERGY          RMS            GMAX         NAME    NUMBER
   6450      -1.9875E+05     3.1263E-02     3.8375E+00     CD       4041

 BOND    =    15145.1504  ANGLE   =      494.7134  DIHED      =     2956.1841
 VDWAALS =    36960.9668  EEL     =  -266353.0773  HBOND      =        0.0000
 1-4 VDW =      829.1710  1-4 EEL =    11218.8829  RESTRAINT  =        0.0000


   NSTEP       ENERGY          RMS            GMAX         NAME    NUMBER
   6500      -1.9875E+05     2.2484E-02     3.9128E+00     CD       4041

 BOND    =    15145.3901  ANGLE   =      494.7498  DIHED      =     2956.1837
 VDWAALS =    36961.8456  EEL     =  -266355.6906  HBOND      =        0.0000
 1-4 VDW =      829.1320  1-4 EEL =    11218.6848  RESTRAINT  =        0.0000


   NSTEP       ENERGY          RMS            GMAX         NAME    NUMBER
   6550      -1.9875E+05     4.7925E-02     1.3294E+01     CD       4041

 BOND    =    15145.6910  ANGLE   =      494.7937  DIHED      =     2956.1903
 VDWAALS =    36962.6870  EEL     =  -266358.3112  HBOND      =        0.0000
 1-4 VDW =      829.0939  1-4 EEL =    11218.4979  RESTRAINT  =        0.0000


   NSTEP       ENERGY          RMS            GMAX         NAME    NUMBER
   6600      -1.9875E+05     6.7669E-02     1.9516E+01     CD       4041

 BOND    =    15145.9949  ANGLE   =      494.8372  DIHED      =     2956.2009
 VDWAALS =    36963.5300  EEL     =  -266360.9264  HBOND      =        0.0000
 1-4 VDW =      829.0579  1-4 EEL =    11218.3121  RESTRAINT  =        0.0000


   NSTEP       ENERGY          RMS            GMAX         NAME    NUMBER
   6650      -1.9875E+05     2.4485E-02     4.8308E+00     CD       4041

 BOND    =    15146.1389  ANGLE   =      494.8545  DIHED      =     2956.2135
 VDWAALS =    36964.3555  EEL     =  -266363.4323  HBOND      =        0.0000
 1-4 VDW =      829.0285  1-4 EEL =    11218.1333  RESTRAINT  =        0.0000


   NSTEP       ENERGY          RMS            GMAX         NAME    NUMBER
   6700      -1.9876E+05     6.2913E-02     1.7867E+01     CD       4041

 BOND    =    15146.4256  ANGLE   =      494.8939  DIHED      =     2956.2316
 VDWAALS =    36965.2376  EEL     =  -266366.1428  HBOND      =        0.0000
 1-4 VDW =      828.9963  1-4 EEL =    11217.9561  RESTRAINT  =        0.0000


   NSTEP       ENERGY          RMS            GMAX         NAME    NUMBER
   6750      -1.9876E+05     2.3804E-02     4.2973E+00     CD       4041

 BOND    =    15146.6599  ANGLE   =      494.9309  DIHED      =     2956.2544
 VDWAALS =    36966.1001  EEL     =  -266368.8529  HBOND      =        0.0000
 1-4 VDW =      828.9604  1-4 EEL =    11217.7768  RESTRAINT  =        0.0000


   NSTEP       ENERGY          RMS            GMAX         NAME    NUMBER
   6800      -1.9876E+05     4.9059E-02     1.1390E+01     CD       4041

 BOND    =    15146.9788  ANGLE   =      494.9650  DIHED      =     2956.2757
 VDWAALS =    36967.0107  EEL     =  -266371.6311  HBOND      =        0.0000
 1-4 VDW =      828.9276  1-4 EEL =    11217.5925  RESTRAINT  =        0.0000


   NSTEP       ENERGY          RMS            GMAX         NAME    NUMBER
   6850      -1.9876E+05     6.9752E-02     1.4419E+01     CG       3381

 BOND    =    15147.3092  ANGLE   =      494.9903  DIHED      =     2956.2925
 VDWAALS =    36967.9286  EEL     =  -266374.3302  HBOND      =        0.0000
 1-4 VDW =      828.8969  1-4 EEL =    11217.4099  RESTRAINT  =        0.0000


   NSTEP       ENERGY          RMS            GMAX         NAME    NUMBER
   6900      -1.9876E+05     2.7918E-02     4.0275E+00     CG       3381

 BOND    =    15147.4254  ANGLE   =      495.0355  DIHED      =     2956.3203
 VDWAALS =    36968.9061  EEL     =  -266377.1801  HBOND      =        0.0000
 1-4 VDW =      828.8501  1-4 EEL =    11217.2707  RESTRAINT  =        0.0000


   NSTEP       ENERGY          RMS            GMAX         NAME    NUMBER
   6950      -1.9877E+05     5.7873E-02     1.7105E+00     H1      42055

 BOND    =    15147.7730  ANGLE   =      495.0536  DIHED      =     2956.3269
 VDWAALS =    36969.9588  EEL     =  -266380.2110  HBOND      =        0.0000
 1-4 VDW =      828.8101  1-4 EEL =    11217.0745  RESTRAINT  =        0.0000


   NSTEP       ENERGY          RMS            GMAX         NAME    NUMBER
   7000      -1.9877E+05     2.4264E-02     9.1305E-01     H1      28852

 BOND    =    15148.0229  ANGLE   =      495.0816  DIHED      =     2956.3274
 VDWAALS =    36971.0110  EEL     =  -266383.1920  HBOND      =        0.0000
 1-4 VDW =      828.7640  1-4 EEL =    11216.9049  RESTRAINT  =        0.0000


   NSTEP       ENERGY          RMS            GMAX         NAME    NUMBER
   7050      -1.9877E+05     4.7188E-02     1.8040E+00     H1      16069

 BOND    =    15148.4271  ANGLE   =      495.1075  DIHED      =     2956.3186
 VDWAALS =    36972.0509  EEL     =  -266386.2375  HBOND      =        0.0000
 1-4 VDW =      828.7172  1-4 EEL =    11216.7336  RESTRAINT  =        0.0000


   NSTEP       ENERGY          RMS            GMAX         NAME    NUMBER
   7100      -1.9877E+05     6.7999E-02     3.2802E+00     H1      16069

 BOND    =    15148.8998  ANGLE   =      495.1345  DIHED      =     2956.3008
 VDWAALS =    36973.0532  EEL     =  -266389.2134  HBOND      =        0.0000
 1-4 VDW =      828.6707  1-4 EEL =    11216.5663  RESTRAINT  =        0.0000


   NSTEP       ENERGY          RMS            GMAX         NAME    NUMBER
   7150      -1.9877E+05     3.9246E-02     2.1873E+00     H1      16069

 BOND    =    15148.6365  ANGLE   =      495.1322  DIHED      =     2956.2688
 VDWAALS =    36974.0575  EEL     =  -266391.5630  HBOND      =        0.0000
 1-4 VDW =      828.6351  1-4 EEL =    11216.3769  RESTRAINT  =        0.0000


   NSTEP       ENERGY          RMS            GMAX         NAME    NUMBER
   7200      -1.9877E+05     5.7075E-02     3.4747E+00     H1      16069

 BOND    =    15148.6959  ANGLE   =      495.1501  DIHED      =     2956.2348
 VDWAALS =    36975.0104  EEL     =  -266394.1316  HBOND      =        0.0000
 1-4 VDW =      828.5933  1-4 EEL =    11216.2029  RESTRAINT  =        0.0000


   NSTEP       ENERGY          RMS            GMAX         NAME    NUMBER
   7250      -1.9878E+05     8.2149E-02     4.8551E+00     H1      16069

 BOND    =    15148.5557  ANGLE   =      495.1789  DIHED      =     2956.1968
 VDWAALS =    36975.9459  EEL     =  -266396.4087  HBOND      =        0.0000
 1-4 VDW =      828.5515  1-4 EEL =    11216.0292  RESTRAINT  =        0.0000


   NSTEP       ENERGY          RMS            GMAX         NAME    NUMBER
   7300      -1.9878E+05     2.9464E-02     1.1625E+00     C        4044

 BOND    =    15150.1334  ANGLE   =      495.1980  DIHED      =     2956.1610
 VDWAALS =    36976.8618  EEL     =  -266400.6413  HBOND      =        0.0000
 1-4 VDW =      828.5044  1-4 EEL =    11215.8616  RESTRAINT  =        0.0000


   NSTEP       ENERGY          RMS            GMAX         NAME    NUMBER
   7350      -1.9878E+05     6.9601E-02     4.0758E+00     C        4044

 BOND    =    15151.1559  ANGLE   =      495.1960  DIHED      =     2956.1182
 VDWAALS =    36977.7329  EEL     =  -266403.9576  HBOND      =        0.0000
 1-4 VDW =      828.4691  1-4 EEL =    11215.6874  RESTRAINT  =        0.0000


   NSTEP       ENERGY          RMS            GMAX         NAME    NUMBER
   7400      -1.9878E+05     2.3838E-02     1.3189E+00     C        4044

 BOND    =    15150.2068  ANGLE   =      495.2733  DIHED      =     2956.0708
 VDWAALS =    36978.5757  EEL     =  -266405.5772  HBOND      =        0.0000
 1-4 VDW =      828.4196  1-4 EEL =    11215.5101  RESTRAINT  =        0.0000


   NSTEP       ENERGY          RMS            GMAX         NAME    NUMBER
   7450      -1.9878E+05     5.9359E-02     5.0358E+00     C        4059

 BOND    =    15150.4215  ANGLE   =      495.3566  DIHED      =     2956.0236
 VDWAALS =    36979.3845  EEL     =  -266408.1877  HBOND      =        0.0000
 1-4 VDW =      828.3733  1-4 EEL =    11215.3263  RESTRAINT  =        0.0000


   NSTEP       ENERGY          RMS            GMAX         NAME    NUMBER
   7500      -1.9879E+05     2.4332E-02     1.4988E+00     C        4059

 BOND    =    15150.8811  ANGLE   =      495.2953  DIHED      =     2955.9729
 VDWAALS =    36980.1552  EEL     =  -266410.9659  HBOND      =        0.0000
 1-4 VDW =      828.3477  1-4 EEL =    11215.1634  RESTRAINT  =        0.0000


   NSTEP       ENERGY          RMS            GMAX         NAME    NUMBER
   7550      -1.9879E+05     4.7539E-02     3.5179E+00     C        4059

 BOND    =    15151.1788  ANGLE   =      495.3220  DIHED      =     2955.9231
 VDWAALS =    36980.8978  EEL     =  -266413.6060  HBOND      =        0.0000
 1-4 VDW =      828.3104  1-4 EEL =    11214.9932  RESTRAINT  =        0.0000


   NSTEP       ENERGY          RMS            GMAX         NAME    NUMBER
   7600      -1.9879E+05     2.0677E-02     9.2415E-01     H2      17987

 BOND    =    15151.3881  ANGLE   =      495.3679  DIHED      =     2955.8728
 VDWAALS =    36981.6193  EEL     =  -266416.2794  HBOND      =        0.0000
 1-4 VDW =      828.2705  1-4 EEL =    11214.7999  RESTRAINT  =        0.0000


   NSTEP       ENERGY          RMS            GMAX         NAME    NUMBER
   7650      -1.9879E+05     1.9485E-02     1.0079E+00     H2      17987

 BOND    =    15151.6419  ANGLE   =      495.4022  DIHED      =     2955.8221
 VDWAALS =    36982.2574  EEL     =  -266418.8822  HBOND      =        0.0000
 1-4 VDW =      828.2340  1-4 EEL =    11214.6241  RESTRAINT  =        0.0000


   NSTEP       ENERGY          RMS            GMAX         NAME    NUMBER
   7700      -1.9879E+05     6.1341E-02     4.9854E+00     ND1        94

 BOND    =    15151.9803  ANGLE   =      495.4455  DIHED      =     2955.7701
 VDWAALS =    36982.9372  EEL     =  -266421.6401  HBOND      =        0.0000
 1-4 VDW =      828.2022  1-4 EEL =    11214.4511  RESTRAINT  =        0.0000


   NSTEP       ENERGY          RMS            GMAX         NAME    NUMBER
   7750      -1.9879E+05     2.0478E-02     1.1720E+00     H2      17987

 BOND    =    15152.1740  ANGLE   =      495.4717  DIHED      =     2955.7209
 VDWAALS =    36983.5171  EEL     =  -266424.2749  HBOND      =        0.0000
 1-4 VDW =      828.1636  1-4 EEL =    11214.2697  RESTRAINT  =        0.0000


   NSTEP       ENERGY          RMS            GMAX         NAME    NUMBER
   7800      -1.9880E+05     5.2231E-02     5.4108E+00     ND1        94

 BOND    =    15152.5086  ANGLE   =      495.5196  DIHED      =     2955.6693
 VDWAALS =    36984.1133  EEL     =  -266427.1083  HBOND      =        0.0000
 1-4 VDW =      828.1297  1-4 EEL =    11214.0865  RESTRAINT  =        0.0000


   NSTEP       ENERGY          RMS            GMAX         NAME    NUMBER
   7850      -1.9880E+05     7.3243E-02     7.8331E+00     ND1        94

 BOND    =    15152.8799  ANGLE   =      495.5658  DIHED      =     2955.6204
 VDWAALS =    36984.7341  EEL     =  -266430.0524  HBOND      =        0.0000
 1-4 VDW =      828.0986  1-4 EEL =    11213.9117  RESTRAINT  =        0.0000


   NSTEP       ENERGY          RMS            GMAX         NAME    NUMBER
   7900      -1.9880E+05     2.3018E-02     1.5695E+00     O       15726

 BOND    =    15153.1401  ANGLE   =      495.5796  DIHED      =     2955.5751
 VDWAALS =    36985.4886  EEL     =  -266433.3690  HBOND      =        0.0000
 1-4 VDW =      828.0650  1-4 EEL =    11213.7468  RESTRAINT  =        0.0000


   NSTEP       ENERGY          RMS            GMAX         NAME    NUMBER
   7950      -1.9880E+05     6.1385E-02     6.7844E+00     ND1        94

 BOND    =    15153.6270  ANGLE   =      495.6286  DIHED      =     2955.5286
 VDWAALS =    36986.4116  EEL     =  -266437.0500  HBOND      =        0.0000
 1-4 VDW =      828.0319  1-4 EEL =    11213.5729  RESTRAINT  =        0.0000


   NSTEP       ENERGY          RMS            GMAX         NAME    NUMBER
   8000      -1.9881E+05     9.0034E-02     9.9866E+00     ND1        94

 BOND    =    15154.1701  ANGLE   =      495.6822  DIHED      =     2955.4818
 VDWAALS =    36987.4724  EEL     =  -266440.8426  HBOND      =        0.0000
 1-4 VDW =      828.0022  1-4 EEL =    11213.4078  RESTRAINT  =        0.0000


   NSTEP       ENERGY          RMS            GMAX         NAME    NUMBER
   8050      -1.9881E+05     5.7638E-02     5.2954E+00     ND1        94

 BOND    =    15154.5357  ANGLE   =      495.7086  DIHED      =     2955.4314
 VDWAALS =    36988.5593  EEL     =  -266444.5755  HBOND      =        0.0000
 1-4 VDW =      827.9699  1-4 EEL =    11213.2005  RESTRAINT  =        0.0000


   NSTEP       ENERGY          RMS            GMAX         NAME    NUMBER
   8100      -1.9881E+05     8.6611E-02     7.4074E+00     CD        860

 BOND    =    15155.1087  ANGLE   =      495.7671  DIHED      =     2955.3835
 VDWAALS =    36989.7052  EEL     =  -266448.4251  HBOND      =        0.0000
 1-4 VDW =      827.9472  1-4 EEL =    11213.0665  RESTRAINT  =        0.0000


   NSTEP       ENERGY          RMS            GMAX         NAME    NUMBER
   8150      -1.9881E+05     3.0425E-02     2.7073E+00     ND1        94

 BOND    =    15155.4281  ANGLE   =      495.7877  DIHED      =     2955.3442
 VDWAALS =    36990.8700  EEL     =  -266452.0707  HBOND      =        0.0000
 1-4 VDW =      827.9091  1-4 EEL =    11212.8641  RESTRAINT  =        0.0000


   NSTEP       ENERGY          RMS            GMAX         NAME    NUMBER
   8200      -1.9882E+05     6.8237E-02     7.0217E+00     ND1        94

 BOND    =    15155.9363  ANGLE   =      495.8431  DIHED      =     2955.3035
 VDWAALS =    36991.9717  EEL     =  -266455.5915  HBOND      =        0.0000
 1-4 VDW =      827.8764  1-4 EEL =    11212.6801  RESTRAINT  =        0.0000


   NSTEP       ENERGY          RMS            GMAX         NAME    NUMBER
   8250      -1.9882E+05     3.6025E-02     3.6605E+00     ND1        94

 BOND    =    15156.3230  ANGLE   =      495.8844  DIHED      =     2955.2568
 VDWAALS =    36993.0176  EEL     =  -266459.1649  HBOND      =        0.0000
 1-4 VDW =      827.8502  1-4 EEL =    11212.5098  RESTRAINT  =        0.0000


   NSTEP       ENERGY          RMS            GMAX         NAME    NUMBER
   8300      -1.9882E+05     5.7450E-02     6.2420E+00     ND1        94

 BOND    =    15156.7913  ANGLE   =      495.9368  DIHED      =     2955.2137
 VDWAALS =    36994.1059  EEL     =  -266462.7009  HBOND      =        0.0000
 1-4 VDW =      827.8196  1-4 EEL =    11212.3230  RESTRAINT  =        0.0000


   NSTEP       ENERGY          RMS            GMAX         NAME    NUMBER
   8350      -1.9882E+05     2.4901E-02     1.9796E+00     ND1        94

 BOND    =    15157.1664  ANGLE   =      495.9804  DIHED      =     2955.1759
 VDWAALS =    36995.2345  EEL     =  -266466.1325  HBOND      =        0.0000
 1-4 VDW =      827.7888  1-4 EEL =    11212.1591  RESTRAINT  =        0.0000


   NSTEP       ENERGY          RMS            GMAX         NAME    NUMBER
   8400      -1.9882E+05     2.9110E-02     2.6207E+00     ND1        94

 BOND    =    15157.5824  ANGLE   =      496.0313  DIHED      =     2955.1348
 VDWAALS =    36996.3212  EEL     =  -266469.5497  HBOND      =        0.0000
 1-4 VDW =      827.7574  1-4 EEL =    11211.9784  RESTRAINT  =        0.0000


   NSTEP       ENERGY          RMS            GMAX         NAME    NUMBER
   8450      -1.9883E+05     7.0095E-02     8.2116E+00     ND1        94

 BOND    =    15158.0832  ANGLE   =      496.1009  DIHED      =     2955.0968
 VDWAALS =    36997.4586  EEL     =  -266472.9745  HBOND      =        0.0000
 1-4 VDW =      827.7231  1-4 EEL =    11211.7909  RESTRAINT  =        0.0000


   NSTEP       ENERGY          RMS            GMAX         NAME    NUMBER
   8500      -1.9883E+05     3.9837E-02     3.7813E+00     ND1        94

 BOND    =    15158.4142  ANGLE   =      496.1450  DIHED      =     2955.0538
 VDWAALS =    36998.4547  EEL     =  -266476.1727  HBOND      =        0.0000
 1-4 VDW =      827.6965  1-4 EEL =    11211.6227  RESTRAINT  =        0.0000


   NSTEP       ENERGY          RMS            GMAX         NAME    NUMBER
   8550      -1.9883E+05     5.9578E-02     7.1283E+00     ND1        94

 BOND    =    15158.8253  ANGLE   =      496.2020  DIHED      =     2955.0167
 VDWAALS =    36999.4456  EEL     =  -266479.2860  HBOND      =        0.0000
 1-4 VDW =      827.6641  1-4 EEL =    11211.4352  RESTRAINT  =        0.0000


   NSTEP       ENERGY          RMS            GMAX         NAME    NUMBER
   8600      -1.9883E+05     1.9282E-02     1.2499E+00     H1      45658

 BOND    =    15159.1327  ANGLE   =      496.2430  DIHED      =     2954.9827
 VDWAALS =    37000.4296  EEL     =  -266482.3403  HBOND      =        0.0000
 1-4 VDW =      827.6295  1-4 EEL =    11211.2567  RESTRAINT  =        0.0000


   NSTEP       ENERGY          RMS            GMAX         NAME    NUMBER
   8650      -1.9883E+05     5.4426E-02     6.4543E+00     ND1        94

 BOND    =    15159.5541  ANGLE   =      496.3114  DIHED      =     2954.9476
 VDWAALS =    37001.3940  EEL     =  -266485.5090  HBOND      =        0.0000
 1-4 VDW =      827.5935  1-4 EEL =    11211.0767  RESTRAINT  =        0.0000


   NSTEP       ENERGY          RMS            GMAX         NAME    NUMBER
   8700      -1.9884E+05     7.5248E-02     8.5549E+00     ND1        94

 BOND    =    15159.9163  ANGLE   =      496.3665  DIHED      =     2954.9124
 VDWAALS =    37002.2898  EEL     =  -266488.4945  HBOND      =        0.0000
 1-4 VDW =      827.5583  1-4 EEL =    11210.8906  RESTRAINT  =        0.0000


   NSTEP       ENERGY          RMS            GMAX         NAME    NUMBER
   8750      -1.9884E+05     3.4366E-02     3.6129E+00     ND1        94

 BOND    =    15160.1801  ANGLE   =      496.3973  DIHED      =     2954.8760
 VDWAALS =    37003.0900  EEL     =  -266491.3493  HBOND      =        0.0000
 1-4 VDW =      827.5298  1-4 EEL =    11210.7172  RESTRAINT  =        0.0000


   NSTEP       ENERGY          RMS            GMAX         NAME    NUMBER
   8800      -1.9884E+05     6.3807E-02     7.5808E+00     ND1        94

 BOND    =    15160.5520  ANGLE   =      496.4531  DIHED      =     2954.8407
 VDWAALS =    37003.9229  EEL     =  -266494.2025  HBOND      =        0.0000
 1-4 VDW =      827.4974  1-4 EEL =    11210.5406  RESTRAINT  =        0.0000


   NSTEP       ENERGY          RMS            GMAX         NAME    NUMBER
   8850      -1.9884E+05     3.5282E-02     3.8408E+00     ND1        94

 BOND    =    15160.8273  ANGLE   =      496.5025  DIHED      =     2954.8093
 VDWAALS =    37004.8528  EEL     =  -266497.1454  HBOND      =        0.0000
 1-4 VDW =      827.4606  1-4 EEL =    11210.3658  RESTRAINT  =        0.0000


   NSTEP       ENERGY          RMS            GMAX         NAME    NUMBER
   8900      -1.9884E+05     5.6110E-02     6.4237E+00     ND1        94

 BOND    =    15161.1816  ANGLE   =      496.5614  DIHED      =     2954.7757
 VDWAALS =    37005.7569  EEL     =  -266499.9410  HBOND      =        0.0000
 1-4 VDW =      827.4270  1-4 EEL =    11210.1919  RESTRAINT  =        0.0000


   NSTEP       ENERGY          RMS            GMAX         NAME    NUMBER
   8950      -1.9885E+05     2.5770E-02     2.4320E+00     ND1        94

 BOND    =    15161.4117  ANGLE   =      496.5845  DIHED      =     2954.7407
 VDWAALS =    37006.6409  EEL     =  -266502.7248  HBOND      =        0.0000
 1-4 VDW =      827.3963  1-4 EEL =    11210.0130  RESTRAINT  =        0.0000


   NSTEP       ENERGY          RMS            GMAX         NAME    NUMBER
   9000      -1.9885E+05     5.1200E-02     5.5018E+00     ND1        94

 BOND    =    15161.7467  ANGLE   =      496.6354  DIHED      =     2954.7082
 VDWAALS =    37007.5503  EEL     =  -266505.4371  HBOND      =        0.0000
 1-4 VDW =      827.3668  1-4 EEL =    11209.8400  RESTRAINT  =        0.0000


   NSTEP       ENERGY          RMS            GMAX         NAME    NUMBER
   9050      -1.9885E+05     6.6968E-02     8.0561E+00     ND1        94

 BOND    =    15162.0227  ANGLE   =      496.6773  DIHED      =     2954.6749
 VDWAALS =    37008.4222  EEL     =  -266507.9153  HBOND      =        0.0000
 1-4 VDW =      827.3345  1-4 EEL =    11209.6687  RESTRAINT  =        0.0000


   NSTEP       ENERGY          RMS            GMAX         NAME    NUMBER
   9100      -1.9885E+05     2.5772E-02     2.2333E+00     ND1        94

 BOND    =    15162.2220  ANGLE   =      496.7166  DIHED      =     2954.6421
 VDWAALS =    37009.3562  EEL     =  -266510.5322  HBOND      =        0.0000
 1-4 VDW =      827.2989  1-4 EEL =    11209.4932  RESTRAINT  =        0.0000


   NSTEP       ENERGY          RMS            GMAX         NAME    NUMBER
   9150      -1.9885E+05     1.7353E-02     8.4056E-01     ND1        94

 BOND    =    15162.4646  ANGLE   =      496.7543  DIHED      =     2954.6097
 VDWAALS =    37010.1558  EEL     =  -266512.8919  HBOND      =        0.0000
 1-4 VDW =      827.2699  1-4 EEL =    11209.3242  RESTRAINT  =        0.0000


   NSTEP       ENERGY          RMS            GMAX         NAME    NUMBER
   9200      -1.9885E+05     2.6129E-02     2.4933E+00     CD       3866

 BOND    =    15162.7305  ANGLE   =      496.7999  DIHED      =     2954.5754
 VDWAALS =    37010.9276  EEL     =  -266515.2427  HBOND      =        0.0000
 1-4 VDW =      827.2400  1-4 EEL =    11209.1483  RESTRAINT  =        0.0000


   NSTEP       ENERGY          RMS            GMAX         NAME    NUMBER
   9250      -1.9886E+05     4.8676E-02     5.7948E+00     ND1        94

 BOND    =    15162.9591  ANGLE   =      496.8425  DIHED      =     2954.5440
 VDWAALS =    37011.5898  EEL     =  -266517.3561  HBOND      =        0.0000
 1-4 VDW =      827.2106  1-4 EEL =    11208.9838  RESTRAINT  =        0.0000


   NSTEP       ENERGY          RMS            GMAX         NAME    NUMBER
   9300      -1.9886E+05     1.7211E-02     8.7697E-01     ND1        94

 BOND    =    15163.1265  ANGLE   =      496.8827  DIHED      =     2954.5123
 VDWAALS =    37012.2402  EEL     =  -266519.4723  HBOND      =        0.0000
 1-4 VDW =      827.1767  1-4 EEL =    11208.8127  RESTRAINT  =        0.0000


   NSTEP       ENERGY          RMS            GMAX         NAME    NUMBER
   9350      -1.9886E+05     4.1707E-02     4.7561E+00     ND1        94

 BOND    =    15163.3514  ANGLE   =      496.9363  DIHED      =     2954.4800
 VDWAALS =    37012.8341  EEL     =  -266521.5186  HBOND      =        0.0000
 1-4 VDW =      827.1442  1-4 EEL =    11208.6427  RESTRAINT  =        0.0000


   NSTEP       ENERGY          RMS            GMAX         NAME    NUMBER
   9400      -1.9886E+05     6.0401E-02     7.2149E+00     ND1        94

 BOND    =    15163.5869  ANGLE   =      496.9928  DIHED      =     2954.4486
 VDWAALS =    37013.3407  EEL     =  -266523.4561  HBOND      =        0.0000
 1-4 VDW =      827.1130  1-4 EEL =    11208.4753  RESTRAINT  =        0.0000


   NSTEP       ENERGY          RMS            GMAX         NAME    NUMBER
   9450      -1.9886E+05     2.4069E-02     2.1861E+00     ND1        94

 BOND    =    15163.7103  ANGLE   =      497.0063  DIHED      =     2954.4170
 VDWAALS =    37013.7613  EEL     =  -266525.2447  HBOND      =        0.0000
 1-4 VDW =      827.0875  1-4 EEL =    11208.3091  RESTRAINT  =        0.0000


   NSTEP       ENERGY          RMS            GMAX         NAME    NUMBER
   9500      -1.9886E+05     5.2213E-02     6.0350E+00     ND1        94

 BOND    =    15163.9288  ANGLE   =      497.0543  DIHED      =     2954.3869
 VDWAALS =    37014.1399  EEL     =  -266526.9847  HBOND      =        0.0000
 1-4 VDW =      827.0593  1-4 EEL =    11208.1451  RESTRAINT  =        0.0000


   NSTEP       ENERGY          RMS            GMAX         NAME    NUMBER
   9550      -1.9886E+05     1.6773E-02     9.1098E-01     CD       3866

 BOND    =    15164.0520  ANGLE   =      497.0961  DIHED      =     2954.3572
 VDWAALS =    37014.5022  EEL     =  -266528.6643  HBOND      =        0.0000
 1-4 VDW =      827.0259  1-4 EEL =    11207.9791  RESTRAINT  =        0.0000


   NSTEP       ENERGY          RMS            GMAX         NAME    NUMBER
   9600      -1.9887E+05     4.8603E-02     6.3057E+00     CD       3866

 BOND    =    15164.2893  ANGLE   =      497.1551  DIHED      =     2954.3278
 VDWAALS =    37014.8469  EEL     =  -266530.4649  HBOND      =        0.0000
 1-4 VDW =      826.9944  1-4 EEL =    11207.8087  RESTRAINT  =        0.0000


   NSTEP       ENERGY          RMS            GMAX         NAME    NUMBER
   9650      -1.9887E+05     1.8326E-02     1.1224E+00     ND1        94

 BOND    =    15164.3926  ANGLE   =      497.1818  DIHED      =     2954.2996
 VDWAALS =    37015.1147  EEL     =  -266532.0582  HBOND      =        0.0000
 1-4 VDW =      826.9644  1-4 EEL =    11207.6453  RESTRAINT  =        0.0000


   NSTEP       ENERGY          RMS            GMAX         NAME    NUMBER
   9700      -1.9887E+05     3.9581E-02     4.2260E+00     ND1        94

 BOND    =    15164.5911  ANGLE   =      497.2283  DIHED      =     2954.2719
 VDWAALS =    37015.3589  EEL     =  -266533.6478  HBOND      =        0.0000
 1-4 VDW =      826.9354  1-4 EEL =    11207.4812  RESTRAINT  =        0.0000


   NSTEP       ENERGY          RMS            GMAX         NAME    NUMBER
   9750      -1.9887E+05     1.6344E-02     1.0371E+00     CD       3866

 BOND    =    15164.7205  ANGLE   =      497.2727  DIHED      =     2954.2455
 VDWAALS =    37015.6178  EEL     =  -266535.1748  HBOND      =        0.0000
 1-4 VDW =      826.9035  1-4 EEL =    11207.3243  RESTRAINT  =        0.0000


   NSTEP       ENERGY          RMS            GMAX         NAME    NUMBER
   9800      -1.9887E+05     2.9320E-02     5.7196E+00     CD       3866

 BOND    =    15164.8996  ANGLE   =      497.3192  DIHED      =     2954.2220
 VDWAALS =    37015.8432  EEL     =  -266536.7122  HBOND      =        0.0000
 1-4 VDW =      826.8762  1-4 EEL =    11207.1725  RESTRAINT  =        0.0000


   NSTEP       ENERGY          RMS            GMAX         NAME    NUMBER
   9850      -1.9887E+05     1.7616E-02     1.7737E+00     CD       3866

 BOND    =    15165.0260  ANGLE   =      497.3546  DIHED      =     2954.1975
 VDWAALS =    37016.0649  EEL     =  -266538.2070  HBOND      =        0.0000
 1-4 VDW =      826.8458  1-4 EEL =    11207.0222  RESTRAINT  =        0.0000


   NSTEP       ENERGY          RMS            GMAX         NAME    NUMBER
   9900      -1.9887E+05     1.7881E-02     1.8425E+00     CD       3866

 BOND    =    15165.1820  ANGLE   =      497.3957  DIHED      =     2954.1754
 VDWAALS =    37016.2721  EEL     =  -266539.6595  HBOND      =        0.0000
 1-4 VDW =      826.8178  1-4 EEL =    11206.8743  RESTRAINT  =        0.0000


   NSTEP       ENERGY          RMS            GMAX         NAME    NUMBER
   9950      -1.9887E+05     4.7357E-02     9.2772E+00     CD       3866

 BOND    =    15165.3606  ANGLE   =      497.4352  DIHED      =     2954.1520
 VDWAALS =    37016.5027  EEL     =  -266541.1118  HBOND      =        0.0000
 1-4 VDW =      826.7871  1-4 EEL =    11206.7210  RESTRAINT  =        0.0000


   NSTEP       ENERGY          RMS            GMAX         NAME    NUMBER
  10000      -1.9888E+05     1.9193E-02     9.4254E-01     H1      12220

 BOND    =    15165.5255  ANGLE   =      497.4889  DIHED      =     2954.1301
 VDWAALS =    37016.7519  EEL     =  -266542.8170  HBOND      =        0.0000
 1-4 VDW =      826.7571  1-4 EEL =    11206.5590  RESTRAINT  =        0.0000


  Maximum number of minimization cycles reached.


                    FINAL RESULTS



   NSTEP       ENERGY          RMS            GMAX         NAME    NUMBER
  10000      -1.9888E+05     1.9193E-02     9.4254E-01     H1      12220

 BOND    =    15165.5255  ANGLE   =      497.4889  DIHED      =     2954.1301
 VDWAALS =    37016.7519  EEL     =  -266542.8170  HBOND      =        0.0000
 1-4 VDW =      826.7571  1-4 EEL =    11206.5590  RESTRAINT  =        0.0000
--------------------------------------------------------------------------------
   5.  TIMINGS
--------------------------------------------------------------------------------

|  NonSetup CPU Time in Major Routines:
|
|     Routine           Sec        %
|     ------------------------------
|     Nonbond          34.60   63.32
|     Bond              0.00    0.00
|     Angle             0.00    0.00
|     Dihedral          0.00    0.00
|     Shake             0.00    0.00
|     Other            20.04   36.68
|     ------------------------------
|     Total            54.64

|  PME Nonbond Pairlist CPU Time:
|
|     Routine              Sec        %
|     ---------------------------------
|     Set Up Cit           0.00    0.00
|     Build List           0.00    0.00
|     ---------------------------------
|     Total                0.00    0.00

|  PME Direct Force CPU Time:
|
|     Routine              Sec        %
|     ---------------------------------
|     NonBonded Calc       0.00    0.00
|     Exclude Masked       0.00    0.00
|     Other                0.02    0.04
|     ---------------------------------
|     Total                0.02    0.04

|  PME Reciprocal Force CPU Time:
|
|     Routine              Sec        %
|     ---------------------------------
|     1D bspline           0.00    0.00
|     Grid Charges         0.00    0.00
|     Scalar Sum           0.00    0.00
|     Gradient Sum         0.00    0.00
|     FFT                  0.00    0.00
|     ---------------------------------
|     Total                0.00    0.00

|  Setup CPU time:            0.84 seconds
|  NonSetup CPU time:        54.64 seconds
|  Total CPU time:           55.48 seconds     0.02 hours

|  Setup wall time:           1    seconds
|  NonSetup wall time:       54    seconds
|  Total wall time:          55    seconds     0.02 hours
