
          -------------------------------------------------------
          Amber 18 PMEMD                              2018
          -------------------------------------------------------

| PMEMD implementation of SANDER, Release 18

| Run on 12/14/2018 at 14:27:57

|   Executable path: /opt/software/Amber/18-foss-2018a/bin/pmemd.cuda
| Working directory: /mnt/home/sengup25/g09_zn_files/reactn_zn/umbr_samp/newfiles/enzym/added_loop_fa6/freemd
|          Hostname: lac-031

  [-O]verwriting output

File Assignments:
|   MDIN: min2.in                                                               
|  MDOUT: min2.out                                                              
| INPCRD: min1.rst                                                              
|   PARM: def_1fa6.prmtop                                                       
| RESTRT: min2.rst                                                              
|   REFC: min1.rst                                                              
|  MDVEL: mdvel                                                                 
|   MDEN: mden                                                                  
|  MDCRD: min2.netcdf                                                           
| MDINFO: min2.mdinfo                                                           
|  MDFRC: mdfrc                                                                 


 Here is the input file:

minimize structure solvation+hydrogen                                          
 &cntrl                                                                        
  imin=1,maxcyc=10000, ncyc=20000,                                             
  ntb=1, cut=10, ntwx=2000, ioutfm=1, iwrap=1,                                 
  ntr=1, restraintmask=':1-275 & !@H= ', restraint_wt=200,                     
 /                                                                             
 &ewald                                                                        
 /                                                                             


Note: ig = -1. Setting random seed to   134456 based on wallclock time in 
      microseconds.
| irandom = 1, using AMBER's internal random number generator (default).
 
|--------------------- INFORMATION ----------------------
| GPU (CUDA) Version of PMEMD in use: NVIDIA GPU IN USE.
|                    Version 18.0.0
| 
|                      03/25/2018
| 
| Implementation by:
|                    Ross C. Walker     (SDSC)
|                    Scott Le Grand     (nVIDIA)
| 
| Version 18 performance extensions by:
|                    David Cerutti     (Rutgers)
| 
| Precision model in use:
|      [SPFP] - Single Precision Forces, 64-bit Fixed Point
|               Accumulation. (Default)
| 
|--------------------------------------------------------
 
|----------------- CITATION INFORMATION -----------------
|
|    When publishing work that utilized the CUDA version
|    of AMBER, please cite the following in addition to
|    the regular AMBER citations:
|
|  - Romelia Salomon-Ferrer; Andreas W. Goetz; Duncan
|    Poole; Scott Le Grand; Ross C. Walker "Routine
|    microsecond molecular dynamics simulations with
|    AMBER - Part II: Particle Mesh Ewald", J. Chem.
|    Theory Comput., 2013, 9 (9), pp3878-3888,
|    DOI: 10.1021/ct400314y.
|
|  - Andreas W. Goetz; Mark J. Williamson; Dong Xu;
|    Duncan Poole; Scott Le Grand; Ross C. Walker
|    "Routine microsecond molecular dynamics simulations
|    with AMBER - Part I: Generalized Born", J. Chem.
|    Theory Comput., 2012, 8 (5), pp1542-1555.
|
|  - Scott Le Grand; Andreas W. Goetz; Ross C. Walker
|    "SPFP: Speed without compromise - a mixed precision
|    model for GPU accelerated molecular dynamics
|    simulations.", Comp. Phys. Comm., 2013, 184
|    pp374-380, DOI: 10.1016/j.cpc.2012.09.022
|
|--------------------------------------------------------
 
|------------------- GPU DEVICE INFO --------------------
|
|            CUDA_VISIBLE_DEVICES: 0
|   CUDA Capable Devices Detected:      1
|           CUDA Device ID in use:      0
|                CUDA Device Name: Tesla K80
|     CUDA Device Global Mem Size:  12206 MB
| CUDA Device Num Multiprocessors:     13
|           CUDA Device Core Freq:   0.82 GHz
|
|--------------------------------------------------------
 
 
| Conditional Compilation Defines Used:
| PUBFFT
| BINTRAJ
| CUDA
| EMIL

| Largest sphere to fit in unit cell has radius =    36.270

| New format PARM file being parsed.
| Version =    1.000 Date = 12/14/18 Time = 14:06:07

| Note: 1-4 EEL scale factors are being read from the topology file.

| Note: 1-4 VDW scale factors are being read from the topology file.
| Duplicated    0 dihedrals

| Duplicated    0 dihedrals

--------------------------------------------------------------------------------
   1.  RESOURCE   USE: 
--------------------------------------------------------------------------------

 getting box info from netcdf restart file
 NATOM  =   48335 NTYPES =      18 NBONH =   46216 MBONA  =    2144
 NTHETH =    4730 MTHETA =    2896 NPHIH =    9622 MPHIA  =    9100
 NHPARM =       0 NPARM  =       0 NNB   =   81893 NRES   =   14997
 NBONA  =    2144 NTHETA =    2896 NPHIA =    9100 NUMBND =      67
 NUMANG =     150 NPTRA  =     196 NATYP =      38 NPHB   =       1
 IFBOX  =       2 NMXRS  =      24 IFCAP =       0 NEXTRA =       0
 NCOPY  =       0

| Coordinate Index Table dimensions:    14   14   14
| Direct force subcell size =     6.3460    6.3460    6.3460

     BOX TYPE: TRUNCATED OCTAHEDRON

--------------------------------------------------------------------------------
   2.  CONTROL  DATA  FOR  THE  RUN
--------------------------------------------------------------------------------

default_name                                                                    

General flags:
     imin    =       1, nmropt  =       0

Nature and format of input:
     ntx     =       1, irest   =       0, ntrx    =       1

Nature and format of output:
     ntxo    =       2, ntpr    =      50, ntrx    =       1, ntwr    =       1
     iwrap   =       1, ntwx    =    2000, ntwv    =       0, ntwe    =       0
     ioutfm  =       1, ntwprt  =       0, idecomp =       0, rbornstat=      0

Potential function:
     ntf     =       1, ntb     =       1, igb     =       0, nsnb    =      25
     ipol    =       0, gbsa    =       0, iesp    =       0
     dielc   =   1.00000, cut     =  10.00000, intdiel =   1.00000
     lj1264  =       1

Frozen or restrained atoms:
     ibelly  =       0, ntr     =       1
     restraint_wt = 200.00000

Energy minimization:
     maxcyc  =   10000, ncyc    =   20000, ntmin   =       1
     dx0     =   0.01000, drms    =   0.00010

| Intermolecular bonds treatment:
|     no_intermolecular_bonds =       1

| Energy averages sample interval:
|     ene_avg_sampling =       1

Ewald parameters:
     verbose =       0, ew_type =       0, nbflag  =       1, use_pme =       1
     vdwmeth =       1, eedmeth =       1, netfrc  =       0
     Box X =   88.843   Box Y =   88.843   Box Z =   88.843
     Alpha =  109.471   Beta  =  109.471   Gamma =  109.471
     NFFT1 =   96       NFFT2 =   96       NFFT3 =   96
     Cutoff=   10.000   Tol   =0.100E-04
     Ewald Coefficient =  0.27511
     Interpolation order =    4

    LOADING THE CONSTRAINED ATOMS AS GROUPS


   5.  REFERENCE ATOM COORDINATES

  default_name                                                                    
     Mask :1-275 & !@H=; matches  2109 atoms

--------------------------------------------------------------------------------
   3.  ATOMIC COORDINATES AND VELOCITIES
--------------------------------------------------------------------------------

default_name                                                                    
 begin time read from input coords =     0.000 ps

 
 Number of triangulated 3-point waters found:    14712

     Sum of charges from parm topology file =  -0.00000010
     Forcing neutrality...

| Dynamic Memory, Types Used:
| Reals             1402739
| Integers          1815605

| Nonbonded Pairs Initial Allocation:    14620129

| GPU memory information (estimate):
| KB of GPU memory in use:         0
| KB of CPU memory in use:         0

--------------------------------------------------------------------------------
   4.  RESULTS
--------------------------------------------------------------------------------



   NSTEP       ENERGY          RMS            GMAX         NAME    NUMBER
      1      -1.9220E+05     2.0260E+00     3.5531E+02     HD1      1197

 BOND    =    14236.5250  ANGLE   =      600.4298  DIHED      =     3025.0245
 VDWAALS =    33506.6116  EEL     =  -256467.8601  HBOND      =        0.0000
 1-4 VDW =     1163.1197  1-4 EEL =    11733.9397  RESTRAINT  =        0.0000


   NSTEP       ENERGY          RMS            GMAX         NAME    NUMBER
     50      -1.9269E+05     2.4176E-01     2.1361E+01     CG       1195

 BOND    =    14146.0005  ANGLE   =      421.2541  DIHED      =     3017.7127
 VDWAALS =    33483.9087  EEL     =  -256549.7096  HBOND      =        0.0000
 1-4 VDW =     1084.5071  1-4 EEL =    11622.5299  RESTRAINT  =       86.0089
 EAMBER  =  -192773.7965


   NSTEP       ENERGY          RMS            GMAX         NAME    NUMBER
    100      -1.9275E+05     1.0776E-01     1.7512E+01     HD1      1197

 BOND    =    14151.5176  ANGLE   =      417.1065  DIHED      =     3010.7071
 VDWAALS =    33511.2067  EEL     =  -256639.5171  HBOND      =        0.0000
 1-4 VDW =     1082.8236  1-4 EEL =    11618.8772  RESTRAINT  =       94.6825
 EAMBER  =  -192847.2784


   NSTEP       ENERGY          RMS            GMAX         NAME    NUMBER
    150      -1.9280E+05     2.7936E-01     4.1084E+01     CE1      1198

 BOND    =    14157.9984  ANGLE   =      417.0701  DIHED      =     3005.9078
 VDWAALS =    33539.8084  EEL     =  -256718.4104  HBOND      =        0.0000
 1-4 VDW =     1082.2883  1-4 EEL =    11618.0334  RESTRAINT  =       99.4883
 EAMBER  =  -192897.3041


   NSTEP       ENERGY          RMS            GMAX         NAME    NUMBER
    200      -1.9284E+05     1.5468E-01     1.9203E+01     CE1      1198

 BOND    =    14165.8358  ANGLE   =      415.4938  DIHED      =     3005.6207
 VDWAALS =    33567.3014  EEL     =  -256789.9692  HBOND      =        0.0000
 1-4 VDW =     1081.9602  1-4 EEL =    11617.6893  RESTRAINT  =      100.4995
 EAMBER  =  -192936.0679


   NSTEP       ENERGY          RMS            GMAX         NAME    NUMBER
    250      -1.9287E+05     2.5938E-01     2.9810E+01     CG       3141

 BOND    =    14172.7687  ANGLE   =      415.5052  DIHED      =     3005.9126
 VDWAALS =    33593.3467  EEL     =  -256855.4386  HBOND      =        0.0000
 1-4 VDW =     1081.7841  1-4 EEL =    11617.5580  RESTRAINT  =      101.3113
 EAMBER  =  -192968.5634


   NSTEP       ENERGY          RMS            GMAX         NAME    NUMBER
    300      -1.9290E+05     8.5279E-02     5.2622E+00     CE1      1198

 BOND    =    14176.8754  ANGLE   =      415.8000  DIHED      =     3006.2595
 VDWAALS =    33619.1726  EEL     =  -256918.9763  HBOND      =        0.0000
 1-4 VDW =     1081.6557  1-4 EEL =    11617.4757  RESTRAINT  =      102.0850
 EAMBER  =  -193001.7374


   NSTEP       ENERGY          RMS            GMAX         NAME    NUMBER
    350      -1.9293E+05     2.2910E-01     2.7238E+01     CE1      1198

 BOND    =    14182.8770  ANGLE   =      416.1801  DIHED      =     3006.5924
 VDWAALS =    33644.3567  EEL     =  -256981.6929  HBOND      =        0.0000
 1-4 VDW =     1081.5364  1-4 EEL =    11617.5001  RESTRAINT  =      102.7542
 EAMBER  =  -193032.6503


   NSTEP       ENERGY          RMS            GMAX         NAME    NUMBER
    400      -1.9296E+05     3.4803E-01     5.0135E+01     CD       4056

 BOND    =    14189.5448  ANGLE   =      416.3210  DIHED      =     3006.8246
 VDWAALS =    33668.3268  EEL     =  -257041.6112  HBOND      =        0.0000
 1-4 VDW =     1081.4235  1-4 EEL =    11617.5799  RESTRAINT  =      103.0330
 EAMBER  =  -193061.5906


   NSTEP       ENERGY          RMS            GMAX         NAME    NUMBER
    450      -1.9299E+05     1.3486E-01     1.7392E+01     CE1      1198

 BOND    =    14194.6021  ANGLE   =      415.8260  DIHED      =     3006.8872
 VDWAALS =    33690.9474  EEL     =  -257099.8208  HBOND      =        0.0000
 1-4 VDW =     1081.3324  1-4 EEL =    11617.7577  RESTRAINT  =      102.1290
 EAMBER  =  -193092.4679


   NSTEP       ENERGY          RMS            GMAX         NAME    NUMBER
    500      -1.9302E+05     8.2140E-02     5.2401E+00     CE1      1198

 BOND    =    14199.1462  ANGLE   =      416.0630  DIHED      =     3006.7767
 VDWAALS =    33713.5268  EEL     =  -257156.6751  HBOND      =        0.0000
 1-4 VDW =     1081.2486  1-4 EEL =    11617.7774  RESTRAINT  =      102.4813
 EAMBER  =  -193122.1363


   NSTEP       ENERGY          RMS            GMAX         NAME    NUMBER
    550      -1.9305E+05     1.3754E-01     1.8960E+01     CE1      1198

 BOND    =    14204.3790  ANGLE   =      416.2431  DIHED      =     3006.5551
 VDWAALS =    33736.1910  EEL     =  -257213.7142  HBOND      =        0.0000
 1-4 VDW =     1081.1765  1-4 EEL =    11617.7669  RESTRAINT  =      102.7566
 EAMBER  =  -193151.4027


   NSTEP       ENERGY          RMS            GMAX         NAME    NUMBER
    600      -1.9308E+05     2.1615E-01     3.2147E+01     CE1      1198

 BOND    =    14209.7995  ANGLE   =      416.4940  DIHED      =     3006.3371
 VDWAALS =    33758.3812  EEL     =  -257269.7435  HBOND      =        0.0000
 1-4 VDW =     1081.1196  1-4 EEL =    11617.7206  RESTRAINT  =      103.0106
 EAMBER  =  -193179.8916


   NSTEP       ENERGY          RMS            GMAX         NAME    NUMBER
    650      -1.9311E+05     7.8191E-02     3.9727E+00     CE1      1198

 BOND    =    14215.3372  ANGLE   =      415.9496  DIHED      =     3006.1676
 VDWAALS =    33779.6335  EEL     =  -257323.5570  HBOND      =        0.0000
 1-4 VDW =     1081.0835  1-4 EEL =    11617.7221  RESTRAINT  =      102.3710
 EAMBER  =  -193207.6635


   NSTEP       ENERGY          RMS            GMAX         NAME    NUMBER
    700      -1.9313E+05     1.3883E-01     1.6840E+01     CE1      1198

 BOND    =    14221.2502  ANGLE   =      415.8638  DIHED      =     3006.0821
 VDWAALS =    33801.6672  EEL     =  -257379.7252  HBOND      =        0.0000
 1-4 VDW =     1081.0594  1-4 EEL =    11617.6785  RESTRAINT  =      102.2060
 EAMBER  =  -193236.1240


   NSTEP       ENERGY          RMS            GMAX         NAME    NUMBER
    750      -1.9316E+05     8.6129E-02     7.6811E+00     CE1      1198

 BOND    =    14225.5769  ANGLE   =      416.0247  DIHED      =     3006.0825
 VDWAALS =    33822.6423  EEL     =  -257432.7175  HBOND      =        0.0000
 1-4 VDW =     1081.0428  1-4 EEL =    11617.5722  RESTRAINT  =      102.5671
 EAMBER  =  -193263.7761


   NSTEP       ENERGY          RMS            GMAX         NAME    NUMBER
    800      -1.9319E+05     7.7829E-02     4.9256E+00     CE1      1198

 BOND    =    14230.7371  ANGLE   =      415.9771  DIHED      =     3006.1446
 VDWAALS =    33843.4636  EEL     =  -257485.3078  HBOND      =        0.0000
 1-4 VDW =     1081.0401  1-4 EEL =    11617.5098  RESTRAINT  =      102.5089
 EAMBER  =  -193290.4355


   NSTEP       ENERGY          RMS            GMAX         NAME    NUMBER
    850      -1.9321E+05     2.2316E-01     3.3301E+01     CE1      1198

 BOND    =    14235.9986  ANGLE   =      416.4057  DIHED      =     3006.2464
 VDWAALS =    33865.3272  EEL     =  -257540.0279  HBOND      =        0.0000
 1-4 VDW =     1081.0415  1-4 EEL =    11617.3966  RESTRAINT  =      103.0433
 EAMBER  =  -193317.6118


   NSTEP       ENERGY          RMS            GMAX         NAME    NUMBER
    900      -1.9324E+05     7.3551E-02     3.3716E+00     CE1      1198

 BOND    =    14241.2475  ANGLE   =      415.8386  DIHED      =     3006.3600
 VDWAALS =    33885.4697  EEL     =  -257591.0431  HBOND      =        0.0000
 1-4 VDW =     1081.0563  1-4 EEL =    11617.3957  RESTRAINT  =      102.3884
 EAMBER  =  -193343.6752


   NSTEP       ENERGY          RMS            GMAX         NAME    NUMBER
    950      -1.9327E+05     2.2094E-01     3.0052E+01     CE1      1198

 BOND    =    14247.5905  ANGLE   =      415.7377  DIHED      =     3006.4952
 VDWAALS =    33905.7292  EEL     =  -257642.4984  HBOND      =        0.0000
 1-4 VDW =     1081.0710  1-4 EEL =    11617.3899  RESTRAINT  =      102.0524
 EAMBER  =  -193368.4849


   NSTEP       ENERGY          RMS            GMAX         NAME    NUMBER
   1000      -1.9329E+05     8.8658E-02     8.7998E+00     CE1      1198

 BOND    =    14250.7269  ANGLE   =      415.9520  DIHED      =     3006.6227
 VDWAALS =    33925.4832  EEL     =  -257691.9312  HBOND      =        0.0000
 1-4 VDW =     1081.0762  1-4 EEL =    11617.2695  RESTRAINT  =      102.5910
 EAMBER  =  -193394.8008


   NSTEP       ENERGY          RMS            GMAX         NAME    NUMBER
   1050      -1.9332E+05     1.3246E-01     1.7724E+01     CE1      1198

 BOND    =    14255.4055  ANGLE   =      416.1001  DIHED      =     3006.7619
 VDWAALS =    33945.0235  EEL     =  -257741.6395  HBOND      =        0.0000
 1-4 VDW =     1081.0831  1-4 EEL =    11617.2070  RESTRAINT  =      102.7451
 EAMBER  =  -193420.0585


   NSTEP       ENERGY          RMS            GMAX         NAME    NUMBER
   1100      -1.9334E+05     2.4812E-01     3.6439E+01     CE1      1198

 BOND    =    14260.2063  ANGLE   =      416.5153  DIHED      =     3006.9054
 VDWAALS =    33963.9701  EEL     =  -257789.8631  HBOND      =        0.0000
 1-4 VDW =     1081.0872  1-4 EEL =    11617.1348  RESTRAINT  =      103.0875
 EAMBER  =  -193444.0440


   NSTEP       ENERGY          RMS            GMAX         NAME    NUMBER
   1150      -1.9337E+05     7.1656E-02     3.4326E+00     CG       1195

 BOND    =    14264.9631  ANGLE   =      415.7922  DIHED      =     3007.0116
 VDWAALS =    33982.2527  EEL     =  -257836.3471  HBOND      =        0.0000
 1-4 VDW =     1081.1019  1-4 EEL =    11617.1437  RESTRAINT  =      102.4198
 EAMBER  =  -193468.0819


   NSTEP       ENERGY          RMS            GMAX         NAME    NUMBER
   1200      -1.9339E+05     2.2479E-01     2.9621E+01     CD       4056

 BOND    =    14271.0841  ANGLE   =      415.6113  DIHED      =     3007.1205
 VDWAALS =    34001.7736  EEL     =  -257885.7624  HBOND      =        0.0000
 1-4 VDW =     1081.1158  1-4 EEL =    11617.1157  RESTRAINT  =      102.2475
 EAMBER  =  -193491.9414


   NSTEP       ENERGY          RMS            GMAX         NAME    NUMBER
   1250      -1.9341E+05     7.0465E-02     3.1738E+00     CE1      1198

 BOND    =    14274.0776  ANGLE   =      415.8627  DIHED      =     3007.2454
 VDWAALS =    34019.5661  EEL     =  -257931.9600  HBOND      =        0.0000
 1-4 VDW =     1081.1114  1-4 EEL =    11617.0438  RESTRAINT  =      102.5248
 EAMBER  =  -193517.0530


   NSTEP       ENERGY          RMS            GMAX         NAME    NUMBER
   1300      -1.9344E+05     1.8795E-01     2.8464E+01     CE1      1198

 BOND    =    14278.3807  ANGLE   =      416.2253  DIHED      =     3007.3550
 VDWAALS =    34037.4331  EEL     =  -257978.0184  HBOND      =        0.0000
 1-4 VDW =     1081.1116  1-4 EEL =    11616.9625  RESTRAINT  =      102.9839
 EAMBER  =  -193540.5502


   NSTEP       ENERGY          RMS            GMAX         NAME    NUMBER
   1350      -1.9346E+05     2.9727E-01     4.0926E+01     CG       3141

 BOND    =    14283.8093  ANGLE   =      416.1798  DIHED      =     3007.4487
 VDWAALS =    34055.5111  EEL     =  -258024.4405  HBOND      =        0.0000
 1-4 VDW =     1081.1060  1-4 EEL =    11616.9059  RESTRAINT  =      103.1284
 EAMBER  =  -193563.4798


   NSTEP       ENERGY          RMS            GMAX         NAME    NUMBER
   1400      -1.9348E+05     1.2035E-01     1.6419E+01     CE1      1198

 BOND    =    14288.0346  ANGLE   =      415.7021  DIHED      =     3007.5412
 VDWAALS =    34071.8875  EEL     =  -258068.3416  HBOND      =        0.0000
 1-4 VDW =     1081.1256  1-4 EEL =    11616.9483  RESTRAINT  =      102.2655
 EAMBER  =  -193587.1023


   NSTEP       ENERGY          RMS            GMAX         NAME    NUMBER
   1450      -1.9351E+05     7.2070E-02     4.6018E+00     CE1      1198

 BOND    =    14291.5469  ANGLE   =      415.8638  DIHED      =     3007.6297
 VDWAALS =    34088.5007  EEL     =  -258111.7656  HBOND      =        0.0000
 1-4 VDW =     1081.1222  1-4 EEL =    11616.8791  RESTRAINT  =      102.5879
 EAMBER  =  -193610.2232


   NSTEP       ENERGY          RMS            GMAX         NAME    NUMBER
   1500      -1.9353E+05     7.1919E-02     4.7370E+00     CE1      1198

 BOND    =    14295.8101  ANGLE   =      415.8674  DIHED      =     3007.7167
 VDWAALS =    34105.1697  EEL     =  -258155.0551  HBOND      =        0.0000
 1-4 VDW =     1081.1231  1-4 EEL =    11616.8427  RESTRAINT  =      102.5888
 EAMBER  =  -193632.5255


   NSTEP       ENERGY          RMS            GMAX         NAME    NUMBER
   1550      -1.9355E+05     2.0931E-01     3.0700E+01     CE1      1198

 BOND    =    14300.0505  ANGLE   =      416.2815  DIHED      =     3007.8028
 VDWAALS =    34122.4120  EEL     =  -258199.4468  HBOND      =        0.0000
 1-4 VDW =     1081.1218  1-4 EEL =    11616.7708  RESTRAINT  =      103.0864
 EAMBER  =  -193655.0075


   NSTEP       ENERGY          RMS            GMAX         NAME    NUMBER
   1600      -1.9357E+05     9.2432E-02     1.0806E+01     CE1      1198

 BOND    =    14304.9679  ANGLE   =      415.7074  DIHED      =     3007.8636
 VDWAALS =    34139.1079  EEL     =  -258242.0514  HBOND      =        0.0000
 1-4 VDW =     1081.1262  1-4 EEL =    11616.7937  RESTRAINT  =      102.3702
 EAMBER  =  -193676.4847


   NSTEP       ENERGY          RMS            GMAX         NAME    NUMBER
   1650      -1.9360E+05     1.6458E-01     2.3764E+01     CE1      1198

 BOND    =    14309.7862  ANGLE   =      415.6598  DIHED      =     3007.9366
 VDWAALS =    34155.7720  EEL     =  -258284.3271  HBOND      =        0.0000
 1-4 VDW =     1081.1302  1-4 EEL =    11616.7843  RESTRAINT  =      102.2092
 EAMBER  =  -193697.2579


   NSTEP       ENERGY          RMS            GMAX         NAME    NUMBER
   1700      -1.9362E+05     7.1932E-02     5.6218E+00     CE1      1198

 BOND    =    14312.9580  ANGLE   =      415.8526  DIHED      =     3008.0035
 VDWAALS =    34173.1219  EEL     =  -258327.2272  HBOND      =        0.0000
 1-4 VDW =     1081.1225  1-4 EEL =    11616.7043  RESTRAINT  =      102.6388
 EAMBER  =  -193719.4644


   NSTEP       ENERGY          RMS            GMAX         NAME    NUMBER
   1750      -1.9364E+05     1.4045E-01     1.9757E+01     CE1      1198

 BOND    =    14317.1022  ANGLE   =      416.0596  DIHED      =     3008.0730
 VDWAALS =    34190.6610  EEL     =  -258370.5477  HBOND      =        0.0000
 1-4 VDW =     1081.1198  1-4 EEL =    11616.6534  RESTRAINT  =      102.8951
 EAMBER  =  -193740.8786


   NSTEP       ENERGY          RMS            GMAX         NAME    NUMBER
   1800      -1.9366E+05     2.0702E-01     2.9491E+01     CE1      1198

 BOND    =    14321.3382  ANGLE   =      416.2535  DIHED      =     3008.1406
 VDWAALS =    34207.6538  EEL     =  -258412.1682  HBOND      =        0.0000
 1-4 VDW =     1081.1185  1-4 EEL =    11616.6121  RESTRAINT  =      103.0802
 EAMBER  =  -193761.0514


   NSTEP       ENERGY          RMS            GMAX         NAME    NUMBER
   1850      -1.9368E+05     6.9719E-02     4.7781E+00     CE1      1198

 BOND    =    14326.0235  ANGLE   =      415.7200  DIHED      =     3008.1912
 VDWAALS =    34225.2618  EEL     =  -258454.6996  HBOND      =        0.0000
 1-4 VDW =     1081.1211  1-4 EEL =    11616.6250  RESTRAINT  =      102.4977
 EAMBER  =  -193781.7570


   NSTEP       ENERGY          RMS            GMAX         NAME    NUMBER
   1900      -1.9370E+05     1.8866E-01     2.4834E+01     CE1      1198

 BOND    =    14331.4038  ANGLE   =      415.5324  DIHED      =     3008.2422
 VDWAALS =    34243.2692  EEL     =  -258497.8321  HBOND      =        0.0000
 1-4 VDW =     1081.1233  1-4 EEL =    11616.6170  RESTRAINT  =      102.3090
 EAMBER  =  -193801.6441


   NSTEP       ENERGY          RMS            GMAX         NAME    NUMBER
   1950      -1.9372E+05     7.8313E-02     7.6932E+00     CE1      1198

 BOND    =    14334.1373  ANGLE   =      415.8457  DIHED      =     3008.3041
 VDWAALS =    34260.5943  EEL     =  -258539.2714  HBOND      =        0.0000
 1-4 VDW =     1081.1165  1-4 EEL =    11616.5474  RESTRAINT  =      102.7064
 EAMBER  =  -193822.7261


   NSTEP       ENERGY          RMS            GMAX         NAME    NUMBER
   2000      -1.9374E+05     1.5000E-01     2.1592E+01     CE1      1198

 BOND    =    14338.0683  ANGLE   =      416.0394  DIHED      =     3008.3611
 VDWAALS =    34277.7467  EEL     =  -258579.6963  HBOND      =        0.0000
 1-4 VDW =     1081.1133  1-4 EEL =    11616.4957  RESTRAINT  =      102.9634
 EAMBER  =  -193841.8719


   NSTEP       ENERGY          RMS            GMAX         NAME    NUMBER
   2050      -1.9376E+05     2.1910E-01     3.1135E+01     CE1      1198

 BOND    =    14342.2888  ANGLE   =      416.2246  DIHED      =     3008.4184
 VDWAALS =    34294.8961  EEL     =  -258620.1372  HBOND      =        0.0000
 1-4 VDW =     1081.1113  1-4 EEL =    11616.4491  RESTRAINT  =      103.1534
 EAMBER  =  -193860.7489


   NSTEP       ENERGY          RMS            GMAX         NAME    NUMBER
   2100      -1.9378E+05     6.6927E-02     4.0478E+00     CE1      1198

 BOND    =    14346.4429  ANGLE   =      415.6892  DIHED      =     3008.4669
 VDWAALS =    34311.1163  EEL     =  -258659.2383  HBOND      =        0.0000
 1-4 VDW =     1081.1156  1-4 EEL =    11616.4837  RESTRAINT  =      102.5566
 EAMBER  =  -193879.9238


   NSTEP       ENERGY          RMS            GMAX         NAME    NUMBER
   2150      -1.9380E+05     2.1461E-01     2.6861E+01     CE1      1198

 BOND    =    14351.8137  ANGLE   =      415.4662  DIHED      =     3008.5083
 VDWAALS =    34328.1253  EEL     =  -258699.5341  HBOND      =        0.0000
 1-4 VDW =     1081.1195  1-4 EEL =    11616.4785  RESTRAINT  =      102.3686
 EAMBER  =  -193898.0226


   NSTEP       ENERGY          RMS            GMAX         NAME    NUMBER
   2200      -1.9382E+05     9.0048E-02     1.0507E+01     CE1      1198

 BOND    =    14353.9648  ANGLE   =      415.8505  DIHED      =     3008.5643
 VDWAALS =    34343.7534  EEL     =  -258737.6318  HBOND      =        0.0000
 1-4 VDW =     1081.1122  1-4 EEL =    11616.4048  RESTRAINT  =      102.7969
 EAMBER  =  -193917.9818


   NSTEP       ENERGY          RMS            GMAX         NAME    NUMBER
   2250      -1.9383E+05     1.1141E-01     1.2847E+01     CG       1195

 BOND    =    14357.8213  ANGLE   =      415.9141  DIHED      =     3008.6160
 VDWAALS =    34359.4965  EEL     =  -258776.5597  HBOND      =        0.0000
 1-4 VDW =     1081.1108  1-4 EEL =    11616.3802  RESTRAINT  =      102.8299
 EAMBER  =  -193937.2208


   NSTEP       ENERGY          RMS            GMAX         NAME    NUMBER
   2300      -1.9385E+05     2.3712E-01     3.0895E+01     CG       1195

 BOND    =    14361.9352  ANGLE   =      416.2363  DIHED      =     3008.6642
 VDWAALS =    34375.2950  EEL     =  -258815.0677  HBOND      =        0.0000
 1-4 VDW =     1081.1091  1-4 EEL =    11616.3124  RESTRAINT  =      103.1809
 EAMBER  =  -193955.5156


   NSTEP       ENERGY          RMS            GMAX         NAME    NUMBER
   2350      -1.9387E+05     1.3115E-01     1.8671E+01     CG       1195

 BOND    =    14366.4070  ANGLE   =      415.4938  DIHED      =     3008.7016
 VDWAALS =    34390.1839  EEL     =  -258853.1523  HBOND      =        0.0000
 1-4 VDW =     1081.1162  1-4 EEL =    11616.3721  RESTRAINT  =      102.4882
 EAMBER  =  -193974.8777


   NSTEP       ENERGY          RMS            GMAX         NAME    NUMBER
   2400      -1.9389E+05     1.9239E-01     2.9127E+01     CE1      1198

 BOND    =    14370.8250  ANGLE   =      415.4274  DIHED      =     3008.7485
 VDWAALS =    34405.2152  EEL     =  -258891.4906  HBOND      =        0.0000
 1-4 VDW =     1081.1185  1-4 EEL =    11616.3625  RESTRAINT  =      102.4024
 EAMBER  =  -193993.7935


   NSTEP       ENERGY          RMS            GMAX         NAME    NUMBER
   2450      -1.9391E+05     6.5654E-02     3.8884E+00     CE1      1198

 BOND    =    14373.1725  ANGLE   =      415.7124  DIHED      =     3008.7939
 VDWAALS =    34419.7706  EEL     =  -258928.8241  HBOND      =        0.0000
 1-4 VDW =     1081.1128  1-4 EEL =    11616.2906  RESTRAINT  =      102.7492
 EAMBER  =  -194013.9713


   NSTEP       ENERGY          RMS            GMAX         NAME    NUMBER
   2500      -1.9393E+05     1.6469E-01     2.3641E+01     CG       1195

 BOND    =    14376.7662  ANGLE   =      416.0677  DIHED      =     3008.8414
 VDWAALS =    34434.3384  EEL     =  -258966.9007  HBOND      =        0.0000
 1-4 VDW =     1081.1096  1-4 EEL =    11616.2430  RESTRAINT  =      103.0374
 EAMBER  =  -194033.5344


   NSTEP       ENERGY          RMS            GMAX         NAME    NUMBER
   2550      -1.9395E+05     7.4557E-02     6.8335E+00     CE1      1198

 BOND    =    14380.8668  ANGLE   =      415.5803  DIHED      =     3008.8687
 VDWAALS =    34448.3142  EEL     =  -259003.5664  HBOND      =        0.0000
 1-4 VDW =     1081.1165  1-4 EEL =    11616.2632  RESTRAINT  =      102.6351
 EAMBER  =  -194052.5567


   NSTEP       ENERGY          RMS            GMAX         NAME    NUMBER
   2600      -1.9397E+05     1.0453E-01     1.2905E+01     CE1      1198

 BOND    =    14384.8793  ANGLE   =      415.4995  DIHED      =     3008.9036
 VDWAALS =    34462.8166  EEL     =  -259041.4432  HBOND      =        0.0000
 1-4 VDW =     1081.1205  1-4 EEL =    11616.2470  RESTRAINT  =      102.5861
 EAMBER  =  -194071.9767


   NSTEP       ENERGY          RMS            GMAX         NAME    NUMBER
   2650      -1.9399E+05     6.5881E-02     4.0847E+00     CE1      1198

 BOND    =    14387.9459  ANGLE   =      415.6888  DIHED      =     3008.9434
 VDWAALS =    34476.8168  EEL     =  -259078.0268  HBOND      =        0.0000
 1-4 VDW =     1081.1177  1-4 EEL =    11616.2069  RESTRAINT  =      102.7955
 EAMBER  =  -194091.3072


   NSTEP       ENERGY          RMS            GMAX         NAME    NUMBER
   2700      -1.9401E+05     1.0992E-01     1.4979E+01     CE1      1198

 BOND    =    14391.4922  ANGLE   =      415.8315  DIHED      =     3008.9799
 VDWAALS =    34491.3529  EEL     =  -259115.7156  HBOND      =        0.0000
 1-4 VDW =     1081.1167  1-4 EEL =    11616.1734  RESTRAINT  =      102.9840
 EAMBER  =  -194110.7690


   NSTEP       ENERGY          RMS            GMAX         NAME    NUMBER
   2750      -1.9403E+05     1.7486E-01     2.5925E+01     CE1      1198

 BOND    =    14395.0745  ANGLE   =      416.0186  DIHED      =     3009.0186
 VDWAALS =    34505.4850  EEL     =  -259152.3071  HBOND      =        0.0000
 1-4 VDW =     1081.1153  1-4 EEL =    11616.1435  RESTRAINT  =      103.1902
 EAMBER  =  -194129.4517


   NSTEP       ENERGY          RMS            GMAX         NAME    NUMBER
   2800      -1.9405E+05     6.5075E-02     3.5626E+00     CE1      1198

 BOND    =    14399.0767  ANGLE   =      415.5921  DIHED      =     3009.0423
 VDWAALS =    34519.7340  EEL     =  -259188.8200  HBOND      =        0.0000
 1-4 VDW =     1081.1238  1-4 EEL =    11616.1668  RESTRAINT  =      102.7023
 EAMBER  =  -194148.0843


   NSTEP       ENERGY          RMS            GMAX         NAME    NUMBER
   2850      -1.9406E+05     1.5176E-01     2.2583E+01     CE1      1198

 BOND    =    14403.6240  ANGLE   =      415.4237  DIHED      =     3009.0692
 VDWAALS =    34534.7235  EEL     =  -259227.0766  HBOND      =        0.0000
 1-4 VDW =     1081.1314  1-4 EEL =    11616.1751  RESTRAINT  =      102.4886
 EAMBER  =  -194166.9298


   NSTEP       ENERGY          RMS            GMAX         NAME    NUMBER
   2900      -1.9408E+05     2.1841E-01     3.4276E+01     CE1      1198

 BOND    =    14407.9681  ANGLE   =      415.4062  DIHED      =     3009.1016
 VDWAALS =    34549.6729  EEL     =  -259264.8188  HBOND      =        0.0000
 1-4 VDW =     1081.1369  1-4 EEL =    11616.1750  RESTRAINT  =      102.3609
 EAMBER  =  -194185.3581


   NSTEP       ENERGY          RMS            GMAX         NAME    NUMBER
   2950      -1.9410E+05     1.2642E-01     1.7885E+01     CE1      1198

 BOND    =    14409.6007  ANGLE   =      415.8445  DIHED      =     3009.1301
 VDWAALS =    34564.6765  EEL     =  -259302.2775  HBOND      =        0.0000
 1-4 VDW =     1081.1289  1-4 EEL =    11616.0866  RESTRAINT  =      103.0672
 EAMBER  =  -194205.8101


   NSTEP       ENERGY          RMS            GMAX         NAME    NUMBER
   3000      -1.9412E+05     2.2042E-01     2.8097E+01     CE1      1198

 BOND    =    14413.3657  ANGLE   =      416.0166  DIHED      =     3009.1533
 VDWAALS =    34580.1560  EEL     =  -259339.8372  HBOND      =        0.0000
 1-4 VDW =     1081.1367  1-4 EEL =    11616.0438  RESTRAINT  =      103.2864
 EAMBER  =  -194223.9651


   NSTEP       ENERGY          RMS            GMAX         NAME    NUMBER
   3050      -1.9414E+05     6.6160E-02     4.7056E+00     CE1      1198

 BOND    =    14416.8884  ANGLE   =      415.5658  DIHED      =     3009.1784
 VDWAALS =    34594.5766  EEL     =  -259375.4787  HBOND      =        0.0000
 1-4 VDW =     1081.1379  1-4 EEL =    11616.0911  RESTRAINT  =      102.6709
 EAMBER  =  -194242.0405


   NSTEP       ENERGY          RMS            GMAX         NAME    NUMBER
   3100      -1.9416E+05     1.6854E-01     2.5279E+01     CE1      1198

 BOND    =    14421.3002  ANGLE   =      415.3874  DIHED      =     3009.1962
 VDWAALS =    34609.7839  EEL     =  -259412.5032  HBOND      =        0.0000
 1-4 VDW =     1081.1466  1-4 EEL =    11616.0991  RESTRAINT  =      102.4348
 EAMBER  =  -194259.5897


   NSTEP       ENERGY          RMS            GMAX         NAME    NUMBER
   3150      -1.9417E+05     2.4835E-01     3.2864E+01     CE1      1198

 BOND    =    14425.2570  ANGLE   =      415.4486  DIHED      =     3009.2306
 VDWAALS =    34623.6864  EEL     =  -259447.0945  HBOND      =        0.0000
 1-4 VDW =     1081.1405  1-4 EEL =    11616.1112  RESTRAINT  =      102.3365
 EAMBER  =  -194276.2200


   NSTEP       ENERGY          RMS            GMAX         NAME    NUMBER
   3200      -1.9419E+05     1.0612E-01     1.4377E+01     CE1      1198

 BOND    =    14426.6881  ANGLE   =      415.8315  DIHED      =     3009.2419
 VDWAALS =    34638.4760  EEL     =  -259482.8312  HBOND      =        0.0000
 1-4 VDW =     1081.1419  1-4 EEL =    11616.0043  RESTRAINT  =      102.8947
 EAMBER  =  -194295.4475


   NSTEP       ENERGY          RMS            GMAX         NAME    NUMBER
   3250      -1.9421E+05     6.2216E-02     4.0375E+00     CE1      1198

 BOND    =    14430.4428  ANGLE   =      415.5922  DIHED      =     3009.2600
 VDWAALS =    34652.4200  EEL     =  -259517.4746  HBOND      =        0.0000
 1-4 VDW =     1081.1450  1-4 EEL =    11616.0141  RESTRAINT  =      102.5961
 EAMBER  =  -194312.6004


   NSTEP       ENERGY          RMS            GMAX         NAME    NUMBER
   3300      -1.9423E+05     1.0874E-01     1.5053E+01     CE1      1198

 BOND    =    14434.1369  ANGLE   =      415.4980  DIHED      =     3009.2783
 VDWAALS =    34665.8552  EEL     =  -259550.8889  HBOND      =        0.0000
 1-4 VDW =     1081.1462  1-4 EEL =    11616.0130  RESTRAINT  =      102.4428
 EAMBER  =  -194328.9614


   NSTEP       ENERGY          RMS            GMAX         NAME    NUMBER
   3350      -1.9424E+05     1.8623E-01     2.7131E+01     CE1      1198

 BOND    =    14438.1334  ANGLE   =      415.3978  DIHED      =     3009.2930
 VDWAALS =    34679.5608  EEL     =  -259584.5740  HBOND      =        0.0000
 1-4 VDW =     1081.1538  1-4 EEL =    11616.0044  RESTRAINT  =      102.3334
 EAMBER  =  -194345.0309


   NSTEP       ENERGY          RMS            GMAX         NAME    NUMBER
   3400      -1.9426E+05     8.3441E-02     9.8033E+00     CG       1195

 BOND    =    14439.8428  ANGLE   =      415.7803  DIHED      =     3009.3160
 VDWAALS =    34692.5132  EEL     =  -259616.6748  HBOND      =        0.0000
 1-4 VDW =     1081.1431  1-4 EEL =    11615.9371  RESTRAINT  =      102.7494
 EAMBER  =  -194362.1423


   NSTEP       ENERGY          RMS            GMAX         NAME    NUMBER
   3450      -1.9427E+05     1.4430E-01     2.0677E+01     CG       1195

 BOND    =    14442.8784  ANGLE   =      416.0016  DIHED      =     3009.3417
 VDWAALS =    34705.4628  EEL     =  -259648.6012  HBOND      =        0.0000
 1-4 VDW =     1081.1387  1-4 EEL =    11615.9094  RESTRAINT  =      102.8978
 EAMBER  =  -194377.8687


   NSTEP       ENERGY          RMS            GMAX         NAME    NUMBER
   3500      -1.9429E+05     2.3807E-01     3.9638E+01     CD       4056

 BOND    =    14446.6265  ANGLE   =      415.9827  DIHED      =     3009.3466
 VDWAALS =    34719.2811  EEL     =  -259681.5085  HBOND      =        0.0000
 1-4 VDW =     1081.1541  1-4 EEL =    11615.8665  RESTRAINT  =      103.0355
 EAMBER  =  -194393.2510


   NSTEP       ENERGY          RMS            GMAX         NAME    NUMBER
   3550      -1.9431E+05     9.5844E-02     1.2680E+01     CE1      1198

 BOND    =    14449.8161  ANGLE   =      415.5147  DIHED      =     3009.3671
 VDWAALS =    34731.5183  EEL     =  -259712.1274  HBOND      =        0.0000
 1-4 VDW =     1081.1491  1-4 EEL =    11615.9229  RESTRAINT  =      102.4345
 EAMBER  =  -194408.8392


   NSTEP       ENERGY          RMS            GMAX         NAME    NUMBER
   3600      -1.9432E+05     1.7178E-01     2.6298E+01     CE1      1198

 BOND    =    14453.5453  ANGLE   =      415.4280  DIHED      =     3009.3871
 VDWAALS =    34744.3083  EEL     =  -259743.2499  HBOND      =        0.0000
 1-4 VDW =     1081.1539  1-4 EEL =    11615.9277  RESTRAINT  =      102.2835
 EAMBER  =  -194423.4995


   NSTEP       ENERGY          RMS            GMAX         NAME    NUMBER
   3650      -1.9434E+05     6.1369E-02     4.9221E+00     CE1      1198

 BOND    =    14455.2198  ANGLE   =      415.6992  DIHED      =     3009.4098
 VDWAALS =    34756.5461  EEL     =  -259772.9839  HBOND      =        0.0000
 1-4 VDW =     1081.1448  1-4 EEL =    11615.8725  RESTRAINT  =      102.6645
 EAMBER  =  -194439.0917


   NSTEP       ENERGY          RMS            GMAX         NAME    NUMBER
   3700      -1.9435E+05     1.6755E-01     2.3507E+01     CD       4056

 BOND    =    14458.1885  ANGLE   =      415.9794  DIHED      =     3009.4377
 VDWAALS =    34768.9814  EEL     =  -259803.6989  HBOND      =        0.0000
 1-4 VDW =     1081.1357  1-4 EEL =    11615.8507  RESTRAINT  =      102.8669
 EAMBER  =  -194454.1256


   NSTEP       ENERGY          RMS            GMAX         NAME    NUMBER
   3750      -1.9437E+05     6.6556E-02     6.6291E+00     CE1      1198

 BOND    =    14461.5612  ANGLE   =      415.5729  DIHED      =     3009.4444
 VDWAALS =    34781.7248  EEL     =  -259834.4341  HBOND      =        0.0000
 1-4 VDW =     1081.1482  1-4 EEL =    11615.8619  RESTRAINT  =      102.4977
 EAMBER  =  -194469.1206


   NSTEP       ENERGY          RMS            GMAX         NAME    NUMBER
   3800      -1.9438E+05     1.3266E-01     2.0585E+01     CE1      1198

 BOND    =    14465.1587  ANGLE   =      415.4875  DIHED      =     3009.4647
 VDWAALS =    34794.1825  EEL     =  -259864.9543  HBOND      =        0.0000
 1-4 VDW =     1081.1508  1-4 EEL =    11615.8698  RESTRAINT  =      102.3040
 EAMBER  =  -194483.6404


   NSTEP       ENERGY          RMS            GMAX         NAME    NUMBER
   3850      -1.9440E+05     5.8229E-02     3.9574E+00     CE1      1198

 BOND    =    14467.2787  ANGLE   =      415.6779  DIHED      =     3009.4855
 VDWAALS =    34806.7313  EEL     =  -259895.6106  HBOND      =        0.0000
 1-4 VDW =     1081.1466  1-4 EEL =    11615.8202  RESTRAINT  =      102.6613
 EAMBER  =  -194499.4705


   NSTEP       ENERGY          RMS            GMAX         NAME    NUMBER
   3900      -1.9441E+05     7.5976E-02     7.9232E+00     CE1      1198

 BOND    =    14470.1389  ANGLE   =      415.7407  DIHED      =     3009.5063
 VDWAALS =    34818.8413  EEL     =  -259925.5933  HBOND      =        0.0000
 1-4 VDW =     1081.1441  1-4 EEL =    11615.8046  RESTRAINT  =      102.7193
 EAMBER  =  -194514.4174


   NSTEP       ENERGY          RMS            GMAX         NAME    NUMBER
   3950      -1.9443E+05     1.7382E-01     2.4670E+01     CD       4056

 BOND    =    14473.2005  ANGLE   =      415.8866  DIHED      =     3009.5213
 VDWAALS =    34831.4961  EEL     =  -259956.0443  HBOND      =        0.0000
 1-4 VDW =     1081.1529  1-4 EEL =    11615.7586  RESTRAINT  =      102.9756
 EAMBER  =  -194529.0282


   NSTEP       ENERGY          RMS            GMAX         NAME    NUMBER
   4000      -1.9444E+05     5.5470E-02     2.6423E+00     CE1      1198

 BOND    =    14476.2808  ANGLE   =      415.5982  DIHED      =     3009.5469
 VDWAALS =    34843.2410  EEL     =  -259985.5265  HBOND      =        0.0000
 1-4 VDW =     1081.1482  1-4 EEL =    11615.7925  RESTRAINT  =      102.5614
 EAMBER  =  -194543.9190


   NSTEP       ENERGY          RMS            GMAX         NAME    NUMBER
   4050      -1.9446E+05     1.5262E-01     1.9565E+01     CE1      1198

 BOND    =    14480.0387  ANGLE   =      415.4530  DIHED      =     3009.5605
 VDWAALS =    34855.7196  EEL     =  -260016.0943  HBOND      =        0.0000
 1-4 VDW =     1081.1574  1-4 EEL =    11615.7962  RESTRAINT  =      102.3706
 EAMBER  =  -194558.3689


   NSTEP       ENERGY          RMS            GMAX         NAME    NUMBER
   4100      -1.9447E+05     2.1702E-01     3.0690E+01     CD       4056

 BOND    =    14483.2461  ANGLE   =      415.5440  DIHED      =     3009.5992
 VDWAALS =    34866.6443  EEL     =  -260044.0762  HBOND      =        0.0000
 1-4 VDW =     1081.1417  1-4 EEL =    11615.8176  RESTRAINT  =      102.2507
 EAMBER  =  -194572.0833


   NSTEP       ENERGY          RMS            GMAX         NAME    NUMBER
   4150      -1.9449E+05     8.9340E-02     1.1837E+01     CE1      1198

 BOND    =    14484.4565  ANGLE   =      415.7574  DIHED      =     3009.6102
 VDWAALS =    34878.7083  EEL     =  -260073.2585  HBOND      =        0.0000
 1-4 VDW =     1081.1462  1-4 EEL =    11615.7292  RESTRAINT  =      102.8124
 EAMBER  =  -194587.8507


   NSTEP       ENERGY          RMS            GMAX         NAME    NUMBER
   4200      -1.9450E+05     1.8126E-01     2.6252E+01     CD       4056

 BOND    =    14487.2812  ANGLE   =      415.9482  DIHED      =     3009.6453
 VDWAALS =    34889.8900  EEL     =  -260101.8061  HBOND      =        0.0000
 1-4 VDW =     1081.1340  1-4 EEL =    11615.7166  RESTRAINT  =      102.9845
 EAMBER  =  -194602.1907


   NSTEP       ENERGY          RMS            GMAX         NAME    NUMBER
   4250      -1.9451E+05     2.5009E-01     3.9263E+01     CE1      1198

 BOND    =    14489.9107  ANGLE   =      416.2788  DIHED      =     3009.6751
 VDWAALS =    34901.1200  EEL     =  -260129.7290  HBOND      =        0.0000
 1-4 VDW =     1081.1353  1-4 EEL =    11615.6647  RESTRAINT  =      103.3560
 EAMBER  =  -194615.9444


   NSTEP       ENERGY          RMS            GMAX         NAME    NUMBER
   4300      -1.9453E+05     1.4444E-01     2.1941E+01     CE1      1198

 BOND    =    14493.7985  ANGLE   =      415.4238  DIHED      =     3009.6802
 VDWAALS =    34912.1070  EEL     =  -260157.9789  HBOND      =        0.0000
 1-4 VDW =     1081.1509  1-4 EEL =    11615.7362  RESTRAINT  =      102.3264
 EAMBER  =  -194630.0823


   NSTEP       ENERGY          RMS            GMAX         NAME    NUMBER
   4350      -1.9454E+05     2.1610E-01     3.1287E+01     CE1      1198

 BOND    =    14497.0663  ANGLE   =      415.3947  DIHED      =     3009.7030
 VDWAALS =    34922.7942  EEL     =  -260185.2752  HBOND      =        0.0000
 1-4 VDW =     1081.1600  1-4 EEL =    11615.7208  RESTRAINT  =      102.2560
 EAMBER  =  -194643.4360


   NSTEP       ENERGY          RMS            GMAX         NAME    NUMBER
   4400      -1.9456E+05     9.0930E-02     1.1738E+01     CE1      1198

 BOND    =    14497.6673  ANGLE   =      415.7460  DIHED      =     3009.7313
 VDWAALS =    34932.7523  EEL     =  -260211.2876  HBOND      =        0.0000
 1-4 VDW =     1081.1454  1-4 EEL =    11615.6429  RESTRAINT  =      102.8389
 EAMBER  =  -194658.6023


   NSTEP       ENERGY          RMS            GMAX         NAME    NUMBER
   4450      -1.9457E+05     1.8240E-01     2.8145E+01     CE1      1198

 BOND    =    14500.0479  ANGLE   =      416.0441  DIHED      =     3009.7666
 VDWAALS =    34942.6308  EEL     =  -260237.2012  HBOND      =        0.0000
 1-4 VDW =     1081.1384  1-4 EEL =    11615.6037  RESTRAINT  =      103.1287
 EAMBER  =  -194671.9697


   NSTEP       ENERGY          RMS            GMAX         NAME    NUMBER
   4500      -1.9458E+05     5.6697E-02     3.5327E+00     CE1      1198

 BOND    =    14503.0160  ANGLE   =      415.5660  DIHED      =     3009.7871
 VDWAALS =    34952.6751  EEL     =  -260263.5405  HBOND      =        0.0000
 1-4 VDW =     1081.1446  1-4 EEL =    11615.6285  RESTRAINT  =      102.6016
 EAMBER  =  -194685.7232


   NSTEP       ENERGY          RMS            GMAX         NAME    NUMBER
   4550      -1.9460E+05     1.5312E-01     2.3077E+01     CE1      1198

 BOND    =    14506.4713  ANGLE   =      415.4009  DIHED      =     3009.8128
 VDWAALS =    34962.9903  EEL     =  -260290.2526  HBOND      =        0.0000
 1-4 VDW =     1081.1505  1-4 EEL =    11615.6294  RESTRAINT  =      102.3798
 EAMBER  =  -194698.7974


   NSTEP       ENERGY          RMS            GMAX         NAME    NUMBER
   4600      -1.9461E+05     6.9003E-02     7.3222E+00     CE1      1198

 BOND    =    14507.7844  ANGLE   =      415.6899  DIHED      =     3009.8462
 VDWAALS =    34973.1401  EEL     =  -260316.5195  HBOND      =        0.0000
 1-4 VDW =     1081.1426  1-4 EEL =    11615.5595  RESTRAINT  =      102.7879
 EAMBER  =  -194713.3568


   NSTEP       ENERGY          RMS            GMAX         NAME    NUMBER
   4650      -1.9462E+05     1.3825E-01     2.0654E+01     CE1      1198

 BOND    =    14510.0577  ANGLE   =      415.8893  DIHED      =     3009.8838
 VDWAALS =    34983.0577  EEL     =  -260342.2593  HBOND      =        0.0000
 1-4 VDW =     1081.1370  1-4 EEL =    11615.5143  RESTRAINT  =      103.0302
 EAMBER  =  -194726.7196


   NSTEP       ENERGY          RMS            GMAX         NAME    NUMBER
   4700      -1.9464E+05     1.9759E-01     3.0062E+01     CE1      1198

 BOND    =    14512.5557  ANGLE   =      416.0062  DIHED      =     3009.9178
 VDWAALS =    34993.2246  EEL     =  -260367.9619  HBOND      =        0.0000
 1-4 VDW =     1081.1404  1-4 EEL =    11615.4637  RESTRAINT  =      103.2581
 EAMBER  =  -194739.6535


   NSTEP       ENERGY          RMS            GMAX         NAME    NUMBER
   4750      -1.9465E+05     1.1489E-01     1.6071E+01     CE1      1198

 BOND    =    14515.9655  ANGLE   =      415.4592  DIHED      =     3009.9504
 VDWAALS =    35003.1383  EEL     =  -260393.7162  HBOND      =        0.0000
 1-4 VDW =     1081.1419  1-4 EEL =    11615.5101  RESTRAINT  =      102.4955
 EAMBER  =  -194752.5507


   NSTEP       ENERGY          RMS            GMAX         NAME    NUMBER
   4800      -1.9466E+05     1.9390E-01     2.5695E+01     CE1      1198

 BOND    =    14519.2129  ANGLE   =      415.4232  DIHED      =     3009.9963
 VDWAALS =    35013.6384  EEL     =  -260420.3776  HBOND      =        0.0000
 1-4 VDW =     1081.1372  1-4 EEL =    11615.4973  RESTRAINT  =      102.4084
 EAMBER  =  -194765.4722


   NSTEP       ENERGY          RMS            GMAX         NAME    NUMBER
   4850      -1.9468E+05     5.1616E-02     2.2716E+00     CE1      1198

 BOND    =    14520.2786  ANGLE   =      415.6318  DIHED      =     3010.0325
 VDWAALS =    35024.0996  EEL     =  -260445.6823  HBOND      =        0.0000
 1-4 VDW =     1081.1378  1-4 EEL =    11615.4099  RESTRAINT  =      102.7708
 EAMBER  =  -194779.0922


   NSTEP       ENERGY          RMS            GMAX         NAME    NUMBER
   4900      -1.9469E+05     1.5201E-01     2.1650E+01     CE1      1198

 BOND    =    14522.6893  ANGLE   =      415.9196  DIHED      =     3010.0806
 VDWAALS =    35035.3625  EEL     =  -260472.9439  HBOND      =        0.0000
 1-4 VDW =     1081.1282  1-4 EEL =    11615.3310  RESTRAINT  =      103.1121
 EAMBER  =  -194792.4327


   NSTEP       ENERGY          RMS            GMAX         NAME    NUMBER
   4950      -1.9470E+05     6.6921E-02     7.0726E+00     CE1      1198

 BOND    =    14525.7852  ANGLE   =      415.5401  DIHED      =     3010.1167
 VDWAALS =    35045.8722  EEL     =  -260498.6131  HBOND      =        0.0000
 1-4 VDW =     1081.1371  1-4 EEL =    11615.3458  RESTRAINT  =      102.6850
 EAMBER  =  -194804.8160


   NSTEP       ENERGY          RMS            GMAX         NAME    NUMBER
   5000      -1.9471E+05     1.2414E-01     1.4862E+01     CE1      1198

 BOND    =    14528.7369  ANGLE   =      415.4762  DIHED      =     3010.1625
 VDWAALS =    35056.5456  EEL     =  -260524.3301  HBOND      =        0.0000
 1-4 VDW =     1081.1319  1-4 EEL =    11615.3025  RESTRAINT  =      102.6244
 EAMBER  =  -194816.9745


   NSTEP       ENERGY          RMS            GMAX         NAME    NUMBER
   5050      -1.9473E+05     1.7728E-01     2.5342E+01     CE1      1198

 BOND    =    14531.8437  ANGLE   =      415.4301  DIHED      =     3010.2075
 VDWAALS =    35067.1248  EEL     =  -260549.8595  HBOND      =        0.0000
 1-4 VDW =     1081.1413  1-4 EEL =    11615.3048  RESTRAINT  =      102.5443
 EAMBER  =  -194828.8074


   NSTEP       ENERGY          RMS            GMAX         NAME    NUMBER
   5100      -1.9474E+05     1.0161E-01     1.3584E+01     CE1      1198

 BOND    =    14532.9031  ANGLE   =      415.8038  DIHED      =     3010.2555
 VDWAALS =    35077.6133  EEL     =  -260574.9076  HBOND      =        0.0000
 1-4 VDW =     1081.1276  1-4 EEL =    11615.1979  RESTRAINT  =      103.0621
 EAMBER  =  -194842.0063


   NSTEP       ENERGY          RMS            GMAX         NAME    NUMBER
   5150      -1.9475E+05     1.7753E-01     2.1560E+01     CE1      1198

 BOND    =    14535.4513  ANGLE   =      415.8912  DIHED      =     3010.3025
 VDWAALS =    35087.6724  EEL     =  -260599.3882  HBOND      =        0.0000
 1-4 VDW =     1081.1085  1-4 EEL =    11615.1570  RESTRAINT  =      103.2700
 EAMBER  =  -194853.8053


   NSTEP       ENERGY          RMS            GMAX         NAME    NUMBER
   5200      -1.9476E+05     5.2206E-02     3.1202E+00     CE1      1198

 BOND    =    14538.1888  ANGLE   =      415.6384  DIHED      =     3010.3306
 VDWAALS =    35097.7008  EEL     =  -260623.8768  HBOND      =        0.0000
 1-4 VDW =     1081.1337  1-4 EEL =    11615.1358  RESTRAINT  =      102.8759
 EAMBER  =  -194865.7488


   NSTEP       ENERGY          RMS            GMAX         NAME    NUMBER
   5250      -1.9477E+05     1.3978E-01     1.8481E+01     CE1      1198

 BOND    =    14541.4278  ANGLE   =      415.5773  DIHED      =     3010.3527
 VDWAALS =    35108.0049  EEL     =  -260648.8840  HBOND      =        0.0000
 1-4 VDW =     1081.1475  1-4 EEL =    11615.1117  RESTRAINT  =      102.7103
 EAMBER  =  -194877.2621


   NSTEP       ENERGY          RMS            GMAX         NAME    NUMBER
   5300      -1.9479E+05     1.9164E-01     2.5654E+01     CE1      1198

 BOND    =    14544.2692  ANGLE   =      415.5096  DIHED      =     3010.3703
 VDWAALS =    35117.5145  EEL     =  -260672.6246  HBOND      =        0.0000
 1-4 VDW =     1081.1147  1-4 EEL =    11615.1059  RESTRAINT  =      102.6658
 EAMBER  =  -194888.7404


   NSTEP       ENERGY          RMS            GMAX         NAME    NUMBER
   5350      -1.9480E+05     8.0350E-02     9.6141E+00     CE1      1198

 BOND    =    14545.0079  ANGLE   =      415.8494  DIHED      =     3010.3500
 VDWAALS =    35127.2538  EEL     =  -260696.1796  HBOND      =        0.0000
 1-4 VDW =     1081.1318  1-4 EEL =    11615.0162  RESTRAINT  =      103.1984
 EAMBER  =  -194901.5704


   NSTEP       ENERGY          RMS            GMAX         NAME    NUMBER
   5400      -1.9481E+05     1.6066E-01     2.2618E+01     CE1      1198

 BOND    =    14547.1370  ANGLE   =      416.0421  DIHED      =     3010.3070
 VDWAALS =    35136.5298  EEL     =  -260719.3483  HBOND      =        0.0000
 1-4 VDW =     1081.1153  1-4 EEL =    11614.9936  RESTRAINT  =      103.4576
 EAMBER  =  -194913.2234


   NSTEP       ENERGY          RMS            GMAX         NAME    NUMBER
   5450      -1.9482E+05     4.9985E-02     2.2775E+00     CE1      1198

 BOND    =    14549.7514  ANGLE   =      415.7436  DIHED      =     3010.2156
 VDWAALS =    35145.5489  EEL     =  -260742.2821  HBOND      =        0.0000
 1-4 VDW =     1081.1319  1-4 EEL =    11615.0344  RESTRAINT  =      103.0342
 EAMBER  =  -194924.8563


   NSTEP       ENERGY          RMS            GMAX         NAME    NUMBER
   5500      -1.9483E+05     1.4568E-01     2.0348E+01     CE1      1198

 BOND    =    14552.8707  ANGLE   =      415.6277  DIHED      =     3010.0886
 VDWAALS =    35154.7502  EEL     =  -260765.6596  HBOND      =        0.0000
 1-4 VDW =     1081.1490  1-4 EEL =    11615.0836  RESTRAINT  =      102.7940
 EAMBER  =  -194936.0898


   NSTEP       ENERGY          RMS            GMAX         NAME    NUMBER
   5550      -1.9485E+05     6.5216E-02     6.4835E+00     CE1      1198

 BOND    =    14553.8712  ANGLE   =      415.8609  DIHED      =     3009.9546
 VDWAALS =    35163.5451  EEL     =  -260787.8285  HBOND      =        0.0000
 1-4 VDW =     1081.1405  1-4 EEL =    11615.0865  RESTRAINT  =      103.1268
 EAMBER  =  -194948.3696


   NSTEP       ENERGY          RMS            GMAX         NAME    NUMBER
   5600      -1.9486E+05     6.6447E-02     7.0070E+00     CE1      1198

 BOND    =    14555.9845  ANGLE   =      415.8679  DIHED      =     3009.8191
 VDWAALS =    35172.2176  EEL     =  -260810.0282  HBOND      =        0.0000
 1-4 VDW =     1081.1491  1-4 EEL =    11615.1299  RESTRAINT  =      103.1076
 EAMBER  =  -194959.8603


   NSTEP       ENERGY          RMS            GMAX         NAME    NUMBER
   5650      -1.9487E+05     1.6923E-01     2.2957E+01     CE1      1198

 BOND    =    14558.0354  ANGLE   =      416.1735  DIHED      =     3009.7034
 VDWAALS =    35180.8722  EEL     =  -260832.0361  HBOND      =        0.0000
 1-4 VDW =     1081.1592  1-4 EEL =    11615.1502  RESTRAINT  =      103.3313
 EAMBER  =  -194970.9422


   NSTEP       ENERGY          RMS            GMAX         NAME    NUMBER
   5700      -1.9488E+05     9.1789E-02     1.1207E+01     CE1      1198

 BOND    =    14560.9699  ANGLE   =      415.6747  DIHED      =     3009.5856
 VDWAALS =    35189.5696  EEL     =  -260854.4562  HBOND      =        0.0000
 1-4 VDW =     1081.1635  1-4 EEL =    11615.2452  RESTRAINT  =      102.8094
 EAMBER  =  -194982.2477


   NSTEP       ENERGY          RMS            GMAX         NAME    NUMBER
   5750      -1.9489E+05     1.6061E-01     1.9748E+01     CE1      1198

 BOND    =    14563.6683  ANGLE   =      415.6229  DIHED      =     3009.4964
 VDWAALS =    35198.1389  EEL     =  -260876.5215  HBOND      =        0.0000
 1-4 VDW =     1081.1674  1-4 EEL =    11615.2962  RESTRAINT  =      102.7076
 EAMBER  =  -194993.1314


   NSTEP       ENERGY          RMS            GMAX         NAME    NUMBER
   5800      -1.9490E+05     2.2211E-01     2.5091E+01     CD       1772

 BOND    =    14566.1309  ANGLE   =      415.6081  DIHED      =     3009.4207
 VDWAALS =    35206.4913  EEL     =  -260897.9515  HBOND      =        0.0000
 1-4 VDW =     1081.1640  1-4 EEL =    11615.3285  RESTRAINT  =      102.6631
 EAMBER  =  -195003.8081


   NSTEP       ENERGY          RMS            GMAX         NAME    NUMBER
   5850      -1.9491E+05     1.2856E-01     1.6202E+01     CE1      1198

 BOND    =    14566.4373  ANGLE   =      415.9680  DIHED      =     3009.3722
 VDWAALS =    35214.6416  EEL     =  -260918.8407  HBOND      =        0.0000
 1-4 VDW =     1081.1617  1-4 EEL =    11615.2930  RESTRAINT  =      103.1629
 EAMBER  =  -195015.9670


   NSTEP       ENERGY          RMS            GMAX         NAME    NUMBER
   5900      -1.9492E+05     1.7598E-01     2.2730E+01     CE1      1198

 BOND    =    14568.4300  ANGLE   =      416.0779  DIHED      =     3009.3270
 VDWAALS =    35222.4605  EEL     =  -260939.3684  HBOND      =        0.0000
 1-4 VDW =     1081.1598  1-4 EEL =    11615.3049  RESTRAINT  =      103.2654
 EAMBER  =  -195026.6083


   NSTEP       ENERGY          RMS            GMAX         NAME    NUMBER
   5950      -1.9494E+05     1.0565E-01     1.2037E+01     CG       1195

 BOND    =    14571.3579  ANGLE   =      415.6472  DIHED      =     3009.2741
 VDWAALS =    35230.3366  EEL     =  -260960.9471  HBOND      =        0.0000
 1-4 VDW =     1081.1740  1-4 EEL =    11615.3744  RESTRAINT  =      102.7607
 EAMBER  =  -195037.7828


   NSTEP       ENERGY          RMS            GMAX         NAME    NUMBER
   6000      -1.9495E+05     1.4799E-01     1.7019E+01     CE1      1198

 BOND    =    14573.6941  ANGLE   =      415.6295  DIHED      =     3009.2372
 VDWAALS =    35237.8052  EEL     =  -260981.1287  HBOND      =        0.0000
 1-4 VDW =     1081.1793  1-4 EEL =    11615.4004  RESTRAINT  =      102.6957
 EAMBER  =  -195048.1829


   NSTEP       ENERGY          RMS            GMAX         NAME    NUMBER
   6050      -1.9496E+05     5.0292E-02     2.3952E+00     CE1      1198

 BOND    =    14574.5133  ANGLE   =      415.7696  DIHED      =     3009.2040
 VDWAALS =    35245.0561  EEL     =  -261000.6524  HBOND      =        0.0000
 1-4 VDW =     1081.1650  1-4 EEL =    11615.3821  RESTRAINT  =      102.9249
 EAMBER  =  -195059.5623


   NSTEP       ENERGY          RMS            GMAX         NAME    NUMBER
   6100      -1.9497E+05     1.2876E-01     1.5383E+01     CE1      1198

 BOND    =    14576.2204  ANGLE   =      415.9220  DIHED      =     3009.1730
 VDWAALS =    35252.4110  EEL     =  -261020.8554  HBOND      =        0.0000
 1-4 VDW =     1081.1576  1-4 EEL =    11615.3764  RESTRAINT  =      103.1343
 EAMBER  =  -195070.5950


   NSTEP       ENERGY          RMS            GMAX         NAME    NUMBER
   6150      -1.9498E+05     2.0954E-01     2.9822E+01     CD       1772

 BOND    =    14578.6247  ANGLE   =      416.1203  DIHED      =     3009.1471
 VDWAALS =    35259.7302  EEL     =  -261041.2897  HBOND      =        0.0000
 1-4 VDW =     1081.1793  1-4 EEL =    11615.3883  RESTRAINT  =      103.2450
 EAMBER  =  -195081.0998


   NSTEP       ENERGY          RMS            GMAX         NAME    NUMBER
   6200      -1.9499E+05     1.1113E-01     1.3295E+01     CE1      1198

 BOND    =    14581.0848  ANGLE   =      415.6106  DIHED      =     3009.1080
 VDWAALS =    35267.1011  EEL     =  -261061.7159  HBOND      =        0.0000
 1-4 VDW =     1081.1647  1-4 EEL =    11615.4439  RESTRAINT  =      102.7288
 EAMBER  =  -195092.2027


   NSTEP       ENERGY          RMS            GMAX         NAME    NUMBER
   6250      -1.9500E+05     1.6566E-01     1.9542E+01     CE1      1198

 BOND    =    14583.6012  ANGLE   =      415.6645  DIHED      =     3009.0819
 VDWAALS =    35274.4833  EEL     =  -261082.2658  HBOND      =        0.0000
 1-4 VDW =     1081.1743  1-4 EEL =    11615.4630  RESTRAINT  =      102.6289
 EAMBER  =  -195102.7976


   NSTEP       ENERGY          RMS            GMAX         NAME    NUMBER
   6300      -1.9501E+05     9.0234E-02     1.0206E+01     CE1      1198

 BOND    =    14584.0442  ANGLE   =      415.8562  DIHED      =     3009.0570
 VDWAALS =    35281.8151  EEL     =  -261101.7216  HBOND      =        0.0000
 1-4 VDW =     1081.1553  1-4 EEL =    11615.4310  RESTRAINT  =      103.0750
 EAMBER  =  -195114.3628


   NSTEP       ENERGY          RMS            GMAX         NAME    NUMBER
   6350      -1.9502E+05     1.5965E-01     1.9604E+01     CD       1772

 BOND    =    14586.0835  ANGLE   =      416.0208  DIHED      =     3009.0350
 VDWAALS =    35289.0619  EEL     =  -261121.7267  HBOND      =        0.0000
 1-4 VDW =     1081.1635  1-4 EEL =    11615.4300  RESTRAINT  =      103.1907
 EAMBER  =  -195124.9319


   NSTEP       ENERGY          RMS            GMAX         NAME    NUMBER
   6400      -1.9503E+05     2.1275E-01     2.6768E+01     CD       1772

 BOND    =    14587.9241  ANGLE   =      415.9674  DIHED      =     3009.0139
 VDWAALS =    35296.2664  EEL     =  -261141.1989  HBOND      =        0.0000
 1-4 VDW =     1081.1279  1-4 EEL =    11615.4369  RESTRAINT  =      103.2957
 EAMBER  =  -195135.4621


   NSTEP       ENERGY          RMS            GMAX         NAME    NUMBER
   6450      -1.9504E+05     1.2117E-01     1.3738E+01     CE1      1198

 BOND    =    14590.7563  ANGLE   =      415.6164  DIHED      =     3008.9847
 VDWAALS =    35303.3871  EEL     =  -261161.5486  HBOND      =        0.0000
 1-4 VDW =     1081.1522  1-4 EEL =    11615.4956  RESTRAINT  =      102.7600
 EAMBER  =  -195146.1563


   NSTEP       ENERGY          RMS            GMAX         NAME    NUMBER
   6500      -1.9505E+05     1.8089E-01     2.3297E+01     CD       1772

 BOND    =    14592.8845  ANGLE   =      415.5054  DIHED      =     3008.9656
 VDWAALS =    35310.2804  EEL     =  -261180.5410  HBOND      =        0.0000
 1-4 VDW =     1081.1305  1-4 EEL =    11615.5127  RESTRAINT  =      102.7634
 EAMBER  =  -195156.2619


   NSTEP       ENERGY          RMS            GMAX         NAME    NUMBER
   6550      -1.9506E+05     6.3355E-02     5.0453E+00     CE1      1198

 BOND    =    14593.4808  ANGLE   =      415.7702  DIHED      =     3008.9487
 VDWAALS =    35317.2351  EEL     =  -261199.7549  HBOND      =        0.0000
 1-4 VDW =     1081.1360  1-4 EEL =    11615.4883  RESTRAINT  =      103.0352
 EAMBER  =  -195167.6958


   NSTEP       ENERGY          RMS            GMAX         NAME    NUMBER
   6600      -1.9508E+05     1.4012E-01     1.6458E+01     CE1      1198

 BOND    =    14595.1905  ANGLE   =      415.9668  DIHED      =     3008.9359
 VDWAALS =    35324.2330  EEL     =  -261219.1797  HBOND      =        0.0000
 1-4 VDW =     1081.1369  1-4 EEL =    11615.4802  RESTRAINT  =      103.2175
 EAMBER  =  -195178.2364


   NSTEP       ENERGY          RMS            GMAX         NAME    NUMBER
   6650      -1.9509E+05     4.9551E-02     2.4219E+00     CE1      1198

 BOND    =    14597.3702  ANGLE   =      415.6993  DIHED      =     3008.9155
 VDWAALS =    35331.1647  EEL     =  -261238.6666  HBOND      =        0.0000
 1-4 VDW =     1081.1357  1-4 EEL =    11615.5170  RESTRAINT  =      102.9443
 EAMBER  =  -195188.8643


   NSTEP       ENERGY          RMS            GMAX         NAME    NUMBER
   6700      -1.9510E+05     1.3704E-01     1.4654E+01     CE1      1198

 BOND    =    14600.0022  ANGLE   =      415.6420  DIHED      =     3008.8977
 VDWAALS =    35338.4670  EEL     =  -261258.7437  HBOND      =        0.0000
 1-4 VDW =     1081.1451  1-4 EEL =    11615.5443  RESTRAINT  =      102.7965
 EAMBER  =  -195199.0453


   NSTEP       ENERGY          RMS            GMAX         NAME    NUMBER
   6750      -1.9511E+05     5.6798E-02     4.3849E+00     CE1      1198

 BOND    =    14600.7974  ANGLE   =      415.7611  DIHED      =     3008.8851
 VDWAALS =    35345.7804  EEL     =  -261277.7217  HBOND      =        0.0000
 1-4 VDW =     1081.1308  1-4 EEL =    11615.5280  RESTRAINT  =      103.0590
 EAMBER  =  -195209.8390


   NSTEP       ENERGY          RMS            GMAX         NAME    NUMBER
   6800      -1.9512E+05     1.0828E-01     1.2177E+01     CE1      1198

 BOND    =    14602.4426  ANGLE   =      415.8460  DIHED      =     3008.8738
 VDWAALS =    35353.1789  EEL     =  -261296.7914  HBOND      =        0.0000
 1-4 VDW =     1081.1255  1-4 EEL =    11615.5270  RESTRAINT  =      103.1838
 EAMBER  =  -195219.7977


   NSTEP       ENERGY          RMS            GMAX         NAME    NUMBER
   6850      -1.9513E+05     1.5709E-01     1.8042E+01     CE1      1198

 BOND    =    14604.1978  ANGLE   =      415.9050  DIHED      =     3008.8635
 VDWAALS =    35360.4843  EEL     =  -261315.4259  HBOND      =        0.0000
 1-4 VDW =     1081.1184  1-4 EEL =    11615.5295  RESTRAINT  =      103.2908
 EAMBER  =  -195229.3275


   NSTEP       ENERGY          RMS            GMAX         NAME    NUMBER
   6900      -1.9514E+05     5.9087E-02     4.5877E+00     CE1      1198

 BOND    =    14606.4783  ANGLE   =      415.6406  DIHED      =     3008.8442
 VDWAALS =    35367.8151  EEL     =  -261334.6487  HBOND      =        0.0000
 1-4 VDW =     1081.1360  1-4 EEL =    11615.5750  RESTRAINT  =      102.9373
 EAMBER  =  -195239.1595


   NSTEP       ENERGY          RMS            GMAX         NAME    NUMBER
   6950      -1.9515E+05     1.3426E-01     1.4613E+01     CE1      1198

 BOND    =    14608.8678  ANGLE   =      415.5628  DIHED      =     3008.8320
 VDWAALS =    35374.9380  EEL     =  -261353.0914  HBOND      =        0.0000
 1-4 VDW =     1081.1445  1-4 EEL =    11615.6017  RESTRAINT  =      102.8144
 EAMBER  =  -195248.1444


   NSTEP       ENERGY          RMS            GMAX         NAME    NUMBER
   7000      -1.9515E+05     4.6496E-02     2.4298E+00     CE1      1198

 BOND    =    14609.5482  ANGLE   =      415.6744  DIHED      =     3008.8227
 VDWAALS =    35381.8146  EEL     =  -261370.4026  HBOND      =        0.0000
 1-4 VDW =     1081.1379  1-4 EEL =    11615.5880  RESTRAINT  =      103.0227
 EAMBER  =  -195257.8168


   NSTEP       ENERGY          RMS            GMAX         NAME    NUMBER
   7050      -1.9516E+05     1.2599E-01     1.5167E+01     CD       1772

 BOND    =    14611.1927  ANGLE   =      415.8418  DIHED      =     3008.8132
 VDWAALS =    35388.8361  EEL     =  -261388.4669  HBOND      =        0.0000
 1-4 VDW =     1081.1476  1-4 EEL =    11615.5851  RESTRAINT  =      103.1625
 EAMBER  =  -195267.0503


   NSTEP       ENERGY          RMS            GMAX         NAME    NUMBER
   7100      -1.9517E+05     1.8920E-01     3.5684E+01     CD       1772

 BOND    =    14612.7836  ANGLE   =      415.6985  DIHED      =     3008.8024
 VDWAALS =    35395.4490  EEL     =  -261405.1857  HBOND      =        0.0000
 1-4 VDW =     1081.1209  1-4 EEL =    11615.6024  RESTRAINT  =      103.2286
 EAMBER  =  -195275.7289


   NSTEP       ENERGY          RMS            GMAX         NAME    NUMBER
   7150      -1.9518E+05     9.7113E-02     1.0987E+01     CE1      1198

 BOND    =    14615.1559  ANGLE   =      415.4936  DIHED      =     3008.7872
 VDWAALS =    35402.2200  EEL     =  -261423.3976  HBOND      =        0.0000
 1-4 VDW =     1081.1488  1-4 EEL =    11615.6466  RESTRAINT  =      102.8133
 EAMBER  =  -195284.9455


   NSTEP       ENERGY          RMS            GMAX         NAME    NUMBER
   7200      -1.9519E+05     1.3267E-01     1.4881E+01     CE1      1198

 BOND    =    14617.1855  ANGLE   =      415.4612  DIHED      =     3008.7778
 VDWAALS =    35409.0910  EEL     =  -261441.4509  HBOND      =        0.0000
 1-4 VDW =     1081.1549  1-4 EEL =    11615.6646  RESTRAINT  =      102.7582
 EAMBER  =  -195294.1159


   NSTEP       ENERGY          RMS            GMAX         NAME    NUMBER
   7250      -1.9520E+05     7.4542E-02     7.1461E+00     CE1      1198

 BOND    =    14617.7042  ANGLE   =      415.6454  DIHED      =     3008.7708
 VDWAALS =    35415.6126  EEL     =  -261458.0471  HBOND      =        0.0000
 1-4 VDW =     1081.1485  1-4 EEL =    11615.6458  RESTRAINT  =      103.0487
 EAMBER  =  -195303.5198


   NSTEP       ENERGY          RMS            GMAX         NAME    NUMBER
   7300      -1.9521E+05     1.3236E-01     1.3551E+01     CE1      1198

 BOND    =    14619.2329  ANGLE   =      415.6938  DIHED      =     3008.7645
 VDWAALS =    35422.0258  EEL     =  -261474.7769  HBOND      =        0.0000
 1-4 VDW =     1081.1441  1-4 EEL =    11615.6504  RESTRAINT  =      103.1503
 EAMBER  =  -195312.2654


   NSTEP       ENERGY          RMS            GMAX         NAME    NUMBER
   7350      -1.9522E+05     4.2769E-02     1.4930E+00     CE1      1198

 BOND    =    14621.1116  ANGLE   =      415.5225  DIHED      =     3008.7542
 VDWAALS =    35428.0414  EEL     =  -261491.0492  HBOND      =        0.0000
 1-4 VDW =     1081.1548  1-4 EEL =    11615.6836  RESTRAINT  =      102.9000
 EAMBER  =  -195320.7812


   NSTEP       ENERGY          RMS            GMAX         NAME    NUMBER
   7400      -1.9523E+05     7.0396E-02     6.9316E+00     CD       1772

 BOND    =    14622.8399  ANGLE   =      415.4538  DIHED      =     3008.7461
 VDWAALS =    35434.0570  EEL     =  -261507.2498  HBOND      =        0.0000
 1-4 VDW =     1081.1545  1-4 EEL =    11615.7018  RESTRAINT  =      102.8400
 EAMBER  =  -195329.2968


   NSTEP       ENERGY          RMS            GMAX         NAME    NUMBER
   7450      -1.9523E+05     1.5749E-01     2.1201E+01     CD       1772

 BOND    =    14625.1362  ANGLE   =      415.4895  DIHED      =     3008.7396
 VDWAALS =    35439.7348  EEL     =  -261522.9506  HBOND      =        0.0000
 1-4 VDW =     1081.1748  1-4 EEL =    11615.7233  RESTRAINT  =      102.7106
 EAMBER  =  -195336.9523


   NSTEP       ENERGY          RMS            GMAX         NAME    NUMBER
   7500      -1.9524E+05     5.4865E-02     3.9413E+00     CE1      1198

 BOND    =    14625.3980  ANGLE   =      415.5674  DIHED      =     3008.7348
 VDWAALS =    35445.3022  EEL     =  -261537.5796  HBOND      =        0.0000
 1-4 VDW =     1081.1617  1-4 EEL =    11615.7110  RESTRAINT  =      102.9445
 EAMBER  =  -195345.7045


   NSTEP       ENERGY          RMS            GMAX         NAME    NUMBER
   7550      -1.9525E+05     1.3490E-01     1.7631E+01     CD       1772

 BOND    =    14626.8499  ANGLE   =      415.7166  DIHED      =     3008.7311
 VDWAALS =    35450.8318  EEL     =  -261552.4803  HBOND      =        0.0000
 1-4 VDW =     1081.1705  1-4 EEL =    11615.7098  RESTRAINT  =      103.0619
 EAMBER  =  -195353.4706


   NSTEP       ENERGY          RMS            GMAX         NAME    NUMBER
   7600      -1.9526E+05     4.3795E-02     2.1954E+00     CE1      1198

 BOND    =    14628.4141  ANGLE   =      415.4718  DIHED      =     3008.7237
 VDWAALS =    35456.1535  EEL     =  -261567.1507  HBOND      =        0.0000
 1-4 VDW =     1081.1641  1-4 EEL =    11615.7442  RESTRAINT  =      102.8393
 EAMBER  =  -195361.4793


   NSTEP       ENERGY          RMS            GMAX         NAME    NUMBER
   7650      -1.9527E+05     1.1499E-01     1.2364E+01     CE1      1198

 BOND    =    14630.3971  ANGLE   =      415.3617  DIHED      =     3008.7173
 VDWAALS =    35461.4956  EEL     =  -261581.8861  HBOND      =        0.0000
 1-4 VDW =     1081.1656  1-4 EEL =    11615.7713  RESTRAINT  =      102.7040
 EAMBER  =  -195368.9775


   NSTEP       ENERGY          RMS            GMAX         NAME    NUMBER
   7700      -1.9527E+05     4.9661E-02     3.4183E+00     CE1      1198

 BOND    =    14630.9614  ANGLE   =      415.5174  DIHED      =     3008.7149
 VDWAALS =    35466.8182  EEL     =  -261596.3089  HBOND      =        0.0000
 1-4 VDW =     1081.1657  1-4 EEL =    11615.7585  RESTRAINT  =      102.9046
 EAMBER  =  -195377.3728


   NSTEP       ENERGY          RMS            GMAX         NAME    NUMBER
   7750      -1.9528E+05     9.4784E-02     9.2305E+00     CE1      1198

 BOND    =    14632.2191  ANGLE   =      415.6060  DIHED      =     3008.7126
 VDWAALS =    35471.9757  EEL     =  -261610.4321  HBOND      =        0.0000
 1-4 VDW =     1081.1696  1-4 EEL =    11615.7599  RESTRAINT  =      102.9798
 EAMBER  =  -195384.9891


   NSTEP       ENERGY          RMS            GMAX         NAME    NUMBER
   7800      -1.9529E+05     1.4011E-01     1.4104E+01     CD       1772

 BOND    =    14633.6206  ANGLE   =      415.6992  DIHED      =     3008.7096
 VDWAALS =    35477.0307  EEL     =  -261624.4610  HBOND      =        0.0000
 1-4 VDW =     1081.1771  1-4 EEL =    11615.7636  RESTRAINT  =      103.0332
 EAMBER  =  -195392.4602


   NSTEP       ENERGY          RMS            GMAX         NAME    NUMBER
   7850      -1.9530E+05     7.2603E-02     6.3828E+00     H2       4934

 BOND    =    14635.4454  ANGLE   =      415.4011  DIHED      =     3008.7028
 VDWAALS =    35482.1206  EEL     =  -261639.0785  HBOND      =        0.0000
 1-4 VDW =     1081.1744  1-4 EEL =    11615.8054  RESTRAINT  =      102.7521
 EAMBER  =  -195400.4289


   NSTEP       ENERGY          RMS            GMAX         NAME    NUMBER
   7900      -1.9531E+05     1.1370E-01     1.1798E+01     CE1      1198

 BOND    =    14637.1094  ANGLE   =      415.3580  DIHED      =     3008.6996
 VDWAALS =    35487.0354  EEL     =  -261653.0021  HBOND      =        0.0000
 1-4 VDW =     1081.1775  1-4 EEL =    11615.8239  RESTRAINT  =      102.6707
 EAMBER  =  -195407.7983


   NSTEP       ENERGY          RMS            GMAX         NAME    NUMBER
   7950      -1.9531E+05     5.6279E-02     4.3611E+00     H2       4934

 BOND    =    14637.5963  ANGLE   =      415.4987  DIHED      =     3008.6992
 VDWAALS =    35492.0535  EEL     =  -261666.9793  HBOND      =        0.0000
 1-4 VDW =     1081.1726  1-4 EEL =    11615.8116  RESTRAINT  =      102.8840
 EAMBER  =  -195416.1473


   NSTEP       ENERGY          RMS            GMAX         NAME    NUMBER
   8000      -1.9532E+05     9.8795E-02     9.8562E+00     H2       4934

 BOND    =    14638.8115  ANGLE   =      415.5606  DIHED      =     3008.6994
 VDWAALS =    35497.0724  EEL     =  -261681.1722  HBOND      =        0.0000
 1-4 VDW =     1081.1707  1-4 EEL =    11615.8142  RESTRAINT  =      102.9614
 EAMBER  =  -195424.0435


   NSTEP       ENERGY          RMS            GMAX         NAME    NUMBER
   8050      -1.9533E+05     1.4364E-01     1.4465E+01     H2       4934

 BOND    =    14640.2163  ANGLE   =      415.6544  DIHED      =     3008.6996
 VDWAALS =    35502.1465  EEL     =  -261695.5069  HBOND      =        0.0000
 1-4 VDW =     1081.1770  1-4 EEL =    11615.8169  RESTRAINT  =      103.0241
 EAMBER  =  -195431.7963


   NSTEP       ENERGY          RMS            GMAX         NAME    NUMBER
   8100      -1.9534E+05     5.1620E-02     3.5933E+00     H2       4934

 BOND    =    14641.8910  ANGLE   =      415.3967  DIHED      =     3008.6945
 VDWAALS =    35507.1535  EEL     =  -261709.8760  HBOND      =        0.0000
 1-4 VDW =     1081.1775  1-4 EEL =    11615.8537  RESTRAINT  =      102.7638
 EAMBER  =  -195439.7091


   NSTEP       ENERGY          RMS            GMAX         NAME    NUMBER
   8150      -1.9534E+05     1.2639E-01     1.6639E+01     CD       1772

 BOND    =    14643.6215  ANGLE   =      415.2740  DIHED      =     3008.6946
 VDWAALS =    35512.1187  EEL     =  -261723.8222  HBOND      =        0.0000
 1-4 VDW =     1081.1659  1-4 EEL =    11615.8779  RESTRAINT  =      102.6918
 EAMBER  =  -195447.0698


   NSTEP       ENERGY          RMS            GMAX         NAME    NUMBER
   8200      -1.9535E+05     4.1994E-02     1.6984E+00     H2       4934

 BOND    =    14644.3035  ANGLE   =      415.4345  DIHED      =     3008.6958
 VDWAALS =    35517.1434  EEL     =  -261737.8018  HBOND      =        0.0000
 1-4 VDW =     1081.1776  1-4 EEL =    11615.8677  RESTRAINT  =      102.8223
 EAMBER  =  -195455.1793


   NSTEP       ENERGY          RMS            GMAX         NAME    NUMBER
   8250      -1.9536E+05     1.0276E-01     1.0831E+01     H2       4934

 BOND    =    14645.5111  ANGLE   =      415.5293  DIHED      =     3008.6974
 VDWAALS =    35522.3131  EEL     =  -261752.2788  HBOND      =        0.0000
 1-4 VDW =     1081.1766  1-4 EEL =    11615.8663  RESTRAINT  =      102.9335
 EAMBER  =  -195463.1850


   NSTEP       ENERGY          RMS            GMAX         NAME    NUMBER
   8300      -1.9537E+05     1.5412E-01     1.5408E+01     H2       4934

 BOND    =    14646.9134  ANGLE   =      415.6110  DIHED      =     3008.6968
 VDWAALS =    35527.4012  EEL     =  -261766.5504  HBOND      =        0.0000
 1-4 VDW =     1081.1893  1-4 EEL =    11615.8648  RESTRAINT  =      102.9942
 EAMBER  =  -195470.8739


   NSTEP       ENERGY          RMS            GMAX         NAME    NUMBER
   8350      -1.9538E+05     6.8308E-02     6.3045E+00     H2       4934

 BOND    =    14648.6459  ANGLE   =      415.3340  DIHED      =     3008.6980
 VDWAALS =    35532.2171  EEL     =  -261780.8844  HBOND      =        0.0000
 1-4 VDW =     1081.1773  1-4 EEL =    11615.9103  RESTRAINT  =      102.7231
 EAMBER  =  -195478.9018


   NSTEP       ENERGY          RMS            GMAX         NAME    NUMBER
   8400      -1.9538E+05     4.2136E-02     2.0155E+00     H2       4934

 BOND    =    14649.5767  ANGLE   =      415.4072  DIHED      =     3008.6999
 VDWAALS =    35537.0609  EEL     =  -261794.5205  HBOND      =        0.0000
 1-4 VDW =     1081.1794  1-4 EEL =    11615.9097  RESTRAINT  =      102.8131
 EAMBER  =  -195486.6868


   NSTEP       ENERGY          RMS            GMAX         NAME    NUMBER
   8450      -1.9539E+05     6.7366E-02     6.3646E+00     H2       4934

 BOND    =    14650.7736  ANGLE   =      415.4475  DIHED      =     3008.7014
 VDWAALS =    35541.9765  EEL     =  -261808.4110  HBOND      =        0.0000
 1-4 VDW =     1081.1816  1-4 EEL =    11615.9141  RESTRAINT  =      102.8618
 EAMBER  =  -195494.4162


   NSTEP       ENERGY          RMS            GMAX         NAME    NUMBER
   8500      -1.9540E+05     1.1032E-01     1.1306E+01     H2       4934

 BOND    =    14651.9844  ANGLE   =      415.4770  DIHED      =     3008.7079
 VDWAALS =    35546.6127  EEL     =  -261821.7017  HBOND      =        0.0000
 1-4 VDW =     1081.1723  1-4 EEL =    11615.9230  RESTRAINT  =      102.9254
 EAMBER  =  -195501.8245


   NSTEP       ENERGY          RMS            GMAX         NAME    NUMBER
   8550      -1.9541E+05     5.0845E-02     3.9189E+00     H2       4934

 BOND    =    14653.5738  ANGLE   =      415.3388  DIHED      =     3008.7066
 VDWAALS =    35551.3372  EEL     =  -261835.4628  HBOND      =        0.0000
 1-4 VDW =     1081.1824  1-4 EEL =    11615.9465  RESTRAINT  =      102.7459
 EAMBER  =  -195509.3775


   NSTEP       ENERGY          RMS            GMAX         NAME    NUMBER
   8600      -1.9541E+05     9.5827E-02     9.9847E+00     H2       4934

 BOND    =    14655.1377  ANGLE   =      415.2986  DIHED      =     3008.7091
 VDWAALS =    35555.9600  EEL     =  -261848.8546  HBOND      =        0.0000
 1-4 VDW =     1081.1888  1-4 EEL =    11615.9612  RESTRAINT  =      102.6806
 EAMBER  =  -195516.5992


   NSTEP       ENERGY          RMS            GMAX         NAME    NUMBER
   8650      -1.9542E+05     1.3695E-01     1.4894E+01     H2       4934

 BOND    =    14656.6887  ANGLE   =      415.2305  DIHED      =     3008.7159
 VDWAALS =    35560.3201  EEL     =  -261861.8201  HBOND      =        0.0000
 1-4 VDW =     1081.1806  1-4 EEL =    11615.9810  RESTRAINT  =      102.6338
 EAMBER  =  -195523.7033


   NSTEP       ENERGY          RMS            GMAX         NAME    NUMBER
   8700      -1.9543E+05     4.1385E-02     1.8805E+00     H2       4934

 BOND    =    14656.9881  ANGLE   =      415.3783  DIHED      =     3008.7209
 VDWAALS =    35564.9128  EEL     =  -261875.1061  HBOND      =        0.0000
 1-4 VDW =     1081.1839  1-4 EEL =    11615.9668  RESTRAINT  =      102.7995
 EAMBER  =  -195531.9552


   NSTEP       ENERGY          RMS            GMAX         NAME    NUMBER
   8750      -1.9544E+05     1.2708E-01     1.5248E+01     CG       3141

 BOND    =    14658.2146  ANGLE   =      415.4304  DIHED      =     3008.7319
 VDWAALS =    35569.3361  EEL     =  -261888.4970  HBOND      =        0.0000
 1-4 VDW =     1081.1656  1-4 EEL =    11615.9780  RESTRAINT  =      102.8970
 EAMBER  =  -195539.6403


   NSTEP       ENERGY          RMS            GMAX         NAME    NUMBER
   8800      -1.9544E+05     5.7296E-02     5.0039E+00     H2       4934

 BOND    =    14659.6555  ANGLE   =      415.3150  DIHED      =     3008.7305
 VDWAALS =    35573.9505  EEL     =  -261901.9621  HBOND      =        0.0000
 1-4 VDW =     1081.1866  1-4 EEL =    11615.9910  RESTRAINT  =      102.7339
 EAMBER  =  -195547.1331


   NSTEP       ENERGY          RMS            GMAX         NAME    NUMBER
   8850      -1.9545E+05     9.9259E-02     1.0769E+01     H2       4934

 BOND    =    14661.2080  ANGLE   =      415.2669  DIHED      =     3008.7370
 VDWAALS =    35578.6063  EEL     =  -261915.6538  HBOND      =        0.0000
 1-4 VDW =     1081.1850  1-4 EEL =    11616.0079  RESTRAINT  =      102.6787
 EAMBER  =  -195554.6426


   NSTEP       ENERGY          RMS            GMAX         NAME    NUMBER
   8900      -1.9546E+05     1.5163E-01     1.4452E+01     H2       4934

 BOND    =    14662.8040  ANGLE   =      415.2401  DIHED      =     3008.7480
 VDWAALS =    35583.2587  EEL     =  -261929.1874  HBOND      =        0.0000
 1-4 VDW =     1081.1729  1-4 EEL =    11616.0286  RESTRAINT  =      102.6512
 EAMBER  =  -195561.9351


   NSTEP       ENERGY          RMS            GMAX         NAME    NUMBER
   8950      -1.9547E+05     5.6725E-02     4.4418E+00     H2       4934

 BOND    =    14663.1189  ANGLE   =      415.3868  DIHED      =     3008.7496
 VDWAALS =    35588.5126  EEL     =  -261943.1266  HBOND      =        0.0000
 1-4 VDW =     1081.1886  1-4 EEL =    11616.0051  RESTRAINT  =      102.8267
 EAMBER  =  -195570.1650


   NSTEP       ENERGY          RMS            GMAX         NAME    NUMBER
   9000      -1.9547E+05     1.2698E-01     1.2923E+01     CD       4056

 BOND    =    14664.4341  ANGLE   =      415.4716  DIHED      =     3008.7551
 VDWAALS =    35593.7540  EEL     =  -261957.0993  HBOND      =        0.0000
 1-4 VDW =     1081.1992  1-4 EEL =    11615.9991  RESTRAINT  =      102.9008
 EAMBER  =  -195577.4862


   NSTEP       ENERGY          RMS            GMAX         NAME    NUMBER
   9050      -1.9548E+05     4.3339E-02     2.5133E+00     H2       4934

 BOND    =    14665.8882  ANGLE   =      415.3213  DIHED      =     3008.7654
 VDWAALS =    35598.7279  EEL     =  -261970.8366  HBOND      =        0.0000
 1-4 VDW =     1081.1868  1-4 EEL =    11616.0286  RESTRAINT  =      102.7643
 EAMBER  =  -195584.9184


   NSTEP       ENERGY          RMS            GMAX         NAME    NUMBER
   9100      -1.9549E+05     1.1225E-01     1.2532E+01     H2       4934

 BOND    =    14667.7874  ANGLE   =      415.2420  DIHED      =     3008.7734
 VDWAALS =    35604.1655  EEL     =  -261985.3310  HBOND      =        0.0000
 1-4 VDW =     1081.1852  1-4 EEL =    11616.0471  RESTRAINT  =      102.6803
 EAMBER  =  -195592.1304


   NSTEP       ENERGY          RMS            GMAX         NAME    NUMBER
   9150      -1.9550E+05     1.5754E-01     1.7715E+01     H2       4934

 BOND    =    14669.5759  ANGLE   =      415.2173  DIHED      =     3008.7783
 VDWAALS =    35609.7107  EEL     =  -261999.6672  HBOND      =        0.0000
 1-4 VDW =     1081.1960  1-4 EEL =    11616.0531  RESTRAINT  =      102.6420
 EAMBER  =  -195599.1360


   NSTEP       ENERGY          RMS            GMAX         NAME    NUMBER
   9200      -1.9550E+05     5.3472E-02     4.3460E+00     H2       4934

 BOND    =    14669.8569  ANGLE   =      415.3754  DIHED      =     3008.7896
 VDWAALS =    35615.2275  EEL     =  -262013.5108  HBOND      =        0.0000
 1-4 VDW =     1081.1888  1-4 EEL =    11616.0386  RESTRAINT  =      102.8341
 EAMBER  =  -195607.0340


   NSTEP       ENERGY          RMS            GMAX         NAME    NUMBER
   9250      -1.9551E+05     1.3237E-01     1.4757E+01     H2       4934

 BOND    =    14671.2822  ANGLE   =      415.4623  DIHED      =     3008.8038
 VDWAALS =    35620.9488  EEL     =  -262028.0127  HBOND      =        0.0000
 1-4 VDW =     1081.1787  1-4 EEL =    11616.0406  RESTRAINT  =      102.9501
 EAMBER  =  -195614.2964


   NSTEP       ENERGY          RMS            GMAX         NAME    NUMBER
   9300      -1.9552E+05     3.9687E-02     1.4393E+00     H2       4934

 BOND    =    14672.9329  ANGLE   =      415.3229  DIHED      =     3008.8088
 VDWAALS =    35626.7707  EEL     =  -262042.8988  HBOND      =        0.0000
 1-4 VDW =     1081.1892  1-4 EEL =    11616.0572  RESTRAINT  =      102.7807
 EAMBER  =  -195621.8172


   NSTEP       ENERGY          RMS            GMAX         NAME    NUMBER
   9350      -1.9553E+05     1.1291E-01     1.2122E+01     H2       4934

 BOND    =    14674.9597  ANGLE   =      415.2683  DIHED      =     3008.8169
 VDWAALS =    35632.6777  EEL     =  -262057.9701  HBOND      =        0.0000
 1-4 VDW =     1081.1992  1-4 EEL =    11616.0693  RESTRAINT  =      102.6916
 EAMBER  =  -195628.9790


   NSTEP       ENERGY          RMS            GMAX         NAME    NUMBER
   9400      -1.9553E+05     4.9378E-02     3.8430E+00     H2       4934

 BOND    =    14675.7220  ANGLE   =      415.3532  DIHED      =     3008.8301
 VDWAALS =    35638.2929  EEL     =  -262072.1394  HBOND      =        0.0000
 1-4 VDW =     1081.1878  1-4 EEL =    11616.0637  RESTRAINT  =      102.8300
 EAMBER  =  -195636.6897


   NSTEP       ENERGY          RMS            GMAX         NAME    NUMBER
   9450      -1.9554E+05     9.6210E-02     1.0735E+01     H2       4934

 BOND    =    14677.0794  ANGLE   =      415.4043  DIHED      =     3008.8423
 VDWAALS =    35643.8688  EEL     =  -262086.5202  HBOND      =        0.0000
 1-4 VDW =     1081.1861  1-4 EEL =    11616.0635  RESTRAINT  =      102.8921
 EAMBER  =  -195644.0757


   NSTEP       ENERGY          RMS            GMAX         NAME    NUMBER
   9500      -1.9555E+05     1.4047E-01     1.6006E+01     H2       4934

 BOND    =    14678.4979  ANGLE   =      415.4761  DIHED      =     3008.8518
 VDWAALS =    35649.3352  EEL     =  -262100.6153  HBOND      =        0.0000
 1-4 VDW =     1081.1966  1-4 EEL =    11616.0590  RESTRAINT  =      102.9499
 EAMBER  =  -195651.1986


   NSTEP       ENERGY          RMS            GMAX         NAME    NUMBER
   9550      -1.9556E+05     5.3182E-02     4.1339E+00     H2       4934

 BOND    =    14680.1104  ANGLE   =      415.2978  DIHED      =     3008.8644
 VDWAALS =    35654.6548  EEL     =  -262115.1311  HBOND      =        0.0000
 1-4 VDW =     1081.1895  1-4 EEL =    11616.0876  RESTRAINT  =      102.7641
 EAMBER  =  -195658.9265


   NSTEP       ENERGY          RMS            GMAX         NAME    NUMBER
   9600      -1.9556E+05     1.2140E-01     1.2373E+01     H2       4934

 BOND    =    14681.8805  ANGLE   =      415.2650  DIHED      =     3008.8724
 VDWAALS =    35660.1245  EEL     =  -262129.6404  HBOND      =        0.0000
 1-4 VDW =     1081.2043  1-4 EEL =    11616.0901  RESTRAINT  =      102.7172
 EAMBER  =  -195666.2038


   NSTEP       ENERGY          RMS            GMAX         NAME    NUMBER
   9650      -1.9557E+05     4.1083E-02     1.7987E+00     H2       4934

 BOND    =    14682.5244  ANGLE   =      415.3417  DIHED      =     3008.8892
 VDWAALS =    35665.0108  EEL     =  -262142.9874  HBOND      =        0.0000
 1-4 VDW =     1081.1936  1-4 EEL =    11616.0897  RESTRAINT  =      102.8124
 EAMBER  =  -195673.9380


   NSTEP       ENERGY          RMS            GMAX         NAME    NUMBER
   9700      -1.9558E+05     1.0323E-01     1.1878E+01     H2       4934

 BOND    =    14683.7422  ANGLE   =      415.4137  DIHED      =     3008.9022
 VDWAALS =    35670.1699  EEL     =  -262157.2670  HBOND      =        0.0000
 1-4 VDW =     1081.1932  1-4 EEL =    11616.0854  RESTRAINT  =      102.8885
 EAMBER  =  -195681.7603


   NSTEP       ENERGY          RMS            GMAX         NAME    NUMBER
   9750      -1.9559E+05     1.6189E-01     2.1436E+01     CD       4056

 BOND    =    14685.1639  ANGLE   =      415.4544  DIHED      =     3008.9092
 VDWAALS =    35675.3856  EEL     =  -262171.3244  HBOND      =        0.0000
 1-4 VDW =     1081.2120  1-4 EEL =    11616.0767  RESTRAINT  =      102.9269
 EAMBER  =  -195689.1227


   NSTEP       ENERGY          RMS            GMAX         NAME    NUMBER
   9800      -1.9559E+05     6.7027E-02     6.7987E+00     H2       4934

 BOND    =    14686.5906  ANGLE   =      415.2995  DIHED      =     3008.9273
 VDWAALS =    35679.9231  EEL     =  -262184.8963  HBOND      =        0.0000
 1-4 VDW =     1081.1938  1-4 EEL =    11616.1088  RESTRAINT  =      102.7497
 EAMBER  =  -195696.8533


   NSTEP       ENERGY          RMS            GMAX         NAME    NUMBER
   9850      -1.9560E+05     1.2274E-01     1.3477E+01     H2       4934

 BOND    =    14688.2113  ANGLE   =      415.2708  DIHED      =     3008.9358
 VDWAALS =    35685.0209  EEL     =  -262198.9620  HBOND      =        0.0000
 1-4 VDW =     1081.2040  1-4 EEL =    11616.1096  RESTRAINT  =      102.7131
 EAMBER  =  -195704.2095


   NSTEP       ENERGY          RMS            GMAX         NAME    NUMBER
   9900      -1.9561E+05     3.9805E-02     1.4647E+00     H2       4934

 BOND    =    14688.7994  ANGLE   =      415.3573  DIHED      =     3008.9513
 VDWAALS =    35689.9019  EEL     =  -262212.3828  HBOND      =        0.0000
 1-4 VDW =     1081.1959  1-4 EEL =    11616.1067  RESTRAINT  =      102.8070
 EAMBER  =  -195712.0703


   NSTEP       ENERGY          RMS            GMAX         NAME    NUMBER
   9950      -1.9562E+05     1.0858E-01     1.1621E+01     H2       4934

 BOND    =    14689.9993  ANGLE   =      415.4307  DIHED      =     3008.9612
 VDWAALS =    35695.1573  EEL     =  -262226.4132  HBOND      =        0.0000
 1-4 VDW =     1081.2019  1-4 EEL =    11616.0977  RESTRAINT  =      102.8921
 EAMBER  =  -195719.5652


   NSTEP       ENERGY          RMS            GMAX         NAME    NUMBER
  10000      -1.9562E+05     4.9653E-02     4.0638E+00     H2       4934

 BOND    =    14691.4677  ANGLE   =      415.3233  DIHED      =     3008.9733
 VDWAALS =    35699.9648  EEL     =  -262239.9730  HBOND      =        0.0000
 1-4 VDW =     1081.1983  1-4 EEL =    11616.1169  RESTRAINT  =      102.7667
 EAMBER  =  -195726.9287


  Maximum number of minimization cycles reached.


                    FINAL RESULTS



   NSTEP       ENERGY          RMS            GMAX         NAME    NUMBER
  10000      -1.9562E+05     4.9653E-02     4.0638E+00     H2       4934

 BOND    =    14691.4677  ANGLE   =      415.3233  DIHED      =     3008.9733
 VDWAALS =    35699.9648  EEL     =  -262239.9730  HBOND      =        0.0000
 1-4 VDW =     1081.1983  1-4 EEL =    11616.1169  RESTRAINT  =      102.7667
 EAMBER  =  -195726.9287
--------------------------------------------------------------------------------
   5.  TIMINGS
--------------------------------------------------------------------------------

|  NonSetup CPU Time in Major Routines:
|
|     Routine           Sec        %
|     ------------------------------
|     Nonbond          33.07   62.63
|     Bond              0.00    0.00
|     Angle             0.00    0.00
|     Dihedral          0.00    0.00
|     Shake             0.00    0.00
|     Other            19.73   37.37
|     ------------------------------
|     Total            52.79

|  PME Nonbond Pairlist CPU Time:
|
|     Routine              Sec        %
|     ---------------------------------
|     Set Up Cit           0.00    0.00
|     Build List           0.00    0.00
|     ---------------------------------
|     Total                0.00    0.00

|  PME Direct Force CPU Time:
|
|     Routine              Sec        %
|     ---------------------------------
|     NonBonded Calc       0.00    0.00
|     Exclude Masked       0.00    0.00
|     Other                0.02    0.04
|     ---------------------------------
|     Total                0.02    0.04

|  PME Reciprocal Force CPU Time:
|
|     Routine              Sec        %
|     ---------------------------------
|     1D bspline           0.00    0.00
|     Grid Charges         0.00    0.00
|     Scalar Sum           0.00    0.00
|     Gradient Sum         0.00    0.00
|     FFT                  0.00    0.00
|     ---------------------------------
|     Total                0.00    0.00

|  Setup CPU time:            0.80 seconds
|  NonSetup CPU time:        52.79 seconds
|  Total CPU time:           53.59 seconds     0.01 hours

|  Setup wall time:           1    seconds
|  NonSetup wall time:       53    seconds
|  Total wall time:          54    seconds     0.01 hours
