
          -------------------------------------------------------
          Amber 18 PMEMD                              2018
          -------------------------------------------------------

| PMEMD implementation of SANDER, Release 18

| Run on 12/14/2018 at 20:33:29

|   Executable path: /opt/software/Amber/18-foss-2018a/bin/pmemd.cuda
| Working directory: /mnt/home/sengup25/g09_zn_files/reactn_zn/umbr_samp/newfiles/enzym/added_loop_fa6/freemd
|          Hostname: lac-345

  [-O]verwriting output

File Assignments:
|   MDIN: us.in                                                                 
|  MDOUT: us.out                                                                
| INPCRD: eq_6.rst                                                              
|   PARM: def_1fa6.prmtop                                                       
| RESTRT: us.rst                                                                
|   REFC: refc                                                                  
|  MDVEL: mdvel                                                                 
|   MDEN: mden                                                                  
|  MDCRD: us.netcdf                                                             
| MDINFO: us.mdinfo                                                             
|  MDFRC: mdfrc                                                                 


 Here is the input file:

Sampling at constant P                                                         
 &cntrl                                                                        
  imin=0, ntx=5, irest=1,                                                      
  ntb=2, ntc=2, ntf=2,  ioutfm=1,                                              
  ntp=1, pres0=1.01325, taup=5,                                                
  nstlim=3000000, dt=0.002, cut=10,                                            
  ntt=3, tempi=300, temp0=300, gamma_ln=1,                                     
  ntpr=10000, ntwx=10000, ntwr=10000,                                          
 /                                                                             
 &ewald                                                                        
 /                                                                             


Note: ig = -1. Setting random seed to   674482 based on wallclock time in 
      microseconds.
| irandom = 1, using AMBER's internal random number generator (default).
 
|--------------------- INFORMATION ----------------------
| GPU (CUDA) Version of PMEMD in use: NVIDIA GPU IN USE.
|                    Version 18.0.0
| 
|                      03/25/2018
| 
| Implementation by:
|                    Ross C. Walker     (SDSC)
|                    Scott Le Grand     (nVIDIA)
| 
| Version 18 performance extensions by:
|                    David Cerutti     (Rutgers)
| 
| Precision model in use:
|      [SPFP] - Single Precision Forces, 64-bit Fixed Point
|               Accumulation. (Default)
| 
|--------------------------------------------------------
 
|----------------- CITATION INFORMATION -----------------
|
|    When publishing work that utilized the CUDA version
|    of AMBER, please cite the following in addition to
|    the regular AMBER citations:
|
|  - Romelia Salomon-Ferrer; Andreas W. Goetz; Duncan
|    Poole; Scott Le Grand; Ross C. Walker "Routine
|    microsecond molecular dynamics simulations with
|    AMBER - Part II: Particle Mesh Ewald", J. Chem.
|    Theory Comput., 2013, 9 (9), pp3878-3888,
|    DOI: 10.1021/ct400314y.
|
|  - Andreas W. Goetz; Mark J. Williamson; Dong Xu;
|    Duncan Poole; Scott Le Grand; Ross C. Walker
|    "Routine microsecond molecular dynamics simulations
|    with AMBER - Part I: Generalized Born", J. Chem.
|    Theory Comput., 2012, 8 (5), pp1542-1555.
|
|  - Scott Le Grand; Andreas W. Goetz; Ross C. Walker
|    "SPFP: Speed without compromise - a mixed precision
|    model for GPU accelerated molecular dynamics
|    simulations.", Comp. Phys. Comm., 2013, 184
|    pp374-380, DOI: 10.1016/j.cpc.2012.09.022
|
|--------------------------------------------------------
 
|------------------- GPU DEVICE INFO --------------------
|
|            CUDA_VISIBLE_DEVICES: 0
|   CUDA Capable Devices Detected:      1
|           CUDA Device ID in use:      0
|                CUDA Device Name: Tesla K80
|     CUDA Device Global Mem Size:  12206 MB
| CUDA Device Num Multiprocessors:     13
|           CUDA Device Core Freq:   0.82 GHz
|
|--------------------------------------------------------
 
 
| Conditional Compilation Defines Used:
| PUBFFT
| BINTRAJ
| CUDA
| EMIL

| Largest sphere to fit in unit cell has radius =    35.002

| New format PARM file being parsed.
| Version =    1.000 Date = 12/14/18 Time = 14:06:07

| Note: 1-4 EEL scale factors are being read from the topology file.

| Note: 1-4 VDW scale factors are being read from the topology file.
| Duplicated    0 dihedrals

| Duplicated    0 dihedrals

--------------------------------------------------------------------------------
   1.  RESOURCE   USE: 
--------------------------------------------------------------------------------

 getting box info from netcdf restart file
 NATOM  =   48335 NTYPES =      18 NBONH =   46216 MBONA  =    2144
 NTHETH =    4730 MTHETA =    2896 NPHIH =    9622 MPHIA  =    9100
 NHPARM =       0 NPARM  =       0 NNB   =   81893 NRES   =   14997
 NBONA  =    2144 NTHETA =    2896 NPHIA =    9100 NUMBND =      67
 NUMANG =     150 NPTRA  =     196 NATYP =      38 NPHB   =       1
 IFBOX  =       2 NMXRS  =      24 IFCAP =       0 NEXTRA =       0
 NCOPY  =       0

| Coordinate Index Table dimensions:    13   13   13
| Direct force subcell size =     6.5952    6.5952    6.5952

     BOX TYPE: TRUNCATED OCTAHEDRON

--------------------------------------------------------------------------------
   2.  CONTROL  DATA  FOR  THE  RUN
--------------------------------------------------------------------------------

default_name                                                                    

General flags:
     imin    =       0, nmropt  =       0

Nature and format of input:
     ntx     =       5, irest   =       1, ntrx    =       1

Nature and format of output:
     ntxo    =       2, ntpr    =   10000, ntrx    =       1, ntwr    =   10000
     iwrap   =       0, ntwx    =   10000, ntwv    =       0, ntwe    =       0
     ioutfm  =       1, ntwprt  =       0, idecomp =       0, rbornstat=      0

Potential function:
     ntf     =       2, ntb     =       2, igb     =       0, nsnb    =      25
     ipol    =       0, gbsa    =       0, iesp    =       0
     dielc   =   1.00000, cut     =  10.00000, intdiel =   1.00000
     lj1264  =       1

Frozen or restrained atoms:
     ibelly  =       0, ntr     =       0

Molecular dynamics:
     nstlim  =   3000000, nscm    =      1000, nrespa  =         1
     t       =   0.00000, dt      =   0.00200, vlimit  =  -1.00000

Langevin dynamics temperature regulation:
     ig      =  674482
     temp0   = 300.00000, tempi   = 300.00000, gamma_ln=   1.00000

Pressure regulation:
     ntp     =       1
     pres0   =   1.01325, comp    =  44.60000, taup    =   5.00000

SHAKE:
     ntc     =       2, jfastw  =       0
     tol     =   0.00001

| Intermolecular bonds treatment:
|     no_intermolecular_bonds =       1

| Energy averages sample interval:
|     ene_avg_sampling =   10000

Ewald parameters:
     verbose =       0, ew_type =       0, nbflag  =       1, use_pme =       1
     vdwmeth =       1, eedmeth =       1, netfrc  =       1
     Box X =   85.738   Box Y =   85.738   Box Z =   85.738
     Alpha =  109.471   Beta  =  109.471   Gamma =  109.471
     NFFT1 =   96       NFFT2 =   96       NFFT3 =   96
     Cutoff=   10.000   Tol   =0.100E-04
     Ewald Coefficient =  0.27511
     Interpolation order =    4

--------------------------------------------------------------------------------
   3.  ATOMIC COORDINATES AND VELOCITIES
--------------------------------------------------------------------------------

default_name                                                                    
 begin time read from input coords =  6020.000 ps

 
 Number of triangulated 3-point waters found:    14712

     Sum of charges from parm topology file =  -0.00000010
     Forcing neutrality...

| Dynamic Memory, Types Used:
| Reals             2012374
| Integers          1771430

| Nonbonded Pairs Initial Allocation:    14620129

| GPU memory information (estimate):
| KB of GPU memory in use:         0
| KB of CPU memory in use:         0

--------------------------------------------------------------------------------
   4.  RESULTS
--------------------------------------------------------------------------------


 NSTEP =    10000   TIME(PS) =    6040.000  TEMP(K) =   299.59  PRESS =   187.0
 Etot   =   -120379.8446  EKtot   =     29406.9531  EPtot      =   -149786.7977
 BOND   =       806.8865  ANGLE   =      2121.3254  DIHED      =      3305.0109
 1-4 NB =       961.3804  1-4 EEL =     11093.2170  VDWAALS    =     18473.7134
 EELEC  =   -186548.3312  EHBOND  =         0.0000  RESTRAINT  =         0.0000
 EKCMT  =     13132.5795  VIRIAL  =     11175.0903  VOLUME     =    484702.7347
                                                    Density    =         1.0116
 ------------------------------------------------------------------------------


 NSTEP =    20000   TIME(PS) =    6060.000  TEMP(K) =   298.26  PRESS =    -3.3
 Etot   =   -120305.7555  EKtot   =     29276.1465  EPtot      =   -149581.9020
 BOND   =       825.6024  ANGLE   =      2073.8884  DIHED      =      3282.1521
 1-4 NB =       953.8759  1-4 EEL =     11133.0748  VDWAALS    =     18275.8897
 EELEC  =   -186126.3853  EHBOND  =         0.0000  RESTRAINT  =         0.0000
 EKCMT  =     13025.2771  VIRIAL  =     13059.7763  VOLUME     =    483732.1351
                                                    Density    =         1.0136
 ------------------------------------------------------------------------------


 NSTEP =    30000   TIME(PS) =    6080.000  TEMP(K) =   300.37  PRESS =   144.8
 Etot   =   -120399.2231  EKtot   =     29483.1641  EPtot      =   -149882.3872
 BOND   =       773.4345  ANGLE   =      2106.3036  DIHED      =      3297.1743
 1-4 NB =       959.5287  1-4 EEL =     11136.9136  VDWAALS    =     18541.6308
 EELEC  =   -186697.3727  EHBOND  =         0.0000  RESTRAINT  =         0.0000
 EKCMT  =     13211.4797  VIRIAL  =     11697.5813  VOLUME     =    484309.4900
                                                    Density    =         1.0124
 ------------------------------------------------------------------------------


 NSTEP =    40000   TIME(PS) =    6100.000  TEMP(K) =   301.46  PRESS =    34.3
 Etot   =   -120148.5329  EKtot   =     29590.1230  EPtot      =   -149738.6560
 BOND   =       842.6103  ANGLE   =      2168.9283  DIHED      =      3304.9855
 1-4 NB =       936.1679  1-4 EEL =     11034.1801  VDWAALS    =     18484.2431
 EELEC  =   -186509.7713  EHBOND  =         0.0000  RESTRAINT  =         0.0000
 EKCMT  =     13367.3099  VIRIAL  =     13009.0839  VOLUME     =    484066.2502
                                                    Density    =         1.0129
 ------------------------------------------------------------------------------


 NSTEP =    50000   TIME(PS) =    6120.000  TEMP(K) =   298.00  PRESS =   -77.7
 Etot   =   -120804.6234  EKtot   =     29251.0000  EPtot      =   -150055.6234
 BOND   =       827.5170  ANGLE   =      2072.9149  DIHED      =      3279.7118
 1-4 NB =       966.7130  1-4 EEL =     11125.1710  VDWAALS    =     18279.9429
 EELEC  =   -186607.5941  EHBOND  =         0.0000  RESTRAINT  =         0.0000
 EKCMT  =     13061.3525  VIRIAL  =     13872.6053  VOLUME     =    483476.5975
                                                    Density    =         1.0142
 ------------------------------------------------------------------------------


 NSTEP =    60000   TIME(PS) =    6140.000  TEMP(K) =   298.99  PRESS =    -7.0
 Etot   =   -120538.6422  EKtot   =     29347.4277  EPtot      =   -149886.0699
 BOND   =       773.2696  ANGLE   =      2076.3278  DIHED      =      3324.7300
 1-4 NB =       942.8361  1-4 EEL =     11023.2921  VDWAALS    =     18667.5062
 EELEC  =   -186694.0317  EHBOND  =         0.0000  RESTRAINT  =         0.0000
 EKCMT  =     13276.8239  VIRIAL  =     13349.6279  VOLUME     =    484470.9825
                                                    Density    =         1.0121
 ------------------------------------------------------------------------------


 NSTEP =    70000   TIME(PS) =    6160.000  TEMP(K) =   299.45  PRESS =    36.8
 Etot   =   -120705.6870  EKtot   =     29393.3711  EPtot      =   -150099.0581
 BOND   =       785.5479  ANGLE   =      2115.9149  DIHED      =      3273.7368
 1-4 NB =       945.7879  1-4 EEL =     11062.6964  VDWAALS    =     18575.6459
 EELEC  =   -186858.3879  EHBOND  =         0.0000  RESTRAINT  =         0.0000
 EKCMT  =     13315.6475  VIRIAL  =     12930.5645  VOLUME     =    484829.7435
                                                    Density    =         1.0113
 ------------------------------------------------------------------------------


 NSTEP =    80000   TIME(PS) =    6180.000  TEMP(K) =   298.00  PRESS =   -69.8
 Etot   =   -120777.0586  EKtot   =     29250.1074  EPtot      =   -150027.1661
 BOND   =       800.8987  ANGLE   =      2086.1993  DIHED      =      3274.6817
 1-4 NB =       948.5689  1-4 EEL =     11096.5074  VDWAALS    =     18209.2385
 EELEC  =   -186443.2606  EHBOND  =         0.0000  RESTRAINT  =         0.0000
 EKCMT  =     13227.0278  VIRIAL  =     13957.2797  VOLUME     =    484483.5388
                                                    Density    =         1.0121
 ------------------------------------------------------------------------------


 NSTEP =    90000   TIME(PS) =    6200.000  TEMP(K) =   299.49  PRESS =    49.3
 Etot   =   -120595.5171  EKtot   =     29396.5391  EPtot      =   -149992.0562
 BOND   =       820.0557  ANGLE   =      2117.0566  DIHED      =      3274.7969
 1-4 NB =       950.8106  1-4 EEL =     11064.1373  VDWAALS    =     18567.3541
 EELEC  =   -186786.2673  EHBOND  =         0.0000  RESTRAINT  =         0.0000
 EKCMT  =     13125.4215  VIRIAL  =     12610.4388  VOLUME     =    484273.6662
                                                    Density    =         1.0125
 ------------------------------------------------------------------------------


 NSTEP =   100000   TIME(PS) =    6220.000  TEMP(K) =   302.10  PRESS =   -55.6
 Etot   =   -120579.7814  EKtot   =     29652.8047  EPtot      =   -150232.5861
 BOND   =       796.4738  ANGLE   =      2024.7317  DIHED      =      3266.9026
 1-4 NB =       936.7632  1-4 EEL =     11111.7504  VDWAALS    =     18132.6896
 EELEC  =   -186501.8975  EHBOND  =         0.0000  RESTRAINT  =         0.0000
 EKCMT  =     13403.6248  VIRIAL  =     13985.0119  VOLUME     =    483951.1180
                                                    Density    =         1.0132
 ------------------------------------------------------------------------------


 NSTEP =   110000   TIME(PS) =    6240.000  TEMP(K) =   300.63  PRESS =    77.9
 Etot   =   -120516.6982  EKtot   =     29508.7715  EPtot      =   -150025.4697
 BOND   =       795.2655  ANGLE   =      2090.6925  DIHED      =      3259.6845
 1-4 NB =       977.3639  1-4 EEL =     11157.3405  VDWAALS    =     18564.6620
 EELEC  =   -186870.4786  EHBOND  =         0.0000  RESTRAINT  =         0.0000
 EKCMT  =     13235.4313  VIRIAL  =     12420.7711  VOLUME     =    484396.7991
                                                    Density    =         1.0122
 ------------------------------------------------------------------------------


 NSTEP =   120000   TIME(PS) =    6260.000  TEMP(K) =   301.44  PRESS =   -20.7
 Etot   =   -119882.1641  EKtot   =     29588.6621  EPtot      =   -149470.8263
 BOND   =       793.0113  ANGLE   =      2089.0150  DIHED      =      3334.1597
 1-4 NB =       956.9197  1-4 EEL =     11118.2467  VDWAALS    =     18230.6254
 EELEC  =   -185992.8040  EHBOND  =         0.0000  RESTRAINT  =         0.0000
 EKCMT  =     13321.3476  VIRIAL  =     13537.6022  VOLUME     =    484222.1901
                                                    Density    =         1.0126
 ------------------------------------------------------------------------------


 NSTEP =   130000   TIME(PS) =    6280.000  TEMP(K) =   296.24  PRESS =   -45.8
 Etot   =   -120968.7313  EKtot   =     29077.6367  EPtot      =   -150046.3680
 BOND   =       817.8779  ANGLE   =      2101.1567  DIHED      =      3296.2174
 1-4 NB =       940.6612  1-4 EEL =     11114.2959  VDWAALS    =     18416.7754
 EELEC  =   -186733.3523  EHBOND  =         0.0000  RESTRAINT  =         0.0000
 EKCMT  =     13114.8636  VIRIAL  =     13593.5049  VOLUME     =    484016.1486
                                                    Density    =         1.0130
 ------------------------------------------------------------------------------


 NSTEP =   140000   TIME(PS) =    6300.000  TEMP(K) =   300.90  PRESS =    96.1
 Etot   =   -120746.5508  EKtot   =     29535.3828  EPtot      =   -150281.9336
 BOND   =       784.1376  ANGLE   =      2067.8725  DIHED      =      3321.0789
 1-4 NB =       965.6868  1-4 EEL =     11189.6151  VDWAALS    =     18566.5657
 EELEC  =   -187176.8902  EHBOND  =         0.0000  RESTRAINT  =         0.0000
 EKCMT  =     13239.9629  VIRIAL  =     12236.2742  VOLUME     =    483654.1455
                                                    Density    =         1.0138
 ------------------------------------------------------------------------------


 NSTEP =   150000   TIME(PS) =    6320.000  TEMP(K) =   300.32  PRESS =  -191.8
 Etot   =   -119925.0414  EKtot   =     29478.1426  EPtot      =   -149403.1839
 BOND   =       824.8582  ANGLE   =      2156.9605  DIHED      =      3313.2506
 1-4 NB =       975.1384  1-4 EEL =     11140.0278  VDWAALS    =     18151.9578
 EELEC  =   -185965.3773  EHBOND  =         0.0000  RESTRAINT  =         0.0000
 EKCMT  =     13200.9726  VIRIAL  =     15206.7470  VOLUME     =    484270.7242
                                                    Density    =         1.0125
 ------------------------------------------------------------------------------


 NSTEP =   160000   TIME(PS) =    6340.000  TEMP(K) =   297.20  PRESS =   -36.3
 Etot   =   -120977.3684  EKtot   =     29172.1211  EPtot      =   -150149.4895
 BOND   =       793.6687  ANGLE   =      2054.6839  DIHED      =      3308.7907
 1-4 NB =       960.4026  1-4 EEL =     11135.1601  VDWAALS    =     18345.5445
 EELEC  =   -186747.7401  EHBOND  =         0.0000  RESTRAINT  =         0.0000
 EKCMT  =     13165.1812  VIRIAL  =     13544.9282  VOLUME     =    484314.9748
                                                    Density    =         1.0124
 ------------------------------------------------------------------------------


 NSTEP =   170000   TIME(PS) =    6360.000  TEMP(K) =   299.14  PRESS =  -159.2
 Etot   =   -120614.1358  EKtot   =     29362.8301  EPtot      =   -149976.9659
 BOND   =       843.6098  ANGLE   =      2125.6277  DIHED      =      3306.8728
 1-4 NB =       957.0205  1-4 EEL =     11125.2299  VDWAALS    =     18270.0066
 EELEC  =   -186605.3332  EHBOND  =         0.0000  RESTRAINT  =         0.0000
 EKCMT  =     13170.7321  VIRIAL  =     14833.4462  VOLUME     =    483669.3240
                                                    Density    =         1.0138
 ------------------------------------------------------------------------------


 NSTEP =   180000   TIME(PS) =    6380.000  TEMP(K) =   298.69  PRESS =  -233.9
 Etot   =   -120682.2189  EKtot   =     29318.4785  EPtot      =   -150000.6974
 BOND   =       799.4813  ANGLE   =      2088.0025  DIHED      =      3296.7105
 1-4 NB =       954.3274  1-4 EEL =     11162.0793  VDWAALS    =     18488.9513
 EELEC  =   -186790.2497  EHBOND  =         0.0000  RESTRAINT  =         0.0000
 EKCMT  =     12997.9813  VIRIAL  =     15444.4527  VOLUME     =    484410.2823
                                                    Density    =         1.0122
 ------------------------------------------------------------------------------


 NSTEP =   190000   TIME(PS) =    6400.000  TEMP(K) =   302.20  PRESS =    62.0
 Etot   =   -119970.8556  EKtot   =     29662.8555  EPtot      =   -149633.7111
 BOND   =       788.3062  ANGLE   =      2124.6420  DIHED      =      3283.5488
 1-4 NB =       942.8554  1-4 EEL =     11153.6663  VDWAALS    =     18384.6265
 EELEC  =   -186311.3562  EHBOND  =         0.0000  RESTRAINT  =         0.0000
 EKCMT  =     13334.2229  VIRIAL  =     12686.1637  VOLUME     =    484053.7673
                                                    Density    =         1.0130
 ------------------------------------------------------------------------------


 NSTEP =   200000   TIME(PS) =    6420.000  TEMP(K) =   302.58  PRESS =     2.2
 Etot   =   -120505.1816  EKtot   =     29700.4824  EPtot      =   -150205.6640
 BOND   =       790.0110  ANGLE   =      1991.7071  DIHED      =      3295.2187
 1-4 NB =       951.1189  1-4 EEL =     11138.5895  VDWAALS    =     18586.8245
 EELEC  =   -186959.1337  EHBOND  =         0.0000  RESTRAINT  =         0.0000
 EKCMT  =     13335.9716  VIRIAL  =     13312.6732  VOLUME     =    484121.7757
                                                    Density    =         1.0128
 ------------------------------------------------------------------------------


 NSTEP =   210000   TIME(PS) =    6440.000  TEMP(K) =   299.78  PRESS =   -18.6
 Etot   =   -120702.5418  EKtot   =     29425.2090  EPtot      =   -150127.7508
 BOND   =       795.4126  ANGLE   =      2072.9340  DIHED      =      3265.8491
 1-4 NB =       957.7107  1-4 EEL =     11196.1970  VDWAALS    =     18631.0211
 EELEC  =   -187046.8754  EHBOND  =         0.0000  RESTRAINT  =         0.0000
 EKCMT  =     13116.2615  VIRIAL  =     13310.1207  VOLUME     =    483720.0376
                                                    Density    =         1.0137
 ------------------------------------------------------------------------------


 NSTEP =   220000   TIME(PS) =    6460.000  TEMP(K) =   298.60  PRESS =   -38.1
 Etot   =   -120857.2454  EKtot   =     29309.1641  EPtot      =   -150166.4094
 BOND   =       801.8993  ANGLE   =      2104.7008  DIHED      =      3276.9403
 1-4 NB =       961.7464  1-4 EEL =     11173.2333  VDWAALS    =     18564.5487
 EELEC  =   -187049.4783  EHBOND  =         0.0000  RESTRAINT  =         0.0000
 EKCMT  =     13143.8497  VIRIAL  =     13542.4510  VOLUME     =    484417.0421
                                                    Density    =         1.0122
 ------------------------------------------------------------------------------

