
          -------------------------------------------------------
          Amber 18 PMEMD                              2018
          -------------------------------------------------------

| PMEMD implementation of SANDER, Release 18

| Run on 02/01/2019 at 20:42:34

|   Executable path: /opt/software/Amber/18-foss-2018a/bin/pmemd.cuda
| Working directory: /mnt/home/songlin3/top_CdNi/Ni/keepCD2000/all_optimized/freemd
|          Hostname: lac-080

  [-O]verwriting output

File Assignments:
|   MDIN: min1.in                                                               
|  MDOUT: min1.out                                                              
| INPCRD: glx_1264.inpcrd                                                       
|   PARM: glx_1264.prmtop                                                       
| RESTRT: min1.rst                                                              
|   REFC: glx_1264.inpcrd                                                       
|  MDVEL: mdvel                                                                 
|   MDEN: mden                                                                  
|  MDCRD: min1.netcdf                                                           
| MDINFO: min1.mdinfo                                                           
|  MDFRC: mdfrc                                                                 


 Here is the input file:

minimize structure solvation                                                   
 &cntrl                                                                        
  imin=1,maxcyc=10000, ncyc=20000,                                             
  ntb=1, cut=10, ntwx=2000, ioutfm=1, iwrap=1,                                 
  ntr=1, restraintmask=':1-275', restraint_wt=200,                             
 /                                                                             
 &ewald                                                                        
 /                                                                             


Note: ig = -1. Setting random seed to     1130 based on wallclock time in 
      microseconds.
| irandom = 1, using AMBER's internal random number generator (default).
 
|--------------------- INFORMATION ----------------------
| GPU (CUDA) Version of PMEMD in use: NVIDIA GPU IN USE.
|                    Version 18.0.0
| 
|                      03/25/2018
| 
| Implementation by:
|                    Ross C. Walker     (SDSC)
|                    Scott Le Grand     (nVIDIA)
| 
| Version 18 performance extensions by:
|                    David Cerutti     (Rutgers)
| 
| Precision model in use:
|      [SPFP] - Single Precision Forces, 64-bit Fixed Point
|               Accumulation. (Default)
| 
|--------------------------------------------------------
 
|----------------- CITATION INFORMATION -----------------
|
|    When publishing work that utilized the CUDA version
|    of AMBER, please cite the following in addition to
|    the regular AMBER citations:
|
|  - Romelia Salomon-Ferrer; Andreas W. Goetz; Duncan
|    Poole; Scott Le Grand; Ross C. Walker "Routine
|    microsecond molecular dynamics simulations with
|    AMBER - Part II: Particle Mesh Ewald", J. Chem.
|    Theory Comput., 2013, 9 (9), pp3878-3888,
|    DOI: 10.1021/ct400314y.
|
|  - Andreas W. Goetz; Mark J. Williamson; Dong Xu;
|    Duncan Poole; Scott Le Grand; Ross C. Walker
|    "Routine microsecond molecular dynamics simulations
|    with AMBER - Part I: Generalized Born", J. Chem.
|    Theory Comput., 2012, 8 (5), pp1542-1555.
|
|  - Scott Le Grand; Andreas W. Goetz; Ross C. Walker
|    "SPFP: Speed without compromise - a mixed precision
|    model for GPU accelerated molecular dynamics
|    simulations.", Comp. Phys. Comm., 2013, 184
|    pp374-380, DOI: 10.1016/j.cpc.2012.09.022
|
|--------------------------------------------------------
 
|------------------- GPU DEVICE INFO --------------------
|
|            CUDA_VISIBLE_DEVICES: 0
|   CUDA Capable Devices Detected:      1
|           CUDA Device ID in use:      0
|                CUDA Device Name: Tesla K80
|     CUDA Device Global Mem Size:  12206 MB
| CUDA Device Num Multiprocessors:     13
|           CUDA Device Core Freq:   0.82 GHz
|
|--------------------------------------------------------
 
 
| Conditional Compilation Defines Used:
| PUBFFT
| BINTRAJ
| CUDA
| EMIL

| Largest sphere to fit in unit cell has radius =    30.123

| New format PARM file being parsed.
| Version =    1.000 Date = 02/01/19 Time = 20:32:18

| Note: 1-4 EEL scale factors are being read from the topology file.

| Note: 1-4 VDW scale factors are being read from the topology file.
| Duplicated    0 dihedrals

| Duplicated    0 dihedrals

--------------------------------------------------------------------------------
   1.  RESOURCE   USE: 
--------------------------------------------------------------------------------

 getting new box info from bottom of inpcrd
 NATOM  =   26702 NTYPES =      18 NBONH =   24583 MBONA  =    2144
 NTHETH =    4730 MTHETA =    2896 NPHIH =    9622 MPHIA  =    9100
 NHPARM =       0 NPARM  =       0 NNB   =   53049 NRES   =    7786
 NBONA  =    2144 NTHETA =    2896 NPHIA =    9100 NUMBND =      67
 NUMANG =     150 NPTRA  =     196 NATYP =      38 NPHB   =       1
 IFBOX  =       2 NMXRS  =      24 IFCAP =       0 NEXTRA =       0
 NCOPY  =       0

| Coordinate Index Table dimensions:    11   11   11
| Direct force subcell size =     6.7078    6.7078    6.7078

     BOX TYPE: TRUNCATED OCTAHEDRON

--------------------------------------------------------------------------------
   2.  CONTROL  DATA  FOR  THE  RUN
--------------------------------------------------------------------------------

default_name                                                                    

General flags:
     imin    =       1, nmropt  =       0

Nature and format of input:
     ntx     =       1, irest   =       0, ntrx    =       1

Nature and format of output:
     ntxo    =       2, ntpr    =      50, ntrx    =       1, ntwr    =       1
     iwrap   =       1, ntwx    =    2000, ntwv    =       0, ntwe    =       0
     ioutfm  =       1, ntwprt  =       0, idecomp =       0, rbornstat=      0

Potential function:
     ntf     =       1, ntb     =       1, igb     =       0, nsnb    =      25
     ipol    =       0, gbsa    =       0, iesp    =       0
     dielc   =   1.00000, cut     =  10.00000, intdiel =   1.00000
     lj1264  =       1

Frozen or restrained atoms:
     ibelly  =       0, ntr     =       1
     restraint_wt = 200.00000

Energy minimization:
     maxcyc  =   10000, ncyc    =   20000, ntmin   =       1
     dx0     =   0.01000, drms    =   0.00010

| Intermolecular bonds treatment:
|     no_intermolecular_bonds =       1

| Energy averages sample interval:
|     ene_avg_sampling =       1

Ewald parameters:
     verbose =       0, ew_type =       0, nbflag  =       1, use_pme =       1
     vdwmeth =       1, eedmeth =       1, netfrc  =       0
     Box X =   73.786   Box Y =   73.786   Box Z =   73.786
     Alpha =  109.471   Beta  =  109.471   Gamma =  109.471
     NFFT1 =   80       NFFT2 =   80       NFFT3 =   80
     Cutoff=   10.000   Tol   =0.100E-04
     Ewald Coefficient =  0.27511
     Interpolation order =    4

    LOADING THE CONSTRAINED ATOMS AS GROUPS


   5.  REFERENCE ATOM COORDINATES

                                                                                  
     Mask :1-275; matches  4189 atoms

--------------------------------------------------------------------------------
   3.  ATOMIC COORDINATES AND VELOCITIES
--------------------------------------------------------------------------------

                                                                                
 begin time read from input coords =     0.000 ps

 
 Number of triangulated 3-point waters found:     7501

     Sum of charges from parm topology file =  -0.00000010
     Forcing neutrality...

| Dynamic Memory, Types Used:
| Reals              840217
| Integers          1195456

| Nonbonded Pairs Initial Allocation:     8076687

| GPU memory information (estimate):
| KB of GPU memory in use:         0
| KB of CPU memory in use:         0

--------------------------------------------------------------------------------
   4.  RESULTS
--------------------------------------------------------------------------------



   NSTEP       ENERGY          RMS            GMAX         NAME    NUMBER
      1      -2.1022E+04     1.3492E+02     2.0630E+04     O        4737

 BOND    =     3045.1885  ANGLE   =      602.0918  DIHED      =     3040.5683
 VDWAALS =    51227.8221  EEL     =   -92090.0790  HBOND      =        0.0000
 1-4 VDW =     1267.3306  1-4 EEL =    11885.4947  RESTRAINT  =        0.0000


   NSTEP       ENERGY          RMS            GMAX         NAME    NUMBER
     50      -8.1792E+04     6.1156E+00     7.4536E+02     H1       4738

 BOND    =     4382.7931  ANGLE   =      459.1137  DIHED      =     3040.8609
 VDWAALS =     5111.5418  EEL     =  -107949.9581  HBOND      =        0.0000
 1-4 VDW =     1187.8009  1-4 EEL =    11785.3997  RESTRAINT  =      190.2073
 EAMBER  =   -81982.4480


   NSTEP       ENERGY          RMS            GMAX         NAME    NUMBER
    100      -8.5971E+04     3.8149E+00     3.1471E+02     H1       4738

 BOND    =     4914.5345  ANGLE   =      447.8787  DIHED      =     3040.2969
 VDWAALS =     5738.4331  EEL     =  -113267.8651  HBOND      =        0.0000
 1-4 VDW =     1188.4497  1-4 EEL =    11784.5735  RESTRAINT  =      182.5111
 EAMBER  =   -86153.6987


   NSTEP       ENERGY          RMS            GMAX         NAME    NUMBER
    150      -8.8031E+04     2.3675E+00     1.9818E+02     H1       4738

 BOND    =     4710.7619  ANGLE   =      449.8807  DIHED      =     3039.6671
 VDWAALS =     6410.0735  EEL     =  -115790.9868  HBOND      =        0.0000
 1-4 VDW =     1187.2081  1-4 EEL =    11785.9143  RESTRAINT  =      176.3050
 EAMBER  =   -88207.4813


   NSTEP       ENERGY          RMS            GMAX         NAME    NUMBER
    200      -8.9375E+04     1.2152E+00     8.4549E+01     H1       4738

 BOND    =     5083.4191  ANGLE   =      445.2700  DIHED      =     3039.2424
 VDWAALS =     7015.6494  EEL     =  -118109.5101  HBOND      =        0.0000
 1-4 VDW =     1186.9352  1-4 EEL =    11785.5110  RESTRAINT  =      178.0447
 EAMBER  =   -89553.4830


   NSTEP       ENERGY          RMS            GMAX         NAME    NUMBER
    250      -9.0339E+04     5.9612E-01     2.0280E+01     H1       4738

 BOND    =     5112.2545  ANGLE   =      446.0824  DIHED      =     3039.0412
 VDWAALS =     7548.7160  EEL     =  -119634.0236  HBOND      =        0.0000
 1-4 VDW =     1186.7864  1-4 EEL =    11785.9194  RESTRAINT  =      176.1565
 EAMBER  =   -90515.2238


   NSTEP       ENERGY          RMS            GMAX         NAME    NUMBER
    300      -9.1114E+04     8.3142E-01     6.1196E+01     H1       4738

 BOND    =     5215.9838  ANGLE   =      445.8985  DIHED      =     3038.8805
 VDWAALS =     8038.6049  EEL     =  -121002.0347  HBOND      =        0.0000
 1-4 VDW =     1186.6752  1-4 EEL =    11786.1108  RESTRAINT  =      175.7916
 EAMBER  =   -91289.8810


   NSTEP       ENERGY          RMS            GMAX         NAME    NUMBER
    350      -9.1744E+04     1.6600E+00     1.3870E+02     CD       2954

 BOND    =     5301.1630  ANGLE   =      446.0354  DIHED      =     3038.7531
 VDWAALS =     8488.1518  EEL     =  -122167.3204  HBOND      =        0.0000
 1-4 VDW =     1186.5214  1-4 EEL =    11786.2935  RESTRAINT  =      176.0063
 EAMBER  =   -91920.4023


   NSTEP       ENERGY          RMS            GMAX         NAME    NUMBER
    400      -9.2325E+04     6.4469E-01     4.1432E+01     CD       2954

 BOND    =     5500.9507  ANGLE   =      445.8045  DIHED      =     3038.6344
 VDWAALS =     8892.5036  EEL     =  -123350.8462  HBOND      =        0.0000
 1-4 VDW =     1186.5090  1-4 EEL =    11786.2969  RESTRAINT  =      174.9960
 EAMBER  =   -92500.1471


   NSTEP       ENERGY          RMS            GMAX         NAME    NUMBER
    450      -9.2793E+04     1.3015E+00     1.2496E+02     H1       4738

 BOND    =     5646.0693  ANGLE   =      445.8390  DIHED      =     3038.5454
 VDWAALS =     9255.6374  EEL     =  -124326.9107  HBOND      =        0.0000
 1-4 VDW =     1186.4990  1-4 EEL =    11786.3786  RESTRAINT  =      174.6240
 EAMBER  =   -92967.9420


   NSTEP       ENERGY          RMS            GMAX         NAME    NUMBER
    500      -9.3250E+04     5.8910E-01     3.8933E+01     H1       4738

 BOND    =     5614.5853  ANGLE   =      445.9030  DIHED      =     3038.4951
 VDWAALS =     9589.7967  EEL     =  -125085.7060  HBOND      =        0.0000
 1-4 VDW =     1186.4659  1-4 EEL =    11786.5174  RESTRAINT  =      174.2978
 EAMBER  =   -93423.9427


   NSTEP       ENERGY          RMS            GMAX         NAME    NUMBER
    550      -9.3635E+04     1.1300E+00     1.1065E+02     H1       4738

 BOND    =     5667.7976  ANGLE   =      445.6839  DIHED      =     3038.4344
 VDWAALS =     9893.2708  EEL     =  -125827.5013  HBOND      =        0.0000
 1-4 VDW =     1186.3803  1-4 EEL =    11786.5892  RESTRAINT  =      174.3006
 EAMBER  =   -93809.3451


   NSTEP       ENERGY          RMS            GMAX         NAME    NUMBER
    600      -9.4011E+04     6.3255E-01     5.3247E+01     H1       4738

 BOND    =     5807.0029  ANGLE   =      445.6744  DIHED      =     3038.3684
 VDWAALS =    10174.1816  EEL     =  -126623.2539  HBOND      =        0.0000
 1-4 VDW =     1186.3393  1-4 EEL =    11786.6008  RESTRAINT  =      174.2979
 EAMBER  =   -94185.0865


   NSTEP       ENERGY          RMS            GMAX         NAME    NUMBER
    650      -9.4338E+04     1.0107E+00     9.8644E+01     H1       4738

 BOND    =     5889.6366  ANGLE   =      445.9899  DIHED      =     3038.3277
 VDWAALS =    10432.1618  EEL     =  -127291.0783  HBOND      =        0.0000
 1-4 VDW =     1186.3706  1-4 EEL =    11786.6335  RESTRAINT  =      173.9778
 EAMBER  =   -94511.9583


   NSTEP       ENERGY          RMS            GMAX         NAME    NUMBER
    700      -9.4659E+04     4.8791E-01     4.0153E+01     H1       4738

 BOND    =     5881.0558  ANGLE   =      445.6121  DIHED      =     3038.2895
 VDWAALS =    10672.6479  EEL     =  -127844.0387  HBOND      =        0.0000
 1-4 VDW =     1186.2836  1-4 EEL =    11786.6677  RESTRAINT  =      174.1065
 EAMBER  =   -94833.4821


   NSTEP       ENERGY          RMS            GMAX         NAME    NUMBER
    750      -9.4948E+04     9.1915E-01     9.1361E+01     H1       4738

 BOND    =     5920.5951  ANGLE   =      445.6563  DIHED      =     3038.2594
 VDWAALS =    10902.2104  EEL     =  -128401.6840  HBOND      =        0.0000
 1-4 VDW =     1186.2768  1-4 EEL =    11786.6743  RESTRAINT  =      173.9677
 EAMBER  =   -95122.0118


   NSTEP       ENERGY          RMS            GMAX         NAME    NUMBER
    800      -9.5223E+04     3.7303E-01     2.4772E+01     H2       4739

 BOND    =     6009.8836  ANGLE   =      445.5036  DIHED      =     3038.2182
 VDWAALS =    11110.1171  EEL     =  -128973.5978  HBOND      =        0.0000
 1-4 VDW =     1186.2396  1-4 EEL =    11786.6476  RESTRAINT  =      174.1130
 EAMBER  =   -95396.9881


   NSTEP       ENERGY          RMS            GMAX         NAME    NUMBER
    850      -9.5478E+04     5.7057E-01     4.7519E+01     H2       4739

 BOND    =     6068.7811  ANGLE   =      445.6373  DIHED      =     3038.1941
 VDWAALS =    11310.9350  EEL     =  -129488.0029  HBOND      =        0.0000
 1-4 VDW =     1186.2766  1-4 EEL =    11786.6300  RESTRAINT  =      173.9357
 EAMBER  =   -95651.5488


   NSTEP       ENERGY          RMS            GMAX         NAME    NUMBER
    900      -9.5720E+04     3.4108E-01     1.9049E+01     H1       4738

 BOND    =     6083.2648  ANGLE   =      445.3659  DIHED      =     3038.1698
 VDWAALS =    11498.0655  EEL     =  -129931.8485  HBOND      =        0.0000
 1-4 VDW =     1186.2231  1-4 EEL =    11786.6159  RESTRAINT  =      174.0788
 EAMBER  =   -95894.1435


   NSTEP       ENERGY          RMS            GMAX         NAME    NUMBER
    950      -9.5942E+04     4.8568E-01     4.1618E+01     H2       4739

 BOND    =     6119.3003  ANGLE   =      445.2581  DIHED      =     3038.1486
 VDWAALS =    11672.0139  EEL     =  -130364.0167  HBOND      =        0.0000
 1-4 VDW =     1186.2175  1-4 EEL =    11786.5969  RESTRAINT  =      174.1200
 EAMBER  =   -96116.4815


   NSTEP       ENERGY          RMS            GMAX         NAME    NUMBER
   1000      -9.6147E+04     8.7215E-01     9.4750E+01     H2       4739

 BOND    =     6153.4042  ANGLE   =      445.3151  DIHED      =     3038.1359
 VDWAALS =    11836.4757  EEL     =  -130767.1680  HBOND      =        0.0000
 1-4 VDW =     1186.2637  1-4 EEL =    11786.5817  RESTRAINT  =      173.8842
 EAMBER  =   -96320.9918


   NSTEP       ENERGY          RMS            GMAX         NAME    NUMBER
   1050      -9.6358E+04     2.9178E-01     1.4173E+01     H2       4739

 BOND    =     6214.4018  ANGLE   =      445.2071  DIHED      =     3038.1137
 VDWAALS =    11996.2503  EEL     =  -131198.2688  HBOND      =        0.0000
 1-4 VDW =     1186.2533  1-4 EEL =    11786.5569  RESTRAINT  =      173.9698
 EAMBER  =   -96531.4857


   NSTEP       ENERGY          RMS            GMAX         NAME    NUMBER
   1100      -9.6541E+04     7.6544E-01     8.2167E+01     H2       4739

 BOND    =     6273.0712  ANGLE   =      445.1045  DIHED      =     3038.0968
 VDWAALS =    12149.3293  EEL     =  -131593.4020  HBOND      =        0.0000
 1-4 VDW =     1186.2556  1-4 EEL =    11786.5420  RESTRAINT  =      174.0468
 EAMBER  =   -96715.0026


   NSTEP       ENERGY          RMS            GMAX         NAME    NUMBER
   1150      -9.6722E+04     2.7556E-01     1.3743E+01     H2       4739

 BOND    =     6274.4498  ANGLE   =      445.2001  DIHED      =     3038.0891
 VDWAALS =    12294.5118  EEL     =  -131920.9857  HBOND      =        0.0000
 1-4 VDW =     1186.2961  1-4 EEL =    11786.5368  RESTRAINT  =      173.8120
 EAMBER  =   -96895.9020


   NSTEP       ENERGY          RMS            GMAX         NAME    NUMBER
   1200      -9.6884E+04     6.7560E-01     6.9166E+01     H2       4739

 BOND    =     6299.1746  ANGLE   =      445.3644  DIHED      =     3038.0809
 VDWAALS =    12436.8317  EEL     =  -132249.8781  HBOND      =        0.0000
 1-4 VDW =     1186.3468  1-4 EEL =    11786.5330  RESTRAINT  =      173.6303
 EAMBER  =   -97057.5468


   NSTEP       ENERGY          RMS            GMAX         NAME    NUMBER
   1250      -9.7043E+04     3.0001E-01     2.2881E+01     H2       4739

 BOND    =     6345.8026  ANGLE   =      445.1019  DIHED      =     3038.0687
 VDWAALS =    12572.4096  EEL     =  -132590.8308  HBOND      =        0.0000
 1-4 VDW =     1186.3385  1-4 EEL =    11786.5324  RESTRAINT  =      173.7529
 EAMBER  =   -97216.5771


   NSTEP       ENERGY          RMS            GMAX         NAME    NUMBER
   1300      -9.7187E+04     4.0467E-01     3.4300E+01     H2       4739

 BOND    =     6377.0925  ANGLE   =      444.9947  DIHED      =     3038.0584
 VDWAALS =    12701.3446  EEL     =  -132895.7362  HBOND      =        0.0000
 1-4 VDW =     1186.3366  1-4 EEL =    11786.5312  RESTRAINT  =      173.9009
 EAMBER  =   -97361.3782


   NSTEP       ENERGY          RMS            GMAX         NAME    NUMBER
   1350      -9.7313E+04     9.3800E-01     1.2566E+02     CD       2954

 BOND    =     6416.2404  ANGLE   =      445.7351  DIHED      =     3038.0701
 VDWAALS =    12820.6639  EEL     =  -133180.5768  HBOND      =        0.0000
 1-4 VDW =     1186.5026  1-4 EEL =    11786.5433  RESTRAINT  =      173.4577
 EAMBER  =   -97486.8215


   NSTEP       ENERGY          RMS            GMAX         NAME    NUMBER
   1400      -9.7451E+04     5.0039E-01     5.2859E+01     H2       4739

 BOND    =     6413.2958  ANGLE   =      444.9648  DIHED      =     3038.0563
 VDWAALS =    12936.4143  EEL     =  -133430.2773  HBOND      =        0.0000
 1-4 VDW =     1186.4049  1-4 EEL =    11786.5405  RESTRAINT  =      173.6894
 EAMBER  =   -97624.6006


   NSTEP       ENERGY          RMS            GMAX         NAME    NUMBER
   1450      -9.7573E+04     2.2534E-01     1.1523E+01     H2       4739

 BOND    =     6445.3704  ANGLE   =      444.9383  DIHED      =     3038.0563
 VDWAALS =    13042.0444  EEL     =  -133690.2739  HBOND      =        0.0000
 1-4 VDW =     1186.4420  1-4 EEL =    11786.5535  RESTRAINT  =      173.6129
 EAMBER  =   -97746.8691


   NSTEP       ENERGY          RMS            GMAX         NAME    NUMBER
   1500      -9.7691E+04     4.0917E-01     4.2514E+01     H2       4739

 BOND    =     6474.3340  ANGLE   =      444.9089  DIHED      =     3038.0569
 VDWAALS =    13145.5035  EEL     =  -133940.6628  HBOND      =        0.0000
 1-4 VDW =     1186.4730  1-4 EEL =    11786.5690  RESTRAINT  =      173.5646
 EAMBER  =   -97864.8175


   NSTEP       ENERGY          RMS            GMAX         NAME    NUMBER
   1550      -9.7800E+04     6.6156E-01     6.8533E+01     CD       2954

 BOND    =     6498.2256  ANGLE   =      445.1152  DIHED      =     3038.0725
 VDWAALS =    13240.6371  EEL     =  -134168.5809  HBOND      =        0.0000
 1-4 VDW =     1186.5409  1-4 EEL =    11786.5911  RESTRAINT  =      173.4483
 EAMBER  =   -97973.3984


   NSTEP       ENERGY          RMS            GMAX         NAME    NUMBER
   1600      -9.7910E+04     2.1251E-01     1.0342E+01     H2       4739

 BOND    =     6506.4971  ANGLE   =      444.8692  DIHED      =     3038.0576
 VDWAALS =    13329.3033  EEL     =  -134375.1904  HBOND      =        0.0000
 1-4 VDW =     1186.5043  1-4 EEL =    11786.5983  RESTRAINT  =      173.5355
 EAMBER  =   -98083.3606


   NSTEP       ENERGY          RMS            GMAX         NAME    NUMBER
   1650      -9.8011E+04     5.7244E-01     6.1760E+01     H2       4739

 BOND    =     6525.1055  ANGLE   =      444.8433  DIHED      =     3038.0547
 VDWAALS =    13416.5367  EEL     =  -134582.6177  HBOND      =        0.0000
 1-4 VDW =     1186.4959  1-4 EEL =    11786.6118  RESTRAINT  =      173.6686
 EAMBER  =   -98184.9698


   NSTEP       ENERGY          RMS            GMAX         NAME    NUMBER
   1700      -9.8109E+04     8.0614E-01     8.6483E+01     H2       4739

 BOND    =     6546.3140  ANGLE   =      444.6513  DIHED      =     3038.0673
 VDWAALS =    13499.9076  EEL     =  -134784.3671  HBOND      =        0.0000
 1-4 VDW =     1186.4941  1-4 EEL =    11786.6361  RESTRAINT  =      173.7896
 EAMBER  =   -98282.2969


   NSTEP       ENERGY          RMS            GMAX         NAME    NUMBER
   1750      -9.8211E+04     3.4591E-01     3.3597E+01     H2       4739

 BOND    =     6567.4983  ANGLE   =      444.7744  DIHED      =     3038.0574
 VDWAALS =    13579.3937  EEL     =  -134986.9860  HBOND      =        0.0000
 1-4 VDW =     1186.5398  1-4 EEL =    11786.6615  RESTRAINT  =      173.5243
 EAMBER  =   -98384.0609


   NSTEP       ENERGY          RMS            GMAX         NAME    NUMBER
   1800      -9.8306E+04     2.0668E-01     1.2542E+01     H2       4739

 BOND    =     6581.3835  ANGLE   =      444.8687  DIHED      =     3038.0557
 VDWAALS =    13657.6694  EEL     =  -135174.8011  HBOND      =        0.0000
 1-4 VDW =     1186.5679  1-4 EEL =    11786.6784  RESTRAINT  =      173.3695
 EAMBER  =   -98479.5774


   NSTEP       ENERGY          RMS            GMAX         NAME    NUMBER
   1850      -9.8396E+04     2.9042E-01     2.7548E+01     H2       4739

 BOND    =     6598.0970  ANGLE   =      444.8532  DIHED      =     3038.0544
 VDWAALS =    13732.9033  EEL     =  -135356.3111  HBOND      =        0.0000
 1-4 VDW =     1186.5782  1-4 EEL =    11786.6987  RESTRAINT  =      173.3405
 EAMBER  =   -98569.1263


   NSTEP       ENERGY          RMS            GMAX         NAME    NUMBER
   1900      -9.8480E+04     5.5389E-01     6.3757E+01     H2       4739

 BOND    =     6614.9244  ANGLE   =      444.8773  DIHED      =     3038.0491
 VDWAALS =    13805.5873  EEL     =  -135529.6136  HBOND      =        0.0000
 1-4 VDW =     1186.5853  1-4 EEL =    11786.7160  RESTRAINT  =      173.3126
 EAMBER  =   -98652.8741


   NSTEP       ENERGY          RMS            GMAX         NAME    NUMBER
   1950      -9.8567E+04     1.8136E-01     7.1787E+00     H2       4739

 BOND    =     6633.5025  ANGLE   =      444.8705  DIHED      =     3038.0431
 VDWAALS =    13877.1793  EEL     =  -135707.1524  HBOND      =        0.0000
 1-4 VDW =     1186.5858  1-4 EEL =    11786.7418  RESTRAINT  =      173.3248
 EAMBER  =   -98740.2294


   NSTEP       ENERGY          RMS            GMAX         NAME    NUMBER
   2000      -9.8643E+04     4.7444E-01     5.0559E+01     H2       4739

 BOND    =     6654.2673  ANGLE   =      444.8380  DIHED      =     3038.0362
 VDWAALS =    13943.6896  EEL     =  -135870.5732  HBOND      =        0.0000
 1-4 VDW =     1186.5775  1-4 EEL =    11786.7650  RESTRAINT  =      173.4017
 EAMBER  =   -98816.3996


   NSTEP       ENERGY          RMS            GMAX         NAME    NUMBER
   2050      -9.8719E+04     2.2843E-01     1.9172E+01     H2       4739

 BOND    =     6660.9374  ANGLE   =      444.9002  DIHED      =     3038.0341
 VDWAALS =    14006.0206  EEL     =  -136015.8624  HBOND      =        0.0000
 1-4 VDW =     1186.5980  1-4 EEL =    11786.7769  RESTRAINT  =      173.2617
 EAMBER  =   -98892.5954


   NSTEP       ENERGY          RMS            GMAX         NAME    NUMBER
   2100      -9.8793E+04     4.0976E-01     4.1806E+01     H2       4739

 BOND    =     6674.3825  ANGLE   =      444.8425  DIHED      =     3038.0280
 VDWAALS =    14069.0620  EEL     =  -136166.5038  HBOND      =        0.0000
 1-4 VDW =     1186.5829  1-4 EEL =    11786.7925  RESTRAINT  =      173.3628
 EAMBER  =   -98966.8133


   NSTEP       ENERGY          RMS            GMAX         NAME    NUMBER
   2150      -9.8860E+04     6.1085E-01     6.5696E+01     H2       4739

 BOND    =     6689.9755  ANGLE   =      445.0906  DIHED      =     3038.0291
 VDWAALS =    14126.3127  EEL     =  -136306.1060  HBOND      =        0.0000
 1-4 VDW =     1186.6381  1-4 EEL =    11786.8082  RESTRAINT  =      173.0762
 EAMBER  =   -99033.2519


   NSTEP       ENERGY          RMS            GMAX         NAME    NUMBER
   2200      -9.8933E+04     3.4508E-01     3.5914E+01     H2       4739

 BOND    =     6706.0625  ANGLE   =      444.9769  DIHED      =     3038.0204
 VDWAALS =    14183.5861  EEL     =  -136452.0617  HBOND      =        0.0000
 1-4 VDW =     1186.6174  1-4 EEL =    11786.8380  RESTRAINT  =      173.1849
 EAMBER  =   -99105.9604


   NSTEP       ENERGY          RMS            GMAX         NAME    NUMBER
   2250      -9.8997E+04     4.9471E-01     5.1823E+01     H2       4739

 BOND    =     6719.8120  ANGLE   =      445.1049  DIHED      =     3038.0176
 VDWAALS =    14236.5379  EEL     =  -136583.1271  HBOND      =        0.0000
 1-4 VDW =     1186.6523  1-4 EEL =    11786.8591  RESTRAINT  =      173.0702
 EAMBER  =   -99170.1432


   NSTEP       ENERGY          RMS            GMAX         NAME    NUMBER
   2300      -9.9064E+04     1.6231E-01     7.3186E+00     H2       4739

 BOND    =     6726.2780  ANGLE   =      444.9672  DIHED      =     3038.0114
 VDWAALS =    14287.0204  EEL     =  -136706.5609  HBOND      =        0.0000
 1-4 VDW =     1186.6184  1-4 EEL =    11786.8684  RESTRAINT  =      173.2079
 EAMBER  =   -99236.7972


   NSTEP       ENERGY          RMS            GMAX         NAME    NUMBER
   2350      -9.9127E+04     4.7056E-01     5.2246E+01     H2       4739

 BOND    =     6739.1566  ANGLE   =      444.9141  DIHED      =     3038.0058
 VDWAALS =    14338.2337  EEL     =  -136833.6446  HBOND      =        0.0000
 1-4 VDW =     1186.5962  1-4 EEL =    11786.8752  RESTRAINT  =      173.3313
 EAMBER  =   -99299.8630


   NSTEP       ENERGY          RMS            GMAX         NAME    NUMBER
   2400      -9.9190E+04     1.5958E-01     7.0689E+00     H2       4739

 BOND    =     6749.9121  ANGLE   =      445.0124  DIHED      =     3038.0020
 VDWAALS =    14386.3499  EEL     =  -136956.0367  HBOND      =        0.0000
 1-4 VDW =     1186.6234  1-4 EEL =    11786.8912  RESTRAINT  =      173.1934
 EAMBER  =   -99363.2458


   NSTEP       ENERGY          RMS            GMAX         NAME    NUMBER
   2450      -9.9250E+04     3.6929E-01     4.1549E+01     H2       4739

 BOND    =     6762.8327  ANGLE   =      444.9975  DIHED      =     3037.9959
 VDWAALS =    14434.5353  EEL     =  -137077.1546  HBOND      =        0.0000
 1-4 VDW =     1186.6139  1-4 EEL =    11786.8980  RESTRAINT  =      173.2495
 EAMBER  =   -99423.2813


   NSTEP       ENERGY          RMS            GMAX         NAME    NUMBER
   2500      -9.9307E+04     6.2804E-01     1.0289E+02     CD       2954

 BOND    =     6774.9336  ANGLE   =      444.9077  DIHED      =     3037.9845
 VDWAALS =    14481.2257  EEL     =  -137193.6479  HBOND      =        0.0000
 1-4 VDW =     1186.5261  1-4 EEL =    11786.8928  RESTRAINT  =      173.9927
 EAMBER  =   -99481.1775


   NSTEP       ENERGY          RMS            GMAX         NAME    NUMBER
   2550      -9.9368E+04     3.2107E-01     3.3848E+01     H2       4739

 BOND    =     6783.1128  ANGLE   =      445.1114  DIHED      =     3037.9913
 VDWAALS =    14526.0985  EEL     =  -137307.3201  HBOND      =        0.0000
 1-4 VDW =     1186.6195  1-4 EEL =    11786.8815  RESTRAINT  =      173.1688
 EAMBER  =   -99541.5051


   NSTEP       ENERGY          RMS            GMAX         NAME    NUMBER
   2600      -9.9425E+04     4.5606E-01     4.8241E+01     H2       4739

 BOND    =     6794.4694  ANGLE   =      444.9670  DIHED      =     3037.9839
 VDWAALS =    14570.4026  EEL     =  -137419.3532  HBOND      =        0.0000
 1-4 VDW =     1186.5650  1-4 EEL =    11786.8710  RESTRAINT  =      173.4964
 EAMBER  =   -99598.0943


   NSTEP       ENERGY          RMS            GMAX         NAME    NUMBER
   2650      -9.9482E+04     1.6186E-01     1.0130E+01     H2       4739

 BOND    =     6802.6229  ANGLE   =      445.0844  DIHED      =     3037.9839
 VDWAALS =    14613.6079  EEL     =  -137528.5186  HBOND      =        0.0000
 1-4 VDW =     1186.5961  1-4 EEL =    11786.8687  RESTRAINT  =      173.2807
 EAMBER  =   -99655.7547


   NSTEP       ENERGY          RMS            GMAX         NAME    NUMBER
   2700      -9.9538E+04     4.3778E-01     4.6638E+01     H2       4739

 BOND    =     6814.3403  ANGLE   =      445.0132  DIHED      =     3037.9785
 VDWAALS =    14658.1221  EEL     =  -137639.9033  HBOND      =        0.0000
 1-4 VDW =     1186.5598  1-4 EEL =    11786.8611  RESTRAINT  =      173.5042
 EAMBER  =   -99711.0284


   NSTEP       ENERGY          RMS            GMAX         NAME    NUMBER
   2750      -9.9592E+04     1.8259E-01     1.5120E+01     H2       4739

 BOND    =     6822.6456  ANGLE   =      445.1282  DIHED      =     3037.9819
 VDWAALS =    14699.2724  EEL     =  -137744.0480  HBOND      =        0.0000
 1-4 VDW =     1186.5907  1-4 EEL =    11786.8462  RESTRAINT  =      173.3020
 EAMBER  =   -99765.5830


   NSTEP       ENERGY          RMS            GMAX         NAME    NUMBER
   2800      -9.9645E+04     3.4291E-01     3.8751E+01     H2       4739

 BOND    =     6833.5414  ANGLE   =      445.1900  DIHED      =     3037.9832
 VDWAALS =    14740.7824  EEL     =  -137848.7724  HBOND      =        0.0000
 1-4 VDW =     1186.5997  1-4 EEL =    11786.8360  RESTRAINT  =      173.2676
 EAMBER  =   -99817.8398


   NSTEP       ENERGY          RMS            GMAX         NAME    NUMBER
   2850      -9.9695E+04     5.0251E-01     5.5799E+01     H2       4739

 BOND    =     6844.6740  ANGLE   =      445.3241  DIHED      =     3037.9860
 VDWAALS =    14780.9245  EEL     =  -137950.3240  HBOND      =        0.0000
 1-4 VDW =     1186.6221  1-4 EEL =    11786.8295  RESTRAINT  =      173.1908
 EAMBER  =   -99867.9638


   NSTEP       ENERGY          RMS            GMAX         NAME    NUMBER
   2900      -9.9748E+04     2.0131E-01     1.6654E+01     H2       4739

 BOND    =     6850.2984  ANGLE   =      445.2301  DIHED      =     3037.9832
 VDWAALS =    14820.8645  EEL     =  -138049.5842  HBOND      =        0.0000
 1-4 VDW =     1186.5995  1-4 EEL =    11786.8324  RESTRAINT  =      173.2898
 EAMBER  =   -99921.7761


   NSTEP       ENERGY          RMS            GMAX         NAME    NUMBER
   2950      -9.9797E+04     4.1903E-01     4.4172E+01     H2       4739

 BOND    =     6860.0853  ANGLE   =      445.0987  DIHED      =     3037.9788
 VDWAALS =    14860.2372  EEL     =  -138147.7450  HBOND      =        0.0000
 1-4 VDW =     1186.5555  1-4 EEL =    11786.8329  RESTRAINT  =      173.5964
 EAMBER  =   -99970.9565


   NSTEP       ENERGY          RMS            GMAX         NAME    NUMBER
   3000      -9.9848E+04     1.9497E-01     1.8411E+01     H2       4739

 BOND    =     6868.5062  ANGLE   =      445.2027  DIHED      =     3037.9849
 VDWAALS =    14898.3153  EEL     =  -138244.6473  HBOND      =        0.0000
 1-4 VDW =     1186.5899  1-4 EEL =    11786.8291  RESTRAINT  =      173.3974
 EAMBER  =  -100021.2192


   NSTEP       ENERGY          RMS            GMAX         NAME    NUMBER
   3050      -9.9895E+04     3.9019E-01     4.3209E+01     H2       4739

 BOND    =     6878.7388  ANGLE   =      445.1498  DIHED      =     3037.9857
 VDWAALS =    14935.7569  EEL     =  -138339.3528  HBOND      =        0.0000
 1-4 VDW =     1186.5699  1-4 EEL =    11786.8305  RESTRAINT  =      173.5590
 EAMBER  =  -100068.3212


   NSTEP       ENERGY          RMS            GMAX         NAME    NUMBER
   3100      -9.9940E+04     5.4464E-01     6.1354E+01     H2       4739

 BOND    =     6888.9831  ANGLE   =      445.1381  DIHED      =     3037.9871
 VDWAALS =    14971.7208  EEL     =  -138431.1146  HBOND      =        0.0000
 1-4 VDW =     1186.5602  1-4 EEL =    11786.8355  RESTRAINT  =      173.6714
 EAMBER  =  -100113.8899


   NSTEP       ENERGY          RMS            GMAX         NAME    NUMBER
   3150      -9.9989E+04     3.1357E-01     3.4739E+01     H2       4739

 BOND    =     6893.4671  ANGLE   =      445.1858  DIHED      =     3037.9897
 VDWAALS =    15006.6581  EEL     =  -138519.0508  HBOND      =        0.0000
 1-4 VDW =     1186.5886  1-4 EEL =    11786.8547  RESTRAINT  =      173.5070
 EAMBER  =  -100162.3068


   NSTEP       ENERGY          RMS            GMAX         NAME    NUMBER
   3200      -1.0004E+05     1.3993E-01     7.6222E+00     H2       4739

 BOND    =     6901.4233  ANGLE   =      445.2463  DIHED      =     3037.9952
 VDWAALS =    15040.4136  EEL     =  -138607.3827  HBOND      =        0.0000
 1-4 VDW =     1186.6055  1-4 EEL =    11786.8607  RESTRAINT  =      173.4231
 EAMBER  =  -100208.8381


   NSTEP       ENERGY          RMS            GMAX         NAME    NUMBER
   3250      -1.0008E+05     1.4029E-01     7.5207E+00     H2       4739

 BOND    =     6909.2858  ANGLE   =      445.2445  DIHED      =     3037.9961
 VDWAALS =    15073.6021  EEL     =  -138693.2312  HBOND      =        0.0000
 1-4 VDW =     1186.6064  1-4 EEL =    11786.8689  RESTRAINT  =      173.4383
 EAMBER  =  -100253.6274


   NSTEP       ENERGY          RMS            GMAX         NAME    NUMBER
   3300      -1.0012E+05     4.5108E-01     5.3186E+01     CD       2954

 BOND    =     6920.3094  ANGLE   =      445.4873  DIHED      =     3038.0000
 VDWAALS =    15108.2351  EEL     =  -138782.8753  HBOND      =        0.0000
 1-4 VDW =     1186.6646  1-4 EEL =    11786.8735  RESTRAINT  =      173.2089
 EAMBER  =  -100297.3053


   NSTEP       ENERGY          RMS            GMAX         NAME    NUMBER
   3350      -1.0017E+05     1.3435E-01     7.0467E+00     H2       4739

 BOND    =     6924.5718  ANGLE   =      445.2707  DIHED      =     3037.9884
 VDWAALS =    15140.1198  EEL     =  -138862.0725  HBOND      =        0.0000
 1-4 VDW =     1186.6281  1-4 EEL =    11786.8783  RESTRAINT  =      173.3662
 EAMBER  =  -100340.6155


   NSTEP       ENERGY          RMS            GMAX         NAME    NUMBER
   3400      -1.0021E+05     3.5930E-01     3.7288E+01     H2       4739

 BOND    =     6933.1124  ANGLE   =      445.3813  DIHED      =     3037.9832
 VDWAALS =    15173.2611  EEL     =  -138944.4343  HBOND      =        0.0000
 1-4 VDW =     1186.6629  1-4 EEL =    11786.8816  RESTRAINT  =      173.2178
 EAMBER  =  -100381.1517


   NSTEP       ENERGY          RMS            GMAX         NAME    NUMBER
   3450      -1.0025E+05     5.1702E-01     6.1780E+01     CD       2954

 BOND    =     6941.1508  ANGLE   =      445.1388  DIHED      =     3037.9679
 VDWAALS =    15204.7180  EEL     =  -139022.0606  HBOND      =        0.0000
 1-4 VDW =     1186.5853  1-4 EEL =    11786.8778  RESTRAINT  =      173.7407
 EAMBER  =  -100419.6219


   NSTEP       ENERGY          RMS            GMAX         NAME    NUMBER
   3500      -1.0029E+05     1.9879E-01     1.9792E+01     H2       4739

 BOND    =     6947.3559  ANGLE   =      445.2876  DIHED      =     3037.9698
 VDWAALS =    15234.7809  EEL     =  -139098.7757  HBOND      =        0.0000
 1-4 VDW =     1186.6550  1-4 EEL =    11786.8718  RESTRAINT  =      173.3006
 EAMBER  =  -100459.8547


   NSTEP       ENERGY          RMS            GMAX         NAME    NUMBER
   3550      -1.0032E+05     4.1312E-01     4.5963E+01     H2       4739

 BOND    =     6956.1600  ANGLE   =      445.3817  DIHED      =     3037.9664
 VDWAALS =    15263.6316  EEL     =  -139172.0348  HBOND      =        0.0000
 1-4 VDW =     1186.6795  1-4 EEL =    11786.8671  RESTRAINT  =      173.2087
 EAMBER  =  -100495.3485


   NSTEP       ENERGY          RMS            GMAX         NAME    NUMBER
   3600      -1.0036E+05     1.2436E-01     6.1263E+00     H2       4739

 BOND    =     6960.0366  ANGLE   =      445.2737  DIHED      =     3037.9563
 VDWAALS =    15291.1466  EEL     =  -139241.1250  HBOND      =        0.0000
 1-4 VDW =     1186.6564  1-4 EEL =    11786.8669  RESTRAINT  =      173.3160
 EAMBER  =  -100533.1884


   NSTEP       ENERGY          RMS            GMAX         NAME    NUMBER
   3650      -1.0039E+05     3.4314E-01     4.0146E+01     H2       4739

 BOND    =     6967.3275  ANGLE   =      445.2233  DIHED      =     3037.9469
 VDWAALS =    15318.8710  EEL     =  -139311.2384  HBOND      =        0.0000
 1-4 VDW =     1186.6430  1-4 EEL =    11786.8659  RESTRAINT  =      173.4000
 EAMBER  =  -100568.3608


   NSTEP       ENERGY          RMS            GMAX         NAME    NUMBER
   3700      -1.0043E+05     1.1981E-01     5.8031E+00     H2       4739

 BOND    =     6973.1215  ANGLE   =      445.2795  DIHED      =     3037.9426
 VDWAALS =    15344.5830  EEL     =  -139377.9867  HBOND      =        0.0000
 1-4 VDW =     1186.6565  1-4 EEL =    11786.8589  RESTRAINT  =      173.3317
 EAMBER  =  -100603.5447


   NSTEP       ENERGY          RMS            GMAX         NAME    NUMBER
   3750      -1.0046E+05     3.3004E-01     3.3063E+01     H2       4739

 BOND    =     6980.6537  ANGLE   =      445.2047  DIHED      =     3037.9323
 VDWAALS =    15370.5015  EEL     =  -139444.6803  HBOND      =        0.0000
 1-4 VDW =     1186.6249  1-4 EEL =    11786.8534  RESTRAINT  =      173.5420
 EAMBER  =  -100636.9098


   NSTEP       ENERGY          RMS            GMAX         NAME    NUMBER
   3800      -1.0050E+05     1.3606E-01     1.0408E+01     H2       4739

 BOND    =     6985.2334  ANGLE   =      445.2820  DIHED      =     3037.9268
 VDWAALS =    15394.9612  EEL     =  -139507.0837  HBOND      =        0.0000
 1-4 VDW =     1186.6530  1-4 EEL =    11786.8564  RESTRAINT  =      173.3479
 EAMBER  =  -100670.1708


   NSTEP       ENERGY          RMS            GMAX         NAME    NUMBER
   3850      -1.0053E+05     2.0384E-01     2.1508E+01     H2       4739

 BOND    =     6991.4047  ANGLE   =      445.2901  DIHED      =     3037.9195
 VDWAALS =    15419.4508  EEL     =  -139569.8668  HBOND      =        0.0000
 1-4 VDW =     1186.6540  1-4 EEL =    11786.8566  RESTRAINT  =      173.3427
 EAMBER  =  -100702.2912


   NSTEP       ENERGY          RMS            GMAX         NAME    NUMBER
   3900      -1.0056E+05     3.6833E-01     4.2345E+01     H2       4739

 BOND    =     6998.0612  ANGLE   =      445.2351  DIHED      =     3037.9108
 VDWAALS =    15443.3780  EEL     =  -139630.7724  HBOND      =        0.0000
 1-4 VDW =     1186.6347  1-4 EEL =    11786.8582  RESTRAINT  =      173.4526
 EAMBER  =  -100732.6943


   NSTEP       ENERGY          RMS            GMAX         NAME    NUMBER
   3950      -1.0059E+05     1.5454E-01     1.2630E+01     H2       4739

 BOND    =     7003.1781  ANGLE   =      445.3336  DIHED      =     3037.9101
 VDWAALS =    15466.6138  EEL     =  -139690.9625  HBOND      =        0.0000
 1-4 VDW =     1186.6597  1-4 EEL =    11786.8569  RESTRAINT  =      173.3179
 EAMBER  =  -100764.4102


   NSTEP       ENERGY          RMS            GMAX         NAME    NUMBER
   4000      -1.0062E+05     3.4106E-01     4.7484E+01     CD       2954

 BOND    =     7009.5981  ANGLE   =      445.2144  DIHED      =     3037.9012
 VDWAALS =    15489.7759  EEL     =  -139750.0351  HBOND      =        0.0000
 1-4 VDW =     1186.6093  1-4 EEL =    11786.8573  RESTRAINT  =      173.6642
 EAMBER  =  -100794.0789


   NSTEP       ENERGY          RMS            GMAX         NAME    NUMBER
   4050      -1.0065E+05     4.5114E-01     5.2567E+01     H2       4739

 BOND    =     7016.7952  ANGLE   =      445.3821  DIHED      =     3037.9045
 VDWAALS =    15511.8792  EEL     =  -139807.2265  HBOND      =        0.0000
 1-4 VDW =     1186.6671  1-4 EEL =    11786.8603  RESTRAINT  =      173.3003
 EAMBER  =  -100821.7381


   NSTEP       ENERGY          RMS            GMAX         NAME    NUMBER
   4100      -1.0068E+05     2.8849E-01     3.0810E+01     H2       4739

 BOND    =     7019.9389  ANGLE   =      445.2548  DIHED      =     3037.8962
 VDWAALS =    15533.8534  EEL     =  -139862.8700  HBOND      =        0.0000
 1-4 VDW =     1186.6332  1-4 EEL =    11786.8682  RESTRAINT  =      173.4880
 EAMBER  =  -100852.4253


   NSTEP       ENERGY          RMS            GMAX         NAME    NUMBER
   4150      -1.0071E+05     4.2351E-01     5.7887E+01     CD       2954

 BOND    =     7025.7688  ANGLE   =      445.2027  DIHED      =     3037.8913
 VDWAALS =    15554.5115  EEL     =  -139916.3396  HBOND      =        0.0000
 1-4 VDW =     1186.6020  1-4 EEL =    11786.8715  RESTRAINT  =      173.7610
 EAMBER  =  -100879.4917


   NSTEP       ENERGY          RMS            GMAX         NAME    NUMBER
   4200      -1.0073E+05     2.2992E-01     2.5331E+01     H2       4739

 BOND    =     7030.4681  ANGLE   =      445.3378  DIHED      =     3037.8984
 VDWAALS =    15574.8361  EEL     =  -139970.4583  HBOND      =        0.0000
 1-4 VDW =     1186.6587  1-4 EEL =    11786.8735  RESTRAINT  =      173.3901
 EAMBER  =  -100908.3856


   NSTEP       ENERGY          RMS            GMAX         NAME    NUMBER
   4250      -1.0076E+05     3.2161E-01     3.4772E+01     H2       4739

 BOND    =     7036.1406  ANGLE   =      445.4125  DIHED      =     3037.9011
 VDWAALS =    15594.3331  EEL     =  -140022.5022  HBOND      =        0.0000
 1-4 VDW =     1186.6797  1-4 EEL =    11786.8767  RESTRAINT  =      173.3126
 EAMBER  =  -100935.1586


   NSTEP       ENERGY          RMS            GMAX         NAME    NUMBER
   4300      -1.0079E+05     1.0707E-01     5.4969E+00     H2       4739

 BOND    =     7039.4635  ANGLE   =      445.3332  DIHED      =     3037.8994
 VDWAALS =    15612.9002  EEL     =  -140072.1056  HBOND      =        0.0000
 1-4 VDW =     1186.6622  1-4 EEL =    11786.8806  RESTRAINT  =      173.4115
 EAMBER  =  -100962.9666


   NSTEP       ENERGY          RMS            GMAX         NAME    NUMBER
   4350      -1.0082E+05     2.8900E-01     3.3258E+01     H2       4739

 BOND    =     7044.8759  ANGLE   =      445.3160  DIHED      =     3037.9000
 VDWAALS =    15631.3336  EEL     =  -140122.3425  HBOND      =        0.0000
 1-4 VDW =     1186.6612  1-4 EEL =    11786.8828  RESTRAINT  =      173.4405
 EAMBER  =  -100989.3730


   NSTEP       ENERGY          RMS            GMAX         NAME    NUMBER
   4400      -1.0084E+05     1.3093E-01     1.0929E+01     H2       4739

 BOND    =     7049.0612  ANGLE   =      445.3377  DIHED      =     3037.9040
 VDWAALS =    15648.8616  EEL     =  -140171.3820  HBOND      =        0.0000
 1-4 VDW =     1186.6678  1-4 EEL =    11786.8782  RESTRAINT  =      173.4443
 EAMBER  =  -101016.6715


   NSTEP       ENERGY          RMS            GMAX         NAME    NUMBER
   4450      -1.0087E+05     1.8545E-01     1.7818E+01     H2       4739

 BOND    =     7053.8812  ANGLE   =      445.2981  DIHED      =     3037.9057
 VDWAALS =    15666.3115  EEL     =  -140220.4187  HBOND      =        0.0000
 1-4 VDW =     1186.6580  1-4 EEL =    11786.8741  RESTRAINT  =      173.5405
 EAMBER  =  -101043.4902


   NSTEP       ENERGY          RMS            GMAX         NAME    NUMBER
   4500      -1.0090E+05     1.1336E-01     7.4122E+00     H2       4739

 BOND    =     7057.8179  ANGLE   =      445.3192  DIHED      =     3037.9091
 VDWAALS =    15682.6799  EEL     =  -140266.7395  HBOND      =        0.0000
 1-4 VDW =     1186.6692  1-4 EEL =    11786.8716  RESTRAINT  =      173.4957
 EAMBER  =  -101069.4726


   NSTEP       ENERGY          RMS            GMAX         NAME    NUMBER
   4550      -1.0092E+05     1.0388E-01     4.7023E+00     H2       4739

 BOND    =     7062.0382  ANGLE   =      445.3150  DIHED      =     3037.9117
 VDWAALS =    15698.4110  EEL     =  -140311.8038  HBOND      =        0.0000
 1-4 VDW =     1186.6723  1-4 EEL =    11786.8661  RESTRAINT  =      173.5160
 EAMBER  =  -101094.5895


   NSTEP       ENERGY          RMS            GMAX         NAME    NUMBER
   4600      -1.0095E+05     2.9556E-01     3.1769E+01     H2       4739

 BOND    =     7067.1451  ANGLE   =      445.3791  DIHED      =     3037.9158
 VDWAALS =    15714.4278  EEL     =  -140357.7615  HBOND      =        0.0000
 1-4 VDW =     1186.6970  1-4 EEL =    11786.8620  RESTRAINT  =      173.4202
 EAMBER  =  -101119.3347


   NSTEP       ENERGY          RMS            GMAX         NAME    NUMBER
   4650      -1.0097E+05     1.0642E-01     5.7138E+00     H2       4739

 BOND    =     7070.7096  ANGLE   =      445.3147  DIHED      =     3037.9176
 VDWAALS =    15730.3417  EEL     =  -140403.8385  HBOND      =        0.0000
 1-4 VDW =     1186.6831  1-4 EEL =    11786.8521  RESTRAINT  =      173.5391
 EAMBER  =  -101146.0197


   NSTEP       ENERGY          RMS            GMAX         NAME    NUMBER
   4700      -1.0100E+05     2.8106E-01     2.9324E+01     H2       4739

 BOND    =     7075.9699  ANGLE   =      445.3990  DIHED      =     3037.9224
 VDWAALS =    15746.2487  EEL     =  -140449.7018  HBOND      =        0.0000
 1-4 VDW =     1186.7124  1-4 EEL =    11786.8440  RESTRAINT  =      173.4309
 EAMBER  =  -101170.6053


   NSTEP       ENERGY          RMS            GMAX         NAME    NUMBER
   4750      -1.0102E+05     1.1716E-01     8.3895E+00     H2       4739

 BOND    =     7079.0964  ANGLE   =      445.3138  DIHED      =     3037.9200
 VDWAALS =    15762.1889  EEL     =  -140494.6222  HBOND      =        0.0000
 1-4 VDW =     1186.7021  1-4 EEL =    11786.8389  RESTRAINT  =      173.5190
 EAMBER  =  -101196.5621


   NSTEP       ENERGY          RMS            GMAX         NAME    NUMBER
   4800      -1.0105E+05     1.7620E-01     1.7840E+01     H2       4739

 BOND    =     7083.4983  ANGLE   =      445.2827  DIHED      =     3037.9191
 VDWAALS =    15778.7169  EEL     =  -140540.4859  HBOND      =        0.0000
 1-4 VDW =     1186.7048  1-4 EEL =    11786.8321  RESTRAINT  =      173.5527
 EAMBER  =  -101221.5320


   NSTEP       ENERGY          RMS            GMAX         NAME    NUMBER
   4850      -1.0107E+05     1.0126E-01     5.3250E+00     H2       4739

 BOND    =     7087.5534  ANGLE   =      445.3020  DIHED      =     3037.9200
 VDWAALS =    15794.7767  EEL     =  -140584.5497  HBOND      =        0.0000
 1-4 VDW =     1186.7202  1-4 EEL =    11786.8235  RESTRAINT  =      173.5130
 EAMBER  =  -101245.4539


   NSTEP       ENERGY          RMS            GMAX         NAME    NUMBER
   4900      -1.0110E+05     1.8374E-01     1.8799E+01     H2       4739

 BOND    =     7092.0065  ANGLE   =      445.2781  DIHED      =     3037.9183
 VDWAALS =    15810.8301  EEL     =  -140628.2157  HBOND      =        0.0000
 1-4 VDW =     1186.7244  1-4 EEL =    11786.8157  RESTRAINT  =      173.5441
 EAMBER  =  -101268.6427


   NSTEP       ENERGY          RMS            GMAX         NAME    NUMBER
   4950      -1.0112E+05     2.7183E-01     2.9851E+01     H2       4739

 BOND    =     7096.6346  ANGLE   =      445.3354  DIHED      =     3037.9187
 VDWAALS =    15826.3556  EEL     =  -140670.3885  HBOND      =        0.0000
 1-4 VDW =     1186.7527  1-4 EEL =    11786.8084  RESTRAINT  =      173.4378
 EAMBER  =  -101290.5830


   NSTEP       ENERGY          RMS            GMAX         NAME    NUMBER
   5000      -1.0114E+05     4.0585E-01     4.1939E+01     H2       4739

 BOND    =     7101.3756  ANGLE   =      445.2169  DIHED      =     3037.9124
 VDWAALS =    15841.5972  EEL     =  -140711.8738  HBOND      =        0.0000
 1-4 VDW =     1186.7201  1-4 EEL =    11786.7996  RESTRAINT  =      173.7026
 EAMBER  =  -101312.2520


   NSTEP       ENERGY          RMS            GMAX         NAME    NUMBER
   5050      -1.0116E+05     2.3119E-01     2.5268E+01     H2       4739

 BOND    =     7104.1361  ANGLE   =      445.2518  DIHED      =     3037.9103
 VDWAALS =    15856.5805  EEL     =  -140753.3173  HBOND      =        0.0000
 1-4 VDW =     1186.7529  1-4 EEL =    11786.7973  RESTRAINT  =      173.5060
 EAMBER  =  -101335.8883


   NSTEP       ENERGY          RMS            GMAX         NAME    NUMBER
   5100      -1.0119E+05     9.8137E-02     5.0419E+00     H2       4739

 BOND    =     7107.6850  ANGLE   =      445.2739  DIHED      =     3037.9091
 VDWAALS =    15871.3155  EEL     =  -140794.8642  HBOND      =        0.0000
 1-4 VDW =     1186.7642  1-4 EEL =    11786.7900  RESTRAINT  =      173.4760
 EAMBER  =  -101359.1265


   NSTEP       ENERGY          RMS            GMAX         NAME    NUMBER
   5150      -1.0121E+05     1.2491E-01     9.7136E+00     H2       4739

 BOND    =     7111.7991  ANGLE   =      445.2587  DIHED      =     3037.9064
 VDWAALS =    15886.1696  EEL     =  -140836.9946  HBOND      =        0.0000
 1-4 VDW =     1186.7626  1-4 EEL =    11786.7829  RESTRAINT  =      173.5014
 EAMBER  =  -101382.3152


   NSTEP       ENERGY          RMS            GMAX         NAME    NUMBER
   5200      -1.0123E+05     2.8952E-01     2.8397E+01     H2       4739

 BOND    =     7116.6534  ANGLE   =      445.3857  DIHED      =     3037.9076
 VDWAALS =    15900.2823  EEL     =  -140878.0334  HBOND      =        0.0000
 1-4 VDW =     1186.7972  1-4 EEL =    11786.7778  RESTRAINT  =      173.3330
 EAMBER  =  -101404.2293


   NSTEP       ENERGY          RMS            GMAX         NAME    NUMBER
   5250      -1.0125E+05     4.5000E-01     5.3475E+01     CD       2954

 BOND    =     7121.3213  ANGLE   =      445.2038  DIHED      =     3037.8980
 VDWAALS =    15914.1668  EEL     =  -140918.2227  HBOND      =        0.0000
 1-4 VDW =     1186.7256  1-4 EEL =    11786.7735  RESTRAINT  =      173.7851
 EAMBER  =  -101426.1339


   NSTEP       ENERGY          RMS            GMAX         NAME    NUMBER
   5300      -1.0128E+05     2.8228E-01     3.1584E+01     CD       2954

 BOND    =     7124.0972  ANGLE   =      445.4010  DIHED      =     3037.9004
 VDWAALS =    15928.3839  EEL     =  -140959.6640  HBOND      =        0.0000
 1-4 VDW =     1186.7981  1-4 EEL =    11786.7789  RESTRAINT  =      173.2843
 EAMBER  =  -101450.3045


   NSTEP       ENERGY          RMS            GMAX         NAME    NUMBER
   5350      -1.0130E+05     4.0152E-01     5.4740E+01     CD       2954

 BOND    =     7128.3208  ANGLE   =      445.2103  DIHED      =     3037.8883
 VDWAALS =    15943.1989  EEL     =  -141001.3610  HBOND      =        0.0000
 1-4 VDW =     1186.7184  1-4 EEL =    11786.7765  RESTRAINT  =      173.7405
 EAMBER  =  -101473.2478


   NSTEP       ENERGY          RMS            GMAX         NAME    NUMBER
   5400      -1.0132E+05     2.1604E-01     2.2606E+01     H2       4739

 BOND    =     7131.5851  ANGLE   =      445.3938  DIHED      =     3037.8922
 VDWAALS =    15957.9800  EEL     =  -141042.9688  HBOND      =        0.0000
 1-4 VDW =     1186.7789  1-4 EEL =    11786.7748  RESTRAINT  =      173.2926
 EAMBER  =  -101496.5639


   NSTEP       ENERGY          RMS            GMAX         NAME    NUMBER
   5450      -1.0134E+05     3.2261E-01     3.2421E+01     CD       2954

 BOND    =     7135.6916  ANGLE   =      445.3153  DIHED      =     3037.8838
 VDWAALS =    15973.2948  EEL     =  -141083.6385  HBOND      =        0.0000
 1-4 VDW =     1186.7410  1-4 EEL =    11786.7730  RESTRAINT  =      173.4952
 EAMBER  =  -101517.9391


   NSTEP       ENERGY          RMS            GMAX         NAME    NUMBER
   5500      -1.0137E+05     1.6825E-01     1.7285E+01     H2       4739

 BOND    =     7138.5304  ANGLE   =      445.3765  DIHED      =     3037.8804
 VDWAALS =    15988.4930  EEL     =  -141123.8541  HBOND      =        0.0000
 1-4 VDW =     1186.7702  1-4 EEL =    11786.7761  RESTRAINT  =      173.2749
 EAMBER  =  -101540.0275


   NSTEP       ENERGY          RMS            GMAX         NAME    NUMBER
   5550      -1.0139E+05     2.5861E-01     2.9011E+01     H2       4739

 BOND    =     7142.4604  ANGLE   =      445.3696  DIHED      =     3037.8754
 VDWAALS =    16002.8582  EEL     =  -141162.4659  HBOND      =        0.0000
 1-4 VDW =     1186.7706  1-4 EEL =    11786.7751  RESTRAINT  =      173.2631
 EAMBER  =  -101560.3566


   NSTEP       ENERGY          RMS            GMAX         NAME    NUMBER
   5600      -1.0141E+05     8.8808E-02     3.2543E+00     H2       4739

 BOND    =     7145.2207  ANGLE   =      445.3960  DIHED      =     3037.8735
 VDWAALS =    16016.1572  EEL     =  -141198.9759  HBOND      =        0.0000
 1-4 VDW =     1186.7788  1-4 EEL =    11786.7703  RESTRAINT  =      173.2252
 EAMBER  =  -101580.7795


   NSTEP       ENERGY          RMS            GMAX         NAME    NUMBER
   5650      -1.0143E+05     2.3853E-01     2.5799E+01     H2       4739

 BOND    =     7149.2162  ANGLE   =      445.3919  DIHED      =     3037.8709
 VDWAALS =    16029.5267  EEL     =  -141235.8703  HBOND      =        0.0000
 1-4 VDW =     1186.7749  1-4 EEL =    11786.7662  RESTRAINT  =      173.2507
 EAMBER  =  -101600.3234


   NSTEP       ENERGY          RMS            GMAX         NAME    NUMBER
   5700      -1.0145E+05     1.0286E-01     7.2501E+00     H2       4739

 BOND    =     7151.8464  ANGLE   =      445.4165  DIHED      =     3037.8687
 VDWAALS =    16042.2422  EEL     =  -141271.0785  HBOND      =        0.0000
 1-4 VDW =     1186.7837  1-4 EEL =    11786.7665  RESTRAINT  =      173.1811
 EAMBER  =  -101620.1546


   NSTEP       ENERGY          RMS            GMAX         NAME    NUMBER
   5750      -1.0147E+05     1.9350E-01     2.0805E+01     H2       4739

 BOND    =     7155.4090  ANGLE   =      445.4272  DIHED      =     3037.8667
 VDWAALS =    16055.0794  EEL     =  -141306.5743  HBOND      =        0.0000
 1-4 VDW =     1186.7849  1-4 EEL =    11786.7652  RESTRAINT  =      173.1616
 EAMBER  =  -101639.2419


   NSTEP       ENERGY          RMS            GMAX         NAME    NUMBER
   5800      -1.0149E+05     3.1422E-01     3.5878E+01     H2       4739

 BOND    =     7159.4751  ANGLE   =      445.4593  DIHED      =     3037.8659
 VDWAALS =    16068.4936  EEL     =  -141343.3103  HBOND      =        0.0000
 1-4 VDW =     1186.7907  1-4 EEL =    11786.7638  RESTRAINT  =      173.1120
 EAMBER  =  -101658.4620


   NSTEP       ENERGY          RMS            GMAX         NAME    NUMBER
   5850      -1.0151E+05     1.4538E-01     1.4347E+01     H2       4739

 BOND    =     7161.9742  ANGLE   =      445.4620  DIHED      =     3037.8656
 VDWAALS =    16081.1730  EEL     =  -141378.4760  HBOND      =        0.0000
 1-4 VDW =     1186.7853  1-4 EEL =    11786.7565  RESTRAINT  =      173.1541
 EAMBER  =  -101678.4594


   NSTEP       ENERGY          RMS            GMAX         NAME    NUMBER
   5900      -1.0152E+05     2.3542E-01     2.5277E+01     H2       4739

 BOND    =     7165.4968  ANGLE   =      445.4544  DIHED      =     3037.8641
 VDWAALS =    16093.5837  EEL     =  -141412.3104  HBOND      =        0.0000
 1-4 VDW =     1186.7761  1-4 EEL =    11786.7520  RESTRAINT  =      173.2035
 EAMBER  =  -101696.3833


   NSTEP       ENERGY          RMS            GMAX         NAME    NUMBER
   5950      -1.0154E+05     3.4809E-01     3.7363E+01     H2       4739

 BOND    =     7169.5571  ANGLE   =      445.5842  DIHED      =     3037.8672
 VDWAALS =    16105.9098  EEL     =  -141446.0082  HBOND      =        0.0000
 1-4 VDW =     1186.8093  1-4 EEL =    11786.7489  RESTRAINT  =      173.0283
 EAMBER  =  -101713.5315


   NSTEP       ENERGY          RMS            GMAX         NAME    NUMBER
   6000      -1.0156E+05     1.6595E-01     1.6777E+01     H2       4739

 BOND    =     7171.3204  ANGLE   =      445.4785  DIHED      =     3037.8622
 VDWAALS =    16118.5249  EEL     =  -141479.8420  HBOND      =        0.0000
 1-4 VDW =     1186.7774  1-4 EEL =    11786.7489  RESTRAINT  =      173.1693
 EAMBER  =  -101733.1297


   NSTEP       ENERGY          RMS            GMAX         NAME    NUMBER
   6050      -1.0158E+05     3.4211E-01     5.4790E+01     CD       2954

 BOND    =     7175.0385  ANGLE   =      445.4055  DIHED      =     3037.8573
 VDWAALS =    16131.4291  EEL     =  -141514.0348  HBOND      =        0.0000
 1-4 VDW =     1186.7330  1-4 EEL =    11786.7440  RESTRAINT  =      173.4974
 EAMBER  =  -101750.8274


   NSTEP       ENERGY          RMS            GMAX         NAME    NUMBER
   6100      -1.0160E+05     1.3106E-01     1.1730E+01     H2       4739

 BOND    =     7177.7269  ANGLE   =      445.5532  DIHED      =     3037.8641
 VDWAALS =    16144.1114  EEL     =  -141547.5458  HBOND      =        0.0000
 1-4 VDW =     1186.7890  1-4 EEL =    11786.7394  RESTRAINT  =      173.1033
 EAMBER  =  -101768.7618


   NSTEP       ENERGY          RMS            GMAX         NAME    NUMBER
   6150      -1.0161E+05     2.6705E-01     2.8562E+01     CD       2954

 BOND    =     7181.3688  ANGLE   =      445.4820  DIHED      =     3037.8618
 VDWAALS =    16157.2112  EEL     =  -141580.7311  HBOND      =        0.0000
 1-4 VDW =     1186.7563  1-4 EEL =    11786.7336  RESTRAINT  =      173.3112
 EAMBER  =  -101785.3174


   NSTEP       ENERGY          RMS            GMAX         NAME    NUMBER
   6200      -1.0163E+05     8.2213E-02     3.7410E+00     H2       4739

 BOND    =     7183.7799  ANGLE   =      445.5605  DIHED      =     3037.8639
 VDWAALS =    16169.8118  EEL     =  -141612.4374  HBOND      =        0.0000
 1-4 VDW =     1186.7817  1-4 EEL =    11786.7331  RESTRAINT  =      173.1273
 EAMBER  =  -101801.9063


   NSTEP       ENERGY          RMS            GMAX         NAME    NUMBER
   6250      -1.0164E+05     2.1322E-01     2.2819E+01     H2       4739

 BOND    =     7187.1888  ANGLE   =      445.5894  DIHED      =     3037.8645
 VDWAALS =    16181.9996  EEL     =  -141643.3604  HBOND      =        0.0000
 1-4 VDW =     1186.7864  1-4 EEL =    11786.7307  RESTRAINT  =      173.0905
 EAMBER  =  -101817.2012


   NSTEP       ENERGY          RMS            GMAX         NAME    NUMBER
   6300      -1.0166E+05     1.0438E-01     8.7604E+00     H2       4739

 BOND    =     7189.6953  ANGLE   =      445.5841  DIHED      =     3037.8651
 VDWAALS =    16193.3938  EEL     =  -141672.9094  HBOND      =        0.0000
 1-4 VDW =     1186.7798  1-4 EEL =    11786.7234  RESTRAINT  =      173.1384
 EAMBER  =  -101832.8679


   NSTEP       ENERGY          RMS            GMAX         NAME    NUMBER
   6350      -1.0167E+05     1.1686E-01     1.0732E+01     H2       4739

 BOND    =     7192.5402  ANGLE   =      445.5945  DIHED      =     3037.8656
 VDWAALS =    16204.5444  EEL     =  -141702.0448  HBOND      =        0.0000
 1-4 VDW =     1186.7799  1-4 EEL =    11786.7188  RESTRAINT  =      173.1427
 EAMBER  =  -101848.0014


   NSTEP       ENERGY          RMS            GMAX         NAME    NUMBER
   6400      -1.0169E+05     8.2584E-02     4.6525E+00     H2       4739

 BOND    =     7195.1676  ANGLE   =      445.5970  DIHED      =     3037.8652
 VDWAALS =    16215.4241  EEL     =  -141730.9236  HBOND      =        0.0000
 1-4 VDW =     1186.7781  1-4 EEL =    11786.7152  RESTRAINT  =      173.1458
 EAMBER  =  -101863.3764


   NSTEP       ENERGY          RMS            GMAX         NAME    NUMBER
   6450      -1.0171E+05     1.5698E-01     1.5956E+01     H2       4739

 BOND    =     7198.0115  ANGLE   =      445.5864  DIHED      =     3037.8648
 VDWAALS =    16225.9180  EEL     =  -141759.2461  HBOND      =        0.0000
 1-4 VDW =     1186.7726  1-4 EEL =    11786.7107  RESTRAINT  =      173.1767
 EAMBER  =  -101878.3820


   NSTEP       ENERGY          RMS            GMAX         NAME    NUMBER
   6500      -1.0172E+05     2.2765E-01     2.2644E+01     H2       4739

 BOND    =     7200.8464  ANGLE   =      445.5622  DIHED      =     3037.8636
 VDWAALS =    16235.9412  EEL     =  -141786.7778  HBOND      =        0.0000
 1-4 VDW =     1186.7620  1-4 EEL =    11786.7058  RESTRAINT  =      173.2507
 EAMBER  =  -101893.0966


   NSTEP       ENERGY          RMS            GMAX         NAME    NUMBER
   6550      -1.0173E+05     7.9226E-02     3.5446E+00     H2       4739

 BOND    =     7203.1003  ANGLE   =      445.6327  DIHED      =     3037.8668
 VDWAALS =    16245.5715  EEL     =  -141813.7278  HBOND      =        0.0000
 1-4 VDW =     1186.7838  1-4 EEL =    11786.6989  RESTRAINT  =      173.1332
 EAMBER  =  -101908.0737


   NSTEP       ENERGY          RMS            GMAX         NAME    NUMBER
   6600      -1.0175E+05     2.1059E-01     2.1799E+01     H2       4739

 BOND    =     7206.2711  ANGLE   =      445.6811  DIHED      =     3037.8690
 VDWAALS =    16255.4273  EEL     =  -141841.3785  HBOND      =        0.0000
 1-4 VDW =     1186.7962  1-4 EEL =    11786.6917  RESTRAINT  =      173.0805
 EAMBER  =  -101922.6420


   NSTEP       ENERGY          RMS            GMAX         NAME    NUMBER
   6650      -1.0176E+05     3.1134E-01     3.7726E+01     CD       2954

 BOND    =     7209.0830  ANGLE   =      445.5722  DIHED      =     3037.8647
 VDWAALS =    16265.1262  EEL     =  -141868.1541  HBOND      =        0.0000
 1-4 VDW =     1186.7531  1-4 EEL =    11786.6842  RESTRAINT  =      173.3673
 EAMBER  =  -101937.0707


   NSTEP       ENERGY          RMS            GMAX         NAME    NUMBER
   6700      -1.0178E+05     1.6908E-01     1.7537E+01     H2       4739

 BOND    =     7211.0014  ANGLE   =      445.6570  DIHED      =     3037.8675
 VDWAALS =    16274.6529  EEL     =  -141894.5739  HBOND      =        0.0000
 1-4 VDW =     1186.7913  1-4 EEL =    11786.6834  RESTRAINT  =      173.1063
 EAMBER  =  -101951.9205


   NSTEP       ENERGY          RMS            GMAX         NAME    NUMBER
   6750      -1.0179E+05     2.5418E-01     2.4867E+01     CD       2954

 BOND    =     7213.6953  ANGLE   =      445.5853  DIHED      =     3037.8644
 VDWAALS =    16284.0637  EEL     =  -141920.4858  HBOND      =        0.0000
 1-4 VDW =     1186.7652  1-4 EEL =    11786.6769  RESTRAINT  =      173.2742
 EAMBER  =  -101965.8349


   NSTEP       ENERGY          RMS            GMAX         NAME    NUMBER
   6800      -1.0181E+05     1.2725E-01     1.2401E+01     H2       4739

 BOND    =     7215.8346  ANGLE   =      445.6642  DIHED      =     3037.8682
 VDWAALS =    16293.5016  EEL     =  -141946.7163  HBOND      =        0.0000
 1-4 VDW =     1186.7907  1-4 EEL =    11786.6686  RESTRAINT  =      173.1290
 EAMBER  =  -101980.3884


   NSTEP       ENERGY          RMS            GMAX         NAME    NUMBER
   6850      -1.0182E+05     2.3047E-01     2.3436E+01     H2       4739

 BOND    =     7218.7534  ANGLE   =      445.6398  DIHED      =     3037.8666
 VDWAALS =    16303.1755  EEL     =  -141973.5444  HBOND      =        0.0000
 1-4 VDW =     1186.7776  1-4 EEL =    11786.6620  RESTRAINT  =      173.2151
 EAMBER  =  -101994.6695


   NSTEP       ENERGY          RMS            GMAX         NAME    NUMBER
   6900      -1.0184E+05     7.6193E-02     3.7757E+00     H2       4739

 BOND    =     7220.4647  ANGLE   =      445.6702  DIHED      =     3037.8672
 VDWAALS =    16311.7119  EEL     =  -141997.5034  HBOND      =        0.0000
 1-4 VDW =     1186.7932  1-4 EEL =    11786.6585  RESTRAINT  =      173.1193
 EAMBER  =  -102008.3377


   NSTEP       ENERGY          RMS            GMAX         NAME    NUMBER
   6950      -1.0185E+05     1.3223E-01     1.1659E+01     CD       2954

 BOND    =     7222.8023  ANGLE   =      445.6404  DIHED      =     3037.8656
 VDWAALS =    16320.2435  EEL     =  -142021.8718  HBOND      =        0.0000
 1-4 VDW =     1186.7835  1-4 EEL =    11786.6529  RESTRAINT  =      173.1796
 EAMBER  =  -102021.8836


   NSTEP       ENERGY          RMS            GMAX         NAME    NUMBER
   7000      -1.0186E+05     2.6208E-01     2.8248E+01     H2       4739

 BOND    =     7225.6905  ANGLE   =      445.7099  DIHED      =     3037.8670
 VDWAALS =    16328.2017  EEL     =  -142045.2844  HBOND      =        0.0000
 1-4 VDW =     1186.8057  1-4 EEL =    11786.6492  RESTRAINT  =      173.0469
 EAMBER  =  -102034.3602


   NSTEP       ENERGY          RMS            GMAX         NAME    NUMBER
   7050      -1.0188E+05     7.7901E-02     4.0059E+00     H2       4739

 BOND    =     7227.0949  ANGLE   =      445.6938  DIHED      =     3037.8664
 VDWAALS =    16335.9116  EEL     =  -142068.3886  HBOND      =        0.0000
 1-4 VDW =     1186.7987  1-4 EEL =    11786.6409  RESTRAINT  =      173.0966
 EAMBER  =  -102048.3823


   NSTEP       ENERGY          RMS            GMAX         NAME    NUMBER
   7100      -1.0189E+05     2.2977E-01     2.9443E+01     CD       2954

 BOND    =     7229.5790  ANGLE   =      445.6318  DIHED      =     3037.8633
 VDWAALS =    16343.5755  EEL     =  -142091.6524  HBOND      =        0.0000
 1-4 VDW =     1186.7716  1-4 EEL =    11786.6334  RESTRAINT  =      173.2785
 EAMBER  =  -102061.5978


   NSTEP       ENERGY          RMS            GMAX         NAME    NUMBER
   7150      -1.0190E+05     7.6846E-02     3.8994E+00     H2       4739

 BOND    =     7231.3081  ANGLE   =      445.6963  DIHED      =     3037.8652
 VDWAALS =    16350.6749  EEL     =  -142113.8547  HBOND      =        0.0000
 1-4 VDW =     1186.7990  1-4 EEL =    11786.6300  RESTRAINT  =      173.0957
 EAMBER  =  -102074.8810


   NSTEP       ENERGY          RMS            GMAX         NAME    NUMBER
   7200      -1.0191E+05     2.0660E-01     2.0302E+01     H2       4739

 BOND    =     7233.7713  ANGLE   =      445.6483  DIHED      =     3037.8624
 VDWAALS =    16357.9128  EEL     =  -142136.6839  HBOND      =        0.0000
 1-4 VDW =     1186.7819  1-4 EEL =    11786.6242  RESTRAINT  =      173.1937
 EAMBER  =  -102088.0828


   NSTEP       ENERGY          RMS            GMAX         NAME    NUMBER
   7250      -1.0193E+05     8.6456E-02     6.1431E+00     H2       4739

 BOND    =     7235.5902  ANGLE   =      445.7030  DIHED      =     3037.8642
 VDWAALS =    16364.9932  EEL     =  -142159.5382  HBOND      =        0.0000
 1-4 VDW =     1186.7994  1-4 EEL =    11786.6160  RESTRAINT  =      173.1035
 EAMBER  =  -102101.9722


   NSTEP       ENERGY          RMS            GMAX         NAME    NUMBER
   7300      -1.0194E+05     1.2965E-01     1.2742E+01     H2       4739

 BOND    =     7237.7437  ANGLE   =      445.7159  DIHED      =     3037.8643
 VDWAALS =    16371.7257  EEL     =  -142181.3444  HBOND      =        0.0000
 1-4 VDW =     1186.8026  1-4 EEL =    11786.6088  RESTRAINT  =      173.0909
 EAMBER  =  -102114.8833


   NSTEP       ENERGY          RMS            GMAX         NAME    NUMBER
   7350      -1.0195E+05     2.2292E-01     2.3662E+01     H2       4739

 BOND    =     7240.0954  ANGLE   =      445.6928  DIHED      =     3037.8631
 VDWAALS =    16378.4081  EEL     =  -142203.0736  HBOND      =        0.0000
 1-4 VDW =     1186.7928  1-4 EEL =    11786.6006  RESTRAINT  =      173.1573
 EAMBER  =  -102127.6209


   NSTEP       ENERGY          RMS            GMAX         NAME    NUMBER
   7400      -1.0197E+05     9.9370E-02     7.6742E+00     H2       4739

 BOND    =     7241.6079  ANGLE   =      445.6947  DIHED      =     3037.8624
 VDWAALS =    16384.8503  EEL     =  -142224.1637  HBOND      =        0.0000
 1-4 VDW =     1186.7950  1-4 EEL =    11786.5962  RESTRAINT  =      173.1272
 EAMBER  =  -102140.7572


   NSTEP       ENERGY          RMS            GMAX         NAME    NUMBER
   7450      -1.0198E+05     1.9599E-01     2.1226E+01     H2       4739

 BOND    =     7243.9647  ANGLE   =      445.7123  DIHED      =     3037.8611
 VDWAALS =    16391.3743  EEL     =  -142245.5215  HBOND      =        0.0000
 1-4 VDW =     1186.8015  1-4 EEL =    11786.5896  RESTRAINT  =      173.0889
 EAMBER  =  -102153.2178


   NSTEP       ENERGY          RMS            GMAX         NAME    NUMBER
   7500      -1.0199E+05     7.1296E-02     2.8149E+00     H2       4739

 BOND    =     7245.5593  ANGLE   =      445.7188  DIHED      =     3037.8610
 VDWAALS =    16398.0143  EEL     =  -142267.1349  HBOND      =        0.0000
 1-4 VDW =     1186.8012  1-4 EEL =    11786.5803  RESTRAINT  =      173.0998
 EAMBER  =  -102166.5999


   NSTEP       ENERGY          RMS            GMAX         NAME    NUMBER
   7550      -1.0201E+05     1.7755E-01     1.8516E+01     H2       4739

 BOND    =     7247.8273  ANGLE   =      445.7532  DIHED      =     3037.8619
 VDWAALS =    16404.4215  EEL     =  -142287.9098  HBOND      =        0.0000
 1-4 VDW =     1186.8100  1-4 EEL =    11786.5712  RESTRAINT  =      173.0559
 EAMBER  =  -102178.6648


   NSTEP       ENERGY          RMS            GMAX         NAME    NUMBER
   7600      -1.0202E+05     2.5559E-01     2.6248E+01     H2       4739

 BOND    =     7249.9199  ANGLE   =      445.6960  DIHED      =     3037.8591
 VDWAALS =    16410.6958  EEL     =  -142308.0904  HBOND      =        0.0000
 1-4 VDW =     1186.7887  1-4 EEL =    11786.5628  RESTRAINT  =      173.1850
 EAMBER  =  -102190.5680


   NSTEP       ENERGY          RMS            GMAX         NAME    NUMBER
   7650      -1.0203E+05     8.9707E-02     6.7794E+00     H2       4739

 BOND    =     7251.2106  ANGLE   =      445.7187  DIHED      =     3037.8586
 VDWAALS =    16416.9728  EEL     =  -142328.3983  HBOND      =        0.0000
 1-4 VDW =     1186.8015  1-4 EEL =    11786.5581  RESTRAINT  =      173.0979
 EAMBER  =  -102203.2779


   NSTEP       ENERGY          RMS            GMAX         NAME    NUMBER
   7700      -1.0204E+05     2.4037E-01     2.4887E+01     H2       4739

 BOND    =     7253.5872  ANGLE   =      445.6843  DIHED      =     3037.8565
 VDWAALS =    16423.2683  EEL     =  -142348.6934  HBOND      =        0.0000
 1-4 VDW =     1186.7906  1-4 EEL =    11786.5523  RESTRAINT  =      173.1599
 EAMBER  =  -102214.9542


   NSTEP       ENERGY          RMS            GMAX         NAME    NUMBER
   7750      -1.0205E+05     7.1791E-02     3.4854E+00     H2       4739

 BOND    =     7254.8830  ANGLE   =      445.7424  DIHED      =     3037.8585
 VDWAALS =    16429.4182  EEL     =  -142368.7011  HBOND      =        0.0000
 1-4 VDW =     1186.8090  1-4 EEL =    11786.5441  RESTRAINT  =      173.0594
 EAMBER  =  -102227.4459


   NSTEP       ENERGY          RMS            GMAX         NAME    NUMBER
   7800      -1.0207E+05     1.8197E-01     1.7868E+01     H2       4739

 BOND    =     7256.8961  ANGLE   =      445.7116  DIHED      =     3037.8574
 VDWAALS =    16435.4144  EEL     =  -142388.0917  HBOND      =        0.0000
 1-4 VDW =     1186.7981  1-4 EEL =    11786.5366  RESTRAINT  =      173.1354
 EAMBER  =  -102238.8774


   NSTEP       ENERGY          RMS            GMAX         NAME    NUMBER
   7850      -1.0208E+05     7.8458E-02     5.1134E+00     H2       4739

 BOND    =     7258.4106  ANGLE   =      445.7390  DIHED      =     3037.8576
 VDWAALS =    16441.2418  EEL     =  -142407.1801  HBOND      =        0.0000
 1-4 VDW =     1186.8105  1-4 EEL =    11786.5336  RESTRAINT  =      173.0510
 EAMBER  =  -102250.5870


   NSTEP       ENERGY          RMS            GMAX         NAME    NUMBER
   7900      -1.0209E+05     1.1232E-01     1.0033E+01     H2       4739

 BOND    =     7260.2219  ANGLE   =      445.7213  DIHED      =     3037.8564
 VDWAALS =    16447.1761  EEL     =  -142426.5913  HBOND      =        0.0000
 1-4 VDW =     1186.8064  1-4 EEL =    11786.5290  RESTRAINT  =      173.0771
 EAMBER  =  -102262.2801


   NSTEP       ENERGY          RMS            GMAX         NAME    NUMBER
   7950      -1.0210E+05     2.2730E-01     2.3505E+01     H2       4739

 BOND    =     7262.4021  ANGLE   =      445.6961  DIHED      =     3037.8553
 VDWAALS =    16453.0787  EEL     =  -142445.8961  HBOND      =        0.0000
 1-4 VDW =     1186.7988  1-4 EEL =    11786.5254  RESTRAINT  =      173.1193
 EAMBER  =  -102273.5397


   NSTEP       ENERGY          RMS            GMAX         NAME    NUMBER
   8000      -1.0211E+05     9.5507E-02     7.3329E+00     H2       4739

 BOND    =     7263.6315  ANGLE   =      445.7315  DIHED      =     3037.8569
 VDWAALS =    16458.9919  EEL     =  -142465.2213  HBOND      =        0.0000
 1-4 VDW =     1186.8095  1-4 EEL =    11786.5193  RESTRAINT  =      173.0654
 EAMBER  =  -102285.6807


   NSTEP       ENERGY          RMS            GMAX         NAME    NUMBER
   8050      -1.0212E+05     1.8956E-01     1.9833E+01     H2       4739

 BOND    =     7265.8203  ANGLE   =      445.7760  DIHED      =     3037.8584
 VDWAALS =    16465.2540  EEL     =  -142485.6035  HBOND      =        0.0000
 1-4 VDW =     1186.8238  1-4 EEL =    11786.5151  RESTRAINT  =      172.9906
 EAMBER  =  -102297.5559


   NSTEP       ENERGY          RMS            GMAX         NAME    NUMBER
   8100      -1.0214E+05     6.9180E-02     2.7595E+00     H2       4739

 BOND    =     7267.1818  ANGLE   =      445.7409  DIHED      =     3037.8564
 VDWAALS =    16471.3394  EEL     =  -142504.9309  HBOND      =        0.0000
 1-4 VDW =     1186.8150  1-4 EEL =    11786.5140  RESTRAINT  =      173.0321
 EAMBER  =  -102309.4834


   NSTEP       ENERGY          RMS            GMAX         NAME    NUMBER
   8150      -1.0215E+05     1.6942E-01     1.7622E+01     H2       4739

 BOND    =     7269.3098  ANGLE   =      445.7564  DIHED      =     3037.8563
 VDWAALS =    16477.6557  EEL     =  -142524.6709  HBOND      =        0.0000
 1-4 VDW =     1186.8214  1-4 EEL =    11786.5128  RESTRAINT  =      172.9887
 EAMBER  =  -102320.7585


   NSTEP       ENERGY          RMS            GMAX         NAME    NUMBER
   8200      -1.0216E+05     2.7639E-01     4.5263E+01     CD       2954

 BOND    =     7271.6262  ANGLE   =      445.9100  DIHED      =     3037.8600
 VDWAALS =    16484.0505  EEL     =  -142544.2854  HBOND      =        0.0000
 1-4 VDW =     1186.8590  1-4 EEL =    11786.5116  RESTRAINT  =      172.8269
 EAMBER  =  -102331.4680


   NSTEP       ENERGY          RMS            GMAX         NAME    NUMBER
   8250      -1.0217E+05     1.0348E-01     8.6944E+00     H2       4739

 BOND    =     7272.4960  ANGLE   =      445.7421  DIHED      =     3037.8558
 VDWAALS =    16490.4358  EEL     =  -142563.2654  HBOND      =        0.0000
 1-4 VDW =     1186.8149  1-4 EEL =    11786.5071  RESTRAINT  =      173.0353
 EAMBER  =  -102343.4135


   NSTEP       ENERGY          RMS            GMAX         NAME    NUMBER
   8300      -1.0218E+05     2.0681E-01     2.3572E+01     CD       2954

 BOND    =     7274.6938  ANGLE   =      445.8417  DIHED      =     3037.8588
 VDWAALS =    16496.8001  EEL     =  -142582.5169  HBOND      =        0.0000
 1-4 VDW =     1186.8441  1-4 EEL =    11786.5053  RESTRAINT  =      172.8889
 EAMBER  =  -102353.9732


   NSTEP       ENERGY          RMS            GMAX         NAME    NUMBER
   8350      -1.0219E+05     7.0202E-02     3.5592E+00     H2       4739

 BOND    =     7275.9821  ANGLE   =      445.7553  DIHED      =     3037.8556
 VDWAALS =    16503.1012  EEL     =  -142601.5288  HBOND      =        0.0000
 1-4 VDW =     1186.8198  1-4 EEL =    11786.5040  RESTRAINT  =      172.9973
 EAMBER  =  -102365.5107


   NSTEP       ENERGY          RMS            GMAX         NAME    NUMBER
   8400      -1.0220E+05     1.8822E-01     1.9042E+01     H2       4739

 BOND    =     7278.2097  ANGLE   =      445.7919  DIHED      =     3037.8559
 VDWAALS =    16509.3949  EEL     =  -142620.7989  HBOND      =        0.0000
 1-4 VDW =     1186.8319  1-4 EEL =    11786.5029  RESTRAINT  =      172.9246
 EAMBER  =  -102376.2116


   NSTEP       ENERGY          RMS            GMAX         NAME    NUMBER
   8450      -1.0221E+05     2.5561E-01     2.8315E+01     H2       4739

 BOND    =     7280.3198  ANGLE   =      445.7656  DIHED      =     3037.8544
 VDWAALS =    16515.5534  EEL     =  -142639.8318  HBOND      =        0.0000
 1-4 VDW =     1186.8244  1-4 EEL =    11786.5021  RESTRAINT  =      172.9580
 EAMBER  =  -102387.0120


   NSTEP       ENERGY          RMS            GMAX         NAME    NUMBER
   8500      -1.0223E+05     1.1159E-01     1.0205E+01     H2       4739

 BOND    =     7281.2091  ANGLE   =      445.7624  DIHED      =     3037.8557
 VDWAALS =    16521.6468  EEL     =  -142658.5528  HBOND      =        0.0000
 1-4 VDW =     1186.8196  1-4 EEL =    11786.4972  RESTRAINT  =      172.9974
 EAMBER  =  -102398.7621


   NSTEP       ENERGY          RMS            GMAX         NAME    NUMBER
   8550      -1.0224E+05     2.2731E-01     2.3942E+01     CD       2954

 BOND    =     7283.1603  ANGLE   =      445.7299  DIHED      =     3037.8536
 VDWAALS =    16527.5611  EEL     =  -142676.7955  HBOND      =        0.0000
 1-4 VDW =     1186.8039  1-4 EEL =    11786.4941  RESTRAINT  =      173.1028
 EAMBER  =  -102409.1927


   NSTEP       ENERGY          RMS            GMAX         NAME    NUMBER
   8600      -1.0225E+05     1.2023E-01     1.1829E+01     H2       4739

 BOND    =     7284.6871  ANGLE   =      445.7676  DIHED      =     3037.8550
 VDWAALS =    16533.3174  EEL     =  -142695.0753  HBOND      =        0.0000
 1-4 VDW =     1186.8212  1-4 EEL =    11786.4944  RESTRAINT  =      172.9696
 EAMBER  =  -102420.1326


   NSTEP       ENERGY          RMS            GMAX         NAME    NUMBER
   8650      -1.0226E+05     1.8332E-01     1.9012E+01     H2       4739

 BOND    =     7286.6060  ANGLE   =      445.8011  DIHED      =     3037.8556
 VDWAALS =    16538.8840  EEL     =  -142712.8466  HBOND      =        0.0000
 1-4 VDW =     1186.8311  1-4 EEL =    11786.4922  RESTRAINT  =      172.9100
 EAMBER  =  -102430.3766


   NSTEP       ENERGY          RMS            GMAX         NAME    NUMBER
   8700      -1.0227E+05     6.5836E-02     2.7512E+00     H2       4739

 BOND    =     7287.6899  ANGLE   =      445.7909  DIHED      =     3037.8562
 VDWAALS =    16544.2423  EEL     =  -142729.9219  HBOND      =        0.0000
 1-4 VDW =     1186.8259  1-4 EEL =    11786.4885  RESTRAINT  =      172.9447
 EAMBER  =  -102441.0281


   NSTEP       ENERGY          RMS            GMAX         NAME    NUMBER
   8750      -1.0228E+05     1.5926E-01     1.5699E+01     H2       4739

 BOND    =     7289.3636  ANGLE   =      445.7681  DIHED      =     3037.8554
 VDWAALS =    16549.5601  EEL     =  -142747.1317  HBOND      =        0.0000
 1-4 VDW =     1186.8159  1-4 EEL =    11786.4844  RESTRAINT  =      173.0099
 EAMBER  =  -102451.2843


   NSTEP       ENERGY          RMS            GMAX         NAME    NUMBER
   8800      -1.0229E+05     7.2197E-02     4.5168E+00     H2       4739

 BOND    =     7290.8075  ANGLE   =      445.7939  DIHED      =     3037.8561
 VDWAALS =    16554.6788  EEL     =  -142764.1324  HBOND      =        0.0000
 1-4 VDW =     1186.8253  1-4 EEL =    11786.4827  RESTRAINT  =      172.9413
 EAMBER  =  -102461.6880


   NSTEP       ENERGY          RMS            GMAX         NAME    NUMBER
   8850      -1.0230E+05     1.3355E-01     1.3744E+01     H2       4739

 BOND    =     7292.5191  ANGLE   =      445.7868  DIHED      =     3037.8558
 VDWAALS =    16559.8525  EEL     =  -142781.0707  HBOND      =        0.0000
 1-4 VDW =     1186.8224  1-4 EEL =    11786.4797  RESTRAINT  =      172.9501
 EAMBER  =  -102471.7543


   NSTEP       ENERGY          RMS            GMAX         NAME    NUMBER
   8900      -1.0231E+05     6.4025E-02     2.8369E+00     H2       4739

 BOND    =     7293.8102  ANGLE   =      445.8023  DIHED      =     3037.8569
 VDWAALS =    16565.0938  EEL     =  -142798.0142  HBOND      =        0.0000
 1-4 VDW =     1186.8257  1-4 EEL =    11786.4751  RESTRAINT  =      172.9413
 EAMBER  =  -102482.1502


   NSTEP       ENERGY          RMS            GMAX         NAME    NUMBER
   8950      -1.0232E+05     1.0411E-01     9.7433E+00     H2       4739

 BOND    =     7295.3059  ANGLE   =      445.8002  DIHED      =     3037.8572
 VDWAALS =    16570.1324  EEL     =  -142814.1902  HBOND      =        0.0000
 1-4 VDW =     1186.8235  1-4 EEL =    11786.4712  RESTRAINT  =      172.9576
 EAMBER  =  -102491.7998


   NSTEP       ENERGY          RMS            GMAX         NAME    NUMBER
   9000      -1.0233E+05     1.6774E-01     1.6726E+01     H2       4739

 BOND    =     7296.9779  ANGLE   =      445.8510  DIHED      =     3037.8593
 VDWAALS =    16575.0564  EEL     =  -142830.1831  HBOND      =        0.0000
 1-4 VDW =     1186.8379  1-4 EEL =    11786.4679  RESTRAINT  =      172.8825
 EAMBER  =  -102501.1327


   NSTEP       ENERGY          RMS            GMAX         NAME    NUMBER
   9050      -1.0234E+05     7.6585E-02     5.7727E+00     H2       4739

 BOND    =     7298.2010  ANGLE   =      445.8067  DIHED      =     3037.8572
 VDWAALS =    16579.7909  EEL     =  -142845.7704  HBOND      =        0.0000
 1-4 VDW =     1186.8250  1-4 EEL =    11786.4644  RESTRAINT  =      172.9449
 EAMBER  =  -102510.8252


   NSTEP       ENERGY          RMS            GMAX         NAME    NUMBER
   9100      -1.0235E+05     1.4373E-01     1.4896E+01     H2       4739

 BOND    =     7299.8167  ANGLE   =      445.7961  DIHED      =     3037.8571
 VDWAALS =    16584.4019  EEL     =  -142861.0838  HBOND      =        0.0000
 1-4 VDW =     1186.8211  1-4 EEL =    11786.4612  RESTRAINT  =      172.9650
 EAMBER  =  -102519.9298


   NSTEP       ENERGY          RMS            GMAX         NAME    NUMBER
   9150      -1.0236E+05     2.1082E-01     2.1744E+01     H2       4739

 BOND    =     7301.4741  ANGLE   =      445.7748  DIHED      =     3037.8563
 VDWAALS =    16588.9197  EEL     =  -142876.2389  HBOND      =        0.0000
 1-4 VDW =     1186.8124  1-4 EEL =    11786.4580  RESTRAINT  =      173.0187
 EAMBER  =  -102528.9436


   NSTEP       ENERGY          RMS            GMAX         NAME    NUMBER
   9200      -1.0237E+05     8.0746E-02     5.8498E+00     H2       4739

 BOND    =     7302.3426  ANGLE   =      445.8439  DIHED      =     3037.8598
 VDWAALS =    16593.3024  EEL     =  -142890.9603  HBOND      =        0.0000
 1-4 VDW =     1186.8332  1-4 EEL =    11786.4545  RESTRAINT  =      172.9078
 EAMBER  =  -102538.3240


   NSTEP       ENERGY          RMS            GMAX         NAME    NUMBER
   9250      -1.0237E+05     1.8410E-01     1.7962E+01     CD       2954

 BOND    =     7303.9927  ANGLE   =      445.8949  DIHED      =     3037.8613
 VDWAALS =    16597.6307  EEL     =  -142905.6419  HBOND      =        0.0000
 1-4 VDW =     1186.8461  1-4 EEL =    11786.4517  RESTRAINT  =      172.8487
 EAMBER  =  -102546.9646


   NSTEP       ENERGY          RMS            GMAX         NAME    NUMBER
   9300      -1.0238E+05     6.3338E-02     3.2345E+00     H2       4739

 BOND    =     7305.0874  ANGLE   =      445.8327  DIHED      =     3037.8588
 VDWAALS =    16601.9051  EEL     =  -142920.5240  HBOND      =        0.0000
 1-4 VDW =     1186.8276  1-4 EEL =    11786.4491  RESTRAINT  =      172.9367
 EAMBER  =  -102556.5633


   NSTEP       ENERGY          RMS            GMAX         NAME    NUMBER
   9350      -1.0239E+05     1.6455E-01     1.6007E+01     H2       4739

 BOND    =     7306.8710  ANGLE   =      445.8755  DIHED      =     3037.8598
 VDWAALS =    16606.1373  EEL     =  -142935.4592  HBOND      =        0.0000
 1-4 VDW =     1186.8403  1-4 EEL =    11786.4478  RESTRAINT  =      172.8622
 EAMBER  =  -102565.4274


   NSTEP       ENERGY          RMS            GMAX         NAME    NUMBER
   9400      -1.0240E+05     2.3419E-01     2.4233E+01     CD       2954

 BOND    =     7308.6390  ANGLE   =      445.9146  DIHED      =     3037.8608
 VDWAALS =    16610.3552  EEL     =  -142950.2623  HBOND      =        0.0000
 1-4 VDW =     1186.8503  1-4 EEL =    11786.4466  RESTRAINT  =      172.8124
 EAMBER  =  -102574.1958


   NSTEP       ENERGY          RMS            GMAX         NAME    NUMBER
   9450      -1.0241E+05     9.8148E-02     8.7746E+00     H2       4739

 BOND    =     7309.2604  ANGLE   =      445.8711  DIHED      =     3037.8601
 VDWAALS =    16614.6360  EEL     =  -142964.8385  HBOND      =        0.0000
 1-4 VDW =     1186.8372  1-4 EEL =    11786.4446  RESTRAINT  =      172.8925
 EAMBER  =  -102583.9292


   NSTEP       ENERGY          RMS            GMAX         NAME    NUMBER
   9500      -1.0242E+05     1.9104E-01     2.2468E+01     CD       2954

 BOND    =     7310.9798  ANGLE   =      445.9370  DIHED      =     3037.8613
 VDWAALS =    16619.0543  EEL     =  -142979.9513  HBOND      =        0.0000
 1-4 VDW =     1186.8543  1-4 EEL =    11786.4444  RESTRAINT  =      172.8110
 EAMBER  =  -102592.8202


   NSTEP       ENERGY          RMS            GMAX         NAME    NUMBER
   9550      -1.0243E+05     2.7506E-01     2.9490E+01     H2       4739

 BOND    =     7312.6692  ANGLE   =      445.8374  DIHED      =     3037.8576
 VDWAALS =    16623.8216  EEL     =  -142995.3046  HBOND      =        0.0000
 1-4 VDW =     1186.8207  1-4 EEL =    11786.4425  RESTRAINT  =      173.0017
 EAMBER  =  -102601.8556


   NSTEP       ENERGY          RMS            GMAX         NAME    NUMBER
   9600      -1.0244E+05     1.7206E-01     1.8222E+01     H2       4739

 BOND    =     7313.9511  ANGLE   =      445.8391  DIHED      =     3037.8561
 VDWAALS =    16628.5995  EEL     =  -143010.8446  HBOND      =        0.0000
 1-4 VDW =     1186.8252  1-4 EEL =    11786.4431  RESTRAINT  =      172.9463
 EAMBER  =  -102611.3304


   NSTEP       ENERGY          RMS            GMAX         NAME    NUMBER
   9650      -1.0245E+05     2.6650E-01     4.1114E+01     CD       2954

 BOND    =     7315.5758  ANGLE   =      445.7867  DIHED      =     3037.8521
 VDWAALS =    16633.6252  EEL     =  -143026.1122  HBOND      =        0.0000
 1-4 VDW =     1186.7975  1-4 EEL =    11786.4420  RESTRAINT  =      173.1485
 EAMBER  =  -102620.0328


   NSTEP       ENERGY          RMS            GMAX         NAME    NUMBER
   9700      -1.0246E+05     1.3969E-01     1.4462E+01     H2       4739

 BOND    =     7316.6011  ANGLE   =      445.8992  DIHED      =     3037.8569
 VDWAALS =    16638.8414  EEL     =  -143041.7947  HBOND      =        0.0000
 1-4 VDW =     1186.8432  1-4 EEL =    11786.4426  RESTRAINT  =      172.8631
 EAMBER  =  -102629.3103


   NSTEP       ENERGY          RMS            GMAX         NAME    NUMBER
   9750      -1.0247E+05     2.0496E-01     2.0440E+01     H2       4739

 BOND    =     7318.1279  ANGLE   =      445.8501  DIHED      =     3037.8546
 VDWAALS =    16644.0528  EEL     =  -143057.1627  HBOND      =        0.0000
 1-4 VDW =     1186.8255  1-4 EEL =    11786.4414  RESTRAINT  =      172.9792
 EAMBER  =  -102638.0103


   NSTEP       ENERGY          RMS            GMAX         NAME    NUMBER
   9800      -1.0247E+05     1.1294E-01     1.1397E+01     H2       4739

 BOND    =     7319.5454  ANGLE   =      445.8785  DIHED      =     3037.8544
 VDWAALS =    16649.2044  EEL     =  -143072.7051  HBOND      =        0.0000
 1-4 VDW =     1186.8398  1-4 EEL =    11786.4426  RESTRAINT  =      172.8768
 EAMBER  =  -102646.9400


   NSTEP       ENERGY          RMS            GMAX         NAME    NUMBER
   9850      -1.0248E+05     1.7750E-01     1.8002E+01     CD       2954

 BOND    =     7321.1262  ANGLE   =      445.8369  DIHED      =     3037.8522
 VDWAALS =    16654.5022  EEL     =  -143088.1373  HBOND      =        0.0000
 1-4 VDW =     1186.8249  1-4 EEL =    11786.4424  RESTRAINT  =      172.9685
 EAMBER  =  -102655.5524


   NSTEP       ENERGY          RMS            GMAX         NAME    NUMBER
   9900      -1.0249E+05     6.0260E-02     3.0834E+00     H2       4739

 BOND    =     7322.1471  ANGLE   =      445.8925  DIHED      =     3037.8546
 VDWAALS =    16659.4598  EEL     =  -143102.5892  HBOND      =        0.0000
 1-4 VDW =     1186.8455  1-4 EEL =    11786.4426  RESTRAINT  =      172.8593
 EAMBER  =  -102663.9472


   NSTEP       ENERGY          RMS            GMAX         NAME    NUMBER
   9950      -1.0250E+05     1.5638E-01     1.5903E+01     H2       4739

 BOND    =     7323.6425  ANGLE   =      445.8731  DIHED      =     3037.8542
 VDWAALS =    16664.4043  EEL     =  -143117.1169  HBOND      =        0.0000
 1-4 VDW =     1186.8389  1-4 EEL =    11786.4423  RESTRAINT  =      172.9090
 EAMBER  =  -102672.0616


   NSTEP       ENERGY          RMS            GMAX         NAME    NUMBER
  10000      -1.0251E+05     2.2094E-01     2.2319E+01     H2       4739

 BOND    =     7325.1665  ANGLE   =      445.8607  DIHED      =     3037.8541
 VDWAALS =    16669.0974  EEL     =  -143131.2247  HBOND      =        0.0000
 1-4 VDW =     1186.8342  1-4 EEL =    11786.4422  RESTRAINT  =      172.9494
 EAMBER  =  -102679.9695


  Maximum number of minimization cycles reached.


                    FINAL RESULTS



   NSTEP       ENERGY          RMS            GMAX         NAME    NUMBER
  10000      -1.0251E+05     2.2094E-01     2.2319E+01     H2       4739

 BOND    =     7325.1665  ANGLE   =      445.8607  DIHED      =     3037.8541
 VDWAALS =    16669.0974  EEL     =  -143131.2247  HBOND      =        0.0000
 1-4 VDW =     1186.8342  1-4 EEL =    11786.4422  RESTRAINT  =      172.9494
 EAMBER  =  -102679.9695
--------------------------------------------------------------------------------
   5.  TIMINGS
--------------------------------------------------------------------------------

|  NonSetup CPU Time in Major Routines:
|
|     Routine           Sec        %
|     ------------------------------
|     Nonbond          19.40   62.72
|     Bond              0.00    0.00
|     Angle             0.00    0.00
|     Dihedral          0.00    0.00
|     Shake             0.00    0.00
|     Other            11.53   37.28
|     ------------------------------
|     Total            30.94

|  PME Nonbond Pairlist CPU Time:
|
|     Routine              Sec        %
|     ---------------------------------
|     Set Up Cit           0.00    0.00
|     Build List           0.00    0.00
|     ---------------------------------
|     Total                0.00    0.00

|  PME Direct Force CPU Time:
|
|     Routine              Sec        %
|     ---------------------------------
|     NonBonded Calc       0.00    0.00
|     Exclude Masked       0.00    0.00
|     Other                0.02    0.06
|     ---------------------------------
|     Total                0.02    0.06

|  PME Reciprocal Force CPU Time:
|
|     Routine              Sec        %
|     ---------------------------------
|     1D bspline           0.00    0.00
|     Grid Charges         0.00    0.00
|     Scalar Sum           0.00    0.00
|     Gradient Sum         0.00    0.00
|     FFT                  0.00    0.00
|     ---------------------------------
|     Total                0.00    0.00

|  Setup CPU time:            0.77 seconds
|  NonSetup CPU time:        30.94 seconds
|  Total CPU time:           31.71 seconds     0.01 hours

|  Setup wall time:           1    seconds
|  NonSetup wall time:       31    seconds
|  Total wall time:          32    seconds     0.01 hours
