
          -------------------------------------------------------
          Amber 18 PMEMD                              2018
          -------------------------------------------------------

| PMEMD implementation of SANDER, Release 18

| Run on 02/01/2019 at 20:43:06

|   Executable path: /opt/software/Amber/18-foss-2018a/bin/pmemd.cuda
| Working directory: /mnt/home/songlin3/top_CdNi/Ni/keepCD2000/all_optimized/freemd
|          Hostname: lac-080

  [-O]verwriting output

File Assignments:
|   MDIN: min2.in                                                               
|  MDOUT: min2.out                                                              
| INPCRD: min1.rst                                                              
|   PARM: glx_1264.prmtop                                                       
| RESTRT: min2.rst                                                              
|   REFC: min1.rst                                                              
|  MDVEL: mdvel                                                                 
|   MDEN: mden                                                                  
|  MDCRD: min2.netcdf                                                           
| MDINFO: min2.mdinfo                                                           
|  MDFRC: mdfrc                                                                 


 Here is the input file:

minimize structure solvation+hydrogen                                          
 &cntrl                                                                        
  imin=1,maxcyc=10000, ncyc=20000,                                             
  ntb=1, cut=10, ntwx=2000, ioutfm=1, iwrap=1,                                 
  ntr=1, restraintmask=':1-275 & !@H= ', restraint_wt=200,                     
 /                                                                             
 &ewald                                                                        
 /                                                                             


Note: ig = -1. Setting random seed to   318553 based on wallclock time in 
      microseconds.
| irandom = 1, using AMBER's internal random number generator (default).
 
|--------------------- INFORMATION ----------------------
| GPU (CUDA) Version of PMEMD in use: NVIDIA GPU IN USE.
|                    Version 18.0.0
| 
|                      03/25/2018
| 
| Implementation by:
|                    Ross C. Walker     (SDSC)
|                    Scott Le Grand     (nVIDIA)
| 
| Version 18 performance extensions by:
|                    David Cerutti     (Rutgers)
| 
| Precision model in use:
|      [SPFP] - Single Precision Forces, 64-bit Fixed Point
|               Accumulation. (Default)
| 
|--------------------------------------------------------
 
|----------------- CITATION INFORMATION -----------------
|
|    When publishing work that utilized the CUDA version
|    of AMBER, please cite the following in addition to
|    the regular AMBER citations:
|
|  - Romelia Salomon-Ferrer; Andreas W. Goetz; Duncan
|    Poole; Scott Le Grand; Ross C. Walker "Routine
|    microsecond molecular dynamics simulations with
|    AMBER - Part II: Particle Mesh Ewald", J. Chem.
|    Theory Comput., 2013, 9 (9), pp3878-3888,
|    DOI: 10.1021/ct400314y.
|
|  - Andreas W. Goetz; Mark J. Williamson; Dong Xu;
|    Duncan Poole; Scott Le Grand; Ross C. Walker
|    "Routine microsecond molecular dynamics simulations
|    with AMBER - Part I: Generalized Born", J. Chem.
|    Theory Comput., 2012, 8 (5), pp1542-1555.
|
|  - Scott Le Grand; Andreas W. Goetz; Ross C. Walker
|    "SPFP: Speed without compromise - a mixed precision
|    model for GPU accelerated molecular dynamics
|    simulations.", Comp. Phys. Comm., 2013, 184
|    pp374-380, DOI: 10.1016/j.cpc.2012.09.022
|
|--------------------------------------------------------
 
|------------------- GPU DEVICE INFO --------------------
|
|            CUDA_VISIBLE_DEVICES: 0
|   CUDA Capable Devices Detected:      1
|           CUDA Device ID in use:      0
|                CUDA Device Name: Tesla K80
|     CUDA Device Global Mem Size:  12206 MB
| CUDA Device Num Multiprocessors:     13
|           CUDA Device Core Freq:   0.82 GHz
|
|--------------------------------------------------------
 
 
| Conditional Compilation Defines Used:
| PUBFFT
| BINTRAJ
| CUDA
| EMIL

| Largest sphere to fit in unit cell has radius =    30.123

| New format PARM file being parsed.
| Version =    1.000 Date = 02/01/19 Time = 20:32:18

| Note: 1-4 EEL scale factors are being read from the topology file.

| Note: 1-4 VDW scale factors are being read from the topology file.
| Duplicated    0 dihedrals

| Duplicated    0 dihedrals

--------------------------------------------------------------------------------
   1.  RESOURCE   USE: 
--------------------------------------------------------------------------------

 getting box info from netcdf restart file
 NATOM  =   26702 NTYPES =      18 NBONH =   24583 MBONA  =    2144
 NTHETH =    4730 MTHETA =    2896 NPHIH =    9622 MPHIA  =    9100
 NHPARM =       0 NPARM  =       0 NNB   =   53049 NRES   =    7786
 NBONA  =    2144 NTHETA =    2896 NPHIA =    9100 NUMBND =      67
 NUMANG =     150 NPTRA  =     196 NATYP =      38 NPHB   =       1
 IFBOX  =       2 NMXRS  =      24 IFCAP =       0 NEXTRA =       0
 NCOPY  =       0

| Coordinate Index Table dimensions:    11   11   11
| Direct force subcell size =     6.7078    6.7078    6.7078

     BOX TYPE: TRUNCATED OCTAHEDRON

--------------------------------------------------------------------------------
   2.  CONTROL  DATA  FOR  THE  RUN
--------------------------------------------------------------------------------

default_name                                                                    

General flags:
     imin    =       1, nmropt  =       0

Nature and format of input:
     ntx     =       1, irest   =       0, ntrx    =       1

Nature and format of output:
     ntxo    =       2, ntpr    =      50, ntrx    =       1, ntwr    =       1
     iwrap   =       1, ntwx    =    2000, ntwv    =       0, ntwe    =       0
     ioutfm  =       1, ntwprt  =       0, idecomp =       0, rbornstat=      0

Potential function:
     ntf     =       1, ntb     =       1, igb     =       0, nsnb    =      25
     ipol    =       0, gbsa    =       0, iesp    =       0
     dielc   =   1.00000, cut     =  10.00000, intdiel =   1.00000
     lj1264  =       1

Frozen or restrained atoms:
     ibelly  =       0, ntr     =       1
     restraint_wt = 200.00000

Energy minimization:
     maxcyc  =   10000, ncyc    =   20000, ntmin   =       1
     dx0     =   0.01000, drms    =   0.00010

| Intermolecular bonds treatment:
|     no_intermolecular_bonds =       1

| Energy averages sample interval:
|     ene_avg_sampling =       1

Ewald parameters:
     verbose =       0, ew_type =       0, nbflag  =       1, use_pme =       1
     vdwmeth =       1, eedmeth =       1, netfrc  =       0
     Box X =   73.786   Box Y =   73.786   Box Z =   73.786
     Alpha =  109.471   Beta  =  109.471   Gamma =  109.471
     NFFT1 =   80       NFFT2 =   80       NFFT3 =   80
     Cutoff=   10.000   Tol   =0.100E-04
     Ewald Coefficient =  0.27511
     Interpolation order =    4

    LOADING THE CONSTRAINED ATOMS AS GROUPS


   5.  REFERENCE ATOM COORDINATES

  default_name                                                                    
     Mask :1-275 & !@H=; matches  2109 atoms

--------------------------------------------------------------------------------
   3.  ATOMIC COORDINATES AND VELOCITIES
--------------------------------------------------------------------------------

default_name                                                                    
 begin time read from input coords =     0.000 ps

 
 Number of triangulated 3-point waters found:     7501

     Sum of charges from parm topology file =  -0.00000010
     Forcing neutrality...

| Dynamic Memory, Types Used:
| Reals              840217
| Integers          1195456

| Nonbonded Pairs Initial Allocation:     8076687

| GPU memory information (estimate):
| KB of GPU memory in use:         0
| KB of CPU memory in use:         0

--------------------------------------------------------------------------------
   4.  RESULTS
--------------------------------------------------------------------------------



   NSTEP       ENERGY          RMS            GMAX         NAME    NUMBER
      1      -1.0268E+05     1.3284E+00     4.1687E+01     O        2100

 BOND    =     7325.1665  ANGLE   =      445.8607  DIHED      =     3037.8541
 VDWAALS =    16669.0162  EEL     =  -143131.0929  HBOND      =        0.0000
 1-4 VDW =     1186.8342  1-4 EEL =    11786.4422  RESTRAINT  =        0.0000


   NSTEP       ENERGY          RMS            GMAX         NAME    NUMBER
     50      -1.0290E+05     1.7155E-01     5.2583E+00     CD       2706

 BOND    =     7332.6978  ANGLE   =      425.3115  DIHED      =     3051.8361
 VDWAALS =    16600.7949  EEL     =  -143158.6850  HBOND      =        0.0000
 1-4 VDW =     1119.3872  1-4 EEL =    11641.6920  RESTRAINT  =       82.0699
 EAMBER  =  -102986.9655


   NSTEP       ENERGY          RMS            GMAX         NAME    NUMBER
    100      -1.0292E+05     3.1532E-01     1.4342E+01     CD       1772

 BOND    =     7335.3224  ANGLE   =      428.0813  DIHED      =     3055.4864
 VDWAALS =    16602.8370  EEL     =  -143187.4063  HBOND      =        0.0000
 1-4 VDW =     1116.3928  1-4 EEL =    11635.5349  RESTRAINT  =       89.3877
 EAMBER  =  -103013.7515


   NSTEP       ENERGY          RMS            GMAX         NAME    NUMBER
    150      -1.0294E+05     1.7390E-01     8.2137E+00     C        3372

 BOND    =     7333.7320  ANGLE   =      429.6260  DIHED      =     3056.4692
 VDWAALS =    16607.3463  EEL     =  -143208.6615  HBOND      =        0.0000
 1-4 VDW =     1115.9035  1-4 EEL =    11633.8382  RESTRAINT  =       91.7030
 EAMBER  =  -103031.7463


   NSTEP       ENERGY          RMS            GMAX         NAME    NUMBER
    200      -1.0295E+05     2.4576E-01     1.2508E+01     CD        241

 BOND    =     7335.0914  ANGLE   =      430.1473  DIHED      =     3056.6944
 VDWAALS =    16612.7810  EEL     =  -143230.7983  HBOND      =        0.0000
 1-4 VDW =     1115.3543  1-4 EEL =    11633.3443  RESTRAINT  =       92.8891
 EAMBER  =  -103047.3855


   NSTEP       ENERGY          RMS            GMAX         NAME    NUMBER
    250      -1.0297E+05     7.3474E-02     8.1231E+00     HH       3182

 BOND    =     7337.3833  ANGLE   =      430.5740  DIHED      =     3056.8847
 VDWAALS =    16618.4028  EEL     =  -143253.6859  HBOND      =        0.0000
 1-4 VDW =     1114.6189  1-4 EEL =    11633.3839  RESTRAINT  =       93.5366
 EAMBER  =  -103062.4383


   NSTEP       ENERGY          RMS            GMAX         NAME    NUMBER
    300      -1.0298E+05     2.0921E-01     1.5547E+01     CG       2082

 BOND    =     7339.5006  ANGLE   =      430.9614  DIHED      =     3055.8491
 VDWAALS =    16624.2393  EEL     =  -143276.5511  HBOND      =        0.0000
 1-4 VDW =     1114.2226  1-4 EEL =    11633.3906  RESTRAINT  =       94.0055
 EAMBER  =  -103078.3875


   NSTEP       ENERGY          RMS            GMAX         NAME    NUMBER
    350      -1.0300E+05     3.0238E-01     3.1452E+01     CG       2082

 BOND    =     7341.3090  ANGLE   =      431.1988  DIHED      =     3053.4604
 VDWAALS =    16630.4299  EEL     =  -143298.9328  HBOND      =        0.0000
 1-4 VDW =     1114.0017  1-4 EEL =    11633.2344  RESTRAINT  =       94.1496
 EAMBER  =  -103095.2986


   NSTEP       ENERGY          RMS            GMAX         NAME    NUMBER
    400      -1.0301E+05     1.8347E-01     1.9545E+01     CG       2082

 BOND    =     7342.2362  ANGLE   =      430.5872  DIHED      =     3052.2894
 VDWAALS =    16636.5701  EEL     =  -143316.5584  HBOND      =        0.0000
 1-4 VDW =     1113.9742  1-4 EEL =    11633.2772  RESTRAINT  =       93.9115
 EAMBER  =  -103107.6241


   NSTEP       ENERGY          RMS            GMAX         NAME    NUMBER
    450      -1.0302E+05     2.4868E-01     1.3427E+01     CE3      1012

 BOND    =     7344.0291  ANGLE   =      430.7396  DIHED      =     3051.6170
 VDWAALS =    16642.2834  EEL     =  -143333.2176  HBOND      =        0.0000
 1-4 VDW =     1113.8338  1-4 EEL =    11633.3299  RESTRAINT  =       94.0386
 EAMBER  =  -103117.3848


   NSTEP       ENERGY          RMS            GMAX         NAME    NUMBER
    500      -1.0303E+05     1.4402E-01     7.6563E+00     H2       4739

 BOND    =     7344.7637  ANGLE   =      430.8168  DIHED      =     3051.0594
 VDWAALS =    16647.8983  EEL     =  -143349.3420  HBOND      =        0.0000
 1-4 VDW =     1113.6977  1-4 EEL =    11633.4204  RESTRAINT  =       94.0499
 EAMBER  =  -103127.6857


   NSTEP       ENERGY          RMS            GMAX         NAME    NUMBER
    550      -1.0304E+05     6.5311E-02     2.5246E+00     HG1      2208

 BOND    =     7346.0272  ANGLE   =      430.8476  DIHED      =     3050.5761
 VDWAALS =    16653.2534  EEL     =  -143365.3048  HBOND      =        0.0000
 1-4 VDW =     1113.6187  1-4 EEL =    11633.5330  RESTRAINT  =       94.0865
 EAMBER  =  -103137.4488


   NSTEP       ENERGY          RMS            GMAX         NAME    NUMBER
    600      -1.0305E+05     7.7974E-02     3.5075E+00     H2       4739

 BOND    =     7347.4106  ANGLE   =      430.8754  DIHED      =     3050.1594
 VDWAALS =    16658.5249  EEL     =  -143381.0783  HBOND      =        0.0000
 1-4 VDW =     1113.5481  1-4 EEL =    11633.6525  RESTRAINT  =       94.1144
 EAMBER  =  -103146.9075


   NSTEP       ENERGY          RMS            GMAX         NAME    NUMBER
    650      -1.0306E+05     1.8223E-01     1.0490E+01     H2       4739

 BOND    =     7349.1076  ANGLE   =      430.9215  DIHED      =     3049.8197
 VDWAALS =    16663.4899  EEL     =  -143396.3088  HBOND      =        0.0000
 1-4 VDW =     1113.5045  1-4 EEL =    11633.7683  RESTRAINT  =       94.1457
 EAMBER  =  -103155.6974


   NSTEP       ENERGY          RMS            GMAX         NAME    NUMBER
    700      -1.0307E+05     8.6065E-02     4.3439E+00     H2       4739

 BOND    =     7350.0146  ANGLE   =      430.9268  DIHED      =     3049.5405
 VDWAALS =    16668.1790  EEL     =  -143410.8449  HBOND      =        0.0000
 1-4 VDW =     1113.4515  1-4 EEL =    11633.8850  RESTRAINT  =       94.1558
 EAMBER  =  -103164.8476


   NSTEP       ENERGY          RMS            GMAX         NAME    NUMBER
    750      -1.0308E+05     1.6898E-01     1.3289E+01     CD       2954

 BOND    =     7351.5648  ANGLE   =      430.9725  DIHED      =     3049.3213
 VDWAALS =    16672.8429  EEL     =  -143425.9154  HBOND      =        0.0000
 1-4 VDW =     1113.4251  1-4 EEL =    11633.9980  RESTRAINT  =       94.1822
 EAMBER  =  -103173.7908


   NSTEP       ENERGY          RMS            GMAX         NAME    NUMBER
    800      -1.0309E+05     2.2292E-01     1.4708E+01     H2       4739

 BOND    =     7353.0878  ANGLE   =      430.9799  DIHED      =     3049.1622
 VDWAALS =    16677.2421  EEL     =  -143440.5101  HBOND      =        0.0000
 1-4 VDW =     1113.3877  1-4 EEL =    11634.1035  RESTRAINT  =       94.1954
 EAMBER  =  -103182.5470


   NSTEP       ENERGY          RMS            GMAX         NAME    NUMBER
    850      -1.0310E+05     1.0235E-01     6.0809E+00     H2       4739

 BOND    =     7354.0192  ANGLE   =      430.9900  DIHED      =     3049.0567
 VDWAALS =    16681.5169  EEL     =  -143455.2743  HBOND      =        0.0000
 1-4 VDW =     1113.3580  1-4 EEL =    11634.1969  RESTRAINT  =       94.2191
 EAMBER  =  -103192.1366


   NSTEP       ENERGY          RMS            GMAX         NAME    NUMBER
    900      -1.0311E+05     2.1174E-01     1.7241E+01     CD       2954

 BOND    =     7355.7463  ANGLE   =      431.0319  DIHED      =     3049.0050
 VDWAALS =    16685.7402  EEL     =  -143469.9657  HBOND      =        0.0000
 1-4 VDW =     1113.3535  1-4 EEL =    11634.2961  RESTRAINT  =       94.2482
 EAMBER  =  -103200.7927


   NSTEP       ENERGY          RMS            GMAX         NAME    NUMBER
    950      -1.0312E+05     6.4072E-02     2.3294E+00     H2       4739

 BOND    =     7356.4972  ANGLE   =      431.0166  DIHED      =     3048.9592
 VDWAALS =    16689.9419  EEL     =  -143484.4920  HBOND      =        0.0000
 1-4 VDW =     1113.3252  1-4 EEL =    11634.4068  RESTRAINT  =       94.2569
 EAMBER  =  -103210.3451


   NSTEP       ENERGY          RMS            GMAX         NAME    NUMBER
   1000      -1.0312E+05     1.5905E-01     1.1331E+01     H2       4739

 BOND    =     7358.0208  ANGLE   =      431.0227  DIHED      =     3048.8731
 VDWAALS =    16694.2520  EEL     =  -143499.2581  HBOND      =        0.0000
 1-4 VDW =     1113.3109  1-4 EEL =    11634.5304  RESTRAINT  =       94.2794
 EAMBER  =  -103219.2481


   NSTEP       ENERGY          RMS            GMAX         NAME    NUMBER
   1050      -1.0313E+05     7.2971E-02     3.7309E+00     H2       4739

 BOND    =     7359.2056  ANGLE   =      431.0282  DIHED      =     3048.6673
 VDWAALS =    16698.7183  EEL     =  -143514.3303  HBOND      =        0.0000
 1-4 VDW =     1113.3052  1-4 EEL =    11634.6694  RESTRAINT  =       94.3068
 EAMBER  =  -103228.7364


   NSTEP       ENERGY          RMS            GMAX         NAME    NUMBER
   1100      -1.0314E+05     1.0234E-01     6.4756E+00     H2       4739

 BOND    =     7360.6125  ANGLE   =      431.0388  DIHED      =     3048.2963
 VDWAALS =    16703.2384  EEL     =  -143529.2450  HBOND      =        0.0000
 1-4 VDW =     1113.3016  1-4 EEL =    11634.8233  RESTRAINT  =       94.3244
 EAMBER  =  -103237.9342


   NSTEP       ENERGY          RMS            GMAX         NAME    NUMBER
   1150      -1.0315E+05     6.2648E-02     3.7304E+00     HG1      3049

 BOND    =     7361.8318  ANGLE   =      431.0491  DIHED      =     3047.8172
 VDWAALS =    16707.8405  EEL     =  -143544.1154  HBOND      =        0.0000
 1-4 VDW =     1113.2913  1-4 EEL =    11634.9778  RESTRAINT  =       94.3189
 EAMBER  =  -103247.3077


   NSTEP       ENERGY          RMS            GMAX         NAME    NUMBER
   1200      -1.0316E+05     6.1832E-02     2.9153E+00     HG1      3049

 BOND    =     7363.1550  ANGLE   =      431.0629  DIHED      =     3047.3870
 VDWAALS =    16712.5144  EEL     =  -143558.8306  HBOND      =        0.0000
 1-4 VDW =     1113.2817  1-4 EEL =    11635.1024  RESTRAINT  =       94.3030
 EAMBER  =  -103256.3271


   NSTEP       ENERGY          RMS            GMAX         NAME    NUMBER
   1250      -1.0317E+05     1.6819E-01     1.2775E+01     H2       4739

 BOND    =     7364.7410  ANGLE   =      431.0904  DIHED      =     3047.0882
 VDWAALS =    16717.3913  EEL     =  -143573.6100  HBOND      =        0.0000
 1-4 VDW =     1113.2777  1-4 EEL =    11635.1910  RESTRAINT  =       94.2866
 EAMBER  =  -103264.8304


   NSTEP       ENERGY          RMS            GMAX         NAME    NUMBER
   1300      -1.0318E+05     5.8555E-02     1.9221E+00     H2       4739

 BOND    =     7365.8147  ANGLE   =      431.0976  DIHED      =     3046.9172
 VDWAALS =    16722.2753  EEL     =  -143587.8704  HBOND      =        0.0000
 1-4 VDW =     1113.2667  1-4 EEL =    11635.2383  RESTRAINT  =       94.2788
 EAMBER  =  -103273.2606


   NSTEP       ENERGY          RMS            GMAX         NAME    NUMBER
   1350      -1.0319E+05     1.5372E-01     1.1982E+01     H2       4739

 BOND    =     7367.4502  ANGLE   =      431.1082  DIHED      =     3046.8240
 VDWAALS =    16727.5123  EEL     =  -143602.6589  HBOND      =        0.0000
 1-4 VDW =     1113.2571  1-4 EEL =    11635.2648  RESTRAINT  =       94.2767
 EAMBER  =  -103281.2423


   NSTEP       ENERGY          RMS            GMAX         NAME    NUMBER
   1400      -1.0319E+05     2.4668E-01     4.2631E+01     CD       2954

 BOND    =     7368.9557  ANGLE   =      431.1294  DIHED      =     3046.7723
 VDWAALS =    16732.6568  EEL     =  -143616.6553  HBOND      =        0.0000
 1-4 VDW =     1113.2232  1-4 EEL =    11635.2779  RESTRAINT  =       94.3167
 EAMBER  =  -103288.6399


   NSTEP       ENERGY          RMS            GMAX         NAME    NUMBER
   1450      -1.0320E+05     8.5843E-02     5.6005E+00     H2       4739

 BOND    =     7369.7522  ANGLE   =      431.1437  DIHED      =     3046.7668
 VDWAALS =    16737.8113  EEL     =  -143630.7496  HBOND      =        0.0000
 1-4 VDW =     1113.2498  1-4 EEL =    11635.2880  RESTRAINT  =       94.2759
 EAMBER  =  -103296.7378


   NSTEP       ENERGY          RMS            GMAX         NAME    NUMBER
   1500      -1.0321E+05     5.4945E-02     1.7588E+00     H2       4739

 BOND    =     7371.0406  ANGLE   =      431.1522  DIHED      =     3046.7607
 VDWAALS =    16743.1398  EEL     =  -143644.9443  HBOND      =        0.0000
 1-4 VDW =     1113.2440  1-4 EEL =    11635.2892  RESTRAINT  =       94.2789
 EAMBER  =  -103304.3178


   NSTEP       ENERGY          RMS            GMAX         NAME    NUMBER
   1550      -1.0322E+05     5.4695E-02     1.7157E+00     CD       2954

 BOND    =     7372.3099  ANGLE   =      431.1630  DIHED      =     3046.7626
 VDWAALS =    16748.4427  EEL     =  -143658.8027  HBOND      =        0.0000
 1-4 VDW =     1113.2398  1-4 EEL =    11635.2899  RESTRAINT  =       94.2815
 EAMBER  =  -103311.5948


   NSTEP       ENERGY          RMS            GMAX         NAME    NUMBER
   1600      -1.0322E+05     1.6648E-01     2.2081E+01     CD       2954

 BOND    =     7373.8695  ANGLE   =      431.1667  DIHED      =     3046.7633
 VDWAALS =    16753.9428  EEL     =  -143672.9223  HBOND      =        0.0000
 1-4 VDW =     1113.2228  1-4 EEL =    11635.2893  RESTRAINT  =       94.2949
 EAMBER  =  -103318.6679


   NSTEP       ENERGY          RMS            GMAX         NAME    NUMBER
   1650      -1.0323E+05     5.3641E-02     1.5402E+00     H2       5768

 BOND    =     7374.8609  ANGLE   =      431.1907  DIHED      =     3046.7788
 VDWAALS =    16759.4335  EEL     =  -143686.9166  HBOND      =        0.0000
 1-4 VDW =     1113.2372  1-4 EEL =    11635.2918  RESTRAINT  =       94.2866
 EAMBER  =  -103326.1237


   NSTEP       ENERGY          RMS            GMAX         NAME    NUMBER
   1700      -1.0324E+05     1.3415E-01     1.0808E+01     H2       4739

 BOND    =     7376.3067  ANGLE   =      431.2076  DIHED      =     3046.7907
 VDWAALS =    16765.2583  EEL     =  -143701.4786  HBOND      =        0.0000
 1-4 VDW =     1113.2348  1-4 EEL =    11635.2924  RESTRAINT  =       94.2888
 EAMBER  =  -103333.3881


   NSTEP       ENERGY          RMS            GMAX         NAME    NUMBER
   1750      -1.0325E+05     1.9916E-01     1.4073E+01     H2       4739

 BOND    =     7377.8169  ANGLE   =      431.2201  DIHED      =     3046.7929
 VDWAALS =    16770.9132  EEL     =  -143715.4990  HBOND      =        0.0000
 1-4 VDW =     1113.2215  1-4 EEL =    11635.2632  RESTRAINT  =       94.3084
 EAMBER  =  -103340.2713


   NSTEP       ENERGY          RMS            GMAX         NAME    NUMBER
   1800      -1.0325E+05     1.1468E-01     8.8889E+00     H2       4739

 BOND    =     7378.8755  ANGLE   =      431.2227  DIHED      =     3046.8150
 VDWAALS =    16776.5801  EEL     =  -143729.5475  HBOND      =        0.0000
 1-4 VDW =     1113.2321  1-4 EEL =    11635.2907  RESTRAINT  =       94.2998
 EAMBER  =  -103347.5313


   NSTEP       ENERGY          RMS            GMAX         NAME    NUMBER
   1850      -1.0326E+05     1.8440E-01     1.5577E+01     H2       4739

 BOND    =     7380.3571  ANGLE   =      431.2278  DIHED      =     3046.8280
 VDWAALS =    16782.0800  EEL     =  -143743.1368  HBOND      =        0.0000
 1-4 VDW =     1113.2239  1-4 EEL =    11635.3000  RESTRAINT  =       94.3021
 EAMBER  =  -103354.1199


   NSTEP       ENERGY          RMS            GMAX         NAME    NUMBER
   1900      -1.0327E+05     5.3260E-02     1.9451E+00     H2       4739

 BOND    =     7381.0650  ANGLE   =      431.2581  DIHED      =     3046.8480
 VDWAALS =    16787.3654  EEL     =  -143756.1256  HBOND      =        0.0000
 1-4 VDW =     1113.2295  1-4 EEL =    11635.3063  RESTRAINT  =       94.3029
 EAMBER  =  -103361.0532


   NSTEP       ENERGY          RMS            GMAX         NAME    NUMBER
   1950      -1.0327E+05     1.3878E-01     1.1233E+01     H2       4739

 BOND    =     7382.3505  ANGLE   =      431.2732  DIHED      =     3046.8643
 VDWAALS =    16792.6035  EEL     =  -143769.1771  HBOND      =        0.0000
 1-4 VDW =     1113.2226  1-4 EEL =    11635.3118  RESTRAINT  =       94.3057
 EAMBER  =  -103367.5511


   NSTEP       ENERGY          RMS            GMAX         NAME    NUMBER
   2000      -1.0328E+05     5.1070E-02     1.7559E+00     H1      25948

 BOND    =     7383.3362  ANGLE   =      431.2848  DIHED      =     3046.8826
 VDWAALS =    16797.4909  EEL     =  -143781.6977  HBOND      =        0.0000
 1-4 VDW =     1113.2255  1-4 EEL =    11635.3187  RESTRAINT  =       94.3102
 EAMBER  =  -103374.1590


   NSTEP       ENERGY          RMS            GMAX         NAME    NUMBER
   2050      -1.0329E+05     1.2832E-01     1.3472E+01     CD       2954

 BOND    =     7384.6280  ANGLE   =      431.2926  DIHED      =     3046.8987
 VDWAALS =    16802.3773  EEL     =  -143794.3092  HBOND      =        0.0000
 1-4 VDW =     1113.2160  1-4 EEL =    11635.3259  RESTRAINT  =       94.3181
 EAMBER  =  -103380.5706


   NSTEP       ENERGY          RMS            GMAX         NAME    NUMBER
   2100      -1.0329E+05     1.8909E-01     2.4724E+01     CD       2954

 BOND    =     7385.9202  ANGLE   =      431.3457  DIHED      =     3046.9276
 VDWAALS =    16807.0124  EEL     =  -143806.5874  HBOND      =        0.0000
 1-4 VDW =     1113.2415  1-4 EEL =    11635.3361  RESTRAINT  =       94.3366
 EAMBER  =  -103386.8039


   NSTEP       ENERGY          RMS            GMAX         NAME    NUMBER
   2150      -1.0330E+05     1.0125E-01     7.9488E+00     H2       4739

 BOND    =     7386.5897  ANGLE   =      431.3401  DIHED      =     3046.9422
 VDWAALS =    16811.5011  EEL     =  -143818.3397  HBOND      =        0.0000
 1-4 VDW =     1113.2217  1-4 EEL =    11635.3470  RESTRAINT  =       94.3208
 EAMBER  =  -103393.3979


   NSTEP       ENERGY          RMS            GMAX         NAME    NUMBER
   2200      -1.0331E+05     1.5129E-01     1.6468E+01     CD       2954

 BOND    =     7387.7335  ANGLE   =      431.3804  DIHED      =     3046.9677
 VDWAALS =    16815.8545  EEL     =  -143830.0282  HBOND      =        0.0000
 1-4 VDW =     1113.2352  1-4 EEL =    11635.3592  RESTRAINT  =       94.3330
 EAMBER  =  -103399.4977


   NSTEP       ENERGY          RMS            GMAX         NAME    NUMBER
   2250      -1.0331E+05     7.6397E-02     5.3520E+00     H2       4739

 BOND    =     7388.6584  ANGLE   =      431.3754  DIHED      =     3046.9837
 VDWAALS =    16820.1693  EEL     =  -143841.7476  HBOND      =        0.0000
 1-4 VDW =     1113.2244  1-4 EEL =    11635.3710  RESTRAINT  =       94.3315
 EAMBER  =  -103405.9655


   NSTEP       ENERGY          RMS            GMAX         NAME    NUMBER
   2300      -1.0332E+05     1.3915E-01     1.2316E+01     CD       2954

 BOND    =     7389.8299  ANGLE   =      431.3840  DIHED      =     3046.9991
 VDWAALS =    16824.3909  EEL     =  -143853.2046  HBOND      =        0.0000
 1-4 VDW =     1113.2127  1-4 EEL =    11635.3834  RESTRAINT  =       94.3388
 EAMBER  =  -103412.0045


   NSTEP       ENERGY          RMS            GMAX         NAME    NUMBER
   2350      -1.0332E+05     5.7938E-02     3.1613E+00     H2       4739

 BOND    =     7390.5606  ANGLE   =      431.4173  DIHED      =     3047.0221
 VDWAALS =    16828.4982  EEL     =  -143864.3301  HBOND      =        0.0000
 1-4 VDW =     1113.2214  1-4 EEL =    11635.3969  RESTRAINT  =       94.3393
 EAMBER  =  -103418.2136


   NSTEP       ENERGY          RMS            GMAX         NAME    NUMBER
   2400      -1.0333E+05     1.1157E-01     8.6427E+00     H2       4739

 BOND    =     7391.6301  ANGLE   =      431.4353  DIHED      =     3047.0394
 VDWAALS =    16832.7271  EEL     =  -143875.7304  HBOND      =        0.0000
 1-4 VDW =     1113.2157  1-4 EEL =    11635.4083  RESTRAINT  =       94.3441
 EAMBER  =  -103424.2744


   NSTEP       ENERGY          RMS            GMAX         NAME    NUMBER
   2450      -1.0334E+05     1.6478E-01     1.6939E+01     CD       2954

 BOND    =     7392.7618  ANGLE   =      431.4809  DIHED      =     3047.0641
 VDWAALS =    16836.8847  EEL     =  -143887.0277  HBOND      =        0.0000
 1-4 VDW =     1113.2318  1-4 EEL =    11635.4176  RESTRAINT  =       94.3564
 EAMBER  =  -103430.1869


   NSTEP       ENERGY          RMS            GMAX         NAME    NUMBER
   2500      -1.0334E+05     5.2016E-02     2.1210E+00     H2       4739

 BOND    =     7393.5493  ANGLE   =      431.4741  DIHED      =     3047.0768
 VDWAALS =    16841.0455  EEL     =  -143898.2338  HBOND      =        0.0000
 1-4 VDW =     1113.2174  1-4 EEL =    11635.4204  RESTRAINT  =       94.3545
 EAMBER  =  -103436.4502


   NSTEP       ENERGY          RMS            GMAX         NAME    NUMBER
   2550      -1.0335E+05     1.4936E-01     1.2590E+01     CD       2954

 BOND    =     7394.8431  ANGLE   =      431.4838  DIHED      =     3047.0923
 VDWAALS =    16845.4077  EEL     =  -143909.9682  HBOND      =        0.0000
 1-4 VDW =     1113.2075  1-4 EEL =    11635.4206  RESTRAINT  =       94.3644
 EAMBER  =  -103442.5132


   NSTEP       ENERGY          RMS            GMAX         NAME    NUMBER
   2600      -1.0335E+05     1.9728E-01     1.7782E+01     H2       4739

 BOND    =     7396.1112  ANGLE   =      431.5043  DIHED      =     3047.1142
 VDWAALS =    16849.6925  EEL     =  -143921.6569  HBOND      =        0.0000
 1-4 VDW =     1113.2132  1-4 EEL =    11635.4163  RESTRAINT  =       94.3683
 EAMBER  =  -103448.6051


   NSTEP       ENERGY          RMS            GMAX         NAME    NUMBER
   2650      -1.0336E+05     1.1644E-01     9.6130E+00     H2       4739

 BOND    =     7396.7126  ANGLE   =      431.5401  DIHED      =     3047.1381
 VDWAALS =    16853.9331  EEL     =  -143933.1928  HBOND      =        0.0000
 1-4 VDW =     1113.2179  1-4 EEL =    11635.4068  RESTRAINT  =       94.3730
 EAMBER  =  -103455.2441


   NSTEP       ENERGY          RMS            GMAX         NAME    NUMBER
   2700      -1.0337E+05     1.7149E-01     1.4712E+01     CD       2954

 BOND    =     7397.8910  ANGLE   =      431.5705  DIHED      =     3047.1614
 VDWAALS =    16858.1073  EEL     =  -143944.6725  HBOND      =        0.0000
 1-4 VDW =     1113.2226  1-4 EEL =    11635.3926  RESTRAINT  =       94.3852
 EAMBER  =  -103461.3272


   NSTEP       ENERGY          RMS            GMAX         NAME    NUMBER
   2750      -1.0337E+05     5.2729E-02     2.0939E+00     H2       4739

 BOND    =     7398.6947  ANGLE   =      431.5620  DIHED      =     3047.1776
 VDWAALS =    16862.2954  EEL     =  -143956.3591  HBOND      =        0.0000
 1-4 VDW =     1113.2080  1-4 EEL =    11635.3720  RESTRAINT  =       94.3874
 EAMBER  =  -103468.0496


   NSTEP       ENERGY          RMS            GMAX         NAME    NUMBER
   2800      -1.0338E+05     1.3949E-01     1.2279E+01     H2       4739

 BOND    =     7400.0230  ANGLE   =      431.5730  DIHED      =     3047.1984
 VDWAALS =    16866.6331  EEL     =  -143968.4078  HBOND      =        0.0000
 1-4 VDW =     1113.2056  1-4 EEL =    11635.3475  RESTRAINT  =       94.3956
 EAMBER  =  -103474.4272


   NSTEP       ENERGY          RMS            GMAX         NAME    NUMBER
   2850      -1.0339E+05     4.8219E-02     1.3921E+00     H1       8191

 BOND    =     7400.8010  ANGLE   =      431.5967  DIHED      =     3047.2198
 VDWAALS =    16870.8326  EEL     =  -143979.8202  HBOND      =        0.0000
 1-4 VDW =     1113.2044  1-4 EEL =    11635.3207  RESTRAINT  =       94.4004
 EAMBER  =  -103480.8450


   NSTEP       ENERGY          RMS            GMAX         NAME    NUMBER
   2900      -1.0339E+05     1.2039E-01     1.0269E+01     H2       4739

 BOND    =     7401.9968  ANGLE   =      431.6217  DIHED      =     3047.2417
 VDWAALS =    16875.1801  EEL     =  -143991.6648  HBOND      =        0.0000
 1-4 VDW =     1113.2050  1-4 EEL =    11635.2896  RESTRAINT  =       94.4047
 EAMBER  =  -103487.1298


   NSTEP       ENERGY          RMS            GMAX         NAME    NUMBER
   2950      -1.0340E+05     1.8801E-01     2.3300E+01     CD       2954

 BOND    =     7403.2098  ANGLE   =      431.6672  DIHED      =     3047.2654
 VDWAALS =    16879.1753  EEL     =  -144002.7428  HBOND      =        0.0000
 1-4 VDW =     1113.2183  1-4 EEL =    11635.2577  RESTRAINT  =       94.4233
 EAMBER  =  -103492.9492


   NSTEP       ENERGY          RMS            GMAX         NAME    NUMBER
   3000      -1.0340E+05     7.7876E-02     5.8534E+00     H2       4739

 BOND    =     7404.0115  ANGLE   =      431.6456  DIHED      =     3047.2747
 VDWAALS =    16883.1639  EEL     =  -144013.7675  HBOND      =        0.0000
 1-4 VDW =     1113.1991  1-4 EEL =    11635.2221  RESTRAINT  =       94.4119
 EAMBER  =  -103499.2506


   NSTEP       ENERGY          RMS            GMAX         NAME    NUMBER
   3050      -1.0341E+05     4.8974E-02     1.7529E+00     H2       4739

 BOND    =     7404.9214  ANGLE   =      431.6678  DIHED      =     3047.2896
 VDWAALS =    16887.0343  EEL     =  -144024.4205  HBOND      =        0.0000
 1-4 VDW =     1113.2003  1-4 EEL =    11635.1899  RESTRAINT  =       94.4125
 EAMBER  =  -103505.1171


   NSTEP       ENERGY          RMS            GMAX         NAME    NUMBER
   3100      -1.0342E+05     4.9799E-02     1.9256E+00     H2       4739

 BOND    =     7405.9126  ANGLE   =      431.6852  DIHED      =     3047.3016
 VDWAALS =    16890.9100  EEL     =  -144034.9891  HBOND      =        0.0000
 1-4 VDW =     1113.2008  1-4 EEL =    11635.1585  RESTRAINT  =       94.4131
 EAMBER  =  -103510.8204


   NSTEP       ENERGY          RMS            GMAX         NAME    NUMBER
   3150      -1.0342E+05     1.2820E-01     1.0569E+01     H2       4739

 BOND    =     7407.0940  ANGLE   =      431.7116  DIHED      =     3047.3143
 VDWAALS =    16895.1059  EEL     =  -144046.1533  HBOND      =        0.0000
 1-4 VDW =     1113.2061  1-4 EEL =    11635.1285  RESTRAINT  =       94.4139
 EAMBER  =  -103516.5929


   NSTEP       ENERGY          RMS            GMAX         NAME    NUMBER
   3200      -1.0343E+05     1.8983E-01     1.5956E+01     CD       2954

 BOND    =     7408.2923  ANGLE   =      431.7391  DIHED      =     3047.3237
 VDWAALS =    16899.1192  EEL     =  -144056.6654  HBOND      =        0.0000
 1-4 VDW =     1113.2122  1-4 EEL =    11635.1027  RESTRAINT  =       94.4185
 EAMBER  =  -103521.8760


   NSTEP       ENERGY          RMS            GMAX         NAME    NUMBER
   3250      -1.0343E+05     1.1806E-01     1.2473E+01     CD       2954

 BOND    =     7409.1603  ANGLE   =      431.7185  DIHED      =     3047.3201
 VDWAALS =    16903.2333  EEL     =  -144067.3696  HBOND      =        0.0000
 1-4 VDW =     1113.1916  1-4 EEL =    11635.0756  RESTRAINT  =       94.4149
 EAMBER  =  -103527.6703


   NSTEP       ENERGY          RMS            GMAX         NAME    NUMBER
   3300      -1.0344E+05     4.7994E-02     2.0136E+00     H2       4739

 BOND    =     7409.9767  ANGLE   =      431.7420  DIHED      =     3047.3275
 VDWAALS =    16907.1958  EEL     =  -144077.5716  HBOND      =        0.0000
 1-4 VDW =     1113.2014  1-4 EEL =    11635.0562  RESTRAINT  =       94.4105
 EAMBER  =  -103533.0719


   NSTEP       ENERGY          RMS            GMAX         NAME    NUMBER
   3350      -1.0344E+05     9.4298E-02     7.7063E+00     H2       4739

 BOND    =     7411.0073  ANGLE   =      431.7536  DIHED      =     3047.3288
 VDWAALS =    16911.1763  EEL     =  -144087.7346  HBOND      =        0.0000
 1-4 VDW =     1113.1995  1-4 EEL =    11635.0369  RESTRAINT  =       94.4095
 EAMBER  =  -103538.2323


   NSTEP       ENERGY          RMS            GMAX         NAME    NUMBER
   3400      -1.0345E+05     1.4395E-01     1.5436E+01     CD       2954

 BOND    =     7412.0798  ANGLE   =      431.7849  DIHED      =     3047.3350
 VDWAALS =    16915.0439  EEL     =  -144097.6692  HBOND      =        0.0000
 1-4 VDW =     1113.2135  1-4 EEL =    11635.0218  RESTRAINT  =       94.4158
 EAMBER  =  -103543.1903


   NSTEP       ENERGY          RMS            GMAX         NAME    NUMBER
   3450      -1.0345E+05     4.7499E-02     2.2082E+00     H2       4739

 BOND    =     7412.8432  ANGLE   =      431.7722  DIHED      =     3047.3306
 VDWAALS =    16918.6686  EEL     =  -144106.9947  HBOND      =        0.0000
 1-4 VDW =     1113.2029  1-4 EEL =    11635.0061  RESTRAINT  =       94.4095
 EAMBER  =  -103548.1711


   NSTEP       ENERGY          RMS            GMAX         NAME    NUMBER
   3500      -1.0346E+05     1.3229E-01     1.3263E+01     CD       2954

 BOND    =     7413.9668  ANGLE   =      431.7910  DIHED      =     3047.3335
 VDWAALS =    16922.2800  EEL     =  -144116.5516  HBOND      =        0.0000
 1-4 VDW =     1113.2125  1-4 EEL =    11634.9934  RESTRAINT  =       94.4156
 EAMBER  =  -103552.9744


   NSTEP       ENERGY          RMS            GMAX         NAME    NUMBER
   3550      -1.0346E+05     5.3233E-02     3.1946E+00     H2       4739

 BOND    =     7414.6005  ANGLE   =      431.7920  DIHED      =     3047.3302
 VDWAALS =    16925.6332  EEL     =  -144125.5000  HBOND      =        0.0000
 1-4 VDW =     1113.2043  1-4 EEL =    11634.9818  RESTRAINT  =       94.4090
 EAMBER  =  -103557.9581


   NSTEP       ENERGY          RMS            GMAX         NAME    NUMBER
   3600      -1.0347E+05     5.7221E-02     3.7004E+00     H2       4739

 BOND    =     7415.4297  ANGLE   =      431.8001  DIHED      =     3047.3295
 VDWAALS =    16928.8249  EEL     =  -144134.3640  HBOND      =        0.0000
 1-4 VDW =     1113.2045  1-4 EEL =    11634.9709  RESTRAINT  =       94.4093
 EAMBER  =  -103562.8045


   NSTEP       ENERGY          RMS            GMAX         NAME    NUMBER
   3650      -1.0347E+05     4.6727E-02     2.1446E+00     H2       4739

 BOND    =     7416.2341  ANGLE   =      431.8063  DIHED      =     3047.3285
 VDWAALS =    16931.7778  EEL     =  -144142.8340  HBOND      =        0.0000
 1-4 VDW =     1113.2062  1-4 EEL =    11634.9613  RESTRAINT  =       94.4103
 EAMBER  =  -103567.5197


   NSTEP       ENERGY          RMS            GMAX         NAME    NUMBER
   3700      -1.0348E+05     5.9206E-02     3.8695E+00     CD       2954

 BOND    =     7416.9911  ANGLE   =      431.8101  DIHED      =     3047.3259
 VDWAALS =    16934.5243  EEL     =  -144150.9819  HBOND      =        0.0000
 1-4 VDW =     1113.2037  1-4 EEL =    11634.9519  RESTRAINT  =       94.4115
 EAMBER  =  -103572.1750


   NSTEP       ENERGY          RMS            GMAX         NAME    NUMBER
   3750      -1.0348E+05     1.2210E-01     1.0702E+01     H2       4739

 BOND    =     7417.8918  ANGLE   =      431.8136  DIHED      =     3047.3239
 VDWAALS =    16937.1513  EEL     =  -144159.1127  HBOND      =        0.0000
 1-4 VDW =     1113.2037  1-4 EEL =    11634.9440  RESTRAINT  =       94.4131
 EAMBER  =  -103576.7844


   NSTEP       ENERGY          RMS            GMAX         NAME    NUMBER
   3800      -1.0349E+05     5.8814E-02     3.9395E+00     H2       4739

 BOND    =     7418.3876  ANGLE   =      431.8297  DIHED      =     3047.3241
 VDWAALS =    16939.6248  EEL     =  -144167.0330  HBOND      =        0.0000
 1-4 VDW =     1113.2084  1-4 EEL =    11634.9373  RESTRAINT  =       94.4127
 EAMBER  =  -103581.7212


   NSTEP       ENERGY          RMS            GMAX         NAME    NUMBER
   3850      -1.0349E+05     1.0577E-01     9.0671E+00     H2       4739

 BOND    =     7419.1192  ANGLE   =      431.8356  DIHED      =     3047.3217
 VDWAALS =    16941.9100  EEL     =  -144174.7943  HBOND      =        0.0000
 1-4 VDW =     1113.2071  1-4 EEL =    11634.9314  RESTRAINT  =       94.4133
 EAMBER  =  -103586.4693


   NSTEP       ENERGY          RMS            GMAX         NAME    NUMBER
   3900      -1.0350E+05     4.8034E-02     2.2469E+00     H2       4739

 BOND    =     7419.7234  ANGLE   =      431.8393  DIHED      =     3047.3194
 VDWAALS =    16944.0847  EEL     =  -144182.5972  HBOND      =        0.0000
 1-4 VDW =     1113.2091  1-4 EEL =    11634.9243  RESTRAINT  =       94.4159
 EAMBER  =  -103591.4969


   NSTEP       ENERGY          RMS            GMAX         NAME    NUMBER
   3950      -1.0350E+05     6.6132E-02     4.7780E+00     H2       4739

 BOND    =     7420.3953  ANGLE   =      431.8446  DIHED      =     3047.3168
 VDWAALS =    16946.1263  EEL     =  -144190.3146  HBOND      =        0.0000
 1-4 VDW =     1113.2099  1-4 EEL =    11634.9186  RESTRAINT  =       94.4180
 EAMBER  =  -103596.5030


   NSTEP       ENERGY          RMS            GMAX         NAME    NUMBER
   4000      -1.0351E+05     1.5304E-01     1.6826E+01     CD       2954

 BOND    =     7421.2531  ANGLE   =      431.8663  DIHED      =     3047.3178
 VDWAALS =    16948.0488  EEL     =  -144198.0668  HBOND      =        0.0000
 1-4 VDW =     1113.2209  1-4 EEL =    11634.9134  RESTRAINT  =       94.4291
 EAMBER  =  -103601.4465


   NSTEP       ENERGY          RMS            GMAX         NAME    NUMBER
   4050      -1.0351E+05     4.6263E-02     1.5770E+00     H2       4739

 BOND    =     7421.5400  ANGLE   =      431.8577  DIHED      =     3047.3120
 VDWAALS =    16949.8119  EEL     =  -144205.3510  HBOND      =        0.0000
 1-4 VDW =     1113.2099  1-4 EEL =    11634.9087  RESTRAINT  =       94.4212
 EAMBER  =  -103606.7111


   NSTEP       ENERGY          RMS            GMAX         NAME    NUMBER
   4100      -1.0352E+05     1.2029E-01     1.2597E+01     CD       2954

 BOND    =     7422.2459  ANGLE   =      431.8798  DIHED      =     3047.3136
 VDWAALS =    16951.5888  EEL     =  -144213.1225  HBOND      =        0.0000
 1-4 VDW =     1113.2205  1-4 EEL =    11634.9053  RESTRAINT  =       94.4277
 EAMBER  =  -103611.9686


   NSTEP       ENERGY          RMS            GMAX         NAME    NUMBER
   4150      -1.0352E+05     1.6357E-01     1.4709E+01     H2       4739

 BOND    =     7422.9505  ANGLE   =      431.8802  DIHED      =     3047.3100
 VDWAALS =    16953.2435  EEL     =  -144220.4630  HBOND      =        0.0000
 1-4 VDW =     1113.2161  1-4 EEL =    11634.9008  RESTRAINT  =       94.4263
 EAMBER  =  -103616.9621


   NSTEP       ENERGY          RMS            GMAX         NAME    NUMBER
   4200      -1.0353E+05     7.1191E-02     5.2532E+00     H2       4739

 BOND    =     7423.3775  ANGLE   =      431.8700  DIHED      =     3047.3049
 VDWAALS =    16954.9328  EEL     =  -144228.1635  HBOND      =        0.0000
 1-4 VDW =     1113.2100  1-4 EEL =    11634.8949  RESTRAINT  =       94.4299
 EAMBER  =  -103622.5734


   NSTEP       ENERGY          RMS            GMAX         NAME    NUMBER
   4250      -1.0353E+05     1.3829E-01     1.2013E+01     H2       4739

 BOND    =     7424.1722  ANGLE   =      431.8810  DIHED      =     3047.3047
 VDWAALS =    16956.6291  EEL     =  -144235.8735  HBOND      =        0.0000
 1-4 VDW =     1113.2160  1-4 EEL =    11634.8904  RESTRAINT  =       94.4355
 EAMBER  =  -103627.7801


   NSTEP       ENERGY          RMS            GMAX         NAME    NUMBER
   4300      -1.0354E+05     4.7913E-02     1.9129E+00     H2       4739

 BOND    =     7424.5015  ANGLE   =      431.8858  DIHED      =     3047.3020
 VDWAALS =    16958.3055  EEL     =  -144243.3732  HBOND      =        0.0000
 1-4 VDW =     1113.2118  1-4 EEL =    11634.8865  RESTRAINT  =       94.4362
 EAMBER  =  -103633.2801


   NSTEP       ENERGY          RMS            GMAX         NAME    NUMBER
   4350      -1.0354E+05     1.1971E-01     9.5742E+00     H2       4739

 BOND    =     7425.2297  ANGLE   =      431.9045  DIHED      =     3047.3036
 VDWAALS =    16960.0602  EEL     =  -144251.1965  HBOND      =        0.0000
 1-4 VDW =     1113.2195  1-4 EEL =    11634.8824  RESTRAINT  =       94.4427
 EAMBER  =  -103638.5967


   NSTEP       ENERGY          RMS            GMAX         NAME    NUMBER
   4400      -1.0355E+05     1.7474E-01     1.5895E+01     H2       4739

 BOND    =     7426.0091  ANGLE   =      431.9092  DIHED      =     3047.3012
 VDWAALS =    16961.7596  EEL     =  -144258.6768  HBOND      =        0.0000
 1-4 VDW =     1113.2165  1-4 EEL =    11634.8784  RESTRAINT  =       94.4445
 EAMBER  =  -103643.6028


   NSTEP       ENERGY          RMS            GMAX         NAME    NUMBER
   4450      -1.0355E+05     8.1646E-02     6.1964E+00     H2       4739

 BOND    =     7426.4511  ANGLE   =      431.8984  DIHED      =     3047.2964
 VDWAALS =    16963.4265  EEL     =  -144266.3300  HBOND      =        0.0000
 1-4 VDW =     1113.2094  1-4 EEL =    11634.8728  RESTRAINT  =       94.4505
 EAMBER  =  -103649.1754


   NSTEP       ENERGY          RMS            GMAX         NAME    NUMBER
   4500      -1.0356E+05     1.6759E-01     1.4656E+01     H2       4739

 BOND    =     7427.3711  ANGLE   =      431.9002  DIHED      =     3047.2944
 VDWAALS =    16965.0307  EEL     =  -144273.9536  HBOND      =        0.0000
 1-4 VDW =     1113.2057  1-4 EEL =    11634.8682  RESTRAINT  =       94.4575
 EAMBER  =  -103654.2833


   NSTEP       ENERGY          RMS            GMAX         NAME    NUMBER
   4550      -1.0357E+05     4.4858E-02     1.1980E+00     H2       4739

 BOND    =     7427.5867  ANGLE   =      431.9183  DIHED      =     3047.2966
 VDWAALS =    16966.4430  EEL     =  -144281.1943  HBOND      =        0.0000
 1-4 VDW =     1113.2126  1-4 EEL =    11634.8660  RESTRAINT  =       94.4599
 EAMBER  =  -103659.8710


   NSTEP       ENERGY          RMS            GMAX         NAME    NUMBER
   4600      -1.0357E+05     1.4406E-01     1.6261E+01     CD       2954

 BOND    =     7428.3353  ANGLE   =      431.9243  DIHED      =     3047.2929
 VDWAALS =    16967.7573  EEL     =  -144288.3839  HBOND      =        0.0000
 1-4 VDW =     1113.2022  1-4 EEL =    11634.8629  RESTRAINT  =       94.4697
 EAMBER  =  -103665.0089


   NSTEP       ENERGY          RMS            GMAX         NAME    NUMBER
   4650      -1.0358E+05     4.6391E-02     1.4801E+00     H2       4739

 BOND    =     7428.7785  ANGLE   =      431.9332  DIHED      =     3047.2957
 VDWAALS =    16968.9228  EEL     =  -144295.2848  HBOND      =        0.0000
 1-4 VDW =     1113.2118  1-4 EEL =    11634.8600  RESTRAINT  =       94.4707
 EAMBER  =  -103670.2828


   NSTEP       ENERGY          RMS            GMAX         NAME    NUMBER
   4700      -1.0358E+05     8.0153E-02     6.3574E+00     CD       2954

 BOND    =     7429.4406  ANGLE   =      431.9474  DIHED      =     3047.2969
 VDWAALS =    16970.0695  EEL     =  -144302.4991  HBOND      =        0.0000
 1-4 VDW =     1113.2166  1-4 EEL =    11634.8577  RESTRAINT  =       94.4775
 EAMBER  =  -103675.6705


   NSTEP       ENERGY          RMS            GMAX         NAME    NUMBER
   4750      -1.0359E+05     1.8360E-01     1.6589E+01     CD       2954

 BOND    =     7430.3743  ANGLE   =      431.9674  DIHED      =     3047.2986
 VDWAALS =    16971.2105  EEL     =  -144309.7797  HBOND      =        0.0000
 1-4 VDW =     1113.2227  1-4 EEL =    11634.8551  RESTRAINT  =       94.4896
 EAMBER  =  -103680.8510


   NSTEP       ENERGY          RMS            GMAX         NAME    NUMBER
   4800      -1.0359E+05     8.6013E-02     6.8704E+00     H2       4739

 BOND    =     7430.5477  ANGLE   =      431.9702  DIHED      =     3047.2965
 VDWAALS =    16972.2893  EEL     =  -144316.6610  HBOND      =        0.0000
 1-4 VDW =     1113.2132  1-4 EEL =    11634.8548  RESTRAINT  =       94.4833
 EAMBER  =  -103686.4893


   NSTEP       ENERGY          RMS            GMAX         NAME    NUMBER
   4850      -1.0360E+05     1.5728E-01     1.8611E+01     CD       2954

 BOND    =     7431.2599  ANGLE   =      431.9762  DIHED      =     3047.2922
 VDWAALS =    16973.3736  EEL     =  -144323.6824  HBOND      =        0.0000
 1-4 VDW =     1113.1991  1-4 EEL =    11634.8527  RESTRAINT  =       94.4927
 EAMBER  =  -103691.7289


   NSTEP       ENERGY          RMS            GMAX         NAME    NUMBER
   4900      -1.0360E+05     6.4497E-02     4.4151E+00     H2       4739

 BOND    =     7431.7068  ANGLE   =      431.9879  DIHED      =     3047.2962
 VDWAALS =    16974.4660  EEL     =  -144330.8102  HBOND      =        0.0000
 1-4 VDW =     1113.2102  1-4 EEL =    11634.8516  RESTRAINT  =       94.4905
 EAMBER  =  -103697.2914


   NSTEP       ENERGY          RMS            GMAX         NAME    NUMBER
   4950      -1.0361E+05     1.1361E-01     9.6846E+00     H2       4739

 BOND    =     7432.4301  ANGLE   =      432.0025  DIHED      =     3047.2975
 VDWAALS =    16975.6227  EEL     =  -144338.2877  HBOND      =        0.0000
 1-4 VDW =     1113.2122  1-4 EEL =    11634.8508  RESTRAINT  =       94.4955
 EAMBER  =  -103702.8717


   NSTEP       ENERGY          RMS            GMAX         NAME    NUMBER
   5000      -1.0361E+05     1.6496E-01     1.4431E+01     H2       4739

 BOND    =     7433.1849  ANGLE   =      432.0071  DIHED      =     3047.2948
 VDWAALS =    16976.7225  EEL     =  -144345.4822  HBOND      =        0.0000
 1-4 VDW =     1113.2034  1-4 EEL =    11634.8507  RESTRAINT  =       94.5003
 EAMBER  =  -103708.2188


   NSTEP       ENERGY          RMS            GMAX         NAME    NUMBER
   5050      -1.0362E+05     7.0608E-02     4.7714E+00     H2       4739

 BOND    =     7433.4426  ANGLE   =      432.0362  DIHED      =     3047.2995
 VDWAALS =    16977.8789  EEL     =  -144352.8892  HBOND      =        0.0000
 1-4 VDW =     1113.2129  1-4 EEL =    11634.8537  RESTRAINT  =       94.5028
 EAMBER  =  -103714.1655


   NSTEP       ENERGY          RMS            GMAX         NAME    NUMBER
   5100      -1.0363E+05     1.6515E-01     1.7826E+01     CD       2954

 BOND    =     7434.2770  ANGLE   =      432.0686  DIHED      =     3047.3036
 VDWAALS =    16979.1043  EEL     =  -144360.5785  HBOND      =        0.0000
 1-4 VDW =     1113.2220  1-4 EEL =    11634.8576  RESTRAINT  =       94.5158
 EAMBER  =  -103719.7453


   NSTEP       ENERGY          RMS            GMAX         NAME    NUMBER
   5150      -1.0363E+05     5.0088E-02     2.1226E+00     H2       4739

 BOND    =     7434.6658  ANGLE   =      432.0570  DIHED      =     3047.2985
 VDWAALS =    16980.3060  EEL     =  -144367.9876  HBOND      =        0.0000
 1-4 VDW =     1113.2093  1-4 EEL =    11634.8608  RESTRAINT  =       94.5130
 EAMBER  =  -103725.5902


   NSTEP       ENERGY          RMS            GMAX         NAME    NUMBER
   5200      -1.0364E+05     1.3161E-01     1.1927E+01     CD       2954

 BOND    =     7435.4919  ANGLE   =      432.0776  DIHED      =     3047.3003
 VDWAALS =    16981.5880  EEL     =  -144375.6612  HBOND      =        0.0000
 1-4 VDW =     1113.2162  1-4 EEL =    11634.8657  RESTRAINT  =       94.5236
 EAMBER  =  -103731.1216


   NSTEP       ENERGY          RMS            GMAX         NAME    NUMBER
   5250      -1.0364E+05     2.0244E-01     3.2053E+01     CD       2954

 BOND    =     7436.2788  ANGLE   =      432.0753  DIHED      =     3047.2881
 VDWAALS =    16982.8768  EEL     =  -144383.0761  HBOND      =        0.0000
 1-4 VDW =     1113.1858  1-4 EEL =    11634.8707  RESTRAINT  =       94.5470
 EAMBER  =  -103736.5004


   NSTEP       ENERGY          RMS            GMAX         NAME    NUMBER
   5300      -1.0365E+05     1.0288E-01     8.7860E+00     H2       4739

 BOND    =     7436.5971  ANGLE   =      432.0969  DIHED      =     3047.2961
 VDWAALS =    16984.1701  EEL     =  -144390.6259  HBOND      =        0.0000
 1-4 VDW =     1113.2083  1-4 EEL =    11634.8799  RESTRAINT  =       94.5292
 EAMBER  =  -103742.3776


   NSTEP       ENERGY          RMS            GMAX         NAME    NUMBER
   5350      -1.0365E+05     4.8438E-02     1.7473E+00     H2       4739

 BOND    =     7437.2031  ANGLE   =      432.1049  DIHED      =     3047.2932
 VDWAALS =    16985.5389  EEL     =  -144398.4697  HBOND      =        0.0000
 1-4 VDW =     1113.2072  1-4 EEL =    11634.8882  RESTRAINT  =       94.5368
 EAMBER  =  -103748.2341


   NSTEP       ENERGY          RMS            GMAX         NAME    NUMBER
   5400      -1.0366E+05     5.0839E-02     2.2122E+00     H2       4739

 BOND    =     7437.8628  ANGLE   =      432.1172  DIHED      =     3047.2910
 VDWAALS =    16986.9168  EEL     =  -144406.1266  HBOND      =        0.0000
 1-4 VDW =     1113.2076  1-4 EEL =    11634.8989  RESTRAINT  =       94.5437
 EAMBER  =  -103753.8324


   NSTEP       ENERGY          RMS            GMAX         NAME    NUMBER
   5450      -1.0367E+05     1.2590E-01     1.0835E+01     H2       4739

 BOND    =     7438.7618  ANGLE   =      432.1297  DIHED      =     3047.2878
 VDWAALS =    16988.4452  EEL     =  -144414.3692  HBOND      =        0.0000
 1-4 VDW =     1113.2087  1-4 EEL =    11634.9109  RESTRAINT  =       94.5532
 EAMBER  =  -103759.6252


   NSTEP       ENERGY          RMS            GMAX         NAME    NUMBER
   5500      -1.0367E+05     2.0728E-01     2.8253E+01     CD       2954

 BOND    =     7439.7060  ANGLE   =      432.1324  DIHED      =     3047.2755
 VDWAALS =    16989.9896  EEL     =  -144422.4690  HBOND      =        0.0000
 1-4 VDW =     1113.1859  1-4 EEL =    11634.9224  RESTRAINT  =       94.5774
 EAMBER  =  -103765.2572


   NSTEP       ENERGY          RMS            GMAX         NAME    NUMBER
   5550      -1.0368E+05     7.9473E-02     6.3402E+00     CD       2954

 BOND    =     7440.0490  ANGLE   =      432.1514  DIHED      =     3047.2779
 VDWAALS =    16991.6117  EEL     =  -144430.7869  HBOND      =        0.0000
 1-4 VDW =     1113.2013  1-4 EEL =    11634.9376  RESTRAINT  =       94.5672
 EAMBER  =  -103771.5580


   NSTEP       ENERGY          RMS            GMAX         NAME    NUMBER
   5600      -1.0368E+05     1.6203E-01     1.3349E+01     H2       4739

 BOND    =     7441.0170  ANGLE   =      432.1832  DIHED      =     3047.2788
 VDWAALS =    16993.2376  EEL     =  -144439.0310  HBOND      =        0.0000
 1-4 VDW =     1113.2144  1-4 EEL =    11634.9510  RESTRAINT  =       94.5794
 EAMBER  =  -103777.1490


   NSTEP       ENERGY          RMS            GMAX         NAME    NUMBER
   5650      -1.0369E+05     4.7297E-02     1.8896E+00     H1      22183

 BOND    =     7441.5539  ANGLE   =      432.1789  DIHED      =     3047.2698
 VDWAALS =    16994.8430  EEL     =  -144447.0605  HBOND      =        0.0000
 1-4 VDW =     1113.2048  1-4 EEL =    11634.9604  RESTRAINT  =       94.5829
 EAMBER  =  -103783.0497


   NSTEP       ENERGY          RMS            GMAX         NAME    NUMBER
   5700      -1.0369E+05     1.3432E-01     1.1360E+01     H2       4739

 BOND    =     7442.5879  ANGLE   =      432.1963  DIHED      =     3047.2649
 VDWAALS =    16996.5031  EEL     =  -144455.5945  HBOND      =        0.0000
 1-4 VDW =     1113.2084  1-4 EEL =    11634.9690  RESTRAINT  =       94.5926
 EAMBER  =  -103788.8649


   NSTEP       ENERGY          RMS            GMAX         NAME    NUMBER
   5750      -1.0370E+05     6.5533E-02     4.5497E+00     H2       4739

 BOND    =     7443.1288  ANGLE   =      432.2086  DIHED      =     3047.2581
 VDWAALS =    16997.9838  EEL     =  -144463.2865  HBOND      =        0.0000
 1-4 VDW =     1113.2033  1-4 EEL =    11634.9772  RESTRAINT  =       94.5944
 EAMBER  =  -103794.5268


   NSTEP       ENERGY          RMS            GMAX         NAME    NUMBER
   5800      -1.0371E+05     1.1587E-01     9.5429E+00     H2       4739

 BOND    =     7443.9792  ANGLE   =      432.2202  DIHED      =     3047.2515
 VDWAALS =    16999.4567  EEL     =  -144471.0607  HBOND      =        0.0000
 1-4 VDW =     1113.1994  1-4 EEL =    11634.9833  RESTRAINT  =       94.5990
 EAMBER  =  -103799.9704


   NSTEP       ENERGY          RMS            GMAX         NAME    NUMBER
   5850      -1.0371E+05     1.9244E-01     3.0680E+01     CD       2954

 BOND    =     7444.9511  ANGLE   =      432.2804  DIHED      =     3047.2556
 VDWAALS =    17000.9569  EEL     =  -144478.9189  HBOND      =        0.0000
 1-4 VDW =     1113.2257  1-4 EEL =    11634.9897  RESTRAINT  =       94.6275
 EAMBER  =  -103805.2595


   NSTEP       ENERGY          RMS            GMAX         NAME    NUMBER
   5900      -1.0372E+05     7.3129E-02     5.2514E+00     H2       4739

 BOND    =     7445.4609  ANGLE   =      432.2407  DIHED      =     3047.2407
 VDWAALS =    17002.4990  EEL     =  -144486.5410  HBOND      =        0.0000
 1-4 VDW =     1113.2011  1-4 EEL =    11634.9926  RESTRAINT  =       94.6056
 EAMBER  =  -103810.9060


   NSTEP       ENERGY          RMS            GMAX         NAME    NUMBER
   5950      -1.0372E+05     4.7176E-02     1.9157E+00     H2       4739

 BOND    =     7446.1601  ANGLE   =      432.2561  DIHED      =     3047.2375
 VDWAALS =    17004.1518  EEL     =  -144494.2397  HBOND      =        0.0000
 1-4 VDW =     1113.2051  1-4 EEL =    11634.9976  RESTRAINT  =       94.6066
 EAMBER  =  -103816.2315


   NSTEP       ENERGY          RMS            GMAX         NAME    NUMBER
   6000      -1.0373E+05     7.5093E-02     5.8040E+00     H2       4739

 BOND    =     7446.9398  ANGLE   =      432.2670  DIHED      =     3047.2336
 VDWAALS =    17005.9292  EEL     =  -144501.9888  HBOND      =        0.0000
 1-4 VDW =     1113.2069  1-4 EEL =    11635.0024  RESTRAINT  =       94.6070
 EAMBER  =  -103821.4099


   NSTEP       ENERGY          RMS            GMAX         NAME    NUMBER
   6050      -1.0373E+05     1.2171E-01     1.0323E+01     H2       4739

 BOND    =     7447.7642  ANGLE   =      432.2780  DIHED      =     3047.2309
 VDWAALS =    17007.7777  EEL     =  -144509.5846  HBOND      =        0.0000
 1-4 VDW =     1113.2117  1-4 EEL =    11635.0066  RESTRAINT  =       94.6081
 EAMBER  =  -103826.3155


   NSTEP       ENERGY          RMS            GMAX         NAME    NUMBER
   6100      -1.0374E+05     5.7946E-02     3.8962E+00     H2       4739

 BOND    =     7448.4037  ANGLE   =      432.2693  DIHED      =     3047.2238
 VDWAALS =    17009.6509  EEL     =  -144516.9910  HBOND      =        0.0000
 1-4 VDW =     1113.2073  1-4 EEL =    11635.0104  RESTRAINT  =       94.6066
 EAMBER  =  -103831.2256


   NSTEP       ENERGY          RMS            GMAX         NAME    NUMBER
   6150      -1.0374E+05     1.0446E-01     8.8291E+00     H2       4739

 BOND    =     7449.2370  ANGLE   =      432.2642  DIHED      =     3047.2185
 VDWAALS =    17011.5855  EEL     =  -144524.4040  HBOND      =        0.0000
 1-4 VDW =     1113.2051  1-4 EEL =    11635.0146  RESTRAINT  =       94.6060
 EAMBER  =  -103835.8792


   NSTEP       ENERGY          RMS            GMAX         NAME    NUMBER
   6200      -1.0375E+05     1.5483E-01     1.2829E+01     H2       4739

 BOND    =     7450.1460  ANGLE   =      432.2757  DIHED      =     3047.2179
 VDWAALS =    17013.5453  EEL     =  -144531.9224  HBOND      =        0.0000
 1-4 VDW =     1113.2172  1-4 EEL =    11635.0196  RESTRAINT  =       94.6085
 EAMBER  =  -103840.5007


   NSTEP       ENERGY          RMS            GMAX         NAME    NUMBER
   6250      -1.0375E+05     8.7241E-02     7.1645E+00     H2       4739

 BOND    =     7450.5904  ANGLE   =      432.2677  DIHED      =     3047.2118
 VDWAALS =    17015.4134  EEL     =  -144538.9664  HBOND      =        0.0000
 1-4 VDW =     1113.2126  1-4 EEL =    11635.0256  RESTRAINT  =       94.6003
 EAMBER  =  -103845.2448


   NSTEP       ENERGY          RMS            GMAX         NAME    NUMBER
   6300      -1.0376E+05     1.3310E-01     1.6013E+01     CD       2954

 BOND    =     7451.3868  ANGLE   =      432.2533  DIHED      =     3047.2015
 VDWAALS =    17017.2504  EEL     =  -144546.0405  HBOND      =        0.0000
 1-4 VDW =     1113.2017  1-4 EEL =    11635.0302  RESTRAINT  =       94.6025
 EAMBER  =  -103849.7166


   NSTEP       ENERGY          RMS            GMAX         NAME    NUMBER
   6350      -1.0376E+05     4.5102E-02     1.9808E+00     H2       4739

 BOND    =     7451.9805  ANGLE   =      432.2490  DIHED      =     3047.1985
 VDWAALS =    17019.0378  EEL     =  -144553.0240  HBOND      =        0.0000
 1-4 VDW =     1113.2129  1-4 EEL =    11635.0346  RESTRAINT  =       94.5965
 EAMBER  =  -103854.3106


   NSTEP       ENERGY          RMS            GMAX         NAME    NUMBER
   6400      -1.0376E+05     1.2231E-01     1.0081E+01     CD       2954

 BOND    =     7452.8833  ANGLE   =      432.2313  DIHED      =     3047.1880
 VDWAALS =    17020.9110  EEL     =  -144560.2442  HBOND      =        0.0000
 1-4 VDW =     1113.2067  1-4 EEL =    11635.0385  RESTRAINT  =       94.5966
 EAMBER  =  -103858.7854


   NSTEP       ENERGY          RMS            GMAX         NAME    NUMBER
   6450      -1.0377E+05     1.7470E-01     1.9985E+01     CD       2954

 BOND    =     7453.7647  ANGLE   =      432.2189  DIHED      =     3047.1780
 VDWAALS =    17022.7076  EEL     =  -144567.1451  HBOND      =        0.0000
 1-4 VDW =     1113.2008  1-4 EEL =    11635.0415  RESTRAINT  =       94.6013
 EAMBER  =  -103863.0337


   NSTEP       ENERGY          RMS            GMAX         NAME    NUMBER
   6500      -1.0377E+05     9.8599E-02     9.9701E+00     CD       2954

 BOND    =     7454.2118  ANGLE   =      432.2331  DIHED      =     3047.1795
 VDWAALS =    17024.5317  EEL     =  -144574.1663  HBOND      =        0.0000
 1-4 VDW =     1113.2231  1-4 EEL =    11635.0470  RESTRAINT  =       94.5923
 EAMBER  =  -103867.7401


   NSTEP       ENERGY          RMS            GMAX         NAME    NUMBER
   6550      -1.0378E+05     4.4736E-02     2.0803E+00     H1      19228

 BOND    =     7454.8909  ANGLE   =      432.2095  DIHED      =     3047.1684
 VDWAALS =    17026.4188  EEL     =  -144581.2901  HBOND      =        0.0000
 1-4 VDW =     1113.2166  1-4 EEL =    11635.0486  RESTRAINT  =       94.5878
 EAMBER  =  -103872.3372


   NSTEP       ENERGY          RMS            GMAX         NAME    NUMBER
   6600      -1.0378E+05     5.8074E-02     3.5735E+00     H2       4739

 BOND    =     7455.6604  ANGLE   =      432.1968  DIHED      =     3047.1595
 VDWAALS =    17028.3916  EEL     =  -144588.4914  HBOND      =        0.0000
 1-4 VDW =     1113.2156  1-4 EEL =    11635.0507  RESTRAINT  =       94.5860
 EAMBER  =  -103876.8167


   NSTEP       ENERGY          RMS            GMAX         NAME    NUMBER
   6650      -1.0379E+05     1.1647E-01     9.5194E+00     H2       4739

 BOND    =     7456.5792  ANGLE   =      432.1932  DIHED      =     3047.1530
 VDWAALS =    17030.4798  EEL     =  -144595.9054  HBOND      =        0.0000
 1-4 VDW =     1113.2233  1-4 EEL =    11635.0521  RESTRAINT  =       94.5860
 EAMBER  =  -103881.2248


   NSTEP       ENERGY          RMS            GMAX         NAME    NUMBER
   6700      -1.0379E+05     4.0904E-02     2.5192E+00     H1      19228

 BOND    =     7457.1278  ANGLE   =      432.1828  DIHED      =     3047.1438
 VDWAALS =    17032.5306  EEL     =  -144602.9924  HBOND      =        0.0000
 1-4 VDW =     1113.2202  1-4 EEL =    11635.0525  RESTRAINT  =       94.5818
 EAMBER  =  -103885.7346


   NSTEP       ENERGY          RMS            GMAX         NAME    NUMBER
   6750      -1.0380E+05     1.0019E-01     8.1953E+00     H2       4739

 BOND    =     7457.9936  ANGLE   =      432.1784  DIHED      =     3047.1359
 VDWAALS =    17034.8518  EEL     =  -144610.7539  HBOND      =        0.0000
 1-4 VDW =     1113.2232  1-4 EEL =    11635.0534  RESTRAINT  =       94.5793
 EAMBER  =  -103890.3176


   NSTEP       ENERGY          RMS            GMAX         NAME    NUMBER
   6800      -1.0380E+05     1.5594E-01     1.9230E+01     CD       2954

 BOND    =     7458.8456  ANGLE   =      432.1617  DIHED      =     3047.1223
 VDWAALS =    17037.0528  EEL     =  -144617.8633  HBOND      =        0.0000
 1-4 VDW =     1113.2096  1-4 EEL =    11635.0517  RESTRAINT  =       94.5844
 EAMBER  =  -103894.4195


   NSTEP       ENERGY          RMS            GMAX         NAME    NUMBER
   6850      -1.0380E+05     5.0638E-02     2.9707E+00     H2       4739

 BOND    =     7459.4432  ANGLE   =      432.1561  DIHED      =     3047.1167
 VDWAALS =    17039.3175  EEL     =  -144625.1616  HBOND      =        0.0000
 1-4 VDW =     1113.2225  1-4 EEL =    11635.0509  RESTRAINT  =       94.5757
 EAMBER  =  -103898.8547


   NSTEP       ENERGY          RMS            GMAX         NAME    NUMBER
   6900      -1.0381E+05     4.0981E-02     1.4464E+00     H2       4739

 BOND    =     7460.1492  ANGLE   =      432.1513  DIHED      =     3047.1083
 VDWAALS =    17041.5448  EEL     =  -144632.1848  HBOND      =        0.0000
 1-4 VDW =     1113.2242  1-4 EEL =    11635.0502  RESTRAINT  =       94.5729
 EAMBER  =  -103902.9568


   NSTEP       ENERGY          RMS            GMAX         NAME    NUMBER
   6950      -1.0381E+05     6.2709E-02     4.4841E+00     H2       4739

 BOND    =     7460.8903  ANGLE   =      432.1459  DIHED      =     3047.0990
 VDWAALS =    17043.7249  EEL     =  -144639.2066  HBOND      =        0.0000
 1-4 VDW =     1113.2250  1-4 EEL =    11635.0486  RESTRAINT  =       94.5698
 EAMBER  =  -103907.0730


   NSTEP       ENERGY          RMS            GMAX         NAME    NUMBER
   7000      -1.0382E+05     1.0556E-01     8.5953E+00     H2       4739

 BOND    =     7461.6933  ANGLE   =      432.1427  DIHED      =     3047.0892
 VDWAALS =    17045.8244  EEL     =  -144646.0712  HBOND      =        0.0000
 1-4 VDW =     1113.2283  1-4 EEL =    11635.0451  RESTRAINT  =       94.5679
 EAMBER  =  -103911.0483


   NSTEP       ENERGY          RMS            GMAX         NAME    NUMBER
   7050      -1.0382E+05     1.6488E-01     1.9034E+01     CD       2954

 BOND    =     7462.5304  ANGLE   =      432.1278  DIHED      =     3047.0733
 VDWAALS =    17047.7972  EEL     =  -144652.7091  HBOND      =        0.0000
 1-4 VDW =     1113.2152  1-4 EEL =    11635.0394  RESTRAINT  =       94.5722
 EAMBER  =  -103914.9258


   NSTEP       ENERGY          RMS            GMAX         NAME    NUMBER
   7100      -1.0382E+05     9.2012E-02     7.1297E+00     H2       4739

 BOND    =     7463.0972  ANGLE   =      432.1228  DIHED      =     3047.0678
 VDWAALS =    17049.6387  EEL     =  -144659.2265  HBOND      =        0.0000
 1-4 VDW =     1113.2258  1-4 EEL =    11635.0402  RESTRAINT  =       94.5618
 EAMBER  =  -103919.0339


   NSTEP       ENERGY          RMS            GMAX         NAME    NUMBER
   7150      -1.0383E+05     1.3123E-01     1.0885E+01     H2       4739

 BOND    =     7463.8810  ANGLE   =      432.1203  DIHED      =     3047.0591
 VDWAALS =    17051.3480  EEL     =  -144665.5487  HBOND      =        0.0000
 1-4 VDW =     1113.2301  1-4 EEL =    11635.0369  RESTRAINT  =       94.5588
 EAMBER  =  -103922.8732


   NSTEP       ENERGY          RMS            GMAX         NAME    NUMBER
   7200      -1.0383E+05     7.3590E-02     5.3839E+00     H2       4739

 BOND    =     7464.3157  ANGLE   =      432.1214  DIHED      =     3047.0500
 VDWAALS =    17052.9234  EEL     =  -144671.7020  HBOND      =        0.0000
 1-4 VDW =     1113.2291  1-4 EEL =    11635.0337  RESTRAINT  =       94.5533
 EAMBER  =  -103927.0288


   NSTEP       ENERGY          RMS            GMAX         NAME    NUMBER
   7250      -1.0384E+05     1.3420E-01     1.6490E+01     CD       2954

 BOND    =     7465.0626  ANGLE   =      432.1390  DIHED      =     3047.0453
 VDWAALS =    17054.3495  EEL     =  -144677.7451  HBOND      =        0.0000
 1-4 VDW =     1113.2424  1-4 EEL =    11635.0297  RESTRAINT  =       94.5573
 EAMBER  =  -103930.8767


   NSTEP       ENERGY          RMS            GMAX         NAME    NUMBER
   7300      -1.0384E+05     4.1324E-02     1.5360E+00     H1      23842

 BOND    =     7465.5381  ANGLE   =      432.1138  DIHED      =     3047.0313
 VDWAALS =    17055.6146  EEL     =  -144683.4393  HBOND      =        0.0000
 1-4 VDW =     1113.2312  1-4 EEL =    11635.0238  RESTRAINT  =       94.5464
 EAMBER  =  -103934.8866


   NSTEP       ENERGY          RMS            GMAX         NAME    NUMBER
   7350      -1.0384E+05     7.3823E-02     5.3538E+00     CD       2954

 BOND    =     7466.2191  ANGLE   =      432.1062  DIHED      =     3047.0206
 VDWAALS =    17056.8187  EEL     =  -144689.4312  HBOND      =        0.0000
 1-4 VDW =     1113.2281  1-4 EEL =    11635.0181  RESTRAINT  =       94.5427
 EAMBER  =  -103939.0203


   NSTEP       ENERGY          RMS            GMAX         NAME    NUMBER
   7400      -1.0385E+05     1.3964E-01     1.1449E+01     H2       4739

 BOND    =     7467.0244  ANGLE   =      432.1018  DIHED      =     3047.0112
 VDWAALS =    17057.8846  EEL     =  -144695.2565  HBOND      =        0.0000
 1-4 VDW =     1113.2284  1-4 EEL =    11635.0115  RESTRAINT  =       94.5389
 EAMBER  =  -103942.9947


   NSTEP       ENERGY          RMS            GMAX         NAME    NUMBER
   7450      -1.0385E+05     7.8491E-02     5.8410E+00     H2       4739

 BOND    =     7467.4152  ANGLE   =      432.1123  DIHED      =     3047.0056
 VDWAALS =    17058.8465  EEL     =  -144701.1428  HBOND      =        0.0000
 1-4 VDW =     1113.2339  1-4 EEL =    11635.0066  RESTRAINT  =       94.5325
 EAMBER  =  -103947.5228


   NSTEP       ENERGY          RMS            GMAX         NAME    NUMBER
   7500      -1.0386E+05     1.1824E-01     9.2794E+00     H2       4739

 BOND    =     7468.1086  ANGLE   =      432.1168  DIHED      =     3046.9984
 VDWAALS =    17059.7701  EEL     =  -144707.1707  HBOND      =        0.0000
 1-4 VDW =     1113.2375  1-4 EEL =    11635.0001  RESTRAINT  =       94.5285
 EAMBER  =  -103951.9393


   NSTEP       ENERGY          RMS            GMAX         NAME    NUMBER
   7550      -1.0386E+05     4.3216E-02     2.0415E+00     H1       5566

 BOND    =     7468.6200  ANGLE   =      432.1064  DIHED      =     3046.9879
 VDWAALS =    17060.6616  EEL     =  -144713.1923  HBOND      =        0.0000
 1-4 VDW =     1113.2331  1-4 EEL =    11634.9916  RESTRAINT  =       94.5233
 EAMBER  =  -103956.5918


   NSTEP       ENERGY          RMS            GMAX         NAME    NUMBER
   7600      -1.0387E+05     1.0301E-01     8.1495E+00     H2       4739

 BOND    =     7469.3970  ANGLE   =      432.1052  DIHED      =     3046.9794
 VDWAALS =    17061.5949  EEL     =  -144719.5146  HBOND      =        0.0000
 1-4 VDW =     1113.2340  1-4 EEL =    11634.9824  RESTRAINT  =       94.5188
 EAMBER  =  -103961.2217


   NSTEP       ENERGY          RMS            GMAX         NAME    NUMBER
   7650      -1.0387E+05     4.4981E-02     2.4048E+00     H1       5566

 BOND    =     7469.9183  ANGLE   =      432.1108  DIHED      =     3046.9720
 VDWAALS =    17062.5759  EEL     =  -144725.9754  HBOND      =        0.0000
 1-4 VDW =     1113.2345  1-4 EEL =    11634.9744  RESTRAINT  =       94.5127
 EAMBER  =  -103966.1896


   NSTEP       ENERGY          RMS            GMAX         NAME    NUMBER
   7700      -1.0388E+05     8.5133E-02     6.1823E+00     H2       4739

 BOND    =     7470.6321  ANGLE   =      432.1175  DIHED      =     3046.9649
 VDWAALS =    17063.6398  EEL     =  -144732.4130  HBOND      =        0.0000
 1-4 VDW =     1113.2359  1-4 EEL =    11634.9655  RESTRAINT  =       94.5071
 EAMBER  =  -103970.8573


   NSTEP       ENERGY          RMS            GMAX         NAME    NUMBER
   7750      -1.0388E+05     1.4145E-01     1.0519E+01     CD       2954

 BOND    =     7471.4330  ANGLE   =      432.1161  DIHED      =     3046.9556
 VDWAALS =    17064.8507  EEL     =  -144739.0235  HBOND      =        0.0000
 1-4 VDW =     1113.2261  1-4 EEL =    11634.9544  RESTRAINT  =       94.5030
 EAMBER  =  -103975.4878


   NSTEP       ENERGY          RMS            GMAX         NAME    NUMBER
   7800      -1.0389E+05     4.3773E-02     2.1452E+00     H1       5566

 BOND    =     7471.9685  ANGLE   =      432.1200  DIHED      =     3046.9473
 VDWAALS =    17066.1702  EEL     =  -144745.6969  HBOND      =        0.0000
 1-4 VDW =     1113.2351  1-4 EEL =    11634.9457  RESTRAINT  =       94.4948
 EAMBER  =  -103980.3100


   NSTEP       ENERGY          RMS            GMAX         NAME    NUMBER
   7850      -1.0389E+05     8.1026E-02     6.7341E+00     CD       2954

 BOND    =     7472.6931  ANGLE   =      432.1165  DIHED      =     3046.9360
 VDWAALS =    17067.6009  EEL     =  -144752.2952  HBOND      =        0.0000
 1-4 VDW =     1113.2296  1-4 EEL =    11634.9347  RESTRAINT  =       94.4890
 EAMBER  =  -103984.7844


   NSTEP       ENERGY          RMS            GMAX         NAME    NUMBER
   7900      -1.0389E+05     1.5417E-01     1.2568E+01     H2       4739

 BOND    =     7473.5548  ANGLE   =      432.1257  DIHED      =     3046.9282
 VDWAALS =    17069.0630  EEL     =  -144758.7032  HBOND      =        0.0000
 1-4 VDW =     1113.2349  1-4 EEL =    11634.9243  RESTRAINT  =       94.4824
 EAMBER  =  -103988.8724


   NSTEP       ENERGY          RMS            GMAX         NAME    NUMBER
   7950      -1.0390E+05     7.2943E-02     4.9574E+00     H2       4739

 BOND    =     7473.8310  ANGLE   =      432.1353  DIHED      =     3046.9183
 VDWAALS =    17070.5328  EEL     =  -144764.9597  HBOND      =        0.0000
 1-4 VDW =     1113.2321  1-4 EEL =    11634.9143  RESTRAINT  =       94.4730
 EAMBER  =  -103993.3959


   NSTEP       ENERGY          RMS            GMAX         NAME    NUMBER
   8000      -1.0390E+05     4.1814E-02     2.0701E+00     H2       9962

 BOND    =     7474.3665  ANGLE   =      432.1419  DIHED      =     3046.9089
 VDWAALS =    17071.9723  EEL     =  -144771.0482  HBOND      =        0.0000
 1-4 VDW =     1113.2335  1-4 EEL =    11634.9038  RESTRAINT  =       94.4665
 EAMBER  =  -103997.5213


   NSTEP       ENERGY          RMS            GMAX         NAME    NUMBER
   8050      -1.0391E+05     7.4711E-02     5.2474E+00     H2       4739

 BOND    =     7474.9674  ANGLE   =      432.1462  DIHED      =     3046.8973
 VDWAALS =    17073.4831  EEL     =  -144777.2804  HBOND      =        0.0000
 1-4 VDW =     1113.2321  1-4 EEL =    11634.8925  RESTRAINT  =       94.4588
 EAMBER  =  -104001.6617


   NSTEP       ENERGY          RMS            GMAX         NAME    NUMBER
   8100      -1.0391E+05     1.1474E-01     8.3280E+00     H2       4739

 BOND    =     7475.5788  ANGLE   =      432.1605  DIHED      =     3046.8883
 VDWAALS =    17075.0158  EEL     =  -144783.2960  HBOND      =        0.0000
 1-4 VDW =     1113.2383  1-4 EEL =    11634.8823  RESTRAINT  =       94.4542
 EAMBER  =  -104005.5320


   NSTEP       ENERGY          RMS            GMAX         NAME    NUMBER
   8150      -1.0392E+05     4.1245E-02     1.5280E+00     H2       9962

 BOND    =     7475.8931  ANGLE   =      432.1645  DIHED      =     3046.8755
 VDWAALS =    17076.5751  EEL     =  -144789.1603  HBOND      =        0.0000
 1-4 VDW =     1113.2322  1-4 EEL =    11634.8736  RESTRAINT  =       94.4438
 EAMBER  =  -104009.5463


   NSTEP       ENERGY          RMS            GMAX         NAME    NUMBER
   8200      -1.0392E+05     9.8909E-02     7.0547E+00     CD       2954

 BOND    =     7476.4689  ANGLE   =      432.1799  DIHED      =     3046.8658
 VDWAALS =    17078.1915  EEL     =  -144795.1719  HBOND      =        0.0000
 1-4 VDW =     1113.2372  1-4 EEL =    11634.8658  RESTRAINT  =       94.4374
 EAMBER  =  -104013.3628


   NSTEP       ENERGY          RMS            GMAX         NAME    NUMBER
   8250      -1.0392E+05     1.5213E-01     1.9023E+01     CD       2954

 BOND    =     7477.0778  ANGLE   =      432.1712  DIHED      =     3046.8474
 VDWAALS =    17079.7691  EEL     =  -144800.9931  HBOND      =        0.0000
 1-4 VDW =     1113.2192  1-4 EEL =    11634.8553  RESTRAINT  =       94.4366
 EAMBER  =  -104017.0531


   NSTEP       ENERGY          RMS            GMAX         NAME    NUMBER
   8300      -1.0393E+05     5.0638E-02     2.7217E+00     H2       4739

 BOND    =     7477.4303  ANGLE   =      432.1766  DIHED      =     3046.8378
 VDWAALS =    17081.3444  EEL     =  -144806.9263  HBOND      =        0.0000
 1-4 VDW =     1113.2295  1-4 EEL =    11634.8471  RESTRAINT  =       94.4239
 EAMBER  =  -104021.0606


   NSTEP       ENERGY          RMS            GMAX         NAME    NUMBER
   8350      -1.0393E+05     1.2882E-01     1.5927E+01     CD       2954

 BOND    =     7478.1188  ANGLE   =      432.1964  DIHED      =     3046.8284
 VDWAALS =    17082.9977  EEL     =  -144813.0629  HBOND      =        0.0000
 1-4 VDW =     1113.2415  1-4 EEL =    11634.8404  RESTRAINT  =       94.4259
 EAMBER  =  -104024.8397


   NSTEP       ENERGY          RMS            GMAX         NAME    NUMBER
   8400      -1.0393E+05     6.3338E-02     4.1174E+00     H2       4739

 BOND    =     7478.4546  ANGLE   =      432.1836  DIHED      =     3046.8126
 VDWAALS =    17084.6412  EEL     =  -144818.9561  HBOND      =        0.0000
 1-4 VDW =     1113.2322  1-4 EEL =    11634.8321  RESTRAINT  =       94.4127
 EAMBER  =  -104028.7997


   NSTEP       ENERGY          RMS            GMAX         NAME    NUMBER
   8450      -1.0394E+05     1.0174E-01     7.8046E+00     H2       4739

 BOND    =     7479.0321  ANGLE   =      432.1781  DIHED      =     3046.7984
 VDWAALS =    17086.3042  EEL     =  -144824.9642  HBOND      =        0.0000
 1-4 VDW =     1113.2294  1-4 EEL =    11634.8233  RESTRAINT  =       94.4082
 EAMBER  =  -104032.5986


   NSTEP       ENERGY          RMS            GMAX         NAME    NUMBER
   8500      -1.0394E+05     1.4949E-01     1.1346E+01     H2       4739

 BOND    =     7479.7020  ANGLE   =      432.1814  DIHED      =     3046.7859
 VDWAALS =    17088.0701  EEL     =  -144831.2616  HBOND      =        0.0000
 1-4 VDW =     1113.2353  1-4 EEL =    11634.8139  RESTRAINT  =       94.4068
 EAMBER  =  -104036.4729


   NSTEP       ENERGY          RMS            GMAX         NAME    NUMBER
   8550      -1.0395E+05     7.1983E-02     4.7593E+00     H2       4739

 BOND    =     7480.0935  ANGLE   =      432.1629  DIHED      =     3046.7673
 VDWAALS =    17089.8328  EEL     =  -144837.5937  HBOND      =        0.0000
 1-4 VDW =     1113.2316  1-4 EEL =    11634.8011  RESTRAINT  =       94.4052
 EAMBER  =  -104040.7044


   NSTEP       ENERGY          RMS            GMAX         NAME    NUMBER
   8600      -1.0395E+05     1.4556E-01     2.2814E+01     CD       2954

 BOND    =     7480.7601  ANGLE   =      432.1800  DIHED      =     3046.7556
 VDWAALS =    17091.4961  EEL     =  -144843.6819  HBOND      =        0.0000
 1-4 VDW =     1113.2458  1-4 EEL =    11634.7893  RESTRAINT  =       94.4186
 EAMBER  =  -104044.4551


   NSTEP       ENERGY          RMS            GMAX         NAME    NUMBER
   8650      -1.0395E+05     6.7499E-02     4.4080E+00     H2       4739

 BOND    =     7481.0977  ANGLE   =      432.1411  DIHED      =     3046.7329
 VDWAALS =    17093.1293  EEL     =  -144849.7273  HBOND      =        0.0000
 1-4 VDW =     1113.2286  1-4 EEL =    11634.7691  RESTRAINT  =       94.4049
 EAMBER  =  -104048.6286


   NSTEP       ENERGY          RMS            GMAX         NAME    NUMBER
   8700      -1.0396E+05     1.0721E-01     7.9836E+00     H2       4739

 BOND    =     7481.6682  ANGLE   =      432.1311  DIHED      =     3046.7129
 VDWAALS =    17094.6969  EEL     =  -144855.7127  HBOND      =        0.0000
 1-4 VDW =     1113.2311  1-4 EEL =    11634.7493  RESTRAINT  =       94.4065
 EAMBER  =  -104052.5231


   NSTEP       ENERGY          RMS            GMAX         NAME    NUMBER
   8750      -1.0396E+05     4.9607E-02     2.5597E+00     H2       4739

 BOND    =     7482.0939  ANGLE   =      432.1094  DIHED      =     3046.6916
 VDWAALS =    17096.2654  EEL     =  -144861.6740  HBOND      =        0.0000
 1-4 VDW =     1113.2307  1-4 EEL =    11634.7228  RESTRAINT  =       94.4111
 EAMBER  =  -104056.5602


   NSTEP       ENERGY          RMS            GMAX         NAME    NUMBER
   8800      -1.0397E+05     9.3636E-02     6.8818E+00     H2       4739

 BOND    =     7482.6596  ANGLE   =      432.0884  DIHED      =     3046.6701
 VDWAALS =    17097.7950  EEL     =  -144867.5696  HBOND      =        0.0000
 1-4 VDW =     1113.2297  1-4 EEL =    11634.6945  RESTRAINT  =       94.4158
 EAMBER  =  -104060.4324


   NSTEP       ENERGY          RMS            GMAX         NAME    NUMBER
   8850      -1.0397E+05     4.2596E-02     1.8089E+00     H2       4229

 BOND    =     7483.0236  ANGLE   =      432.0738  DIHED      =     3046.6528
 VDWAALS =    17099.3004  EEL     =  -144873.3619  HBOND      =        0.0000
 1-4 VDW =     1113.2319  1-4 EEL =    11634.6678  RESTRAINT  =       94.4195
 EAMBER  =  -104064.4116


   NSTEP       ENERGY          RMS            GMAX         NAME    NUMBER
   8900      -1.0397E+05     5.6127E-02     3.1894E+00     CD       2954

 BOND    =     7483.5069  ANGLE   =      432.0531  DIHED      =     3046.6376
 VDWAALS =    17100.8260  EEL     =  -144879.0082  HBOND      =        0.0000
 1-4 VDW =     1113.2312  1-4 EEL =    11634.6427  RESTRAINT  =       94.4228
 EAMBER  =  -104068.1108


   NSTEP       ENERGY          RMS            GMAX         NAME    NUMBER
   8950      -1.0398E+05     3.8126E-02     1.3466E+00     H2       4229

 BOND    =     7483.9702  ANGLE   =      432.0375  DIHED      =     3046.6257
 VDWAALS =    17102.3501  EEL     =  -144884.5191  HBOND      =        0.0000
 1-4 VDW =     1113.2352  1-4 EEL =    11634.6201  RESTRAINT  =       94.4255
 EAMBER  =  -104071.6802


   NSTEP       ENERGY          RMS            GMAX         NAME    NUMBER
   9000      -1.0398E+05     4.0408E-02     1.5133E+00     H2       4739

 BOND    =     7484.4458  ANGLE   =      432.0229  DIHED      =     3046.6160
 VDWAALS =    17103.8701  EEL     =  -144890.0309  HBOND      =        0.0000
 1-4 VDW =     1113.2376  1-4 EEL =    11634.6025  RESTRAINT  =       94.4269
 EAMBER  =  -104075.2361


   NSTEP       ENERGY          RMS            GMAX         NAME    NUMBER
   9050      -1.0398E+05     1.0688E-01     7.9249E+00     H2       4739

 BOND    =     7485.0640  ANGLE   =      432.0032  DIHED      =     3046.6057
 VDWAALS =    17105.4454  EEL     =  -144895.5763  HBOND      =        0.0000
 1-4 VDW =     1113.2362  1-4 EEL =    11634.5865  RESTRAINT  =       94.4278
 EAMBER  =  -104078.6354


   NSTEP       ENERGY          RMS            GMAX         NAME    NUMBER
   9100      -1.0399E+05     4.7416E-02     2.5375E+00     H2       4739

 BOND    =     7485.4108  ANGLE   =      431.9962  DIHED      =     3046.6010
 VDWAALS =    17106.9450  EEL     =  -144900.9311  HBOND      =        0.0000
 1-4 VDW =     1113.2416  1-4 EEL =    11634.5755  RESTRAINT  =       94.4273
 EAMBER  =  -104082.1610


   NSTEP       ENERGY          RMS            GMAX         NAME    NUMBER
   9150      -1.0399E+05     8.6187E-02     6.3315E+00     H2       4739

 BOND    =     7485.9599  ANGLE   =      431.9852  DIHED      =     3046.5948
 VDWAALS =    17108.5108  EEL     =  -144906.3865  HBOND      =        0.0000
 1-4 VDW =     1113.2441  1-4 EEL =    11634.5648  RESTRAINT  =       94.4271
 EAMBER  =  -104085.5270


   NSTEP       ENERGY          RMS            GMAX         NAME    NUMBER
   9200      -1.0399E+05     1.3012E-01     1.3617E+01     CD       2954

 BOND    =     7486.5627  ANGLE   =      431.9903  DIHED      =     3046.5922
 VDWAALS =    17110.1301  EEL     =  -144911.9737  HBOND      =        0.0000
 1-4 VDW =     1113.2561  1-4 EEL =    11634.5555  RESTRAINT  =       94.4334
 EAMBER  =  -104088.8869


   NSTEP       ENERGY          RMS            GMAX         NAME    NUMBER
   9250      -1.0400E+05     6.8975E-02     4.6571E+00     H2       4739

 BOND    =     7486.9680  ANGLE   =      431.9637  DIHED      =     3046.5815
 VDWAALS =    17111.8015  EEL     =  -144917.6608  HBOND      =        0.0000
 1-4 VDW =     1113.2502  1-4 EEL =    11634.5445  RESTRAINT  =       94.4300
 EAMBER  =  -104092.5513


   NSTEP       ENERGY          RMS            GMAX         NAME    NUMBER
   9300      -1.0400E+05     1.1472E-01     1.5562E+01     CD       2954

 BOND    =     7487.5513  ANGLE   =      431.9481  DIHED      =     3046.5705
 VDWAALS =    17113.4630  EEL     =  -144923.1325  HBOND      =        0.0000
 1-4 VDW =     1113.2418  1-4 EEL =    11634.5346  RESTRAINT  =       94.4359
 EAMBER  =  -104095.8232


   NSTEP       ENERGY          RMS            GMAX         NAME    NUMBER
   9350      -1.0400E+05     3.8312E-02     1.5769E+00     H2      10565

 BOND    =     7487.9609  ANGLE   =      431.9496  DIHED      =     3046.5688
 VDWAALS =    17115.0981  EEL     =  -144928.6721  HBOND      =        0.0000
 1-4 VDW =     1113.2551  1-4 EEL =    11634.5271  RESTRAINT  =       94.4330
 EAMBER  =  -104099.3125


   NSTEP       ENERGY          RMS            GMAX         NAME    NUMBER
   9400      -1.0401E+05     8.5481E-02     6.1411E+00     H2       4739

 BOND    =     7488.5734  ANGLE   =      431.9452  DIHED      =     3046.5618
 VDWAALS =    17116.7704  EEL     =  -144934.2706  HBOND      =        0.0000
 1-4 VDW =     1113.2584  1-4 EEL =    11634.5186  RESTRAINT  =       94.4347
 EAMBER  =  -104102.6427


   NSTEP       ENERGY          RMS            GMAX         NAME    NUMBER
   9450      -1.0401E+05     1.4059E-01     1.6895E+01     CD       2954

 BOND    =     7489.2725  ANGLE   =      431.9469  DIHED      =     3046.5607
 VDWAALS =    17118.4248  EEL     =  -144939.9316  HBOND      =        0.0000
 1-4 VDW =     1113.2698  1-4 EEL =    11634.5064  RESTRAINT  =       94.4507
 EAMBER  =  -104105.9506


   NSTEP       ENERGY          RMS            GMAX         NAME    NUMBER
   9500      -1.0401E+05     5.9533E-02     3.6434E+00     H2       4739

 BOND    =     7489.6471  ANGLE   =      431.9312  DIHED      =     3046.5474
 VDWAALS =    17119.9772  EEL     =  -144945.2947  HBOND      =        0.0000
 1-4 VDW =     1113.2645  1-4 EEL =    11634.5041  RESTRAINT  =       94.4395
 EAMBER  =  -104109.4232


   NSTEP       ENERGY          RMS            GMAX         NAME    NUMBER
   9550      -1.0402E+05     3.5520E-02     9.0820E-01     O       25353

 BOND    =     7490.1263  ANGLE   =      431.9268  DIHED      =     3046.5393
 VDWAALS =    17121.3826  EEL     =  -144950.3367  HBOND      =        0.0000
 1-4 VDW =     1113.2653  1-4 EEL =    11634.4988  RESTRAINT  =       94.4403
 EAMBER  =  -104112.5976


   NSTEP       ENERGY          RMS            GMAX         NAME    NUMBER
   9600      -1.0402E+05     3.6380E-02     1.0531E+00     CD       2954

 BOND    =     7490.6461  ANGLE   =      431.9230  DIHED      =     3046.5307
 VDWAALS =    17122.7493  EEL     =  -144955.4254  HBOND      =        0.0000
 1-4 VDW =     1113.2678  1-4 EEL =    11634.4943  RESTRAINT  =       94.4415
 EAMBER  =  -104115.8142


   NSTEP       ENERGY          RMS            GMAX         NAME    NUMBER
   9650      -1.0402E+05     1.0321E-01     9.3201E+00     CD       2954

 BOND    =     7491.2732  ANGLE   =      431.9273  DIHED      =     3046.5234
 VDWAALS =    17124.1011  EEL     =  -144960.6404  HBOND      =        0.0000
 1-4 VDW =     1113.2748  1-4 EEL =    11634.4906  RESTRAINT  =       94.4450
 EAMBER  =  -104119.0500


   NSTEP       ENERGY          RMS            GMAX         NAME    NUMBER
   9700      -1.0403E+05     3.5234E-02     1.0871E+00     H2      11591

 BOND    =     7491.6655  ANGLE   =      431.9137  DIHED      =     3046.5108
 VDWAALS =    17125.3407  EEL     =  -144965.4041  HBOND      =        0.0000
 1-4 VDW =     1113.2701  1-4 EEL =    11634.4870  RESTRAINT  =       94.4426
 EAMBER  =  -104122.2162


   NSTEP       ENERGY          RMS            GMAX         NAME    NUMBER
   9750      -1.0403E+05     6.7480E-02     4.3004E+00     H2       4739

 BOND    =     7492.2074  ANGLE   =      431.9093  DIHED      =     3046.4997
 VDWAALS =    17126.5819  EEL     =  -144970.2272  HBOND      =        0.0000
 1-4 VDW =     1113.2713  1-4 EEL =    11634.4844  RESTRAINT  =       94.4429
 EAMBER  =  -104125.2732


   NSTEP       ENERGY          RMS            GMAX         NAME    NUMBER
   9800      -1.0403E+05     3.5930E-02     1.1189E+00     H2      11591

 BOND    =     7492.6483  ANGLE   =      431.9062  DIHED      =     3046.4886
 VDWAALS =    17127.8247  EEL     =  -144974.9783  HBOND      =        0.0000
 1-4 VDW =     1113.2707  1-4 EEL =    11634.4831  RESTRAINT  =       94.4421
 EAMBER  =  -104128.3568


   NSTEP       ENERGY          RMS            GMAX         NAME    NUMBER
   9850      -1.0404E+05     4.9957E-02     3.2938E+00     CD       2954

 BOND    =     7493.1389  ANGLE   =      431.9010  DIHED      =     3046.4766
 VDWAALS =    17129.0647  EEL     =  -144979.6198  HBOND      =        0.0000
 1-4 VDW =     1113.2682  1-4 EEL =    11634.4816  RESTRAINT  =       94.4415
 EAMBER  =  -104131.2888


   NSTEP       ENERGY          RMS            GMAX         NAME    NUMBER
   9900      -1.0404E+05     9.7018E-02     6.8756E+00     H2       4739

 BOND    =     7493.6961  ANGLE   =      431.9000  DIHED      =     3046.4652
 VDWAALS =    17130.3570  EEL     =  -144984.2392  HBOND      =        0.0000
 1-4 VDW =     1113.2696  1-4 EEL =    11634.4804  RESTRAINT  =       94.4410
 EAMBER  =  -104134.0711


   NSTEP       ENERGY          RMS            GMAX         NAME    NUMBER
   9950      -1.0404E+05     3.4274E-02     1.0570E+00     H2       4739

 BOND    =     7494.0795  ANGLE   =      431.8957  DIHED      =     3046.4525
 VDWAALS =    17131.6586  EEL     =  -144988.7305  HBOND      =        0.0000
 1-4 VDW =     1113.2696  1-4 EEL =    11634.4795  RESTRAINT  =       94.4414
 EAMBER  =  -104136.8952


   NSTEP       ENERGY          RMS            GMAX         NAME    NUMBER
  10000      -1.0405E+05     8.6724E-02     5.8104E+00     CD       2954

 BOND    =     7494.6312  ANGLE   =      431.8878  DIHED      =     3046.4386
 VDWAALS =    17133.0070  EEL     =  -144993.3559  HBOND      =        0.0000
 1-4 VDW =     1113.2656  1-4 EEL =    11634.4783  RESTRAINT  =       94.4414
 EAMBER  =  -104139.6474


  Maximum number of minimization cycles reached.


                    FINAL RESULTS



   NSTEP       ENERGY          RMS            GMAX         NAME    NUMBER
  10000      -1.0405E+05     8.6724E-02     5.8104E+00     CD       2954

 BOND    =     7494.6312  ANGLE   =      431.8878  DIHED      =     3046.4386
 VDWAALS =    17133.0070  EEL     =  -144993.3559  HBOND      =        0.0000
 1-4 VDW =     1113.2656  1-4 EEL =    11634.4783  RESTRAINT  =       94.4414
 EAMBER  =  -104139.6474
--------------------------------------------------------------------------------
   5.  TIMINGS
--------------------------------------------------------------------------------

|  NonSetup CPU Time in Major Routines:
|
|     Routine           Sec        %
|     ------------------------------
|     Nonbond          19.27   62.38
|     Bond              0.00    0.00
|     Angle             0.00    0.00
|     Dihedral          0.00    0.00
|     Shake             0.00    0.00
|     Other            11.62   37.62
|     ------------------------------
|     Total            30.89

|  PME Nonbond Pairlist CPU Time:
|
|     Routine              Sec        %
|     ---------------------------------
|     Set Up Cit           0.00    0.00
|     Build List           0.00    0.00
|     ---------------------------------
|     Total                0.00    0.00

|  PME Direct Force CPU Time:
|
|     Routine              Sec        %
|     ---------------------------------
|     NonBonded Calc       0.00    0.00
|     Exclude Masked       0.00    0.00
|     Other                0.02    0.07
|     ---------------------------------
|     Total                0.02    0.07

|  PME Reciprocal Force CPU Time:
|
|     Routine              Sec        %
|     ---------------------------------
|     1D bspline           0.00    0.00
|     Grid Charges         0.00    0.00
|     Scalar Sum           0.00    0.00
|     Gradient Sum         0.00    0.00
|     FFT                  0.00    0.00
|     ---------------------------------
|     Total                0.00    0.00

|  Setup CPU time:            0.68 seconds
|  NonSetup CPU time:        30.89 seconds
|  Total CPU time:           31.57 seconds     0.01 hours

|  Setup wall time:           1    seconds
|  NonSetup wall time:       31    seconds
|  Total wall time:          32    seconds     0.01 hours
