
          -------------------------------------------------------
          Amber 18 PMEMD                              2018
          -------------------------------------------------------

| PMEMD implementation of SANDER, Release 18

| Run on 02/01/2019 at 20:44:41

|   Executable path: /opt/software/Amber/18-foss-2018a/bin/pmemd.cuda
| Working directory: /mnt/home/songlin3/top_CdNi/Ni/keepCD2000/all_optimized/freemd
|          Hostname: lac-080

  [-O]verwriting output

File Assignments:
|   MDIN: min5.in                                                               
|  MDOUT: min5.out                                                              
| INPCRD: min4.rst                                                              
|   PARM: glx_1264.prmtop                                                       
| RESTRT: min5.rst                                                              
|   REFC: min4.rst                                                              
|  MDVEL: mdvel                                                                 
|   MDEN: mden                                                                  
|  MDCRD: min5.netcdf                                                           
| MDINFO: min5.mdinfo                                                           
|  MDFRC: mdfrc                                                                 


 Here is the input file:

minimize structure the whole structure                                         
 &cntrl                                                                        
  imin=1,maxcyc=10000, ncyc=20000,                                             
  ntb=1, cut=10, ntwx=2000, ioutfm=1, iwrap=1,                                 
 /                                                                             
 &ewald                                                                        
 /                                                                             


Note: ig = -1. Setting random seed to   806709 based on wallclock time in 
      microseconds.
| irandom = 1, using AMBER's internal random number generator (default).
 
|--------------------- INFORMATION ----------------------
| GPU (CUDA) Version of PMEMD in use: NVIDIA GPU IN USE.
|                    Version 18.0.0
| 
|                      03/25/2018
| 
| Implementation by:
|                    Ross C. Walker     (SDSC)
|                    Scott Le Grand     (nVIDIA)
| 
| Version 18 performance extensions by:
|                    David Cerutti     (Rutgers)
| 
| Precision model in use:
|      [SPFP] - Single Precision Forces, 64-bit Fixed Point
|               Accumulation. (Default)
| 
|--------------------------------------------------------
 
|----------------- CITATION INFORMATION -----------------
|
|    When publishing work that utilized the CUDA version
|    of AMBER, please cite the following in addition to
|    the regular AMBER citations:
|
|  - Romelia Salomon-Ferrer; Andreas W. Goetz; Duncan
|    Poole; Scott Le Grand; Ross C. Walker "Routine
|    microsecond molecular dynamics simulations with
|    AMBER - Part II: Particle Mesh Ewald", J. Chem.
|    Theory Comput., 2013, 9 (9), pp3878-3888,
|    DOI: 10.1021/ct400314y.
|
|  - Andreas W. Goetz; Mark J. Williamson; Dong Xu;
|    Duncan Poole; Scott Le Grand; Ross C. Walker
|    "Routine microsecond molecular dynamics simulations
|    with AMBER - Part I: Generalized Born", J. Chem.
|    Theory Comput., 2012, 8 (5), pp1542-1555.
|
|  - Scott Le Grand; Andreas W. Goetz; Ross C. Walker
|    "SPFP: Speed without compromise - a mixed precision
|    model for GPU accelerated molecular dynamics
|    simulations.", Comp. Phys. Comm., 2013, 184
|    pp374-380, DOI: 10.1016/j.cpc.2012.09.022
|
|--------------------------------------------------------
 
|------------------- GPU DEVICE INFO --------------------
|
|            CUDA_VISIBLE_DEVICES: 0
|   CUDA Capable Devices Detected:      1
|           CUDA Device ID in use:      0
|                CUDA Device Name: Tesla K80
|     CUDA Device Global Mem Size:  12206 MB
| CUDA Device Num Multiprocessors:     13
|           CUDA Device Core Freq:   0.82 GHz
|
|--------------------------------------------------------
 
 
| Conditional Compilation Defines Used:
| PUBFFT
| BINTRAJ
| CUDA
| EMIL

| Largest sphere to fit in unit cell has radius =    30.123

| New format PARM file being parsed.
| Version =    1.000 Date = 02/01/19 Time = 20:32:18

| Note: 1-4 EEL scale factors are being read from the topology file.

| Note: 1-4 VDW scale factors are being read from the topology file.
| Duplicated    0 dihedrals

| Duplicated    0 dihedrals

--------------------------------------------------------------------------------
   1.  RESOURCE   USE: 
--------------------------------------------------------------------------------

 getting box info from netcdf restart file
 NATOM  =   26702 NTYPES =      18 NBONH =   24583 MBONA  =    2144
 NTHETH =    4730 MTHETA =    2896 NPHIH =    9622 MPHIA  =    9100
 NHPARM =       0 NPARM  =       0 NNB   =   53049 NRES   =    7786
 NBONA  =    2144 NTHETA =    2896 NPHIA =    9100 NUMBND =      67
 NUMANG =     150 NPTRA  =     196 NATYP =      38 NPHB   =       1
 IFBOX  =       2 NMXRS  =      24 IFCAP =       0 NEXTRA =       0
 NCOPY  =       0

| Coordinate Index Table dimensions:    11   11   11
| Direct force subcell size =     6.7078    6.7078    6.7078

     BOX TYPE: TRUNCATED OCTAHEDRON

--------------------------------------------------------------------------------
   2.  CONTROL  DATA  FOR  THE  RUN
--------------------------------------------------------------------------------

default_name                                                                    

General flags:
     imin    =       1, nmropt  =       0

Nature and format of input:
     ntx     =       1, irest   =       0, ntrx    =       1

Nature and format of output:
     ntxo    =       2, ntpr    =      50, ntrx    =       1, ntwr    =       1
     iwrap   =       1, ntwx    =    2000, ntwv    =       0, ntwe    =       0
     ioutfm  =       1, ntwprt  =       0, idecomp =       0, rbornstat=      0

Potential function:
     ntf     =       1, ntb     =       1, igb     =       0, nsnb    =      25
     ipol    =       0, gbsa    =       0, iesp    =       0
     dielc   =   1.00000, cut     =  10.00000, intdiel =   1.00000
     lj1264  =       1

Frozen or restrained atoms:
     ibelly  =       0, ntr     =       0

Energy minimization:
     maxcyc  =   10000, ncyc    =   20000, ntmin   =       1
     dx0     =   0.01000, drms    =   0.00010

| Intermolecular bonds treatment:
|     no_intermolecular_bonds =       1

| Energy averages sample interval:
|     ene_avg_sampling =       1

Ewald parameters:
     verbose =       0, ew_type =       0, nbflag  =       1, use_pme =       1
     vdwmeth =       1, eedmeth =       1, netfrc  =       0
     Box X =   73.786   Box Y =   73.786   Box Z =   73.786
     Alpha =  109.471   Beta  =  109.471   Gamma =  109.471
     NFFT1 =   80       NFFT2 =   80       NFFT3 =   80
     Cutoff=   10.000   Tol   =0.100E-04
     Ewald Coefficient =  0.27511
     Interpolation order =    4

--------------------------------------------------------------------------------
   3.  ATOMIC COORDINATES AND VELOCITIES
--------------------------------------------------------------------------------

default_name                                                                    
 begin time read from input coords =     0.000 ps

 
 Number of triangulated 3-point waters found:     7501

     Sum of charges from parm topology file =  -0.00000010
     Forcing neutrality...

| Dynamic Memory, Types Used:
| Reals              733409
| Integers          1168754

| Nonbonded Pairs Initial Allocation:     8076687

| GPU memory information (estimate):
| KB of GPU memory in use:         0
| KB of CPU memory in use:         0

--------------------------------------------------------------------------------
   4.  RESULTS
--------------------------------------------------------------------------------



   NSTEP       ENERGY          RMS            GMAX         NAME    NUMBER
      1      -1.0554E+05     4.7655E-01     1.3803E+01     O        2100

 BOND    =     7642.5213  ANGLE   =      469.0734  DIHED      =     3017.5025
 VDWAALS =    17372.4630  EEL     =  -146378.8236  HBOND      =        0.0000
 1-4 VDW =      892.2700  1-4 EEL =    11442.3497  RESTRAINT  =        0.0000


   NSTEP       ENERGY          RMS            GMAX         NAME    NUMBER
     50      -1.0563E+05     4.3359E-01     2.4609E+01     C        2680

 BOND    =     7647.6475  ANGLE   =      462.0738  DIHED      =     3007.9341
 VDWAALS =    17362.1336  EEL     =  -146347.8570  HBOND      =        0.0000
 1-4 VDW =      870.7844  1-4 EEL =    11368.8559  RESTRAINT  =        0.0000


   NSTEP       ENERGY          RMS            GMAX         NAME    NUMBER
    100      -1.0566E+05     2.7706E-01     2.4951E+01     C        2680

 BOND    =     7651.4807  ANGLE   =      462.9964  DIHED      =     3005.0347
 VDWAALS =    17361.6766  EEL     =  -146345.2820  HBOND      =        0.0000
 1-4 VDW =      863.4406  1-4 EEL =    11343.2360  RESTRAINT  =        0.0000


   NSTEP       ENERGY          RMS            GMAX         NAME    NUMBER
    150      -1.0568E+05     7.6288E-02     3.5407E+00     C        2680

 BOND    =     7652.9449  ANGLE   =      463.7728  DIHED      =     3002.8064
 VDWAALS =    17362.2296  EEL     =  -146345.9070  HBOND      =        0.0000
 1-4 VDW =      859.1866  1-4 EEL =    11328.4437  RESTRAINT  =        0.0000


   NSTEP       ENERGY          RMS            GMAX         NAME    NUMBER
    200      -1.0569E+05     2.1658E-01     2.7403E+01     C        2680

 BOND    =     7655.4369  ANGLE   =      464.7034  DIHED      =     3000.8675
 VDWAALS =    17363.1491  EEL     =  -146348.5976  HBOND      =        0.0000
 1-4 VDW =      856.1437  1-4 EEL =    11317.6940  RESTRAINT  =        0.0000


   NSTEP       ENERGY          RMS            GMAX         NAME    NUMBER
    250      -1.0570E+05     1.2056E-01     1.2622E+01     C        2680

 BOND    =     7656.9489  ANGLE   =      465.3764  DIHED      =     2999.2720
 VDWAALS =    17364.2654  EEL     =  -146352.1391  HBOND      =        0.0000
 1-4 VDW =      853.8114  1-4 EEL =    11309.4818  RESTRAINT  =        0.0000


   NSTEP       ENERGY          RMS            GMAX         NAME    NUMBER
    300      -1.0571E+05     1.7589E-01     9.6144E+00     CE1      3292

 BOND    =     7658.6490  ANGLE   =      465.9679  DIHED      =     2997.8986
 VDWAALS =    17365.3753  EEL     =  -146355.9205  HBOND      =        0.0000
 1-4 VDW =      851.9417  1-4 EEL =    11302.6989  RESTRAINT  =        0.0000


   NSTEP       ENERGY          RMS            GMAX         NAME    NUMBER
    350      -1.0572E+05     5.6457E-02     2.2604E+00     O        2074

 BOND    =     7659.7031  ANGLE   =      466.5552  DIHED      =     2996.8295
 VDWAALS =    17366.5837  EEL     =  -146360.1397  HBOND      =        0.0000
 1-4 VDW =      850.4348  1-4 EEL =    11297.3230  RESTRAINT  =        0.0000


   NSTEP       ENERGY          RMS            GMAX         NAME    NUMBER
    400      -1.0573E+05     1.4956E-01     8.0412E+00     CE1      3292

 BOND    =     7661.1358  ANGLE   =      467.1412  DIHED      =     2995.9273
 VDWAALS =    17367.8284  EEL     =  -146364.5155  HBOND      =        0.0000
 1-4 VDW =      849.1338  1-4 EEL =    11292.6637  RESTRAINT  =        0.0000


   NSTEP       ENERGY          RMS            GMAX         NAME    NUMBER
    450      -1.0574E+05     5.2349E-02     1.8630E+00     O        2074

 BOND    =     7662.0034  ANGLE   =      467.4210  DIHED      =     2995.1765
 VDWAALS =    17369.0382  EEL     =  -146368.6397  HBOND      =        0.0000
 1-4 VDW =      848.0453  1-4 EEL =    11288.6870  RESTRAINT  =        0.0000


   NSTEP       ENERGY          RMS            GMAX         NAME    NUMBER
    500      -1.0574E+05     1.2894E-01     6.9078E+00     CE1      3292

 BOND    =     7663.1377  ANGLE   =      467.7896  DIHED      =     2994.5147
 VDWAALS =    17370.3773  EEL     =  -146372.9637  HBOND      =        0.0000
 1-4 VDW =      847.0637  1-4 EEL =    11285.1222  RESTRAINT  =        0.0000


   NSTEP       ENERGY          RMS            GMAX         NAME    NUMBER
    550      -1.0575E+05     1.9689E-01     1.8768E+01     CD        860

 BOND    =     7664.2523  ANGLE   =      468.1640  DIHED      =     2993.9331
 VDWAALS =    17371.8542  EEL     =  -146377.3901  HBOND      =        0.0000
 1-4 VDW =      846.2011  1-4 EEL =    11281.9860  RESTRAINT  =        0.0000


   NSTEP       ENERGY          RMS            GMAX         NAME    NUMBER
    600      -1.0576E+05     8.1991E-02     5.7787E+00     CD        860

 BOND    =     7665.1313  ANGLE   =      468.5022  DIHED      =     2993.4150
 VDWAALS =    17373.6213  EEL     =  -146382.4721  HBOND      =        0.0000
 1-4 VDW =      845.4156  1-4 EEL =    11279.1636  RESTRAINT  =        0.0000


   NSTEP       ENERGY          RMS            GMAX         NAME    NUMBER
    650      -1.0576E+05     1.6695E-01     1.1653E+01     CD        860

 BOND    =     7666.3430  ANGLE   =      468.8584  DIHED      =     2992.9276
 VDWAALS =    17375.4214  EEL     =  -146387.0959  HBOND      =        0.0000
 1-4 VDW =      844.7123  1-4 EEL =    11276.5835  RESTRAINT  =        0.0000


   NSTEP       ENERGY          RMS            GMAX         NAME    NUMBER
    700      -1.0577E+05     9.6246E-02     5.2905E+00     CE1      3292

 BOND    =     7666.8393  ANGLE   =      468.9757  DIHED      =     2992.4527
 VDWAALS =    17377.0735  EEL     =  -146390.9755  HBOND      =        0.0000
 1-4 VDW =      844.0772  1-4 EEL =    11274.1650  RESTRAINT  =        0.0000


   NSTEP       ENERGY          RMS            GMAX         NAME    NUMBER
    750      -1.0577E+05     1.5549E-01     2.0954E+01     CD        860

 BOND    =     7667.8872  ANGLE   =      469.1970  DIHED      =     2992.0192
 VDWAALS =    17378.7366  EEL     =  -146395.0648  HBOND      =        0.0000
 1-4 VDW =      843.4881  1-4 EEL =    11271.9634  RESTRAINT  =        0.0000


   NSTEP       ENERGY          RMS            GMAX         NAME    NUMBER
    800      -1.0578E+05     5.6273E-02     2.7497E+00     CD        860

 BOND    =     7668.2868  ANGLE   =      469.4969  DIHED      =     2991.6098
 VDWAALS =    17380.2841  EEL     =  -146398.7046  HBOND      =        0.0000
 1-4 VDW =      842.9368  1-4 EEL =    11269.9336  RESTRAINT  =        0.0000


   NSTEP       ENERGY          RMS            GMAX         NAME    NUMBER
    850      -1.0578E+05     1.1792E-01     6.8112E+00     CE1      3292

 BOND    =     7669.0694  ANGLE   =      469.7818  DIHED      =     2991.2074
 VDWAALS =    17381.7568  EEL     =  -146402.2486  HBOND      =        0.0000
 1-4 VDW =      842.3969  1-4 EEL =    11267.9505  RESTRAINT  =        0.0000


   NSTEP       ENERGY          RMS            GMAX         NAME    NUMBER
    900      -1.0578E+05     6.3435E-02     3.3674E+00     CE1      3292

 BOND    =     7669.5445  ANGLE   =      469.8577  DIHED      =     2990.8283
 VDWAALS =    17383.0461  EEL     =  -146405.3286  HBOND      =        0.0000
 1-4 VDW =      841.8980  1-4 EEL =    11266.1120  RESTRAINT  =        0.0000


   NSTEP       ENERGY          RMS            GMAX         NAME    NUMBER
    950      -1.0579E+05     1.0870E-01     1.2445E+01     CD        860

 BOND    =     7670.1215  ANGLE   =      470.0491  DIHED      =     2990.4814
 VDWAALS =    17384.3338  EEL     =  -146408.3973  HBOND      =        0.0000
 1-4 VDW =      841.4337  1-4 EEL =    11264.4267  RESTRAINT  =        0.0000


   NSTEP       ENERGY          RMS            GMAX         NAME    NUMBER
   1000      -1.0579E+05     3.5902E-02     9.0444E-01     CE1      3292

 BOND    =     7670.6644  ANGLE   =      470.2383  DIHED      =     2990.1671
 VDWAALS =    17385.6282  EEL     =  -146411.5620  HBOND      =        0.0000
 1-4 VDW =      840.9907  1-4 EEL =    11262.8758  RESTRAINT  =        0.0000


   NSTEP       ENERGY          RMS            GMAX         NAME    NUMBER
   1050      -1.0579E+05     9.4559E-02     7.2777E+00     CD        860

 BOND    =     7671.2614  ANGLE   =      470.4653  DIHED      =     2989.8556
 VDWAALS =    17386.9091  EEL     =  -146414.6139  HBOND      =        0.0000
 1-4 VDW =      840.5603  1-4 EEL =    11261.3590  RESTRAINT  =        0.0000


   NSTEP       ENERGY          RMS            GMAX         NAME    NUMBER
   1100      -1.0580E+05     1.3120E-01     1.0789E+01     CD        860

 BOND    =     7671.8463  ANGLE   =      470.6607  DIHED      =     2989.5653
 VDWAALS =    17388.1645  EEL     =  -146417.5607  HBOND      =        0.0000
 1-4 VDW =      840.1569  1-4 EEL =    11259.9491  RESTRAINT  =        0.0000


   NSTEP       ENERGY          RMS            GMAX         NAME    NUMBER
   1150      -1.0580E+05     5.9185E-02     3.1714E+00     CE1      3292

 BOND    =     7672.2211  ANGLE   =      470.6676  DIHED      =     2989.2845
 VDWAALS =    17389.3595  EEL     =  -146420.3813  HBOND      =        0.0000
 1-4 VDW =      839.7715  1-4 EEL =    11258.5900  RESTRAINT  =        0.0000


   NSTEP       ENERGY          RMS            GMAX         NAME    NUMBER
   1200      -1.0580E+05     1.2176E-01     7.3716E+00     CE1      3292

 BOND    =     7672.7950  ANGLE   =      470.8027  DIHED      =     2989.0103
 VDWAALS =    17390.5898  EEL     =  -146423.2746  HBOND      =        0.0000
 1-4 VDW =      839.3944  1-4 EEL =    11257.2727  RESTRAINT  =        0.0000


   NSTEP       ENERGY          RMS            GMAX         NAME    NUMBER
   1250      -1.0581E+05     5.8895E-02     3.0541E+00     CE1      3292

 BOND    =     7673.2139  ANGLE   =      471.0225  DIHED      =     2988.7579
 VDWAALS =    17391.8902  EEL     =  -146426.4810  HBOND      =        0.0000
 1-4 VDW =      839.0344  1-4 EEL =    11256.0500  RESTRAINT  =        0.0000


   NSTEP       ENERGY          RMS            GMAX         NAME    NUMBER
   1300      -1.0581E+05     9.9394E-02     6.3031E+00     CD        860

 BOND    =     7673.7278  ANGLE   =      471.2036  DIHED      =     2988.5103
 VDWAALS =    17393.1115  EEL     =  -146429.5146  HBOND      =        0.0000
 1-4 VDW =      838.6931  1-4 EEL =    11254.8707  RESTRAINT  =        0.0000


   NSTEP       ENERGY          RMS            GMAX         NAME    NUMBER
   1350      -1.0581E+05     3.1563E-02     7.9683E-01     H1      25759

 BOND    =     7674.0817  ANGLE   =      471.2429  DIHED      =     2988.2780
 VDWAALS =    17394.2380  EEL     =  -146432.3672  HBOND      =        0.0000
 1-4 VDW =      838.3768  1-4 EEL =    11253.7720  RESTRAINT  =        0.0000


   NSTEP       ENERGY          RMS            GMAX         NAME    NUMBER
   1400      -1.0582E+05     4.6095E-02     2.1684E+00     CG       1195

 BOND    =     7674.5375  ANGLE   =      471.3635  DIHED      =     2988.0400
 VDWAALS =    17395.4625  EEL     =  -146435.4285  HBOND      =        0.0000
 1-4 VDW =      838.0570  1-4 EEL =    11252.6614  RESTRAINT  =        0.0000


   NSTEP       ENERGY          RMS            GMAX         NAME    NUMBER
   1450      -1.0582E+05     1.3053E-01     1.8295E+01     CD        860

 BOND    =     7674.9881  ANGLE   =      471.5104  DIHED      =     2987.8135
 VDWAALS =    17396.6343  EEL     =  -146438.3075  HBOND      =        0.0000
 1-4 VDW =      837.7640  1-4 EEL =    11251.6298  RESTRAINT  =        0.0000


   NSTEP       ENERGY          RMS            GMAX         NAME    NUMBER
   1500      -1.0582E+05     4.3555E-02     2.0117E+00     CG       1195

 BOND    =     7675.4137  ANGLE   =      471.6571  DIHED      =     2987.6006
 VDWAALS =    17397.9517  EEL     =  -146441.6885  HBOND      =        0.0000
 1-4 VDW =      837.4710  1-4 EEL =    11250.6354  RESTRAINT  =        0.0000


   NSTEP       ENERGY          RMS            GMAX         NAME    NUMBER
   1550      -1.0582E+05     9.8865E-02     1.0159E+01     CD        860

 BOND    =     7676.0231  ANGLE   =      471.8065  DIHED      =     2987.3878
 VDWAALS =    17399.2962  EEL     =  -146445.0377  HBOND      =        0.0000
 1-4 VDW =      837.1880  1-4 EEL =    11249.6617  RESTRAINT  =        0.0000


   NSTEP       ENERGY          RMS            GMAX         NAME    NUMBER
   1600      -1.0583E+05     5.0866E-02     2.7365E+00     CG       1195

 BOND    =     7676.2660  ANGLE   =      471.8575  DIHED      =     2987.1756
 VDWAALS =    17400.5725  EEL     =  -146447.9682  HBOND      =        0.0000
 1-4 VDW =      836.9238  1-4 EEL =    11248.7192  RESTRAINT  =        0.0000


   NSTEP       ENERGY          RMS            GMAX         NAME    NUMBER
   1650      -1.0583E+05     9.5341E-02     9.3115E+00     CD        860

 BOND    =     7676.7984  ANGLE   =      471.9583  DIHED      =     2986.9688
 VDWAALS =    17401.9628  EEL     =  -146451.2347  HBOND      =        0.0000
 1-4 VDW =      836.6613  1-4 EEL =    11247.7938  RESTRAINT  =        0.0000


   NSTEP       ENERGY          RMS            GMAX         NAME    NUMBER
   1700      -1.0583E+05     3.6481E-02     1.6475E+00     CG       1195

 BOND    =     7677.0769  ANGLE   =      472.1451  DIHED      =     2986.7681
 VDWAALS =    17403.3810  EEL     =  -146454.4307  HBOND      =        0.0000
 1-4 VDW =      836.4164  1-4 EEL =    11246.9207  RESTRAINT  =        0.0000


   NSTEP       ENERGY          RMS            GMAX         NAME    NUMBER
   1750      -1.0583E+05     7.0887E-02     4.7194E+00     CG       1195

 BOND    =     7677.5178  ANGLE   =      472.3040  DIHED      =     2986.5687
 VDWAALS =    17404.7930  EEL     =  -146457.6805  HBOND      =        0.0000
 1-4 VDW =      836.1760  1-4 EEL =    11246.0556  RESTRAINT  =        0.0000


   NSTEP       ENERGY          RMS            GMAX         NAME    NUMBER
   1800      -1.0584E+05     1.1684E-01     1.6102E+01     CD        860

 BOND    =     7678.0944  ANGLE   =      472.4045  DIHED      =     2986.3800
 VDWAALS =    17406.1554  EEL     =  -146460.8013  HBOND      =        0.0000
 1-4 VDW =      835.9450  1-4 EEL =    11245.2298  RESTRAINT  =        0.0000


   NSTEP       ENERGY          RMS            GMAX         NAME    NUMBER
   1850      -1.0584E+05     3.2557E-02     1.2558E+00     CG       1195

 BOND    =     7678.1866  ANGLE   =      472.4701  DIHED      =     2986.1902
 VDWAALS =    17407.3655  EEL     =  -146463.5254  HBOND      =        0.0000
 1-4 VDW =      835.7322  1-4 EEL =    11244.4379  RESTRAINT  =        0.0000


   NSTEP       ENERGY          RMS            GMAX         NAME    NUMBER
   1900      -1.0584E+05     8.5119E-02     5.5481E+00     CG       1195

 BOND    =     7678.6059  ANGLE   =      472.5505  DIHED      =     2986.0048
 VDWAALS =    17408.5611  EEL     =  -146466.2706  HBOND      =        0.0000
 1-4 VDW =      835.5194  1-4 EEL =    11243.6511  RESTRAINT  =        0.0000


   NSTEP       ENERGY          RMS            GMAX         NAME    NUMBER
   1950      -1.0584E+05     2.9924E-02     1.0947E+00     H1      14770

 BOND    =     7678.8671  ANGLE   =      472.7145  DIHED      =     2985.8262
 VDWAALS =    17409.7516  EEL     =  -146469.1933  HBOND      =        0.0000
 1-4 VDW =      835.3148  1-4 EEL =    11242.8958  RESTRAINT  =        0.0000


   NSTEP       ENERGY          RMS            GMAX         NAME    NUMBER
   2000      -1.0585E+05     8.2407E-02     5.5879E+00     CD        860

 BOND    =     7679.2416  ANGLE   =      472.8825  DIHED      =     2985.6512
 VDWAALS =    17410.8743  EEL     =  -146472.0174  HBOND      =        0.0000
 1-4 VDW =      835.1147  1-4 EEL =    11242.1496  RESTRAINT  =        0.0000


   NSTEP       ENERGY          RMS            GMAX         NAME    NUMBER
   2050      -1.0585E+05     1.1156E-01     8.8782E+00     CD        860

 BOND    =     7679.7220  ANGLE   =      472.9914  DIHED      =     2985.4866
 VDWAALS =    17411.9367  EEL     =  -146474.7706  HBOND      =        0.0000
 1-4 VDW =      834.9199  1-4 EEL =    11241.4341  RESTRAINT  =        0.0000


   NSTEP       ENERGY          RMS            GMAX         NAME    NUMBER
   2100      -1.0585E+05     4.7559E-02     2.9257E+00     CG       1195

 BOND    =     7679.8012  ANGLE   =      472.9980  DIHED      =     2985.3226
 VDWAALS =    17412.8549  EEL     =  -146477.0785  HBOND      =        0.0000
 1-4 VDW =      834.7387  1-4 EEL =    11240.7428  RESTRAINT  =        0.0000


   NSTEP       ENERGY          RMS            GMAX         NAME    NUMBER
   2150      -1.0585E+05     1.0415E-01     1.3718E+01     CD        860

 BOND    =     7680.0787  ANGLE   =      473.1134  DIHED      =     2985.1643
 VDWAALS =    17413.8012  EEL     =  -146479.5053  HBOND      =        0.0000
 1-4 VDW =      834.5623  1-4 EEL =    11240.0658  RESTRAINT  =        0.0000


   NSTEP       ENERGY          RMS            GMAX         NAME    NUMBER
   2200      -1.0585E+05     3.3636E-02     1.5436E+00     CG       1195

 BOND    =     7680.3825  ANGLE   =      473.2349  DIHED      =     2985.0180
 VDWAALS =    17414.8351  EEL     =  -146482.2376  HBOND      =        0.0000
 1-4 VDW =      834.3827  1-4 EEL =    11239.4060  RESTRAINT  =        0.0000


   NSTEP       ENERGY          RMS            GMAX         NAME    NUMBER
   2250      -1.0586E+05     8.7730E-02     6.3244E+00     CG       1195

 BOND    =     7680.7532  ANGLE   =      473.3942  DIHED      =     2984.8702
 VDWAALS =    17415.8917  EEL     =  -146484.9071  HBOND      =        0.0000
 1-4 VDW =      834.2060  1-4 EEL =    11238.7435  RESTRAINT  =        0.0000


   NSTEP       ENERGY          RMS            GMAX         NAME    NUMBER
   2300      -1.0586E+05     2.6488E-02     7.5433E-01     H1       9658

 BOND    =     7680.9444  ANGLE   =      473.4084  DIHED      =     2984.7330
 VDWAALS =    17416.8376  EEL     =  -146487.2650  HBOND      =        0.0000
 1-4 VDW =      834.0400  1-4 EEL =    11238.1202  RESTRAINT  =        0.0000


   NSTEP       ENERGY          RMS            GMAX         NAME    NUMBER
   2350      -1.0586E+05     7.4206E-02     5.5530E+00     CD        860

 BOND    =     7681.2211  ANGLE   =      473.4863  DIHED      =     2984.5986
 VDWAALS =    17417.7781  EEL     =  -146489.5753  HBOND      =        0.0000
 1-4 VDW =      833.8748  1-4 EEL =    11237.4942  RESTRAINT  =        0.0000


   NSTEP       ENERGY          RMS            GMAX         NAME    NUMBER
   2400      -1.0586E+05     1.0966E-01     1.2661E+01     CD        860

 BOND    =     7681.6848  ANGLE   =      473.5517  DIHED      =     2984.4767
 VDWAALS =    17418.7454  EEL     =  -146492.1314  HBOND      =        0.0000
 1-4 VDW =      833.7074  1-4 EEL =    11236.8834  RESTRAINT  =        0.0000


   NSTEP       ENERGY          RMS            GMAX         NAME    NUMBER
   2450      -1.0587E+05     4.8117E-02     3.0968E+00     CG       1195

 BOND    =     7681.7764  ANGLE   =      473.7296  DIHED      =     2984.3588
 VDWAALS =    17419.6827  EEL     =  -146494.4995  HBOND      =        0.0000
 1-4 VDW =      833.5546  1-4 EEL =    11236.2963  RESTRAINT  =        0.0000


   NSTEP       ENERGY          RMS            GMAX         NAME    NUMBER
   2500      -1.0587E+05     8.6575E-02     6.3666E+00     CG       1195

 BOND    =     7682.0815  ANGLE   =      473.8634  DIHED      =     2984.2492
 VDWAALS =    17420.5795  EEL     =  -146496.8606  HBOND      =        0.0000
 1-4 VDW =      833.4006  1-4 EEL =    11235.7194  RESTRAINT  =        0.0000


   NSTEP       ENERGY          RMS            GMAX         NAME    NUMBER
   2550      -1.0587E+05     4.5255E-02     3.1369E+00     CG       1195

 BOND    =     7682.2766  ANGLE   =      473.8572  DIHED      =     2984.1513
 VDWAALS =    17421.3544  EEL     =  -146498.9125  HBOND      =        0.0000
 1-4 VDW =      833.2509  1-4 EEL =    11235.1719  RESTRAINT  =        0.0000


   NSTEP       ENERGY          RMS            GMAX         NAME    NUMBER
   2600      -1.0587E+05     7.4938E-02     5.9588E+00     CG       1195

 BOND    =     7682.5642  ANGLE   =      473.9347  DIHED      =     2984.0568
 VDWAALS =    17422.1686  EEL     =  -146501.2082  HBOND      =        0.0000
 1-4 VDW =      833.0986  1-4 EEL =    11234.6117  RESTRAINT  =        0.0000


   NSTEP       ENERGY          RMS            GMAX         NAME    NUMBER
   2650      -1.0587E+05     3.5664E-02     2.2169E+00     CG       1195

 BOND    =     7682.7844  ANGLE   =      474.0780  DIHED      =     2983.9738
 VDWAALS =    17423.0556  EEL     =  -146503.6304  HBOND      =        0.0000
 1-4 VDW =      832.9546  1-4 EEL =    11234.0784  RESTRAINT  =        0.0000


   NSTEP       ENERGY          RMS            GMAX         NAME    NUMBER
   2700      -1.0587E+05     6.7054E-02     6.0884E+00     CD        860

 BOND    =     7683.1183  ANGLE   =      474.1811  DIHED      =     2983.8973
 VDWAALS =    17423.9220  EEL     =  -146505.9420  HBOND      =        0.0000
 1-4 VDW =      832.8106  1-4 EEL =    11233.5560  RESTRAINT  =        0.0000


   NSTEP       ENERGY          RMS            GMAX         NAME    NUMBER
   2750      -1.0588E+05     2.6652E-02     1.0820E+00     CG       1195

 BOND    =     7683.2691  ANGLE   =      474.2314  DIHED      =     2983.8211
 VDWAALS =    17424.7495  EEL     =  -146508.1399  HBOND      =        0.0000
 1-4 VDW =      832.6675  1-4 EEL =    11233.0317  RESTRAINT  =        0.0000


   NSTEP       ENERGY          RMS            GMAX         NAME    NUMBER
   2800      -1.0588E+05     5.2776E-02     4.0415E+00     CG       1195

 BOND    =     7683.5175  ANGLE   =      474.3055  DIHED      =     2983.7515
 VDWAALS =    17425.5759  EEL     =  -146510.2795  HBOND      =        0.0000
 1-4 VDW =      832.5296  1-4 EEL =    11232.5298  RESTRAINT  =        0.0000


   NSTEP       ENERGY          RMS            GMAX         NAME    NUMBER
   2850      -1.0588E+05     8.0502E-02     7.4963E+00     CD        860

 BOND    =     7683.8536  ANGLE   =      474.3778  DIHED      =     2983.6853
 VDWAALS =    17426.4342  EEL     =  -146512.5320  HBOND      =        0.0000
 1-4 VDW =      832.3926  1-4 EEL =    11232.0384  RESTRAINT  =        0.0000


   NSTEP       ENERGY          RMS            GMAX         NAME    NUMBER
   2900      -1.0588E+05     2.5489E-02     8.0987E-01     CG       1195

 BOND    =     7683.9872  ANGLE   =      474.5194  DIHED      =     2983.6170
 VDWAALS =    17427.2930  EEL     =  -146514.7188  HBOND      =        0.0000
 1-4 VDW =      832.2658  1-4 EEL =    11231.5708  RESTRAINT  =        0.0000


   NSTEP       ENERGY          RMS            GMAX         NAME    NUMBER
   2950      -1.0588E+05     7.1676E-02     5.1929E+00     CG       1195

 BOND    =     7684.3293  ANGLE   =      474.6562  DIHED      =     2983.5429
 VDWAALS =    17428.2237  EEL     =  -146517.0320  HBOND      =        0.0000
 1-4 VDW =      832.1289  1-4 EEL =    11231.0810  RESTRAINT  =        0.0000


   NSTEP       ENERGY          RMS            GMAX         NAME    NUMBER
   3000      -1.0588E+05     2.7825E-02     1.3565E+00     CG       1195

 BOND    =     7684.4706  ANGLE   =      474.6987  DIHED      =     2983.4622
 VDWAALS =    17429.0609  EEL     =  -146519.0633  HBOND      =        0.0000
 1-4 VDW =      831.9988  1-4 EEL =    11230.6093  RESTRAINT  =        0.0000


   NSTEP       ENERGY          RMS            GMAX         NAME    NUMBER
   3050      -1.0589E+05     3.2095E-02     1.9529E+00     CG       1195

 BOND    =     7684.7152  ANGLE   =      474.7975  DIHED      =     2983.3731
 VDWAALS =    17429.9516  EEL     =  -146521.2613  HBOND      =        0.0000
 1-4 VDW =      831.8679  1-4 EEL =    11230.1368  RESTRAINT  =        0.0000


   NSTEP       ENERGY          RMS            GMAX         NAME    NUMBER
   3100      -1.0589E+05     2.5768E-02     1.0947E+00     CG       1195

 BOND    =     7684.9489  ANGLE   =      474.9255  DIHED      =     2983.2760
 VDWAALS =    17430.8612  EEL     =  -146523.5032  HBOND      =        0.0000
 1-4 VDW =      831.7424  1-4 EEL =    11229.6791  RESTRAINT  =        0.0000


   NSTEP       ENERGY          RMS            GMAX         NAME    NUMBER
   3150      -1.0589E+05     4.5968E-02     3.5346E+00     CG       1195

 BOND    =     7685.2031  ANGLE   =      475.0558  DIHED      =     2983.1670
 VDWAALS =    17431.7923  EEL     =  -146525.7270  HBOND      =        0.0000
 1-4 VDW =      831.6176  1-4 EEL =    11229.2193  RESTRAINT  =        0.0000


   NSTEP       ENERGY          RMS            GMAX         NAME    NUMBER
   3200      -1.0589E+05     7.6440E-02     6.6025E+00     CG       1195

 BOND    =     7685.4953  ANGLE   =      475.1933  DIHED      =     2983.0490
 VDWAALS =    17432.7529  EEL     =  -146527.9324  HBOND      =        0.0000
 1-4 VDW =      831.4962  1-4 EEL =    11228.7629  RESTRAINT  =        0.0000


   NSTEP       ENERGY          RMS            GMAX         NAME    NUMBER
   3250      -1.0589E+05     3.2648E-02     2.2848E+00     CG       1195

 BOND    =     7685.6506  ANGLE   =      475.2245  DIHED      =     2982.9249
 VDWAALS =    17433.6130  EEL     =  -146529.8651  HBOND      =        0.0000
 1-4 VDW =      831.3783  1-4 EEL =    11228.3290  RESTRAINT  =        0.0000


   NSTEP       ENERGY          RMS            GMAX         NAME    NUMBER
   3300      -1.0589E+05     6.6377E-02     5.8947E+00     CD        860

 BOND    =     7685.9450  ANGLE   =      475.3099  DIHED      =     2982.7944
 VDWAALS =    17434.5110  EEL     =  -146531.9030  HBOND      =        0.0000
 1-4 VDW =      831.2634  1-4 EEL =    11227.8952  RESTRAINT  =        0.0000


   NSTEP       ENERGY          RMS            GMAX         NAME    NUMBER
   3350      -1.0590E+05     9.7403E-02     1.2363E+01     CD        860

 BOND    =     7686.0729  ANGLE   =      475.4347  DIHED      =     2982.6608
 VDWAALS =    17435.3154  EEL     =  -146533.6889  HBOND      =        0.0000
 1-4 VDW =      831.1640  1-4 EEL =    11227.4898  RESTRAINT  =        0.0000


   NSTEP       ENERGY          RMS            GMAX         NAME    NUMBER
   3400      -1.0590E+05     5.1952E-02     4.0721E+00     CG       1195

 BOND    =     7686.3201  ANGLE   =      475.5803  DIHED      =     2982.5239
 VDWAALS =    17436.2291  EEL     =  -146535.8324  HBOND      =        0.0000
 1-4 VDW =      831.0601  1-4 EEL =    11227.0742  RESTRAINT  =        0.0000


   NSTEP       ENERGY          RMS            GMAX         NAME    NUMBER
   3450      -1.0590E+05     9.0464E-02     1.5576E+01     CD        860

 BOND    =     7686.6705  ANGLE   =      475.6104  DIHED      =     2982.4017
 VDWAALS =    17436.9537  EEL     =  -146537.5743  HBOND      =        0.0000
 1-4 VDW =      830.9667  1-4 EEL =    11226.7096  RESTRAINT  =        0.0000


   NSTEP       ENERGY          RMS            GMAX         NAME    NUMBER
   3500      -1.0590E+05     3.7867E-02     5.5281E+00     CD        860

 BOND    =     7686.6375  ANGLE   =      475.7203  DIHED      =     2982.2705
 VDWAALS =    17437.6127  EEL     =  -146539.0617  HBOND      =        0.0000
 1-4 VDW =      830.8853  1-4 EEL =    11226.3469  RESTRAINT  =        0.0000


   NSTEP       ENERGY          RMS            GMAX         NAME    NUMBER
   3550      -1.0590E+05     7.2587E-02     1.2277E+01     CD        860

 BOND    =     7686.8062  ANGLE   =      475.8171  DIHED      =     2982.1409
 VDWAALS =    17438.2492  EEL     =  -146540.6627  HBOND      =        0.0000
 1-4 VDW =      830.8034  1-4 EEL =    11225.9877  RESTRAINT  =        0.0000


   NSTEP       ENERGY          RMS            GMAX         NAME    NUMBER
   3600      -1.0590E+05     2.2681E-02     1.2307E+00     CD        860

 BOND    =     7687.0252  ANGLE   =      475.8687  DIHED      =     2982.0196
 VDWAALS =    17438.8618  EEL     =  -146542.2618  HBOND      =        0.0000
 1-4 VDW =      830.7230  1-4 EEL =    11225.6458  RESTRAINT  =        0.0000


   NSTEP       ENERGY          RMS            GMAX         NAME    NUMBER
   3650      -1.0590E+05     7.0679E-02     1.1930E+01     CD        860

 BOND    =     7687.3206  ANGLE   =      475.9351  DIHED      =     2981.8919
 VDWAALS =    17439.4618  EEL     =  -146543.9312  HBOND      =        0.0000
 1-4 VDW =      830.6423  1-4 EEL =    11225.2917  RESTRAINT  =        0.0000


   NSTEP       ENERGY          RMS            GMAX         NAME    NUMBER
   3700      -1.0590E+05     2.9831E-02     3.5153E+00     CD        860

 BOND    =     7687.3456  ANGLE   =      476.0329  DIHED      =     2981.7611
 VDWAALS =    17439.9702  EEL     =  -146545.3841  HBOND      =        0.0000
 1-4 VDW =      830.5716  1-4 EEL =    11224.9481  RESTRAINT  =        0.0000


   NSTEP       ENERGY          RMS            GMAX         NAME    NUMBER
   3750      -1.0591E+05     4.0239E-02     5.8762E+00     CD        860

 BOND    =     7687.5121  ANGLE   =      476.1134  DIHED      =     2981.6313
 VDWAALS =    17440.4647  EEL     =  -146546.9538  HBOND      =        0.0000
 1-4 VDW =      830.5004  1-4 EEL =    11224.6081  RESTRAINT  =        0.0000


   NSTEP       ENERGY          RMS            GMAX         NAME    NUMBER
   3800      -1.0591E+05     8.2075E-02     1.3927E+01     CD        860

 BOND    =     7687.6808  ANGLE   =      476.2053  DIHED      =     2981.5028
 VDWAALS =    17440.9290  EEL     =  -146548.4513  HBOND      =        0.0000
 1-4 VDW =      830.4336  1-4 EEL =    11224.2808  RESTRAINT  =        0.0000


   NSTEP       ENERGY          RMS            GMAX         NAME    NUMBER
   3850      -1.0591E+05     2.5053E-02     1.7593E+00     CD        860

 BOND    =     7687.9125  ANGLE   =      476.2441  DIHED      =     2981.3786
 VDWAALS =    17441.4453  EEL     =  -146550.2695  HBOND      =        0.0000
 1-4 VDW =      830.3640  1-4 EEL =    11223.9615  RESTRAINT  =        0.0000


   NSTEP       ENERGY          RMS            GMAX         NAME    NUMBER
   3900      -1.0591E+05     7.6512E-02     1.2560E+01     CD        860

 BOND    =     7688.2351  ANGLE   =      476.2988  DIHED      =     2981.2488
 VDWAALS =    17441.9929  EEL     =  -146552.1251  HBOND      =        0.0000
 1-4 VDW =      830.2948  1-4 EEL =    11223.6432  RESTRAINT  =        0.0000


   NSTEP       ENERGY          RMS            GMAX         NAME    NUMBER
   3950      -1.0591E+05     3.1960E-02     3.6427E+00     CD        860

 BOND    =     7688.2632  ANGLE   =      476.3936  DIHED      =     2981.1134
 VDWAALS =    17442.5344  EEL     =  -146553.7410  HBOND      =        0.0000
 1-4 VDW =      830.2303  1-4 EEL =    11223.3364  RESTRAINT  =        0.0000


   NSTEP       ENERGY          RMS            GMAX         NAME    NUMBER
   4000      -1.0591E+05     3.5835E-02     4.0370E+00     CD        860

 BOND    =     7688.4532  ANGLE   =      476.4597  DIHED      =     2980.9845
 VDWAALS =    17443.1076  EEL     =  -146555.4453  HBOND      =        0.0000
 1-4 VDW =      830.1649  1-4 EEL =    11223.0449  RESTRAINT  =        0.0000


   NSTEP       ENERGY          RMS            GMAX         NAME    NUMBER
   4050      -1.0591E+05     8.5259E-02     9.1382E+00     CD        860

 BOND    =     7688.6589  ANGLE   =      476.5467  DIHED      =     2980.8536
 VDWAALS =    17443.6947  EEL     =  -146557.0388  HBOND      =        0.0000
 1-4 VDW =      830.0977  1-4 EEL =    11222.7556  RESTRAINT  =        0.0000


   NSTEP       ENERGY          RMS            GMAX         NAME    NUMBER
   4100      -1.0592E+05     3.1633E-02     2.4049E+00     CD       3199

 BOND    =     7688.8459  ANGLE   =      476.5713  DIHED      =     2980.7333
 VDWAALS =    17444.2508  EEL     =  -146558.7019  HBOND      =        0.0000
 1-4 VDW =      830.0394  1-4 EEL =    11222.4844  RESTRAINT  =        0.0000


   NSTEP       ENERGY          RMS            GMAX         NAME    NUMBER
   4150      -1.0592E+05     2.1194E-02     7.7783E-01     H2      20765

 BOND    =     7689.0222  ANGLE   =      476.6355  DIHED      =     2980.6045
 VDWAALS =    17444.7921  EEL     =  -146560.2773  HBOND      =        0.0000
 1-4 VDW =      829.9751  1-4 EEL =    11222.1981  RESTRAINT  =        0.0000


   NSTEP       ENERGY          RMS            GMAX         NAME    NUMBER
   4200      -1.0592E+05     3.2938E-02     1.5575E+00     H2      19346

 BOND    =     7689.1892  ANGLE   =      476.7016  DIHED      =     2980.4715
 VDWAALS =    17445.3363  EEL     =  -146561.8879  HBOND      =        0.0000
 1-4 VDW =      829.9104  1-4 EEL =    11221.9015  RESTRAINT  =        0.0000


   NSTEP       ENERGY          RMS            GMAX         NAME    NUMBER
   4250      -1.0592E+05     5.9814E-02     3.9128E+00     H2      19346

 BOND    =     7689.3132  ANGLE   =      476.7632  DIHED      =     2980.3478
 VDWAALS =    17445.8261  EEL     =  -146563.3629  HBOND      =        0.0000
 1-4 VDW =      829.8510  1-4 EEL =    11221.6216  RESTRAINT  =        0.0000


   NSTEP       ENERGY          RMS            GMAX         NAME    NUMBER
   4300      -1.0592E+05     8.1993E-02     6.0847E+00     H2      19346

 BOND    =     7689.3600  ANGLE   =      476.8240  DIHED      =     2980.2261
 VDWAALS =    17446.2723  EEL     =  -146564.7189  HBOND      =        0.0000
 1-4 VDW =      829.7932  1-4 EEL =    11221.3408  RESTRAINT  =        0.0000


   NSTEP       ENERGY          RMS            GMAX         NAME    NUMBER
   4350      -1.0592E+05     2.8534E-02     1.4833E+00     H2      19346

 BOND    =     7689.8493  ANGLE   =      476.8930  DIHED      =     2980.1076
 VDWAALS =    17446.6517  EEL     =  -146566.5039  HBOND      =        0.0000
 1-4 VDW =      829.7329  1-4 EEL =    11221.0743  RESTRAINT  =        0.0000


   NSTEP       ENERGY          RMS            GMAX         NAME    NUMBER
   4400      -1.0592E+05     6.7896E-02     4.0382E+00     H2      19346

 BOND    =     7690.5063  ANGLE   =      476.9635  DIHED      =     2979.9897
 VDWAALS =    17447.0151  EEL     =  -146568.3751  HBOND      =        0.0000
 1-4 VDW =      829.6726  1-4 EEL =    11220.8086  RESTRAINT  =        0.0000


   NSTEP       ENERGY          RMS            GMAX         NAME    NUMBER
   4450      -1.0592E+05     2.1212E-02     6.6823E-01     H2       9581

 BOND    =     7689.9825  ANGLE   =      477.0161  DIHED      =     2979.8797
 VDWAALS =    17447.3661  EEL     =  -146569.1890  HBOND      =        0.0000
 1-4 VDW =      829.6235  1-4 EEL =    11220.5271  RESTRAINT  =        0.0000


   NSTEP       ENERGY          RMS            GMAX         NAME    NUMBER
   4500      -1.0593E+05     3.7761E-02     1.1469E+00     CG       2082

 BOND    =     7689.8641  ANGLE   =      477.0765  DIHED      =     2979.7666
 VDWAALS =    17447.6779  EEL     =  -146570.3082  HBOND      =        0.0000
 1-4 VDW =      829.5710  1-4 EEL =    11220.2420  RESTRAINT  =        0.0000


   NSTEP       ENERGY          RMS            GMAX         NAME    NUMBER
   4550      -1.0593E+05     8.5450E-02     3.8663E+00     CG       2082

 BOND    =     7689.5567  ANGLE   =      477.1338  DIHED      =     2979.6574
 VDWAALS =    17447.9607  EEL     =  -146571.1826  HBOND      =        0.0000
 1-4 VDW =      829.5250  1-4 EEL =    11219.9483  RESTRAINT  =        0.0000


   NSTEP       ENERGY          RMS            GMAX         NAME    NUMBER
   4600      -1.0593E+05     3.5336E-02     1.7535E+00     CG       2082

 BOND    =     7690.6830  ANGLE   =      477.2246  DIHED      =     2979.5512
 VDWAALS =    17448.2294  EEL     =  -146573.6720  HBOND      =        0.0000
 1-4 VDW =      829.4539  1-4 EEL =    11219.7189  RESTRAINT  =        0.0000


   NSTEP       ENERGY          RMS            GMAX         NAME    NUMBER
   4650      -1.0593E+05     6.7838E-02     4.1225E+00     C        2066

 BOND    =     7690.8733  ANGLE   =      477.3084  DIHED      =     2979.4476
 VDWAALS =    17448.4904  EEL     =  -146575.1133  HBOND      =        0.0000
 1-4 VDW =      829.3951  1-4 EEL =    11219.4486  RESTRAINT  =        0.0000


   NSTEP       ENERGY          RMS            GMAX         NAME    NUMBER
   4700      -1.0593E+05     1.0161E-01     6.6392E+00     C        2066

 BOND    =     7690.9925  ANGLE   =      477.3855  DIHED      =     2979.3457
 VDWAALS =    17448.7327  EEL     =  -146576.4315  HBOND      =        0.0000
 1-4 VDW =      829.3406  1-4 EEL =    11219.1741  RESTRAINT  =        0.0000


   NSTEP       ENERGY          RMS            GMAX         NAME    NUMBER
   4750      -1.0593E+05     5.9989E-02     4.2660E+00     CE3      1012

 BOND    =     7691.0425  ANGLE   =      477.4190  DIHED      =     2979.2395
 VDWAALS =    17448.9346  EEL     =  -146577.7750  HBOND      =        0.0000
 1-4 VDW =      829.3048  1-4 EEL =    11218.8963  RESTRAINT  =        0.0000


   NSTEP       ENERGY          RMS            GMAX         NAME    NUMBER
   4800      -1.0593E+05     2.5204E-02     1.1347E+00     H2       9581

 BOND    =     7691.1826  ANGLE   =      477.4801  DIHED      =     2979.1420
 VDWAALS =    17449.1592  EEL     =  -146579.2340  HBOND      =        0.0000
 1-4 VDW =      829.2512  1-4 EEL =    11218.6301  RESTRAINT  =        0.0000


   NSTEP       ENERGY          RMS            GMAX         NAME    NUMBER
   4850      -1.0594E+05     4.1098E-02     2.1376E+00     CE3      1012

 BOND    =     7691.3730  ANGLE   =      477.5468  DIHED      =     2979.0440
 VDWAALS =    17449.3591  EEL     =  -146580.6480  HBOND      =        0.0000
 1-4 VDW =      829.1994  1-4 EEL =    11218.3604  RESTRAINT  =        0.0000


   NSTEP       ENERGY          RMS            GMAX         NAME    NUMBER
   4900      -1.0594E+05     2.2742E-02     1.0029E+00     H2       9581

 BOND    =     7691.5096  ANGLE   =      477.6193  DIHED      =     2978.9528
 VDWAALS =    17449.5429  EEL     =  -146582.0156  HBOND      =        0.0000
 1-4 VDW =      829.1539  1-4 EEL =    11218.0994  RESTRAINT  =        0.0000


   NSTEP       ENERGY          RMS            GMAX         NAME    NUMBER
   4950      -1.0594E+05     5.2739E-02     8.5902E+00     CD        860

 BOND    =     7691.6231  ANGLE   =      477.6994  DIHED      =     2978.8650
 VDWAALS =    17449.7327  EEL     =  -146583.2572  HBOND      =        0.0000
 1-4 VDW =      829.1112  1-4 EEL =    11217.8539  RESTRAINT  =        0.0000


   NSTEP       ENERGY          RMS            GMAX         NAME    NUMBER
   5000      -1.0594E+05     2.0923E-02     8.1324E-01     H2       9581

 BOND    =     7691.7888  ANGLE   =      477.7426  DIHED      =     2978.7929
 VDWAALS =    17449.8886  EEL     =  -146584.4585  HBOND      =        0.0000
 1-4 VDW =      829.0699  1-4 EEL =    11217.6403  RESTRAINT  =        0.0000


   NSTEP       ENERGY          RMS            GMAX         NAME    NUMBER
   5050      -1.0594E+05     2.6798E-02     3.0426E+00     CD        860

 BOND    =     7691.9383  ANGLE   =      477.8019  DIHED      =     2978.7185
 VDWAALS =    17450.0249  EEL     =  -146585.7015  HBOND      =        0.0000
 1-4 VDW =      829.0292  1-4 EEL =    11217.4170  RESTRAINT  =        0.0000


   NSTEP       ENERGY          RMS            GMAX         NAME    NUMBER
   5100      -1.0594E+05     6.3848E-02     1.0703E+01     CD        860

 BOND    =     7692.1501  ANGLE   =      477.8566  DIHED      =     2978.6489
 VDWAALS =    17450.1790  EEL     =  -146586.9332  HBOND      =        0.0000
 1-4 VDW =      828.9888  1-4 EEL =    11217.1984  RESTRAINT  =        0.0000


   NSTEP       ENERGY          RMS            GMAX         NAME    NUMBER
   5150      -1.0594E+05     9.2554E-02     1.5975E+01     CD        860

 BOND    =     7692.3539  ANGLE   =      477.9167  DIHED      =     2978.5810
 VDWAALS =    17450.3096  EEL     =  -146588.1033  HBOND      =        0.0000
 1-4 VDW =      828.9499  1-4 EEL =    11216.9854  RESTRAINT  =        0.0000


   NSTEP       ENERGY          RMS            GMAX         NAME    NUMBER
   5200      -1.0594E+05     5.6053E-02     9.2067E+00     CD        860

 BOND    =     7692.2545  ANGLE   =      478.0145  DIHED      =     2978.5091
 VDWAALS =    17450.3935  EEL     =  -146589.1363  HBOND      =        0.0000
 1-4 VDW =      828.9205  1-4 EEL =    11216.7717  RESTRAINT  =        0.0000


   NSTEP       ENERGY          RMS            GMAX         NAME    NUMBER
   5250      -1.0595E+05     8.0289E-02     1.3709E+01     CD        860

 BOND    =     7692.3807  ANGLE   =      478.0918  DIHED      =     2978.4428
 VDWAALS =    17450.5240  EEL     =  -146590.2964  HBOND      =        0.0000
 1-4 VDW =      828.8858  1-4 EEL =    11216.5602  RESTRAINT  =        0.0000


   NSTEP       ENERGY          RMS            GMAX         NAME    NUMBER
   5300      -1.0595E+05     2.9224E-02     3.6176E+00     CD        860

 BOND    =     7692.5656  ANGLE   =      478.1309  DIHED      =     2978.3826
 VDWAALS =    17450.6742  EEL     =  -146591.6129  HBOND      =        0.0000
 1-4 VDW =      828.8445  1-4 EEL =    11216.3512  RESTRAINT  =        0.0000


   NSTEP       ENERGY          RMS            GMAX         NAME    NUMBER
   5350      -1.0595E+05     6.8087E-02     1.1447E+01     CD        860

 BOND    =     7692.7772  ANGLE   =      478.1956  DIHED      =     2978.3236
 VDWAALS =    17450.8119  EEL     =  -146592.8350  HBOND      =        0.0000
 1-4 VDW =      828.8067  1-4 EEL =    11216.1405  RESTRAINT  =        0.0000


   NSTEP       ENERGY          RMS            GMAX         NAME    NUMBER
   5400      -1.0595E+05     2.3453E-02     1.7703E+00     CD        860

 BOND    =     7692.7708  ANGLE   =      478.2859  DIHED      =     2978.2639
 VDWAALS =    17450.9431  EEL     =  -146594.0638  HBOND      =        0.0000
 1-4 VDW =      828.7760  1-4 EEL =    11215.9341  RESTRAINT  =        0.0000


   NSTEP       ENERGY          RMS            GMAX         NAME    NUMBER
   5450      -1.0595E+05     6.0955E-02     9.5205E+00     CD        860

 BOND    =     7692.8680  ANGLE   =      478.3782  DIHED      =     2978.2067
 VDWAALS =    17451.0871  EEL     =  -146595.3108  HBOND      =        0.0000
 1-4 VDW =      828.7433  1-4 EEL =    11215.7238  RESTRAINT  =        0.0000


   NSTEP       ENERGY          RMS            GMAX         NAME    NUMBER
   5500      -1.0595E+05     8.3897E-02     1.3219E+01     CD        860

 BOND    =     7693.0011  ANGLE   =      478.4629  DIHED      =     2978.1551
 VDWAALS =    17451.2692  EEL     =  -146596.6998  HBOND      =        0.0000
 1-4 VDW =      828.7118  1-4 EEL =    11215.5211  RESTRAINT  =        0.0000


   NSTEP       ENERGY          RMS            GMAX         NAME    NUMBER
   5550      -1.0595E+05     2.3051E-02     7.8601E-01     H2       6458

 BOND    =     7693.1883  ANGLE   =      478.5309  DIHED      =     2978.1040
 VDWAALS =    17451.5262  EEL     =  -146598.3143  HBOND      =        0.0000
 1-4 VDW =      828.6723  1-4 EEL =    11215.3008  RESTRAINT  =        0.0000


   NSTEP       ENERGY          RMS            GMAX         NAME    NUMBER
   5600      -1.0595E+05     6.4158E-02     2.4649E+00     H1      24265

 BOND    =     7693.4279  ANGLE   =      478.6239  DIHED      =     2978.0523
 VDWAALS =    17451.7891  EEL     =  -146600.0389  HBOND      =        0.0000
 1-4 VDW =      828.6381  1-4 EEL =    11215.0765  RESTRAINT  =        0.0000


   NSTEP       ENERGY          RMS            GMAX         NAME    NUMBER
   5650      -1.0596E+05     9.4552E-02     3.9082E+00     H1      24265

 BOND    =     7693.7235  ANGLE   =      478.7141  DIHED      =     2978.0040
 VDWAALS =    17452.0954  EEL     =  -146601.8716  HBOND      =        0.0000
 1-4 VDW =      828.6060  1-4 EEL =    11214.8502  RESTRAINT  =        0.0000


   NSTEP       ENERGY          RMS            GMAX         NAME    NUMBER
   5700      -1.0596E+05     5.4895E-02     1.9899E+00     H1      24265

 BOND    =     7693.5375  ANGLE   =      478.8448  DIHED      =     2977.9658
 VDWAALS =    17452.4696  EEL     =  -146603.5053  HBOND      =        0.0000
 1-4 VDW =      828.5627  1-4 EEL =    11214.6243  RESTRAINT  =        0.0000


   NSTEP       ENERGY          RMS            GMAX         NAME    NUMBER
   5750      -1.0596E+05     2.4047E-02     8.7906E-01     H1       9616

 BOND    =     7693.8414  ANGLE   =      478.9338  DIHED      =     2977.9248
 VDWAALS =    17452.8319  EEL     =  -146605.5149  HBOND      =        0.0000
 1-4 VDW =      828.5348  1-4 EEL =    11214.4005  RESTRAINT  =        0.0000


   NSTEP       ENERGY          RMS            GMAX         NAME    NUMBER
   5800      -1.0596E+05     4.0780E-02     3.5966E+00     C         977

 BOND    =     7694.0800  ANGLE   =      479.0422  DIHED      =     2977.8870
 VDWAALS =    17453.2306  EEL     =  -146607.5572  HBOND      =        0.0000
 1-4 VDW =      828.5027  1-4 EEL =    11214.1642  RESTRAINT  =        0.0000


   NSTEP       ENERGY          RMS            GMAX         NAME    NUMBER
   5850      -1.0596E+05     6.5456E-02     6.6518E+00     C         977

 BOND    =     7694.2539  ANGLE   =      479.1600  DIHED      =     2977.8537
 VDWAALS =    17453.6409  EEL     =  -146609.5351  HBOND      =        0.0000
 1-4 VDW =      828.4692  1-4 EEL =    11213.9231  RESTRAINT  =        0.0000


   NSTEP       ENERGY          RMS            GMAX         NAME    NUMBER
   5900      -1.0596E+05     2.5362E-02     1.2202E+00     C         977

 BOND    =     7694.2766  ANGLE   =      479.2718  DIHED      =     2977.8349
 VDWAALS =    17454.0434  EEL     =  -146611.4509  HBOND      =        0.0000
 1-4 VDW =      828.4328  1-4 EEL =    11213.7153  RESTRAINT  =        0.0000


   NSTEP       ENERGY          RMS            GMAX         NAME    NUMBER
   5950      -1.0597E+05     5.7677E-02     5.2951E+00     C         977

 BOND    =     7694.4793  ANGLE   =      479.3844  DIHED      =     2977.8162
 VDWAALS =    17454.4702  EEL     =  -146613.5029  HBOND      =        0.0000
 1-4 VDW =      828.4001  1-4 EEL =    11213.5035  RESTRAINT  =        0.0000


   NSTEP       ENERGY          RMS            GMAX         NAME    NUMBER
   6000      -1.0597E+05     9.4237E-02     8.7738E+00     C         977

 BOND    =     7694.7298  ANGLE   =      479.4988  DIHED      =     2977.8007
 VDWAALS =    17454.9141  EEL     =  -146615.6349  HBOND      =        0.0000
 1-4 VDW =      828.3687  1-4 EEL =    11213.2952  RESTRAINT  =        0.0000


   NSTEP       ENERGY          RMS            GMAX         NAME    NUMBER
   6050      -1.0597E+05     4.5751E-02     3.5483E+00     C         977

 BOND    =     7694.6955  ANGLE   =      479.6021  DIHED      =     2977.7702
 VDWAALS =    17455.3999  EEL     =  -146617.5796  HBOND      =        0.0000
 1-4 VDW =      828.3334  1-4 EEL =    11213.0154  RESTRAINT  =        0.0000


   NSTEP       ENERGY          RMS            GMAX         NAME    NUMBER
   6100      -1.0597E+05     7.1597E-02     5.4951E+00     C         977

 BOND    =     7694.8381  ANGLE   =      479.7120  DIHED      =     2977.7524
 VDWAALS =    17455.9265  EEL     =  -146619.6434  HBOND      =        0.0000
 1-4 VDW =      828.2979  1-4 EEL =    11212.7817  RESTRAINT  =        0.0000


   NSTEP       ENERGY          RMS            GMAX         NAME    NUMBER
   6150      -1.0597E+05     9.8271E-02     6.1736E+00     C         977

 BOND    =     7694.9989  ANGLE   =      479.8216  DIHED      =     2977.7368
 VDWAALS =    17456.4937  EEL     =  -146621.7890  HBOND      =        0.0000
 1-4 VDW =      828.2600  1-4 EEL =    11212.5588  RESTRAINT  =        0.0000


   NSTEP       ENERGY          RMS            GMAX         NAME    NUMBER
   6200      -1.0597E+05     5.7495E-02     3.3239E+00     CE3      1012

 BOND    =     7695.2137  ANGLE   =      479.8926  DIHED      =     2977.7308
 VDWAALS =    17457.1300  EEL     =  -146624.3522  HBOND      =        0.0000
 1-4 VDW =      828.2373  1-4 EEL =    11212.3763  RESTRAINT  =        0.0000


   NSTEP       ENERGY          RMS            GMAX         NAME    NUMBER
   6250      -1.0598E+05     8.8969E-02     9.7778E+00     CD        860

 BOND    =     7695.3470  ANGLE   =      480.0014  DIHED      =     2977.7150
 VDWAALS =    17457.7920  EEL     =  -146626.6193  HBOND      =        0.0000
 1-4 VDW =      828.2042  1-4 EEL =    11212.1613  RESTRAINT  =        0.0000


   NSTEP       ENERGY          RMS            GMAX         NAME    NUMBER
   6300      -1.0598E+05     4.8531E-02     1.9693E+00     CG       1167

 BOND    =     7695.4832  ANGLE   =      480.0844  DIHED      =     2977.7018
 VDWAALS =    17458.4917  EEL     =  -146628.9463  HBOND      =        0.0000
 1-4 VDW =      828.1539  1-4 EEL =    11211.9628  RESTRAINT  =        0.0000


   NSTEP       ENERGY          RMS            GMAX         NAME    NUMBER
   6350      -1.0598E+05     7.9650E-02     5.3878E+00     CD        860

 BOND    =     7695.7484  ANGLE   =      480.1640  DIHED      =     2977.6895
 VDWAALS =    17459.2275  EEL     =  -146631.3017  HBOND      =        0.0000
 1-4 VDW =      828.1126  1-4 EEL =    11211.7693  RESTRAINT  =        0.0000


   NSTEP       ENERGY          RMS            GMAX         NAME    NUMBER
   6400      -1.0598E+05     2.2750E-02     1.1692E+00     H2       4583

 BOND    =     7695.8332  ANGLE   =      480.2305  DIHED      =     2977.6752
 VDWAALS =    17459.9784  EEL     =  -146633.5398  HBOND      =        0.0000
 1-4 VDW =      828.0836  1-4 EEL =    11211.5816  RESTRAINT  =        0.0000


   NSTEP       ENERGY          RMS            GMAX         NAME    NUMBER
   6450      -1.0598E+05     6.8977E-02     9.6880E+00     CD        860

 BOND    =     7696.1274  ANGLE   =      480.2892  DIHED      =     2977.6626
 VDWAALS =    17460.8020  EEL     =  -146635.8537  HBOND      =        0.0000
 1-4 VDW =      828.0467  1-4 EEL =    11211.4003  RESTRAINT  =        0.0000


   NSTEP       ENERGY          RMS            GMAX         NAME    NUMBER
   6500      -1.0598E+05     2.2164E-02     8.2790E-01     H2       4583

 BOND    =     7696.2208  ANGLE   =      480.3710  DIHED      =     2977.6438
 VDWAALS =    17461.5942  EEL     =  -146637.9464  HBOND      =        0.0000
 1-4 VDW =      828.0109  1-4 EEL =    11211.2298  RESTRAINT  =        0.0000


   NSTEP       ENERGY          RMS            GMAX         NAME    NUMBER
   6550      -1.0598E+05     3.3210E-02     1.9097E+00     CD        860

 BOND    =     7696.4481  ANGLE   =      480.4334  DIHED      =     2977.6250
 VDWAALS =    17462.4445  EEL     =  -146640.0881  HBOND      =        0.0000
 1-4 VDW =      827.9748  1-4 EEL =    11211.0610  RESTRAINT  =        0.0000


   NSTEP       ENERGY          RMS            GMAX         NAME    NUMBER
   6600      -1.0599E+05     2.2281E-02     5.9459E-01     CG       1167

 BOND    =     7696.6367  ANGLE   =      480.4910  DIHED      =     2977.6040
 VDWAALS =    17463.3040  EEL     =  -146642.2052  HBOND      =        0.0000
 1-4 VDW =      827.9424  1-4 EEL =    11210.8896  RESTRAINT  =        0.0000


   NSTEP       ENERGY          RMS            GMAX         NAME    NUMBER
   6650      -1.0599E+05     3.9145E-02     1.8482E+00     CG       1167

 BOND    =     7696.8725  ANGLE   =      480.5463  DIHED      =     2977.5795
 VDWAALS =    17464.2113  EEL     =  -146644.4238  HBOND      =        0.0000
 1-4 VDW =      827.9087  1-4 EEL =    11210.7155  RESTRAINT  =        0.0000


   NSTEP       ENERGY          RMS            GMAX         NAME    NUMBER
   6700      -1.0599E+05     2.0381E-02     5.4380E-01     H2       7448

 BOND    =     7697.0892  ANGLE   =      480.6033  DIHED      =     2977.5520
 VDWAALS =    17465.0689  EEL     =  -146646.4543  HBOND      =        0.0000
 1-4 VDW =      827.8743  1-4 EEL =    11210.5516  RESTRAINT  =        0.0000


   NSTEP       ENERGY          RMS            GMAX         NAME    NUMBER
   6750      -1.0599E+05     2.1545E-02     5.7459E-01     CG       1829

 BOND    =     7697.3105  ANGLE   =      480.6523  DIHED      =     2977.5231
 VDWAALS =    17465.8844  EEL     =  -146648.4367  HBOND      =        0.0000
 1-4 VDW =      827.8433  1-4 EEL =    11210.3912  RESTRAINT  =        0.0000


   NSTEP       ENERGY          RMS            GMAX         NAME    NUMBER
   6800      -1.0599E+05     5.8868E-02     2.9502E+00     CG       1167

 BOND    =     7697.6039  ANGLE   =      480.7073  DIHED      =     2977.4901
 VDWAALS =    17466.7219  EEL     =  -146650.4760  HBOND      =        0.0000
 1-4 VDW =      827.8097  1-4 EEL =    11210.2249  RESTRAINT  =        0.0000


   NSTEP       ENERGY          RMS            GMAX         NAME    NUMBER
   6850      -1.0599E+05     2.0145E-02     1.1659E+00     CD        860

 BOND    =     7697.7469  ANGLE   =      480.7441  DIHED      =     2977.4572
 VDWAALS =    17467.4861  EEL     =  -146652.2243  HBOND      =        0.0000
 1-4 VDW =      827.7834  1-4 EEL =    11210.0673  RESTRAINT  =        0.0000


   NSTEP       ENERGY          RMS            GMAX         NAME    NUMBER
   6900      -1.0599E+05     6.2829E-02     1.0714E+01     CD        860

 BOND    =     7697.9176  ANGLE   =      480.8022  DIHED      =     2977.4223
 VDWAALS =    17468.1487  EEL     =  -146653.7894  HBOND      =        0.0000
 1-4 VDW =      827.7584  1-4 EEL =    11209.9224  RESTRAINT  =        0.0000


   NSTEP       ENERGY          RMS            GMAX         NAME    NUMBER
   6950      -1.0599E+05     2.5760E-02     3.2350E+00     CD        860

 BOND    =     7698.1725  ANGLE   =      480.8161  DIHED      =     2977.3924
 VDWAALS =    17468.8016  EEL     =  -146655.4611  HBOND      =        0.0000
 1-4 VDW =      827.7297  1-4 EEL =    11209.7843  RESTRAINT  =        0.0000


   NSTEP       ENERGY          RMS            GMAX         NAME    NUMBER
   7000      -1.0599E+05     5.1266E-02     8.5463E+00     CD        860

 BOND    =     7698.4224  ANGLE   =      480.8471  DIHED      =     2977.3585
 VDWAALS =    17469.4152  EEL     =  -146657.0445  HBOND      =        0.0000
 1-4 VDW =      827.7033  1-4 EEL =    11209.6441  RESTRAINT  =        0.0000


   NSTEP       ENERGY          RMS            GMAX         NAME    NUMBER
   7050      -1.0599E+05     2.1103E-02     1.9146E+00     CD        860

 BOND    =     7698.5211  ANGLE   =      480.8974  DIHED      =     2977.3202
 VDWAALS =    17469.9780  EEL     =  -146658.5371  HBOND      =        0.0000
 1-4 VDW =      827.6807  1-4 EEL =    11209.5047  RESTRAINT  =        0.0000


   NSTEP       ENERGY          RMS            GMAX         NAME    NUMBER
   7100      -1.0600E+05     1.9248E-02     1.1589E+00     CD        860

 BOND    =     7698.7128  ANGLE   =      480.9321  DIHED      =     2977.2841
 VDWAALS =    17470.5159  EEL     =  -146660.0086  HBOND      =        0.0000
 1-4 VDW =      827.6565  1-4 EEL =    11209.3686  RESTRAINT  =        0.0000


   NSTEP       ENERGY          RMS            GMAX         NAME    NUMBER
   7150      -1.0600E+05     6.0396E-02     1.0259E+01     CD        860

 BOND    =     7698.8727  ANGLE   =      480.9847  DIHED      =     2977.2441
 VDWAALS =    17471.0399  EEL     =  -146661.4420  HBOND      =        0.0000
 1-4 VDW =      827.6341  1-4 EEL =    11209.2293  RESTRAINT  =        0.0000


   NSTEP       ENERGY          RMS            GMAX         NAME    NUMBER
   7200      -1.0600E+05     2.1958E-02     2.2258E+00     CD        860

 BOND    =     7699.1168  ANGLE   =      481.0006  DIHED      =     2977.2074
 VDWAALS =    17471.5745  EEL     =  -146662.9521  HBOND      =        0.0000
 1-4 VDW =      827.6069  1-4 EEL =    11209.0888  RESTRAINT  =        0.0000


   NSTEP       ENERGY          RMS            GMAX         NAME    NUMBER
   7250      -1.0600E+05     5.0643E-02     8.2908E+00     CD        860

 BOND    =     7699.3576  ANGLE   =      481.0298  DIHED      =     2977.1693
 VDWAALS =    17472.0707  EEL     =  -146664.3696  HBOND      =        0.0000
 1-4 VDW =      827.5824  1-4 EEL =    11208.9523  RESTRAINT  =        0.0000


   NSTEP       ENERGY          RMS            GMAX         NAME    NUMBER
   7300      -1.0600E+05     7.6291E-02     1.2554E+01     CD        860

 BOND    =     7699.5957  ANGLE   =      481.0629  DIHED      =     2977.1302
 VDWAALS =    17472.5549  EEL     =  -146665.7771  HBOND      =        0.0000
 1-4 VDW =      827.5591  1-4 EEL =    11208.8153  RESTRAINT  =        0.0000


   NSTEP       ENERGY          RMS            GMAX         NAME    NUMBER
   7350      -1.0600E+05     2.9587E-02     3.0634E+00     CD        860

 BOND    =     7699.6262  ANGLE   =      481.1137  DIHED      =     2977.0866
 VDWAALS =    17472.9810  EEL     =  -146667.0299  HBOND      =        0.0000
 1-4 VDW =      827.5375  1-4 EEL =    11208.6795  RESTRAINT  =        0.0000


   NSTEP       ENERGY          RMS            GMAX         NAME    NUMBER
   7400      -1.0600E+05     6.1335E-02     8.6014E+00     CD       1772

 BOND    =     7699.8252  ANGLE   =      481.1512  DIHED      =     2977.0449
 VDWAALS =    17473.4235  EEL     =  -146668.3214  HBOND      =        0.0000
 1-4 VDW =      827.5118  1-4 EEL =    11208.5454  RESTRAINT  =        0.0000


   NSTEP       ENERGY          RMS            GMAX         NAME    NUMBER
   7450      -1.0600E+05     1.9286E-02     5.6818E-01     H2       7448

 BOND    =     7700.0008  ANGLE   =      481.1808  DIHED      =     2977.0044
 VDWAALS =    17473.9164  EEL     =  -146669.7893  HBOND      =        0.0000
 1-4 VDW =      827.4919  1-4 EEL =    11208.4046  RESTRAINT  =        0.0000


   NSTEP       ENERGY          RMS            GMAX         NAME    NUMBER
   7500      -1.0600E+05     4.8710E-02     2.8733E+00     H2      24707

 BOND    =     7700.2583  ANGLE   =      481.2171  DIHED      =     2976.9603
 VDWAALS =    17474.4145  EEL     =  -146671.2778  HBOND      =        0.0000
 1-4 VDW =      827.4687  1-4 EEL =    11208.2555  RESTRAINT  =        0.0000


   NSTEP       ENERGY          RMS            GMAX         NAME    NUMBER
   7550      -1.0600E+05     1.9812E-02     7.5774E-01     H2      24707

 BOND    =     7700.3515  ANGLE   =      481.2572  DIHED      =     2976.9159
 VDWAALS =    17474.9194  EEL     =  -146672.6408  HBOND      =        0.0000
 1-4 VDW =      827.4439  1-4 EEL =    11208.1182  RESTRAINT  =        0.0000


   NSTEP       ENERGY          RMS            GMAX         NAME    NUMBER
   7600      -1.0600E+05     2.3988E-02     1.3990E+00     H2      24707

 BOND    =     7700.5123  ANGLE   =      481.2956  DIHED      =     2976.8718
 VDWAALS =    17475.4369  EEL     =  -146674.0732  HBOND      =        0.0000
 1-4 VDW =      827.4202  1-4 EEL =    11207.9767  RESTRAINT  =        0.0000


   NSTEP       ENERGY          RMS            GMAX         NAME    NUMBER
   7650      -1.0601E+05     1.7626E-02     5.0763E-01     H2       7448

 BOND    =     7700.7626  ANGLE   =      481.3351  DIHED      =     2976.8277
 VDWAALS =    17475.9637  EEL     =  -146675.5378  HBOND      =        0.0000
 1-4 VDW =      827.3983  1-4 EEL =    11207.8243  RESTRAINT  =        0.0000


   NSTEP       ENERGY          RMS            GMAX         NAME    NUMBER
   7700      -1.0601E+05     3.0772E-02     2.0029E+00     C        1950

 BOND    =     7701.0261  ANGLE   =      481.3866  DIHED      =     2976.7839
 VDWAALS =    17476.4943  EEL     =  -146677.0674  HBOND      =        0.0000
 1-4 VDW =      827.3765  1-4 EEL =    11207.6697  RESTRAINT  =        0.0000


   NSTEP       ENERGY          RMS            GMAX         NAME    NUMBER
   7750      -1.0601E+05     1.7278E-02     4.8316E-01     O        4692

 BOND    =     7701.0988  ANGLE   =      481.4089  DIHED      =     2976.7393
 VDWAALS =    17477.0296  EEL     =  -146678.4288  HBOND      =        0.0000
 1-4 VDW =      827.3533  1-4 EEL =    11207.5397  RESTRAINT  =        0.0000


   NSTEP       ENERGY          RMS            GMAX         NAME    NUMBER
   7800      -1.0601E+05     1.7671E-02     4.9866E-01     O        4692

 BOND    =     7701.2815  ANGLE   =      481.4474  DIHED      =     2976.6964
 VDWAALS =    17477.5303  EEL     =  -146679.8237  HBOND      =        0.0000
 1-4 VDW =      827.3317  1-4 EEL =    11207.3974  RESTRAINT  =        0.0000


   NSTEP       ENERGY          RMS            GMAX         NAME    NUMBER
   7850      -1.0601E+05     4.4070E-02     2.8515E+00     C         977

 BOND    =     7701.4925  ANGLE   =      481.4621  DIHED      =     2976.6556
 VDWAALS =    17478.0538  EEL     =  -146681.2623  HBOND      =        0.0000
 1-4 VDW =      827.3114  1-4 EEL =    11207.2650  RESTRAINT  =        0.0000


   NSTEP       ENERGY          RMS            GMAX         NAME    NUMBER
   7900      -1.0601E+05     1.8909E-02     6.1394E-01     H1      19294

 BOND    =     7701.6410  ANGLE   =      481.5401  DIHED      =     2976.6102
 VDWAALS =    17478.5631  EEL     =  -146682.7023  HBOND      =        0.0000
 1-4 VDW =      827.2881  1-4 EEL =    11207.1050  RESTRAINT  =        0.0000


   NSTEP       ENERGY          RMS            GMAX         NAME    NUMBER
   7950      -1.0601E+05     3.2431E-02     1.4024E+00     CE3      1012

 BOND    =     7701.8354  ANGLE   =      481.5882  DIHED      =     2976.5672
 VDWAALS =    17479.0973  EEL     =  -146684.1738  HBOND      =        0.0000
 1-4 VDW =      827.2661  1-4 EEL =    11206.9621  RESTRAINT  =        0.0000


   NSTEP       ENERGY          RMS            GMAX         NAME    NUMBER
   8000      -1.0601E+05     4.9358E-02     2.8448E+00     CE1      3292

 BOND    =     7702.0501  ANGLE   =      481.6315  DIHED      =     2976.5263
 VDWAALS =    17479.6050  EEL     =  -146685.7245  HBOND      =        0.0000
 1-4 VDW =      827.2443  1-4 EEL =    11206.8270  RESTRAINT  =        0.0000


   NSTEP       ENERGY          RMS            GMAX         NAME    NUMBER
   8050      -1.0601E+05     7.5508E-02     5.5225E+00     CD       1105

 BOND    =     7702.2802  ANGLE   =      481.6774  DIHED      =     2976.4864
 VDWAALS =    17480.1175  EEL     =  -146687.3066  HBOND      =        0.0000
 1-4 VDW =      827.2274  1-4 EEL =    11206.6866  RESTRAINT  =        0.0000


   NSTEP       ENERGY          RMS            GMAX         NAME    NUMBER
   8100      -1.0601E+05     4.3462E-02     2.8458E+00     CE1      3292

 BOND    =     7702.3711  ANGLE   =      481.6899  DIHED      =     2976.4464
 VDWAALS =    17480.6149  EEL     =  -146688.7889  HBOND      =        0.0000
 1-4 VDW =      827.2114  1-4 EEL =    11206.5351  RESTRAINT  =        0.0000


   NSTEP       ENERGY          RMS            GMAX         NAME    NUMBER
   8150      -1.0601E+05     5.9443E-02     4.2030E+00     CE1      3292

 BOND    =     7702.5700  ANGLE   =      481.7335  DIHED      =     2976.4055
 VDWAALS =    17481.1566  EEL     =  -146690.4390  HBOND      =        0.0000
 1-4 VDW =      827.1928  1-4 EEL =    11206.3931  RESTRAINT  =        0.0000


   NSTEP       ENERGY          RMS            GMAX         NAME    NUMBER
   8200      -1.0602E+05     3.3123E-02     2.0636E+00     CE1      3292

 BOND    =     7702.7900  ANGLE   =      481.7972  DIHED      =     2976.3691
 VDWAALS =    17481.7544  EEL     =  -146692.2643  HBOND      =        0.0000
 1-4 VDW =      827.1675  1-4 EEL =    11206.2771  RESTRAINT  =        0.0000


   NSTEP       ENERGY          RMS            GMAX         NAME    NUMBER
   8250      -1.0602E+05     5.2424E-02     3.7271E+00     CE1      3292

 BOND    =     7703.0416  ANGLE   =      481.8477  DIHED      =     2976.3327
 VDWAALS =    17482.4013  EEL     =  -146694.1206  HBOND      =        0.0000
 1-4 VDW =      827.1466  1-4 EEL =    11206.1517  RESTRAINT  =        0.0000


   NSTEP       ENERGY          RMS            GMAX         NAME    NUMBER
   8300      -1.0602E+05     2.4272E-02     1.4303E+00     H1      19294

 BOND    =     7703.2231  ANGLE   =      481.8662  DIHED      =     2976.2942
 VDWAALS =    17483.1151  EEL     =  -146695.9652  HBOND      =        0.0000
 1-4 VDW =      827.1311  1-4 EEL =    11206.0073  RESTRAINT  =        0.0000


   NSTEP       ENERGY          RMS            GMAX         NAME    NUMBER
   8350      -1.0602E+05     5.0023E-02     4.9247E+00     CD        860

 BOND    =     7703.5020  ANGLE   =      481.8970  DIHED      =     2976.2581
 VDWAALS =    17483.9050  EEL     =  -146697.9311  HBOND      =        0.0000
 1-4 VDW =      827.1116  1-4 EEL =    11205.8760  RESTRAINT  =        0.0000


   NSTEP       ENERGY          RMS            GMAX         NAME    NUMBER
   8400      -1.0602E+05     1.9618E-02     1.1089E+00     H1      19294

 BOND    =     7703.6993  ANGLE   =      481.9573  DIHED      =     2976.2234
 VDWAALS =    17484.7108  EEL     =  -146699.8580  HBOND      =        0.0000
 1-4 VDW =      827.0907  1-4 EEL =    11205.7678  RESTRAINT  =        0.0000


   NSTEP       ENERGY          RMS            GMAX         NAME    NUMBER
   8450      -1.0602E+05     4.2003E-02     4.3441E+00     CD        860

 BOND    =     7703.9705  ANGLE   =      481.9993  DIHED      =     2976.1916
 VDWAALS =    17485.5253  EEL     =  -146701.7555  HBOND      =        0.0000
 1-4 VDW =      827.0696  1-4 EEL =    11205.6609  RESTRAINT  =        0.0000


   NSTEP       ENERGY          RMS            GMAX         NAME    NUMBER
   8500      -1.0602E+05     6.2469E-02     7.9107E+00     CD        860

 BOND    =     7704.2373  ANGLE   =      482.0398  DIHED      =     2976.1594
 VDWAALS =    17486.3572  EEL     =  -146703.5986  HBOND      =        0.0000
 1-4 VDW =      827.0485  1-4 EEL =    11205.5506  RESTRAINT  =        0.0000


   NSTEP       ENERGY          RMS            GMAX         NAME    NUMBER
   8550      -1.0602E+05     1.8337E-02     6.5651E-01     H2      13637

 BOND    =     7704.3342  ANGLE   =      482.0686  DIHED      =     2976.1256
 VDWAALS =    17487.1291  EEL     =  -146705.2201  HBOND      =        0.0000
 1-4 VDW =      827.0344  1-4 EEL =    11205.4307  RESTRAINT  =        0.0000


   NSTEP       ENERGY          RMS            GMAX         NAME    NUMBER
   8600      -1.0602E+05     4.7783E-02     3.4025E+00     CE1      3292

 BOND    =     7704.5552  ANGLE   =      482.0960  DIHED      =     2976.0929
 VDWAALS =    17487.9213  EEL     =  -146706.9368  HBOND      =        0.0000
 1-4 VDW =      827.0161  1-4 EEL =    11205.3138  RESTRAINT  =        0.0000


   NSTEP       ENERGY          RMS            GMAX         NAME    NUMBER
   8650      -1.0602E+05     2.1644E-02     1.1137E+00     CE1      3292

 BOND    =     7704.7351  ANGLE   =      482.1512  DIHED      =     2976.0625
 VDWAALS =    17488.6610  EEL     =  -146708.6157  HBOND      =        0.0000
 1-4 VDW =      826.9943  1-4 EEL =    11205.2238  RESTRAINT  =        0.0000


   NSTEP       ENERGY          RMS            GMAX         NAME    NUMBER
   8700      -1.0603E+05     4.7130E-02     5.3741E+00     CD        860

 BOND    =     7704.9918  ANGLE   =      482.1869  DIHED      =     2976.0334
 VDWAALS =    17489.4160  EEL     =  -146710.3280  HBOND      =        0.0000
 1-4 VDW =      826.9724  1-4 EEL =    11205.1252  RESTRAINT  =        0.0000


   NSTEP       ENERGY          RMS            GMAX         NAME    NUMBER
   8750      -1.0603E+05     6.6986E-02     8.8361E+00     CD        860

 BOND    =     7705.0970  ANGLE   =      482.2477  DIHED      =     2976.0009
 VDWAALS =    17490.0908  EEL     =  -146711.7810  HBOND      =        0.0000
 1-4 VDW =      826.9566  1-4 EEL =    11205.0297  RESTRAINT  =        0.0000


   NSTEP       ENERGY          RMS            GMAX         NAME    NUMBER
   8800      -1.0603E+05     2.6119E-02     1.6894E+00     CE1      3292

 BOND    =     7705.2672  ANGLE   =      482.2429  DIHED      =     2975.9716
 VDWAALS =    17490.8072  EEL     =  -146713.4368  HBOND      =        0.0000
 1-4 VDW =      826.9390  1-4 EEL =    11204.9176  RESTRAINT  =        0.0000


   NSTEP       ENERGY          RMS            GMAX         NAME    NUMBER
   8850      -1.0603E+05     5.9151E-02     4.1192E+00     CE1      3292

 BOND    =     7705.4790  ANGLE   =      482.2625  DIHED      =     2975.9424
 VDWAALS =    17491.4967  EEL     =  -146715.0234  HBOND      =        0.0000
 1-4 VDW =      826.9198  1-4 EEL =    11204.8175  RESTRAINT  =        0.0000


   NSTEP       ENERGY          RMS            GMAX         NAME    NUMBER
   8900      -1.0603E+05     1.8061E-02     7.1809E-01     H2      13637

 BOND    =     7705.6084  ANGLE   =      482.3185  DIHED      =     2975.9149
 VDWAALS =    17492.1608  EEL     =  -146716.5933  HBOND      =        0.0000
 1-4 VDW =      826.8999  1-4 EEL =    11204.7397  RESTRAINT  =        0.0000


   NSTEP       ENERGY          RMS            GMAX         NAME    NUMBER
   8950      -1.0603E+05     5.2839E-02     8.7520E+00     CD        860

 BOND    =     7705.7370  ANGLE   =      482.3668  DIHED      =     2975.8841
 VDWAALS =    17492.8181  EEL     =  -146718.0602  HBOND      =        0.0000
 1-4 VDW =      826.8837  1-4 EEL =    11204.6477  RESTRAINT  =        0.0000


   NSTEP       ENERGY          RMS            GMAX         NAME    NUMBER
   9000      -1.0603E+05     1.9047E-02     1.8354E+00     CD        860

 BOND    =     7705.9224  ANGLE   =      482.3735  DIHED      =     2975.8621
 VDWAALS =    17493.4345  EEL     =  -146719.4399  HBOND      =        0.0000
 1-4 VDW =      826.8645  1-4 EEL =    11204.5699  RESTRAINT  =        0.0000


   NSTEP       ENERGY          RMS            GMAX         NAME    NUMBER
   9050      -1.0603E+05     4.4936E-02     7.2097E+00     CD        860

 BOND    =     7706.1142  ANGLE   =      482.3942  DIHED      =     2975.8390
 VDWAALS =    17494.0188  EEL     =  -146720.7769  HBOND      =        0.0000
 1-4 VDW =      826.8465  1-4 EEL =    11204.4939  RESTRAINT  =        0.0000


   NSTEP       ENERGY          RMS            GMAX         NAME    NUMBER
   9100      -1.0603E+05     6.8167E-02     1.1284E+01     CD        860

 BOND    =     7706.3055  ANGLE   =      482.4168  DIHED      =     2975.8162
 VDWAALS =    17494.6117  EEL     =  -146722.1373  HBOND      =        0.0000
 1-4 VDW =      826.8288  1-4 EEL =    11204.4202  RESTRAINT  =        0.0000


   NSTEP       ENERGY          RMS            GMAX         NAME    NUMBER
   9150      -1.0603E+05     2.6681E-02     3.6117E+00     CD        860

 BOND    =     7706.3027  ANGLE   =      482.4661  DIHED      =     2975.7899
 VDWAALS =    17495.1495  EEL     =  -146723.3287  HBOND      =        0.0000
 1-4 VDW =      826.8171  1-4 EEL =    11204.3475  RESTRAINT  =        0.0000


   NSTEP       ENERGY          RMS            GMAX         NAME    NUMBER
   9200      -1.0603E+05     5.7089E-02     9.1373E+00     CD        860

 BOND    =     7706.4287  ANGLE   =      482.5058  DIHED      =     2975.7656
 VDWAALS =    17495.6991  EEL     =  -146724.5994  HBOND      =        0.0000
 1-4 VDW =      826.8027  1-4 EEL =    11204.2776  RESTRAINT  =        0.0000


   NSTEP       ENERGY          RMS            GMAX         NAME    NUMBER
   9250      -1.0603E+05     3.0549E-02     4.0412E+00     CD        860

 BOND    =     7706.6357  ANGLE   =      482.5080  DIHED      =     2975.7454
 VDWAALS =    17496.2830  EEL     =  -146725.9969  HBOND      =        0.0000
 1-4 VDW =      826.7814  1-4 EEL =    11204.2047  RESTRAINT  =        0.0000


   NSTEP       ENERGY          RMS            GMAX         NAME    NUMBER
   9300      -1.0603E+05     4.5931E-02     5.6781E+00     CD        860

 BOND    =     7706.7992  ANGLE   =      482.5328  DIHED      =     2975.7227
 VDWAALS =    17496.8336  EEL     =  -146727.3275  HBOND      =        0.0000
 1-4 VDW =      826.7641  1-4 EEL =    11204.1338  RESTRAINT  =        0.0000


   NSTEP       ENERGY          RMS            GMAX         NAME    NUMBER
   9350      -1.0604E+05     6.3395E-02     3.2621E+00     H2      13523

 BOND    =     7706.9456  ANGLE   =      482.5692  DIHED      =     2975.6981
 VDWAALS =    17497.3747  EEL     =  -146728.6241  HBOND      =        0.0000
 1-4 VDW =      826.7489  1-4 EEL =    11204.0641  RESTRAINT  =        0.0000


   NSTEP       ENERGY          RMS            GMAX         NAME    NUMBER
   9400      -1.0604E+05     3.8063E-02     2.2282E+00     H2      13523

 BOND    =     7707.0400  ANGLE   =      482.6020  DIHED      =     2975.6721
 VDWAALS =    17497.9403  EEL     =  -146730.0298  HBOND      =        0.0000
 1-4 VDW =      826.7296  1-4 EEL =    11203.9941  RESTRAINT  =        0.0000


   NSTEP       ENERGY          RMS            GMAX         NAME    NUMBER
   9450      -1.0604E+05     5.4172E-02     3.6793E+00     H2      13523

 BOND    =     7707.2042  ANGLE   =      482.6313  DIHED      =     2975.6483
 VDWAALS =    17498.4767  EEL     =  -146731.3916  HBOND      =        0.0000
 1-4 VDW =      826.7111  1-4 EEL =    11203.9265  RESTRAINT  =        0.0000


   NSTEP       ENERGY          RMS            GMAX         NAME    NUMBER
   9500      -1.0604E+05     1.7008E-02     6.8871E-01     H1      24793

 BOND    =     7707.3386  ANGLE   =      482.6572  DIHED      =     2975.6254
 VDWAALS =    17498.9844  EEL     =  -146732.7085  HBOND      =        0.0000
 1-4 VDW =      826.6933  1-4 EEL =    11203.8535  RESTRAINT  =        0.0000


   NSTEP       ENERGY          RMS            GMAX         NAME    NUMBER
   9550      -1.0604E+05     4.8653E-02     2.7486E+00     H1      22927

 BOND    =     7707.5364  ANGLE   =      482.6945  DIHED      =     2975.6023
 VDWAALS =    17499.5015  EEL     =  -146734.0710  HBOND      =        0.0000
 1-4 VDW =      826.6740  1-4 EEL =    11203.7752  RESTRAINT  =        0.0000


   NSTEP       ENERGY          RMS            GMAX         NAME    NUMBER
   9600      -1.0604E+05     1.9248E-02     8.7505E-01     C        1950

 BOND    =     7707.6316  ANGLE   =      482.7102  DIHED      =     2975.5753
 VDWAALS =    17499.9945  EEL     =  -146735.3493  HBOND      =        0.0000
 1-4 VDW =      826.6550  1-4 EEL =    11203.7151  RESTRAINT  =        0.0000


   NSTEP       ENERGY          RMS            GMAX         NAME    NUMBER
   9650      -1.0604E+05     3.8831E-02     2.6598E+00     C        1935

 BOND    =     7707.7751  ANGLE   =      482.7257  DIHED      =     2975.5502
 VDWAALS =    17500.4688  EEL     =  -146736.7044  HBOND      =        0.0000
 1-4 VDW =      826.6375  1-4 EEL =    11203.6447  RESTRAINT  =        0.0000


   NSTEP       ENERGY          RMS            GMAX         NAME    NUMBER
   9700      -1.0604E+05     5.1660E-02     2.9631E+00     C        2066

 BOND    =     7707.9456  ANGLE   =      482.7509  DIHED      =     2975.5268
 VDWAALS =    17500.8952  EEL     =  -146738.0057  HBOND      =        0.0000
 1-4 VDW =      826.6186  1-4 EEL =    11203.5789  RESTRAINT  =        0.0000


   NSTEP       ENERGY          RMS            GMAX         NAME    NUMBER
   9750      -1.0604E+05     2.1807E-02     9.7551E-01     CE3      1012

 BOND    =     7708.0626  ANGLE   =      482.8046  DIHED      =     2975.5001
 VDWAALS =    17501.2825  EEL     =  -146739.2733  HBOND      =        0.0000
 1-4 VDW =      826.5937  1-4 EEL =    11203.5133  RESTRAINT  =        0.0000


   NSTEP       ENERGY          RMS            GMAX         NAME    NUMBER
   9800      -1.0604E+05     4.9715E-02     5.5854E+00     CD        860

 BOND    =     7708.1604  ANGLE   =      482.8411  DIHED      =     2975.4733
 VDWAALS =    17501.6232  EEL     =  -146740.4011  HBOND      =        0.0000
 1-4 VDW =      826.5747  1-4 EEL =    11203.4476  RESTRAINT  =        0.0000


   NSTEP       ENERGY          RMS            GMAX         NAME    NUMBER
   9850      -1.0604E+05     2.0582E-02     1.0668E+00     CE1      3292

 BOND    =     7708.3164  ANGLE   =      482.8570  DIHED      =     2975.4524
 VDWAALS =    17501.9306  EEL     =  -146741.5005  HBOND      =        0.0000
 1-4 VDW =      826.5550  1-4 EEL =    11203.3941  RESTRAINT  =        0.0000


   NSTEP       ENERGY          RMS            GMAX         NAME    NUMBER
   9900      -1.0604E+05     3.0049E-02     3.3803E+00     CD        860

 BOND    =     7708.4536  ANGLE   =      482.8782  DIHED      =     2975.4297
 VDWAALS =    17502.2020  EEL     =  -146742.5572  HBOND      =        0.0000
 1-4 VDW =      826.5357  1-4 EEL =    11203.3381  RESTRAINT  =        0.0000


   NSTEP       ENERGY          RMS            GMAX         NAME    NUMBER
   9950      -1.0604E+05     1.9259E-02     1.7886E+00     CD        860

 BOND    =     7708.4926  ANGLE   =      482.9081  DIHED      =     2975.4053
 VDWAALS =    17502.3940  EEL     =  -146743.4329  HBOND      =        0.0000
 1-4 VDW =      826.5197  1-4 EEL =    11203.2859  RESTRAINT  =        0.0000


   NSTEP       ENERGY          RMS            GMAX         NAME    NUMBER
  10000      -1.0605E+05     3.2735E-02     1.7263E+00     CE3      1012

 BOND    =     7708.5853  ANGLE   =      482.9324  DIHED      =     2975.3822
 VDWAALS =    17502.5830  EEL     =  -146744.3218  HBOND      =        0.0000
 1-4 VDW =      826.5002  1-4 EEL =    11203.2331  RESTRAINT  =        0.0000


  Maximum number of minimization cycles reached.


                    FINAL RESULTS



   NSTEP       ENERGY          RMS            GMAX         NAME    NUMBER
  10000      -1.0605E+05     3.2735E-02     1.7263E+00     CE3      1012

 BOND    =     7708.5853  ANGLE   =      482.9324  DIHED      =     2975.3822
 VDWAALS =    17502.5830  EEL     =  -146744.3218  HBOND      =        0.0000
 1-4 VDW =      826.5002  1-4 EEL =    11203.2331  RESTRAINT  =        0.0000
--------------------------------------------------------------------------------
   5.  TIMINGS
--------------------------------------------------------------------------------

|  NonSetup CPU Time in Major Routines:
|
|     Routine           Sec        %
|     ------------------------------
|     Nonbond          19.27   62.59
|     Bond              0.00    0.00
|     Angle             0.00    0.00
|     Dihedral          0.00    0.00
|     Shake             0.00    0.00
|     Other            11.52   37.41
|     ------------------------------
|     Total            30.79

|  PME Nonbond Pairlist CPU Time:
|
|     Routine              Sec        %
|     ---------------------------------
|     Set Up Cit           0.00    0.00
|     Build List           0.00    0.00
|     ---------------------------------
|     Total                0.00    0.00

|  PME Direct Force CPU Time:
|
|     Routine              Sec        %
|     ---------------------------------
|     NonBonded Calc       0.00    0.00
|     Exclude Masked       0.00    0.00
|     Other                0.02    0.07
|     ---------------------------------
|     Total                0.02    0.07

|  PME Reciprocal Force CPU Time:
|
|     Routine              Sec        %
|     ---------------------------------
|     1D bspline           0.00    0.00
|     Grid Charges         0.00    0.00
|     Scalar Sum           0.00    0.00
|     Gradient Sum         0.00    0.00
|     FFT                  0.00    0.00
|     ---------------------------------
|     Total                0.00    0.00

|  Setup CPU time:            0.67 seconds
|  NonSetup CPU time:        30.79 seconds
|  Total CPU time:           31.46 seconds     0.01 hours

|  Setup wall time:           0    seconds
|  NonSetup wall time:       31    seconds
|  Total wall time:          31    seconds     0.01 hours
