
          -------------------------------------------------------
          Amber 18 PMEMD                              2018
          -------------------------------------------------------

| PMEMD implementation of SANDER, Release 18

| Run on 01/29/2019 at 16:56:30

|   Executable path: /opt/software/Amber/18-foss-2018a/bin/pmemd.cuda
| Working directory: /mnt/home/songlin3/top_CdNi/Ni/keepCD2000/freemd
|          Hostname: lac-345

  [-O]verwriting output

File Assignments:
|   MDIN: min1.in                                                               
|  MDOUT: min1.out                                                              
| INPCRD: glx_1264.inpcrd                                                       
|   PARM: glx_1264.prmtop                                                       
| RESTRT: min1.rst                                                              
|   REFC: glx_1264.inpcrd                                                       
|  MDVEL: mdvel                                                                 
|   MDEN: mden                                                                  
|  MDCRD: min1.netcdf                                                           
| MDINFO: min1.mdinfo                                                           
|  MDFRC: mdfrc                                                                 


 Here is the input file:

minimize structure solvation                                                   
 &cntrl                                                                        
  imin=1,maxcyc=10000, ncyc=20000,                                             
  ntb=1, cut=10, ntwx=2000, ioutfm=1, iwrap=1,                                 
  ntr=1, restraintmask=':1-275', restraint_wt=200,                             
 /                                                                             
 &ewald                                                                        
 /                                                                             


Note: ig = -1. Setting random seed to   145884 based on wallclock time in 
      microseconds.
| irandom = 1, using AMBER's internal random number generator (default).
 
|--------------------- INFORMATION ----------------------
| GPU (CUDA) Version of PMEMD in use: NVIDIA GPU IN USE.
|                    Version 18.0.0
| 
|                      03/25/2018
| 
| Implementation by:
|                    Ross C. Walker     (SDSC)
|                    Scott Le Grand     (nVIDIA)
| 
| Version 18 performance extensions by:
|                    David Cerutti     (Rutgers)
| 
| Precision model in use:
|      [SPFP] - Single Precision Forces, 64-bit Fixed Point
|               Accumulation. (Default)
| 
|--------------------------------------------------------
 
|----------------- CITATION INFORMATION -----------------
|
|    When publishing work that utilized the CUDA version
|    of AMBER, please cite the following in addition to
|    the regular AMBER citations:
|
|  - Romelia Salomon-Ferrer; Andreas W. Goetz; Duncan
|    Poole; Scott Le Grand; Ross C. Walker "Routine
|    microsecond molecular dynamics simulations with
|    AMBER - Part II: Particle Mesh Ewald", J. Chem.
|    Theory Comput., 2013, 9 (9), pp3878-3888,
|    DOI: 10.1021/ct400314y.
|
|  - Andreas W. Goetz; Mark J. Williamson; Dong Xu;
|    Duncan Poole; Scott Le Grand; Ross C. Walker
|    "Routine microsecond molecular dynamics simulations
|    with AMBER - Part I: Generalized Born", J. Chem.
|    Theory Comput., 2012, 8 (5), pp1542-1555.
|
|  - Scott Le Grand; Andreas W. Goetz; Ross C. Walker
|    "SPFP: Speed without compromise - a mixed precision
|    model for GPU accelerated molecular dynamics
|    simulations.", Comp. Phys. Comm., 2013, 184
|    pp374-380, DOI: 10.1016/j.cpc.2012.09.022
|
|--------------------------------------------------------
 
|------------------- GPU DEVICE INFO --------------------
|
|            CUDA_VISIBLE_DEVICES: 0
|   CUDA Capable Devices Detected:      1
|           CUDA Device ID in use:      0
|                CUDA Device Name: Tesla K80
|     CUDA Device Global Mem Size:  11441 MB
| CUDA Device Num Multiprocessors:     13
|           CUDA Device Core Freq:   0.82 GHz
|
|--------------------------------------------------------
 
 
| Conditional Compilation Defines Used:
| PUBFFT
| BINTRAJ
| CUDA
| EMIL

| Largest sphere to fit in unit cell has radius =    30.123

| New format PARM file being parsed.
| Version =    1.000 Date = 01/29/19 Time = 16:51:42

| Note: 1-4 EEL scale factors are being read from the topology file.

| Note: 1-4 VDW scale factors are being read from the topology file.
| Duplicated    0 dihedrals

| Duplicated    0 dihedrals

--------------------------------------------------------------------------------
   1.  RESOURCE   USE: 
--------------------------------------------------------------------------------

 getting new box info from bottom of inpcrd
 NATOM  =   26702 NTYPES =      18 NBONH =   24583 MBONA  =    2144
 NTHETH =    4730 MTHETA =    2896 NPHIH =    9622 MPHIA  =    9100
 NHPARM =       0 NPARM  =       0 NNB   =   53049 NRES   =    7786
 NBONA  =    2144 NTHETA =    2896 NPHIA =    9100 NUMBND =      67
 NUMANG =     150 NPTRA  =     196 NATYP =      38 NPHB   =       1
 IFBOX  =       2 NMXRS  =      24 IFCAP =       0 NEXTRA =       0
 NCOPY  =       0

| Coordinate Index Table dimensions:    11   11   11
| Direct force subcell size =     6.7078    6.7078    6.7078

     BOX TYPE: TRUNCATED OCTAHEDRON

--------------------------------------------------------------------------------
   2.  CONTROL  DATA  FOR  THE  RUN
--------------------------------------------------------------------------------

default_name                                                                    

General flags:
     imin    =       1, nmropt  =       0

Nature and format of input:
     ntx     =       1, irest   =       0, ntrx    =       1

Nature and format of output:
     ntxo    =       2, ntpr    =      50, ntrx    =       1, ntwr    =       1
     iwrap   =       1, ntwx    =    2000, ntwv    =       0, ntwe    =       0
     ioutfm  =       1, ntwprt  =       0, idecomp =       0, rbornstat=      0

Potential function:
     ntf     =       1, ntb     =       1, igb     =       0, nsnb    =      25
     ipol    =       0, gbsa    =       0, iesp    =       0
     dielc   =   1.00000, cut     =  10.00000, intdiel =   1.00000
     lj1264  =       1

Frozen or restrained atoms:
     ibelly  =       0, ntr     =       1
     restraint_wt = 200.00000

Energy minimization:
     maxcyc  =   10000, ncyc    =   20000, ntmin   =       1
     dx0     =   0.01000, drms    =   0.00010

| Intermolecular bonds treatment:
|     no_intermolecular_bonds =       1

| Energy averages sample interval:
|     ene_avg_sampling =       1

Ewald parameters:
     verbose =       0, ew_type =       0, nbflag  =       1, use_pme =       1
     vdwmeth =       1, eedmeth =       1, netfrc  =       0
     Box X =   73.786   Box Y =   73.786   Box Z =   73.786
     Alpha =  109.471   Beta  =  109.471   Gamma =  109.471
     NFFT1 =   80       NFFT2 =   80       NFFT3 =   80
     Cutoff=   10.000   Tol   =0.100E-04
     Ewald Coefficient =  0.27511
     Interpolation order =    4

    LOADING THE CONSTRAINED ATOMS AS GROUPS


   5.  REFERENCE ATOM COORDINATES

                                                                                  
     Mask :1-275; matches  4189 atoms

--------------------------------------------------------------------------------
   3.  ATOMIC COORDINATES AND VELOCITIES
--------------------------------------------------------------------------------

                                                                                
 begin time read from input coords =     0.000 ps

 
 Number of triangulated 3-point waters found:     7501

     Sum of charges from parm topology file =  -0.00000010
     Forcing neutrality...

| Dynamic Memory, Types Used:
| Reals              840217
| Integers          1195456

| Nonbonded Pairs Initial Allocation:     8076687

| GPU memory information (estimate):
| KB of GPU memory in use:         0
| KB of CPU memory in use:         0

--------------------------------------------------------------------------------
   4.  RESULTS
--------------------------------------------------------------------------------



   NSTEP       ENERGY          RMS            GMAX         NAME    NUMBER
      1      -2.1007E+04     1.3492E+02     2.0630E+04     O        4737

 BOND    =     3045.1885  ANGLE   =      602.0918  DIHED      =     3040.5683
 VDWAALS =    51242.4557  EEL     =   -92090.0790  HBOND      =        0.0000
 1-4 VDW =     1267.3306  1-4 EEL =    11885.4947  RESTRAINT  =        0.0000


   NSTEP       ENERGY          RMS            GMAX         NAME    NUMBER
     50      -8.1779E+04     6.1151E+00     7.4367E+02     H1       4738

 BOND    =     4381.5599  ANGLE   =      459.4271  DIHED      =     3040.8598
 VDWAALS =     5123.9883  EEL     =  -107948.5498  HBOND      =        0.0000
 1-4 VDW =     1187.7433  1-4 EEL =    11785.3192  RESTRAINT  =      190.7803
 EAMBER  =   -81969.6523


   NSTEP       ENERGY          RMS            GMAX         NAME    NUMBER
    100      -8.5975E+04     3.6120E+00     3.5695E+02     H1       4738

 BOND    =     4934.4186  ANGLE   =      442.8306  DIHED      =     3040.2423
 VDWAALS =     5752.6134  EEL     =  -113303.8040  HBOND      =        0.0000
 1-4 VDW =     1187.9572  1-4 EEL =    11784.3207  RESTRAINT  =      186.0221
 EAMBER  =   -86161.4212


   NSTEP       ENERGY          RMS            GMAX         NAME    NUMBER
    150      -8.8016E+04     2.1740E+00     1.8028E+02     H1       4738

 BOND    =     4719.0569  ANGLE   =      449.4510  DIHED      =     3039.6738
 VDWAALS =     6416.8720  EEL     =  -115791.8982  HBOND      =        0.0000
 1-4 VDW =     1187.1043  1-4 EEL =    11785.7802  RESTRAINT  =      177.6380
 EAMBER  =   -88193.9600


   NSTEP       ENERGY          RMS            GMAX         NAME    NUMBER
    200      -8.9335E+04     1.1775E+00     9.3567E+01     H1       4738

 BOND    =     5061.6970  ANGLE   =      446.0484  DIHED      =     3039.2513
 VDWAALS =     7013.3666  EEL     =  -118045.7446  HBOND      =        0.0000
 1-4 VDW =     1186.8532  1-4 EEL =    11785.4925  RESTRAINT  =      178.3917
 EAMBER  =   -89513.0356


   NSTEP       ENERGY          RMS            GMAX         NAME    NUMBER
    250      -9.0305E+04     6.0096E-01     2.4495E+01     H1       4738

 BOND    =     5111.1697  ANGLE   =      446.3573  DIHED      =     3039.0454
 VDWAALS =     7548.3254  EEL     =  -119598.8630  HBOND      =        0.0000
 1-4 VDW =     1186.7193  1-4 EEL =    11785.8290  RESTRAINT  =      176.8329
 EAMBER  =   -90481.4170


   NSTEP       ENERGY          RMS            GMAX         NAME    NUMBER
    300      -9.1078E+04     1.1035E+00     1.0100E+02     H1       4738

 BOND    =     5210.4111  ANGLE   =      446.4137  DIHED      =     3038.8844
 VDWAALS =     8040.1785  EEL     =  -120963.1251  HBOND      =        0.0000
 1-4 VDW =     1186.6181  1-4 EEL =    11786.0185  RESTRAINT  =      176.3525
 EAMBER  =   -91254.6007


   NSTEP       ENERGY          RMS            GMAX         NAME    NUMBER
    350      -9.1714E+04     1.6897E+00     1.7227E+02     CD       2954

 BOND    =     5320.7936  ANGLE   =      447.4265  DIHED      =     3038.7672
 VDWAALS =     8488.6683  EEL     =  -122158.1288  HBOND      =        0.0000
 1-4 VDW =     1186.6972  1-4 EEL =    11786.1787  RESTRAINT  =      175.8053
 EAMBER  =   -91889.5974


   NSTEP       ENERGY          RMS            GMAX         NAME    NUMBER
    400      -9.2293E+04     7.2354E-01     6.0330E+01     H1       4738

 BOND    =     5500.4360  ANGLE   =      446.2967  DIHED      =     3038.6409
 VDWAALS =     8891.6965  EEL     =  -123318.2425  HBOND      =        0.0000
 1-4 VDW =     1186.5082  1-4 EEL =    11786.2272  RESTRAINT  =      175.3715
 EAMBER  =   -92468.4369


   NSTEP       ENERGY          RMS            GMAX         NAME    NUMBER
    450      -9.2765E+04     1.3146E+00     1.3860E+02     H1       4738

 BOND    =     5626.9795  ANGLE   =      446.0301  DIHED      =     3038.5485
 VDWAALS =     9256.5836  EEL     =  -124281.4913  HBOND      =        0.0000
 1-4 VDW =     1186.3999  1-4 EEL =    11786.3203  RESTRAINT  =      175.5184
 EAMBER  =   -92940.6293


   NSTEP       ENERGY          RMS            GMAX         NAME    NUMBER
    500      -9.3220E+04     7.6841E-01     7.5246E+01     H1       4738

 BOND    =     5609.6858  ANGLE   =      446.0960  DIHED      =     3038.4947
 VDWAALS =     9592.0190  EEL     =  -125054.3471  HBOND      =        0.0000
 1-4 VDW =     1186.3569  1-4 EEL =    11786.4311  RESTRAINT  =      175.0184
 EAMBER  =   -93395.2636


   NSTEP       ENERGY          RMS            GMAX         NAME    NUMBER
    550      -9.3625E+04     1.1846E+00     1.1247E+02     H1       4738

 BOND    =     5669.0978  ANGLE   =      446.4665  DIHED      =     3038.4469
 VDWAALS =     9908.8382  EEL     =  -125835.1728  HBOND      =        0.0000
 1-4 VDW =     1186.3888  1-4 EEL =    11786.5138  RESTRAINT  =      174.5283
 EAMBER  =   -93799.4209


   NSTEP       ENERGY          RMS            GMAX         NAME    NUMBER
    600      -9.4005E+04     3.9200E-01     1.6784E+01     H1       4738

 BOND    =     5788.3962  ANGLE   =      446.0386  DIHED      =     3038.3701
 VDWAALS =    10189.5847  EEL     =  -126614.8136  HBOND      =        0.0000
 1-4 VDW =     1186.2814  1-4 EEL =    11786.5301  RESTRAINT  =      174.8728
 EAMBER  =   -94179.6125


   NSTEP       ENERGY          RMS            GMAX         NAME    NUMBER
    650      -9.4334E+04     1.0146E+00     9.1983E+01     H1       4738

 BOND    =     5897.6584  ANGLE   =      445.9512  DIHED      =     3038.3090
 VDWAALS =    10451.4452  EEL     =  -127315.3883  HBOND      =        0.0000
 1-4 VDW =     1186.1889  1-4 EEL =    11786.5455  RESTRAINT  =      175.3282
 EAMBER  =   -94509.2900


   NSTEP       ENERGY          RMS            GMAX         NAME    NUMBER
    700      -9.4626E+04     1.4724E+00     1.5238E+02     H1       4738

 BOND    =     5980.4405  ANGLE   =      446.4660  DIHED      =     3038.2935
 VDWAALS =    10687.7233  EEL     =  -127926.3921  HBOND      =        0.0000
 1-4 VDW =     1186.2901  1-4 EEL =    11786.5727  RESTRAINT  =      174.4894
 EAMBER  =   -94800.6059


   NSTEP       ENERGY          RMS            GMAX         NAME    NUMBER
    750      -9.4930E+04     9.4332E-01     9.3201E+01     H1       4738

 BOND    =     5924.3196  ANGLE   =      445.7669  DIHED      =     3038.2473
 VDWAALS =    10910.7810  EEL     =  -128396.8338  HBOND      =        0.0000
 1-4 VDW =     1186.1257  1-4 EEL =    11786.5876  RESTRAINT  =      175.2021
 EAMBER  =   -95105.0058


   NSTEP       ENERGY          RMS            GMAX         NAME    NUMBER
    800      -9.5206E+04     3.7878E-01     2.6817E+01     H2       4739

 BOND    =     6008.9376  ANGLE   =      445.8253  DIHED      =     3038.2174
 VDWAALS =    11119.7939  EEL     =  -128966.6718  HBOND      =        0.0000
 1-4 VDW =     1186.1683  1-4 EEL =    11786.5701  RESTRAINT  =      174.7845
 EAMBER  =   -95381.1592


   NSTEP       ENERGY          RMS            GMAX         NAME    NUMBER
    850      -9.5457E+04     7.4628E-01     8.1871E+01     H2       4739

 BOND    =     6076.4633  ANGLE   =      445.7422  DIHED      =     3038.1878
 VDWAALS =    11319.2967  EEL     =  -129483.7621  HBOND      =        0.0000
 1-4 VDW =     1186.1608  1-4 EEL =    11786.5507  RESTRAINT  =      174.8143
 EAMBER  =   -95631.3605


   NSTEP       ENERGY          RMS            GMAX         NAME    NUMBER
    900      -9.5699E+04     3.3980E-01     2.0846E+01     H1       4738

 BOND    =     6083.8510  ANGLE   =      445.6922  DIHED      =     3038.1697
 VDWAALS =    11504.4642  EEL     =  -129919.0345  HBOND      =        0.0000
 1-4 VDW =     1186.1553  1-4 EEL =    11786.5376  RESTRAINT  =      174.7376
 EAMBER  =   -95874.1643


   NSTEP       ENERGY          RMS            GMAX         NAME    NUMBER
    950      -9.5923E+04     4.9073E-01     4.5962E+01     H2       4739

 BOND    =     6120.8329  ANGLE   =      445.5787  DIHED      =     3038.1484
 VDWAALS =    11679.6360  EEL     =  -130354.8584  HBOND      =        0.0000
 1-4 VDW =     1186.1499  1-4 EEL =    11786.5190  RESTRAINT  =      174.7801
 EAMBER  =   -96097.9936


   NSTEP       ENERGY          RMS            GMAX         NAME    NUMBER
   1000      -9.6135E+04     2.8786E-01     1.3074E+01     H2       4739

 BOND    =     6174.0394  ANGLE   =      445.6161  DIHED      =     3038.1301
 VDWAALS =    11843.3593  EEL     =  -130783.3174  HBOND      =        0.0000
 1-4 VDW =     1186.1758  1-4 EEL =    11786.4964  RESTRAINT  =      174.6247
 EAMBER  =   -96309.5004


   NSTEP       ENERGY          RMS            GMAX         NAME    NUMBER
   1050      -9.6335E+04     5.1318E-01     5.5141E+01     H2       4739

 BOND    =     6221.6250  ANGLE   =      445.5493  DIHED      =     3038.1121
 VDWAALS =    12002.6749  EEL     =  -131189.9105  HBOND      =        0.0000
 1-4 VDW =     1186.1770  1-4 EEL =    11786.4770  RESTRAINT  =      174.6375
 EAMBER  =   -96509.2952


   NSTEP       ENERGY          RMS            GMAX         NAME    NUMBER
   1100      -9.6519E+04     8.4345E-01     1.1468E+02     CD       2954

 BOND    =     6261.5861  ANGLE   =      445.4089  DIHED      =     3038.0901
 VDWAALS =    12154.9904  EEL     =  -131566.9546  HBOND      =        0.0000
 1-4 VDW =     1186.1099  1-4 EEL =    11786.4621  RESTRAINT  =      175.4084
 EAMBER  =   -96694.3072


   NSTEP       ENERGY          RMS            GMAX         NAME    NUMBER
   1150      -9.6701E+04     2.5942E-01     9.5274E+00     H2       4739

 BOND    =     6274.8357  ANGLE   =      445.5291  DIHED      =     3038.0889
 VDWAALS =    12300.0978  EEL     =  -131906.7273  HBOND      =        0.0000
 1-4 VDW =     1186.2304  1-4 EEL =    11786.4597  RESTRAINT  =      174.4575
 EAMBER  =   -96875.4857


   NSTEP       ENERGY          RMS            GMAX         NAME    NUMBER
   1200      -9.6863E+04     7.4365E-01     8.2447E+01     H2       4739

 BOND    =     6302.4515  ANGLE   =      445.3333  DIHED      =     3038.0760
 VDWAALS =    12443.5479  EEL     =  -132240.0388  HBOND      =        0.0000
 1-4 VDW =     1186.1941  1-4 EEL =    11786.4543  RESTRAINT  =      174.7886
 EAMBER  =   -97037.9817


   NSTEP       ENERGY          RMS            GMAX         NAME    NUMBER
   1250      -9.7021E+04     3.1301E-01     2.7819E+01     H2       4739

 BOND    =     6342.2393  ANGLE   =      445.4206  DIHED      =     3038.0681
 VDWAALS =    12576.8193  EEL     =  -132570.2317  HBOND      =        0.0000
 1-4 VDW =     1186.2644  1-4 EEL =    11786.4534  RESTRAINT  =      174.4266
 EAMBER  =   -97194.9667


   NSTEP       ENERGY          RMS            GMAX         NAME    NUMBER
   1300      -9.7165E+04     6.4181E-01     7.1806E+01     CD       2954

 BOND    =     6378.9293  ANGLE   =      445.7525  DIHED      =     3038.0664
 VDWAALS =    12707.9563  EEL     =  -132882.6291  HBOND      =        0.0000
 1-4 VDW =     1186.3585  1-4 EEL =    11786.4574  RESTRAINT  =      174.1388
 EAMBER  =   -97339.1088


   NSTEP       ENERGY          RMS            GMAX         NAME    NUMBER
   1350      -9.7295E+04     9.3745E-01     1.3167E+02     CD       2954

 BOND    =     6408.9558  ANGLE   =      445.2496  DIHED      =     3038.0473
 VDWAALS =    12828.5738  EEL     =  -133164.1093  HBOND      =        0.0000
 1-4 VDW =     1186.2083  1-4 EEL =    11786.4560  RESTRAINT  =      175.3855
 EAMBER  =   -97470.6185


   NSTEP       ENERGY          RMS            GMAX         NAME    NUMBER
   1400      -9.7432E+04     3.9743E-01     4.3622E+01     H2       4739

 BOND    =     6416.2779  ANGLE   =      445.2774  DIHED      =     3038.0564
 VDWAALS =    12942.5593  EEL     =  -133421.0379  HBOND      =        0.0000
 1-4 VDW =     1186.3448  1-4 EEL =    11786.4648  RESTRAINT  =      174.3284
 EAMBER  =   -97606.0574


   NSTEP       ENERGY          RMS            GMAX         NAME    NUMBER
   1450      -9.7551E+04     7.3342E-01     7.7903E+01     H2       4739

 BOND    =     6441.3382  ANGLE   =      445.1296  DIHED      =     3038.0520
 VDWAALS =    13051.5496  EEL     =  -133674.9437  HBOND      =        0.0000
 1-4 VDW =     1186.3094  1-4 EEL =    11786.4704  RESTRAINT  =      174.7482
 EAMBER  =   -97726.0945


   NSTEP       ENERGY          RMS            GMAX         NAME    NUMBER
   1500      -9.7673E+04     3.0338E-01     2.6062E+01     H2       4739

 BOND    =     6468.1603  ANGLE   =      445.1787  DIHED      =     3038.0525
 VDWAALS =    13152.9193  EEL     =  -133924.7256  HBOND      =        0.0000
 1-4 VDW =     1186.3812  1-4 EEL =    11786.4883  RESTRAINT  =      174.3465
 EAMBER  =   -97847.5452


   NSTEP       ENERGY          RMS            GMAX         NAME    NUMBER
   1550      -9.7781E+04     6.0358E-01     7.1305E+01     H2       4739

 BOND    =     6494.8909  ANGLE   =      445.3722  DIHED      =     3038.0568
 VDWAALS =    13247.4492  EEL     =  -134153.4060  HBOND      =        0.0000
 1-4 VDW =     1186.4569  1-4 EEL =    11786.5078  RESTRAINT  =      174.0543
 EAMBER  =   -97954.6723


   NSTEP       ENERGY          RMS            GMAX         NAME    NUMBER
   1600      -9.7891E+04     2.1671E-01     1.2646E+01     H2       4739

 BOND    =     6505.8340  ANGLE   =      445.2007  DIHED      =     3038.0573
 VDWAALS =    13336.7478  EEL     =  -134363.6733  HBOND      =        0.0000
 1-4 VDW =     1186.4359  1-4 EEL =    11786.5200  RESTRAINT  =      174.1870
 EAMBER  =   -98064.8776


   NSTEP       ENERGY          RMS            GMAX         NAME    NUMBER
   1650      -9.7994E+04     5.1771E-01     6.3588E+01     H2       4739

 BOND    =     6526.1078  ANGLE   =      445.1856  DIHED      =     3038.0583
 VDWAALS =    13424.5454  EEL     =  -134574.5658  HBOND      =        0.0000
 1-4 VDW =     1186.4571  1-4 EEL =    11786.5375  RESTRAINT  =      174.1579
 EAMBER  =   -98167.6740


   NSTEP       ENERGY          RMS            GMAX         NAME    NUMBER
   1700      -9.8097E+04     2.3183E-01     1.8212E+01     H2       4739

 BOND    =     6546.4182  ANGLE   =      445.2157  DIHED      =     3038.0577
 VDWAALS =    13508.1486  EEL     =  -134781.9061  HBOND      =        0.0000
 1-4 VDW =     1186.4794  1-4 EEL =    11786.5613  RESTRAINT  =      174.0714
 EAMBER  =   -98271.0251


   NSTEP       ENERGY          RMS            GMAX         NAME    NUMBER
   1750      -9.8192E+04     4.6005E-01     5.4442E+01     H2       4739

 BOND    =     6567.5975  ANGLE   =      445.1414  DIHED      =     3038.0537
 VDWAALS =    13588.3670  EEL     =  -134978.5138  HBOND      =        0.0000
 1-4 VDW =     1186.4723  1-4 EEL =    11786.5830  RESTRAINT  =      174.1638
 EAMBER  =   -98366.2989


   NSTEP       ENERGY          RMS            GMAX         NAME    NUMBER
   1800      -9.8282E+04     6.7012E-01     7.8816E+01     H2       4739

 BOND    =     6587.8804  ANGLE   =      445.0804  DIHED      =     3038.0488
 VDWAALS =    13665.2213  EEL     =  -135165.9484  HBOND      =        0.0000
 1-4 VDW =     1186.4578  1-4 EEL =    11786.6038  RESTRAINT  =      174.3349
 EAMBER  =   -98456.6559


   NSTEP       ENERGY          RMS            GMAX         NAME    NUMBER
   1850      -9.8375E+04     2.9096E-01     2.9669E+01     H2       4739

 BOND    =     6598.1662  ANGLE   =      445.2543  DIHED      =     3038.0536
 VDWAALS =    13739.0082  EEL     =  -135342.8289  HBOND      =        0.0000
 1-4 VDW =     1186.5217  1-4 EEL =    11786.6208  RESTRAINT  =      173.9374
 EAMBER  =   -98549.2042


   NSTEP       ENERGY          RMS            GMAX         NAME    NUMBER
   1900      -9.8458E+04     5.5510E-01     6.1694E+01     H2       4739

 BOND    =     6616.9888  ANGLE   =      445.4373  DIHED      =     3038.0531
 VDWAALS =    13810.4170  EEL     =  -135515.5437  HBOND      =        0.0000
 1-4 VDW =     1186.5635  1-4 EEL =    11786.6401  RESTRAINT  =      173.7866
 EAMBER  =   -98631.4440


   NSTEP       ENERGY          RMS            GMAX         NAME    NUMBER
   1950      -9.8541E+04     1.8923E-01     1.1441E+01     H2       4739

 BOND    =     6630.4557  ANGLE   =      445.2086  DIHED      =     3038.0432
 VDWAALS =    13878.9258  EEL     =  -135681.0644  HBOND      =        0.0000
 1-4 VDW =     1186.5184  1-4 EEL =    11786.6620  RESTRAINT  =      173.9644
 EAMBER  =   -98715.2506


   NSTEP       ENERGY          RMS            GMAX         NAME    NUMBER
   2000      -9.8618E+04     5.3272E-01     6.1433E+01     H2       4739

 BOND    =     6648.7416  ANGLE   =      445.1210  DIHED      =     3038.0348
 VDWAALS =    13946.3925  EEL     =  -135843.5220  HBOND      =        0.0000
 1-4 VDW =     1186.4883  1-4 EEL =    11786.6825  RESTRAINT  =      174.1633
 EAMBER  =   -98792.0612


   NSTEP       ENERGY          RMS            GMAX         NAME    NUMBER
   2050      -9.8696E+04     2.1963E-01     1.9692E+01     H2       4739

 BOND    =     6660.1420  ANGLE   =      445.2312  DIHED      =     3038.0346
 VDWAALS =    14009.4917  EEL     =  -135995.8037  HBOND      =        0.0000
 1-4 VDW =     1186.5277  1-4 EEL =    11786.6984  RESTRAINT  =      173.9237
 EAMBER  =   -98869.6781


   NSTEP       ENERGY          RMS            GMAX         NAME    NUMBER
   2100      -9.8767E+04     4.2535E-01     5.1424E+01     H2       4739

 BOND    =     6675.7751  ANGLE   =      445.3089  DIHED      =     3038.0321
 VDWAALS =    14070.6017  EEL     =  -136143.9893  HBOND      =        0.0000
 1-4 VDW =     1186.5454  1-4 EEL =    11786.7152  RESTRAINT  =      173.8329
 EAMBER  =   -98941.0109


   NSTEP       ENERGY          RMS            GMAX         NAME    NUMBER
   2150      -9.8835E+04     6.2062E-01     7.1556E+01     H2       4739

 BOND    =     6691.0663  ANGLE   =      445.1561  DIHED      =     3038.0233
 VDWAALS =    14128.7506  EEL     =  -136285.3519  HBOND      =        0.0000
 1-4 VDW =     1186.4910  1-4 EEL =    11786.7296  RESTRAINT  =      174.2039
 EAMBER  =   -99009.1351


   NSTEP       ENERGY          RMS            GMAX         NAME    NUMBER
   2200      -9.8907E+04     2.6035E-01     2.5341E+01     H2       4739

 BOND    =     6700.6585  ANGLE   =      445.3293  DIHED      =     3038.0217
 VDWAALS =    14184.9294  EEL     =  -136422.9195  HBOND      =        0.0000
 1-4 VDW =     1186.5554  1-4 EEL =    11786.7551  RESTRAINT  =      173.7973
 EAMBER  =   -99080.6701


   NSTEP       ENERGY          RMS            GMAX         NAME    NUMBER
   2250      -9.8974E+04     1.6747E-01     9.2266E+00     H2       4739

 BOND    =     6712.6595  ANGLE   =      445.2858  DIHED      =     3038.0166
 VDWAALS =    14239.0156  EEL     =  -136556.6149  HBOND      =        0.0000
 1-4 VDW =     1186.5463  1-4 EEL =    11786.7721  RESTRAINT  =      173.8660
 EAMBER  =   -99148.3190


   NSTEP       ENERGY          RMS            GMAX         NAME    NUMBER
   2300      -9.9039E+04     1.6761E-01     9.4326E+00     H2       4739

 BOND    =     6724.6144  ANGLE   =      445.2874  DIHED      =     3038.0117
 VDWAALS =    14290.6845  EEL     =  -136685.2806  HBOND      =        0.0000
 1-4 VDW =     1186.5462  1-4 EEL =    11786.7888  RESTRAINT  =      173.8797
 EAMBER  =   -99213.3477


   NSTEP       ENERGY          RMS            GMAX         NAME    NUMBER
   2350      -9.9102E+04     4.8335E-01     5.5666E+01     H2       4739

 BOND    =     6739.2357  ANGLE   =      445.4708  DIHED      =     3038.0117
 VDWAALS =    14341.4263  EEL     =  -136812.9149  HBOND      =        0.0000
 1-4 VDW =     1186.5827  1-4 EEL =    11786.8006  RESTRAINT  =      173.7143
 EAMBER  =   -99275.3871


   NSTEP       ENERGY          RMS            GMAX         NAME    NUMBER
   2400      -9.9161E+04     6.2813E-01     7.6827E+01     H2       4739

 BOND    =     6752.2050  ANGLE   =      445.2608  DIHED      =     3038.0023
 VDWAALS =    14389.5412  EEL     =  -136933.4916  HBOND      =        0.0000
 1-4 VDW =     1186.5217  1-4 EEL =    11786.8065  RESTRAINT  =      174.0506
 EAMBER  =   -99335.1540


   NSTEP       ENERGY          RMS            GMAX         NAME    NUMBER
   2450      -9.9228E+04     2.4107E-01     2.2415E+01     H2       4739

 BOND    =     6759.2829  ANGLE   =      445.2836  DIHED      =     3037.9954
 VDWAALS =    14439.0823  EEL     =  -137057.1237  HBOND      =        0.0000
 1-4 VDW =     1186.5333  1-4 EEL =    11786.8163  RESTRAINT  =      173.9663
 EAMBER  =   -99402.1298


   NSTEP       ENERGY          RMS            GMAX         NAME    NUMBER
   2500      -9.9288E+04     1.7002E-01     1.1835E+01     H2       4739

 BOND    =     6770.0717  ANGLE   =      445.3550  DIHED      =     3037.9937
 VDWAALS =    14485.4702  EEL     =  -137174.0314  HBOND      =        0.0000
 1-4 VDW =     1186.5422  1-4 EEL =    11786.8131  RESTRAINT  =      173.8918
 EAMBER  =   -99461.7855


   NSTEP       ENERGY          RMS            GMAX         NAME    NUMBER
   2550      -9.9347E+04     3.2251E-01     3.6386E+01     H2       4739

 BOND    =     6781.9654  ANGLE   =      445.3306  DIHED      =     3037.9890
 VDWAALS =    14532.3373  EEL     =  -137292.3572  HBOND      =        0.0000
 1-4 VDW =     1186.5222  1-4 EEL =    11786.8062  RESTRAINT  =      173.9960
 EAMBER  =   -99521.4065


   NSTEP       ENERGY          RMS            GMAX         NAME    NUMBER
   2600      -9.9404E+04     4.6095E-01     5.0010E+01     H2       4739

 BOND    =     6793.9511  ANGLE   =      445.5870  DIHED      =     3037.9912
 VDWAALS =    14576.8336  EEL     =  -137405.3332  HBOND      =        0.0000
 1-4 VDW =     1186.5750  1-4 EEL =    11786.7995  RESTRAINT  =      173.7345
 EAMBER  =   -99577.5958


   NSTEP       ENERGY          RMS            GMAX         NAME    NUMBER
   2650      -9.9462E+04     1.6210E-01     1.0657E+01     H2       4739

 BOND    =     6801.1881  ANGLE   =      445.4105  DIHED      =     3037.9836
 VDWAALS =    14619.8248  EEL     =  -137513.1604  HBOND      =        0.0000
 1-4 VDW =     1186.5275  1-4 EEL =    11786.7930  RESTRAINT  =      173.9270
 EAMBER  =   -99635.4329


   NSTEP       ENERGY          RMS            GMAX         NAME    NUMBER
   2700      -9.9516E+04     3.9644E-01     4.5457E+01     H2       4739

 BOND    =     6812.3606  ANGLE   =      445.3519  DIHED      =     3037.9789
 VDWAALS =    14663.7718  EEL     =  -137623.0467  HBOND      =        0.0000
 1-4 VDW =     1186.4988  1-4 EEL =    11786.7843  RESTRAINT  =      174.0833
 EAMBER  =   -99690.3004


   NSTEP       ENERGY          RMS            GMAX         NAME    NUMBER
   2750      -9.9572E+04     1.7819E-01     1.4838E+01     H2       4739

 BOND    =     6821.4240  ANGLE   =      445.4429  DIHED      =     3037.9818
 VDWAALS =    14706.2117  EEL     =  -137730.4875  HBOND      =        0.0000
 1-4 VDW =     1186.5190  1-4 EEL =    11786.7722  RESTRAINT  =      173.9704
 EAMBER  =   -99746.1358


   NSTEP       ENERGY          RMS            GMAX         NAME    NUMBER
   2800      -9.9624E+04     3.3992E-01     4.0260E+01     H2       4739

 BOND    =     6832.1924  ANGLE   =      445.4446  DIHED      =     3037.9813
 VDWAALS =    14747.7758  EEL     =  -137835.1296  HBOND      =        0.0000
 1-4 VDW =     1186.5110  1-4 EEL =    11786.7630  RESTRAINT  =      174.0293
 EAMBER  =   -99798.4615


   NSTEP       ENERGY          RMS            GMAX         NAME    NUMBER
   2850      -9.9675E+04     4.9564E-01     5.9120E+01     H2       4739

 BOND    =     6843.3212  ANGLE   =      445.6127  DIHED      =     3037.9855
 VDWAALS =    14788.0174  EEL     =  -137936.8797  HBOND      =        0.0000
 1-4 VDW =     1186.5470  1-4 EEL =    11786.7576  RESTRAINT  =      173.8666
 EAMBER  =   -99848.6383


   NSTEP       ENERGY          RMS            GMAX         NAME    NUMBER
   2900      -9.9728E+04     2.1484E-01     2.1664E+01     H2       4739

 BOND    =     6849.0631  ANGLE   =      445.5186  DIHED      =     3037.9818
 VDWAALS =    14827.4258  EEL     =  -138035.0027  HBOND      =        0.0000
 1-4 VDW =     1186.5220  1-4 EEL =    11786.7569  RESTRAINT  =      173.9725
 EAMBER  =   -99901.7345


   NSTEP       ENERGY          RMS            GMAX         NAME    NUMBER
   2950      -9.9776E+04     4.1256E-01     4.6718E+01     H2       4739

 BOND    =     6859.0194  ANGLE   =      445.4335  DIHED      =     3037.9794
 VDWAALS =    14866.5129  EEL     =  -138132.7645  HBOND      =        0.0000
 1-4 VDW =     1186.4934  1-4 EEL =    11786.7560  RESTRAINT  =      174.1758
 EAMBER  =   -99950.5699


   NSTEP       ENERGY          RMS            GMAX         NAME    NUMBER
   3000      -9.9828E+04     1.4774E-01     8.8905E+00     H2       4739

 BOND    =     6866.9104  ANGLE   =      445.5477  DIHED      =     3037.9854
 VDWAALS =    14905.1335  EEL     =  -138230.5258  HBOND      =        0.0000
 1-4 VDW =     1186.5237  1-4 EEL =    11786.7552  RESTRAINT  =      174.0160
 EAMBER  =  -100001.6700


   NSTEP       ENERGY          RMS            GMAX         NAME    NUMBER
   3050      -9.9875E+04     3.9215E-01     4.3765E+01     H2       4739

 BOND    =     6877.5540  ANGLE   =      445.6713  DIHED      =     3037.9908
 VDWAALS =    14942.7795  EEL     =  -138325.8334  HBOND      =        0.0000
 1-4 VDW =     1186.5531  1-4 EEL =    11786.7587  RESTRAINT  =      173.9144
 EAMBER  =  -100048.5261


   NSTEP       ENERGY          RMS            GMAX         NAME    NUMBER
   3100      -9.9923E+04     1.6281E-01     1.2781E+01     H2       4739

 BOND    =     6883.7674  ANGLE   =      445.5457  DIHED      =     3037.9885
 VDWAALS =    14978.7424  EEL     =  -138416.3918  HBOND      =        0.0000
 1-4 VDW =     1186.5274  1-4 EEL =    11786.7676  RESTRAINT  =      174.0590
 EAMBER  =  -100097.0529


   NSTEP       ENERGY          RMS            GMAX         NAME    NUMBER
   3150      -9.9969E+04     3.1336E-01     3.5124E+01     H2       4739

 BOND    =     6892.7526  ANGLE   =      445.6137  DIHED      =     3037.9927
 VDWAALS =    15013.7574  EEL     =  -138505.9951  HBOND      =        0.0000
 1-4 VDW =     1186.5464  1-4 EEL =    11786.7778  RESTRAINT  =      173.9782
 EAMBER  =  -100142.5545


   NSTEP       ENERGY          RMS            GMAX         NAME    NUMBER
   3200      -1.0001E+05     4.6683E-01     4.8704E+01     H2       4739

 BOND    =     6901.6499  ANGLE   =      445.4615  DIHED      =     3037.9899
 VDWAALS =    15047.8013  EEL     =  -138593.6190  HBOND      =        0.0000
 1-4 VDW =     1186.4949  1-4 EEL =    11786.7864  RESTRAINT  =      174.3343
 EAMBER  =  -100187.4352


   NSTEP       ENERGY          RMS            GMAX         NAME    NUMBER
   3250      -1.0006E+05     1.3895E-01     7.0052E+00     H2       4739

 BOND    =     6908.1341  ANGLE   =      445.6036  DIHED      =     3037.9975
 VDWAALS =    15081.0087  EEL     =  -138680.3809  HBOND      =        0.0000
 1-4 VDW =     1186.5455  1-4 EEL =    11786.7941  RESTRAINT  =      174.0300
 EAMBER  =  -100234.2974


   NSTEP       ENERGY          RMS            GMAX         NAME    NUMBER
   3300      -1.0010E+05     4.1206E-01     5.6956E+01     CD       2954

 BOND    =     6917.3051  ANGLE   =      445.4899  DIHED      =     3037.9909
 VDWAALS =    15114.4021  EEL     =  -138765.8120  HBOND      =        0.0000
 1-4 VDW =     1186.4987  1-4 EEL =    11786.7972  RESTRAINT  =      174.3987
 EAMBER  =  -100277.3281


   NSTEP       ENERGY          RMS            GMAX         NAME    NUMBER
   3350      -1.0015E+05     1.2795E-01     4.6086E+00     H2       4739

 BOND    =     6923.3556  ANGLE   =      445.5991  DIHED      =     3037.9896
 VDWAALS =    15146.7673  EEL     =  -138847.6341  HBOND      =        0.0000
 1-4 VDW =     1186.5577  1-4 EEL =    11786.8025  RESTRAINT  =      174.0032
 EAMBER  =  -100320.5623


   NSTEP       ENERGY          RMS            GMAX         NAME    NUMBER
   3400      -1.0019E+05     3.3210E-01     3.4688E+01     H2       4739

 BOND    =     6931.9193  ANGLE   =      445.5091  DIHED      =     3037.9784
 VDWAALS =    15180.8064  EEL     =  -138932.4235  HBOND      =        0.0000
 1-4 VDW =     1186.5385  1-4 EEL =    11786.8037  RESTRAINT  =      174.1517
 EAMBER  =  -100362.8680


   NSTEP       ENERGY          RMS            GMAX         NAME    NUMBER
   3450      -1.0023E+05     5.0752E-01     5.2705E+01     CD       2954

 BOND    =     6941.2627  ANGLE   =      445.7906  DIHED      =     3037.9782
 VDWAALS =    15212.7712  EEL     =  -139012.2619  HBOND      =        0.0000
 1-4 VDW =     1186.6163  1-4 EEL =    11786.8046  RESTRAINT  =      173.7841
 EAMBER  =  -100401.0383


   NSTEP       ENERGY          RMS            GMAX         NAME    NUMBER
   3500      -1.0027E+05     2.8475E-01     3.1135E+01     H2       4739

 BOND    =     6946.7920  ANGLE   =      445.6479  DIHED      =     3037.9713
 VDWAALS =    15242.9914  EEL     =  -139088.0600  HBOND      =        0.0000
 1-4 VDW =     1186.5914  1-4 EEL =    11786.7980  RESTRAINT  =      173.9065
 EAMBER  =  -100441.2679


   NSTEP       ENERGY          RMS            GMAX         NAME    NUMBER
   3550      -1.0030E+05     4.2210E-01     4.3547E+01     H2       4739

 BOND    =     6954.3985  ANGLE   =      445.5135  DIHED      =     3037.9610
 VDWAALS =    15271.9170  EEL     =  -139160.6925  HBOND      =        0.0000
 1-4 VDW =     1186.5475  1-4 EEL =    11786.7937  RESTRAINT  =      174.2086
 EAMBER  =  -100477.5613


   NSTEP       ENERGY          RMS            GMAX         NAME    NUMBER
   3600      -1.0034E+05     1.1776E-01     4.3381E+00     H2       4739

 BOND    =     6959.0772  ANGLE   =      445.5891  DIHED      =     3037.9566
 VDWAALS =    15299.1628  EEL     =  -139229.9779  HBOND      =        0.0000
 1-4 VDW =     1186.5822  1-4 EEL =    11786.7928  RESTRAINT  =      173.9682
 EAMBER  =  -100514.8171


   NSTEP       ENERGY          RMS            GMAX         NAME    NUMBER
   3650      -1.0038E+05     3.6956E-01     4.9923E+01     CD       2954

 BOND    =     6967.1392  ANGLE   =      445.7862  DIHED      =     3037.9535
 VDWAALS =    15327.0756  EEL     =  -139301.3394  HBOND      =        0.0000
 1-4 VDW =     1186.6272  1-4 EEL =    11786.7913  RESTRAINT  =      173.7817
 EAMBER  =  -100549.9663


   NSTEP       ENERGY          RMS            GMAX         NAME    NUMBER
   3700      -1.0041E+05     1.2217E-01     6.5423E+00     H2       4739

 BOND    =     6972.1408  ANGLE   =      445.6089  DIHED      =     3037.9433
 VDWAALS =    15352.9054  EEL     =  -139367.5594  HBOND      =        0.0000
 1-4 VDW =     1186.5858  1-4 EEL =    11786.7855  RESTRAINT  =      173.9675
 EAMBER  =  -100585.5897


   NSTEP       ENERGY          RMS            GMAX         NAME    NUMBER
   3750      -1.0045E+05     3.1667E-01     3.4896E+01     H2       4739

 BOND    =     6979.4934  ANGLE   =      445.5716  DIHED      =     3037.9346
 VDWAALS =    15378.9412  EEL     =  -139434.3855  HBOND      =        0.0000
 1-4 VDW =     1186.5699  1-4 EEL =    11786.7819  RESTRAINT  =      174.0738
 EAMBER  =  -100619.0928


   NSTEP       ENERGY          RMS            GMAX         NAME    NUMBER
   3800      -1.0048E+05     4.8382E-01     6.7417E+01     CD       2954

 BOND    =     6986.5539  ANGLE   =      445.5143  DIHED      =     3037.9222
 VDWAALS =    15404.1311  EEL     =  -139498.9327  HBOND      =        0.0000
 1-4 VDW =     1186.5256  1-4 EEL =    11786.7786  RESTRAINT  =      174.4307
 EAMBER  =  -100651.5071


   NSTEP       ENERGY          RMS            GMAX         NAME    NUMBER
   3850      -1.0051E+05     1.9548E-01     1.9144E+01     H2       4739

 BOND    =     6990.8818  ANGLE   =      445.6419  DIHED      =     3037.9207
 VDWAALS =    15428.7558  EEL     =  -139562.2690  HBOND      =        0.0000
 1-4 VDW =     1186.5891  1-4 EEL =    11786.7818  RESTRAINT  =      173.9383
 EAMBER  =  -100685.6979


   NSTEP       ENERGY          RMS            GMAX         NAME    NUMBER
   3900      -1.0054E+05     1.1303E-01     5.1732E+00     H2       4739

 BOND    =     6996.4415  ANGLE   =      445.6260  DIHED      =     3037.9144
 VDWAALS =    15452.4698  EEL     =  -139623.0761  HBOND      =        0.0000
 1-4 VDW =     1186.5804  1-4 EEL =    11786.7815  RESTRAINT  =      173.9871
 EAMBER  =  -100717.2624


   NSTEP       ENERGY          RMS            GMAX         NAME    NUMBER
   3950      -1.0057E+05     1.1658E-01     6.1885E+00     H2       4739

 BOND    =     7002.2636  ANGLE   =      445.6423  DIHED      =     3037.9096
 VDWAALS =    15476.0936  EEL     =  -139683.4600  HBOND      =        0.0000
 1-4 VDW =     1186.5827  1-4 EEL =    11786.7831  RESTRAINT  =      173.9766
 EAMBER  =  -100748.1851


   NSTEP       ENERGY          RMS            GMAX         NAME    NUMBER
   4000      -1.0060E+05     3.7199E-01     4.4010E+01     CD       2954

 BOND    =     7009.2379  ANGLE   =      445.5560  DIHED      =     3037.9016
 VDWAALS =    15499.8731  EEL     =  -139744.0889  HBOND      =        0.0000
 1-4 VDW =     1186.5415  1-4 EEL =    11786.7837  RESTRAINT  =      174.2642
 EAMBER  =  -100778.1950


   NSTEP       ENERGY          RMS            GMAX         NAME    NUMBER
   4050      -1.0063E+05     1.1263E-01     5.8442E+00     H2       4739

 BOND    =     7013.4581  ANGLE   =      445.6341  DIHED      =     3037.9009
 VDWAALS =    15521.8040  EEL     =  -139800.3957  HBOND      =        0.0000
 1-4 VDW =     1186.5781  1-4 EEL =    11786.7893  RESTRAINT  =      174.0111
 EAMBER  =  -100808.2312


   NSTEP       ENERGY          RMS            GMAX         NAME    NUMBER
   4100      -1.0066E+05     2.8520E-01     3.1260E+01     H2       4739

 BOND    =     7019.7081  ANGLE   =      445.5947  DIHED      =     3037.8962
 VDWAALS =    15544.2875  EEL     =  -139858.0629  HBOND      =        0.0000
 1-4 VDW =     1186.5666  1-4 EEL =    11786.7932  RESTRAINT  =      174.0844
 EAMBER  =  -100837.2166


   NSTEP       ENERGY          RMS            GMAX         NAME    NUMBER
   4150      -1.0069E+05     4.2514E-01     5.0634E+01     CD       2954

 BOND    =     7025.6603  ANGLE   =      445.5377  DIHED      =     3037.8910
 VDWAALS =    15565.0552  EEL     =  -139911.7371  HBOND      =        0.0000
 1-4 VDW =     1186.5352  1-4 EEL =    11786.7962  RESTRAINT  =      174.3290
 EAMBER  =  -100864.2617


   NSTEP       ENERGY          RMS            GMAX         NAME    NUMBER
   4200      -1.0072E+05     2.3291E-01     2.4850E+01     H2       4739

 BOND    =     7029.8095  ANGLE   =      445.6365  DIHED      =     3037.8967
 VDWAALS =    15585.2225  EEL     =  -139964.9733  HBOND      =        0.0000
 1-4 VDW =     1186.5780  1-4 EEL =    11786.8002  RESTRAINT  =      174.0776
 EAMBER  =  -100893.0299


   NSTEP       ENERGY          RMS            GMAX         NAME    NUMBER
   4250      -1.0075E+05     3.1557E-01     3.5901E+01     H2       4739

 BOND    =     7035.2917  ANGLE   =      445.6924  DIHED      =     3037.8992
 VDWAALS =    15604.3405  EEL     =  -140015.8477  HBOND      =        0.0000
 1-4 VDW =     1186.5959  1-4 EEL =    11786.8037  RESTRAINT  =      174.0026
 EAMBER  =  -100919.2243


   NSTEP       ENERGY          RMS            GMAX         NAME    NUMBER
   4300      -1.0077E+05     1.0778E-01     5.4148E+00     H2       4739

 BOND    =     7038.8682  ANGLE   =      445.6695  DIHED      =     3037.8986
 VDWAALS =    15622.6631  EEL     =  -140065.0128  HBOND      =        0.0000
 1-4 VDW =     1186.5920  1-4 EEL =    11786.8066  RESTRAINT  =      174.0274
 EAMBER  =  -100946.5148


   NSTEP       ENERGY          RMS            GMAX         NAME    NUMBER
   4350      -1.0080E+05     2.8022E-01     3.0777E+01     H2       4739

 BOND    =     7044.2891  ANGLE   =      445.6195  DIHED      =     3037.8981
 VDWAALS =    15640.9527  EEL     =  -140114.9272  HBOND      =        0.0000
 1-4 VDW =     1186.5792  1-4 EEL =    11786.8073  RESTRAINT  =      174.1157
 EAMBER  =  -100972.7813


   NSTEP       ENERGY          RMS            GMAX         NAME    NUMBER
   4400      -1.0082E+05     4.0970E-01     4.6874E+01     H2       4739

 BOND    =     7050.1198  ANGLE   =      445.7017  DIHED      =     3037.9023
 VDWAALS =    15658.7664  EEL     =  -140164.2763  HBOND      =        0.0000
 1-4 VDW =     1186.6071  1-4 EEL =    11786.8071  RESTRAINT  =      173.9894
 EAMBER  =  -100998.3719


   NSTEP       ENERGY          RMS            GMAX         NAME    NUMBER
   4450      -1.0085E+05     1.7066E-01     1.6068E+01     H2       4739

 BOND    =     7053.0587  ANGLE   =      445.6402  DIHED      =     3037.9047
 VDWAALS =    15676.1552  EEL     =  -140213.1147  HBOND      =        0.0000
 1-4 VDW =     1186.5896  1-4 EEL =    11786.8014  RESTRAINT  =      174.1427
 EAMBER  =  -101026.9649


   NSTEP       ENERGY          RMS            GMAX         NAME    NUMBER
   4500      -1.0088E+05     4.0514E-01     6.3272E+01     CD       2954

 BOND    =     7059.1583  ANGLE   =      445.9409  DIHED      =     3037.9149
 VDWAALS =    15692.9926  EEL     =  -140261.2303  HBOND      =        0.0000
 1-4 VDW =     1186.6625  1-4 EEL =    11786.7999  RESTRAINT  =      173.8700
 EAMBER  =  -101051.7613


   NSTEP       ENERGY          RMS            GMAX         NAME    NUMBER
   4550      -1.0090E+05     1.5623E-01     1.4596E+01     H2       4739

 BOND    =     7061.7348  ANGLE   =      445.6343  DIHED      =     3037.9096
 VDWAALS =    15709.0768  EEL     =  -140306.7526  HBOND      =        0.0000
 1-4 VDW =     1186.5985  1-4 EEL =    11786.7928  RESTRAINT  =      174.1535
 EAMBER  =  -101079.0059


   NSTEP       ENERGY          RMS            GMAX         NAME    NUMBER
   4600      -1.0093E+05     3.2235E-01     3.9712E+01     CD       2954

 BOND    =     7067.0474  ANGLE   =      445.7942  DIHED      =     3037.9161
 VDWAALS =    15725.1616  EEL     =  -140353.1367  HBOND      =        0.0000
 1-4 VDW =     1186.6433  1-4 EEL =    11786.7878  RESTRAINT  =      173.9679
 EAMBER  =  -101103.7864


   NSTEP       ENERGY          RMS            GMAX         NAME    NUMBER
   4650      -1.0096E+05     1.0585E-01     5.6497E+00     H2       4739

 BOND    =     7070.1960  ANGLE   =      445.6627  DIHED      =     3037.9162
 VDWAALS =    15740.8649  EEL     =  -140398.3199  HBOND      =        0.0000
 1-4 VDW =     1186.6173  1-4 EEL =    11786.7793  RESTRAINT  =      174.1311
 EAMBER  =  -101130.2836


   NSTEP       ENERGY          RMS            GMAX         NAME    NUMBER
   4700      -1.0098E+05     2.7125E-01     3.1007E+01     H2       4739

 BOND    =     7075.2827  ANGLE   =      445.6631  DIHED      =     3037.9184
 VDWAALS =    15757.0379  EEL     =  -140444.8422  HBOND      =        0.0000
 1-4 VDW =     1186.6237  1-4 EEL =    11786.7712  RESTRAINT  =      174.1473
 EAMBER  =  -101155.5452


   NSTEP       ENERGY          RMS            GMAX         NAME    NUMBER
   4750      -1.0101E+05     3.7467E-01     4.1454E+01     H2       4739

 BOND    =     7080.3213  ANGLE   =      445.5999  DIHED      =     3037.9179
 VDWAALS =    15773.7271  EEL     =  -140492.1171  HBOND      =        0.0000
 1-4 VDW =     1186.6111  1-4 EEL =    11786.7649  RESTRAINT  =      174.2894
 EAMBER  =  -101181.1747


   NSTEP       ENERGY          RMS            GMAX         NAME    NUMBER
   4800      -1.0103E+05     1.7629E-01     1.8136E+01     H2       4739

 BOND    =     7083.3007  ANGLE   =      445.6476  DIHED      =     3037.9183
 VDWAALS =    15790.0263  EEL     =  -140537.3319  HBOND      =        0.0000
 1-4 VDW =     1186.6428  1-4 EEL =    11786.7581  RESTRAINT  =      174.1166
 EAMBER  =  -101207.0382


   NSTEP       ENERGY          RMS            GMAX         NAME    NUMBER
   4850      -1.0106E+05     3.1907E-01     3.7537E+01     H2       4739

 BOND    =     7088.3218  ANGLE   =      445.6196  DIHED      =     3037.9161
 VDWAALS =    15806.5317  EEL     =  -140582.2726  HBOND      =        0.0000
 1-4 VDW =     1186.6463  1-4 EEL =    11786.7510  RESTRAINT  =      174.1302
 EAMBER  =  -101230.4861


   NSTEP       ENERGY          RMS            GMAX         NAME    NUMBER
   4900      -1.0108E+05     9.8054E-02     4.4430E+00     H2       4739

 BOND    =     7091.5756  ANGLE   =      445.6333  DIHED      =     3037.9154
 VDWAALS =    15823.0178  EEL     =  -140627.1778  HBOND      =        0.0000
 1-4 VDW =     1186.6611  1-4 EEL =    11786.7411  RESTRAINT  =      174.1178
 EAMBER  =  -101255.6336


   NSTEP       ENERGY          RMS            GMAX         NAME    NUMBER
   4950      -1.0110E+05     3.2508E-01     3.0113E+01     H2       4739

 BOND    =     7096.8959  ANGLE   =      445.5427  DIHED      =     3037.9192
 VDWAALS =    15839.0243  EEL     =  -140670.6218  HBOND      =        0.0000
 1-4 VDW =     1186.6605  1-4 EEL =    11786.7462  RESTRAINT  =      174.3106
 EAMBER  =  -101277.8329


   NSTEP       ENERGY          RMS            GMAX         NAME    NUMBER
   5000      -1.0112E+05     3.9556E-01     4.5767E+01     H2       4739

 BOND    =     7101.5047  ANGLE   =      445.7194  DIHED      =     3037.9111
 VDWAALS =    15854.0424  EEL     =  -140711.5074  HBOND      =        0.0000
 1-4 VDW =     1186.6967  1-4 EEL =    11786.7248  RESTRAINT  =      173.9862
 EAMBER  =  -101298.9083


   NSTEP       ENERGY          RMS            GMAX         NAME    NUMBER
   5050      -1.0115E+05     2.6034E-01     2.5606E+01     CD       2954

 BOND    =     7104.2452  ANGLE   =      445.7273  DIHED      =     3037.9067
 VDWAALS =    15868.9342  EEL     =  -140752.4616  HBOND      =        0.0000
 1-4 VDW =     1186.7105  1-4 EEL =    11786.7215  RESTRAINT  =      173.9235
 EAMBER  =  -101322.2162


   NSTEP       ENERGY          RMS            GMAX         NAME    NUMBER
   5100      -1.0117E+05     3.6313E-01     4.4807E+01     CD       2954

 BOND    =     7108.4839  ANGLE   =      445.4875  DIHED      =     3037.9007
 VDWAALS =    15883.4308  EEL     =  -140792.8332  HBOND      =        0.0000
 1-4 VDW =     1186.6535  1-4 EEL =    11786.7165  RESTRAINT  =      174.3916
 EAMBER  =  -101344.1603


   NSTEP       ENERGY          RMS            GMAX         NAME    NUMBER
   5150      -1.0119E+05     1.4815E-01     1.3710E+01     H2       4739

 BOND    =     7111.4446  ANGLE   =      445.5918  DIHED      =     3037.9017
 VDWAALS =    15897.5028  EEL     =  -140832.8242  HBOND      =        0.0000
 1-4 VDW =     1186.6937  1-4 EEL =    11786.7109  RESTRAINT  =      174.1189
 EAMBER  =  -101366.9788


   NSTEP       ENERGY          RMS            GMAX         NAME    NUMBER
   5200      -1.0121E+05     2.8992E-01     2.8651E+01     H2       4739

 BOND    =     7115.8810  ANGLE   =      445.5588  DIHED      =     3037.8976
 VDWAALS =    15911.5478  EEL     =  -140873.3029  HBOND      =        0.0000
 1-4 VDW =     1186.6785  1-4 EEL =    11786.7057  RESTRAINT  =      174.2296
 EAMBER  =  -101389.0336


   NSTEP       ENERGY          RMS            GMAX         NAME    NUMBER
   5250      -1.0124E+05     1.0080E-01     5.4127E+00     H2       4739

 BOND    =     7118.9437  ANGLE   =      445.6117  DIHED      =     3037.8964
 VDWAALS =    15925.0614  EEL     =  -140912.9285  HBOND      =        0.0000
 1-4 VDW =     1186.6997  1-4 EEL =    11786.7042  RESTRAINT  =      174.0629
 EAMBER  =  -101412.0114


   NSTEP       ENERGY          RMS            GMAX         NAME    NUMBER
   5300      -1.0126E+05     2.5124E-01     2.5528E+01     H2       4739

 BOND    =     7123.5209  ANGLE   =      445.6848  DIHED      =     3037.8958
 VDWAALS =    15939.0295  EEL     =  -140953.9743  HBOND      =        0.0000
 1-4 VDW =     1186.7176  1-4 EEL =    11786.7031  RESTRAINT  =      173.9451
 EAMBER  =  -101434.4228


   NSTEP       ENERGY          RMS            GMAX         NAME    NUMBER
   5350      -1.0128E+05     4.0549E-01     5.6507E+01     CD       2954

 BOND    =     7128.4543  ANGLE   =      445.8604  DIHED      =     3037.8974
 VDWAALS =    15953.1086  EEL     =  -140994.7052  HBOND      =        0.0000
 1-4 VDW =     1186.7481  1-4 EEL =    11786.7031  RESTRAINT  =      173.8041
 EAMBER  =  -101455.9333


   NSTEP       ENERGY          RMS            GMAX         NAME    NUMBER
   5400      -1.0131E+05     1.4282E-01     1.3352E+01     H2       4739

 BOND    =     7130.6398  ANGLE   =      445.6876  DIHED      =     3037.8914
 VDWAALS =    15967.8514  EEL     =  -141036.0349  HBOND      =        0.0000
 1-4 VDW =     1186.7008  1-4 EEL =    11786.7009  RESTRAINT  =      173.9689
 EAMBER  =  -101480.5630


   NSTEP       ENERGY          RMS            GMAX         NAME    NUMBER
   5450      -1.0133E+05     9.6168E-02     4.8925E+00     H2       4739

 BOND    =     7134.2465  ANGLE   =      445.6997  DIHED      =     3037.8873
 VDWAALS =    15983.0360  EEL     =  -141077.0232  HBOND      =        0.0000
 1-4 VDW =     1186.6969  1-4 EEL =    11786.7011  RESTRAINT  =      173.9413
 EAMBER  =  -101502.7556


   NSTEP       ENERGY          RMS            GMAX         NAME    NUMBER
   5500      -1.0135E+05     1.2752E-01     9.9457E+00     H2       4739

 BOND    =     7137.9581  ANGLE   =      445.7349  DIHED      =     3037.8838
 VDWAALS =    15997.9940  EEL     =  -141116.6622  HBOND      =        0.0000
 1-4 VDW =     1186.7080  1-4 EEL =    11786.7002  RESTRAINT  =      173.8669
 EAMBER  =  -101523.6832


   NSTEP       ENERGY          RMS            GMAX         NAME    NUMBER
   5550      -1.0137E+05     2.5713E-01     2.7946E+01     H2       4739

 BOND    =     7141.9422  ANGLE   =      445.6741  DIHED      =     3037.8773
 VDWAALS =    16012.1983  EEL     =  -141154.8379  HBOND      =        0.0000
 1-4 VDW =     1186.6924  1-4 EEL =    11786.6977  RESTRAINT  =      173.9474
 EAMBER  =  -101543.7559


   NSTEP       ENERGY          RMS            GMAX         NAME    NUMBER
   5600      -1.0139E+05     9.3911E-02     4.9646E+00     H2       4739

 BOND    =     7144.6167  ANGLE   =      445.7350  DIHED      =     3037.8762
 VDWAALS =    16025.6185  EEL     =  -141191.3973  HBOND      =        0.0000
 1-4 VDW =     1186.7111  1-4 EEL =    11786.6950  RESTRAINT  =      173.8469
 EAMBER  =  -101564.1447


   NSTEP       ENERGY          RMS            GMAX         NAME    NUMBER
   5650      -1.0141E+05     2.3890E-01     2.5705E+01     H2       4739

 BOND    =     7148.5628  ANGLE   =      445.7867  DIHED      =     3037.8753
 VDWAALS =    16039.0930  EEL     =  -141228.3598  HBOND      =        0.0000
 1-4 VDW =     1186.7251  1-4 EEL =    11786.6924  RESTRAINT  =      173.7730
 EAMBER  =  -101583.6245


   NSTEP       ENERGY          RMS            GMAX         NAME    NUMBER
   5700      -1.0143E+05     3.2317E-01     3.6405E+01     H2       4739

 BOND    =     7152.2777  ANGLE   =      445.7990  DIHED      =     3037.8732
 VDWAALS =    16051.7226  EEL     =  -141263.2974  HBOND      =        0.0000
 1-4 VDW =     1186.7279  1-4 EEL =    11786.6903  RESTRAINT  =      173.7604
 EAMBER  =  -101602.2066


   NSTEP       ENERGY          RMS            GMAX         NAME    NUMBER
   5750      -1.0145E+05     1.5220E-01     1.5178E+01     H2       4739

 BOND    =     7154.7049  ANGLE   =      445.7579  DIHED      =     3037.8687
 VDWAALS =    16064.6292  EEL     =  -141299.1485  HBOND      =        0.0000
 1-4 VDW =     1186.7160  1-4 EEL =    11786.6882  RESTRAINT  =      173.7915
 EAMBER  =  -101622.7837


   NSTEP       ENERGY          RMS            GMAX         NAME    NUMBER
   5800      -1.0147E+05     2.8994E-01     2.0767E+01     H2       4739

 BOND    =     7158.3314  ANGLE   =      445.9427  DIHED      =     3037.8653
 VDWAALS =    16076.7983  EEL     =  -141332.6001  HBOND      =        0.0000
 1-4 VDW =     1186.7090  1-4 EEL =    11786.6282  RESTRAINT  =      173.7824
 EAMBER  =  -101640.3253


   NSTEP       ENERGY          RMS            GMAX         NAME    NUMBER
   5850      -1.0149E+05     1.1621E-01     8.0724E+00     H2       4739

 BOND    =     7160.8354  ANGLE   =      445.7544  DIHED      =     3037.8647
 VDWAALS =    16089.4434  EEL     =  -141367.4451  HBOND      =        0.0000
 1-4 VDW =     1186.7103  1-4 EEL =    11786.6937  RESTRAINT  =      173.8275
 EAMBER  =  -101660.1430


   NSTEP       ENERGY          RMS            GMAX         NAME    NUMBER
   5900      -1.0150E+05     2.5632E-01     2.5181E+01     H2       4739

 BOND    =     7164.6286  ANGLE   =      445.7243  DIHED      =     3037.8596
 VDWAALS =    16102.0424  EEL     =  -141401.8335  HBOND      =        0.0000
 1-4 VDW =     1186.6946  1-4 EEL =    11786.6960  RESTRAINT  =      173.9027
 EAMBER  =  -101678.1880


   NSTEP       ENERGY          RMS            GMAX         NAME    NUMBER
   5950      -1.0152E+05     3.5569E-01     3.4690E+01     H2       4739

 BOND    =     7168.6902  ANGLE   =      445.9036  DIHED      =     3037.8635
 VDWAALS =    16114.2910  EEL     =  -141435.5069  HBOND      =        0.0000
 1-4 VDW =     1186.7400  1-4 EEL =    11786.6905  RESTRAINT  =      173.6383
 EAMBER  =  -101695.3280


   NSTEP       ENERGY          RMS            GMAX         NAME    NUMBER
   6000      -1.0154E+05     1.5330E-01     1.3071E+01     CD       2954

 BOND    =     7170.3742  ANGLE   =      445.8825  DIHED      =     3037.8672
 VDWAALS =    16126.6397  EEL     =  -141469.0041  HBOND      =        0.0000
 1-4 VDW =     1186.7290  1-4 EEL =    11786.6687  RESTRAINT  =      173.7000
 EAMBER  =  -101714.8428


   NSTEP       ENERGY          RMS            GMAX         NAME    NUMBER
   6050      -1.0156E+05     3.4203E-01     5.6215E+01     CD       2954

 BOND    =     7174.4420  ANGLE   =      446.0812  DIHED      =     3037.8715
 VDWAALS =    16138.9683  EEL     =  -141502.3028  HBOND      =        0.0000
 1-4 VDW =     1186.7681  1-4 EEL =    11786.6661  RESTRAINT  =      173.5529
 EAMBER  =  -101731.5056


   NSTEP       ENERGY          RMS            GMAX         NAME    NUMBER
   6100      -1.0158E+05     1.2291E-01     9.5987E+00     H2       4739

 BOND    =     7176.6630  ANGLE   =      445.8742  DIHED      =     3037.8639
 VDWAALS =    16151.8925  EEL     =  -141536.1132  HBOND      =        0.0000
 1-4 VDW =     1186.7194  1-4 EEL =    11786.6668  RESTRAINT  =      173.7242
 EAMBER  =  -101750.4334


   NSTEP       ENERGY          RMS            GMAX         NAME    NUMBER
   6150      -1.0159E+05     2.5100E-01     2.3991E+01     H2       4739

 BOND    =     7180.2788  ANGLE   =      445.7935  DIHED      =     3037.8599
 VDWAALS =    16164.9573  EEL     =  -141569.3638  HBOND      =        0.0000
 1-4 VDW =     1186.6869  1-4 EEL =    11786.6642  RESTRAINT  =      173.9071
 EAMBER  =  -101767.1232


   NSTEP       ENERGY          RMS            GMAX         NAME    NUMBER
   6200      -1.0161E+05     1.3117E-01     1.2479E+01     H2       4739

 BOND    =     7182.8516  ANGLE   =      445.8944  DIHED      =     3037.8660
 VDWAALS =    16177.6332  EEL     =  -141601.3595  HBOND      =        0.0000
 1-4 VDW =     1186.7145  1-4 EEL =    11786.6563  RESTRAINT  =      173.7581
 EAMBER  =  -101783.7437


   NSTEP       ENERGY          RMS            GMAX         NAME    NUMBER
   6250      -1.0163E+05     2.1173E-01     2.2833E+01     H2       4739

 BOND    =     7186.0753  ANGLE   =      445.8921  DIHED      =     3037.8663
 VDWAALS =    16189.7683  EEL     =  -141632.0327  HBOND      =        0.0000
 1-4 VDW =     1186.7072  1-4 EEL =    11786.6513  RESTRAINT  =      173.7983
 EAMBER  =  -101799.0722


   NSTEP       ENERGY          RMS            GMAX         NAME    NUMBER
   6300      -1.0164E+05     9.9955E-02     7.8549E+00     H2       4739

 BOND    =     7188.7040  ANGLE   =      445.9022  DIHED      =     3037.8650
 VDWAALS =    16201.3942  EEL     =  -141662.0766  HBOND      =        0.0000
 1-4 VDW =     1186.7094  1-4 EEL =    11786.6500  RESTRAINT  =      173.7670
 EAMBER  =  -101814.8519


   NSTEP       ENERGY          RMS            GMAX         NAME    NUMBER
   6350      -1.0166E+05     1.3275E-01     1.1965E+01     CD       2954

 BOND    =     7191.5497  ANGLE   =      445.8771  DIHED      =     3037.8641
 VDWAALS =    16212.6644  EEL     =  -141691.2961  HBOND      =        0.0000
 1-4 VDW =     1186.6972  1-4 EEL =    11786.6451  RESTRAINT  =      173.8384
 EAMBER  =  -101829.9985


   NSTEP       ENERGY          RMS            GMAX         NAME    NUMBER
   6400      -1.0167E+05     2.6589E-01     2.9568E+01     H2       4739

 BOND    =     7195.0309  ANGLE   =      445.9082  DIHED      =     3037.8650
 VDWAALS =    16223.2622  EEL     =  -141719.4439  HBOND      =        0.0000
 1-4 VDW =     1186.7059  1-4 EEL =    11786.6421  RESTRAINT  =      173.7750
 EAMBER  =  -101844.0294


   NSTEP       ENERGY          RMS            GMAX         NAME    NUMBER
   6450      -1.0169E+05     1.1887E-01     1.0926E+01     H2       4739

 BOND    =     7196.9634  ANGLE   =      445.9352  DIHED      =     3037.8670
 VDWAALS =    16234.1169  EEL     =  -141748.5293  HBOND      =        0.0000
 1-4 VDW =     1186.7088  1-4 EEL =    11786.6342  RESTRAINT  =      173.7865
 EAMBER  =  -101860.3038


   NSTEP       ENERGY          RMS            GMAX         NAME    NUMBER
   6500      -1.0170E+05     2.4394E-01     2.1418E+01     H2       4739

 BOND    =     7200.1424  ANGLE   =      446.0026  DIHED      =     3037.8635
 VDWAALS =    16244.5040  EEL     =  -141777.0952  HBOND      =        0.0000
 1-4 VDW =     1186.7095  1-4 EEL =    11786.5993  RESTRAINT  =      173.8934
 EAMBER  =  -101875.2740


   NSTEP       ENERGY          RMS            GMAX         NAME    NUMBER
   6550      -1.0172E+05     1.1777E-01     1.0572E+01     H2       4739

 BOND    =     7202.3337  ANGLE   =      445.9370  DIHED      =     3037.8667
 VDWAALS =    16254.2652  EEL     =  -141804.1491  HBOND      =        0.0000
 1-4 VDW =     1186.7085  1-4 EEL =    11786.6254  RESTRAINT  =      173.7850
 EAMBER  =  -101890.4126


   NSTEP       ENERGY          RMS            GMAX         NAME    NUMBER
   6600      -1.0173E+05     1.9408E-01     2.0496E+01     H2       4739

 BOND    =     7205.2266  ANGLE   =      445.9279  DIHED      =     3037.8661
 VDWAALS =    16264.0457  EEL     =  -141831.4898  HBOND      =        0.0000
 1-4 VDW =     1186.7044  1-4 EEL =    11786.6180  RESTRAINT  =      173.8199
 EAMBER  =  -101905.1010


   NSTEP       ENERGY          RMS            GMAX         NAME    NUMBER
   6650      -1.0175E+05     3.0941E-01     3.5771E+01     CD       2954

 BOND    =     7208.2292  ANGLE   =      445.8728  DIHED      =     3037.8629
 VDWAALS =    16273.6871  EEL     =  -141858.2279  HBOND      =        0.0000
 1-4 VDW =     1186.6779  1-4 EEL =    11786.6094  RESTRAINT  =      174.0155
 EAMBER  =  -101919.2884


   NSTEP       ENERGY          RMS            GMAX         NAME    NUMBER
   6700      -1.0176E+05     1.2513E-01     1.1609E+01     H2       4739

 BOND    =     7209.9093  ANGLE   =      445.9668  DIHED      =     3037.8684
 VDWAALS =    16283.2531  EEL     =  -141884.7004  HBOND      =        0.0000
 1-4 VDW =     1186.7144  1-4 EEL =    11786.6069  RESTRAINT  =      173.7898
 EAMBER  =  -101934.3814


   NSTEP       ENERGY          RMS            GMAX         NAME    NUMBER
   6750      -1.0178E+05     7.7880E-02     3.7448E+00     H2       4739

 BOND    =     7212.3996  ANGLE   =      445.9806  DIHED      =     3037.8687
 VDWAALS =    16292.8178  EEL     =  -141911.3092  HBOND      =        0.0000
 1-4 VDW =     1186.7195  1-4 EEL =    11786.6014  RESTRAINT  =      173.7578
 EAMBER  =  -101948.9216


   NSTEP       ENERGY          RMS            GMAX         NAME    NUMBER
   6800      -1.0179E+05     7.3952E-02     2.5604E+00     H2       4739

 BOND    =     7214.8477  ANGLE   =      445.9816  DIHED      =     3037.8684
 VDWAALS =    16302.2770  EEL     =  -141937.3569  HBOND      =        0.0000
 1-4 VDW =     1186.7196  1-4 EEL =    11786.5956  RESTRAINT  =      173.7649
 EAMBER  =  -101963.0671


   NSTEP       ENERGY          RMS            GMAX         NAME    NUMBER
   6850      -1.0180E+05     2.1526E-01     2.3342E+01     H2       4739

 BOND    =     7217.8684  ANGLE   =      445.9626  DIHED      =     3037.8673
 VDWAALS =    16311.7262  EEL     =  -141963.5930  HBOND      =        0.0000
 1-4 VDW =     1186.7141  1-4 EEL =    11786.5895  RESTRAINT  =      173.7900
 EAMBER  =  -101976.8649


   NSTEP       ENERGY          RMS            GMAX         NAME    NUMBER
   6900      -1.0182E+05     7.4294E-02     2.9992E+00     H2       4739

 BOND    =     7219.6437  ANGLE   =      445.9952  DIHED      =     3037.8685
 VDWAALS =    16320.7049  EEL     =  -141988.5280  HBOND      =        0.0000
 1-4 VDW =     1186.7227  1-4 EEL =    11786.5835  RESTRAINT  =      173.7579
 EAMBER  =  -101991.0095


   NSTEP       ENERGY          RMS            GMAX         NAME    NUMBER
   6950      -1.0183E+05     1.8451E-01     1.9573E+01     H2       4739

 BOND    =     7222.2501  ANGLE   =      446.0338  DIHED      =     3037.8695
 VDWAALS =    16329.3492  EEL     =  -142013.0134  HBOND      =        0.0000
 1-4 VDW =     1186.7331  1-4 EEL =    11786.5777  RESTRAINT  =      173.7100
 EAMBER  =  -102004.2000


   NSTEP       ENERGY          RMS            GMAX         NAME    NUMBER
   7000      -1.0184E+05     2.9831E-01     4.7664E+01     CD       2954

 BOND    =     7225.0529  ANGLE   =      446.1970  DIHED      =     3037.8729
 VDWAALS =    16337.4539  EEL     =  -142036.7557  HBOND      =        0.0000
 1-4 VDW =     1186.7718  1-4 EEL =    11786.5732  RESTRAINT  =      173.5498
 EAMBER  =  -102016.8340


   NSTEP       ENERGY          RMS            GMAX         NAME    NUMBER
   7050      -1.0186E+05     9.5358E-02     6.9834E+00     H2       4739

 BOND    =     7226.4169  ANGLE   =      445.9960  DIHED      =     3037.8664
 VDWAALS =    16345.4854  EEL     =  -142060.4759  HBOND      =        0.0000
 1-4 VDW =     1186.7219  1-4 EEL =    11786.5661  RESTRAINT  =      173.7635
 EAMBER  =  -102031.4233


   NSTEP       ENERGY          RMS            GMAX         NAME    NUMBER
   7100      -1.0187E+05     2.5181E-01     2.4464E+01     H2       4739

 BOND    =     7229.4212  ANGLE   =      446.0869  DIHED      =     3037.8684
 VDWAALS =    16353.2584  EEL     =  -142084.3303  HBOND      =        0.0000
 1-4 VDW =     1186.7470  1-4 EEL =    11786.5622  RESTRAINT  =      173.6182
 EAMBER  =  -102044.3862


   NSTEP       ENERGY          RMS            GMAX         NAME    NUMBER
   7150      -1.0188E+05     7.5948E-02     3.6266E+00     H2       4739

 BOND    =     7230.6627  ANGLE   =      446.0300  DIHED      =     3037.8666
 VDWAALS =    16360.6454  EEL     =  -142106.9367  HBOND      =        0.0000
 1-4 VDW =     1186.7311  1-4 EEL =    11786.5546  RESTRAINT  =      173.7186
 EAMBER  =  -102058.4465


   NSTEP       ENERGY          RMS            GMAX         NAME    NUMBER
   7200      -1.0190E+05     2.0723E-01     2.0372E+01     H2       4739

 BOND    =     7233.0033  ANGLE   =      445.9950  DIHED      =     3037.8649
 VDWAALS =    16367.8252  EEL     =  -142129.4072  HBOND      =        0.0000
 1-4 VDW =     1186.7161  1-4 EEL =    11786.5473  RESTRAINT  =      173.8220
 EAMBER  =  -102071.4555


   NSTEP       ENERGY          RMS            GMAX         NAME    NUMBER
   7250      -1.0191E+05     2.9731E-01     4.0870E+01     CD       2954

 BOND    =     7235.7363  ANGLE   =      446.1901  DIHED      =     3037.8703
 VDWAALS =    16374.7796  EEL     =  -142151.8606  HBOND      =        0.0000
 1-4 VDW =     1186.7701  1-4 EEL =    11786.5421  RESTRAINT  =      173.5552
 EAMBER  =  -102083.9721


   NSTEP       ENERGY          RMS            GMAX         NAME    NUMBER
   7300      -1.0192E+05     1.2541E-01     1.1742E+01     H2       4739

 BOND    =     7237.1026  ANGLE   =      446.0474  DIHED      =     3037.8657
 VDWAALS =    16381.5773  EEL     =  -142173.8359  HBOND      =        0.0000
 1-4 VDW =     1186.7356  1-4 EEL =    11786.5347  RESTRAINT  =      173.6904
 EAMBER  =  -102097.9726


   NSTEP       ENERGY          RMS            GMAX         NAME    NUMBER
   7350      -1.0194E+05     2.4334E-01     2.3648E+01     H2       4739

 BOND    =     7239.7256  ANGLE   =      446.1024  DIHED      =     3037.8656
 VDWAALS =    16388.1802  EEL     =  -142195.4437  HBOND      =        0.0000
 1-4 VDW =     1186.7503  1-4 EEL =    11786.5275  RESTRAINT  =      173.6154
 EAMBER  =  -102110.2922


   NSTEP       ENERGY          RMS            GMAX         NAME    NUMBER
   7400      -1.0195E+05     7.4969E-02     3.7805E+00     H2       4739

 BOND    =     7240.9190  ANGLE   =      446.0502  DIHED      =     3037.8637
 VDWAALS =    16394.8699  EEL     =  -142217.1339  HBOND      =        0.0000
 1-4 VDW =     1186.7343  1-4 EEL =    11786.5192  RESTRAINT  =      173.7100
 EAMBER  =  -102124.1776


   NSTEP       ENERGY          RMS            GMAX         NAME    NUMBER
   7450      -1.0196E+05     2.2465E-01     2.2268E+01     H2       4739

 BOND    =     7243.2088  ANGLE   =      446.0119  DIHED      =     3037.8616
 VDWAALS =    16401.4889  EEL     =  -142238.5481  HBOND      =        0.0000
 1-4 VDW =     1186.7176  1-4 EEL =    11786.5106  RESTRAINT  =      173.8243
 EAMBER  =  -102136.7486


   NSTEP       ENERGY          RMS            GMAX         NAME    NUMBER
   7500      -1.0198E+05     9.6495E-02     8.1435E+00     H2       4739

 BOND    =     7244.9578  ANGLE   =      446.0438  DIHED      =     3037.8617
 VDWAALS =    16407.9299  EEL     =  -142259.7489  HBOND      =        0.0000
 1-4 VDW =     1186.7326  1-4 EEL =    11786.5043  RESTRAINT  =      173.7181
 EAMBER  =  -102149.7188


   NSTEP       ENERGY          RMS            GMAX         NAME    NUMBER
   7550      -1.0199E+05     1.7681E-01     1.8894E+01     H2       4739

 BOND    =     7247.2187  ANGLE   =      446.0582  DIHED      =     3037.8610
 VDWAALS =    16414.3127  EEL     =  -142280.5023  HBOND      =        0.0000
 1-4 VDW =     1186.7372  1-4 EEL =    11786.4967  RESTRAINT  =      173.6851
 EAMBER  =  -102161.8178


   NSTEP       ENERGY          RMS            GMAX         NAME    NUMBER
   7600      -1.0200E+05     2.6316E-01     3.1061E+01     CD       2954

 BOND    =     7249.3244  ANGLE   =      445.9780  DIHED      =     3037.8568
 VDWAALS =    16420.7244  EEL     =  -142301.0777  HBOND      =        0.0000
 1-4 VDW =     1186.7058  1-4 EEL =    11786.4883  RESTRAINT  =      173.8873
 EAMBER  =  -102174.0000


   NSTEP       ENERGY          RMS            GMAX         NAME    NUMBER
   7650      -1.0201E+05     1.1127E-01     1.0249E+01     H2       4739

 BOND    =     7250.5753  ANGLE   =      446.0746  DIHED      =     3037.8608
 VDWAALS =    16427.0096  EEL     =  -142321.2431  HBOND      =        0.0000
 1-4 VDW =     1186.7409  1-4 EEL =    11786.4815  RESTRAINT  =      173.6801
 EAMBER  =  -102186.5004


   NSTEP       ENERGY          RMS            GMAX         NAME    NUMBER
   7700      -1.0202E+05     2.2739E-01     3.2568E+01     CD       2954

 BOND    =     7252.9154  ANGLE   =      446.1792  DIHED      =     3037.8628
 VDWAALS =    16433.3854  EEL     =  -142341.8508  HBOND      =        0.0000
 1-4 VDW =     1186.7685  1-4 EEL =    11786.4761  RESTRAINT  =      173.5534
 EAMBER  =  -102198.2634


   NSTEP       ENERGY          RMS            GMAX         NAME    NUMBER
   7750      -1.0204E+05     7.1420E-02     3.4654E+00     H2       4739

 BOND    =     7254.1936  ANGLE   =      446.0565  DIHED      =     3037.8589
 VDWAALS =    16439.4044  EEL     =  -142361.2870  HBOND      =        0.0000
 1-4 VDW =     1186.7365  1-4 EEL =    11786.4687  RESTRAINT  =      173.6967
 EAMBER  =  -102210.5684


   NSTEP       ENERGY          RMS            GMAX         NAME    NUMBER
   7800      -1.0205E+05     2.0482E-01     2.3121E+01     CD       2954

 BOND    =     7256.6225  ANGLE   =      446.1301  DIHED      =     3037.8603
 VDWAALS =    16445.5829  EEL     =  -142381.4708  HBOND      =        0.0000
 1-4 VDW =     1186.7588  1-4 EEL =    11786.4646  RESTRAINT  =      173.5751
 EAMBER  =  -102222.0515


   NSTEP       ENERGY          RMS            GMAX         NAME    NUMBER
   7850      -1.0206E+05     2.6802E-01     2.9911E+01     H2       4739

 BOND    =     7258.7993  ANGLE   =      446.0777  DIHED      =     3037.8581
 VDWAALS =    16451.5466  EEL     =  -142400.8983  HBOND      =        0.0000
 1-4 VDW =     1186.7456  1-4 EEL =    11786.4587  RESTRAINT  =      173.6305
 EAMBER  =  -102233.4124


   NSTEP       ENERGY          RMS            GMAX         NAME    NUMBER
   7900      -1.0207E+05     9.1878E-02     7.2450E+00     H2       4739

 BOND    =     7259.5888  ANGLE   =      446.0837  DIHED      =     3037.8584
 VDWAALS =    16457.5378  EEL     =  -142420.2599  HBOND      =        0.0000
 1-4 VDW =     1186.7466  1-4 EEL =    11786.4539  RESTRAINT  =      173.6451
 EAMBER  =  -102245.9909


   NSTEP       ENERGY          RMS            GMAX         NAME    NUMBER
   7950      -1.0208E+05     7.0794E-02     3.4317E+00     H2       4739

 BOND    =     7261.3361  ANGLE   =      446.0691  DIHED      =     3037.8578
 VDWAALS =    16463.4012  EEL     =  -142439.5701  HBOND      =        0.0000
 1-4 VDW =     1186.7437  1-4 EEL =    11786.4497  RESTRAINT  =      173.6561
 EAMBER  =  -102257.7126


   NSTEP       ENERGY          RMS            GMAX         NAME    NUMBER
   8000      -1.0210E+05     7.2415E-02     3.7348E+00     H2       4739

 BOND    =     7263.0677  ANGLE   =      446.0743  DIHED      =     3037.8578
 VDWAALS =    16469.2442  EEL     =  -142458.6811  HBOND      =        0.0000
 1-4 VDW =     1186.7455  1-4 EEL =    11786.4467  RESTRAINT  =      173.6438
 EAMBER  =  -102269.2449


   NSTEP       ENERGY          RMS            GMAX         NAME    NUMBER
   8050      -1.0211E+05     1.9215E-01     1.9615E+01     H2       4739

 BOND    =     7265.3679  ANGLE   =      446.1038  DIHED      =     3037.8582
 VDWAALS =    16475.3551  EEL     =  -142478.8538  HBOND      =        0.0000
 1-4 VDW =     1186.7558  1-4 EEL =    11786.4440  RESTRAINT  =      173.5801
 EAMBER  =  -102280.9689


   NSTEP       ENERGY          RMS            GMAX         NAME    NUMBER
   8100      -1.0212E+05     6.8048E-02     2.4631E+00     H2       4739

 BOND    =     7266.5133  ANGLE   =      446.0716  DIHED      =     3037.8572
 VDWAALS =    16481.3274  EEL     =  -142497.7529  HBOND      =        0.0000
 1-4 VDW =     1186.7457  1-4 EEL =    11786.4410  RESTRAINT  =      173.6463
 EAMBER  =  -102292.7966


   NSTEP       ENERGY          RMS            GMAX         NAME    NUMBER
   8150      -1.0213E+05     1.6397E-01     1.7494E+01     H2       4739

 BOND    =     7268.5401  ANGLE   =      446.0968  DIHED      =     3037.8577
 VDWAALS =    16487.8132  EEL     =  -142518.0065  HBOND      =        0.0000
 1-4 VDW =     1186.7532  1-4 EEL =    11786.4389  RESTRAINT  =      173.6119
 EAMBER  =  -102304.5066


   NSTEP       ENERGY          RMS            GMAX         NAME    NUMBER
   8200      -1.0214E+05     2.4085E-01     2.6435E+01     H2       4739

 BOND    =     7270.5508  ANGLE   =      446.0669  DIHED      =     3037.8567
 VDWAALS =    16494.2187  EEL     =  -142537.4861  HBOND      =        0.0000
 1-4 VDW =     1186.7425  1-4 EEL =    11786.4366  RESTRAINT  =      173.6791
 EAMBER  =  -102315.6140


   NSTEP       ENERGY          RMS            GMAX         NAME    NUMBER
   8250      -1.0215E+05     9.4221E-02     7.6824E+00     H2       4739

 BOND    =     7271.9858  ANGLE   =      446.0661  DIHED      =     3037.8560
 VDWAALS =    16500.6090  EEL     =  -142557.0765  HBOND      =        0.0000
 1-4 VDW =     1186.7447  1-4 EEL =    11786.4353  RESTRAINT  =      173.6412
 EAMBER  =  -102327.3797


   NSTEP       ENERGY          RMS            GMAX         NAME    NUMBER
   8300      -1.0216E+05     2.0273E-01     1.9432E+01     CD       2954

 BOND    =     7274.1139  ANGLE   =      446.0310  DIHED      =     3037.8540
 VDWAALS =    16507.0337  EEL     =  -142576.4671  HBOND      =        0.0000
 1-4 VDW =     1186.7315  1-4 EEL =    11786.4335  RESTRAINT  =      173.7171
 EAMBER  =  -102338.2695


   NSTEP       ENERGY          RMS            GMAX         NAME    NUMBER
   8350      -1.0218E+05     7.1628E-02     4.0924E+00     H2       4739

 BOND    =     7275.3876  ANGLE   =      446.0932  DIHED      =     3037.8562
 VDWAALS =    16513.2988  EEL     =  -142595.2771  HBOND      =        0.0000
 1-4 VDW =     1186.7522  1-4 EEL =    11786.4323  RESTRAINT  =      173.5999
 EAMBER  =  -102349.4569


   NSTEP       ENERGY          RMS            GMAX         NAME    NUMBER
   8400      -1.0219E+05     1.4524E-01     1.4797E+01     H2       4739

 BOND    =     7277.3107  ANGLE   =      446.1189  DIHED      =     3037.8568
 VDWAALS =    16519.7191  EEL     =  -142614.7383  HBOND      =        0.0000
 1-4 VDW =     1186.7597  1-4 EEL =    11786.4302  RESTRAINT  =      173.5634
 EAMBER  =  -102360.5429


   NSTEP       ENERGY          RMS            GMAX         NAME    NUMBER
   8450      -1.0220E+05     2.8458E-01     3.9797E+01     CD       2954

 BOND    =     7279.3253  ANGLE   =      446.0293  DIHED      =     3037.8529
 VDWAALS =    16525.9240  EEL     =  -142633.5597  HBOND      =        0.0000
 1-4 VDW =     1186.7192  1-4 EEL =    11786.4274  RESTRAINT  =      173.8318
 EAMBER  =  -102371.2817


   NSTEP       ENERGY          RMS            GMAX         NAME    NUMBER
   8500      -1.0221E+05     1.5236E-01     1.5413E+01     H2       4739

 BOND    =     7281.0371  ANGLE   =      446.1159  DIHED      =     3037.8560
 VDWAALS =    16532.0736  EEL     =  -142653.1753  HBOND      =        0.0000
 1-4 VDW =     1186.7595  1-4 EEL =    11786.4270  RESTRAINT  =      173.5408
 EAMBER  =  -102382.9062


   NSTEP       ENERGY          RMS            GMAX         NAME    NUMBER
   8550      -1.0222E+05     6.8382E-02     3.3895E+00     H2       4739

 BOND    =     7282.3594  ANGLE   =      446.1032  DIHED      =     3037.8560
 VDWAALS =    16538.1075  EEL     =  -142671.7300  HBOND      =        0.0000
 1-4 VDW =     1186.7532  1-4 EEL =    11786.4244  RESTRAINT  =      173.5797
 EAMBER  =  -102394.1263


   NSTEP       ENERGY          RMS            GMAX         NAME    NUMBER
   8600      -1.0223E+05     1.1990E-01     1.1952E+01     H2       4739

 BOND    =     7284.1003  ANGLE   =      446.1186  DIHED      =     3037.8565
 VDWAALS =    16543.9781  EEL     =  -142690.0178  HBOND      =        0.0000
 1-4 VDW =     1186.7563  1-4 EEL =    11786.4219  RESTRAINT  =      173.5604
 EAMBER  =  -102404.7860


   NSTEP       ENERGY          RMS            GMAX         NAME    NUMBER
   8650      -1.0224E+05     1.9904E-01     2.1557E+01     H2       4739

 BOND    =     7285.9911  ANGLE   =      446.1451  DIHED      =     3037.8576
 VDWAALS =    16549.6543  EEL     =  -142707.8918  HBOND      =        0.0000
 1-4 VDW =     1186.7630  1-4 EEL =    11786.4195  RESTRAINT  =      173.5266
 EAMBER  =  -102415.0612


   NSTEP       ENERGY          RMS            GMAX         NAME    NUMBER
   8700      -1.0225E+05     8.5918E-02     7.0897E+00     H2       4739

 BOND    =     7287.3587  ANGLE   =      446.1120  DIHED      =     3037.8563
 VDWAALS =    16555.0420  EEL     =  -142725.3708  HBOND      =        0.0000
 1-4 VDW =     1186.7539  1-4 EEL =    11786.4167  RESTRAINT  =      173.5591
 EAMBER  =  -102425.8310


   NSTEP       ENERGY          RMS            GMAX         NAME    NUMBER
   8750      -1.0226E+05     1.5583E-01     1.6773E+01     H2       4739

 BOND    =     7289.1816  ANGLE   =      446.1066  DIHED      =     3037.8563
 VDWAALS =    16560.3651  EEL     =  -142742.7609  HBOND      =        0.0000
 1-4 VDW =     1186.7522  1-4 EEL =    11786.4136  RESTRAINT  =      173.5635
 EAMBER  =  -102436.0855


   NSTEP       ENERGY          RMS            GMAX         NAME    NUMBER
   8800      -1.0227E+05     2.6741E-01     4.4352E+01     CD       2954

 BOND    =     7291.3035  ANGLE   =      446.2721  DIHED      =     3037.8612
 VDWAALS =    16565.6550  EEL     =  -142760.2254  HBOND      =        0.0000
 1-4 VDW =     1186.7929  1-4 EEL =    11786.4115  RESTRAINT  =      173.3774
 EAMBER  =  -102445.9291


   NSTEP       ENERGY          RMS            GMAX         NAME    NUMBER
   8850      -1.0228E+05     9.7888E-02     8.3849E+00     H2       4739

 BOND    =     7291.9244  ANGLE   =      446.1450  DIHED      =     3037.8580
 VDWAALS =    16570.8806  EEL     =  -142776.9012  HBOND      =        0.0000
 1-4 VDW =     1186.7603  1-4 EEL =    11786.4069  RESTRAINT  =      173.5256
 EAMBER  =  -102456.9261


   NSTEP       ENERGY          RMS            GMAX         NAME    NUMBER
   8900      -1.0229E+05     1.9666E-01     2.1407E+01     CD       2954

 BOND    =     7293.5225  ANGLE   =      446.0876  DIHED      =     3037.8560
 VDWAALS =    16576.0383  EEL     =  -142793.3915  HBOND      =        0.0000
 1-4 VDW =     1186.7372  1-4 EEL =    11786.4025  RESTRAINT  =      173.6731
 EAMBER  =  -102466.7473


   NSTEP       ENERGY          RMS            GMAX         NAME    NUMBER
   8950      -1.0230E+05     6.2968E-02     2.7418E+00     H2       4739

 BOND    =     7294.8779  ANGLE   =      446.1314  DIHED      =     3037.8581
 VDWAALS =    16581.0737  EEL     =  -142809.8356  HBOND      =        0.0000
 1-4 VDW =     1186.7546  1-4 EEL =    11786.3994  RESTRAINT  =      173.5481
 EAMBER  =  -102476.7405


   NSTEP       ENERGY          RMS            GMAX         NAME    NUMBER
   9000      -1.0231E+05     1.7660E-01     1.9532E+01     H2       4739

 BOND    =     7296.7959  ANGLE   =      446.1264  DIHED      =     3037.8579
 VDWAALS =    16586.1419  EEL     =  -142826.2815  HBOND      =        0.0000
 1-4 VDW =     1186.7523  1-4 EEL =    11786.3953  RESTRAINT  =      173.5490
 EAMBER  =  -102486.2118


   NSTEP       ENERGY          RMS            GMAX         NAME    NUMBER
   9050      -1.0232E+05     6.2240E-02     2.6345E+00     H2       4739

 BOND    =     7297.7532  ANGLE   =      446.1463  DIHED      =     3037.8589
 VDWAALS =    16591.0047  EEL     =  -142841.9084  HBOND      =        0.0000
 1-4 VDW =     1186.7571  1-4 EEL =    11786.3916  RESTRAINT  =      173.5390
 EAMBER  =  -102495.9965


   NSTEP       ENERGY          RMS            GMAX         NAME    NUMBER
   9100      -1.0233E+05     1.5354E-01     1.6044E+01     CD       2954

 BOND    =     7299.3847  ANGLE   =      446.2008  DIHED      =     3037.8607
 VDWAALS =    16595.7761  EEL     =  -142857.5454  HBOND      =        0.0000
 1-4 VDW =     1186.7720  1-4 EEL =    11786.3886  RESTRAINT  =      173.4701
 EAMBER  =  -102505.1625


   NSTEP       ENERGY          RMS            GMAX         NAME    NUMBER
   9150      -1.0234E+05     2.0914E-01     2.2427E+01     H2       4739

 BOND    =     7300.9424  ANGLE   =      446.1969  DIHED      =     3037.8612
 VDWAALS =    16600.3234  EEL     =  -142872.6020  HBOND      =        0.0000
 1-4 VDW =     1186.7702  1-4 EEL =    11786.3856  RESTRAINT  =      173.4844
 EAMBER  =  -102514.1223


   NSTEP       ENERGY          RMS            GMAX         NAME    NUMBER
   9200      -1.0235E+05     5.9405E-02     2.0425E+00     H2       4739

 BOND    =     7301.9650  ANGLE   =      446.1523  DIHED      =     3037.8596
 VDWAALS =    16604.7354  EEL     =  -142887.5809  HBOND      =        0.0000
 1-4 VDW =     1186.7565  1-4 EEL =    11786.3811  RESTRAINT  =      173.5436
 EAMBER  =  -102523.7308


   NSTEP       ENERGY          RMS            GMAX         NAME    NUMBER
   9250      -1.0236E+05     1.8013E-01     1.8403E+01     H2       4739

 BOND    =     7303.8965  ANGLE   =      446.1906  DIHED      =     3037.8610
 VDWAALS =    16609.2496  EEL     =  -142902.9760  HBOND      =        0.0000
 1-4 VDW =     1186.7676  1-4 EEL =    11786.3785  RESTRAINT  =      173.4743
 EAMBER  =  -102532.6321


   NSTEP       ENERGY          RMS            GMAX         NAME    NUMBER
   9300      -1.0237E+05     6.1833E-02     2.7702E+00     H2       4739

 BOND    =     7304.7132  ANGLE   =      446.1713  DIHED      =     3037.8603
 VDWAALS =    16613.4817  EEL     =  -142917.2846  HBOND      =        0.0000
 1-4 VDW =     1186.7599  1-4 EEL =    11786.3760  RESTRAINT  =      173.5275
 EAMBER  =  -102541.9221


   NSTEP       ENERGY          RMS            GMAX         NAME    NUMBER
   9350      -1.0238E+05     1.4913E-01     1.6176E+01     H2       4739

 BOND    =     7306.2550  ANGLE   =      446.1744  DIHED      =     3037.8607
 VDWAALS =    16617.9266  EEL     =  -142932.5122  HBOND      =        0.0000
 1-4 VDW =     1186.7594  1-4 EEL =    11786.3741  RESTRAINT  =      173.5405
 EAMBER  =  -102551.1621


   NSTEP       ENERGY          RMS            GMAX         NAME    NUMBER
   9400      -1.0239E+05     2.1751E-01     2.4279E+01     H2       4739

 BOND    =     7307.9613  ANGLE   =      446.2068  DIHED      =     3037.8616
 VDWAALS =    16622.2976  EEL     =  -142947.6176  HBOND      =        0.0000
 1-4 VDW =     1186.7686  1-4 EEL =    11786.3728  RESTRAINT  =      173.4966
 EAMBER  =  -102560.1490


   NSTEP       ENERGY          RMS            GMAX         NAME    NUMBER
   9450      -1.0240E+05     1.3186E-01     1.3127E+01     H2       4739

 BOND    =     7309.2668  ANGLE   =      446.1982  DIHED      =     3037.8600
 VDWAALS =    16626.5715  EEL     =  -142962.7918  HBOND      =        0.0000
 1-4 VDW =     1186.7660  1-4 EEL =    11786.3720  RESTRAINT  =      173.4847
 EAMBER  =  -102569.7573


   NSTEP       ENERGY          RMS            GMAX         NAME    NUMBER
   9500      -1.0241E+05     1.9107E-01     2.2526E+01     CD       2954

 BOND    =     7310.7296  ANGLE   =      446.1283  DIHED      =     3037.8570
 VDWAALS =    16630.9656  EEL     =  -142977.5791  HBOND      =        0.0000
 1-4 VDW =     1186.7394  1-4 EEL =    11786.3705  RESTRAINT  =      173.6446
 EAMBER  =  -102578.7886


   NSTEP       ENERGY          RMS            GMAX         NAME    NUMBER
   9550      -1.0241E+05     6.4999E-02     3.7909E+00     H2       4739

 BOND    =     7311.7893  ANGLE   =      446.1958  DIHED      =     3037.8593
 VDWAALS =    16635.4965  EEL     =  -142992.4372  HBOND      =        0.0000
 1-4 VDW =     1186.7631  1-4 EEL =    11786.3708  RESTRAINT  =      173.5102
 EAMBER  =  -102587.9624


   NSTEP       ENERGY          RMS            GMAX         NAME    NUMBER
   9600      -1.0242E+05     1.6195E-01     1.6162E+01     H2       4739

 BOND    =     7313.4618  ANGLE   =      446.2428  DIHED      =     3037.8605
 VDWAALS =    16640.3055  EEL     =  -143007.6668  HBOND      =        0.0000
 1-4 VDW =     1186.7763  1-4 EEL =    11786.3710  RESTRAINT  =      173.4453
 EAMBER  =  -102596.6488


   NSTEP       ENERGY          RMS            GMAX         NAME    NUMBER
   9650      -1.0243E+05     6.9229E-02     4.7842E+00     H2       4739

 BOND    =     7314.7501  ANGLE   =      446.1975  DIHED      =     3037.8576
 VDWAALS =    16645.1526  EEL     =  -143022.9155  HBOND      =        0.0000
 1-4 VDW =     1186.7638  1-4 EEL =    11786.3702  RESTRAINT  =      173.5038
 EAMBER  =  -102605.8236


   NSTEP       ENERGY          RMS            GMAX         NAME    NUMBER
   9700      -1.0244E+05     8.2028E-02     6.5519E+00     H2       4739

 BOND    =     7316.2485  ANGLE   =      446.1910  DIHED      =     3037.8570
 VDWAALS =    16650.2809  EEL     =  -143038.6984  HBOND      =        0.0000
 1-4 VDW =     1186.7616  1-4 EEL =    11786.3695  RESTRAINT  =      173.5159
 EAMBER  =  -102614.9900


   NSTEP       ENERGY          RMS            GMAX         NAME    NUMBER
   9750      -1.0245E+05     6.2782E-02     3.3639E+00     H2       4739

 BOND    =     7317.5942  ANGLE   =      446.2117  DIHED      =     3037.8566
 VDWAALS =    16655.2713  EEL     =  -143053.8930  HBOND      =        0.0000
 1-4 VDW =     1186.7684  1-4 EEL =    11786.3698  RESTRAINT  =      173.4861
 EAMBER  =  -102623.8209


   NSTEP       ENERGY          RMS            GMAX         NAME    NUMBER
   9800      -1.0246E+05     1.1039E-01     1.1027E+01     H2       4739

 BOND    =     7319.1077  ANGLE   =      446.2103  DIHED      =     3037.8559
 VDWAALS =    16660.5730  EEL     =  -143069.8214  HBOND      =        0.0000
 1-4 VDW =     1186.7681  1-4 EEL =    11786.3693  RESTRAINT  =      173.4960
 EAMBER  =  -102632.9371


   NSTEP       ENERGY          RMS            GMAX         NAME    NUMBER
   9850      -1.0247E+05     1.7098E-01     1.7997E+01     H2       4739

 BOND    =     7320.7239  ANGLE   =      446.2550  DIHED      =     3037.8572
 VDWAALS =    16665.6223  EEL     =  -143084.8473  HBOND      =        0.0000
 1-4 VDW =     1186.7828  1-4 EEL =    11786.3697  RESTRAINT  =      173.4207
 EAMBER  =  -102641.2364


   NSTEP       ENERGY          RMS            GMAX         NAME    NUMBER
   9900      -1.0248E+05     8.4933E-02     7.5832E+00     H2       4739

 BOND    =     7321.9832  ANGLE   =      446.2090  DIHED      =     3037.8548
 VDWAALS =    16670.5388  EEL     =  -143099.6381  HBOND      =        0.0000
 1-4 VDW =     1186.7709  1-4 EEL =    11786.3693  RESTRAINT  =      173.4743
 EAMBER  =  -102649.9121


   NSTEP       ENERGY          RMS            GMAX         NAME    NUMBER
   9950      -1.0248E+05     1.6251E-01     1.8336E+01     CD       2954

 BOND    =     7323.5655  ANGLE   =      446.1708  DIHED      =     3037.8532
 VDWAALS =    16675.5053  EEL     =  -143114.4785  HBOND      =        0.0000
 1-4 VDW =     1186.7575  1-4 EEL =    11786.3687  RESTRAINT  =      173.5569
 EAMBER  =  -102658.2576


   NSTEP       ENERGY          RMS            GMAX         NAME    NUMBER
  10000      -1.0249E+05     2.2301E-01     2.2149E+01     H2       4739

 BOND    =     7325.4291  ANGLE   =      446.2761  DIHED      =     3037.8573
 VDWAALS =    16680.1331  EEL     =  -143128.8097  HBOND      =        0.0000
 1-4 VDW =     1186.7938  1-4 EEL =    11786.3702  RESTRAINT  =      173.3500
 EAMBER  =  -102665.9501


  Maximum number of minimization cycles reached.


                    FINAL RESULTS



   NSTEP       ENERGY          RMS            GMAX         NAME    NUMBER
  10000      -1.0249E+05     2.2301E-01     2.2149E+01     H2       4739

 BOND    =     7325.4291  ANGLE   =      446.2761  DIHED      =     3037.8573
 VDWAALS =    16680.1331  EEL     =  -143128.8097  HBOND      =        0.0000
 1-4 VDW =     1186.7938  1-4 EEL =    11786.3702  RESTRAINT  =      173.3500
 EAMBER  =  -102665.9501
--------------------------------------------------------------------------------
   5.  TIMINGS
--------------------------------------------------------------------------------

|  NonSetup CPU Time in Major Routines:
|
|     Routine           Sec        %
|     ------------------------------
|     Nonbond          19.87   64.20
|     Bond              0.00    0.00
|     Angle             0.00    0.00
|     Dihedral          0.00    0.00
|     Shake             0.00    0.00
|     Other            11.08   35.80
|     ------------------------------
|     Total            30.95

|  PME Nonbond Pairlist CPU Time:
|
|     Routine              Sec        %
|     ---------------------------------
|     Set Up Cit           0.00    0.00
|     Build List           0.00    0.00
|     ---------------------------------
|     Total                0.00    0.00

|  PME Direct Force CPU Time:
|
|     Routine              Sec        %
|     ---------------------------------
|     NonBonded Calc       0.00    0.00
|     Exclude Masked       0.00    0.00
|     Other                0.02    0.06
|     ---------------------------------
|     Total                0.02    0.06

|  PME Reciprocal Force CPU Time:
|
|     Routine              Sec        %
|     ---------------------------------
|     1D bspline           0.00    0.00
|     Grid Charges         0.00    0.00
|     Scalar Sum           0.00    0.00
|     Gradient Sum         0.00    0.00
|     FFT                  0.00    0.00
|     ---------------------------------
|     Total                0.00    0.00

|  Setup CPU time:            0.73 seconds
|  NonSetup CPU time:        30.95 seconds
|  Total CPU time:           31.68 seconds     0.01 hours

|  Setup wall time:           1    seconds
|  NonSetup wall time:       31    seconds
|  Total wall time:          32    seconds     0.01 hours
