
          -------------------------------------------------------
          Amber 18 PMEMD                              2018
          -------------------------------------------------------

| PMEMD implementation of SANDER, Release 18

| Run on 01/29/2019 at 16:57:02

|   Executable path: /opt/software/Amber/18-foss-2018a/bin/pmemd.cuda
| Working directory: /mnt/home/songlin3/top_CdNi/Ni/keepCD2000/freemd
|          Hostname: lac-345

  [-O]verwriting output

File Assignments:
|   MDIN: min2.in                                                               
|  MDOUT: min2.out                                                              
| INPCRD: min1.rst                                                              
|   PARM: glx_1264.prmtop                                                       
| RESTRT: min2.rst                                                              
|   REFC: min1.rst                                                              
|  MDVEL: mdvel                                                                 
|   MDEN: mden                                                                  
|  MDCRD: min2.netcdf                                                           
| MDINFO: min2.mdinfo                                                           
|  MDFRC: mdfrc                                                                 


 Here is the input file:

minimize structure solvation+hydrogen                                          
 &cntrl                                                                        
  imin=1,maxcyc=10000, ncyc=20000,                                             
  ntb=1, cut=10, ntwx=2000, ioutfm=1, iwrap=1,                                 
  ntr=1, restraintmask=':1-275 & !@H= ', restraint_wt=200,                     
 /                                                                             
 &ewald                                                                        
 /                                                                             


Note: ig = -1. Setting random seed to    81940 based on wallclock time in 
      microseconds.
| irandom = 1, using AMBER's internal random number generator (default).
 
|--------------------- INFORMATION ----------------------
| GPU (CUDA) Version of PMEMD in use: NVIDIA GPU IN USE.
|                    Version 18.0.0
| 
|                      03/25/2018
| 
| Implementation by:
|                    Ross C. Walker     (SDSC)
|                    Scott Le Grand     (nVIDIA)
| 
| Version 18 performance extensions by:
|                    David Cerutti     (Rutgers)
| 
| Precision model in use:
|      [SPFP] - Single Precision Forces, 64-bit Fixed Point
|               Accumulation. (Default)
| 
|--------------------------------------------------------
 
|----------------- CITATION INFORMATION -----------------
|
|    When publishing work that utilized the CUDA version
|    of AMBER, please cite the following in addition to
|    the regular AMBER citations:
|
|  - Romelia Salomon-Ferrer; Andreas W. Goetz; Duncan
|    Poole; Scott Le Grand; Ross C. Walker "Routine
|    microsecond molecular dynamics simulations with
|    AMBER - Part II: Particle Mesh Ewald", J. Chem.
|    Theory Comput., 2013, 9 (9), pp3878-3888,
|    DOI: 10.1021/ct400314y.
|
|  - Andreas W. Goetz; Mark J. Williamson; Dong Xu;
|    Duncan Poole; Scott Le Grand; Ross C. Walker
|    "Routine microsecond molecular dynamics simulations
|    with AMBER - Part I: Generalized Born", J. Chem.
|    Theory Comput., 2012, 8 (5), pp1542-1555.
|
|  - Scott Le Grand; Andreas W. Goetz; Ross C. Walker
|    "SPFP: Speed without compromise - a mixed precision
|    model for GPU accelerated molecular dynamics
|    simulations.", Comp. Phys. Comm., 2013, 184
|    pp374-380, DOI: 10.1016/j.cpc.2012.09.022
|
|--------------------------------------------------------
 
|------------------- GPU DEVICE INFO --------------------
|
|            CUDA_VISIBLE_DEVICES: 0
|   CUDA Capable Devices Detected:      1
|           CUDA Device ID in use:      0
|                CUDA Device Name: Tesla K80
|     CUDA Device Global Mem Size:  11441 MB
| CUDA Device Num Multiprocessors:     13
|           CUDA Device Core Freq:   0.82 GHz
|
|--------------------------------------------------------
 
 
| Conditional Compilation Defines Used:
| PUBFFT
| BINTRAJ
| CUDA
| EMIL

| Largest sphere to fit in unit cell has radius =    30.123

| New format PARM file being parsed.
| Version =    1.000 Date = 01/29/19 Time = 16:51:42

| Note: 1-4 EEL scale factors are being read from the topology file.

| Note: 1-4 VDW scale factors are being read from the topology file.
| Duplicated    0 dihedrals

| Duplicated    0 dihedrals

--------------------------------------------------------------------------------
   1.  RESOURCE   USE: 
--------------------------------------------------------------------------------

 getting box info from netcdf restart file
 NATOM  =   26702 NTYPES =      18 NBONH =   24583 MBONA  =    2144
 NTHETH =    4730 MTHETA =    2896 NPHIH =    9622 MPHIA  =    9100
 NHPARM =       0 NPARM  =       0 NNB   =   53049 NRES   =    7786
 NBONA  =    2144 NTHETA =    2896 NPHIA =    9100 NUMBND =      67
 NUMANG =     150 NPTRA  =     196 NATYP =      38 NPHB   =       1
 IFBOX  =       2 NMXRS  =      24 IFCAP =       0 NEXTRA =       0
 NCOPY  =       0

| Coordinate Index Table dimensions:    11   11   11
| Direct force subcell size =     6.7078    6.7078    6.7078

     BOX TYPE: TRUNCATED OCTAHEDRON

--------------------------------------------------------------------------------
   2.  CONTROL  DATA  FOR  THE  RUN
--------------------------------------------------------------------------------

default_name                                                                    

General flags:
     imin    =       1, nmropt  =       0

Nature and format of input:
     ntx     =       1, irest   =       0, ntrx    =       1

Nature and format of output:
     ntxo    =       2, ntpr    =      50, ntrx    =       1, ntwr    =       1
     iwrap   =       1, ntwx    =    2000, ntwv    =       0, ntwe    =       0
     ioutfm  =       1, ntwprt  =       0, idecomp =       0, rbornstat=      0

Potential function:
     ntf     =       1, ntb     =       1, igb     =       0, nsnb    =      25
     ipol    =       0, gbsa    =       0, iesp    =       0
     dielc   =   1.00000, cut     =  10.00000, intdiel =   1.00000
     lj1264  =       1

Frozen or restrained atoms:
     ibelly  =       0, ntr     =       1
     restraint_wt = 200.00000

Energy minimization:
     maxcyc  =   10000, ncyc    =   20000, ntmin   =       1
     dx0     =   0.01000, drms    =   0.00010

| Intermolecular bonds treatment:
|     no_intermolecular_bonds =       1

| Energy averages sample interval:
|     ene_avg_sampling =       1

Ewald parameters:
     verbose =       0, ew_type =       0, nbflag  =       1, use_pme =       1
     vdwmeth =       1, eedmeth =       1, netfrc  =       0
     Box X =   73.786   Box Y =   73.786   Box Z =   73.786
     Alpha =  109.471   Beta  =  109.471   Gamma =  109.471
     NFFT1 =   80       NFFT2 =   80       NFFT3 =   80
     Cutoff=   10.000   Tol   =0.100E-04
     Ewald Coefficient =  0.27511
     Interpolation order =    4

    LOADING THE CONSTRAINED ATOMS AS GROUPS


   5.  REFERENCE ATOM COORDINATES

  default_name                                                                    
     Mask :1-275 & !@H=; matches  2109 atoms

--------------------------------------------------------------------------------
   3.  ATOMIC COORDINATES AND VELOCITIES
--------------------------------------------------------------------------------

default_name                                                                    
 begin time read from input coords =     0.000 ps

 
 Number of triangulated 3-point waters found:     7501

     Sum of charges from parm topology file =  -0.00000010
     Forcing neutrality...

| Dynamic Memory, Types Used:
| Reals              840217
| Integers          1195456

| Nonbonded Pairs Initial Allocation:     8076687

| GPU memory information (estimate):
| KB of GPU memory in use:         0
| KB of CPU memory in use:         0

--------------------------------------------------------------------------------
   4.  RESULTS
--------------------------------------------------------------------------------



   NSTEP       ENERGY          RMS            GMAX         NAME    NUMBER
      1      -1.0267E+05     1.3378E+00     4.1209E+01     O        2100

 BOND    =     7325.4291  ANGLE   =      446.2761  DIHED      =     3037.8573
 VDWAALS =    16680.0520  EEL     =  -143128.6777  HBOND      =        0.0000
 1-4 VDW =     1186.7938  1-4 EEL =    11786.3702  RESTRAINT  =        0.0000


   NSTEP       ENERGY          RMS            GMAX         NAME    NUMBER
     50      -1.0289E+05     1.7209E-01     7.1520E+00     CD       2954

 BOND    =     7332.4181  ANGLE   =      425.6656  DIHED      =     3051.8216
 VDWAALS =    16611.3352  EEL     =  -143156.0341  HBOND      =        0.0000
 1-4 VDW =     1119.2912  1-4 EEL =    11641.6146  RESTRAINT  =       82.3849
 EAMBER  =  -102973.8878


   NSTEP       ENERGY          RMS            GMAX         NAME    NUMBER
    100      -1.0291E+05     2.9132E-01     1.4003E+01     C         977

 BOND    =     7335.6460  ANGLE   =      429.0851  DIHED      =     3055.5698
 VDWAALS =    16613.4528  EEL     =  -143186.7411  HBOND      =        0.0000
 1-4 VDW =     1116.1390  1-4 EEL =    11635.5144  RESTRAINT  =       89.7482
 EAMBER  =  -103001.3340


   NSTEP       ENERGY          RMS            GMAX         NAME    NUMBER
    150      -1.0293E+05     9.6871E-02     7.0637E+00     HG1       114

 BOND    =     7334.1155  ANGLE   =      430.0631  DIHED      =     3056.4945
 VDWAALS =    16618.0396  EEL     =  -143207.9877  HBOND      =        0.0000
 1-4 VDW =     1115.5729  1-4 EEL =    11633.8453  RESTRAINT  =       92.1408
 EAMBER  =  -103019.8568


   NSTEP       ENERGY          RMS            GMAX         NAME    NUMBER
    200      -1.0294E+05     2.4385E-01     1.3738E+01     CD        241

 BOND    =     7335.2278  ANGLE   =      430.5505  DIHED      =     3056.6997
 VDWAALS =    16623.4024  EEL     =  -143229.4056  HBOND      =        0.0000
 1-4 VDW =     1115.1301  1-4 EEL =    11633.3564  RESTRAINT  =       93.2479
 EAMBER  =  -103035.0387


   NSTEP       ENERGY          RMS            GMAX         NAME    NUMBER
    250      -1.0296E+05     7.4330E-02     8.3936E+00     HH       3182

 BOND    =     7337.2032  ANGLE   =      430.9382  DIHED      =     3056.8600
 VDWAALS =    16628.9310  EEL     =  -143251.8107  HBOND      =        0.0000
 1-4 VDW =     1114.5037  1-4 EEL =    11633.3127  RESTRAINT  =       93.8645
 EAMBER  =  -103050.0619


   NSTEP       ENERGY          RMS            GMAX         NAME    NUMBER
    300      -1.0297E+05     1.9604E-01     1.5423E+01     CG       2082

 BOND    =     7339.0885  ANGLE   =      431.2359  DIHED      =     3055.6898
 VDWAALS =    16634.7614  EEL     =  -143274.5913  HBOND      =        0.0000
 1-4 VDW =     1114.1518  1-4 EEL =    11633.2722  RESTRAINT  =       94.2905
 EAMBER  =  -103066.3918


   NSTEP       ENERGY          RMS            GMAX         NAME    NUMBER
    350      -1.0299E+05     2.9261E-01     2.2108E+01     CG       2082

 BOND    =     7341.0546  ANGLE   =      431.3118  DIHED      =     3053.3395
 VDWAALS =    16640.9293  EEL     =  -143296.6936  HBOND      =        0.0000
 1-4 VDW =     1113.9330  1-4 EEL =    11633.1414  RESTRAINT  =       94.3518
 EAMBER  =  -103082.9841


   NSTEP       ENERGY          RMS            GMAX         NAME    NUMBER
    400      -1.0300E+05     1.7823E-01     1.2424E+01     H2       4739

 BOND    =     7341.9938  ANGLE   =      431.0928  DIHED      =     3052.2043
 VDWAALS =    16647.2362  EEL     =  -143315.0370  HBOND      =        0.0000
 1-4 VDW =     1113.8276  1-4 EEL =    11633.1715  RESTRAINT  =       94.2566
 EAMBER  =  -103095.5109


   NSTEP       ENERGY          RMS            GMAX         NAME    NUMBER
    450      -1.0301E+05     7.1689E-02     3.4409E+00     H2       4739

 BOND    =     7343.1627  ANGLE   =      431.1338  DIHED      =     3051.5583
 VDWAALS =    16652.8669  EEL     =  -143331.4073  HBOND      =        0.0000
 1-4 VDW =     1113.6964  1-4 EEL =    11633.2521  RESTRAINT  =       94.3159
 EAMBER  =  -103105.7370


   NSTEP       ENERGY          RMS            GMAX         NAME    NUMBER
    500      -1.0302E+05     9.8757E-02     5.7897E+00     H2       4739

 BOND    =     7344.5783  ANGLE   =      431.1818  DIHED      =     3051.0179
 VDWAALS =    16658.3109  EEL     =  -143347.3465  HBOND      =        0.0000
 1-4 VDW =     1113.5995  1-4 EEL =    11633.3572  RESTRAINT  =       94.3544
 EAMBER  =  -103115.3010


   NSTEP       ENERGY          RMS            GMAX         NAME    NUMBER
    550      -1.0303E+05     6.4102E-02     2.5224E+00     HG1      2208

 BOND    =     7345.7557  ANGLE   =      431.2069  DIHED      =     3050.5514
 VDWAALS =    16663.5327  EEL     =  -143362.6763  HBOND      =        0.0000
 1-4 VDW =     1113.5149  1-4 EEL =    11633.4724  RESTRAINT  =       94.3954
 EAMBER  =  -103124.6423


   NSTEP       ENERGY          RMS            GMAX         NAME    NUMBER
    600      -1.0304E+05     6.1428E-02     2.7477E+00     H2       4781

 BOND    =     7347.1251  ANGLE   =      431.2330  DIHED      =     3050.1339
 VDWAALS =    16668.8074  EEL     =  -143378.4601  HBOND      =        0.0000
 1-4 VDW =     1113.4453  1-4 EEL =    11633.5957  RESTRAINT  =       94.4243
 EAMBER  =  -103134.1196


   NSTEP       ENERGY          RMS            GMAX         NAME    NUMBER
    650      -1.0305E+05     2.0899E-01     1.5602E+01     CD        845

 BOND    =     7348.6865  ANGLE   =      431.3354  DIHED      =     3049.7846
 VDWAALS =    16673.8624  EEL     =  -143393.7471  HBOND      =        0.0000
 1-4 VDW =     1113.4044  1-4 EEL =    11633.7041  RESTRAINT  =       94.4368
 EAMBER  =  -103142.9697


   NSTEP       ENERGY          RMS            GMAX         NAME    NUMBER
    700      -1.0306E+05     9.0103E-02     5.9619E+00     H2       4739

 BOND    =     7349.9103  ANGLE   =      431.2771  DIHED      =     3049.5048
 VDWAALS =    16678.5328  EEL     =  -143408.7238  HBOND      =        0.0000
 1-4 VDW =     1113.3441  1-4 EEL =    11633.8337  RESTRAINT  =       94.4720
 EAMBER  =  -103152.3211


   NSTEP       ENERGY          RMS            GMAX         NAME    NUMBER
    750      -1.0307E+05     1.5297E-01     1.1146E+01     H2       4739

 BOND    =     7351.3811  ANGLE   =      431.3418  DIHED      =     3049.2889
 VDWAALS =    16683.0439  EEL     =  -143423.4563  HBOND      =        0.0000
 1-4 VDW =     1113.3169  1-4 EEL =    11633.9393  RESTRAINT  =       94.4749
 EAMBER  =  -103161.1443


   NSTEP       ENERGY          RMS            GMAX         NAME    NUMBER
    800      -1.0308E+05     2.5088E-01     2.7449E+01     CD        860

 BOND    =     7353.3542  ANGLE   =      431.2623  DIHED      =     3049.1417
 VDWAALS =    16687.5565  EEL     =  -143438.7657  HBOND      =        0.0000
 1-4 VDW =     1113.2820  1-4 EEL =    11634.0457  RESTRAINT  =       94.5422
 EAMBER  =  -103170.1233


   NSTEP       ENERGY          RMS            GMAX         NAME    NUMBER
    850      -1.0309E+05     9.4362E-02     6.1707E+00     H2       4739

 BOND    =     7353.6475  ANGLE   =      431.3773  DIHED      =     3049.0306
 VDWAALS =    16691.8456  EEL     =  -143453.0554  HBOND      =        0.0000
 1-4 VDW =     1113.2571  1-4 EEL =    11634.1481  RESTRAINT  =       94.5266
 EAMBER  =  -103179.7491


   NSTEP       ENERGY          RMS            GMAX         NAME    NUMBER
    900      -1.0309E+05     6.1404E-02     2.3603E+00     H2       4739

 BOND    =     7355.0028  ANGLE   =      431.3666  DIHED      =     3048.9778
 VDWAALS =    16695.9725  EEL     =  -143467.5678  HBOND      =        0.0000
 1-4 VDW =     1113.2371  1-4 EEL =    11634.2489  RESTRAINT  =       94.5473
 EAMBER  =  -103188.7622


   NSTEP       ENERGY          RMS            GMAX         NAME    NUMBER
    950      -1.0310E+05     9.9187E-02     7.5333E+00     H2       4739

 BOND    =     7356.4621  ANGLE   =      431.3660  DIHED      =     3048.9317
 VDWAALS =    16700.2391  EEL     =  -143482.5638  HBOND      =        0.0000
 1-4 VDW =     1113.2203  1-4 EEL =    11634.3581  RESTRAINT  =       94.5715
 EAMBER  =  -103197.9866


   NSTEP       ENERGY          RMS            GMAX         NAME    NUMBER
   1000      -1.0311E+05     1.6988E-01     1.4919E+01     H2       4739

 BOND    =     7358.0749  ANGLE   =      431.3748  DIHED      =     3048.8388
 VDWAALS =    16704.4734  EEL     =  -143497.2812  HBOND      =        0.0000
 1-4 VDW =     1113.2086  1-4 EEL =    11634.4809  RESTRAINT  =       94.5938
 EAMBER  =  -103206.8298


   NSTEP       ENERGY          RMS            GMAX         NAME    NUMBER
   1050      -1.0312E+05     2.3902E-01     1.9692E+01     CD        860

 BOND    =     7359.5886  ANGLE   =      431.4685  DIHED      =     3048.6174
 VDWAALS =    16708.8168  EEL     =  -143511.9655  HBOND      =        0.0000
 1-4 VDW =     1113.2055  1-4 EEL =    11634.6353  RESTRAINT  =       94.6131
 EAMBER  =  -103215.6335


   NSTEP       ENERGY          RMS            GMAX         NAME    NUMBER
   1100      -1.0313E+05     1.3928E-01     1.1656E+01     H2       4739

 BOND    =     7360.2698  ANGLE   =      431.4202  DIHED      =     3048.2374
 VDWAALS =    16713.3382  EEL     =  -143526.6240  HBOND      =        0.0000
 1-4 VDW =     1113.1957  1-4 EEL =    11634.7793  RESTRAINT  =       94.6300
 EAMBER  =  -103225.3833


   NSTEP       ENERGY          RMS            GMAX         NAME    NUMBER
   1150      -1.0314E+05     6.2332E-02     3.7015E+00     HG1      3049

 BOND    =     7361.5814  ANGLE   =      431.4090  DIHED      =     3047.7696
 VDWAALS =    16717.7681  EEL     =  -143541.3088  HBOND      =        0.0000
 1-4 VDW =     1113.1876  1-4 EEL =    11634.9272  RESTRAINT  =       94.6282
 EAMBER  =  -103234.6659


   NSTEP       ENERGY          RMS            GMAX         NAME    NUMBER
   1200      -1.0315E+05     1.0762E-01     8.7014E+00     H2       4739

 BOND    =     7363.0983  ANGLE   =      431.4288  DIHED      =     3047.3339
 VDWAALS =    16722.5146  EEL     =  -143556.5179  HBOND      =        0.0000
 1-4 VDW =     1113.1791  1-4 EEL =    11635.0533  RESTRAINT  =       94.6107
 EAMBER  =  -103243.9097


   NSTEP       ENERGY          RMS            GMAX         NAME    NUMBER
   1250      -1.0316E+05     1.8257E-01     2.1857E+01     CD       2954

 BOND    =     7364.8039  ANGLE   =      431.4439  DIHED      =     3047.0495
 VDWAALS =    16727.4027  EEL     =  -143571.5523  HBOND      =        0.0000
 1-4 VDW =     1113.1823  1-4 EEL =    11635.1431  RESTRAINT  =       94.5822
 EAMBER  =  -103252.5269


   NSTEP       ENERGY          RMS            GMAX         NAME    NUMBER
   1300      -1.0317E+05     8.2995E-02     6.0624E+00     H2       4739

 BOND    =     7365.5596  ANGLE   =      431.4607  DIHED      =     3046.8792
 VDWAALS =    16732.4101  EEL     =  -143585.8231  HBOND      =        0.0000
 1-4 VDW =     1113.1622  1-4 EEL =    11635.1853  RESTRAINT  =       94.5874
 EAMBER  =  -103261.1659


   NSTEP       ENERGY          RMS            GMAX         NAME    NUMBER
   1350      -1.0317E+05     1.5505E-01     1.3738E+01     H2       4739

 BOND    =     7367.0213  ANGLE   =      431.4763  DIHED      =     3046.7912
 VDWAALS =    16737.7438  EEL     =  -143600.7664  HBOND      =        0.0000
 1-4 VDW =     1113.1499  1-4 EEL =    11635.2114  RESTRAINT  =       94.5974
 EAMBER  =  -103269.3724


   NSTEP       ENERGY          RMS            GMAX         NAME    NUMBER
   1400      -1.0318E+05     6.4505E-02     3.7620E+00     H2       4739

 BOND    =     7368.3354  ANGLE   =      431.4875  DIHED      =     3046.7545
 VDWAALS =    16742.9475  EEL     =  -143615.3590  HBOND      =        0.0000
 1-4 VDW =     1113.1480  1-4 EEL =    11635.2250  RESTRAINT  =       94.5864
 EAMBER  =  -103277.4611


   NSTEP       ENERGY          RMS            GMAX         NAME    NUMBER
   1450      -1.0319E+05     9.3013E-02     7.2703E+00     H2       4739

 BOND    =     7369.7273  ANGLE   =      431.4957  DIHED      =     3046.7380
 VDWAALS =    16748.2084  EEL     =  -143629.6707  HBOND      =        0.0000
 1-4 VDW =     1113.1409  1-4 EEL =    11635.2313  RESTRAINT  =       94.5948
 EAMBER  =  -103285.1291


   NSTEP       ENERGY          RMS            GMAX         NAME    NUMBER
   1500      -1.0320E+05     1.8390E-01     1.6088E+01     H2       4739

 BOND    =     7371.4697  ANGLE   =      431.5270  DIHED      =     3046.7388
 VDWAALS =    16753.5776  EEL     =  -143644.1321  HBOND      =        0.0000
 1-4 VDW =     1113.1493  1-4 EEL =    11635.2337  RESTRAINT  =       94.5716
 EAMBER  =  -103292.4361


   NSTEP       ENERGY          RMS            GMAX         NAME    NUMBER
   1550      -1.0321E+05     5.6479E-02     2.1911E+00     H2       4739

 BOND    =     7372.1790  ANGLE   =      431.5296  DIHED      =     3046.7392
 VDWAALS =    16759.0755  EEL     =  -143658.2001  HBOND      =        0.0000
 1-4 VDW =     1113.1388  1-4 EEL =    11635.2341  RESTRAINT  =       94.5892
 EAMBER  =  -103300.3040


   NSTEP       ENERGY          RMS            GMAX         NAME    NUMBER
   1600      -1.0321E+05     1.6648E-01     1.4609E+01     H2       4739

 BOND    =     7373.6233  ANGLE   =      431.5348  DIHED      =     3046.7429
 VDWAALS =    16764.7952  EEL     =  -143672.6736  HBOND      =        0.0000
 1-4 VDW =     1113.1275  1-4 EEL =    11635.2340  RESTRAINT  =       94.6173
 EAMBER  =  -103307.6159


   NSTEP       ENERGY          RMS            GMAX         NAME    NUMBER
   1650      -1.0322E+05     5.5283E-02     2.3004E+00     H2       4739

 BOND    =     7374.8271  ANGLE   =      431.5506  DIHED      =     3046.7547
 VDWAALS =    16770.3030  EEL     =  -143686.8679  HBOND      =        0.0000
 1-4 VDW =     1113.1320  1-4 EEL =    11635.2363  RESTRAINT  =       94.5986
 EAMBER  =  -103315.0642


   NSTEP       ENERGY          RMS            GMAX         NAME    NUMBER
   1700      -1.0323E+05     1.3712E-01     1.2568E+01     H2       4739

 BOND    =     7376.4373  ANGLE   =      431.5642  DIHED      =     3046.7674
 VDWAALS =    16776.0856  EEL     =  -143701.4211  HBOND      =        0.0000
 1-4 VDW =     1113.1325  1-4 EEL =    11635.2385  RESTRAINT  =       94.5945
 EAMBER  =  -103322.1956


   NSTEP       ENERGY          RMS            GMAX         NAME    NUMBER
   1750      -1.0323E+05     1.9954E-01     1.7332E+01     H2       4739

 BOND    =     7377.9972  ANGLE   =      431.5930  DIHED      =     3046.7827
 VDWAALS =    16781.7587  EEL     =  -143715.5093  HBOND      =        0.0000
 1-4 VDW =     1113.1397  1-4 EEL =    11635.2415  RESTRAINT  =       94.5825
 EAMBER  =  -103328.9965


   NSTEP       ENERGY          RMS            GMAX         NAME    NUMBER
   1800      -1.0324E+05     6.5780E-02     4.2796E+00     H2       4739

 BOND    =     7378.5398  ANGLE   =      431.5907  DIHED      =     3046.7923
 VDWAALS =    16787.2838  EEL     =  -143728.7182  HBOND      =        0.0000
 1-4 VDW =     1113.1290  1-4 EEL =    11635.2438  RESTRAINT  =       94.6040
 EAMBER  =  -103336.1388


   NSTEP       ENERGY          RMS            GMAX         NAME    NUMBER
   1850      -1.0325E+05     5.2606E-02     2.0772E+00     H2       4739

 BOND    =     7379.7880  ANGLE   =      431.6022  DIHED      =     3046.8069
 VDWAALS =    16792.7529  EEL     =  -143742.2176  HBOND      =        0.0000
 1-4 VDW =     1113.1266  1-4 EEL =    11635.2475  RESTRAINT  =       94.6095
 EAMBER  =  -103342.8934


   NSTEP       ENERGY          RMS            GMAX         NAME    NUMBER
   1900      -1.0325E+05     5.2089E-02     2.0425E+00     H2       4739

 BOND    =     7380.9333  ANGLE   =      431.6155  DIHED      =     3046.8225
 VDWAALS =    16798.0209  EEL     =  -143755.1179  HBOND      =        0.0000
 1-4 VDW =     1113.1249  1-4 EEL =    11635.2524  RESTRAINT  =       94.6141
 EAMBER  =  -103349.3485


   NSTEP       ENERGY          RMS            GMAX         NAME    NUMBER
   1950      -1.0326E+05     1.3873E-01     1.2501E+01     H2       4739

 BOND    =     7382.4010  ANGLE   =      431.6231  DIHED      =     3046.8381
 VDWAALS =    16803.3064  EEL     =  -143768.4016  HBOND      =        0.0000
 1-4 VDW =     1113.1186  1-4 EEL =    11635.2588  RESTRAINT  =       94.6301
 EAMBER  =  -103355.8556


   NSTEP       ENERGY          RMS            GMAX         NAME    NUMBER
   2000      -1.0327E+05     5.1648E-02     2.0654E+00     H2       4739

 BOND    =     7383.1480  ANGLE   =      431.6478  DIHED      =     3046.8577
 VDWAALS =    16808.2184  EEL     =  -143780.5677  HBOND      =        0.0000
 1-4 VDW =     1113.1235  1-4 EEL =    11635.2663  RESTRAINT  =       94.6208
 EAMBER  =  -103362.3060


   NSTEP       ENERGY          RMS            GMAX         NAME    NUMBER
   2050      -1.0327E+05     1.2769E-01     1.3537E+01     CD       2954

 BOND    =     7384.3043  ANGLE   =      431.6585  DIHED      =     3046.8737
 VDWAALS =    16813.2681  EEL     =  -143793.2646  HBOND      =        0.0000
 1-4 VDW =     1113.1138  1-4 EEL =    11635.2744  RESTRAINT  =       94.6512
 EAMBER  =  -103368.7718


   NSTEP       ENERGY          RMS            GMAX         NAME    NUMBER
   2100      -1.0328E+05     5.5044E-02     2.8936E+00     H2       4739

 BOND    =     7385.4002  ANGLE   =      431.6793  DIHED      =     3046.8960
 VDWAALS =    16817.8916  EEL     =  -143805.4951  HBOND      =        0.0000
 1-4 VDW =     1113.1208  1-4 EEL =    11635.2840  RESTRAINT  =       94.6302
 EAMBER  =  -103375.2232


   NSTEP       ENERGY          RMS            GMAX         NAME    NUMBER
   2150      -1.0329E+05     1.0225E-01     8.7603E+00     H2       4739

 BOND    =     7386.5984  ANGLE   =      431.6932  DIHED      =     3046.9146
 VDWAALS =    16822.4491  EEL     =  -143817.4951  HBOND      =        0.0000
 1-4 VDW =     1113.1167  1-4 EEL =    11635.2954  RESTRAINT  =       94.6414
 EAMBER  =  -103381.4276


   NSTEP       ENERGY          RMS            GMAX         NAME    NUMBER
   2200      -1.0329E+05     1.4949E-01     1.3455E+01     H2       4739

 BOND    =     7387.8104  ANGLE   =      431.7074  DIHED      =     3046.9337
 VDWAALS =    16826.8699  EEL     =  -143829.2160  HBOND      =        0.0000
 1-4 VDW =     1113.1128  1-4 EEL =    11635.3078  RESTRAINT  =       94.6541
 EAMBER  =  -103387.4739


   NSTEP       ENERGY          RMS            GMAX         NAME    NUMBER
   2250      -1.0330E+05     5.0720E-02     1.9780E+00     H2       4739

 BOND    =     7388.4615  ANGLE   =      431.7374  DIHED      =     3046.9563
 VDWAALS =    16831.3019  EEL     =  -143840.8554  HBOND      =        0.0000
 1-4 VDW =     1113.1205  1-4 EEL =    11635.3224  RESTRAINT  =       94.6395
 EAMBER  =  -103393.9554


   NSTEP       ENERGY          RMS            GMAX         NAME    NUMBER
   2300      -1.0331E+05     1.3316E-01     1.2529E+01     H2       4739

 BOND    =     7389.5632  ANGLE   =      431.7592  DIHED      =     3046.9760
 VDWAALS =    16835.7347  EEL     =  -143852.5517  HBOND      =        0.0000
 1-4 VDW =     1113.1197  1-4 EEL =    11635.3363  RESTRAINT  =       94.6456
 EAMBER  =  -103400.0626


   NSTEP       ENERGY          RMS            GMAX         NAME    NUMBER
   2350      -1.0331E+05     2.0813E-01     2.9931E+01     CD       2954

 BOND    =     7390.8378  ANGLE   =      431.8244  DIHED      =     3047.0024
 VDWAALS =    16840.0170  EEL     =  -143864.0614  HBOND      =        0.0000
 1-4 VDW =     1113.1398  1-4 EEL =    11635.3509  RESTRAINT  =       94.6237
 EAMBER  =  -103405.8892


   NSTEP       ENERGY          RMS            GMAX         NAME    NUMBER
   2400      -1.0332E+05     8.0423E-02     6.2550E+00     H2       4739

 BOND    =     7391.6406  ANGLE   =      431.7904  DIHED      =     3047.0120
 VDWAALS =    16844.1845  EEL     =  -143875.4308  HBOND      =        0.0000
 1-4 VDW =     1113.1142  1-4 EEL =    11635.3620  RESTRAINT  =       94.6629
 EAMBER  =  -103412.3272


   NSTEP       ENERGY          RMS            GMAX         NAME    NUMBER
   2450      -1.0332E+05     1.5728E-01     1.4467E+01     H2       4739

 BOND    =     7393.0157  ANGLE   =      431.8271  DIHED      =     3047.0341
 VDWAALS =    16848.5843  EEL     =  -143887.3528  HBOND      =        0.0000
 1-4 VDW =     1113.1224  1-4 EEL =    11635.3717  RESTRAINT  =       94.6466
 EAMBER  =  -103418.3974


   NSTEP       ENERGY          RMS            GMAX         NAME    NUMBER
   2500      -1.0333E+05     5.1388E-02     2.1593E+00     H2       4739

 BOND    =     7393.5365  ANGLE   =      431.8379  DIHED      =     3047.0491
 VDWAALS =    16852.7958  EEL     =  -143898.2617  HBOND      =        0.0000
 1-4 VDW =     1113.1166  1-4 EEL =    11635.3770  RESTRAINT  =       94.6634
 EAMBER  =  -103424.5487


   NSTEP       ENERGY          RMS            GMAX         NAME    NUMBER
   2550      -1.0334E+05     1.3073E-01     1.2263E+01     H2       4739

 BOND    =     7394.6429  ANGLE   =      431.8571  DIHED      =     3047.0675
 VDWAALS =    16857.2905  EEL     =  -143910.0700  HBOND      =        0.0000
 1-4 VDW =     1113.1141  1-4 EEL =    11635.3776  RESTRAINT  =       94.6737
 EAMBER  =  -103430.7204


   NSTEP       ENERGY          RMS            GMAX         NAME    NUMBER
   2600      -1.0334E+05     6.1470E-02     4.0135E+00     H2       4739

 BOND    =     7395.7011  ANGLE   =      431.8718  DIHED      =     3047.0863
 VDWAALS =    16861.5690  EEL     =  -143921.9125  HBOND      =        0.0000
 1-4 VDW =     1113.1121  1-4 EEL =    11635.3733  RESTRAINT  =       94.6789
 EAMBER  =  -103437.1989


   NSTEP       ENERGY          RMS            GMAX         NAME    NUMBER
   2650      -1.0335E+05     1.1595E-01     1.0399E+01     H2       4739

 BOND    =     7396.8981  ANGLE   =      431.8844  DIHED      =     3047.1047
 VDWAALS =    16865.7407  EEL     =  -143933.3974  HBOND      =        0.0000
 1-4 VDW =     1113.1072  1-4 EEL =    11635.3638  RESTRAINT  =       94.6923
 EAMBER  =  -103443.2985


   NSTEP       ENERGY          RMS            GMAX         NAME    NUMBER
   2700      -1.0335E+05     1.6977E-01     1.5146E+01     H2       4739

 BOND    =     7398.1907  ANGLE   =      431.9169  DIHED      =     3047.1292
 VDWAALS =    16869.9411  EEL     =  -143945.0680  HBOND      =        0.0000
 1-4 VDW =     1113.1166  1-4 EEL =    11635.3513  RESTRAINT  =       94.6749
 EAMBER  =  -103449.4222


   NSTEP       ENERGY          RMS            GMAX         NAME    NUMBER
   2750      -1.0336E+05     6.8565E-02     4.4598E+00     H2       4739

 BOND    =     7398.7037  ANGLE   =      431.9267  DIHED      =     3047.1476
 VDWAALS =    16874.1313  EEL     =  -143956.3221  HBOND      =        0.0000
 1-4 VDW =     1113.1096  1-4 EEL =    11635.3323  RESTRAINT  =       94.6924
 EAMBER  =  -103455.9709


   NSTEP       ENERGY          RMS            GMAX         NAME    NUMBER
   2800      -1.0337E+05     1.5272E-01     2.0332E+01     CD       2954

 BOND    =     7399.9126  ANGLE   =      431.9656  DIHED      =     3047.1718
 VDWAALS =    16878.3941  EEL     =  -143968.0652  HBOND      =        0.0000
 1-4 VDW =     1113.1188  1-4 EEL =    11635.3101  RESTRAINT  =       94.6834
 EAMBER  =  -103462.1923


   NSTEP       ENERGY          RMS            GMAX         NAME    NUMBER
   2850      -1.0337E+05     4.8306E-02     1.4150E+00     H2       4739

 BOND    =     7400.8219  ANGLE   =      431.9508  DIHED      =     3047.1865
 VDWAALS =    16882.5088  EEL     =  -143979.4070  HBOND      =        0.0000
 1-4 VDW =     1113.1014  1-4 EEL =    11635.2842  RESTRAINT  =       94.7137
 EAMBER  =  -103468.5535


   NSTEP       ENERGY          RMS            GMAX         NAME    NUMBER
   2900      -1.0338E+05     1.2182E-01     1.0929E+01     H2       4739

 BOND    =     7402.1321  ANGLE   =      431.9614  DIHED      =     3047.2062
 VDWAALS =    16886.7371  EEL     =  -143991.1152  HBOND      =        0.0000
 1-4 VDW =     1113.0959  1-4 EEL =    11635.2532  RESTRAINT  =       94.7273
 EAMBER  =  -103474.7293


   NSTEP       ENERGY          RMS            GMAX         NAME    NUMBER
   2950      -1.0339E+05     1.8811E-01     2.3344E+01     CD       2954

 BOND    =     7403.3370  ANGLE   =      431.9743  DIHED      =     3047.2201
 VDWAALS =    16890.7484  EEL     =  -144002.2063  HBOND      =        0.0000
 1-4 VDW =     1113.0818  1-4 EEL =    11635.2211  RESTRAINT  =       94.7731
 EAMBER  =  -103480.6236


   NSTEP       ENERGY          RMS            GMAX         NAME    NUMBER
   3000      -1.0339E+05     6.8797E-02     5.0558E+00     CD       2954

 BOND    =     7403.8600  ANGLE   =      432.0002  DIHED      =     3047.2416
 VDWAALS =    16894.6356  EEL     =  -144012.7846  HBOND      =        0.0000
 1-4 VDW =     1113.0943  1-4 EEL =    11635.1875  RESTRAINT  =       94.7337
 EAMBER  =  -103486.7654


   NSTEP       ENERGY          RMS            GMAX         NAME    NUMBER
   3050      -1.0340E+05     4.7758E-02     1.5733E+00     H2       4739

 BOND    =     7404.9325  ANGLE   =      432.0205  DIHED      =     3047.2584
 VDWAALS =    16898.6067  EEL     =  -144023.8721  HBOND      =        0.0000
 1-4 VDW =     1113.0968  1-4 EEL =    11635.1525  RESTRAINT  =       94.7263
 EAMBER  =  -103492.8046


   NSTEP       ENERGY          RMS            GMAX         NAME    NUMBER
   3100      -1.0340E+05     8.0127E-02     6.4488E+00     H2       4739

 BOND    =     7406.0649  ANGLE   =      432.0392  DIHED      =     3047.2724
 VDWAALS =    16902.6013  EEL     =  -144034.8460  HBOND      =        0.0000
 1-4 VDW =     1113.0980  1-4 EEL =    11635.1189  RESTRAINT  =       94.7232
 EAMBER  =  -103498.6513


   NSTEP       ENERGY          RMS            GMAX         NAME    NUMBER
   3150      -1.0341E+05     1.4171E-01     1.2250E+01     H2       4739

 BOND    =     7407.2642  ANGLE   =      432.0455  DIHED      =     3047.2809
 VDWAALS =    16906.5824  EEL     =  -144045.5622  HBOND      =        0.0000
 1-4 VDW =     1113.0890  1-4 EEL =    11635.0861  RESTRAINT  =       94.7467
 EAMBER  =  -103504.2141


   NSTEP       ENERGY          RMS            GMAX         NAME    NUMBER
   3200      -1.0342E+05     5.8835E-02     3.8265E+00     H2       4739

 BOND    =     7407.9351  ANGLE   =      432.0711  DIHED      =     3047.2921
 VDWAALS =    16910.5974  EEL     =  -144056.0502  HBOND      =        0.0000
 1-4 VDW =     1113.0978  1-4 EEL =    11635.0573  RESTRAINT  =       94.7256
 EAMBER  =  -103509.9995


   NSTEP       ENERGY          RMS            GMAX         NAME    NUMBER
   3250      -1.0342E+05     1.1023E-01     9.8895E+00     H2       4739

 BOND    =     7408.9736  ANGLE   =      432.0842  DIHED      =     3047.2976
 VDWAALS =    16914.6424  EEL     =  -144066.4883  HBOND      =        0.0000
 1-4 VDW =     1113.0957  1-4 EEL =    11635.0301  RESTRAINT  =       94.7318
 EAMBER  =  -103515.3648


   NSTEP       ENERGY          RMS            GMAX         NAME    NUMBER
   3300      -1.0343E+05     1.5962E-01     1.5288E+01     H2       4739

 BOND    =     7410.0634  ANGLE   =      432.1014  DIHED      =     3047.3025
 VDWAALS =    16918.5872  EEL     =  -144076.6782  HBOND      =        0.0000
 1-4 VDW =     1113.0985  1-4 EEL =    11635.0067  RESTRAINT  =       94.7259
 EAMBER  =  -103520.5186


   NSTEP       ENERGY          RMS            GMAX         NAME    NUMBER
   3350      -1.0343E+05     6.9170E-02     5.3206E+00     H2       4739

 BOND    =     7411.0472  ANGLE   =      432.1088  DIHED      =     3047.3059
 VDWAALS =    16922.6240  EEL     =  -144087.3923  HBOND      =        0.0000
 1-4 VDW =     1113.0985  1-4 EEL =    11634.9858  RESTRAINT  =       94.7253
 EAMBER  =  -103526.2221


   NSTEP       ENERGY          RMS            GMAX         NAME    NUMBER
   3400      -1.0344E+05     1.3904E-01     1.1982E+01     H2       4739

 BOND    =     7412.2502  ANGLE   =      432.1208  DIHED      =     3047.3081
 VDWAALS =    16926.4063  EEL     =  -144097.2759  HBOND      =        0.0000
 1-4 VDW =     1113.0998  1-4 EEL =    11634.9668  RESTRAINT  =       94.7298
 EAMBER  =  -103531.1238


   NSTEP       ENERGY          RMS            GMAX         NAME    NUMBER
   3450      -1.0344E+05     4.4190E-02     1.4264E+00     H2       4739

 BOND    =     7412.8092  ANGLE   =      432.1315  DIHED      =     3047.3087
 VDWAALS =    16930.0933  EEL     =  -144106.6802  HBOND      =        0.0000
 1-4 VDW =     1113.0997  1-4 EEL =    11634.9518  RESTRAINT  =       94.7244
 EAMBER  =  -103536.2862


   NSTEP       ENERGY          RMS            GMAX         NAME    NUMBER
   3500      -1.0345E+05     1.2414E-01     1.1177E+01     H2       4739

 BOND    =     7413.7726  ANGLE   =      432.1499  DIHED      =     3047.3088
 VDWAALS =    16933.6338  EEL     =  -144115.9836  HBOND      =        0.0000
 1-4 VDW =     1113.1025  1-4 EEL =    11634.9357  RESTRAINT  =       94.7249
 EAMBER  =  -103541.0803


   NSTEP       ENERGY          RMS            GMAX         NAME    NUMBER
   3550      -1.0345E+05     4.9756E-02     2.7342E+00     H2       4739

 BOND    =     7414.6012  ANGLE   =      432.1503  DIHED      =     3047.3089
 VDWAALS =    16936.8854  EEL     =  -144125.0309  HBOND      =        0.0000
 1-4 VDW =     1113.1011  1-4 EEL =    11634.9248  RESTRAINT  =       94.7245
 EAMBER  =  -103546.0591


   NSTEP       ENERGY          RMS            GMAX         NAME    NUMBER
   3600      -1.0346E+05     1.0403E-01     7.7032E+00     H2       4739

 BOND    =     7415.5838  ANGLE   =      432.1341  DIHED      =     3047.3086
 VDWAALS =    16940.0733  EEL     =  -144134.0191  HBOND      =        0.0000
 1-4 VDW =     1113.0973  1-4 EEL =    11634.9058  RESTRAINT  =       94.7329
 EAMBER  =  -103550.9162


   NSTEP       ENERGY          RMS            GMAX         NAME    NUMBER
   3650      -1.0346E+05     1.4703E-01     1.2472E+01     H2       4739

 BOND    =     7416.5402  ANGLE   =      432.1892  DIHED      =     3047.3092
 VDWAALS =    16943.0207  EEL     =  -144142.6745  HBOND      =        0.0000
 1-4 VDW =     1113.1096  1-4 EEL =    11634.9043  RESTRAINT  =       94.7129
 EAMBER  =  -103555.6013


   NSTEP       ENERGY          RMS            GMAX         NAME    NUMBER
   3700      -1.0347E+05     8.2679E-02     6.5700E+00     H2       4739

 BOND    =     7416.9324  ANGLE   =      432.1837  DIHED      =     3047.3068
 VDWAALS =    16945.7846  EEL     =  -144150.7030  HBOND      =        0.0000
 1-4 VDW =     1113.1057  1-4 EEL =    11634.8936  RESTRAINT  =       94.7229
 EAMBER  =  -103560.4962


   NSTEP       ENERGY          RMS            GMAX         NAME    NUMBER
   3750      -1.0347E+05     1.3238E-01     1.3099E+01     CD       2954

 BOND    =     7417.6849  ANGLE   =      432.1543  DIHED      =     3047.3019
 VDWAALS =    16948.3167  EEL     =  -144158.4982  HBOND      =        0.0000
 1-4 VDW =     1113.0909  1-4 EEL =    11634.8842  RESTRAINT  =       94.7605
 EAMBER  =  -103565.0653


   NSTEP       ENERGY          RMS            GMAX         NAME    NUMBER
   3800      -1.0348E+05     5.5039E-02     3.3980E+00     H2       4739

 BOND    =     7418.3668  ANGLE   =      432.1902  DIHED      =     3047.3034
 VDWAALS =    16950.7199  EEL     =  -144166.5420  HBOND      =        0.0000
 1-4 VDW =     1113.1050  1-4 EEL =    11634.8782  RESTRAINT  =       94.7271
 EAMBER  =  -103569.9784


   NSTEP       ENERGY          RMS            GMAX         NAME    NUMBER
   3850      -1.0348E+05     1.0592E-01     9.1847E+00     H2       4739

 BOND    =     7419.1871  ANGLE   =      432.1888  DIHED      =     3047.3016
 VDWAALS =    16953.0103  EEL     =  -144174.5283  HBOND      =        0.0000
 1-4 VDW =     1113.1036  1-4 EEL =    11634.8715  RESTRAINT  =       94.7308
 EAMBER  =  -103574.8654


   NSTEP       ENERGY          RMS            GMAX         NAME    NUMBER
   3900      -1.0348E+05     1.5575E-01     1.3384E+01     H2       4739

 BOND    =     7420.0170  ANGLE   =      432.2226  DIHED      =     3047.2998
 VDWAALS =    16955.1619  EEL     =  -144182.3365  HBOND      =        0.0000
 1-4 VDW =     1113.1100  1-4 EEL =    11634.8667  RESTRAINT  =       94.7263
 EAMBER  =  -103579.6585


   NSTEP       ENERGY          RMS            GMAX         NAME    NUMBER
   3950      -1.0349E+05     6.4735E-02     4.6232E+00     H2       4739

 BOND    =     7420.2506  ANGLE   =      432.2068  DIHED      =     3047.2966
 VDWAALS =    16957.2263  EEL     =  -144189.9211  HBOND      =        0.0000
 1-4 VDW =     1113.1061  1-4 EEL =    11634.8598  RESTRAINT  =       94.7332
 EAMBER  =  -103584.9749


   NSTEP       ENERGY          RMS            GMAX         NAME    NUMBER
   4000      -1.0350E+05     1.4284E-01     1.2367E+01     H2       4739

 BOND    =     7420.9862  ANGLE   =      432.2105  DIHED      =     3047.2931
 VDWAALS =    16959.2040  EEL     =  -144197.7857  HBOND      =        0.0000
 1-4 VDW =     1113.1039  1-4 EEL =    11634.8574  RESTRAINT  =       94.7421
 EAMBER  =  -103590.1306


   NSTEP       ENERGY          RMS            GMAX         NAME    NUMBER
   4050      -1.0350E+05     6.3686E-02     4.3172E+00     H2       4739

 BOND    =     7421.5634  ANGLE   =      432.2181  DIHED      =     3047.2919
 VDWAALS =    16961.0485  EEL     =  -144205.7041  HBOND      =        0.0000
 1-4 VDW =     1113.1066  1-4 EEL =    11634.8504  RESTRAINT  =       94.7379
 EAMBER  =  -103595.6253


   NSTEP       ENERGY          RMS            GMAX         NAME    NUMBER
   4100      -1.0351E+05     8.4793E-02     6.1604E+00     CD       2954

 BOND    =     7422.2297  ANGLE   =      432.2300  DIHED      =     3047.2915
 VDWAALS =    16962.8603  EEL     =  -144213.5623  HBOND      =        0.0000
 1-4 VDW =     1113.1121  1-4 EEL =    11634.8452  RESTRAINT  =       94.7294
 EAMBER  =  -103600.9935


   NSTEP       ENERGY          RMS            GMAX         NAME    NUMBER
   4150      -1.0351E+05     1.8151E-01     2.6450E+01     CD       2954

 BOND    =     7423.0124  ANGLE   =      432.2136  DIHED      =     3047.2815
 VDWAALS =    16964.6019  EEL     =  -144221.1957  HBOND      =        0.0000
 1-4 VDW =     1113.0879  1-4 EEL =    11634.8405  RESTRAINT  =       94.8077
 EAMBER  =  -103606.1579


   NSTEP       ENERGY          RMS            GMAX         NAME    NUMBER
   4200      -1.0352E+05     9.3335E-02     7.5359E+00     H2       4739

 BOND    =     7423.3546  ANGLE   =      432.2372  DIHED      =     3047.2857
 VDWAALS =    16966.4898  EEL     =  -144229.2164  HBOND      =        0.0000
 1-4 VDW =     1113.1086  1-4 EEL =    11634.8355  RESTRAINT  =       94.7462
 EAMBER  =  -103611.9051


   NSTEP       ENERGY          RMS            GMAX         NAME    NUMBER
   4250      -1.0352E+05     1.3741E-01     1.1421E+01     H2       4739

 BOND    =     7424.1252  ANGLE   =      432.2495  DIHED      =     3047.2850
 VDWAALS =    16968.4362  EEL     =  -144237.4596  HBOND      =        0.0000
 1-4 VDW =     1113.1126  1-4 EEL =    11634.8304  RESTRAINT  =       94.7425
 EAMBER  =  -103617.4207


   NSTEP       ENERGY          RMS            GMAX         NAME    NUMBER
   4300      -1.0353E+05     6.4936E-02     4.2821E+00     H2       4739

 BOND    =     7424.6783  ANGLE   =      432.2471  DIHED      =     3047.2828
 VDWAALS =    16970.2719  EEL     =  -144245.3916  HBOND      =        0.0000
 1-4 VDW =     1113.1083  1-4 EEL =    11634.8280  RESTRAINT  =       94.7536
 EAMBER  =  -103622.9753


   NSTEP       ENERGY          RMS            GMAX         NAME    NUMBER
   4350      -1.0353E+05     1.2894E-01     9.9360E+00     H2       4739

 BOND    =     7425.5354  ANGLE   =      432.2655  DIHED      =     3047.2842
 VDWAALS =    16972.1409  EEL     =  -144253.2446  HBOND      =        0.0000
 1-4 VDW =     1113.1155  1-4 EEL =    11634.8232  RESTRAINT  =       94.7425
 EAMBER  =  -103628.0799


   NSTEP       ENERGY          RMS            GMAX         NAME    NUMBER
   4400      -1.0354E+05     1.9089E-01     2.4938E+01     CD       2954

 BOND    =     7426.4095  ANGLE   =      432.2974  DIHED      =     3047.2867
 VDWAALS =    16973.9049  EEL     =  -144260.8897  HBOND      =        0.0000
 1-4 VDW =     1113.1264  1-4 EEL =    11634.8198  RESTRAINT  =       94.7343
 EAMBER  =  -103633.0449


   NSTEP       ENERGY          RMS            GMAX         NAME    NUMBER
   4450      -1.0354E+05     8.0866E-02     6.1574E+00     H2       4739

 BOND    =     7426.5558  ANGLE   =      432.2699  DIHED      =     3047.2793
 VDWAALS =    16975.5630  EEL     =  -144268.1732  HBOND      =        0.0000
 1-4 VDW =     1113.1106  1-4 EEL =    11634.8144  RESTRAINT  =       94.7644
 EAMBER  =  -103638.5803


   NSTEP       ENERGY          RMS            GMAX         NAME    NUMBER
   4500      -1.0355E+05     4.7149E-02     1.8095E+00     H2       4739

 BOND    =     7427.1668  ANGLE   =      432.2750  DIHED      =     3047.2785
 VDWAALS =    16977.0464  EEL     =  -144275.4921  HBOND      =        0.0000
 1-4 VDW =     1113.1093  1-4 EEL =    11634.8106  RESTRAINT  =       94.7715
 EAMBER  =  -103643.8056


   NSTEP       ENERGY          RMS            GMAX         NAME    NUMBER
   4550      -1.0355E+05     7.8554E-02     5.8315E+00     H2       4739

 BOND    =     7427.8414  ANGLE   =      432.2799  DIHED      =     3047.2774
 VDWAALS =    16978.4005  EEL     =  -144282.7148  HBOND      =        0.0000
 1-4 VDW =     1113.1074  1-4 EEL =    11634.8069  RESTRAINT  =       94.7806
 EAMBER  =  -103649.0014


   NSTEP       ENERGY          RMS            GMAX         NAME    NUMBER
   4600      -1.0356E+05     1.2197E-01     1.0283E+01     H2       4739

 BOND    =     7428.5784  ANGLE   =      432.2889  DIHED      =     3047.2776
 VDWAALS =    16979.6229  EEL     =  -144289.9098  HBOND      =        0.0000
 1-4 VDW =     1113.1088  1-4 EEL =    11634.8044  RESTRAINT  =       94.7816
 EAMBER  =  -103654.2288


   NSTEP       ENERGY          RMS            GMAX         NAME    NUMBER
   4650      -1.0357E+05     5.4405E-02     2.8574E+00     H2       4739

 BOND    =     7428.9427  ANGLE   =      432.3007  DIHED      =     3047.2773
 VDWAALS =    16980.8120  EEL     =  -144297.0676  HBOND      =        0.0000
 1-4 VDW =     1113.1093  1-4 EEL =    11634.8008  RESTRAINT  =       94.7875
 EAMBER  =  -103659.8247


   NSTEP       ENERGY          RMS            GMAX         NAME    NUMBER
   4700      -1.0357E+05     1.1153E-01     7.2336E+00     H2       4739

 BOND    =     7429.6340  ANGLE   =      432.3074  DIHED      =     3047.2729
 VDWAALS =    16981.8895  EEL     =  -144304.2679  HBOND      =        0.0000
 1-4 VDW =     1113.1021  1-4 EEL =    11634.7847  RESTRAINT  =       94.8060
 EAMBER  =  -103665.2772


   NSTEP       ENERGY          RMS            GMAX         NAME    NUMBER
   4750      -1.0358E+05     1.5812E-01     1.1976E+01     H2       4739

 BOND    =     7430.3816  ANGLE   =      432.3287  DIHED      =     3047.2762
 VDWAALS =    16982.9646  EEL     =  -144311.3760  HBOND      =        0.0000
 1-4 VDW =     1113.1102  1-4 EEL =    11634.7810  RESTRAINT  =       94.7899
 EAMBER  =  -103670.5337


   NSTEP       ENERGY          RMS            GMAX         NAME    NUMBER
   4800      -1.0358E+05     8.3731E-02     5.8708E+00     H2       4739

 BOND    =     7430.7775  ANGLE   =      432.3330  DIHED      =     3047.2781
 VDWAALS =    16984.0091  EEL     =  -144318.5660  HBOND      =        0.0000
 1-4 VDW =     1113.1077  1-4 EEL =    11634.7956  RESTRAINT  =       94.8001
 EAMBER  =  -103676.2649


   NSTEP       ENERGY          RMS            GMAX         NAME    NUMBER
   4850      -1.0359E+05     1.5033E-01     1.3763E+01     CD       2954

 BOND    =     7431.5039  ANGLE   =      432.3401  DIHED      =     3047.2760
 VDWAALS =    16985.0720  EEL     =  -144325.7907  HBOND      =        0.0000
 1-4 VDW =     1113.0980  1-4 EEL =    11634.7951  RESTRAINT  =       94.8297
 EAMBER  =  -103681.7056


   NSTEP       ENERGY          RMS            GMAX         NAME    NUMBER
   4900      -1.0359E+05     4.8491E-02     1.6260E+00     H2       4739

 BOND    =     7431.8512  ANGLE   =      432.3611  DIHED      =     3047.2799
 VDWAALS =    16986.1620  EEL     =  -144332.9566  HBOND      =        0.0000
 1-4 VDW =     1113.1075  1-4 EEL =    11634.7931  RESTRAINT  =       94.8064
 EAMBER  =  -103687.4017


   NSTEP       ENERGY          RMS            GMAX         NAME    NUMBER
   4950      -1.0360E+05     1.1232E-01     8.4731E+00     H2       4739

 BOND    =     7432.5425  ANGLE   =      432.3749  DIHED      =     3047.2806
 VDWAALS =    16987.2853  EEL     =  -144340.3427  HBOND      =        0.0000
 1-4 VDW =     1113.1069  1-4 EEL =    11634.7923  RESTRAINT  =       94.8117
 EAMBER  =  -103692.9603


   NSTEP       ENERGY          RMS            GMAX         NAME    NUMBER
   5000      -1.0360E+05     4.9185E-02     1.6687E+00     H2       4739

 BOND    =     7433.0520  ANGLE   =      432.3877  DIHED      =     3047.2817
 VDWAALS =    16988.4304  EEL     =  -144347.8753  HBOND      =        0.0000
 1-4 VDW =     1113.1055  1-4 EEL =    11634.7934  RESTRAINT  =       94.8162
 EAMBER  =  -103698.8246


   NSTEP       ENERGY          RMS            GMAX         NAME    NUMBER
   5050      -1.0361E+05     6.5256E-02     4.5246E+00     CD       2954

 BOND    =     7433.6967  ANGLE   =      432.4059  DIHED      =     3047.2834
 VDWAALS =    16989.6319  EEL     =  -144355.4834  HBOND      =        0.0000
 1-4 VDW =     1113.1085  1-4 EEL =    11634.7958  RESTRAINT  =       94.8135
 EAMBER  =  -103704.5611


   NSTEP       ENERGY          RMS            GMAX         NAME    NUMBER
   5100      -1.0362E+05     1.4652E-01     1.3271E+01     CD       2954

 BOND    =     7434.4897  ANGLE   =      432.4059  DIHED      =     3047.2798
 VDWAALS =    16990.8688  EEL     =  -144363.1165  HBOND      =        0.0000
 1-4 VDW =     1113.0955  1-4 EEL =    11634.7996  RESTRAINT  =       94.8514
 EAMBER  =  -103710.1771


   NSTEP       ENERGY          RMS            GMAX         NAME    NUMBER
   5150      -1.0362E+05     5.5740E-02     2.4212E+00     H2       4739

 BOND    =     7434.9106  ANGLE   =      432.4259  DIHED      =     3047.2826
 VDWAALS =    16992.1453  EEL     =  -144370.7086  HBOND      =        0.0000
 1-4 VDW =     1113.1030  1-4 EEL =    11634.8035  RESTRAINT  =       94.8359
 EAMBER  =  -103716.0377


   NSTEP       ENERGY          RMS            GMAX         NAME    NUMBER
   5200      -1.0363E+05     1.2194E-01     9.9166E+00     CD       2954

 BOND    =     7435.6474  ANGLE   =      432.4335  DIHED      =     3047.2799
 VDWAALS =    16993.4552  EEL     =  -144378.2820  HBOND      =        0.0000
 1-4 VDW =     1113.0977  1-4 EEL =    11634.8089  RESTRAINT  =       94.8572
 EAMBER  =  -103721.5594


   NSTEP       ENERGY          RMS            GMAX         NAME    NUMBER
   5250      -1.0363E+05     1.7289E-01     1.2478E+01     H2       4739

 BOND    =     7436.5093  ANGLE   =      432.4489  DIHED      =     3047.2794
 VDWAALS =    16994.8348  EEL     =  -144386.2743  HBOND      =        0.0000
 1-4 VDW =     1113.0992  1-4 EEL =    11634.8155  RESTRAINT  =       94.8580
 EAMBER  =  -103727.2871


   NSTEP       ENERGY          RMS            GMAX         NAME    NUMBER
   5300      -1.0364E+05     6.3327E-02     2.7410E+00     H2       4739

 BOND    =     7436.8853  ANGLE   =      432.4650  DIHED      =     3047.2811
 VDWAALS =    16996.2182  EEL     =  -144394.1792  HBOND      =        0.0000
 1-4 VDW =     1113.1040  1-4 EEL =    11634.8252  RESTRAINT  =       94.8489
 EAMBER  =  -103733.4003


   NSTEP       ENERGY          RMS            GMAX         NAME    NUMBER
   5350      -1.0364E+05     1.4909E-01     8.6412E+00     H2       4739

 BOND    =     7437.7238  ANGLE   =      432.4777  DIHED      =     3047.2813
 VDWAALS =    16997.6438  EEL     =  -144402.0435  HBOND      =        0.0000
 1-4 VDW =     1113.1058  1-4 EEL =    11634.8343  RESTRAINT  =       94.8552
 EAMBER  =  -103738.9769


   NSTEP       ENERGY          RMS            GMAX         NAME    NUMBER
   5400      -1.0365E+05     5.0054E-02     1.6408E+00     H1      22183

 BOND    =     7438.2419  ANGLE   =      432.4883  DIHED      =     3047.2755
 VDWAALS =    16999.1312  EEL     =  -144409.8971  HBOND      =        0.0000
 1-4 VDW =     1113.1015  1-4 EEL =    11634.8456  RESTRAINT  =       94.8680
 EAMBER  =  -103744.8131


   NSTEP       ENERGY          RMS            GMAX         NAME    NUMBER
   5450      -1.0366E+05     1.3874E-01     1.0089E+01     CD       2954

 BOND    =     7439.1316  ANGLE   =      432.4950  DIHED      =     3047.2695
 VDWAALS =    17000.7182  EEL     =  -144418.0277  HBOND      =        0.0000
 1-4 VDW =     1113.0948  1-4 EEL =    11634.8570  RESTRAINT  =       94.8941
 EAMBER  =  -103750.4617


   NSTEP       ENERGY          RMS            GMAX         NAME    NUMBER
   5500      -1.0366E+05     2.0257E-01     2.4798E+01     CD       2954

 BOND    =     7440.0394  ANGLE   =      432.5038  DIHED      =     3047.2617
 VDWAALS =    17002.3528  EEL     =  -144426.2625  HBOND      =        0.0000
 1-4 VDW =     1113.0842  1-4 EEL =    11634.8690  RESTRAINT  =       94.9395
 EAMBER  =  -103756.1515


   NSTEP       ENERGY          RMS            GMAX         NAME    NUMBER
   5550      -1.0367E+05     1.1280E-01     7.8046E+00     CD       2954

 BOND    =     7440.6227  ANGLE   =      432.5328  DIHED      =     3047.2663
 VDWAALS =    17004.0146  EEL     =  -144434.7176  HBOND      =        0.0000
 1-4 VDW =     1113.1054  1-4 EEL =    11634.8835  RESTRAINT  =       94.8788
 EAMBER  =  -103762.2923


   NSTEP       ENERGY          RMS            GMAX         NAME    NUMBER
   5600      -1.0367E+05     1.6471E-01     1.6167E+01     CD       2954

 BOND    =     7441.5077  ANGLE   =      432.5274  DIHED      =     3047.2557
 VDWAALS =    17005.6443  EEL     =  -144442.8050  HBOND      =        0.0000
 1-4 VDW =     1113.0880  1-4 EEL =    11634.8947  RESTRAINT  =       94.9305
 EAMBER  =  -103767.8873


   NSTEP       ENERGY          RMS            GMAX         NAME    NUMBER
   5650      -1.0368E+05     4.9975E-02     1.7057E+00     H1      22183

 BOND    =     7442.0294  ANGLE   =      432.5524  DIHED      =     3047.2544
 VDWAALS =    17007.2570  EEL     =  -144450.9174  HBOND      =        0.0000
 1-4 VDW =     1113.1000  1-4 EEL =    11634.9032  RESTRAINT  =       94.9033
 EAMBER  =  -103773.8210


   NSTEP       ENERGY          RMS            GMAX         NAME    NUMBER
   5700      -1.0368E+05     1.5383E-01     1.4429E+01     CD       2954

 BOND    =     7443.0546  ANGLE   =      432.5569  DIHED      =     3047.2440
 VDWAALS =    17008.8721  EEL     =  -144459.3055  HBOND      =        0.0000
 1-4 VDW =     1113.0888  1-4 EEL =    11634.9102  RESTRAINT  =       94.9412
 EAMBER  =  -103779.5789


   NSTEP       ENERGY          RMS            GMAX         NAME    NUMBER
   5750      -1.0369E+05     4.6183E-02     1.2049E+00     H1      20419

 BOND    =     7443.5926  ANGLE   =      432.5780  DIHED      =     3047.2418
 VDWAALS =    17010.2860  EEL     =  -144466.8872  HBOND      =        0.0000
 1-4 VDW =     1113.0982  1-4 EEL =    11634.9174  RESTRAINT  =       94.9171
 EAMBER  =  -103785.1731


   NSTEP       ENERGY          RMS            GMAX         NAME    NUMBER
   5800      -1.0370E+05     1.1505E-01     7.3691E+00     H2       4739

 BOND    =     7444.4816  ANGLE   =      432.5868  DIHED      =     3047.2347
 VDWAALS =    17011.7721  EEL     =  -144474.7456  HBOND      =        0.0000
 1-4 VDW =     1113.0945  1-4 EEL =    11634.9231  RESTRAINT  =       94.9300
 EAMBER  =  -103790.6527


   NSTEP       ENERGY          RMS            GMAX         NAME    NUMBER
   5850      -1.0370E+05     1.8719E-01     2.7246E+01     CD       2954

 BOND    =     7445.4913  ANGLE   =      432.6438  DIHED      =     3047.2375
 VDWAALS =    17013.3006  EEL     =  -144482.6516  HBOND      =        0.0000
 1-4 VDW =     1113.1181  1-4 EEL =    11634.9300  RESTRAINT  =       94.8945
 EAMBER  =  -103795.9303


   NSTEP       ENERGY          RMS            GMAX         NAME    NUMBER
   5900      -1.0371E+05     6.9782E-02     5.3095E+00     CD       2954

 BOND    =     7445.9007  ANGLE   =      432.6087  DIHED      =     3047.2230
 VDWAALS =    17014.8746  EEL     =  -144490.1502  HBOND      =        0.0000
 1-4 VDW =     1113.0964  1-4 EEL =    11634.9324  RESTRAINT  =       94.9334
 EAMBER  =  -103801.5145


   NSTEP       ENERGY          RMS            GMAX         NAME    NUMBER
   5950      -1.0371E+05     4.5230E-02     1.1664E+00     H1      23752

 BOND    =     7446.6046  ANGLE   =      432.6201  DIHED      =     3047.2194
 VDWAALS =    17016.5459  EEL     =  -144497.7104  HBOND      =        0.0000
 1-4 VDW =     1113.1005  1-4 EEL =    11634.9374  RESTRAINT  =       94.9251
 EAMBER  =  -103806.6825


   NSTEP       ENERGY          RMS            GMAX         NAME    NUMBER
   6000      -1.0372E+05     4.8065E-02     1.7226E+00     H2       4739

 BOND    =     7447.3269  ANGLE   =      432.6248  DIHED      =     3047.2146
 VDWAALS =    17018.2968  EEL     =  -144505.1363  HBOND      =        0.0000
 1-4 VDW =     1113.1011  1-4 EEL =    11634.9417  RESTRAINT  =       94.9256
 EAMBER  =  -103811.6305


   NSTEP       ENERGY          RMS            GMAX         NAME    NUMBER
   6050      -1.0372E+05     1.3187E-01     9.0573E+00     H2       4739

 BOND    =     7448.2307  ANGLE   =      432.6255  DIHED      =     3047.2095
 VDWAALS =    17020.1574  EEL     =  -144512.7128  HBOND      =        0.0000
 1-4 VDW =     1113.1008  1-4 EEL =    11634.9464  RESTRAINT  =       94.9268
 EAMBER  =  -103816.4426


   NSTEP       ENERGY          RMS            GMAX         NAME    NUMBER
   6100      -1.0373E+05     4.4752E-02     1.3711E+00     H2       4739

 BOND    =     7448.7467  ANGLE   =      432.6281  DIHED      =     3047.2050
 VDWAALS =    17022.0048  EEL     =  -144519.9679  HBOND      =        0.0000
 1-4 VDW =     1113.1037  1-4 EEL =    11634.9505  RESTRAINT  =       94.9228
 EAMBER  =  -103821.3291


   NSTEP       ENERGY          RMS            GMAX         NAME    NUMBER
   6150      -1.0373E+05     1.0795E-01     6.8201E+00     H2       4739

 BOND    =     7449.6024  ANGLE   =      432.6216  DIHED      =     3047.1987
 VDWAALS =    17023.9558  EEL     =  -144527.5091  HBOND      =        0.0000
 1-4 VDW =     1113.1023  1-4 EEL =    11634.9541  RESTRAINT  =       94.9280
 EAMBER  =  -103826.0741


   NSTEP       ENERGY          RMS            GMAX         NAME    NUMBER
   6200      -1.0374E+05     1.6920E-01     2.5648E+01     CD       2954

 BOND    =     7450.3819  ANGLE   =      432.6097  DIHED      =     3047.1876
 VDWAALS =    17025.7761  EEL     =  -144534.5230  HBOND      =        0.0000
 1-4 VDW =     1113.0886  1-4 EEL =    11634.9581  RESTRAINT  =       94.9782
 EAMBER  =  -103830.5211


   NSTEP       ENERGY          RMS            GMAX         NAME    NUMBER
   6250      -1.0374E+05     8.9726E-02     5.3333E+00     H2       4739

 BOND    =     7450.9624  ANGLE   =      432.6174  DIHED      =     3047.1898
 VDWAALS =    17027.5897  EEL     =  -144541.6396  HBOND      =        0.0000
 1-4 VDW =     1113.1098  1-4 EEL =    11634.9658  RESTRAINT  =       94.9092
 EAMBER  =  -103835.2047


   NSTEP       ENERGY          RMS            GMAX         NAME    NUMBER
   6300      -1.0374E+05     1.5595E-01     1.8396E+01     CD       2954

 BOND    =     7451.7801  ANGLE   =      432.5953  DIHED      =     3047.1778
 VDWAALS =    17029.3808  EEL     =  -144548.6431  HBOND      =        0.0000
 1-4 VDW =     1113.0955  1-4 EEL =    11634.9703  RESTRAINT  =       94.9513
 EAMBER  =  -103839.6433


   NSTEP       ENERGY          RMS            GMAX         NAME    NUMBER
   6350      -1.0375E+05     6.6905E-02     3.5888E+00     H2       4739

 BOND    =     7452.3279  ANGLE   =      432.5977  DIHED      =     3047.1754
 VDWAALS =    17031.1269  EEL     =  -144555.5141  HBOND      =        0.0000
 1-4 VDW =     1113.1114  1-4 EEL =    11634.9747  RESTRAINT  =       94.9076
 EAMBER  =  -103844.2002


   NSTEP       ENERGY          RMS            GMAX         NAME    NUMBER
   6400      -1.0375E+05     1.2216E-01     1.0309E+01     CD       2954

 BOND    =     7453.1729  ANGLE   =      432.5967  DIHED      =     3047.1697
 VDWAALS =    17032.9160  EEL     =  -144562.5105  HBOND      =        0.0000
 1-4 VDW =     1113.1179  1-4 EEL =    11634.9785  RESTRAINT  =       94.8955
 EAMBER  =  -103848.5589


   NSTEP       ENERGY          RMS            GMAX         NAME    NUMBER
   6450      -1.0376E+05     1.5820E-01     1.0560E+01     H2       4739

 BOND    =     7454.0188  ANGLE   =      432.5790  DIHED      =     3047.1604
 VDWAALS =    17034.7445  EEL     =  -144569.5349  HBOND      =        0.0000
 1-4 VDW =     1113.1148  1-4 EEL =    11634.9809  RESTRAINT  =       94.9015
 EAMBER  =  -103852.9365


   NSTEP       ENERGY          RMS            GMAX         NAME    NUMBER
   6500      -1.0376E+05     5.4477E-02     2.4777E+00     H2       4739

 BOND    =     7454.4863  ANGLE   =      432.5641  DIHED      =     3047.1516
 VDWAALS =    17036.6468  EEL     =  -144576.7741  HBOND      =        0.0000
 1-4 VDW =     1113.1117  1-4 EEL =    11634.9850  RESTRAINT  =       94.9059
 EAMBER  =  -103857.8286


   NSTEP       ENERGY          RMS            GMAX         NAME    NUMBER
   6550      -1.0377E+05     1.3611E-01     8.5881E+00     H2       4739

 BOND    =     7455.4141  ANGLE   =      432.5529  DIHED      =     3047.1435
 VDWAALS =    17038.5983  EEL     =  -144584.0274  HBOND      =        0.0000
 1-4 VDW =     1113.1122  1-4 EEL =    11634.9866  RESTRAINT  =       94.9040
 EAMBER  =  -103862.2198


   NSTEP       ENERGY          RMS            GMAX         NAME    NUMBER
   6600      -1.0377E+05     5.6871E-02     3.5106E+00     CD       2954

 BOND    =     7456.0245  ANGLE   =      432.5510  DIHED      =     3047.1349
 VDWAALS =    17040.6201  EEL     =  -144591.3329  HBOND      =        0.0000
 1-4 VDW =     1113.1172  1-4 EEL =    11634.9912  RESTRAINT  =       94.8952
 EAMBER  =  -103866.8939


   NSTEP       ENERGY          RMS            GMAX         NAME    NUMBER
   6650      -1.0378E+05     1.3821E-01     1.6505E+01     CD       2954

 BOND    =     7456.9315  ANGLE   =      432.5201  DIHED      =     3047.1230
 VDWAALS =    17042.7008  EEL     =  -144598.6431  HBOND      =        0.0000
 1-4 VDW =     1113.1040  1-4 EEL =    11634.9810  RESTRAINT  =       94.9347
 EAMBER  =  -103871.2826


   NSTEP       ENERGY          RMS            GMAX         NAME    NUMBER
   6700      -1.0378E+05     5.5130E-02     2.4866E+00     H2       4739

 BOND    =     7457.5073  ANGLE   =      432.5273  DIHED      =     3047.1180
 VDWAALS =    17044.8016  EEL     =  -144605.8806  HBOND      =        0.0000
 1-4 VDW =     1113.1168  1-4 EEL =    11634.9891  RESTRAINT  =       94.8964
 EAMBER  =  -103875.8204


   NSTEP       ENERGY          RMS            GMAX         NAME    NUMBER
   6750      -1.0379E+05     1.0919E-01     1.1501E+01     CD       2954

 BOND    =     7458.3924  ANGLE   =      432.5319  DIHED      =     3047.1118
 VDWAALS =    17047.1107  EEL     =  -144613.5425  HBOND      =        0.0000
 1-4 VDW =     1113.1258  1-4 EEL =    11634.9910  RESTRAINT  =       94.8783
 EAMBER  =  -103880.2790


   NSTEP       ENERGY          RMS            GMAX         NAME    NUMBER
   6800      -1.0379E+05     4.5914E-02     1.7838E+00     H1      19228

 BOND    =     7459.0446  ANGLE   =      432.5098  DIHED      =     3047.0997
 VDWAALS =    17049.3389  EEL     =  -144620.7222  HBOND      =        0.0000
 1-4 VDW =     1113.1184  1-4 EEL =    11634.9878  RESTRAINT  =       94.8942
 EAMBER  =  -103884.6230


   NSTEP       ENERGY          RMS            GMAX         NAME    NUMBER
   6850      -1.0379E+05     4.2069E-02     1.3774E+00     H1      19228

 BOND    =     7459.7696  ANGLE   =      432.5025  DIHED      =     3047.0904
 VDWAALS =    17051.5405  EEL     =  -144627.7267  HBOND      =        0.0000
 1-4 VDW =     1113.1192  1-4 EEL =    11634.9865  RESTRAINT  =       94.8923
 EAMBER  =  -103888.7179


   NSTEP       ENERGY          RMS            GMAX         NAME    NUMBER
   6900      -1.0380E+05     4.0035E-02     1.3401E+00     H1      23842

 BOND    =     7460.4936  ANGLE   =      432.4970  DIHED      =     3047.0811
 VDWAALS =    17053.7554  EEL     =  -144634.7850  HBOND      =        0.0000
 1-4 VDW =     1113.1207  1-4 EEL =    11634.9850  RESTRAINT  =       94.8879
 EAMBER  =  -103892.8522


   NSTEP       ENERGY          RMS            GMAX         NAME    NUMBER
   6950      -1.0380E+05     6.6426E-02     3.4910E+00     H2       4739

 BOND    =     7461.2344  ANGLE   =      432.4908  DIHED      =     3047.0719
 VDWAALS =    17055.8435  EEL     =  -144641.6001  HBOND      =        0.0000
 1-4 VDW =     1113.1216  1-4 EEL =    11634.9835  RESTRAINT  =       94.8855
 EAMBER  =  -103896.8544


   NSTEP       ENERGY          RMS            GMAX         NAME    NUMBER
   7000      -1.0381E+05     1.1343E-01     6.7597E+00     H2       4739

 BOND    =     7462.0378  ANGLE   =      432.4910  DIHED      =     3047.0639
 VDWAALS =    17057.8058  EEL     =  -144648.1994  HBOND      =        0.0000
 1-4 VDW =     1113.1258  1-4 EEL =    11634.9819  RESTRAINT  =       94.8742
 EAMBER  =  -103900.6933


   NSTEP       ENERGY          RMS            GMAX         NAME    NUMBER
   7050      -1.0381E+05     1.6013E-01     1.0784E+01     CD       2954

 BOND    =     7462.8765  ANGLE   =      432.4940  DIHED      =     3047.0555
 VDWAALS =    17059.6618  EEL     =  -144654.7294  HBOND      =        0.0000
 1-4 VDW =     1113.1311  1-4 EEL =    11634.9800  RESTRAINT  =       94.8623
 EAMBER  =  -103904.5305


   NSTEP       ENERGY          RMS            GMAX         NAME    NUMBER
   7100      -1.0381E+05     6.7243E-02     5.3443E+00     CD       2954

 BOND    =     7463.2771  ANGLE   =      432.4716  DIHED      =     3047.0407
 VDWAALS =    17061.4363  EEL     =  -144661.1557  HBOND      =        0.0000
 1-4 VDW =     1113.1216  1-4 EEL =    11634.9747  RESTRAINT  =       94.8851
 EAMBER  =  -103908.8337


   NSTEP       ENERGY          RMS            GMAX         NAME    NUMBER
   7150      -1.0382E+05     1.4255E-01     1.8048E+01     CD       2954

 BOND    =     7464.1325  ANGLE   =      432.4951  DIHED      =     3047.0362
 VDWAALS =    17063.0382  EEL     =  -144667.3555  HBOND      =        0.0000
 1-4 VDW =     1113.1390  1-4 EEL =    11634.9709  RESTRAINT  =       94.8504
 EAMBER  =  -103912.5436


   NSTEP       ENERGY          RMS            GMAX         NAME    NUMBER
   7200      -1.0382E+05     7.2858E-02     3.9587E+00     H2       4739

 BOND    =     7464.5680  ANGLE   =      432.4679  DIHED      =     3047.0223
 VDWAALS =    17064.4919  EEL     =  -144673.3816  HBOND      =        0.0000
 1-4 VDW =     1113.1257  1-4 EEL =    11634.9663  RESTRAINT  =       94.8702
 EAMBER  =  -103916.7395


   NSTEP       ENERGY          RMS            GMAX         NAME    NUMBER
   7250      -1.0383E+05     1.1250E-01     7.4844E+00     CD       2954

 BOND    =     7465.2638  ANGLE   =      432.4610  DIHED      =     3047.0116
 VDWAALS =    17065.8119  EEL     =  -144679.2567  HBOND      =        0.0000
 1-4 VDW =     1113.1222  1-4 EEL =    11634.9616  RESTRAINT  =       94.8768
 EAMBER  =  -103920.6247


   NSTEP       ENERGY          RMS            GMAX         NAME    NUMBER
   7300      -1.0383E+05     5.4625E-02     2.5026E+00     H2       4739

 BOND    =     7465.7840  ANGLE   =      432.4627  DIHED      =     3047.0032
 VDWAALS =    17067.0378  EEL     =  -144685.2115  HBOND      =        0.0000
 1-4 VDW =     1113.1280  1-4 EEL =    11634.9554  RESTRAINT  =       94.8618
 EAMBER  =  -103924.8406


   NSTEP       ENERGY          RMS            GMAX         NAME    NUMBER
   7350      -1.0383E+05     9.6485E-02     5.6186E+00     H2       4739

 BOND    =     7466.4838  ANGLE   =      432.4642  DIHED      =     3046.9948
 VDWAALS =    17068.1651  EEL     =  -144691.1224  HBOND      =        0.0000
 1-4 VDW =     1113.1318  1-4 EEL =    11634.9490  RESTRAINT  =       94.8514
 EAMBER  =  -103928.9336


   NSTEP       ENERGY          RMS            GMAX         NAME    NUMBER
   7400      -1.0384E+05     1.4537E-01     1.3792E+01     CD       2954

 BOND    =     7467.2488  ANGLE   =      432.4756  DIHED      =     3046.9888
 VDWAALS =    17069.2092  EEL     =  -144697.1687  HBOND      =        0.0000
 1-4 VDW =     1113.1401  1-4 EEL =    11634.9431  RESTRAINT  =       94.8337
 EAMBER  =  -103933.1633


   NSTEP       ENERGY          RMS            GMAX         NAME    NUMBER
   7450      -1.0384E+05     7.6998E-02     4.0401E+00     H2       4739

 BOND    =     7467.6802  ANGLE   =      432.4580  DIHED      =     3046.9768
 VDWAALS =    17070.1725  EEL     =  -144703.2173  HBOND      =        0.0000
 1-4 VDW =     1113.1289  1-4 EEL =    11634.9366  RESTRAINT  =       94.8490
 EAMBER  =  -103937.8643


   NSTEP       ENERGY          RMS            GMAX         NAME    NUMBER
   7500      -1.0385E+05     1.3986E-01     1.6864E+01     CD       2954

 BOND    =     7468.4812  ANGLE   =      432.4799  DIHED      =     3046.9736
 VDWAALS =    17071.1185  EEL     =  -144709.3997  HBOND      =        0.0000
 1-4 VDW =     1113.1422  1-4 EEL =    11634.9305  RESTRAINT  =       94.8196
 EAMBER  =  -103942.2737


   NSTEP       ENERGY          RMS            GMAX         NAME    NUMBER
   7550      -1.0385E+05     5.3336E-02     2.2422E+00     H1       5566

 BOND    =     7468.8967  ANGLE   =      432.4575  DIHED      =     3046.9604
 VDWAALS =    17072.0511  EEL     =  -144715.4872  HBOND      =        0.0000
 1-4 VDW =     1113.1311  1-4 EEL =    11634.9211  RESTRAINT  =       94.8379
 EAMBER  =  -103947.0693


   NSTEP       ENERGY          RMS            GMAX         NAME    NUMBER
   7600      -1.0386E+05     1.0153E-01     5.8735E+00     H2       4739

 BOND    =     7469.6191  ANGLE   =      432.4615  DIHED      =     3046.9524
 VDWAALS =    17073.0252  EEL     =  -144721.7620  HBOND      =        0.0000
 1-4 VDW =     1113.1332  1-4 EEL =    11634.9126  RESTRAINT  =       94.8291
 EAMBER  =  -103951.6581


   NSTEP       ENERGY          RMS            GMAX         NAME    NUMBER
   7650      -1.0386E+05     4.7483E-02     2.4498E+00     H1       5566

 BOND    =     7470.1874  ANGLE   =      432.4610  DIHED      =     3046.9443
 VDWAALS =    17074.0564  EEL     =  -144728.2172  HBOND      =        0.0000
 1-4 VDW =     1113.1311  1-4 EEL =    11634.9045  RESTRAINT  =       94.8270
 EAMBER  =  -103956.5326


   NSTEP       ENERGY          RMS            GMAX         NAME    NUMBER
   7700      -1.0387E+05     6.3615E-02     3.0679E+00     H2       4739

 BOND    =     7470.8873  ANGLE   =      432.4645  DIHED      =     3046.9361
 VDWAALS =    17075.1987  EEL     =  -144734.6965  HBOND      =        0.0000
 1-4 VDW =     1113.1317  1-4 EEL =    11634.8959  RESTRAINT  =       94.8196
 EAMBER  =  -103961.1824


   NSTEP       ENERGY          RMS            GMAX         NAME    NUMBER
   7750      -1.0387E+05     1.2651E-01     8.2670E+00     CD       2954

 BOND    =     7471.7323  ANGLE   =      432.4774  DIHED      =     3046.9301
 VDWAALS =    17076.5268  EEL     =  -144741.5686  HBOND      =        0.0000
 1-4 VDW =     1113.1375  1-4 EEL =    11634.8864  RESTRAINT  =       94.8008
 EAMBER  =  -103965.8782


   NSTEP       ENERGY          RMS            GMAX         NAME    NUMBER
   7800      -1.0388E+05     6.5264E-02     3.0148E+00     H2       4739

 BOND    =     7472.2482  ANGLE   =      432.4736  DIHED      =     3046.9191
 VDWAALS =    17077.9631  EEL     =  -144748.1601  HBOND      =        0.0000
 1-4 VDW =     1113.1334  1-4 EEL =    11634.8753  RESTRAINT  =       94.8043
 EAMBER  =  -103970.5475


   NSTEP       ENERGY          RMS            GMAX         NAME    NUMBER
   7850      -1.0388E+05     7.9920E-02     6.7026E+00     CD       2954

 BOND    =     7472.9113  ANGLE   =      432.4836  DIHED      =     3046.9109
 VDWAALS =    17079.4559  EEL     =  -144754.7654  HBOND      =        0.0000
 1-4 VDW =     1113.1364  1-4 EEL =    11634.8647  RESTRAINT  =       94.7911
 EAMBER  =  -103975.0027


   NSTEP       ENERGY          RMS            GMAX         NAME    NUMBER
   7900      -1.0388E+05     1.5464E-01     8.3652E+00     H2       4739

 BOND    =     7473.7183  ANGLE   =      432.4848  DIHED      =     3046.8973
 VDWAALS =    17080.9818  EEL     =  -144761.2057  HBOND      =        0.0000
 1-4 VDW =     1113.1289  1-4 EEL =    11634.8553  RESTRAINT  =       94.8030
 EAMBER  =  -103979.1393


   NSTEP       ENERGY          RMS            GMAX         NAME    NUMBER
   7950      -1.0389E+05     7.1308E-02     3.2042E+00     H2       4739

 BOND    =     7474.0359  ANGLE   =      432.4894  DIHED      =     3046.8886
 VDWAALS =    17082.5003  EEL     =  -144767.5104  HBOND      =        0.0000
 1-4 VDW =     1113.1294  1-4 EEL =    11634.8447  RESTRAINT  =       94.7898
 EAMBER  =  -103983.6221


   NSTEP       ENERGY          RMS            GMAX         NAME    NUMBER
   8000      -1.0389E+05     4.1750E-02     2.0131E+00     H2       9962

 BOND    =     7474.5501  ANGLE   =      432.4958  DIHED      =     3046.8796
 VDWAALS =    17084.0143  EEL     =  -144773.6275  HBOND      =        0.0000
 1-4 VDW =     1113.1311  1-4 EEL =    11634.8343  RESTRAINT  =       94.7788
 EAMBER  =  -103987.7222


   NSTEP       ENERGY          RMS            GMAX         NAME    NUMBER
   8050      -1.0390E+05     3.9052E-02     1.7573E+00     H2       9962

 BOND    =     7475.0545  ANGLE   =      432.5030  DIHED      =     3046.8684
 VDWAALS =    17085.5791  EEL     =  -144779.6418  HBOND      =        0.0000
 1-4 VDW =     1113.1306  1-4 EEL =    11634.8251  RESTRAINT  =       94.7721
 EAMBER  =  -103991.6813


   NSTEP       ENERGY          RMS            GMAX         NAME    NUMBER
   8100      -1.0390E+05     1.1790E-01     1.0618E+01     CD       2954

 BOND    =     7475.7120  ANGLE   =      432.5027  DIHED      =     3046.8546
 VDWAALS =    17087.2313  EEL     =  -144785.7635  HBOND      =        0.0000
 1-4 VDW =     1113.1238  1-4 EEL =    11634.8151  RESTRAINT  =       94.7847
 EAMBER  =  -103995.5240


   NSTEP       ENERGY          RMS            GMAX         NAME    NUMBER
   8150      -1.0390E+05     4.0514E-02     1.2076E+00     H2      21875

 BOND    =     7476.0564  ANGLE   =      432.5183  DIHED      =     3046.8471
 VDWAALS =    17088.7881  EEL     =  -144791.4207  HBOND      =        0.0000
 1-4 VDW =     1113.1302  1-4 EEL =    11634.8085  RESTRAINT  =       94.7569
 EAMBER  =  -103999.2720


   NSTEP       ENERGY          RMS            GMAX         NAME    NUMBER
   8200      -1.0391E+05     1.0219E-01     1.0877E+01     CD       2954

 BOND    =     7476.6652  ANGLE   =      432.5380  DIHED      =     3046.8389
 VDWAALS =    17090.3822  EEL     =  -144797.3194  HBOND      =        0.0000
 1-4 VDW =     1113.1377  1-4 EEL =    11634.8019  RESTRAINT  =       94.7326
 EAMBER  =  -104002.9554


   NSTEP       ENERGY          RMS            GMAX         NAME    NUMBER
   8250      -1.0391E+05     4.4512E-02     1.4037E+00     H2       4739

 BOND    =     7477.0632  ANGLE   =      432.5285  DIHED      =     3046.8239
 VDWAALS =    17091.9424  EEL     =  -144803.0969  HBOND      =        0.0000
 1-4 VDW =     1113.1296  1-4 EEL =    11634.7931  RESTRAINT  =       94.7436
 EAMBER  =  -104006.8163


   NSTEP       ENERGY          RMS            GMAX         NAME    NUMBER
   8300      -1.0392E+05     4.8305E-02     1.7199E+00     H2       4739

 BOND    =     7477.5804  ANGLE   =      432.5333  DIHED      =     3046.8115
 VDWAALS =    17093.5737  EEL     =  -144809.0907  HBOND      =        0.0000
 1-4 VDW =     1113.1299  1-4 EEL =    11634.7855  RESTRAINT  =       94.7360
 EAMBER  =  -104010.6764


   NSTEP       ENERGY          RMS            GMAX         NAME    NUMBER
   8350      -1.0392E+05     1.2072E-01     6.0572E+00     H2       4739

 BOND    =     7478.2570  ANGLE   =      432.5294  DIHED      =     3046.7983
 VDWAALS =    17095.2566  EEL     =  -144815.2018  HBOND      =        0.0000
 1-4 VDW =     1113.1271  1-4 EEL =    11634.7777  RESTRAINT  =       94.7381
 EAMBER  =  -104014.4557


   NSTEP       ENERGY          RMS            GMAX         NAME    NUMBER
   8400      -1.0392E+05     3.9144E-02     1.3358E+00     H1      22897

 BOND    =     7478.5907  ANGLE   =      432.5320  DIHED      =     3046.7882
 VDWAALS =    17096.9487  EEL     =  -144821.1030  HBOND      =        0.0000
 1-4 VDW =     1113.1289  1-4 EEL =    11634.7729  RESTRAINT  =       94.7254
 EAMBER  =  -104018.3415


   NSTEP       ENERGY          RMS            GMAX         NAME    NUMBER
   8450      -1.0393E+05     1.1669E-01     1.1963E+01     CD       2954

 BOND    =     7479.2472  ANGLE   =      432.5492  DIHED      =     3046.7794
 VDWAALS =    17098.7184  EEL     =  -144827.2957  HBOND      =        0.0000
 1-4 VDW =     1113.1376  1-4 EEL =    11634.7696  RESTRAINT  =       94.7022
 EAMBER  =  -104022.0943


   NSTEP       ENERGY          RMS            GMAX         NAME    NUMBER
   8500      -1.0393E+05     1.5445E-01     8.0826E+00     CD       2954

 BOND    =     7479.8842  ANGLE   =      432.5361  DIHED      =     3046.7677
 VDWAALS =    17100.5236  EEL     =  -144833.4533  HBOND      =        0.0000
 1-4 VDW =     1113.1336  1-4 EEL =    11634.7617  RESTRAINT  =       94.7038
 EAMBER  =  -104025.8462


   NSTEP       ENERGY          RMS            GMAX         NAME    NUMBER
   8550      -1.0394E+05     7.2668E-02     3.1943E+00     H2       4739

 BOND    =     7480.2308  ANGLE   =      432.5188  DIHED      =     3046.7532
 VDWAALS =    17102.2791  EEL     =  -144839.4926  HBOND      =        0.0000
 1-4 VDW =     1113.1299  1-4 EEL =    11634.7518  RESTRAINT  =       94.7128
 EAMBER  =  -104029.8290


   NSTEP       ENERGY          RMS            GMAX         NAME    NUMBER
   8600      -1.0394E+05     4.0107E-02     1.1166E+00     H2       4229

 BOND    =     7480.6836  ANGLE   =      432.5106  DIHED      =     3046.7408
 VDWAALS =    17104.0218  EEL     =  -144845.4690  HBOND      =        0.0000
 1-4 VDW =     1113.1279  1-4 EEL =    11634.7449  RESTRAINT  =       94.7125
 EAMBER  =  -104033.6394


   NSTEP       ENERGY          RMS            GMAX         NAME    NUMBER
   8650      -1.0394E+05     5.3908E-02     3.5907E+00     CD       2954

 BOND    =     7481.2137  ANGLE   =      432.5061  DIHED      =     3046.7288
 VDWAALS =    17105.7195  EEL     =  -144851.3461  HBOND      =        0.0000
 1-4 VDW =     1113.1301  1-4 EEL =    11634.7338  RESTRAINT  =       94.7059
 EAMBER  =  -104037.3142


   NSTEP       ENERGY          RMS            GMAX         NAME    NUMBER
   8700      -1.0395E+05     1.0885E-01     5.0905E+00     H2       4739

 BOND    =     7481.7963  ANGLE   =      432.4900  DIHED      =     3046.7132
 VDWAALS =    17107.3459  EEL     =  -144856.9764  HBOND      =        0.0000
 1-4 VDW =     1113.1231  1-4 EEL =    11634.7218  RESTRAINT  =       94.7192
 EAMBER  =  -104040.7860


   NSTEP       ENERGY          RMS            GMAX         NAME    NUMBER
   8750      -1.0395E+05     3.9399E-02     1.7193E+00     H2       4229

 BOND    =     7482.2247  ANGLE   =      432.4815  DIHED      =     3046.6981
 VDWAALS =    17108.9358  EEL     =  -144862.7505  HBOND      =        0.0000
 1-4 VDW =     1113.1276  1-4 EEL =    11634.7055  RESTRAINT  =       94.7109
 EAMBER  =  -104044.5774


   NSTEP       ENERGY          RMS            GMAX         NAME    NUMBER
   8800      -1.0395E+05     6.3647E-02     2.6198E+00     CD       2954

 BOND    =     7482.7735  ANGLE   =      432.4646  DIHED      =     3046.6781
 VDWAALS =    17110.5115  EEL     =  -144868.6265  HBOND      =        0.0000
 1-4 VDW =     1113.1252  1-4 EEL =    11634.6844  RESTRAINT  =       94.7195
 EAMBER  =  -104048.3892


   NSTEP       ENERGY          RMS            GMAX         NAME    NUMBER
   8850      -1.0396E+05     4.2083E-02     1.8526E+00     H2       4229

 BOND    =     7483.2167  ANGLE   =      432.4534  DIHED      =     3046.6605
 VDWAALS =    17111.9786  EEL     =  -144874.3159  HBOND      =        0.0000
 1-4 VDW =     1113.1274  1-4 EEL =    11634.6615  RESTRAINT  =       94.7158
 EAMBER  =  -104052.2178


   NSTEP       ENERGY          RMS            GMAX         NAME    NUMBER
   8900      -1.0396E+05     4.9947E-02     2.3020E+00     CD       2954

 BOND    =     7483.6970  ANGLE   =      432.4336  DIHED      =     3046.6389
 VDWAALS =    17113.4462  EEL     =  -144880.1279  HBOND      =        0.0000
 1-4 VDW =     1113.1254  1-4 EEL =    11634.6333  RESTRAINT  =       94.7260
 EAMBER  =  -104056.1535


   NSTEP       ENERGY          RMS            GMAX         NAME    NUMBER
   8950      -1.0397E+05     1.1626E-01     5.2069E+00     H2       4739

 BOND    =     7484.2740  ANGLE   =      432.4158  DIHED      =     3046.6202
 VDWAALS =    17114.8782  EEL     =  -144885.8151  HBOND      =        0.0000
 1-4 VDW =     1113.1255  1-4 EEL =    11634.6051  RESTRAINT  =       94.7311
 EAMBER  =  -104059.8964


   NSTEP       ENERGY          RMS            GMAX         NAME    NUMBER
   9000      -1.0397E+05     3.9855E-02     1.6801E+00     H2       4229

 BOND    =     7484.6520  ANGLE   =      432.3988  DIHED      =     3046.6037
 VDWAALS =    17116.2988  EEL     =  -144891.4191  HBOND      =        0.0000
 1-4 VDW =     1113.1294  1-4 EEL =    11634.5773  RESTRAINT  =       94.7308
 EAMBER  =  -104063.7592


   NSTEP       ENERGY          RMS            GMAX         NAME    NUMBER
   9050      -1.0397E+05     9.7139E-02     4.1640E+00     H2       4739

 BOND    =     7485.2574  ANGLE   =      432.3791  DIHED      =     3046.5895
 VDWAALS =    17117.7792  EEL     =  -144897.0895  HBOND      =        0.0000
 1-4 VDW =     1113.1314  1-4 EEL =    11634.5530  RESTRAINT  =       94.7341
 EAMBER  =  -104067.4000


   NSTEP       ENERGY          RMS            GMAX         NAME    NUMBER
   9100      -1.0398E+05     4.5003E-02     1.3870E+00     H2      10565

 BOND    =     7485.5859  ANGLE   =      432.3642  DIHED      =     3046.5786
 VDWAALS =    17119.2784  EEL     =  -144902.5255  HBOND      =        0.0000
 1-4 VDW =     1113.1313  1-4 EEL =    11634.5333  RESTRAINT  =       94.7376
 EAMBER  =  -104071.0539


   NSTEP       ENERGY          RMS            GMAX         NAME    NUMBER
   9150      -1.0398E+05     8.6491E-02     4.3666E+00     CD       2954

 BOND    =     7486.1289  ANGLE   =      432.3550  DIHED      =     3046.5712
 VDWAALS =    17120.8384  EEL     =  -144908.0331  HBOND      =        0.0000
 1-4 VDW =     1113.1363  1-4 EEL =    11634.5180  RESTRAINT  =       94.7299
 EAMBER  =  -104074.4853


   NSTEP       ENERGY          RMS            GMAX         NAME    NUMBER
   9200      -1.0398E+05     1.2171E-01     5.1552E+00     H2       4739

 BOND    =     7486.6946  ANGLE   =      432.3419  DIHED      =     3046.5630
 VDWAALS =    17122.4256  EEL     =  -144913.6011  HBOND      =        0.0000
 1-4 VDW =     1113.1375  1-4 EEL =    11634.5042  RESTRAINT  =       94.7319
 EAMBER  =  -104077.9344


   NSTEP       ENERGY          RMS            GMAX         NAME    NUMBER
   9250      -1.0399E+05     6.8728E-02     2.5758E+00     H2       4739

 BOND    =     7487.1647  ANGLE   =      432.3233  DIHED      =     3046.5533
 VDWAALS =    17124.0255  EEL     =  -144919.2328  HBOND      =        0.0000
 1-4 VDW =     1113.1379  1-4 EEL =    11634.4923  RESTRAINT  =       94.7407
 EAMBER  =  -104081.5359


   NSTEP       ENERGY          RMS            GMAX         NAME    NUMBER
   9300      -1.0399E+05     1.0342E-01     4.2266E+00     H2       4739

 BOND    =     7487.7839  ANGLE   =      432.3124  DIHED      =     3046.5464
 VDWAALS =    17125.6310  EEL     =  -144924.8214  HBOND      =        0.0000
 1-4 VDW =     1113.1410  1-4 EEL =    11634.4819  RESTRAINT  =       94.7407
 EAMBER  =  -104084.9247


   NSTEP       ENERGY          RMS            GMAX         NAME    NUMBER
   9350      -1.0399E+05     3.7690E-02     1.4223E+00     H2      10565

 BOND    =     7488.1487  ANGLE   =      432.3068  DIHED      =     3046.5408
 VDWAALS =    17127.2172  EEL     =  -144930.3150  HBOND      =        0.0000
 1-4 VDW =     1113.1442  1-4 EEL =    11634.4728  RESTRAINT  =       94.7389
 EAMBER  =  -104088.4844


   NSTEP       ENERGY          RMS            GMAX         NAME    NUMBER
   9400      -1.0400E+05     9.0189E-02     3.2859E+00     H2       4739

 BOND    =     7488.7289  ANGLE   =      432.2961  DIHED      =     3046.5335
 VDWAALS =    17128.7925  EEL     =  -144935.8733  HBOND      =        0.0000
 1-4 VDW =     1113.1435  1-4 EEL =    11634.4656  RESTRAINT  =       94.7472
 EAMBER  =  -104091.9132


   NSTEP       ENERGY          RMS            GMAX         NAME    NUMBER
   9450      -1.0400E+05     1.4202E-01     1.7960E+01     CD       2954

 BOND    =     7489.3521  ANGLE   =      432.2740  DIHED      =     3046.5239
 VDWAALS =    17130.2234  EEL     =  -144941.1105  HBOND      =        0.0000
 1-4 VDW =     1113.1348  1-4 EEL =    11634.4589  RESTRAINT  =       94.7850
 EAMBER  =  -104095.1433


   NSTEP       ENERGY          RMS            GMAX         NAME    NUMBER
   9500      -1.0400E+05     5.2689E-02     3.8166E+00     CD       2954

 BOND    =     7489.8160  ANGLE   =      432.2886  DIHED      =     3046.5218
 VDWAALS =    17131.6200  EEL     =  -144946.5312  HBOND      =        0.0000
 1-4 VDW =     1113.1551  1-4 EEL =    11634.4466  RESTRAINT  =       94.7405
 EAMBER  =  -104098.6831


   NSTEP       ENERGY          RMS            GMAX         NAME    NUMBER
   9550      -1.0401E+05     1.1830E-01     1.4181E+01     CD       2954

 BOND    =     7490.4884  ANGLE   =      432.2568  DIHED      =     3046.5105
 VDWAALS =    17132.9461  EEL     =  -144951.6900  HBOND      =        0.0000
 1-4 VDW =     1113.1440  1-4 EEL =    11634.4398  RESTRAINT  =       94.7812
 EAMBER  =  -104101.9043


   NSTEP       ENERGY          RMS            GMAX         NAME    NUMBER
   9600      -1.0401E+05     5.8354E-02     1.9564E+00     CD       2954

 BOND    =     7490.7949  ANGLE   =      432.2779  DIHED      =     3046.5073
 VDWAALS =    17134.2152  EEL     =  -144956.6018  HBOND      =        0.0000
 1-4 VDW =     1113.1587  1-4 EEL =    11634.4338  RESTRAINT  =       94.7464
 EAMBER  =  -104105.2139


   NSTEP       ENERGY          RMS            GMAX         NAME    NUMBER
   9650      -1.0401E+05     1.0076E-01     3.8277E+00     H2       4739

 BOND    =     7491.3525  ANGLE   =      432.2699  DIHED      =     3046.4993
 VDWAALS =    17135.4613  EEL     =  -144961.5637  HBOND      =        0.0000
 1-4 VDW =     1113.1588  1-4 EEL =    11634.4290  RESTRAINT  =       94.7519
 EAMBER  =  -104108.3929


   NSTEP       ENERGY          RMS            GMAX         NAME    NUMBER
   9700      -1.0402E+05     3.5840E-02     1.1109E+00     H2      11591

 BOND    =     7491.8181  ANGLE   =      432.2635  DIHED      =     3046.4900
 VDWAALS =    17136.6758  EEL     =  -144966.4049  HBOND      =        0.0000
 1-4 VDW =     1113.1610  1-4 EEL =    11634.4244  RESTRAINT  =       94.7541
 EAMBER  =  -104111.5721


   NSTEP       ENERGY          RMS            GMAX         NAME    NUMBER
   9750      -1.0402E+05     6.2475E-02     2.5787E+00     CD        860

 BOND    =     7492.3921  ANGLE   =      432.2475  DIHED      =     3046.4799
 VDWAALS =    17137.9371  EEL     =  -144971.3551  HBOND      =        0.0000
 1-4 VDW =     1113.1605  1-4 EEL =    11634.4202  RESTRAINT  =       94.7620
 EAMBER  =  -104114.7178


   NSTEP       ENERGY          RMS            GMAX         NAME    NUMBER
   9800      -1.0402E+05     1.2370E-01     1.0529E+01     CD       2954

 BOND    =     7493.0700  ANGLE   =      432.2270  DIHED      =     3046.4679
 VDWAALS =    17139.2304  EEL     =  -144976.2424  HBOND      =        0.0000
 1-4 VDW =     1113.1553  1-4 EEL =    11634.4177  RESTRAINT  =       94.7817
 EAMBER  =  -104117.6742


   NSTEP       ENERGY          RMS            GMAX         NAME    NUMBER
   9850      -1.0403E+05     6.9596E-02     2.7405E+00     CD       2954

 BOND    =     7493.2978  ANGLE   =      432.2612  DIHED      =     3046.4601
 VDWAALS =    17140.5373  EEL     =  -144980.8377  HBOND      =        0.0000
 1-4 VDW =     1113.1660  1-4 EEL =    11634.4165  RESTRAINT  =       94.7499
 EAMBER  =  -104120.6987


   NSTEP       ENERGY          RMS            GMAX         NAME    NUMBER
   9900      -1.0403E+05     1.1990E-01     1.9331E+01     CD       2954

 BOND    =     7493.8515  ANGLE   =      432.3027  DIHED      =     3046.4526
 VDWAALS =    17141.8202  EEL     =  -144985.3033  HBOND      =        0.0000
 1-4 VDW =     1113.1792  1-4 EEL =    11634.4166  RESTRAINT  =       94.7289
 EAMBER  =  -104123.2805


   NSTEP       ENERGY          RMS            GMAX         NAME    NUMBER
   9950      -1.0403E+05     5.3755E-02     1.8023E+00     H2       4739

 BOND    =     7494.2758  ANGLE   =      432.2464  DIHED      =     3046.4378
 VDWAALS =    17143.1120  EEL     =  -144989.6968  HBOND      =        0.0000
 1-4 VDW =     1113.1650  1-4 EEL =    11634.4139  RESTRAINT  =       94.7556
 EAMBER  =  -104126.0458


   NSTEP       ENERGY          RMS            GMAX         NAME    NUMBER
  10000      -1.0403E+05     9.3671E-02     5.0255E+00     CD       2954

 BOND    =     7494.8193  ANGLE   =      432.2471  DIHED      =     3046.4238
 VDWAALS =    17144.4883  EEL     =  -144994.3687  HBOND      =        0.0000
 1-4 VDW =     1113.1621  1-4 EEL =    11634.4120  RESTRAINT  =       94.7632
 EAMBER  =  -104128.8162


  Maximum number of minimization cycles reached.


                    FINAL RESULTS



   NSTEP       ENERGY          RMS            GMAX         NAME    NUMBER
  10000      -1.0403E+05     9.3671E-02     5.0255E+00     CD       2954

 BOND    =     7494.8193  ANGLE   =      432.2471  DIHED      =     3046.4238
 VDWAALS =    17144.4883  EEL     =  -144994.3687  HBOND      =        0.0000
 1-4 VDW =     1113.1621  1-4 EEL =    11634.4120  RESTRAINT  =       94.7632
 EAMBER  =  -104128.8162
--------------------------------------------------------------------------------
   5.  TIMINGS
--------------------------------------------------------------------------------

|  NonSetup CPU Time in Major Routines:
|
|     Routine           Sec        %
|     ------------------------------
|     Nonbond          19.68   63.08
|     Bond              0.00    0.00
|     Angle             0.00    0.00
|     Dihedral          0.00    0.00
|     Shake             0.00    0.00
|     Other            11.52   36.92
|     ------------------------------
|     Total            31.20

|  PME Nonbond Pairlist CPU Time:
|
|     Routine              Sec        %
|     ---------------------------------
|     Set Up Cit           0.00    0.00
|     Build List           0.00    0.00
|     ---------------------------------
|     Total                0.00    0.00

|  PME Direct Force CPU Time:
|
|     Routine              Sec        %
|     ---------------------------------
|     NonBonded Calc       0.00    0.00
|     Exclude Masked       0.00    0.00
|     Other                0.02    0.06
|     ---------------------------------
|     Total                0.02    0.06

|  PME Reciprocal Force CPU Time:
|
|     Routine              Sec        %
|     ---------------------------------
|     1D bspline           0.00    0.00
|     Grid Charges         0.00    0.00
|     Scalar Sum           0.00    0.00
|     Gradient Sum         0.00    0.00
|     FFT                  0.00    0.00
|     ---------------------------------
|     Total                0.00    0.00

|  Setup CPU time:            0.66 seconds
|  NonSetup CPU time:        31.20 seconds
|  Total CPU time:           31.86 seconds     0.01 hours

|  Setup wall time:           1    seconds
|  NonSetup wall time:       31    seconds
|  Total wall time:          32    seconds     0.01 hours
