
          -------------------------------------------------------
          Amber 18 PMEMD                              2018
          -------------------------------------------------------

| PMEMD implementation of SANDER, Release 18

| Run on 01/29/2019 at 16:58:06

|   Executable path: /opt/software/Amber/18-foss-2018a/bin/pmemd.cuda
| Working directory: /mnt/home/songlin3/top_CdNi/Ni/keepCD2000/freemd
|          Hostname: lac-345

  [-O]verwriting output

File Assignments:
|   MDIN: min4.in                                                               
|  MDOUT: min4.out                                                              
| INPCRD: min3.rst                                                              
|   PARM: glx_1264.prmtop                                                       
| RESTRT: min4.rst                                                              
|   REFC: min3.rst                                                              
|  MDVEL: mdvel                                                                 
|   MDEN: mden                                                                  
|  MDCRD: min4.netcdf                                                           
| MDINFO: min4.mdinfo                                                           
|  MDFRC: mdfrc                                                                 


 Here is the input file:

minimize structure the whole structure                                         
 &cntrl                                                                        
  imin=1,maxcyc=10000, ncyc=20000,                                             
  ntb=1, cut=10, ntwx=2000, ioutfm=1, iwrap=1,                                 
  ntr=1, restraintmask=':1-275@C,O', restraint_wt=200,                         
 /                                                                             
 &ewald                                                                        
 /                                                                             


Note: ig = -1. Setting random seed to   427282 based on wallclock time in 
      microseconds.
| irandom = 1, using AMBER's internal random number generator (default).
 
|--------------------- INFORMATION ----------------------
| GPU (CUDA) Version of PMEMD in use: NVIDIA GPU IN USE.
|                    Version 18.0.0
| 
|                      03/25/2018
| 
| Implementation by:
|                    Ross C. Walker     (SDSC)
|                    Scott Le Grand     (nVIDIA)
| 
| Version 18 performance extensions by:
|                    David Cerutti     (Rutgers)
| 
| Precision model in use:
|      [SPFP] - Single Precision Forces, 64-bit Fixed Point
|               Accumulation. (Default)
| 
|--------------------------------------------------------
 
|----------------- CITATION INFORMATION -----------------
|
|    When publishing work that utilized the CUDA version
|    of AMBER, please cite the following in addition to
|    the regular AMBER citations:
|
|  - Romelia Salomon-Ferrer; Andreas W. Goetz; Duncan
|    Poole; Scott Le Grand; Ross C. Walker "Routine
|    microsecond molecular dynamics simulations with
|    AMBER - Part II: Particle Mesh Ewald", J. Chem.
|    Theory Comput., 2013, 9 (9), pp3878-3888,
|    DOI: 10.1021/ct400314y.
|
|  - Andreas W. Goetz; Mark J. Williamson; Dong Xu;
|    Duncan Poole; Scott Le Grand; Ross C. Walker
|    "Routine microsecond molecular dynamics simulations
|    with AMBER - Part I: Generalized Born", J. Chem.
|    Theory Comput., 2012, 8 (5), pp1542-1555.
|
|  - Scott Le Grand; Andreas W. Goetz; Ross C. Walker
|    "SPFP: Speed without compromise - a mixed precision
|    model for GPU accelerated molecular dynamics
|    simulations.", Comp. Phys. Comm., 2013, 184
|    pp374-380, DOI: 10.1016/j.cpc.2012.09.022
|
|--------------------------------------------------------
 
|------------------- GPU DEVICE INFO --------------------
|
|            CUDA_VISIBLE_DEVICES: 0
|   CUDA Capable Devices Detected:      1
|           CUDA Device ID in use:      0
|                CUDA Device Name: Tesla K80
|     CUDA Device Global Mem Size:  11441 MB
| CUDA Device Num Multiprocessors:     13
|           CUDA Device Core Freq:   0.82 GHz
|
|--------------------------------------------------------
 
 
| Conditional Compilation Defines Used:
| PUBFFT
| BINTRAJ
| CUDA
| EMIL

| Largest sphere to fit in unit cell has radius =    30.123

| New format PARM file being parsed.
| Version =    1.000 Date = 01/29/19 Time = 16:51:42

| Note: 1-4 EEL scale factors are being read from the topology file.

| Note: 1-4 VDW scale factors are being read from the topology file.
| Duplicated    0 dihedrals

| Duplicated    0 dihedrals

--------------------------------------------------------------------------------
   1.  RESOURCE   USE: 
--------------------------------------------------------------------------------

 getting box info from netcdf restart file
 NATOM  =   26702 NTYPES =      18 NBONH =   24583 MBONA  =    2144
 NTHETH =    4730 MTHETA =    2896 NPHIH =    9622 MPHIA  =    9100
 NHPARM =       0 NPARM  =       0 NNB   =   53049 NRES   =    7786
 NBONA  =    2144 NTHETA =    2896 NPHIA =    9100 NUMBND =      67
 NUMANG =     150 NPTRA  =     196 NATYP =      38 NPHB   =       1
 IFBOX  =       2 NMXRS  =      24 IFCAP =       0 NEXTRA =       0
 NCOPY  =       0

| Coordinate Index Table dimensions:    11   11   11
| Direct force subcell size =     6.7078    6.7078    6.7078

     BOX TYPE: TRUNCATED OCTAHEDRON

--------------------------------------------------------------------------------
   2.  CONTROL  DATA  FOR  THE  RUN
--------------------------------------------------------------------------------

default_name                                                                    

General flags:
     imin    =       1, nmropt  =       0

Nature and format of input:
     ntx     =       1, irest   =       0, ntrx    =       1

Nature and format of output:
     ntxo    =       2, ntpr    =      50, ntrx    =       1, ntwr    =       1
     iwrap   =       1, ntwx    =    2000, ntwv    =       0, ntwe    =       0
     ioutfm  =       1, ntwprt  =       0, idecomp =       0, rbornstat=      0

Potential function:
     ntf     =       1, ntb     =       1, igb     =       0, nsnb    =      25
     ipol    =       0, gbsa    =       0, iesp    =       0
     dielc   =   1.00000, cut     =  10.00000, intdiel =   1.00000
     lj1264  =       1

Frozen or restrained atoms:
     ibelly  =       0, ntr     =       1
     restraint_wt = 200.00000

Energy minimization:
     maxcyc  =   10000, ncyc    =   20000, ntmin   =       1
     dx0     =   0.01000, drms    =   0.00010

| Intermolecular bonds treatment:
|     no_intermolecular_bonds =       1

| Energy averages sample interval:
|     ene_avg_sampling =       1

Ewald parameters:
     verbose =       0, ew_type =       0, nbflag  =       1, use_pme =       1
     vdwmeth =       1, eedmeth =       1, netfrc  =       0
     Box X =   73.786   Box Y =   73.786   Box Z =   73.786
     Alpha =  109.471   Beta  =  109.471   Gamma =  109.471
     NFFT1 =   80       NFFT2 =   80       NFFT3 =   80
     Cutoff=   10.000   Tol   =0.100E-04
     Ewald Coefficient =  0.27511
     Interpolation order =    4

    LOADING THE CONSTRAINED ATOMS AS GROUPS


   5.  REFERENCE ATOM COORDINATES

  default_name                                                                    
     Mask :1-275@C,O; matches   544 atoms

--------------------------------------------------------------------------------
   3.  ATOMIC COORDINATES AND VELOCITIES
--------------------------------------------------------------------------------

default_name                                                                    
 begin time read from input coords =     0.000 ps

 
 Number of triangulated 3-point waters found:     7501

     Sum of charges from parm topology file =  -0.00000010
     Forcing neutrality...

| Dynamic Memory, Types Used:
| Reals              840217
| Integers          1195456

| Nonbonded Pairs Initial Allocation:     8076687

| GPU memory information (estimate):
| KB of GPU memory in use:         0
| KB of CPU memory in use:         0

--------------------------------------------------------------------------------
   4.  RESULTS
--------------------------------------------------------------------------------



   NSTEP       ENERGY          RMS            GMAX         NAME    NUMBER
      1      -1.0517E+05     6.4343E-01     2.4352E+01     CA       3136

 BOND    =     7588.6088  ANGLE   =      459.1573  DIHED      =     2984.2876
 VDWAALS =    17271.6217  EEL     =  -146011.4995  HBOND      =        0.0000
 1-4 VDW =      973.9025  1-4 EEL =    11565.0136  RESTRAINT  =        0.0000


   NSTEP       ENERGY          RMS            GMAX         NAME    NUMBER
     50      -1.0524E+05     1.0827E-01     7.1961E+00     C        3693

 BOND    =     7590.9896  ANGLE   =      451.9272  DIHED      =     3001.7005
 VDWAALS =    17263.5026  EEL     =  -145966.7315  HBOND      =        0.0000
 1-4 VDW =      922.3055  1-4 EEL =    11483.0375  RESTRAINT  =       13.7403
 EAMBER  =  -105253.2685


   NSTEP       ENERGY          RMS            GMAX         NAME    NUMBER
    100      -1.0525E+05     8.8303E-02     6.8012E+00     C        3693

 BOND    =     7594.0756  ANGLE   =      456.6403  DIHED      =     3004.9519
 VDWAALS =    17264.5371  EEL     =  -145963.7554  HBOND      =        0.0000
 1-4 VDW =      911.3858  1-4 EEL =    11467.5744  RESTRAINT  =       15.5020
 EAMBER  =  -105264.5903


   NSTEP       ENERGY          RMS            GMAX         NAME    NUMBER
    150      -1.0525E+05     1.4416E-01     1.2268E+01     C        3693

 BOND    =     7596.4335  ANGLE   =      459.3887  DIHED      =     3006.8674
 VDWAALS =    17265.4353  EEL     =  -145964.8264  HBOND      =        0.0000
 1-4 VDW =      905.8401  1-4 EEL =    11459.7961  RESTRAINT  =       16.5000
 EAMBER  =  -105271.0654


   NSTEP       ENERGY          RMS            GMAX         NAME    NUMBER
    200      -1.0526E+05     6.7419E-02     5.3665E+00     C        3693

 BOND    =     7598.4439  ANGLE   =      460.6725  DIHED      =     3008.0545
 VDWAALS =    17266.1815  EEL     =  -145967.2552  HBOND      =        0.0000
 1-4 VDW =      902.5383  1-4 EEL =    11455.2581  RESTRAINT  =       17.0868
 EAMBER  =  -105276.1063


   NSTEP       ENERGY          RMS            GMAX         NAME    NUMBER
    250      -1.0526E+05     1.2156E-01     1.0902E+01     C        3693

 BOND    =     7599.7857  ANGLE   =      461.9291  DIHED      =     3008.8047
 VDWAALS =    17267.1299  EEL     =  -145970.3461  HBOND      =        0.0000
 1-4 VDW =      900.3937  1-4 EEL =    11452.4168  RESTRAINT  =       17.5528
 EAMBER  =  -105279.8861


   NSTEP       ENERGY          RMS            GMAX         NAME    NUMBER
    300      -1.0527E+05     7.2823E-02     6.0821E+00     C        3085

 BOND    =     7600.2716  ANGLE   =      463.1285  DIHED      =     3009.3148
 VDWAALS =    17268.2278  EEL     =  -145973.6346  HBOND      =        0.0000
 1-4 VDW =      898.8383  1-4 EEL =    11450.3308  RESTRAINT  =       17.9638
 EAMBER  =  -105283.5228


   NSTEP       ENERGY          RMS            GMAX         NAME    NUMBER
    350      -1.0527E+05     3.1993E-02     1.2805E+00     C        3085

 BOND    =     7601.1875  ANGLE   =      463.7066  DIHED      =     3009.6798
 VDWAALS =    17269.2450  EEL     =  -145976.9918  HBOND      =        0.0000
 1-4 VDW =      897.7538  1-4 EEL =    11448.8437  RESTRAINT  =       18.2245
 EAMBER  =  -105286.5755


   NSTEP       ENERGY          RMS            GMAX         NAME    NUMBER
    400      -1.0527E+05     4.6494E-02     3.2536E+00     C        3085

 BOND    =     7601.9291  ANGLE   =      464.2653  DIHED      =     3009.9593
 VDWAALS =    17270.3369  EEL     =  -145980.3479  HBOND      =        0.0000
 1-4 VDW =      896.9105  1-4 EEL =    11447.6566  RESTRAINT  =       18.4588
 EAMBER  =  -105289.2902


   NSTEP       ENERGY          RMS            GMAX         NAME    NUMBER
    450      -1.0527E+05     2.9045E-02     9.6328E-01     C        3085

 BOND    =     7602.4496  ANGLE   =      464.7718  DIHED      =     3010.1764
 VDWAALS =    17271.4174  EEL     =  -145983.6587  HBOND      =        0.0000
 1-4 VDW =      896.2544  1-4 EEL =    11446.6978  RESTRAINT  =       18.6652
 EAMBER  =  -105291.8914


   NSTEP       ENERGY          RMS            GMAX         NAME    NUMBER
    500      -1.0528E+05     4.7672E-02     3.4253E+00     C        3085

 BOND    =     7603.0028  ANGLE   =      465.1978  DIHED      =     3010.3659
 VDWAALS =    17272.5517  EEL     =  -145987.0617  HBOND      =        0.0000
 1-4 VDW =      895.7092  1-4 EEL =    11445.8806  RESTRAINT  =       18.8461
 EAMBER  =  -105294.3537


   NSTEP       ENERGY          RMS            GMAX         NAME    NUMBER
    550      -1.0528E+05     8.4009E-02     9.1768E+00     CD        860

 BOND    =     7603.6368  ANGLE   =      465.5462  DIHED      =     3010.5329
 VDWAALS =    17273.7013  EEL     =  -145990.5959  HBOND      =        0.0000
 1-4 VDW =      895.2651  1-4 EEL =    11445.2060  RESTRAINT  =       18.9990
 EAMBER  =  -105296.7076


   NSTEP       ENERGY          RMS            GMAX         NAME    NUMBER
    600      -1.0528E+05     1.1137E-01     8.6856E+00     C        3085

 BOND    =     7604.1290  ANGLE   =      465.8666  DIHED      =     3010.6803
 VDWAALS =    17274.8115  EEL     =  -145993.9569  HBOND      =        0.0000
 1-4 VDW =      894.9008  1-4 EEL =    11444.6367  RESTRAINT  =       19.1401
 EAMBER  =  -105298.9320


   NSTEP       ENERGY          RMS            GMAX         NAME    NUMBER
    650      -1.0528E+05     7.0316E-02     6.7258E+00     CD        860

 BOND    =     7604.6202  ANGLE   =      466.0183  DIHED      =     3010.8333
 VDWAALS =    17275.9026  EEL     =  -145997.4077  HBOND      =        0.0000
 1-4 VDW =      894.5975  1-4 EEL =    11444.1878  RESTRAINT  =       19.2192
 EAMBER  =  -105301.2480


   NSTEP       ENERGY          RMS            GMAX         NAME    NUMBER
    700      -1.0528E+05     2.9088E-02     1.2003E+00     H1      19726

 BOND    =     7605.0195  ANGLE   =      466.2739  DIHED      =     3010.9678
 VDWAALS =    17277.0811  EEL     =  -146001.0200  HBOND      =        0.0000
 1-4 VDW =      894.3248  1-4 EEL =    11443.7594  RESTRAINT  =       19.3322
 EAMBER  =  -105303.5935


   NSTEP       ENERGY          RMS            GMAX         NAME    NUMBER
    750      -1.0529E+05     4.1315E-02     2.5254E+00     C        3085

 BOND    =     7605.4551  ANGLE   =      466.4999  DIHED      =     3011.1049
 VDWAALS =    17278.2866  EEL     =  -146004.6615  HBOND      =        0.0000
 1-4 VDW =      894.0875  1-4 EEL =    11443.3933  RESTRAINT  =       19.4300
 EAMBER  =  -105305.8342


   NSTEP       ENERGY          RMS            GMAX         NAME    NUMBER
    800      -1.0529E+05     8.7568E-02     1.0604E+01     CD        860

 BOND    =     7606.0262  ANGLE   =      466.6957  DIHED      =     3011.2433
 VDWAALS =    17279.5844  EEL     =  -146008.5935  HBOND      =        0.0000
 1-4 VDW =      893.8774  1-4 EEL =    11443.0786  RESTRAINT  =       19.5218
 EAMBER  =  -105308.0878


   NSTEP       ENERGY          RMS            GMAX         NAME    NUMBER
    850      -1.0529E+05     3.9584E-02     2.2805E+00     C        3085

 BOND    =     7606.4007  ANGLE   =      466.8406  DIHED      =     3011.3886
 VDWAALS =    17280.8847  EEL     =  -146012.5284  HBOND      =        0.0000
 1-4 VDW =      893.7040  1-4 EEL =    11442.8386  RESTRAINT  =       19.5822
 EAMBER  =  -105310.4711


   NSTEP       ENERGY          RMS            GMAX         NAME    NUMBER
    900      -1.0529E+05     7.4361E-02     7.2109E+00     CD        860

 BOND    =     7606.8535  ANGLE   =      467.0214  DIHED      =     3011.5398
 VDWAALS =    17282.3708  EEL     =  -146016.8284  HBOND      =        0.0000
 1-4 VDW =      893.5456  1-4 EEL =    11442.6228  RESTRAINT  =       19.6521
 EAMBER  =  -105312.8745


   NSTEP       ENERGY          RMS            GMAX         NAME    NUMBER
    950      -1.0530E+05     1.0364E-01     7.3116E+00     CD        860

 BOND    =     7607.5032  ANGLE   =      467.1626  DIHED      =     3011.7044
 VDWAALS =    17284.0641  EEL     =  -146021.5498  HBOND      =        0.0000
 1-4 VDW =      893.4041  1-4 EEL =    11442.4579  RESTRAINT  =       19.7174
 EAMBER  =  -105315.2536


   NSTEP       ENERGY          RMS            GMAX         NAME    NUMBER
   1000      -1.0530E+05     4.0122E-02     2.4149E+00     CD        860

 BOND    =     7607.7627  ANGLE   =      467.3585  DIHED      =     3011.8809
 VDWAALS =    17286.0273  EEL     =  -146026.5427  HBOND      =        0.0000
 1-4 VDW =      893.2652  1-4 EEL =    11442.2979  RESTRAINT  =       19.7954
 EAMBER  =  -105317.9502


   NSTEP       ENERGY          RMS            GMAX         NAME    NUMBER
   1050      -1.0530E+05     9.3351E-02     1.1420E+01     CD        860

 BOND    =     7608.4533  ANGLE   =      467.5142  DIHED      =     3012.0931
 VDWAALS =    17288.3104  EEL     =  -146032.1224  HBOND      =        0.0000
 1-4 VDW =      893.1409  1-4 EEL =    11442.2107  RESTRAINT  =       19.8640
 EAMBER  =  -105320.3998


   NSTEP       ENERGY          RMS            GMAX         NAME    NUMBER
   1100      -1.0530E+05     4.0503E-02     2.1829E+00     C        3085

 BOND    =     7608.9039  ANGLE   =      467.6584  DIHED      =     3012.3507
 VDWAALS =    17290.8320  EEL     =  -146037.9173  HBOND      =        0.0000
 1-4 VDW =      893.0372  1-4 EEL =    11442.2018  RESTRAINT  =       19.9078
 EAMBER  =  -105322.9334


   NSTEP       ENERGY          RMS            GMAX         NAME    NUMBER
   1150      -1.0531E+05     7.7653E-02     5.2803E+00     C        3085

 BOND    =     7609.5059  ANGLE   =      467.8385  DIHED      =     3012.6631
 VDWAALS =    17293.6170  EEL     =  -146044.2118  HBOND      =        0.0000
 1-4 VDW =      892.9251  1-4 EEL =    11442.2351  RESTRAINT  =       19.9664
 EAMBER  =  -105325.4271


   NSTEP       ENERGY          RMS            GMAX         NAME    NUMBER
   1200      -1.0531E+05     2.8880E-02     2.3284E+00     OD2      1998

 BOND    =     7609.9296  ANGLE   =      468.0004  DIHED      =     3012.9717
 VDWAALS =    17296.4035  EEL     =  -146050.2613  HBOND      =        0.0000
 1-4 VDW =      892.8081  1-4 EEL =    11442.2444  RESTRAINT  =       20.0353
 EAMBER  =  -105327.9036


   NSTEP       ENERGY          RMS            GMAX         NAME    NUMBER
   1250      -1.0531E+05     5.1891E-02     3.2784E+00     C        3085

 BOND    =     7610.4467  ANGLE   =      468.1246  DIHED      =     3013.2394
 VDWAALS =    17299.2463  EEL     =  -146056.1755  HBOND      =        0.0000
 1-4 VDW =      892.6981  1-4 EEL =    11442.1968  RESTRAINT  =       20.1033
 EAMBER  =  -105330.2236


   NSTEP       ENERGY          RMS            GMAX         NAME    NUMBER
   1300      -1.0531E+05     2.9121E-02     1.5374E+00     H2      20690

 BOND    =     7610.9610  ANGLE   =      468.1579  DIHED      =     3013.4133
 VDWAALS =    17301.7293  EEL     =  -146061.2873  HBOND      =        0.0000
 1-4 VDW =      892.6154  1-4 EEL =    11442.1137  RESTRAINT  =       20.1480
 EAMBER  =  -105332.2966


   NSTEP       ENERGY          RMS            GMAX         NAME    NUMBER
   1350      -1.0531E+05     3.9581E-02     2.1641E+00     CD        860

 BOND    =     7611.4614  ANGLE   =      468.2008  DIHED      =     3013.5281
 VDWAALS =    17304.0421  EEL     =  -146066.1246  HBOND      =        0.0000
 1-4 VDW =      892.5430  1-4 EEL =    11442.0208  RESTRAINT  =       20.1953
 EAMBER  =  -105334.3284


   NSTEP       ENERGY          RMS            GMAX         NAME    NUMBER
   1400      -1.0532E+05     2.5605E-02     1.1999E+00     H2      20690

 BOND    =     7611.9189  ANGLE   =      468.2453  DIHED      =     3013.6100
 VDWAALS =    17306.1734  EEL     =  -146070.5817  HBOND      =        0.0000
 1-4 VDW =      892.4804  1-4 EEL =    11441.9338  RESTRAINT  =       20.2419
 EAMBER  =  -105336.2198


   NSTEP       ENERGY          RMS            GMAX         NAME    NUMBER
   1450      -1.0532E+05     2.5516E-02     8.7275E-01     C        3085

 BOND    =     7612.3747  ANGLE   =      468.2848  DIHED      =     3013.6809
 VDWAALS =    17308.2218  EEL     =  -146074.8591  HBOND      =        0.0000
 1-4 VDW =      892.4286  1-4 EEL =    11441.8605  RESTRAINT  =       20.2799
 EAMBER  =  -105338.0078


   NSTEP       ENERGY          RMS            GMAX         NAME    NUMBER
   1500      -1.0532E+05     7.5694E-02     5.1216E+00     CD        860

 BOND    =     7612.7925  ANGLE   =      468.3580  DIHED      =     3013.7421
 VDWAALS =    17310.1616  EEL     =  -146078.7260  HBOND      =        0.0000
 1-4 VDW =      892.3791  1-4 EEL =    11441.7829  RESTRAINT  =       20.3253
 EAMBER  =  -105339.5098


   NSTEP       ENERGY          RMS            GMAX         NAME    NUMBER
   1550      -1.0532E+05     2.3586E-02     8.4823E-01     H1       9199

 BOND    =     7613.2197  ANGLE   =      468.3520  DIHED      =     3013.8061
 VDWAALS =    17311.9203  EEL     =  -146082.4136  HBOND      =        0.0000
 1-4 VDW =      892.3444  1-4 EEL =    11441.7360  RESTRAINT  =       20.3451
 EAMBER  =  -105341.0350


   NSTEP       ENERGY          RMS            GMAX         NAME    NUMBER
   1600      -1.0532E+05     6.9450E-02     1.1764E+01     CD        860

 BOND    =     7613.5079  ANGLE   =      468.4112  DIHED      =     3013.8563
 VDWAALS =    17313.3990  EEL     =  -146085.4072  HBOND      =        0.0000
 1-4 VDW =      892.3128  1-4 EEL =    11441.6821  RESTRAINT  =       20.3749
 EAMBER  =  -105342.2378


   NSTEP       ENERGY          RMS            GMAX         NAME    NUMBER
   1650      -1.0532E+05     3.7641E-02     5.6303E+00     CD        860

 BOND    =     7613.9136  ANGLE   =      468.4056  DIHED      =     3013.9052
 VDWAALS =    17314.7599  EEL     =  -146088.3259  HBOND      =        0.0000
 1-4 VDW =      892.2820  1-4 EEL =    11441.6377  RESTRAINT  =       20.4022
 EAMBER  =  -105343.4219


   NSTEP       ENERGY          RMS            GMAX         NAME    NUMBER
   1700      -1.0532E+05     6.2598E-02     1.0506E+01     CD        860

 BOND    =     7614.2586  ANGLE   =      468.4231  DIHED      =     3013.9501
 VDWAALS =    17316.0188  EEL     =  -146091.0643  HBOND      =        0.0000
 1-4 VDW =      892.2572  1-4 EEL =    11441.5971  RESTRAINT  =       20.4277
 EAMBER  =  -105344.5593


   NSTEP       ENERGY          RMS            GMAX         NAME    NUMBER
   1750      -1.0533E+05     2.6996E-02     3.1767E+00     CD        860

 BOND    =     7614.3999  ANGLE   =      468.4749  DIHED      =     3013.9922
 VDWAALS =    17317.1774  EEL     =  -146093.5206  HBOND      =        0.0000
 1-4 VDW =      892.2345  1-4 EEL =    11441.5595  RESTRAINT  =       20.4522
 EAMBER  =  -105345.6823


   NSTEP       ENERGY          RMS            GMAX         NAME    NUMBER
   1800      -1.0533E+05     2.9915E-02     3.6447E+00     CD        860

 BOND    =     7614.6647  ANGLE   =      468.5028  DIHED      =     3014.0346
 VDWAALS =    17318.2904  EEL     =  -146096.0204  HBOND      =        0.0000
 1-4 VDW =      892.2126  1-4 EEL =    11441.5268  RESTRAINT  =       20.4761
 EAMBER  =  -105346.7886


   NSTEP       ENERGY          RMS            GMAX         NAME    NUMBER
   1850      -1.0533E+05     7.2041E-02     8.6170E+00     CD        860

 BOND    =     7614.9432  ANGLE   =      468.5645  DIHED      =     3014.0776
 VDWAALS =    17319.3582  EEL     =  -146098.5364  HBOND      =        0.0000
 1-4 VDW =      892.1853  1-4 EEL =    11441.5056  RESTRAINT  =       20.5019
 EAMBER  =  -105347.9019


   NSTEP       ENERGY          RMS            GMAX         NAME    NUMBER
   1900      -1.0533E+05     2.1346E-02     9.7672E-01     H1       9199

 BOND    =     7615.1903  ANGLE   =      468.5283  DIHED      =     3014.1136
 VDWAALS =    17320.3547  EEL     =  -146100.9147  HBOND      =        0.0000
 1-4 VDW =      892.1808  1-4 EEL =    11441.4638  RESTRAINT  =       20.5214
 EAMBER  =  -105349.0832


   NSTEP       ENERGY          RMS            GMAX         NAME    NUMBER
   1950      -1.0533E+05     6.0021E-02     4.5237E+00     C        2626

 BOND    =     7615.4675  ANGLE   =      468.5471  DIHED      =     3014.1502
 VDWAALS =    17321.3427  EEL     =  -146103.2998  HBOND      =        0.0000
 1-4 VDW =      892.1694  1-4 EEL =    11441.4369  RESTRAINT  =       20.5424
 EAMBER  =  -105350.1861


   NSTEP       ENERGY          RMS            GMAX         NAME    NUMBER
   2000      -1.0533E+05     8.7313E-02     3.2943E+00     C        1965

 BOND    =     7615.8394  ANGLE   =      468.5812  DIHED      =     3014.1935
 VDWAALS =    17322.3406  EEL     =  -146105.8452  HBOND      =        0.0000
 1-4 VDW =      892.1506  1-4 EEL =    11441.4180  RESTRAINT  =       20.5631
 EAMBER  =  -105351.3219


   NSTEP       ENERGY          RMS            GMAX         NAME    NUMBER
   2050      -1.0533E+05     4.5819E-02     1.0797E+00     CZ         39

 BOND    =     7615.9158  ANGLE   =      468.5849  DIHED      =     3014.2338
 VDWAALS =    17323.3222  EEL     =  -146108.1882  HBOND      =        0.0000
 1-4 VDW =      892.1374  1-4 EEL =    11441.3913  RESTRAINT  =       20.5885
 EAMBER  =  -105352.6028


   NSTEP       ENERGY          RMS            GMAX         NAME    NUMBER
   2100      -1.0533E+05     2.1198E-02     1.0730E+00     H1       9199

 BOND    =     7616.2002  ANGLE   =      468.5984  DIHED      =     3014.2738
 VDWAALS =    17324.2314  EEL     =  -146110.5889  HBOND      =        0.0000
 1-4 VDW =      892.1282  1-4 EEL =    11441.3720  RESTRAINT  =       20.6096
 EAMBER  =  -105353.7849


   NSTEP       ENERGY          RMS            GMAX         NAME    NUMBER
   2150      -1.0533E+05     4.0238E-02     2.2773E+00     CZ         39

 BOND    =     7616.5463  ANGLE   =      468.6125  DIHED      =     3014.3146
 VDWAALS =    17325.1566  EEL     =  -146113.1340  HBOND      =        0.0000
 1-4 VDW =      892.1208  1-4 EEL =    11441.3543  RESTRAINT  =       20.6311
 EAMBER  =  -105355.0289


   NSTEP       ENERGY          RMS            GMAX         NAME    NUMBER
   2200      -1.0534E+05     6.3329E-02     4.6229E+00     CZ         39

 BOND    =     7616.9416  ANGLE   =      468.6300  DIHED      =     3014.3550
 VDWAALS =    17326.0238  EEL     =  -146115.6545  HBOND      =        0.0000
 1-4 VDW =      892.1155  1-4 EEL =    11441.3394  RESTRAINT  =       20.6513
 EAMBER  =  -105356.2492


   NSTEP       ENERGY          RMS            GMAX         NAME    NUMBER
   2250      -1.0534E+05     2.7386E-02     1.8723E+00     CZ         39

 BOND    =     7616.7996  ANGLE   =      468.6312  DIHED      =     3014.3929
 VDWAALS =    17326.8986  EEL     =  -146117.6717  HBOND      =        0.0000
 1-4 VDW =      892.1025  1-4 EEL =    11441.3185  RESTRAINT  =       20.6705
 EAMBER  =  -105357.5285


   NSTEP       ENERGY          RMS            GMAX         NAME    NUMBER
   2300      -1.0534E+05     5.1245E-02     5.8659E+00     CZ         39

 BOND    =     7616.9094  ANGLE   =      468.6376  DIHED      =     3014.4326
 VDWAALS =    17327.7294  EEL     =  -146119.8996  HBOND      =        0.0000
 1-4 VDW =      892.0942  1-4 EEL =    11441.3020  RESTRAINT  =       20.6892
 EAMBER  =  -105358.7943


   NSTEP       ENERGY          RMS            GMAX         NAME    NUMBER
   2350      -1.0534E+05     2.1687E-02     1.1402E+00     H1       9199

 BOND    =     7617.3509  ANGLE   =      468.6470  DIHED      =     3014.4744
 VDWAALS =    17328.4890  EEL     =  -146122.3954  HBOND      =        0.0000
 1-4 VDW =      892.0964  1-4 EEL =    11441.2924  RESTRAINT  =       20.7091
 EAMBER  =  -105360.0453


   NSTEP       ENERGY          RMS            GMAX         NAME    NUMBER
   2400      -1.0534E+05     2.2862E-02     1.1228E+00     H1       9199

 BOND    =     7617.5547  ANGLE   =      468.6460  DIHED      =     3014.5162
 VDWAALS =    17329.2603  EEL     =  -146124.7460  HBOND      =        0.0000
 1-4 VDW =      892.0941  1-4 EEL =    11441.2799  RESTRAINT  =       20.7282
 EAMBER  =  -105361.3947


   NSTEP       ENERGY          RMS            GMAX         NAME    NUMBER
   2450      -1.0534E+05     6.4855E-02     4.9137E+00     C        1553

 BOND    =     7617.8162  ANGLE   =      468.6078  DIHED      =     3014.5618
 VDWAALS =    17330.0115  EEL     =  -146127.0677  HBOND      =        0.0000
 1-4 VDW =      892.1022  1-4 EEL =    11441.2704  RESTRAINT  =       20.7558
 EAMBER  =  -105362.6978


   NSTEP       ENERGY          RMS            GMAX         NAME    NUMBER
   2500      -1.0534E+05     2.6395E-02     1.4090E+00     C        1553

 BOND    =     7617.9652  ANGLE   =      468.6809  DIHED      =     3014.5957
 VDWAALS =    17330.7218  EEL     =  -146129.4074  HBOND      =        0.0000
 1-4 VDW =      892.0882  1-4 EEL =    11441.2534  RESTRAINT  =       20.7590
 EAMBER  =  -105364.1022


   NSTEP       ENERGY          RMS            GMAX         NAME    NUMBER
   2550      -1.0534E+05     5.0804E-02     3.8788E+00     C        1553

 BOND    =     7618.1652  ANGLE   =      468.7186  DIHED      =     3014.6358
 VDWAALS =    17331.4270  EEL     =  -146131.7009  HBOND      =        0.0000
 1-4 VDW =      892.0842  1-4 EEL =    11441.2388  RESTRAINT  =       20.7721
 EAMBER  =  -105365.4313


   NSTEP       ENERGY          RMS            GMAX         NAME    NUMBER
   2600      -1.0535E+05     7.3656E-02     5.8211E+00     C        1553

 BOND    =     7618.3762  ANGLE   =      468.7518  DIHED      =     3014.6751
 VDWAALS =    17332.1239  EEL     =  -146133.9859  HBOND      =        0.0000
 1-4 VDW =      892.0815  1-4 EEL =    11441.2255  RESTRAINT  =       20.7860
 EAMBER  =  -105366.7518


   NSTEP       ENERGY          RMS            GMAX         NAME    NUMBER
   2650      -1.0535E+05     4.0095E-02     3.0825E+00     CD        860

 BOND    =     7618.5498  ANGLE   =      468.6335  DIHED      =     3014.7269
 VDWAALS =    17332.8284  EEL     =  -146136.2166  HBOND      =        0.0000
 1-4 VDW =      892.1009  1-4 EEL =    11441.2224  RESTRAINT  =       20.8132
 EAMBER  =  -105368.1546


   NSTEP       ENERGY          RMS            GMAX         NAME    NUMBER
   2700      -1.0535E+05     2.1807E-02     9.7076E-01     H1      15907

 BOND    =     7618.6820  ANGLE   =      468.6744  DIHED      =     3014.7678
 VDWAALS =    17333.4903  EEL     =  -146138.3490  HBOND      =        0.0000
 1-4 VDW =      892.1001  1-4 EEL =    11441.2042  RESTRAINT  =       20.8206
 EAMBER  =  -105369.4302


   NSTEP       ENERGY          RMS            GMAX         NAME    NUMBER
   2750      -1.0535E+05     2.0748E-02     9.1734E-01     H1      15907

 BOND    =     7618.8381  ANGLE   =      468.6687  DIHED      =     3014.8130
 VDWAALS =    17334.1330  EEL     =  -146140.4096  HBOND      =        0.0000
 1-4 VDW =      892.1059  1-4 EEL =    11441.1906  RESTRAINT  =       20.8346
 EAMBER  =  -105370.6602


   NSTEP       ENERGY          RMS            GMAX         NAME    NUMBER
   2800      -1.0535E+05     5.6477E-02     4.9629E+00     C        1553

 BOND    =     7619.0216  ANGLE   =      468.7203  DIHED      =     3014.8591
 VDWAALS =    17334.7601  EEL     =  -146142.5238  HBOND      =        0.0000
 1-4 VDW =      892.1076  1-4 EEL =    11441.1688  RESTRAINT  =       20.8431
 EAMBER  =  -105371.8863


   NSTEP       ENERGY          RMS            GMAX         NAME    NUMBER
   2850      -1.0535E+05     2.0305E-02     7.8425E-01     H1      12160

 BOND    =     7619.1411  ANGLE   =      468.6497  DIHED      =     3014.9134
 VDWAALS =    17335.3416  EEL     =  -146144.4748  HBOND      =        0.0000
 1-4 VDW =      892.1212  1-4 EEL =    11441.1588  RESTRAINT  =       20.8625
 EAMBER  =  -105373.1490


   NSTEP       ENERGY          RMS            GMAX         NAME    NUMBER
   2900      -1.0535E+05     3.4214E-02     4.8132E+00     CD        860

 BOND    =     7619.2978  ANGLE   =      468.6390  DIHED      =     3014.9613
 VDWAALS =    17335.8430  EEL     =  -146146.3042  HBOND      =        0.0000
 1-4 VDW =      892.1292  1-4 EEL =    11441.1407  RESTRAINT  =       20.8740
 EAMBER  =  -105374.2933


   NSTEP       ENERGY          RMS            GMAX         NAME    NUMBER
   2950      -1.0535E+05     2.0077E-02     9.7490E-01     H1      12160

 BOND    =     7619.3568  ANGLE   =      468.6450  DIHED      =     3015.0066
 VDWAALS =    17336.2503  EEL     =  -146147.8899  HBOND      =        0.0000
 1-4 VDW =      892.1377  1-4 EEL =    11441.1236  RESTRAINT  =       20.8829
 EAMBER  =  -105375.3698


   NSTEP       ENERGY          RMS            GMAX         NAME    NUMBER
   3000      -1.0536E+05     2.1458E-02     1.2175E+00     CD        860

 BOND    =     7619.4527  ANGLE   =      468.6413  DIHED      =     3015.0569
 VDWAALS =    17336.6231  EEL     =  -146149.5290  HBOND      =        0.0000
 1-4 VDW =      892.1474  1-4 EEL =    11441.1030  RESTRAINT  =       20.8927
 EAMBER  =  -105376.5046


   NSTEP       ENERGY          RMS            GMAX         NAME    NUMBER
   3050      -1.0536E+05     6.8638E-02     1.0847E+01     CD        860

 BOND    =     7619.5183  ANGLE   =      468.6631  DIHED      =     3015.1074
 VDWAALS =    17336.9479  EEL     =  -146151.1504  HBOND      =        0.0000
 1-4 VDW =      892.1570  1-4 EEL =    11441.0906  RESTRAINT  =       20.9009
 EAMBER  =  -105377.6663


   NSTEP       ENERGY          RMS            GMAX         NAME    NUMBER
   3100      -1.0536E+05     2.5520E-02     2.0754E+00     CD        860

 BOND    =     7619.6502  ANGLE   =      468.6170  DIHED      =     3015.1630
 VDWAALS =    17337.2041  EEL     =  -146152.7710  HBOND      =        0.0000
 1-4 VDW =      892.1715  1-4 EEL =    11441.0487  RESTRAINT  =       20.9117
 EAMBER  =  -105378.9165


   NSTEP       ENERGY          RMS            GMAX         NAME    NUMBER
   3150      -1.0536E+05     5.4782E-02     4.4704E+00     C        1278

 BOND    =     7619.7634  ANGLE   =      468.5840  DIHED      =     3015.2211
 VDWAALS =    17337.3836  EEL     =  -146154.3157  HBOND      =        0.0000
 1-4 VDW =      892.1940  1-4 EEL =    11440.9923  RESTRAINT  =       20.9260
 EAMBER  =  -105380.1773


   NSTEP       ENERGY          RMS            GMAX         NAME    NUMBER
   3200      -1.0536E+05     2.4692E-02     1.6775E+00     H2      12125

 BOND    =     7619.7913  ANGLE   =      468.6174  DIHED      =     3015.2840
 VDWAALS =    17337.5258  EEL     =  -146155.9252  HBOND      =        0.0000
 1-4 VDW =      892.1958  1-4 EEL =    11440.9973  RESTRAINT  =       20.9265
 EAMBER  =  -105381.5137


   NSTEP       ENERGY          RMS            GMAX         NAME    NUMBER
   3250      -1.0536E+05     2.4500E-02     1.8272E+00     H2      12125

 BOND    =     7619.8636  ANGLE   =      468.6083  DIHED      =     3015.3501
 VDWAALS =    17337.6242  EEL     =  -146157.5787  HBOND      =        0.0000
 1-4 VDW =      892.2124  1-4 EEL =    11440.9576  RESTRAINT  =       20.9343
 EAMBER  =  -105382.9625


   NSTEP       ENERGY          RMS            GMAX         NAME    NUMBER
   3300      -1.0536E+05     6.8015E-02     2.9252E+00     C        1278

 BOND    =     7619.9811  ANGLE   =      468.6089  DIHED      =     3015.4218
 VDWAALS =    17337.7096  EEL     =  -146159.3801  HBOND      =        0.0000
 1-4 VDW =      892.2276  1-4 EEL =    11440.9180  RESTRAINT  =       20.9409
 EAMBER  =  -105384.5131


   NSTEP       ENERGY          RMS            GMAX         NAME    NUMBER
   3350      -1.0537E+05     2.8195E-02     1.8218E+00     H2      12125

 BOND    =     7620.0371  ANGLE   =      468.5957  DIHED      =     3015.4975
 VDWAALS =    17337.7410  EEL     =  -146161.1217  HBOND      =        0.0000
 1-4 VDW =      892.2489  1-4 EEL =    11440.8595  RESTRAINT  =       20.9493
 EAMBER  =  -105386.1420


   NSTEP       ENERGY          RMS            GMAX         NAME    NUMBER
   3400      -1.0537E+05     3.3755E-02     1.7341E+00     CZ         39

 BOND    =     7620.1371  ANGLE   =      468.5950  DIHED      =     3015.5759
 VDWAALS =    17337.7982  EEL     =  -146163.0399  HBOND      =        0.0000
 1-4 VDW =      892.2681  1-4 EEL =    11440.8044  RESTRAINT  =       20.9562
 EAMBER  =  -105387.8612


   NSTEP       ENERGY          RMS            GMAX         NAME    NUMBER
   3450      -1.0537E+05     9.2059E-02     8.6357E+00     CZ         39

 BOND    =     7620.2888  ANGLE   =      468.6065  DIHED      =     3015.6549
 VDWAALS =    17337.8534  EEL     =  -146164.9179  HBOND      =        0.0000
 1-4 VDW =      892.2898  1-4 EEL =    11440.7535  RESTRAINT  =       20.9633
 EAMBER  =  -105389.4710


   NSTEP       ENERGY          RMS            GMAX         NAME    NUMBER
   3500      -1.0537E+05     2.4437E-02     1.3502E+00     H2      12125

 BOND    =     7620.3745  ANGLE   =      468.6073  DIHED      =     3015.7238
 VDWAALS =    17337.9523  EEL     =  -146166.8119  HBOND      =        0.0000
 1-4 VDW =      892.2972  1-4 EEL =    11440.6871  RESTRAINT  =       20.9698
 EAMBER  =  -105391.1696


   NSTEP       ENERGY          RMS            GMAX         NAME    NUMBER
   3550      -1.0537E+05     7.4804E-02     7.4857E+00     CZ         39

 BOND    =     7620.7189  ANGLE   =      468.6188  DIHED      =     3015.7835
 VDWAALS =    17338.0970  EEL     =  -146168.9031  HBOND      =        0.0000
 1-4 VDW =      892.3021  1-4 EEL =    11440.6342  RESTRAINT  =       20.9779
 EAMBER  =  -105392.7486


   NSTEP       ENERGY          RMS            GMAX         NAME    NUMBER
   3600      -1.0537E+05     3.1792E-02     2.8959E+00     CZ         39

 BOND    =     7620.5353  ANGLE   =      468.6430  DIHED      =     3015.8313
 VDWAALS =    17338.2578  EEL     =  -146170.5023  HBOND      =        0.0000
 1-4 VDW =      892.3135  1-4 EEL =    11440.6084  RESTRAINT  =       20.9865
 EAMBER  =  -105394.3130


   NSTEP       ENERGY          RMS            GMAX         NAME    NUMBER
   3650      -1.0537E+05     5.6997E-02     7.3952E+00     CZ         39

 BOND    =     7620.5445  ANGLE   =      468.6759  DIHED      =     3015.8690
 VDWAALS =    17338.4531  EEL     =  -146172.2150  HBOND      =        0.0000
 1-4 VDW =      892.3146  1-4 EEL =    11440.5888  RESTRAINT  =       20.9958
 EAMBER  =  -105395.7690


   NSTEP       ENERGY          RMS            GMAX         NAME    NUMBER
   3700      -1.0538E+05     2.4564E-02     1.8454E+00     CZ         39

 BOND    =     7620.8943  ANGLE   =      468.6581  DIHED      =     3015.8971
 VDWAALS =    17338.6745  EEL     =  -146174.2400  HBOND      =        0.0000
 1-4 VDW =      892.3094  1-4 EEL =    11440.5849  RESTRAINT  =       21.0074
 EAMBER  =  -105397.2218


   NSTEP       ENERGY          RMS            GMAX         NAME    NUMBER
   3750      -1.0538E+05     3.3429E-02     3.6636E+00     CZ         39

 BOND    =     7621.0386  ANGLE   =      468.6664  DIHED      =     3015.9197
 VDWAALS =    17338.9325  EEL     =  -146176.0697  HBOND      =        0.0000
 1-4 VDW =      892.3053  1-4 EEL =    11440.5901  RESTRAINT  =       21.0191
 EAMBER  =  -105398.6173


   NSTEP       ENERGY          RMS            GMAX         NAME    NUMBER
   3800      -1.0538E+05     7.0264E-02     7.6636E+00     CZ         39

 BOND    =     7621.2356  ANGLE   =      468.6834  DIHED      =     3015.9380
 VDWAALS =    17339.2172  EEL     =  -146177.8802  HBOND      =        0.0000
 1-4 VDW =      892.2989  1-4 EEL =    11440.6024  RESTRAINT  =       21.0319
 EAMBER  =  -105399.9047


   NSTEP       ENERGY          RMS            GMAX         NAME    NUMBER
   3850      -1.0538E+05     2.3872E-02     1.0824E+00     H1      14182

 BOND    =     7621.1614  ANGLE   =      468.6913  DIHED      =     3015.9584
 VDWAALS =    17339.5725  EEL     =  -146179.5375  HBOND      =        0.0000
 1-4 VDW =      892.3004  1-4 EEL =    11440.6016  RESTRAINT  =       21.0432
 EAMBER  =  -105401.2520


   NSTEP       ENERGY          RMS            GMAX         NAME    NUMBER
   3900      -1.0538E+05     5.8596E-02     4.3718E+00     C         923

 BOND    =     7621.2995  ANGLE   =      468.6975  DIHED      =     3015.9779
 VDWAALS =    17339.9596  EEL     =  -146181.2732  HBOND      =        0.0000
 1-4 VDW =      892.3016  1-4 EEL =    11440.6035  RESTRAINT  =       21.0577
 EAMBER  =  -105402.4335


   NSTEP       ENERGY          RMS            GMAX         NAME    NUMBER
   3950      -1.0538E+05     2.0988E-02     9.1704E-01     H1      14182

 BOND    =     7621.3970  ANGLE   =      468.7145  DIHED      =     3015.9893
 VDWAALS =    17340.4048  EEL     =  -146183.0713  HBOND      =        0.0000
 1-4 VDW =      892.2925  1-4 EEL =    11440.6290  RESTRAINT  =       21.0680
 EAMBER  =  -105403.6443


   NSTEP       ENERGY          RMS            GMAX         NAME    NUMBER
   4000      -1.0538E+05     3.1073E-02     1.9446E+00     C         923

 BOND    =     7621.5243  ANGLE   =      468.7312  DIHED      =     3016.0041
 VDWAALS =    17340.9294  EEL     =  -146184.9512  HBOND      =        0.0000
 1-4 VDW =      892.2890  1-4 EEL =    11440.6445  RESTRAINT  =       21.0816
 EAMBER  =  -105404.8288


   NSTEP       ENERGY          RMS            GMAX         NAME    NUMBER
   4050      -1.0538E+05     2.2861E-02     1.1051E+00     C         923

 BOND    =     7621.6753  ANGLE   =      468.7294  DIHED      =     3016.0193
 VDWAALS =    17341.4989  EEL     =  -146186.7975  HBOND      =        0.0000
 1-4 VDW =      892.2898  1-4 EEL =    11440.6444  RESTRAINT  =       21.0902
 EAMBER  =  -105405.9404


   NSTEP       ENERGY          RMS            GMAX         NAME    NUMBER
   4100      -1.0539E+05     4.9717E-02     7.4963E+00     CD        860

 BOND    =     7621.7944  ANGLE   =      468.7507  DIHED      =     3016.0327
 VDWAALS =    17342.1077  EEL     =  -146188.6495  HBOND      =        0.0000
 1-4 VDW =      892.2893  1-4 EEL =    11440.6531  RESTRAINT  =       21.1017
 EAMBER  =  -105407.0214


   NSTEP       ENERGY          RMS            GMAX         NAME    NUMBER
   4150      -1.0539E+05     1.8942E-02     8.2986E-01     CD        860

 BOND    =     7621.9748  ANGLE   =      468.7468  DIHED      =     3016.0447
 VDWAALS =    17342.7010  EEL     =  -146190.4300  HBOND      =        0.0000
 1-4 VDW =      892.2849  1-4 EEL =    11440.6684  RESTRAINT  =       21.1123
 EAMBER  =  -105408.0094


   NSTEP       ENERGY          RMS            GMAX         NAME    NUMBER
   4200      -1.0539E+05     2.5648E-02     3.1954E+00     CD        860

 BOND    =     7622.1468  ANGLE   =      468.7498  DIHED      =     3016.0572
 VDWAALS =    17343.3222  EEL     =  -146192.1857  HBOND      =        0.0000
 1-4 VDW =      892.2836  1-4 EEL =    11440.6791  RESTRAINT  =       21.1222
 EAMBER  =  -105408.9469


   NSTEP       ENERGY          RMS            GMAX         NAME    NUMBER
   4250      -1.0539E+05     1.9450E-02     1.1364E+00     CD        860

 BOND    =     7622.2722  ANGLE   =      468.7659  DIHED      =     3016.0683
 VDWAALS =    17343.9532  EEL     =  -146193.8917  HBOND      =        0.0000
 1-4 VDW =      892.2824  1-4 EEL =    11440.6895  RESTRAINT  =       21.1320
 EAMBER  =  -105409.8603


   NSTEP       ENERGY          RMS            GMAX         NAME    NUMBER
   4300      -1.0539E+05     1.9338E-02     1.1824E+00     O       18630

 BOND    =     7622.4385  ANGLE   =      468.7737  DIHED      =     3016.0797
 VDWAALS =    17344.5973  EEL     =  -146195.6961  HBOND      =        0.0000
 1-4 VDW =      892.2810  1-4 EEL =    11440.7004  RESTRAINT  =       21.1416
 EAMBER  =  -105410.8256


   NSTEP       ENERGY          RMS            GMAX         NAME    NUMBER
   4350      -1.0539E+05     3.4839E-02     4.9059E+00     CD        860

 BOND    =     7622.6091  ANGLE   =      468.7974  DIHED      =     3016.0921
 VDWAALS =    17345.2706  EEL     =  -146197.5156  HBOND      =        0.0000
 1-4 VDW =      892.2769  1-4 EEL =    11440.7101  RESTRAINT  =       21.1512
 EAMBER  =  -105411.7594


   NSTEP       ENERGY          RMS            GMAX         NAME    NUMBER
   4400      -1.0539E+05     2.0114E-02     1.5972E+00     O       18630

 BOND    =     7622.8060  ANGLE   =      468.7831  DIHED      =     3016.1023
 VDWAALS =    17345.9427  EEL     =  -146199.4332  HBOND      =        0.0000
 1-4 VDW =      892.2801  1-4 EEL =    11440.7212  RESTRAINT  =       21.1608
 EAMBER  =  -105412.7977


   NSTEP       ENERGY          RMS            GMAX         NAME    NUMBER
   4450      -1.0539E+05     2.8264E-02     2.4195E+00     C        2983

 BOND    =     7622.9905  ANGLE   =      468.7794  DIHED      =     3016.1123
 VDWAALS =    17346.6565  EEL     =  -146201.4290  HBOND      =        0.0000
 1-4 VDW =      892.2852  1-4 EEL =    11440.7324  RESTRAINT  =       21.1713
 EAMBER  =  -105413.8727


   NSTEP       ENERGY          RMS            GMAX         NAME    NUMBER
   4500      -1.0539E+05     2.0048E-02     1.6527E+00     O       18630

 BOND    =     7623.2212  ANGLE   =      468.8057  DIHED      =     3016.1252
 VDWAALS =    17347.4261  EEL     =  -146203.6517  HBOND      =        0.0000
 1-4 VDW =      892.2762  1-4 EEL =    11440.7434  RESTRAINT  =       21.1800
 EAMBER  =  -105415.0540


   NSTEP       ENERGY          RMS            GMAX         NAME    NUMBER
   4550      -1.0539E+05     9.2555E-02     6.4783E+00     C        2983

 BOND    =     7623.4605  ANGLE   =      468.8041  DIHED      =     3016.1310
 VDWAALS =    17348.2736  EEL     =  -146205.8971  HBOND      =        0.0000
 1-4 VDW =      892.2899  1-4 EEL =    11440.7548  RESTRAINT  =       21.1967
 EAMBER  =  -105416.1832


   NSTEP       ENERGY          RMS            GMAX         NAME    NUMBER
   4600      -1.0540E+05     5.0974E-02     3.6825E+00     H1      18340

 BOND    =     7623.7614  ANGLE   =      468.8226  DIHED      =     3016.1479
 VDWAALS =    17349.1567  EEL     =  -146208.3251  HBOND      =        0.0000
 1-4 VDW =      892.2729  1-4 EEL =    11440.7666  RESTRAINT  =       21.2002
 EAMBER  =  -105417.3970


   NSTEP       ENERGY          RMS            GMAX         NAME    NUMBER
   4650      -1.0540E+05     1.9925E-02     7.6349E-01     O       18630

 BOND    =     7623.8734  ANGLE   =      468.8314  DIHED      =     3016.1612
 VDWAALS =    17349.9628  EEL     =  -146210.3356  HBOND      =        0.0000
 1-4 VDW =      892.2743  1-4 EEL =    11440.7825  RESTRAINT  =       21.2103
 EAMBER  =  -105418.4499


   NSTEP       ENERGY          RMS            GMAX         NAME    NUMBER
   4700      -1.0540E+05     2.5211E-02     1.4188E+00     CZ         39

 BOND    =     7624.0264  ANGLE   =      468.8433  DIHED      =     3016.1738
 VDWAALS =    17350.6924  EEL     =  -146212.3664  HBOND      =        0.0000
 1-4 VDW =      892.2745  1-4 EEL =    11440.7952  RESTRAINT  =       21.2206
 EAMBER  =  -105419.5607


   NSTEP       ENERGY          RMS            GMAX         NAME    NUMBER
   4750      -1.0540E+05     1.8615E-02     7.9613E-01     H2       8366

 BOND    =     7624.2991  ANGLE   =      468.8487  DIHED      =     3016.1852
 VDWAALS =    17351.3345  EEL     =  -146214.4188  HBOND      =        0.0000
 1-4 VDW =      892.2718  1-4 EEL =    11440.8080  RESTRAINT  =       21.2301
 EAMBER  =  -105420.6714


   NSTEP       ENERGY          RMS            GMAX         NAME    NUMBER
   4800      -1.0540E+05     8.5014E-02     6.7042E+00     C        2967

 BOND    =     7624.5181  ANGLE   =      468.8690  DIHED      =     3016.2102
 VDWAALS =    17351.9562  EEL     =  -146216.4419  HBOND      =        0.0000
 1-4 VDW =      892.2944  1-4 EEL =    11440.8039  RESTRAINT  =       21.2629
 EAMBER  =  -105421.7902


   NSTEP       ENERGY          RMS            GMAX         NAME    NUMBER
   4850      -1.0540E+05     3.3665E-02     2.2020E+00     C        2967

 BOND    =     7624.6780  ANGLE   =      468.8792  DIHED      =     3016.2061
 VDWAALS =    17352.4923  EEL     =  -146218.3854  HBOND      =        0.0000
 1-4 VDW =      892.2638  1-4 EEL =    11440.8399  RESTRAINT  =       21.2474
 EAMBER  =  -105423.0261


   NSTEP       ENERGY          RMS            GMAX         NAME    NUMBER
   4900      -1.0540E+05     7.6361E-02     7.6963E+00     CD        860

 BOND    =     7624.8645  ANGLE   =      468.9189  DIHED      =     3016.2125
 VDWAALS =    17352.9486  EEL     =  -146220.1715  HBOND      =        0.0000
 1-4 VDW =      892.2547  1-4 EEL =    11440.8603  RESTRAINT  =       21.2543
 EAMBER  =  -105424.1120


   NSTEP       ENERGY          RMS            GMAX         NAME    NUMBER
   4950      -1.0540E+05     2.0493E-02     8.1658E-01     H1      12688

 BOND    =     7625.0416  ANGLE   =      468.8881  DIHED      =     3016.2340
 VDWAALS =    17353.3660  EEL     =  -146221.9562  HBOND      =        0.0000
 1-4 VDW =      892.2707  1-4 EEL =    11440.8585  RESTRAINT  =       21.2716
 EAMBER  =  -105425.2971


   NSTEP       ENERGY          RMS            GMAX         NAME    NUMBER
   5000      -1.0541E+05     6.3404E-02     4.6894E+00     C        2967

 BOND    =     7625.2268  ANGLE   =      468.9029  DIHED      =     3016.2521
 VDWAALS =    17353.7341  EEL     =  -146223.7449  HBOND      =        0.0000
 1-4 VDW =      892.2841  1-4 EEL =    11440.8602  RESTRAINT  =       21.2923
 EAMBER  =  -105426.4846


   NSTEP       ENERGY          RMS            GMAX         NAME    NUMBER
   5050      -1.0541E+05     2.0766E-02     9.2459E-01     H1      12688

 BOND    =     7625.3981  ANGLE   =      468.9128  DIHED      =     3016.2562
 VDWAALS =    17354.0396  EEL     =  -146225.4764  HBOND      =        0.0000
 1-4 VDW =      892.2656  1-4 EEL =    11440.8865  RESTRAINT  =       21.2891
 EAMBER  =  -105427.7175


   NSTEP       ENERGY          RMS            GMAX         NAME    NUMBER
   5100      -1.0541E+05     5.9374E-02     6.9434E+00     CD        860

 BOND    =     7625.5555  ANGLE   =      468.9521  DIHED      =     3016.2627
 VDWAALS =    17354.2837  EEL     =  -146227.2285  HBOND      =        0.0000
 1-4 VDW =      892.2568  1-4 EEL =    11440.9063  RESTRAINT  =       21.2953
 EAMBER  =  -105429.0114


   NSTEP       ENERGY          RMS            GMAX         NAME    NUMBER
   5150      -1.0541E+05     2.0935E-02     1.1631E+00     O       20181

 BOND    =     7625.7481  ANGLE   =      468.9306  DIHED      =     3016.2811
 VDWAALS =    17354.4747  EEL     =  -146228.9566  HBOND      =        0.0000
 1-4 VDW =      892.2670  1-4 EEL =    11440.9073  RESTRAINT  =       21.3099
 EAMBER  =  -105430.3478


   NSTEP       ENERGY          RMS            GMAX         NAME    NUMBER
   5200      -1.0541E+05     4.3403E-02     3.2419E+00     C        2967

 BOND    =     7625.9366  ANGLE   =      468.9358  DIHED      =     3016.2977
 VDWAALS =    17354.6119  EEL     =  -146230.7417  HBOND      =        0.0000
 1-4 VDW =      892.2752  1-4 EEL =    11440.9112  RESTRAINT  =       21.3259
 EAMBER  =  -105431.7732


   NSTEP       ENERGY          RMS            GMAX         NAME    NUMBER
   5250      -1.0541E+05     7.0662E-02     7.8223E+00     CD        860

 BOND    =     7626.0789  ANGLE   =      468.9636  DIHED      =     3016.3102
 VDWAALS =    17354.6749  EEL     =  -146232.4263  HBOND      =        0.0000
 1-4 VDW =      892.2794  1-4 EEL =    11440.9187  RESTRAINT  =       21.3381
 EAMBER  =  -105433.2006


   NSTEP       ENERGY          RMS            GMAX         NAME    NUMBER
   5300      -1.0541E+05     3.1925E-02     1.9319E+00     C        2967

 BOND    =     7626.2725  ANGLE   =      468.9777  DIHED      =     3016.3112
 VDWAALS =    17354.7539  EEL     =  -146234.2649  HBOND      =        0.0000
 1-4 VDW =      892.2573  1-4 EEL =    11440.9490  RESTRAINT  =       21.3348
 EAMBER  =  -105434.7432


   NSTEP       ENERGY          RMS            GMAX         NAME    NUMBER
   5350      -1.0541E+05     3.7553E-02     2.4176E+00     CD        860

 BOND    =     7626.4643  ANGLE   =      468.9912  DIHED      =     3016.3196
 VDWAALS =    17354.8414  EEL     =  -146236.1144  HBOND      =        0.0000
 1-4 VDW =      892.2542  1-4 EEL =    11440.9631  RESTRAINT  =       21.3441
 EAMBER  =  -105436.2806


   NSTEP       ENERGY          RMS            GMAX         NAME    NUMBER
   5400      -1.0542E+05     8.1292E-02     6.2905E+00     C        2967

 BOND    =     7626.6878  ANGLE   =      469.0358  DIHED      =     3016.3243
 VDWAALS =    17354.9634  EEL     =  -146237.9585  HBOND      =        0.0000
 1-4 VDW =      892.2414  1-4 EEL =    11440.9865  RESTRAINT  =       21.3516
 EAMBER  =  -105437.7193


   NSTEP       ENERGY          RMS            GMAX         NAME    NUMBER
   5450      -1.0542E+05     4.7097E-02     3.4817E+00     C        2967

 BOND    =     7626.8006  ANGLE   =      468.9970  DIHED      =     3016.3492
 VDWAALS =    17355.1048  EEL     =  -146239.7674  HBOND      =        0.0000
 1-4 VDW =      892.2705  1-4 EEL =    11440.9696  RESTRAINT  =       21.3719
 EAMBER  =  -105439.2756


   NSTEP       ENERGY          RMS            GMAX         NAME    NUMBER
   5500      -1.0542E+05     7.4273E-02     8.1170E+00     CD        860

 BOND    =     7626.9278  ANGLE   =      469.0269  DIHED      =     3016.3591
 VDWAALS =    17355.2483  EEL     =  -146241.4835  HBOND      =        0.0000
 1-4 VDW =      892.2737  1-4 EEL =    11440.9773  RESTRAINT  =       21.3832
 EAMBER  =  -105440.6704


   NSTEP       ENERGY          RMS            GMAX         NAME    NUMBER
   5550      -1.0542E+05     2.3045E-02     1.1306E+00     O        5439

 BOND    =     7627.0879  ANGLE   =      469.0390  DIHED      =     3016.3599
 VDWAALS =    17355.4185  EEL     =  -146243.2476  HBOND      =        0.0000
 1-4 VDW =      892.2552  1-4 EEL =    11441.0051  RESTRAINT  =       21.3816
 EAMBER  =  -105442.0819


   NSTEP       ENERGY          RMS            GMAX         NAME    NUMBER
   5600      -1.0542E+05     6.7265E-02     6.2737E+00     CD        860

 BOND    =     7627.2251  ANGLE   =      469.0905  DIHED      =     3016.3609
 VDWAALS =    17355.5939  EEL     =  -146244.9429  HBOND      =        0.0000
 1-4 VDW =      892.2447  1-4 EEL =    11441.0277  RESTRAINT  =       21.3880
 EAMBER  =  -105443.4000


   NSTEP       ENERGY          RMS            GMAX         NAME    NUMBER
   5650      -1.0542E+05     8.9914E-02     9.1795E+00     CD        860

 BOND    =     7627.3842  ANGLE   =      469.1245  DIHED      =     3016.3668
 VDWAALS =    17355.8283  EEL     =  -146246.6876  HBOND      =        0.0000
 1-4 VDW =      892.2404  1-4 EEL =    11441.0433  RESTRAINT  =       21.3958
 EAMBER  =  -105444.7001


   NSTEP       ENERGY          RMS            GMAX         NAME    NUMBER
   5700      -1.0542E+05     3.7089E-02     2.6467E+00     CD        860

 BOND    =     7627.5964  ANGLE   =      469.0593  DIHED      =     3016.3890
 VDWAALS =    17356.1592  EEL     =  -146248.6133  HBOND      =        0.0000
 1-4 VDW =      892.2613  1-4 EEL =    11441.0337  RESTRAINT  =       21.4118
 EAMBER  =  -105446.1145


   NSTEP       ENERGY          RMS            GMAX         NAME    NUMBER
   5750      -1.0543E+05     2.1028E-02     9.4012E-01     O        5439

 BOND    =     7627.7344  ANGLE   =      469.0877  DIHED      =     3016.3909
 VDWAALS =    17356.5750  EEL     =  -146250.4519  HBOND      =        0.0000
 1-4 VDW =      892.2525  1-4 EEL =    11441.0545  RESTRAINT  =       21.4151
 EAMBER  =  -105447.3567


   NSTEP       ENERGY          RMS            GMAX         NAME    NUMBER
   5800      -1.0543E+05     2.9623E-02     2.0741E+00     CD        860

 BOND    =     7627.9128  ANGLE   =      469.1095  DIHED      =     3016.3957
 VDWAALS =    17357.1362  EEL     =  -146252.4990  HBOND      =        0.0000
 1-4 VDW =      892.2489  1-4 EEL =    11441.0715  RESTRAINT  =       21.4223
 EAMBER  =  -105448.6244


   NSTEP       ENERGY          RMS            GMAX         NAME    NUMBER
   5850      -1.0543E+05     2.0020E-02     9.1782E-01     CD        860

 BOND    =     7628.1217  ANGLE   =      469.1024  DIHED      =     3016.4058
 VDWAALS =    17357.7427  EEL     =  -146254.4235  HBOND      =        0.0000
 1-4 VDW =      892.2530  1-4 EEL =    11441.0794  RESTRAINT  =       21.4321
 EAMBER  =  -105449.7185


   NSTEP       ENERGY          RMS            GMAX         NAME    NUMBER
   5900      -1.0543E+05     2.5758E-02     3.1594E+00     CD        860

 BOND    =     7628.3140  ANGLE   =      469.1128  DIHED      =     3016.4117
 VDWAALS =    17358.3515  EEL     =  -146256.2344  HBOND      =        0.0000
 1-4 VDW =      892.2499  1-4 EEL =    11441.0942  RESTRAINT  =       21.4383
 EAMBER  =  -105450.7002


   NSTEP       ENERGY          RMS            GMAX         NAME    NUMBER
   5950      -1.0543E+05     6.3494E-02     1.0471E+01     CD        860

 BOND    =     7628.5867  ANGLE   =      469.1322  DIHED      =     3016.4185
 VDWAALS =    17358.9671  EEL     =  -146258.0530  HBOND      =        0.0000
 1-4 VDW =      892.2421  1-4 EEL =    11441.1081  RESTRAINT  =       21.4445
 EAMBER  =  -105451.5984


   NSTEP       ENERGY          RMS            GMAX         NAME    NUMBER
   6000      -1.0543E+05     1.9839E-02     1.2254E+00     CD        860

 BOND    =     7628.6160  ANGLE   =      469.1240  DIHED      =     3016.4214
 VDWAALS =    17359.5431  EEL     =  -146259.6171  HBOND      =        0.0000
 1-4 VDW =      892.2523  1-4 EEL =    11441.1224  RESTRAINT  =       21.4521
 EAMBER  =  -105452.5379


   NSTEP       ENERGY          RMS            GMAX         NAME    NUMBER
   6050      -1.0543E+05     5.7176E-02     7.2430E+00     C         923

 BOND    =     7628.7570  ANGLE   =      469.0613  DIHED      =     3016.4245
 VDWAALS =    17360.1336  EEL     =  -146261.2413  HBOND      =        0.0000
 1-4 VDW =      892.2740  1-4 EEL =    11441.1419  RESTRAINT  =       21.4642
 EAMBER  =  -105453.4489


   NSTEP       ENERGY          RMS            GMAX         NAME    NUMBER
   6100      -1.0543E+05     2.1268E-02     1.7978E+00     C         923

 BOND    =     7628.9938  ANGLE   =      469.1637  DIHED      =     3016.4329
 VDWAALS =    17360.7386  EEL     =  -146263.1142  HBOND      =        0.0000
 1-4 VDW =      892.2426  1-4 EEL =    11441.1519  RESTRAINT  =       21.4650
 EAMBER  =  -105454.3906


   NSTEP       ENERGY          RMS            GMAX         NAME    NUMBER
   6150      -1.0543E+05     3.3652E-02     4.0781E+00     C         923

 BOND    =     7629.1821  ANGLE   =      469.1837  DIHED      =     3016.4382
 VDWAALS =    17361.3345  EEL     =  -146264.9044  HBOND      =        0.0000
 1-4 VDW =      892.2383  1-4 EEL =    11441.1692  RESTRAINT  =       21.4724
 EAMBER  =  -105455.3585


   NSTEP       ENERGY          RMS            GMAX         NAME    NUMBER
   6200      -1.0543E+05     6.4935E-02     6.1415E+00     C         923

 BOND    =     7629.3708  ANGLE   =      469.1946  DIHED      =     3016.4438
 VDWAALS =    17361.9111  EEL     =  -146266.6043  HBOND      =        0.0000
 1-4 VDW =      892.2373  1-4 EEL =    11441.1887  RESTRAINT  =       21.4804
 EAMBER  =  -105456.2580


   NSTEP       ENERGY          RMS            GMAX         NAME    NUMBER
   6250      -1.0544E+05     1.9954E-02     7.4238E-01     H1       5626

 BOND    =     7629.5341  ANGLE   =      469.1662  DIHED      =     3016.4482
 VDWAALS =    17362.4718  EEL     =  -146268.3255  HBOND      =        0.0000
 1-4 VDW =      892.2438  1-4 EEL =    11441.2063  RESTRAINT  =       21.4860
 EAMBER  =  -105457.2551


   NSTEP       ENERGY          RMS            GMAX         NAME    NUMBER
   6300      -1.0544E+05     5.8235E-02     2.8108E+00     H1       7174

 BOND    =     7629.7173  ANGLE   =      469.1676  DIHED      =     3016.4536
 VDWAALS =    17363.0420  EEL     =  -146269.9685  HBOND      =        0.0000
 1-4 VDW =      892.2425  1-4 EEL =    11441.2252  RESTRAINT  =       21.4930
 EAMBER  =  -105458.1203


   NSTEP       ENERGY          RMS            GMAX         NAME    NUMBER
   6350      -1.0544E+05     2.0510E-02     5.5234E-01     H1       7174

 BOND    =     7629.9217  ANGLE   =      469.1818  DIHED      =     3016.4587
 VDWAALS =    17363.5994  EEL     =  -146271.6999  HBOND      =        0.0000
 1-4 VDW =      892.2404  1-4 EEL =    11441.2459  RESTRAINT  =       21.4998
 EAMBER  =  -105459.0518


   NSTEP       ENERGY          RMS            GMAX         NAME    NUMBER
   6400      -1.0544E+05     4.5100E-02     1.7966E+00     H1       7174

 BOND    =     7630.2098  ANGLE   =      469.1937  DIHED      =     3016.4640
 VDWAALS =    17364.1628  EEL     =  -146273.5217  HBOND      =        0.0000
 1-4 VDW =      892.2379  1-4 EEL =    11441.2647  RESTRAINT  =       21.5065
 EAMBER  =  -105459.9887


   NSTEP       ENERGY          RMS            GMAX         NAME    NUMBER
   6450      -1.0544E+05     1.9588E-02     5.3487E-01     H1      22606

 BOND    =     7630.2604  ANGLE   =      469.1903  DIHED      =     3016.4701
 VDWAALS =    17364.7158  EEL     =  -146275.1025  HBOND      =        0.0000
 1-4 VDW =      892.2362  1-4 EEL =    11441.2902  RESTRAINT  =       21.5142
 EAMBER  =  -105460.9395


   NSTEP       ENERGY          RMS            GMAX         NAME    NUMBER
   6500      -1.0544E+05     1.9547E-02     5.1019E-01     H1      22606

 BOND    =     7630.4542  ANGLE   =      469.1955  DIHED      =     3016.4758
 VDWAALS =    17365.2466  EEL     =  -146276.8233  HBOND      =        0.0000
 1-4 VDW =      892.2339  1-4 EEL =    11441.3135  RESTRAINT  =       21.5215
 EAMBER  =  -105461.9038


   NSTEP       ENERGY          RMS            GMAX         NAME    NUMBER
   6550      -1.0544E+05     5.0809E-02     3.5031E+00     C        2983

 BOND    =     7630.6669  ANGLE   =      469.2015  DIHED      =     3016.4876
 VDWAALS =    17365.7622  EEL     =  -146278.4866  HBOND      =        0.0000
 1-4 VDW =      892.2363  1-4 EEL =    11441.3387  RESTRAINT  =       21.5361
 EAMBER  =  -105462.7934


   NSTEP       ENERGY          RMS            GMAX         NAME    NUMBER
   6600      -1.0544E+05     1.8056E-02     6.7382E-01     H2      10052

 BOND    =     7630.8540  ANGLE   =      469.2099  DIHED      =     3016.4851
 VDWAALS =    17366.2611  EEL     =  -146280.1585  HBOND      =        0.0000
 1-4 VDW =      892.2267  1-4 EEL =    11441.3583  RESTRAINT  =       21.5346
 EAMBER  =  -105463.7634


   NSTEP       ENERGY          RMS            GMAX         NAME    NUMBER
   6650      -1.0544E+05     4.4483E-02     2.9720E+00     C         923

 BOND    =     7631.0945  ANGLE   =      469.2197  DIHED      =     3016.4855
 VDWAALS =    17366.7461  EEL     =  -146281.8522  HBOND      =        0.0000
 1-4 VDW =      892.2179  1-4 EEL =    11441.3874  RESTRAINT  =       21.5401
 EAMBER  =  -105464.7012


   NSTEP       ENERGY          RMS            GMAX         NAME    NUMBER
   6700      -1.0544E+05     2.0001E-02     9.6163E-01     H2      10052

 BOND    =     7631.2308  ANGLE   =      469.2173  DIHED      =     3016.4982
 VDWAALS =    17367.1848  EEL     =  -146283.4462  HBOND      =        0.0000
 1-4 VDW =      892.2222  1-4 EEL =    11441.4049  RESTRAINT  =       21.5504
 EAMBER  =  -105465.6879


   NSTEP       ENERGY          RMS            GMAX         NAME    NUMBER
   6750      -1.0545E+05     4.2157E-02     5.1606E+00     CD        860

 BOND    =     7631.3954  ANGLE   =      469.2294  DIHED      =     3016.5049
 VDWAALS =    17367.6060  EEL     =  -146285.1231  HBOND      =        0.0000
 1-4 VDW =      892.2211  1-4 EEL =    11441.4276  RESTRAINT  =       21.5592
 EAMBER  =  -105466.7386


   NSTEP       ENERGY          RMS            GMAX         NAME    NUMBER
   6800      -1.0545E+05     6.3106E-02     6.5869E+00     CD        860

 BOND    =     7631.5758  ANGLE   =      469.2392  DIHED      =     3016.5136
 VDWAALS =    17367.9764  EEL     =  -146286.6760  HBOND      =        0.0000
 1-4 VDW =      892.2195  1-4 EEL =    11441.4484  RESTRAINT  =       21.5711
 EAMBER  =  -105467.7031


   NSTEP       ENERGY          RMS            GMAX         NAME    NUMBER
   6850      -1.0545E+05     8.5915E-02     9.1349E+00     CD        860

 BOND    =     7631.7656  ANGLE   =      469.2479  DIHED      =     3016.5211
 VDWAALS =    17368.3458  EEL     =  -146288.3150  HBOND      =        0.0000
 1-4 VDW =      892.2199  1-4 EEL =    11441.4739  RESTRAINT  =       21.5816
 EAMBER  =  -105468.7408


   NSTEP       ENERGY          RMS            GMAX         NAME    NUMBER
   6900      -1.0545E+05     4.9234E-02     3.9032E+00     CD        860

 BOND    =     7631.9914  ANGLE   =      469.2511  DIHED      =     3016.5106
 VDWAALS =    17368.7222  EEL     =  -146290.1081  HBOND      =        0.0000
 1-4 VDW =      892.2003  1-4 EEL =    11441.5079  RESTRAINT  =       21.5757
 EAMBER  =  -105469.9247


   NSTEP       ENERGY          RMS            GMAX         NAME    NUMBER
   6950      -1.0545E+05     7.2194E-02     9.0702E+00     CD        860

 BOND    =     7632.3142  ANGLE   =      469.2377  DIHED      =     3016.5163
 VDWAALS =    17369.1060  EEL     =  -146292.0442  HBOND      =        0.0000
 1-4 VDW =      892.1929  1-4 EEL =    11441.5353  RESTRAINT  =       21.5829
 EAMBER  =  -105471.1418


   NSTEP       ENERGY          RMS            GMAX         NAME    NUMBER
   7000      -1.0545E+05     3.5835E-02     2.4890E+00     C         923

 BOND    =     7632.3920  ANGLE   =      469.2367  DIHED      =     3016.5327
 VDWAALS =    17369.4832  EEL     =  -146293.8725  HBOND      =        0.0000
 1-4 VDW =      892.2008  1-4 EEL =    11441.5528  RESTRAINT  =       21.5952
 EAMBER  =  -105472.4744


   NSTEP       ENERGY          RMS            GMAX         NAME    NUMBER
   7050      -1.0545E+05     5.8373E-02     4.8773E+00     C         923

 BOND    =     7632.6185  ANGLE   =      469.2421  DIHED      =     3016.5421
 VDWAALS =    17369.9000  EEL     =  -146295.7849  HBOND      =        0.0000
 1-4 VDW =      892.1999  1-4 EEL =    11441.5773  RESTRAINT  =       21.6052
 EAMBER  =  -105473.7050


   NSTEP       ENERGY          RMS            GMAX         NAME    NUMBER
   7100      -1.0545E+05     2.1118E-02     1.4533E+00     H2      10052

 BOND    =     7632.8179  ANGLE   =      469.2431  DIHED      =     3016.5377
 VDWAALS =    17370.3075  EEL     =  -146297.6080  HBOND      =        0.0000
 1-4 VDW =      892.1861  1-4 EEL =    11441.6100  RESTRAINT  =       21.6061
 EAMBER  =  -105474.9057


   NSTEP       ENERGY          RMS            GMAX         NAME    NUMBER
   7150      -1.0545E+05     5.2958E-02     4.0224E+00     C         923

 BOND    =     7633.0921  ANGLE   =      469.2491  DIHED      =     3016.5387
 VDWAALS =    17370.6966  EEL     =  -146299.4411  HBOND      =        0.0000
 1-4 VDW =      892.1752  1-4 EEL =    11441.6420  RESTRAINT  =       21.6137
 EAMBER  =  -105476.0474


   NSTEP       ENERGY          RMS            GMAX         NAME    NUMBER
   7200      -1.0546E+05     2.8241E-02     3.5723E+00     CD        860

 BOND    =     7633.2453  ANGLE   =      469.2400  DIHED      =     3016.5517
 VDWAALS =    17371.0112  EEL     =  -146301.0732  HBOND      =        0.0000
 1-4 VDW =      892.1773  1-4 EEL =    11441.6596  RESTRAINT  =       21.6202
 EAMBER  =  -105477.1881


   NSTEP       ENERGY          RMS            GMAX         NAME    NUMBER
   7250      -1.0546E+05     3.2873E-02     4.7903E+00     CD        860

 BOND    =     7633.4316  ANGLE   =      469.2406  DIHED      =     3016.5561
 VDWAALS =    17371.2696  EEL     =  -146302.5092  HBOND      =        0.0000
 1-4 VDW =      892.1713  1-4 EEL =    11441.6829  RESTRAINT  =       21.6258
 EAMBER  =  -105478.1572


   NSTEP       ENERGY          RMS            GMAX         NAME    NUMBER
   7300      -1.0546E+05     1.9633E-02     9.7671E-01     CD        860

 BOND    =     7633.5517  ANGLE   =      469.2522  DIHED      =     3016.5608
 VDWAALS =    17371.4819  EEL     =  -146303.8570  HBOND      =        0.0000
 1-4 VDW =      892.1669  1-4 EEL =    11441.7050  RESTRAINT  =       21.6318
 EAMBER  =  -105479.1386


   NSTEP       ENERGY          RMS            GMAX         NAME    NUMBER
   7350      -1.0546E+05     2.6341E-02     3.2530E+00     CD        860

 BOND    =     7633.7068  ANGLE   =      469.2594  DIHED      =     3016.5663
 VDWAALS =    17371.6769  EEL     =  -146305.2755  HBOND      =        0.0000
 1-4 VDW =      892.1616  1-4 EEL =    11441.7275  RESTRAINT  =       21.6380
 EAMBER  =  -105480.1769


   NSTEP       ENERGY          RMS            GMAX         NAME    NUMBER
   7400      -1.0546E+05     6.3360E-02     1.0636E+01     CD        860

 BOND    =     7633.8544  ANGLE   =      469.2824  DIHED      =     3016.5719
 VDWAALS =    17371.8330  EEL     =  -146306.5321  HBOND      =        0.0000
 1-4 VDW =      892.1554  1-4 EEL =    11441.7469  RESTRAINT  =       21.6440
 EAMBER  =  -105481.0881


   NSTEP       ENERGY          RMS            GMAX         NAME    NUMBER
   7450      -1.0546E+05     2.0000E-02     1.0826E+00     CD        860

 BOND    =     7634.0569  ANGLE   =      469.2519  DIHED      =     3016.5781
 VDWAALS =    17372.0095  EEL     =  -146307.8938  HBOND      =        0.0000
 1-4 VDW =      892.1515  1-4 EEL =    11441.7727  RESTRAINT  =       21.6500
 EAMBER  =  -105482.0730


   NSTEP       ENERGY          RMS            GMAX         NAME    NUMBER
   7500      -1.0546E+05     5.0989E-02     5.4417E+00     C        2983

 BOND    =     7634.2148  ANGLE   =      469.2298  DIHED      =     3016.5821
 VDWAALS =    17372.1693  EEL     =  -146309.2067  HBOND      =        0.0000
 1-4 VDW =      892.1552  1-4 EEL =    11441.8061  RESTRAINT  =       21.6574
 EAMBER  =  -105483.0495


   NSTEP       ENERGY          RMS            GMAX         NAME    NUMBER
   7550      -1.0546E+05     7.4747E-02     6.8322E+00     C        2983

 BOND    =     7634.3805  ANGLE   =      469.2440  DIHED      =     3016.5881
 VDWAALS =    17372.3429  EEL     =  -146310.5650  HBOND      =        0.0000
 1-4 VDW =      892.1512  1-4 EEL =    11441.8343  RESTRAINT  =       21.6644
 EAMBER  =  -105484.0240


   NSTEP       ENERGY          RMS            GMAX         NAME    NUMBER
   7600      -1.0546E+05     2.5832E-02     1.2302E+00     CZ         39

 BOND    =     7634.5527  ANGLE   =      469.2617  DIHED      =     3016.5986
 VDWAALS =    17372.5083  EEL     =  -146312.0681  HBOND      =        0.0000
 1-4 VDW =      892.1358  1-4 EEL =    11441.8415  RESTRAINT  =       21.6684
 EAMBER  =  -105485.1694


   NSTEP       ENERGY          RMS            GMAX         NAME    NUMBER
   7650      -1.0546E+05     6.0231E-02     5.5171E+00     CZ         39

 BOND    =     7634.8039  ANGLE   =      469.2688  DIHED      =     3016.6059
 VDWAALS =    17372.6805  EEL     =  -146313.5352  HBOND      =        0.0000
 1-4 VDW =      892.1281  1-4 EEL =    11441.8620  RESTRAINT  =       21.6749
 EAMBER  =  -105486.1860


   NSTEP       ENERGY          RMS            GMAX         NAME    NUMBER
   7700      -1.0547E+05     2.9874E-02     2.7510E+00     CZ         39

 BOND    =     7634.8235  ANGLE   =      469.2655  DIHED      =     3016.6153
 VDWAALS =    17372.8458  EEL     =  -146314.8498  HBOND      =        0.0000
 1-4 VDW =      892.1300  1-4 EEL =    11441.8929  RESTRAINT  =       21.6803
 EAMBER  =  -105487.2767


   NSTEP       ENERGY          RMS            GMAX         NAME    NUMBER
   7750      -1.0547E+05     3.1456E-02     2.8014E+00     CZ         39

 BOND    =     7634.9083  ANGLE   =      469.2695  DIHED      =     3016.6235
 VDWAALS =    17373.0244  EEL     =  -146316.1959  HBOND      =        0.0000
 1-4 VDW =      892.1267  1-4 EEL =    11441.9148  RESTRAINT  =       21.6859
 EAMBER  =  -105488.3287


   NSTEP       ENERGY          RMS            GMAX         NAME    NUMBER
   7800      -1.0547E+05     2.1337E-02     1.3691E+00     CZ         39

 BOND    =     7635.2795  ANGLE   =      469.2719  DIHED      =     3016.6331
 VDWAALS =    17373.2217  EEL     =  -146317.8614  HBOND      =        0.0000
 1-4 VDW =      892.1200  1-4 EEL =    11441.9405  RESTRAINT  =       21.6940
 EAMBER  =  -105489.3947


   NSTEP       ENERGY          RMS            GMAX         NAME    NUMBER
   7850      -1.0547E+05     2.2831E-02     2.3685E+00     CD        860

 BOND    =     7635.3916  ANGLE   =      469.2727  DIHED      =     3016.6431
 VDWAALS =    17373.4546  EEL     =  -146319.3384  HBOND      =        0.0000
 1-4 VDW =      892.1173  1-4 EEL =    11441.9640  RESTRAINT  =       21.7002
 EAMBER  =  -105490.4952


   NSTEP       ENERGY          RMS            GMAX         NAME    NUMBER
   7900      -1.0547E+05     5.7504E-02     5.1814E+00     C        1290

 BOND    =     7635.5079  ANGLE   =      469.3156  DIHED      =     3016.6587
 VDWAALS =    17373.7073  EEL     =  -146320.7864  HBOND      =        0.0000
 1-4 VDW =      892.1142  1-4 EEL =    11442.0055  RESTRAINT  =       21.7175
 EAMBER  =  -105491.4772


   NSTEP       ENERGY          RMS            GMAX         NAME    NUMBER
   7950      -1.0547E+05     3.0668E-02     2.4490E+00     C        1290

 BOND    =     7635.7455  ANGLE   =      469.2675  DIHED      =     3016.6596
 VDWAALS =    17373.9503  EEL     =  -146322.1855  HBOND      =        0.0000
 1-4 VDW =      892.1144  1-4 EEL =    11441.9959  RESTRAINT  =       21.7073
 EAMBER  =  -105492.4523


   NSTEP       ENERGY          RMS            GMAX         NAME    NUMBER
   8000      -1.0547E+05     4.9642E-02     4.3332E+00     C        1290

 BOND    =     7635.9442  ANGLE   =      469.2646  DIHED      =     3016.6676
 VDWAALS =    17374.2527  EEL     =  -146323.7389  HBOND      =        0.0000
 1-4 VDW =      892.1139  1-4 EEL =    11442.0100  RESTRAINT  =       21.7107
 EAMBER  =  -105493.4860


   NSTEP       ENERGY          RMS            GMAX         NAME    NUMBER
   8050      -1.0547E+05     2.3280E-02     1.4887E+00     CD       1962

 BOND    =     7636.0512  ANGLE   =      469.2914  DIHED      =     3016.6847
 VDWAALS =    17374.5961  EEL     =  -146325.2521  HBOND      =        0.0000
 1-4 VDW =      892.1103  1-4 EEL =    11442.0507  RESTRAINT  =       21.7243
 EAMBER  =  -105494.4676


   NSTEP       ENERGY          RMS            GMAX         NAME    NUMBER
   8100      -1.0547E+05     4.3549E-02     3.5910E+00     C        1290

 BOND    =     7636.2167  ANGLE   =      469.3094  DIHED      =     3016.6989
 VDWAALS =    17374.9588  EEL     =  -146326.7748  HBOND      =        0.0000
 1-4 VDW =      892.1086  1-4 EEL =    11442.0802  RESTRAINT  =       21.7358
 EAMBER  =  -105495.4021


   NSTEP       ENERGY          RMS            GMAX         NAME    NUMBER
   8150      -1.0547E+05     5.9613E-02     5.1734E+00     C        1290

 BOND    =     7636.3951  ANGLE   =      469.3238  DIHED      =     3016.7118
 VDWAALS =    17375.3306  EEL     =  -146328.3255  HBOND      =        0.0000
 1-4 VDW =      892.1038  1-4 EEL =    11442.1099  RESTRAINT  =       21.7456
 EAMBER  =  -105496.3506


   NSTEP       ENERGY          RMS            GMAX         NAME    NUMBER
   8200      -1.0548E+05     2.5165E-02     1.6560E+00     C        1290

 BOND    =     7636.5905  ANGLE   =      469.2881  DIHED      =     3016.7166
 VDWAALS =    17375.6913  EEL     =  -146329.7831  HBOND      =        0.0000
 1-4 VDW =      892.1090  1-4 EEL =    11442.1000  RESTRAINT  =       21.7360
 EAMBER  =  -105497.2875


   NSTEP       ENERGY          RMS            GMAX         NAME    NUMBER
   8250      -1.0548E+05     5.1422E-02     4.7885E+00     C        1290

 BOND    =     7636.8057  ANGLE   =      469.2855  DIHED      =     3016.7259
 VDWAALS =    17376.0628  EEL     =  -146331.2790  HBOND      =        0.0000
 1-4 VDW =      892.1128  1-4 EEL =    11442.1046  RESTRAINT  =       21.7375
 EAMBER  =  -105498.1816


   NSTEP       ENERGY          RMS            GMAX         NAME    NUMBER
   8300      -1.0548E+05     1.8871E-02     8.5269E-01     C        1290

 BOND    =     7636.9190  ANGLE   =      469.3060  DIHED      =     3016.7434
 VDWAALS =    17376.4570  EEL     =  -146332.8205  HBOND      =        0.0000
 1-4 VDW =      892.1090  1-4 EEL =    11442.1451  RESTRAINT  =       21.7509
 EAMBER  =  -105499.1410


   NSTEP       ENERGY          RMS            GMAX         NAME    NUMBER
   8350      -1.0548E+05     4.5030E-02     4.0871E+00     C        1290

 BOND    =     7637.0876  ANGLE   =      469.3266  DIHED      =     3016.7583
 VDWAALS =    17376.8304  EEL     =  -146334.2853  HBOND      =        0.0000
 1-4 VDW =      892.1077  1-4 EEL =    11442.1747  RESTRAINT  =       21.7635
 EAMBER  =  -105500.0001


   NSTEP       ENERGY          RMS            GMAX         NAME    NUMBER
   8400      -1.0548E+05     7.8336E-02     7.0147E+00     C        1290

 BOND    =     7637.3242  ANGLE   =      469.3437  DIHED      =     3016.7727
 VDWAALS =    17377.2157  EEL     =  -146335.8353  HBOND      =        0.0000
 1-4 VDW =      892.1048  1-4 EEL =    11442.2029  RESTRAINT  =       21.7767
 EAMBER  =  -105500.8713


   NSTEP       ENERGY          RMS            GMAX         NAME    NUMBER
   8450      -1.0548E+05     4.0224E-02     4.1236E+00     CD        860

 BOND    =     7637.5036  ANGLE   =      469.2963  DIHED      =     3016.7793
 VDWAALS =    17377.5278  EEL     =  -146337.1797  HBOND      =        0.0000
 1-4 VDW =      892.1165  1-4 EEL =    11442.1781  RESTRAINT  =       21.7605
 EAMBER  =  -105501.7780


   NSTEP       ENERGY          RMS            GMAX         NAME    NUMBER
   8500      -1.0548E+05     5.3603E-02     5.0480E+00     C        1290

 BOND    =     7637.6685  ANGLE   =      469.3028  DIHED      =     3016.7910
 VDWAALS =    17377.8271  EEL     =  -146338.5532  HBOND      =        0.0000
 1-4 VDW =      892.1227  1-4 EEL =    11442.1831  RESTRAINT  =       21.7632
 EAMBER  =  -105502.6581


   NSTEP       ENERGY          RMS            GMAX         NAME    NUMBER
   8550      -1.0548E+05     1.9095E-02     8.7944E-01     C        1290

 BOND    =     7637.7863  ANGLE   =      469.3185  DIHED      =     3016.8076
 VDWAALS =    17378.1213  EEL     =  -146339.9423  HBOND      =        0.0000
 1-4 VDW =      892.1187  1-4 EEL =    11442.2201  RESTRAINT  =       21.7761
 EAMBER  =  -105503.5698


   NSTEP       ENERGY          RMS            GMAX         NAME    NUMBER
   8600      -1.0548E+05     5.1510E-02     4.6053E+00     C        1290

 BOND    =     7637.9782  ANGLE   =      469.3378  DIHED      =     3016.8236
 VDWAALS =    17378.3847  EEL     =  -146341.3343  HBOND      =        0.0000
 1-4 VDW =      892.1171  1-4 EEL =    11442.2496  RESTRAINT  =       21.7901
 EAMBER  =  -105504.4432


   NSTEP       ENERGY          RMS            GMAX         NAME    NUMBER
   8650      -1.0548E+05     1.7928E-02     1.0615E+00     H2      14960

 BOND    =     7638.1390  ANGLE   =      469.3163  DIHED      =     3016.8331
 VDWAALS =    17378.5617  EEL     =  -146342.5683  HBOND      =        0.0000
 1-4 VDW =      892.1261  1-4 EEL =    11442.2393  RESTRAINT  =       21.7836
 EAMBER  =  -105505.3529


   NSTEP       ENERGY          RMS            GMAX         NAME    NUMBER
   8700      -1.0548E+05     5.0117E-02     7.7243E+00     CD        860

 BOND    =     7638.3873  ANGLE   =      469.3245  DIHED      =     3016.8469
 VDWAALS =    17378.7291  EEL     =  -146343.8791  HBOND      =        0.0000
 1-4 VDW =      892.1212  1-4 EEL =    11442.2642  RESTRAINT  =       21.7872
 EAMBER  =  -105506.2058


   NSTEP       ENERGY          RMS            GMAX         NAME    NUMBER
   8750      -1.0549E+05     6.3819E-02     3.1313E+00     C        1290

 BOND    =     7638.4447  ANGLE   =      469.3122  DIHED      =     3016.8556
 VDWAALS =    17378.7953  EEL     =  -146344.9740  HBOND      =        0.0000
 1-4 VDW =      892.1362  1-4 EEL =    11442.2498  RESTRAINT  =       21.7889
 EAMBER  =  -105507.1802


   NSTEP       ENERGY          RMS            GMAX         NAME    NUMBER
   8800      -1.0549E+05     2.8781E-02     1.9441E+00     C        1290

 BOND    =     7638.6340  ANGLE   =      469.3297  DIHED      =     3016.8747
 VDWAALS =    17378.9024  EEL     =  -146346.4581  HBOND      =        0.0000
 1-4 VDW =      892.1371  1-4 EEL =    11442.2733  RESTRAINT  =       21.8016
 EAMBER  =  -105508.3068


   NSTEP       ENERGY          RMS            GMAX         NAME    NUMBER
   8850      -1.0549E+05     2.9847E-02     2.0220E+00     C        1290

 BOND    =     7638.8013  ANGLE   =      469.3300  DIHED      =     3016.8885
 VDWAALS =    17378.9768  EEL     =  -146347.8601  HBOND      =        0.0000
 1-4 VDW =      892.1417  1-4 EEL =    11442.2802  RESTRAINT  =       21.8065
 EAMBER  =  -105509.4416


   NSTEP       ENERGY          RMS            GMAX         NAME    NUMBER
   8900      -1.0549E+05     1.9590E-02     1.4138E+00     H2      14960

 BOND    =     7638.9766  ANGLE   =      469.3159  DIHED      =     3016.8994
 VDWAALS =    17379.0528  EEL     =  -146349.2230  HBOND      =        0.0000
 1-4 VDW =      892.1477  1-4 EEL =    11442.2761  RESTRAINT  =       21.8065
 EAMBER  =  -105510.5545


   NSTEP       ENERGY          RMS            GMAX         NAME    NUMBER
   8950      -1.0549E+05     3.0328E-02     2.0467E+00     C        1290

 BOND    =     7639.1400  ANGLE   =      469.3092  DIHED      =     3016.9122
 VDWAALS =    17379.1384  EEL     =  -146350.5145  HBOND      =        0.0000
 1-4 VDW =      892.1532  1-4 EEL =    11442.2745  RESTRAINT  =       21.8088
 EAMBER  =  -105511.5872


   NSTEP       ENERGY          RMS            GMAX         NAME    NUMBER
   9000      -1.0549E+05     1.8243E-02     9.9579E-01     H2      14960

 BOND    =     7639.2335  ANGLE   =      469.3201  DIHED      =     3016.9276
 VDWAALS =    17379.2660  EEL     =  -146351.7899  HBOND      =        0.0000
 1-4 VDW =      892.1561  1-4 EEL =    11442.2859  RESTRAINT  =       21.8169
 EAMBER  =  -105512.6006


   NSTEP       ENERGY          RMS            GMAX         NAME    NUMBER
   9050      -1.0549E+05     1.8701E-02     7.9578E-01     H2      14960

 BOND    =     7639.3573  ANGLE   =      469.3212  DIHED      =     3016.9419
 VDWAALS =    17379.4307  EEL     =  -146353.1240  HBOND      =        0.0000
 1-4 VDW =      892.1598  1-4 EEL =    11442.2895  RESTRAINT  =       21.8219
 EAMBER  =  -105513.6234


   NSTEP       ENERGY          RMS            GMAX         NAME    NUMBER
   9100      -1.0549E+05     1.7970E-02     6.3099E-01     H2      14960

 BOND    =     7639.4859  ANGLE   =      469.3181  DIHED      =     3016.9561
 VDWAALS =    17379.6430  EEL     =  -146354.4325  HBOND      =        0.0000
 1-4 VDW =      892.1647  1-4 EEL =    11442.2886  RESTRAINT  =       21.8251
 EAMBER  =  -105514.5761


   NSTEP       ENERGY          RMS            GMAX         NAME    NUMBER
   9150      -1.0549E+05     1.7534E-02     5.4438E-01     H2      17489

 BOND    =     7639.6114  ANGLE   =      469.3193  DIHED      =     3016.9712
 VDWAALS =    17379.8878  EEL     =  -146355.7613  HBOND      =        0.0000
 1-4 VDW =      892.1682  1-4 EEL =    11442.2915  RESTRAINT  =       21.8298
 EAMBER  =  -105515.5119


   NSTEP       ENERGY          RMS            GMAX         NAME    NUMBER
   9200      -1.0549E+05     4.9376E-02     4.1495E+00     C        1290

 BOND    =     7639.7845  ANGLE   =      469.3124  DIHED      =     3016.9844
 VDWAALS =    17380.1586  EEL     =  -146357.0904  HBOND      =        0.0000
 1-4 VDW =      892.1756  1-4 EEL =    11442.2815  RESTRAINT  =       21.8307
 EAMBER  =  -105516.3935


   NSTEP       ENERGY          RMS            GMAX         NAME    NUMBER
   9250      -1.0550E+05     2.0398E-02     1.1098E+00     C        1290

 BOND    =     7639.8707  ANGLE   =      469.3271  DIHED      =     3017.0039
 VDWAALS =    17380.4643  EEL     =  -146358.4352  HBOND      =        0.0000
 1-4 VDW =      892.1734  1-4 EEL =    11442.3054  RESTRAINT  =       21.8417
 EAMBER  =  -105517.2903


   NSTEP       ENERGY          RMS            GMAX         NAME    NUMBER
   9300      -1.0550E+05     4.0134E-02     3.2616E+00     C        1290

 BOND    =     7639.9997  ANGLE   =      469.3416  DIHED      =     3017.0214
 VDWAALS =    17380.7637  EEL     =  -146359.7471  HBOND      =        0.0000
 1-4 VDW =      892.1748  1-4 EEL =    11442.3191  RESTRAINT  =       21.8507
 EAMBER  =  -105518.1266


   NSTEP       ENERGY          RMS            GMAX         NAME    NUMBER
   9350      -1.0550E+05     1.7345E-02     5.8853E-01     C        1290

 BOND    =     7640.1535  ANGLE   =      469.3199  DIHED      =     3017.0348
 VDWAALS =    17381.0439  EEL     =  -146361.0079  HBOND      =        0.0000
 1-4 VDW =      892.1821  1-4 EEL =    11442.3108  RESTRAINT  =       21.8481
 EAMBER  =  -105518.9630


   NSTEP       ENERGY          RMS            GMAX         NAME    NUMBER
   9400      -1.0550E+05     2.5624E-02     1.7247E+00     CD        860

 BOND    =     7640.2885  ANGLE   =      469.3211  DIHED      =     3017.0512
 VDWAALS =    17381.3376  EEL     =  -146362.3223  HBOND      =        0.0000
 1-4 VDW =      892.1869  1-4 EEL =    11442.3147  RESTRAINT  =       21.8514
 EAMBER  =  -105519.8222


   NSTEP       ENERGY          RMS            GMAX         NAME    NUMBER
   9450      -1.0550E+05     5.5995E-02     4.7129E+00     CD        860

 BOND    =     7640.5194  ANGLE   =      469.3047  DIHED      =     3017.0681
 VDWAALS =    17381.6335  EEL     =  -146363.6679  HBOND      =        0.0000
 1-4 VDW =      892.1933  1-4 EEL =    11442.3120  RESTRAINT  =       21.8543
 EAMBER  =  -105520.6370


   NSTEP       ENERGY          RMS            GMAX         NAME    NUMBER
   9500      -1.0550E+05     7.0359E-02     5.8650E+00     C        1290

 BOND    =     7640.6259  ANGLE   =      469.3184  DIHED      =     3017.0833
 VDWAALS =    17381.8982  EEL     =  -146364.8771  HBOND      =        0.0000
 1-4 VDW =      892.2005  1-4 EEL =    11442.3146  RESTRAINT  =       21.8586
 EAMBER  =  -105521.4363


   NSTEP       ENERGY          RMS            GMAX         NAME    NUMBER
   9550      -1.0550E+05     2.5476E-02     1.7043E+00     C        1290

 BOND    =     7640.7315  ANGLE   =      469.3236  DIHED      =     3017.1038
 VDWAALS =    17382.1807  EEL     =  -146366.1650  HBOND      =        0.0000
 1-4 VDW =      892.1924  1-4 EEL =    11442.3518  RESTRAINT  =       21.8707
 EAMBER  =  -105522.2811


   NSTEP       ENERGY          RMS            GMAX         NAME    NUMBER
   9600      -1.0550E+05     6.0550E-02     5.0709E+00     C        1290

 BOND    =     7640.9041  ANGLE   =      469.3404  DIHED      =     3017.1218
 VDWAALS =    17382.4578  EEL     =  -146367.4912  HBOND      =        0.0000
 1-4 VDW =      892.1902  1-4 EEL =    11442.3753  RESTRAINT  =       21.8838
 EAMBER  =  -105523.1018


   NSTEP       ENERGY          RMS            GMAX         NAME    NUMBER
   9650      -1.0550E+05     2.6574E-02     1.8500E+00     C        1290

 BOND    =     7641.0347  ANGLE   =      469.3109  DIHED      =     3017.1389
 VDWAALS =    17382.6845  EEL     =  -146368.6912  HBOND      =        0.0000
 1-4 VDW =      892.2048  1-4 EEL =    11442.3593  RESTRAINT  =       21.8751
 EAMBER  =  -105523.9582


   NSTEP       ENERGY          RMS            GMAX         NAME    NUMBER
   9700      -1.0550E+05     6.0858E-02     5.8963E+00     CD        860

 BOND    =     7641.2490  ANGLE   =      469.3030  DIHED      =     3017.1568
 VDWAALS =    17382.9113  EEL     =  -146369.9789  HBOND      =        0.0000
 1-4 VDW =      892.2111  1-4 EEL =    11442.3621  RESTRAINT  =       21.8781
 EAMBER  =  -105524.7855


   NSTEP       ENERGY          RMS            GMAX         NAME    NUMBER
   9750      -1.0550E+05     1.7157E-02     5.0901E-01     H1      16825

 BOND    =     7641.2990  ANGLE   =      469.3144  DIHED      =     3017.1741
 VDWAALS =    17383.1001  EEL     =  -146371.1444  HBOND      =        0.0000
 1-4 VDW =      892.2065  1-4 EEL =    11442.3900  RESTRAINT  =       21.8877
 EAMBER  =  -105525.6603


   NSTEP       ENERGY          RMS            GMAX         NAME    NUMBER
   9800      -1.0550E+05     1.7123E-02     5.2387E-01     O       12534

 BOND    =     7641.4419  ANGLE   =      469.3101  DIHED      =     3017.1923
 VDWAALS =    17383.2696  EEL     =  -146372.3535  HBOND      =        0.0000
 1-4 VDW =      892.2101  1-4 EEL =    11442.3991  RESTRAINT  =       21.8914
 EAMBER  =  -105526.5304


   NSTEP       ENERGY          RMS            GMAX         NAME    NUMBER
   9850      -1.0551E+05     7.8079E-02     1.3591E+01     CD        860

 BOND    =     7641.5191  ANGLE   =      469.3345  DIHED      =     3017.2076
 VDWAALS =    17383.3830  EEL     =  -146373.3487  HBOND      =        0.0000
 1-4 VDW =      892.2137  1-4 EEL =    11442.4071  RESTRAINT  =       21.8967
 EAMBER  =  -105527.2838


   NSTEP       ENERGY          RMS            GMAX         NAME    NUMBER
   9900      -1.0551E+05     4.5412E-02     7.4625E+00     CD        860

 BOND    =     7641.7536  ANGLE   =      469.3020  DIHED      =     3017.2258
 VDWAALS =    17383.5365  EEL     =  -146374.6065  HBOND      =        0.0000
 1-4 VDW =      892.2113  1-4 EEL =    11442.4262  RESTRAINT  =       21.8998
 EAMBER  =  -105528.1513


   NSTEP       ENERGY          RMS            GMAX         NAME    NUMBER
   9950      -1.0551E+05     6.6374E-02     1.0926E+01     CD        860

 BOND    =     7641.9223  ANGLE   =      469.3070  DIHED      =     3017.2412
 VDWAALS =    17383.6532  EEL     =  -146375.7103  HBOND      =        0.0000
 1-4 VDW =      892.2089  1-4 EEL =    11442.4516  RESTRAINT  =       21.9019
 EAMBER  =  -105528.9261


   NSTEP       ENERGY          RMS            GMAX         NAME    NUMBER
  10000      -1.0551E+05     2.0268E-02     1.2794E+00     CD        860

 BOND    =     7641.9151  ANGLE   =      469.3038  DIHED      =     3017.2598
 VDWAALS =    17383.7087  EEL     =  -146376.6824  HBOND      =        0.0000
 1-4 VDW =      892.2175  1-4 EEL =    11442.4368  RESTRAINT  =       21.9103
 EAMBER  =  -105529.8407


  Maximum number of minimization cycles reached.


                    FINAL RESULTS



   NSTEP       ENERGY          RMS            GMAX         NAME    NUMBER
  10000      -1.0551E+05     2.0268E-02     1.2794E+00     CD        860

 BOND    =     7641.9151  ANGLE   =      469.3038  DIHED      =     3017.2598
 VDWAALS =    17383.7087  EEL     =  -146376.6824  HBOND      =        0.0000
 1-4 VDW =      892.2175  1-4 EEL =    11442.4368  RESTRAINT  =       21.9103
 EAMBER  =  -105529.8407
--------------------------------------------------------------------------------
   5.  TIMINGS
--------------------------------------------------------------------------------

|  NonSetup CPU Time in Major Routines:
|
|     Routine           Sec        %
|     ------------------------------
|     Nonbond          19.67   63.14
|     Bond              0.00    0.00
|     Angle             0.00    0.00
|     Dihedral          0.00    0.00
|     Shake             0.00    0.00
|     Other            11.48   36.86
|     ------------------------------
|     Total            31.16

|  PME Nonbond Pairlist CPU Time:
|
|     Routine              Sec        %
|     ---------------------------------
|     Set Up Cit           0.00    0.00
|     Build List           0.00    0.00
|     ---------------------------------
|     Total                0.00    0.00

|  PME Direct Force CPU Time:
|
|     Routine              Sec        %
|     ---------------------------------
|     NonBonded Calc       0.00    0.00
|     Exclude Masked       0.00    0.00
|     Other                0.02    0.07
|     ---------------------------------
|     Total                0.02    0.07

|  PME Reciprocal Force CPU Time:
|
|     Routine              Sec        %
|     ---------------------------------
|     1D bspline           0.00    0.00
|     Grid Charges         0.00    0.00
|     Scalar Sum           0.00    0.00
|     Gradient Sum         0.00    0.00
|     FFT                  0.00    0.00
|     ---------------------------------
|     Total                0.00    0.00

|  Setup CPU time:            0.66 seconds
|  NonSetup CPU time:        31.16 seconds
|  Total CPU time:           31.81 seconds     0.01 hours

|  Setup wall time:           1    seconds
|  NonSetup wall time:       31    seconds
|  Total wall time:          32    seconds     0.01 hours
