
          -------------------------------------------------------
          Amber 18 PMEMD                              2018
          -------------------------------------------------------

| PMEMD implementation of SANDER, Release 18

| Run on 01/29/2019 at 16:58:38

|   Executable path: /opt/software/Amber/18-foss-2018a/bin/pmemd.cuda
| Working directory: /mnt/home/songlin3/top_CdNi/Ni/keepCD2000/freemd
|          Hostname: lac-345

  [-O]verwriting output

File Assignments:
|   MDIN: min5.in                                                               
|  MDOUT: min5.out                                                              
| INPCRD: min4.rst                                                              
|   PARM: glx_1264.prmtop                                                       
| RESTRT: min5.rst                                                              
|   REFC: min4.rst                                                              
|  MDVEL: mdvel                                                                 
|   MDEN: mden                                                                  
|  MDCRD: min5.netcdf                                                           
| MDINFO: min5.mdinfo                                                           
|  MDFRC: mdfrc                                                                 


 Here is the input file:

minimize structure the whole structure                                         
 &cntrl                                                                        
  imin=1,maxcyc=10000, ncyc=20000,                                             
  ntb=1, cut=10, ntwx=2000, ioutfm=1, iwrap=1,                                 
 /                                                                             
 &ewald                                                                        
 /                                                                             


Note: ig = -1. Setting random seed to   549369 based on wallclock time in 
      microseconds.
| irandom = 1, using AMBER's internal random number generator (default).
 
|--------------------- INFORMATION ----------------------
| GPU (CUDA) Version of PMEMD in use: NVIDIA GPU IN USE.
|                    Version 18.0.0
| 
|                      03/25/2018
| 
| Implementation by:
|                    Ross C. Walker     (SDSC)
|                    Scott Le Grand     (nVIDIA)
| 
| Version 18 performance extensions by:
|                    David Cerutti     (Rutgers)
| 
| Precision model in use:
|      [SPFP] - Single Precision Forces, 64-bit Fixed Point
|               Accumulation. (Default)
| 
|--------------------------------------------------------
 
|----------------- CITATION INFORMATION -----------------
|
|    When publishing work that utilized the CUDA version
|    of AMBER, please cite the following in addition to
|    the regular AMBER citations:
|
|  - Romelia Salomon-Ferrer; Andreas W. Goetz; Duncan
|    Poole; Scott Le Grand; Ross C. Walker "Routine
|    microsecond molecular dynamics simulations with
|    AMBER - Part II: Particle Mesh Ewald", J. Chem.
|    Theory Comput., 2013, 9 (9), pp3878-3888,
|    DOI: 10.1021/ct400314y.
|
|  - Andreas W. Goetz; Mark J. Williamson; Dong Xu;
|    Duncan Poole; Scott Le Grand; Ross C. Walker
|    "Routine microsecond molecular dynamics simulations
|    with AMBER - Part I: Generalized Born", J. Chem.
|    Theory Comput., 2012, 8 (5), pp1542-1555.
|
|  - Scott Le Grand; Andreas W. Goetz; Ross C. Walker
|    "SPFP: Speed without compromise - a mixed precision
|    model for GPU accelerated molecular dynamics
|    simulations.", Comp. Phys. Comm., 2013, 184
|    pp374-380, DOI: 10.1016/j.cpc.2012.09.022
|
|--------------------------------------------------------
 
|------------------- GPU DEVICE INFO --------------------
|
|            CUDA_VISIBLE_DEVICES: 0
|   CUDA Capable Devices Detected:      1
|           CUDA Device ID in use:      0
|                CUDA Device Name: Tesla K80
|     CUDA Device Global Mem Size:  11441 MB
| CUDA Device Num Multiprocessors:     13
|           CUDA Device Core Freq:   0.82 GHz
|
|--------------------------------------------------------
 
 
| Conditional Compilation Defines Used:
| PUBFFT
| BINTRAJ
| CUDA
| EMIL

| Largest sphere to fit in unit cell has radius =    30.123

| New format PARM file being parsed.
| Version =    1.000 Date = 01/29/19 Time = 16:51:42

| Note: 1-4 EEL scale factors are being read from the topology file.

| Note: 1-4 VDW scale factors are being read from the topology file.
| Duplicated    0 dihedrals

| Duplicated    0 dihedrals

--------------------------------------------------------------------------------
   1.  RESOURCE   USE: 
--------------------------------------------------------------------------------

 getting box info from netcdf restart file
 NATOM  =   26702 NTYPES =      18 NBONH =   24583 MBONA  =    2144
 NTHETH =    4730 MTHETA =    2896 NPHIH =    9622 MPHIA  =    9100
 NHPARM =       0 NPARM  =       0 NNB   =   53049 NRES   =    7786
 NBONA  =    2144 NTHETA =    2896 NPHIA =    9100 NUMBND =      67
 NUMANG =     150 NPTRA  =     196 NATYP =      38 NPHB   =       1
 IFBOX  =       2 NMXRS  =      24 IFCAP =       0 NEXTRA =       0
 NCOPY  =       0

| Coordinate Index Table dimensions:    11   11   11
| Direct force subcell size =     6.7078    6.7078    6.7078

     BOX TYPE: TRUNCATED OCTAHEDRON

--------------------------------------------------------------------------------
   2.  CONTROL  DATA  FOR  THE  RUN
--------------------------------------------------------------------------------

default_name                                                                    

General flags:
     imin    =       1, nmropt  =       0

Nature and format of input:
     ntx     =       1, irest   =       0, ntrx    =       1

Nature and format of output:
     ntxo    =       2, ntpr    =      50, ntrx    =       1, ntwr    =       1
     iwrap   =       1, ntwx    =    2000, ntwv    =       0, ntwe    =       0
     ioutfm  =       1, ntwprt  =       0, idecomp =       0, rbornstat=      0

Potential function:
     ntf     =       1, ntb     =       1, igb     =       0, nsnb    =      25
     ipol    =       0, gbsa    =       0, iesp    =       0
     dielc   =   1.00000, cut     =  10.00000, intdiel =   1.00000
     lj1264  =       1

Frozen or restrained atoms:
     ibelly  =       0, ntr     =       0

Energy minimization:
     maxcyc  =   10000, ncyc    =   20000, ntmin   =       1
     dx0     =   0.01000, drms    =   0.00010

| Intermolecular bonds treatment:
|     no_intermolecular_bonds =       1

| Energy averages sample interval:
|     ene_avg_sampling =       1

Ewald parameters:
     verbose =       0, ew_type =       0, nbflag  =       1, use_pme =       1
     vdwmeth =       1, eedmeth =       1, netfrc  =       0
     Box X =   73.786   Box Y =   73.786   Box Z =   73.786
     Alpha =  109.471   Beta  =  109.471   Gamma =  109.471
     NFFT1 =   80       NFFT2 =   80       NFFT3 =   80
     Cutoff=   10.000   Tol   =0.100E-04
     Ewald Coefficient =  0.27511
     Interpolation order =    4

--------------------------------------------------------------------------------
   3.  ATOMIC COORDINATES AND VELOCITIES
--------------------------------------------------------------------------------

default_name                                                                    
 begin time read from input coords =     0.000 ps

 
 Number of triangulated 3-point waters found:     7501

     Sum of charges from parm topology file =  -0.00000010
     Forcing neutrality...

| Dynamic Memory, Types Used:
| Reals              733409
| Integers          1168754

| Nonbonded Pairs Initial Allocation:     8076687

| GPU memory information (estimate):
| KB of GPU memory in use:         0
| KB of CPU memory in use:         0

--------------------------------------------------------------------------------
   4.  RESULTS
--------------------------------------------------------------------------------



   NSTEP       ENERGY          RMS            GMAX         NAME    NUMBER
      1      -1.0553E+05     4.6809E-01     1.3981E+01     O        2100

 BOND    =     7641.9151  ANGLE   =      469.3038  DIHED      =     3017.2598
 VDWAALS =    17383.7088  EEL     =  -146376.6838  HBOND      =        0.0000
 1-4 VDW =      892.2175  1-4 EEL =    11442.4368  RESTRAINT  =        0.0000


   NSTEP       ENERGY          RMS            GMAX         NAME    NUMBER
     50      -1.0562E+05     4.3053E-01     4.2942E+01     C        2680

 BOND    =     7648.4637  ANGLE   =      462.2300  DIHED      =     3007.6133
 VDWAALS =    17373.4175  EEL     =  -146346.2363  HBOND      =        0.0000
 1-4 VDW =      870.3756  1-4 EEL =    11367.6974  RESTRAINT  =        0.0000


   NSTEP       ENERGY          RMS            GMAX         NAME    NUMBER
    100      -1.0565E+05     2.7515E-01     3.7566E+01     C        2680

 BOND    =     7650.4441  ANGLE   =      463.1994  DIHED      =     3004.7898
 VDWAALS =    17373.0347  EEL     =  -146342.4128  HBOND      =        0.0000
 1-4 VDW =      863.1528  1-4 EEL =    11342.5887  RESTRAINT  =        0.0000


   NSTEP       ENERGY          RMS            GMAX         NAME    NUMBER
    150      -1.0566E+05     7.5881E-02     4.3446E+00     C        2680

 BOND    =     7652.7244  ANGLE   =      463.9152  DIHED      =     3002.5218
 VDWAALS =    17373.4011  EEL     =  -146343.5741  HBOND      =        0.0000
 1-4 VDW =      858.9392  1-4 EEL =    11327.8459  RESTRAINT  =        0.0000


   NSTEP       ENERGY          RMS            GMAX         NAME    NUMBER
    200      -1.0568E+05     2.1536E-01     3.0945E+01     C        2680

 BOND    =     7655.4130  ANGLE   =      464.7852  DIHED      =     3000.5693
 VDWAALS =    17374.0537  EEL     =  -146346.2188  HBOND      =        0.0000
 1-4 VDW =      855.9156  1-4 EEL =    11317.1643  RESTRAINT  =        0.0000


   NSTEP       ENERGY          RMS            GMAX         NAME    NUMBER
    250      -1.0569E+05     6.3261E-02     2.3865E+00     O        2074

 BOND    =     7656.5326  ANGLE   =      465.4961  DIHED      =     2998.9644
 VDWAALS =    17374.8925  EEL     =  -146349.4478  HBOND      =        0.0000
 1-4 VDW =      853.6299  1-4 EEL =    11309.0441  RESTRAINT  =        0.0000


   NSTEP       ENERGY          RMS            GMAX         NAME    NUMBER
    300      -1.0570E+05     1.8587E-01     1.4189E+01     CD        860

 BOND    =     7658.5229  ANGLE   =      466.1175  DIHED      =     2997.6066
 VDWAALS =    17375.7221  EEL     =  -146353.3838  HBOND      =        0.0000
 1-4 VDW =      851.7723  1-4 EEL =    11302.3963  RESTRAINT  =        0.0000


   NSTEP       ENERGY          RMS            GMAX         NAME    NUMBER
    350      -1.0571E+05     5.8058E-02     2.2549E+00     O        2074

 BOND    =     7659.3191  ANGLE   =      466.6476  DIHED      =     2996.5427
 VDWAALS =    17376.4935  EEL     =  -146357.2647  HBOND      =        0.0000
 1-4 VDW =      850.3134  1-4 EEL =    11297.1339  RESTRAINT  =        0.0000


   NSTEP       ENERGY          RMS            GMAX         NAME    NUMBER
    400      -1.0572E+05     1.4707E-01     9.2425E+00     CE2       735

 BOND    =     7660.7025  ANGLE   =      467.1655  DIHED      =     2995.6231
 VDWAALS =    17377.3657  EEL     =  -146361.5294  HBOND      =        0.0000
 1-4 VDW =      849.0171  1-4 EEL =    11292.4661  RESTRAINT  =        0.0000


   NSTEP       ENERGY          RMS            GMAX         NAME    NUMBER
    450      -1.0573E+05     5.0589E-02     1.8966E+00     H2       4583

 BOND    =     7661.6704  ANGLE   =      467.5493  DIHED      =     2994.8697
 VDWAALS =    17378.3356  EEL     =  -146365.9564  HBOND      =        0.0000
 1-4 VDW =      847.9184  1-4 EEL =    11288.5280  RESTRAINT  =        0.0000


   NSTEP       ENERGY          RMS            GMAX         NAME    NUMBER
    500      -1.0573E+05     1.4331E-01     1.1148E+01     CD        860

 BOND    =     7662.9141  ANGLE   =      467.9757  DIHED      =     2994.1980
 VDWAALS =    17379.4635  EEL     =  -146370.5221  HBOND      =        0.0000
 1-4 VDW =      846.9231  1-4 EEL =    11284.9556  RESTRAINT  =        0.0000


   NSTEP       ENERGY          RMS            GMAX         NAME    NUMBER
    550      -1.0574E+05     1.8652E-01     1.2366E+01     CE2       735

 BOND    =     7664.2580  ANGLE   =      468.3081  DIHED      =     2993.6191
 VDWAALS =    17380.7703  EEL     =  -146375.2305  HBOND      =        0.0000
 1-4 VDW =      846.0540  1-4 EEL =    11281.8427  RESTRAINT  =        0.0000


   NSTEP       ENERGY          RMS            GMAX         NAME    NUMBER
    600      -1.0575E+05     7.8009E-02     5.5036E+00     CD        860

 BOND    =     7664.6913  ANGLE   =      468.6197  DIHED      =     2993.0788
 VDWAALS =    17382.2107  EEL     =  -146379.7102  HBOND      =        0.0000
 1-4 VDW =      845.2748  1-4 EEL =    11278.9936  RESTRAINT  =        0.0000


   NSTEP       ENERGY          RMS            GMAX         NAME    NUMBER
    650      -1.0575E+05     1.6474E-01     1.2788E+01     CD        860

 BOND    =     7665.9762  ANGLE   =      468.8917  DIHED      =     2992.5914
 VDWAALS =    17383.8700  EEL     =  -146384.5134  HBOND      =        0.0000
 1-4 VDW =      844.5721  1-4 EEL =    11276.4185  RESTRAINT  =        0.0000


   NSTEP       ENERGY          RMS            GMAX         NAME    NUMBER
    700      -1.0576E+05     7.0066E-02     4.1029E+00     CE2       735

 BOND    =     7666.5568  ANGLE   =      469.1402  DIHED      =     2992.1378
 VDWAALS =    17385.6244  EEL     =  -146389.1834  HBOND      =        0.0000
 1-4 VDW =      843.9284  1-4 EEL =    11274.0712  RESTRAINT  =        0.0000


   NSTEP       ENERGY          RMS            GMAX         NAME    NUMBER
    750      -1.0576E+05     1.3939E-01     9.2732E+00     CE2       735

 BOND    =     7667.5648  ANGLE   =      469.4022  DIHED      =     2991.7098
 VDWAALS =    17387.4494  EEL     =  -146393.6993  HBOND      =        0.0000
 1-4 VDW =      843.3364  1-4 EEL =    11271.8804  RESTRAINT  =        0.0000


   NSTEP       ENERGY          RMS            GMAX         NAME    NUMBER
    800      -1.0577E+05     4.9310E-02     2.4242E+00     CE2       735

 BOND    =     7668.1684  ANGLE   =      469.5972  DIHED      =     2991.2990
 VDWAALS =    17389.2959  EEL     =  -146398.0631  HBOND      =        0.0000
 1-4 VDW =      842.7856  1-4 EEL =    11269.8085  RESTRAINT  =        0.0000


   NSTEP       ENERGY          RMS            GMAX         NAME    NUMBER
    850      -1.0577E+05     1.1534E-01     7.5522E+00     CD        860

 BOND    =     7669.0721  ANGLE   =      469.8044  DIHED      =     2990.9161
 VDWAALS =    17391.0567  EEL     =  -146402.2030  HBOND      =        0.0000
 1-4 VDW =      842.2761  1-4 EEL =    11267.8997  RESTRAINT  =        0.0000


   NSTEP       ENERGY          RMS            GMAX         NAME    NUMBER
    900      -1.0578E+05     3.7475E-02     1.0665E+00     CE2       735

 BOND    =     7669.5973  ANGLE   =      469.9921  DIHED      =     2990.5554
 VDWAALS =    17392.7351  EEL     =  -146406.0098  HBOND      =        0.0000
 1-4 VDW =      841.7880  1-4 EEL =    11266.1261  RESTRAINT  =        0.0000


   NSTEP       ENERGY          RMS            GMAX         NAME    NUMBER
    950      -1.0578E+05     1.1513E-01     9.8421E+00     CD       1105

 BOND    =     7670.4543  ANGLE   =      470.1861  DIHED      =     2990.1991
 VDWAALS =    17394.3879  EEL     =  -146409.8218  HBOND      =        0.0000
 1-4 VDW =      841.3075  1-4 EEL =    11264.3710  RESTRAINT  =        0.0000


   NSTEP       ENERGY          RMS            GMAX         NAME    NUMBER
   1000      -1.0578E+05     1.5767E-01     1.7634E+01     CD       1105

 BOND    =     7671.2128  ANGLE   =      470.3634  DIHED      =     2989.8766
 VDWAALS =    17395.9004  EEL     =  -146413.2111  HBOND      =        0.0000
 1-4 VDW =      840.8731  1-4 EEL =    11262.7886  RESTRAINT  =        0.0000


   NSTEP       ENERGY          RMS            GMAX         NAME    NUMBER
   1050      -1.0579E+05     9.6170E-02     9.0616E+00     CD       1105

 BOND    =     7671.4860  ANGLE   =      470.5263  DIHED      =     2989.5601
 VDWAALS =    17397.3450  EEL     =  -146416.3294  HBOND      =        0.0000
 1-4 VDW =      840.4473  1-4 EEL =    11261.2784  RESTRAINT  =        0.0000


   NSTEP       ENERGY          RMS            GMAX         NAME    NUMBER
   1100      -1.0579E+05     3.7608E-02     1.6354E+00     CE2       735

 BOND    =     7671.9747  ANGLE   =      470.6597  DIHED      =     2989.2779
 VDWAALS =    17398.7333  EEL     =  -146419.4687  HBOND      =        0.0000
 1-4 VDW =      840.0597  1-4 EEL =    11259.9007  RESTRAINT  =        0.0000


   NSTEP       ENERGY          RMS            GMAX         NAME    NUMBER
   1150      -1.0579E+05     7.4515E-02     5.2046E+00     CE2       735

 BOND    =     7672.5495  ANGLE   =      470.8092  DIHED      =     2989.0048
 VDWAALS =    17400.0688  EEL     =  -146422.4907  HBOND      =        0.0000
 1-4 VDW =      839.6838  1-4 EEL =    11258.5756  RESTRAINT  =        0.0000


   NSTEP       ENERGY          RMS            GMAX         NAME    NUMBER
   1200      -1.0579E+05     1.1039E-01     9.9049E+00     CD        860

 BOND    =     7673.0851  ANGLE   =      470.9707  DIHED      =     2988.7346
 VDWAALS =    17401.3792  EEL     =  -146425.4863  HBOND      =        0.0000
 1-4 VDW =      839.3198  1-4 EEL =    11257.2761  RESTRAINT  =        0.0000


   NSTEP       ENERGY          RMS            GMAX         NAME    NUMBER
   1250      -1.0580E+05     5.9631E-02     3.9926E+00     CE2       735

 BOND    =     7673.4733  ANGLE   =      471.0974  DIHED      =     2988.4762
 VDWAALS =    17402.6364  EEL     =  -146428.4485  HBOND      =        0.0000
 1-4 VDW =      838.9713  1-4 EEL =    11256.0489  RESTRAINT  =        0.0000


   NSTEP       ENERGY          RMS            GMAX         NAME    NUMBER
   1300      -1.0580E+05     9.3810E-02     6.9183E+00     CE2       735

 BOND    =     7673.9898  ANGLE   =      471.2388  DIHED      =     2988.2316
 VDWAALS =    17403.8367  EEL     =  -146431.3452  HBOND      =        0.0000
 1-4 VDW =      838.6441  1-4 EEL =    11254.8860  RESTRAINT  =        0.0000


   NSTEP       ENERGY          RMS            GMAX         NAME    NUMBER
   1350      -1.0580E+05     3.7585E-02     1.8647E+00     CE2       735

 BOND    =     7674.3963  ANGLE   =      471.3586  DIHED      =     2987.9884
 VDWAALS =    17405.0636  EEL     =  -146434.3834  HBOND      =        0.0000
 1-4 VDW =      838.3083  1-4 EEL =    11253.7312  RESTRAINT  =        0.0000


   NSTEP       ENERGY          RMS            GMAX         NAME    NUMBER
   1400      -1.0581E+05     8.1695E-02     6.0582E+00     CE2       735

 BOND    =     7674.9266  ANGLE   =      471.4882  DIHED      =     2987.7570
 VDWAALS =    17406.2522  EEL     =  -146437.3658  HBOND      =        0.0000
 1-4 VDW =      837.9968  1-4 EEL =    11252.6493  RESTRAINT  =        0.0000


   NSTEP       ENERGY          RMS            GMAX         NAME    NUMBER
   1450      -1.0581E+05     1.1828E-01     1.0937E+01     CD       1105

 BOND    =     7675.4490  ANGLE   =      471.6193  DIHED      =     2987.5360
 VDWAALS =    17407.3697  EEL     =  -146440.3127  HBOND      =        0.0000
 1-4 VDW =      837.7089  1-4 EEL =    11251.6243  RESTRAINT  =        0.0000


   NSTEP       ENERGY          RMS            GMAX         NAME    NUMBER
   1500      -1.0581E+05     4.2331E-02     2.2140E+00     CE2       735

 BOND    =     7675.6870  ANGLE   =      471.7457  DIHED      =     2987.3129
 VDWAALS =    17408.5063  EEL     =  -146443.2132  HBOND      =        0.0000
 1-4 VDW =      837.4234  1-4 EEL =    11250.6142  RESTRAINT  =        0.0000


   NSTEP       ENERGY          RMS            GMAX         NAME    NUMBER
   1550      -1.0581E+05     9.6311E-02     7.3579E+00     CE2       735

 BOND    =     7676.1595  ANGLE   =      471.8912  DIHED      =     2987.0984
 VDWAALS =    17409.6526  EEL     =  -146446.2235  HBOND      =        0.0000
 1-4 VDW =      837.1543  1-4 EEL =    11249.6448  RESTRAINT  =        0.0000


   NSTEP       ENERGY          RMS            GMAX         NAME    NUMBER
   1600      -1.0582E+05     3.3804E-02     1.3115E+00     CE2       735

 BOND    =     7676.5084  ANGLE   =      471.9842  DIHED      =     2986.9007
 VDWAALS =    17410.7940  EEL     =  -146449.2932  HBOND      =        0.0000
 1-4 VDW =      836.8919  1-4 EEL =    11248.7412  RESTRAINT  =        0.0000


   NSTEP       ENERGY          RMS            GMAX         NAME    NUMBER
   1650      -1.0582E+05     8.1278E-02     6.1170E+00     CE2       735

 BOND    =     7677.0237  ANGLE   =      472.1060  DIHED      =     2986.6934
 VDWAALS =    17412.0625  EEL     =  -146452.5801  HBOND      =        0.0000
 1-4 VDW =      836.6256  1-4 EEL =    11247.8052  RESTRAINT  =        0.0000


   NSTEP       ENERGY          RMS            GMAX         NAME    NUMBER
   1700      -1.0582E+05     3.6831E-02     1.8041E+00     CE2       735

 BOND    =     7677.3357  ANGLE   =      472.2406  DIHED      =     2986.4867
 VDWAALS =    17413.3084  EEL     =  -146455.7497  HBOND      =        0.0000
 1-4 VDW =      836.3802  1-4 EEL =    11246.9013  RESTRAINT  =        0.0000


   NSTEP       ENERGY          RMS            GMAX         NAME    NUMBER
   1750      -1.0583E+05     7.3362E-02     5.1313E+00     CE2       735

 BOND    =     7677.7705  ANGLE   =      472.3770  DIHED      =     2986.2881
 VDWAALS =    17414.5845  EEL     =  -146458.9475  HBOND      =        0.0000
 1-4 VDW =      836.1412  1-4 EEL =    11246.0281  RESTRAINT  =        0.0000


   NSTEP       ENERGY          RMS            GMAX         NAME    NUMBER
   1800      -1.0583E+05     1.0303E-01     7.8143E+00     CE2       735

 BOND    =     7678.1569  ANGLE   =      472.5145  DIHED      =     2986.1017
 VDWAALS =    17415.7792  EEL     =  -146461.9369  HBOND      =        0.0000
 1-4 VDW =      835.9229  1-4 EEL =    11245.2134  RESTRAINT  =        0.0000


   NSTEP       ENERGY          RMS            GMAX         NAME    NUMBER
   1850      -1.0583E+05     3.0981E-02     1.0738E+00     H1      14770

 BOND    =     7678.4730  ANGLE   =      472.5830  DIHED      =     2985.9278
 VDWAALS =    17416.9855  EEL     =  -146464.9870  HBOND      =        0.0000
 1-4 VDW =      835.7018  1-4 EEL =    11244.4381  RESTRAINT  =        0.0000


   NSTEP       ENERGY          RMS            GMAX         NAME    NUMBER
   1900      -1.0583E+05     9.3863E-02     7.2485E+00     CE2       735

 BOND    =     7678.9508  ANGLE   =      472.6891  DIHED      =     2985.7530
 VDWAALS =    17418.1515  EEL     =  -146467.9921  HBOND      =        0.0000
 1-4 VDW =      835.4864  1-4 EEL =    11243.6642  RESTRAINT  =        0.0000


   NSTEP       ENERGY          RMS            GMAX         NAME    NUMBER
   1950      -1.0584E+05     2.9504E-02     1.0915E+00     H1      14770

 BOND    =     7679.1385  ANGLE   =      472.8149  DIHED      =     2985.5771
 VDWAALS =    17419.2560  EEL     =  -146470.8090  HBOND      =        0.0000
 1-4 VDW =      835.2917  1-4 EEL =    11242.9064  RESTRAINT  =        0.0000


   NSTEP       ENERGY          RMS            GMAX         NAME    NUMBER
   2000      -1.0584E+05     8.7483E-02     1.0469E+01     CD        860

 BOND    =     7679.5936  ANGLE   =      472.9284  DIHED      =     2985.4098
 VDWAALS =    17420.3600  EEL     =  -146473.6787  HBOND      =        0.0000
 1-4 VDW =      835.0943  1-4 EEL =    11242.1583  RESTRAINT  =        0.0000


   NSTEP       ENERGY          RMS            GMAX         NAME    NUMBER
   2050      -1.0584E+05     1.2196E-01     1.4611E+01     CD        860

 BOND    =     7679.7980  ANGLE   =      473.0867  DIHED      =     2985.2461
 VDWAALS =    17421.3461  EEL     =  -146476.2064  HBOND      =        0.0000
 1-4 VDW =      834.9134  1-4 EEL =    11241.4570  RESTRAINT  =        0.0000


   NSTEP       ENERGY          RMS            GMAX         NAME    NUMBER
   2100      -1.0584E+05     6.5278E-02     4.6625E+00     CE2       735

 BOND    =     7680.1743  ANGLE   =      473.1097  DIHED      =     2985.1057
 VDWAALS =    17422.4172  EEL     =  -146479.1181  HBOND      =        0.0000
 1-4 VDW =      834.7196  1-4 EEL =    11240.7874  RESTRAINT  =        0.0000


   NSTEP       ENERGY          RMS            GMAX         NAME    NUMBER
   2150      -1.0585E+05     9.5507E-02     6.8230E+00     CE2       735

 BOND    =     7680.4731  ANGLE   =      473.2223  DIHED      =     2984.9627
 VDWAALS =    17423.4023  EEL     =  -146481.7442  HBOND      =        0.0000
 1-4 VDW =      834.5463  1-4 EEL =    11240.1314  RESTRAINT  =        0.0000


   NSTEP       ENERGY          RMS            GMAX         NAME    NUMBER
   2200      -1.0585E+05     2.8915E-02     9.4861E-01     CE2       735

 BOND    =     7680.6736  ANGLE   =      473.3209  DIHED      =     2984.8245
 VDWAALS =    17424.4150  EEL     =  -146484.3595  HBOND      =        0.0000
 1-4 VDW =      834.3821  1-4 EEL =    11239.4841  RESTRAINT  =        0.0000


   NSTEP       ENERGY          RMS            GMAX         NAME    NUMBER
   2250      -1.0585E+05     7.7940E-02     5.8754E+00     CE2       735

 BOND    =     7680.9872  ANGLE   =      473.4434  DIHED      =     2984.6889
 VDWAALS =    17425.4390  EEL     =  -146487.0160  HBOND      =        0.0000
 1-4 VDW =      834.2182  1-4 EEL =    11238.8443  RESTRAINT  =        0.0000


   NSTEP       ENERGY          RMS            GMAX         NAME    NUMBER
   2300      -1.0585E+05     3.8205E-02     2.2994E+00     CE2       735

 BOND    =     7681.2813  ANGLE   =      473.4984  DIHED      =     2984.5723
 VDWAALS =    17426.4778  EEL     =  -146489.7177  HBOND      =        0.0000
 1-4 VDW =      834.0499  1-4 EEL =    11238.2456  RESTRAINT  =        0.0000


   NSTEP       ENERGY          RMS            GMAX         NAME    NUMBER
   2350      -1.0585E+05     4.7433E-02     3.2483E+00     CD        860

 BOND    =     7681.5677  ANGLE   =      473.5956  DIHED      =     2984.4523
 VDWAALS =    17427.5224  EEL     =  -146492.3757  HBOND      =        0.0000
 1-4 VDW =      833.8856  1-4 EEL =    11237.6248  RESTRAINT  =        0.0000


   NSTEP       ENERGY          RMS            GMAX         NAME    NUMBER
   2400      -1.0586E+05     1.1918E-01     1.9029E+01     CD        860

 BOND    =     7681.8634  ANGLE   =      473.7226  DIHED      =     2984.3409
 VDWAALS =    17428.5162  EEL     =  -146494.9589  HBOND      =        0.0000
 1-4 VDW =      833.7296  1-4 EEL =    11237.0310  RESTRAINT  =        0.0000


   NSTEP       ENERGY          RMS            GMAX         NAME    NUMBER
   2450      -1.0586E+05     4.2928E-02     2.5570E+00     CE2       735

 BOND    =     7682.1235  ANGLE   =      473.7871  DIHED      =     2984.2409
 VDWAALS =    17429.4764  EEL     =  -146497.5854  HBOND      =        0.0000
 1-4 VDW =      833.5826  1-4 EEL =    11236.4646  RESTRAINT  =        0.0000


   NSTEP       ENERGY          RMS            GMAX         NAME    NUMBER
   2500      -1.0586E+05     8.4311E-02     7.9295E+00     CD        860

 BOND    =     7682.4754  ANGLE   =      473.8848  DIHED      =     2984.1442
 VDWAALS =    17430.4094  EEL     =  -146500.1103  HBOND      =        0.0000
 1-4 VDW =      833.4356  1-4 EEL =    11235.9036  RESTRAINT  =        0.0000


   NSTEP       ENERGY          RMS            GMAX         NAME    NUMBER
   2550      -1.0586E+05     1.2967E-01     1.3546E+01     CD        860

 BOND    =     7682.8713  ANGLE   =      473.9955  DIHED      =     2984.0495
 VDWAALS =    17431.3373  EEL     =  -146502.5846  HBOND      =        0.0000
 1-4 VDW =      833.2873  1-4 EEL =    11235.3364  RESTRAINT  =        0.0000


   NSTEP       ENERGY          RMS            GMAX         NAME    NUMBER
   2600      -1.0586E+05     8.2143E-02     6.7269E+00     CD        860

 BOND    =     7682.9692  ANGLE   =      474.0444  DIHED      =     2983.9634
 VDWAALS =    17432.2674  EEL     =  -146505.0705  HBOND      =        0.0000
 1-4 VDW =      833.1326  1-4 EEL =    11234.8070  RESTRAINT  =        0.0000


   NSTEP       ENERGY          RMS            GMAX         NAME    NUMBER
   2650      -1.0587E+05     3.3255E-02     1.6846E+00     CE2       735

 BOND    =     7683.1596  ANGLE   =      474.1525  DIHED      =     2983.8693
 VDWAALS =    17433.1816  EEL     =  -146507.5343  HBOND      =        0.0000
 1-4 VDW =      832.9965  1-4 EEL =    11234.2616  RESTRAINT  =        0.0000


   NSTEP       ENERGY          RMS            GMAX         NAME    NUMBER
   2700      -1.0587E+05     6.2258E-02     4.1671E+00     CE2       735

 BOND    =     7683.3989  ANGLE   =      474.2664  DIHED      =     2983.7736
 VDWAALS =    17434.0651  EEL     =  -146509.9016  HBOND      =        0.0000
 1-4 VDW =      832.8624  1-4 EEL =    11233.7376  RESTRAINT  =        0.0000


   NSTEP       ENERGY          RMS            GMAX         NAME    NUMBER
   2750      -1.0587E+05     8.9626E-02     6.6319E+00     CE2       735

 BOND    =     7683.6933  ANGLE   =      474.3746  DIHED      =     2983.6732
 VDWAALS =    17434.9529  EEL     =  -146512.1759  HBOND      =        0.0000
 1-4 VDW =      832.7295  1-4 EEL =    11233.2216  RESTRAINT  =        0.0000


   NSTEP       ENERGY          RMS            GMAX         NAME    NUMBER
   2800      -1.0587E+05     3.3812E-02     1.7814E+00     ND1      2188

 BOND    =     7683.8997  ANGLE   =      474.4179  DIHED      =     2983.5718
 VDWAALS =    17435.8766  EEL     =  -146514.5522  HBOND      =        0.0000
 1-4 VDW =      832.5894  1-4 EEL =    11232.7244  RESTRAINT  =        0.0000


   NSTEP       ENERGY          RMS            GMAX         NAME    NUMBER
   2850      -1.0587E+05     8.3048E-02     5.9043E+00     ND1      2188

 BOND    =     7684.2567  ANGLE   =      474.4972  DIHED      =     2983.4600
 VDWAALS =    17436.8171  EEL     =  -146516.9451  HBOND      =        0.0000
 1-4 VDW =      832.4562  1-4 EEL =    11232.2318  RESTRAINT  =        0.0000


   NSTEP       ENERGY          RMS            GMAX         NAME    NUMBER
   2900      -1.0588E+05     3.9716E-02     2.5251E+00     ND1      2188

 BOND    =     7684.3610  ANGLE   =      474.6385  DIHED      =     2983.3239
 VDWAALS =    17437.7724  EEL     =  -146519.1915  HBOND      =        0.0000
 1-4 VDW =      832.3364  1-4 EEL =    11231.7066  RESTRAINT  =        0.0000


   NSTEP       ENERGY          RMS            GMAX         NAME    NUMBER
   2950      -1.0588E+05     7.2086E-02     7.1827E+00     CD        860

 BOND    =     7684.6848  ANGLE   =      474.7437  DIHED      =     2983.1889
 VDWAALS =    17438.7307  EEL     =  -146521.5027  HBOND      =        0.0000
 1-4 VDW =      832.2107  1-4 EEL =    11231.2096  RESTRAINT  =        0.0000


   NSTEP       ENERGY          RMS            GMAX         NAME    NUMBER
   3000      -1.0588E+05     9.3543E-02     7.1899E+00     ND1      2188

 BOND    =     7684.8880  ANGLE   =      474.8775  DIHED      =     2983.0461
 VDWAALS =    17439.6397  EEL     =  -146523.5740  HBOND      =        0.0000
 1-4 VDW =      832.0972  1-4 EEL =    11230.7243  RESTRAINT  =        0.0000


   NSTEP       ENERGY          RMS            GMAX         NAME    NUMBER
   3050      -1.0588E+05     5.6932E-02     4.3849E+00     ND1      2188

 BOND    =     7685.1488  ANGLE   =      474.9042  DIHED      =     2982.9055
 VDWAALS =    17440.6063  EEL     =  -146525.8414  HBOND      =        0.0000
 1-4 VDW =      831.9642  1-4 EEL =    11230.2481  RESTRAINT  =        0.0000


   NSTEP       ENERGY          RMS            GMAX         NAME    NUMBER
   3100      -1.0588E+05     9.1742E-02     1.0827E+01     CD        860

 BOND    =     7685.4782  ANGLE   =      474.9908  DIHED      =     2982.7584
 VDWAALS =    17441.5289  EEL     =  -146527.9529  HBOND      =        0.0000
 1-4 VDW =      831.8488  1-4 EEL =    11229.7681  RESTRAINT  =        0.0000


   NSTEP       ENERGY          RMS            GMAX         NAME    NUMBER
   3150      -1.0588E+05     4.7812E-02     3.5418E+00     ND1      2188

 BOND    =     7685.5541  ANGLE   =      475.1544  DIHED      =     2982.5980
 VDWAALS =    17442.4262  EEL     =  -146529.9686  HBOND      =        0.0000
 1-4 VDW =      831.7375  1-4 EEL =    11229.2683  RESTRAINT  =        0.0000


   NSTEP       ENERGY          RMS            GMAX         NAME    NUMBER
   3200      -1.0588E+05     8.2020E-02     7.0567E+00     CD        860

 BOND    =     7685.7764  ANGLE   =      475.2929  DIHED      =     2982.4426
 VDWAALS =    17443.3104  EEL     =  -146531.9856  HBOND      =        0.0000
 1-4 VDW =      831.6235  1-4 EEL =    11228.7825  RESTRAINT  =        0.0000


   NSTEP       ENERGY          RMS            GMAX         NAME    NUMBER
   3250      -1.0589E+05     1.0270E-01     7.9188E+00     ND1      2188

 BOND    =     7686.0215  ANGLE   =      475.4207  DIHED      =     2982.2937
 VDWAALS =    17444.1755  EEL     =  -146533.9230  HBOND      =        0.0000
 1-4 VDW =      831.5129  1-4 EEL =    11228.3127  RESTRAINT  =        0.0000


   NSTEP       ENERGY          RMS            GMAX         NAME    NUMBER
   3300      -1.0589E+05     6.3888E-02     4.9901E+00     ND1      2188

 BOND    =     7686.2707  ANGLE   =      475.4427  DIHED      =     2982.1552
 VDWAALS =    17445.0646  EEL     =  -146536.0359  HBOND      =        0.0000
 1-4 VDW =      831.3854  1-4 EEL =    11227.8623  RESTRAINT  =        0.0000


   NSTEP       ENERGY          RMS            GMAX         NAME    NUMBER
   3350      -1.0589E+05     8.8003E-02     7.6020E+00     ND1      2188

 BOND    =     7686.5567  ANGLE   =      475.5417  DIHED      =     2982.0157
 VDWAALS =    17445.9249  EEL     =  -146538.0832  HBOND      =        0.0000
 1-4 VDW =      831.2725  1-4 EEL =    11227.4112  RESTRAINT  =        0.0000


   NSTEP       ENERGY          RMS            GMAX         NAME    NUMBER
   3400      -1.0589E+05     3.7581E-02     2.7253E+00     ND1      2188

 BOND    =     7686.6678  ANGLE   =      475.6916  DIHED      =     2981.8695
 VDWAALS =    17446.7624  EEL     =  -146540.0598  HBOND      =        0.0000
 1-4 VDW =      831.1711  1-4 EEL =    11226.9379  RESTRAINT  =        0.0000


   NSTEP       ENERGY          RMS            GMAX         NAME    NUMBER
   3450      -1.0589E+05     8.3705E-02     1.1917E+01     CD        860

 BOND    =     7686.8703  ANGLE   =      475.8318  DIHED      =     2981.7307
 VDWAALS =    17447.5773  EEL     =  -146541.9316  HBOND      =        0.0000
 1-4 VDW =      831.0653  1-4 EEL =    11226.4868  RESTRAINT  =        0.0000


   NSTEP       ENERGY          RMS            GMAX         NAME    NUMBER
   3500      -1.0589E+05     3.0372E-02     1.7469E+00     ND1      2188

 BOND    =     7687.1309  ANGLE   =      475.8800  DIHED      =     2981.6081
 VDWAALS =    17448.4075  EEL     =  -146543.9312  HBOND      =        0.0000
 1-4 VDW =      830.9541  1-4 EEL =    11226.0707  RESTRAINT  =        0.0000


   NSTEP       ENERGY          RMS            GMAX         NAME    NUMBER
   3550      -1.0590E+05     7.0588E-02     9.3083E+00     CD        860

 BOND    =     7687.3620  ANGLE   =      475.9940  DIHED      =     2981.4762
 VDWAALS =    17449.2310  EEL     =  -146545.9520  HBOND      =        0.0000
 1-4 VDW =      830.8481  1-4 EEL =    11225.6357  RESTRAINT  =        0.0000


   NSTEP       ENERGY          RMS            GMAX         NAME    NUMBER
   3600      -1.0590E+05     1.0858E-01     1.6036E+01     CD        860

 BOND    =     7687.6157  ANGLE   =      476.1099  DIHED      =     2981.3492
 VDWAALS =    17450.0360  EEL     =  -146547.9070  HBOND      =        0.0000
 1-4 VDW =      830.7494  1-4 EEL =    11225.2207  RESTRAINT  =        0.0000


   NSTEP       ENERGY          RMS            GMAX         NAME    NUMBER
   3650      -1.0590E+05     5.5373E-02     4.4560E+00     ND1      2188

 BOND    =     7687.8469  ANGLE   =      476.2288  DIHED      =     2981.2168
 VDWAALS =    17450.8675  EEL     =  -146550.1114  HBOND      =        0.0000
 1-4 VDW =      830.6564  1-4 EEL =    11224.7807  RESTRAINT  =        0.0000


   NSTEP       ENERGY          RMS            GMAX         NAME    NUMBER
   3700      -1.0590E+05     9.0997E-02     1.4576E+01     CD        860

 BOND    =     7687.9852  ANGLE   =      476.3416  DIHED      =     2981.0956
 VDWAALS =    17451.5408  EEL     =  -146551.8163  HBOND      =        0.0000
 1-4 VDW =      830.5739  1-4 EEL =    11224.4097  RESTRAINT  =        0.0000


   NSTEP       ENERGY          RMS            GMAX         NAME    NUMBER
   3750      -1.0590E+05     2.5357E-02     1.6818E+00     H2       4940

 BOND    =     7688.2604  ANGLE   =      476.3876  DIHED      =     2980.9724
 VDWAALS =    17452.2722  EEL     =  -146553.9328  HBOND      =        0.0000
 1-4 VDW =      830.4814  1-4 EEL =    11224.0271  RESTRAINT  =        0.0000


   NSTEP       ENERGY          RMS            GMAX         NAME    NUMBER
   3800      -1.0590E+05     6.5000E-02     5.3895E+00     ND1      2188

 BOND    =     7688.5572  ANGLE   =      476.4658  DIHED      =     2980.8413
 VDWAALS =    17452.9788  EEL     =  -146556.0310  HBOND      =        0.0000
 1-4 VDW =      830.3940  1-4 EEL =    11223.6490  RESTRAINT  =        0.0000


   NSTEP       ENERGY          RMS            GMAX         NAME    NUMBER
   3850      -1.0590E+05     3.0648E-02     1.8543E+00     ND1      2188

 BOND    =     7688.7268  ANGLE   =      476.5862  DIHED      =     2980.7000
 VDWAALS =    17453.6925  EEL     =  -146558.1042  HBOND      =        0.0000
 1-4 VDW =      830.3204  1-4 EEL =    11223.2639  RESTRAINT  =        0.0000


   NSTEP       ENERGY          RMS            GMAX         NAME    NUMBER
   3900      -1.0591E+05     5.9100E-02     5.0350E+00     CD        860

 BOND    =     7689.0187  ANGLE   =      476.6779  DIHED      =     2980.5616
 VDWAALS =    17454.4129  EEL     =  -146560.2090  HBOND      =        0.0000
 1-4 VDW =      830.2443  1-4 EEL =    11222.9068  RESTRAINT  =        0.0000


   NSTEP       ENERGY          RMS            GMAX         NAME    NUMBER
   3950      -1.0591E+05     8.4506E-02     6.7234E+00     ND1      2188

 BOND    =     7689.2989  ANGLE   =      476.7791  DIHED      =     2980.4175
 VDWAALS =    17455.1644  EEL     =  -146562.2833  HBOND      =        0.0000
 1-4 VDW =      830.1684  1-4 EEL =    11222.5544  RESTRAINT  =        0.0000


   NSTEP       ENERGY          RMS            GMAX         NAME    NUMBER
   4000      -1.0591E+05     4.9062E-02     3.9814E+00     ND1      2188

 BOND    =     7689.4938  ANGLE   =      476.7934  DIHED      =     2980.2867
 VDWAALS =    17455.8744  EEL     =  -146564.1806  HBOND      =        0.0000
 1-4 VDW =      830.0863  1-4 EEL =    11222.2537  RESTRAINT  =        0.0000


   NSTEP       ENERGY          RMS            GMAX         NAME    NUMBER
   4050      -1.0591E+05     2.1834E-02     6.7284E-01     H2       4940

 BOND    =     7689.6436  ANGLE   =      476.8867  DIHED      =     2980.1513
 VDWAALS =    17456.5167  EEL     =  -146565.9450  HBOND      =        0.0000
 1-4 VDW =      830.0215  1-4 EEL =    11221.9409  RESTRAINT  =        0.0000


   NSTEP       ENERGY          RMS            GMAX         NAME    NUMBER
   4100      -1.0591E+05     3.8597E-02     2.8843E+00     ND1      2188

 BOND    =     7689.8370  ANGLE   =      476.9720  DIHED      =     2980.0170
 VDWAALS =    17457.1007  EEL     =  -146567.5829  HBOND      =        0.0000
 1-4 VDW =      829.9563  1-4 EEL =    11221.6349  RESTRAINT  =        0.0000


   NSTEP       ENERGY          RMS            GMAX         NAME    NUMBER
   4150      -1.0591E+05     5.9600E-02     4.8707E+00     ND1      2188

 BOND    =     7690.0308  ANGLE   =      477.0554  DIHED      =     2979.8882
 VDWAALS =    17457.5957  EEL     =  -146569.1800  HBOND      =        0.0000
 1-4 VDW =      829.8939  1-4 EEL =    11221.3413  RESTRAINT  =        0.0000


   NSTEP       ENERGY          RMS            GMAX         NAME    NUMBER
   4200      -1.0591E+05     2.7281E-02     1.6321E+00     ND1      2188

 BOND    =     7690.2164  ANGLE   =      477.0785  DIHED      =     2979.7694
 VDWAALS =    17458.0326  EEL     =  -146570.6821  HBOND      =        0.0000
 1-4 VDW =      829.8265  1-4 EEL =    11221.0720  RESTRAINT  =        0.0000


   NSTEP       ENERGY          RMS            GMAX         NAME    NUMBER
   4250      -1.0592E+05     4.0048E-02     2.9657E+00     ND1      2188

 BOND    =     7690.3890  ANGLE   =      477.1439  DIHED      =     2979.6430
 VDWAALS =    17458.4027  EEL     =  -146572.2005  HBOND      =        0.0000
 1-4 VDW =      829.7645  1-4 EEL =    11220.7834  RESTRAINT  =        0.0000


   NSTEP       ENERGY          RMS            GMAX         NAME    NUMBER
   4300      -1.0592E+05     7.5106E-02     6.4775E+00     ND1      2188

 BOND    =     7690.6466  ANGLE   =      477.1920  DIHED      =     2979.5274
 VDWAALS =    17458.7201  EEL     =  -146573.5959  HBOND      =        0.0000
 1-4 VDW =      829.7016  1-4 EEL =    11220.5135  RESTRAINT  =        0.0000


   NSTEP       ENERGY          RMS            GMAX         NAME    NUMBER
   4350      -1.0592E+05     3.2875E-02     2.3701E+00     ND1      2188

 BOND    =     7690.6834  ANGLE   =      477.2987  DIHED      =     2979.4068
 VDWAALS =    17458.9531  EEL     =  -146574.8492  HBOND      =        0.0000
 1-4 VDW =      829.6545  1-4 EEL =    11220.2262  RESTRAINT  =        0.0000


   NSTEP       ENERGY          RMS            GMAX         NAME    NUMBER
   4400      -1.0592E+05     6.7506E-02     7.6593E+00     CD        860

 BOND    =     7690.8024  ANGLE   =      477.3916  DIHED      =     2979.2913
 VDWAALS =    17459.1287  EEL     =  -146576.0341  HBOND      =        0.0000
 1-4 VDW =      829.6034  1-4 EEL =    11219.9516  RESTRAINT  =        0.0000


   NSTEP       ENERGY          RMS            GMAX         NAME    NUMBER
   4450      -1.0592E+05     2.2751E-02     1.3191E+00     CD        860

 BOND    =     7690.9674  ANGLE   =      477.4113  DIHED      =     2979.1917
 VDWAALS =    17459.3007  EEL     =  -146577.2648  HBOND      =        0.0000
 1-4 VDW =      829.5459  1-4 EEL =    11219.7050  RESTRAINT  =        0.0000


   NSTEP       ENERGY          RMS            GMAX         NAME    NUMBER
   4500      -1.0592E+05     7.5211E-02     1.2715E+01     CD        860

 BOND    =     7691.0652  ANGLE   =      477.4944  DIHED      =     2979.0931
 VDWAALS =    17459.4098  EEL     =  -146578.3056  HBOND      =        0.0000
 1-4 VDW =      829.5022  1-4 EEL =    11219.4633  RESTRAINT  =        0.0000


   NSTEP       ENERGY          RMS            GMAX         NAME    NUMBER
   4550      -1.0592E+05     3.3130E-02     4.5707E+00     CD        860

 BOND    =     7691.2608  ANGLE   =      477.5212  DIHED      =     2979.0065
 VDWAALS =    17459.5067  EEL     =  -146579.4372  HBOND      =        0.0000
 1-4 VDW =      829.4532  1-4 EEL =    11219.2374  RESTRAINT  =        0.0000


   NSTEP       ENERGY          RMS            GMAX         NAME    NUMBER
   4600      -1.0592E+05     5.6403E-02     9.1868E+00     CD        860

 BOND    =     7691.4379  ANGLE   =      477.5742  DIHED      =     2978.9175
 VDWAALS =    17459.5874  EEL     =  -146580.5655  HBOND      =        0.0000
 1-4 VDW =      829.4070  1-4 EEL =    11219.0088  RESTRAINT  =        0.0000


   NSTEP       ENERGY          RMS            GMAX         NAME    NUMBER
   4650      -1.0593E+05     2.4499E-02     2.2684E+00     CD        860

 BOND    =     7691.4596  ANGLE   =      477.6460  DIHED      =     2978.8283
 VDWAALS =    17459.6267  EEL     =  -146581.5435  HBOND      =        0.0000
 1-4 VDW =      829.3669  1-4 EEL =    11218.7841  RESTRAINT  =        0.0000


   NSTEP       ENERGY          RMS            GMAX         NAME    NUMBER
   4700      -1.0593E+05     3.0339E-02     3.8216E+00     CD        860

 BOND    =     7691.5762  ANGLE   =      477.7054  DIHED      =     2978.7428
 VDWAALS =    17459.6831  EEL     =  -146582.6380  HBOND      =        0.0000
 1-4 VDW =      829.3250  1-4 EEL =    11218.5623  RESTRAINT  =        0.0000


   NSTEP       ENERGY          RMS            GMAX         NAME    NUMBER
   4750      -1.0593E+05     7.0508E-02     1.1687E+01     CD        860

 BOND    =     7691.6917  ANGLE   =      477.7790  DIHED      =     2978.6576
 VDWAALS =    17459.7079  EEL     =  -146583.6763  HBOND      =        0.0000
 1-4 VDW =      829.2854  1-4 EEL =    11218.3381  RESTRAINT  =        0.0000


   NSTEP       ENERGY          RMS            GMAX         NAME    NUMBER
   4800      -1.0593E+05     2.4222E-02     2.0792E+00     CD        860

 BOND    =     7691.8674  ANGLE   =      477.8131  DIHED      =     2978.5783
 VDWAALS =    17459.7619  EEL     =  -146584.8564  HBOND      =        0.0000
 1-4 VDW =      829.2400  1-4 EEL =    11218.1190  RESTRAINT  =        0.0000


   NSTEP       ENERGY          RMS            GMAX         NAME    NUMBER
   4850      -1.0593E+05     6.0428E-02     9.7272E+00     CD        860

 BOND    =     7692.0759  ANGLE   =      477.8642  DIHED      =     2978.4986
 VDWAALS =    17459.7857  EEL     =  -146586.0128  HBOND      =        0.0000
 1-4 VDW =      829.1965  1-4 EEL =    11217.8998  RESTRAINT  =        0.0000


   NSTEP       ENERGY          RMS            GMAX         NAME    NUMBER
   4900      -1.0593E+05     2.3172E-02     1.6197E+00     CD        860

 BOND    =     7692.1063  ANGLE   =      477.9387  DIHED      =     2978.4169
 VDWAALS =    17459.7892  EEL     =  -146586.9919  HBOND      =        0.0000
 1-4 VDW =      829.1603  1-4 EEL =    11217.6777  RESTRAINT  =        0.0000


   NSTEP       ENERGY          RMS            GMAX         NAME    NUMBER
   4950      -1.0593E+05     3.1744E-02     3.8173E+00     CD        860

 BOND    =     7692.2316  ANGLE   =      478.0047  DIHED      =     2978.3383
 VDWAALS =    17459.8029  EEL     =  -146588.1154  HBOND      =        0.0000
 1-4 VDW =      829.1212  1-4 EEL =    11217.4566  RESTRAINT  =        0.0000


   NSTEP       ENERGY          RMS            GMAX         NAME    NUMBER
   5000      -1.0593E+05     2.2431E-02     1.0952E+00     CD        860

 BOND    =     7692.3790  ANGLE   =      478.0586  DIHED      =     2978.2634
 VDWAALS =    17459.8148  EEL     =  -146589.1660  HBOND      =        0.0000
 1-4 VDW =      829.0805  1-4 EEL =    11217.2399  RESTRAINT  =        0.0000


   NSTEP       ENERGY          RMS            GMAX         NAME    NUMBER
   5050      -1.0594E+05     2.2820E-02     1.0002E+00     CD       1894

 BOND    =     7692.5036  ANGLE   =      478.1228  DIHED      =     2978.1901
 VDWAALS =    17459.8508  EEL     =  -146590.2398  HBOND      =        0.0000
 1-4 VDW =      829.0423  1-4 EEL =    11217.0258  RESTRAINT  =        0.0000


   NSTEP       ENERGY          RMS            GMAX         NAME    NUMBER
   5100      -1.0594E+05     6.1472E-02     7.6234E+00     CD       1894

 BOND    =     7692.6420  ANGLE   =      478.1859  DIHED      =     2978.1170
 VDWAALS =    17459.8586  EEL     =  -146591.3314  HBOND      =        0.0000
 1-4 VDW =      829.0015  1-4 EEL =    11216.8121  RESTRAINT  =        0.0000


   NSTEP       ENERGY          RMS            GMAX         NAME    NUMBER
   5150      -1.0594E+05     2.5146E-02     1.9771E+00     CD       1894

 BOND    =     7692.7719  ANGLE   =      478.2614  DIHED      =     2978.0468
 VDWAALS =    17459.9181  EEL     =  -146592.5289  HBOND      =        0.0000
 1-4 VDW =      828.9688  1-4 EEL =    11216.5922  RESTRAINT  =        0.0000


   NSTEP       ENERGY          RMS            GMAX         NAME    NUMBER
   5200      -1.0594E+05     5.4034E-02     6.2729E+00     CD       1894

 BOND    =     7692.9462  ANGLE   =      478.3362  DIHED      =     2977.9770
 VDWAALS =    17459.9608  EEL     =  -146593.7035  HBOND      =        0.0000
 1-4 VDW =      828.9343  1-4 EEL =    11216.3732  RESTRAINT  =        0.0000


   NSTEP       ENERGY          RMS            GMAX         NAME    NUMBER
   5250      -1.0594E+05     2.1088E-02     8.6610E-01     H2       6458

 BOND    =     7693.0193  ANGLE   =      478.4055  DIHED      =     2977.9101
 VDWAALS =    17459.9931  EEL     =  -146594.8407  HBOND      =        0.0000
 1-4 VDW =      828.8939  1-4 EEL =    11216.1608  RESTRAINT  =        0.0000


   NSTEP       ENERGY          RMS            GMAX         NAME    NUMBER
   5300      -1.0594E+05     3.5400E-02     1.0780E+00     H2       4355

 BOND    =     7693.1834  ANGLE   =      478.4908  DIHED      =     2977.8406
 VDWAALS =    17460.0304  EEL     =  -146596.1208  HBOND      =        0.0000
 1-4 VDW =      828.8544  1-4 EEL =    11215.9293  RESTRAINT  =        0.0000


   NSTEP       ENERGY          RMS            GMAX         NAME    NUMBER
   5350      -1.0594E+05     6.2995E-02     2.3981E+00     H2       4355

 BOND    =     7693.3996  ANGLE   =      478.5808  DIHED      =     2977.7763
 VDWAALS =    17460.0768  EEL     =  -146597.4894  HBOND      =        0.0000
 1-4 VDW =      828.8157  1-4 EEL =    11215.7040  RESTRAINT  =        0.0000


   NSTEP       ENERGY          RMS            GMAX         NAME    NUMBER
   5400      -1.0594E+05     8.8344E-02     3.6399E+00     H1       4354

 BOND    =     7693.6607  ANGLE   =      478.6738  DIHED      =     2977.7165
 VDWAALS =    17460.1427  EEL     =  -146598.8718  HBOND      =        0.0000
 1-4 VDW =      828.7785  1-4 EEL =    11215.4851  RESTRAINT  =        0.0000


   NSTEP       ENERGY          RMS            GMAX         NAME    NUMBER
   5450      -1.0595E+05     5.3268E-02     2.1386E+00     C         448

 BOND    =     7693.1651  ANGLE   =      478.7391  DIHED      =     2977.6509
 VDWAALS =    17460.2345  EEL     =  -146599.6810  HBOND      =        0.0000
 1-4 VDW =      828.7501  1-4 EEL =    11215.2543  RESTRAINT  =        0.0000


   NSTEP       ENERGY          RMS            GMAX         NAME    NUMBER
   5500      -1.0595E+05     2.3062E-02     8.4047E-01     H2       6458

 BOND    =     7693.8440  ANGLE   =      478.8553  DIHED      =     2977.5997
 VDWAALS =    17460.3688  EEL     =  -146601.7362  HBOND      =        0.0000
 1-4 VDW =      828.7084  1-4 EEL =    11215.0320  RESTRAINT  =        0.0000


   NSTEP       ENERGY          RMS            GMAX         NAME    NUMBER
   5550      -1.0595E+05     2.2477E-02     8.0813E-01     H2       6458

 BOND    =     7693.9749  ANGLE   =      478.9546  DIHED      =     2977.5491
 VDWAALS =    17460.5287  EEL     =  -146603.2168  HBOND      =        0.0000
 1-4 VDW =      828.6741  1-4 EEL =    11214.8086  RESTRAINT  =        0.0000


   NSTEP       ENERGY          RMS            GMAX         NAME    NUMBER
   5600      -1.0595E+05     6.4494E-02     4.5592E+00     C         448

 BOND    =     7694.9973  ANGLE   =      479.0852  DIHED      =     2977.5093
 VDWAALS =    17460.7392  EEL     =  -146605.6979  HBOND      =        0.0000
 1-4 VDW =      828.6310  1-4 EEL =    11214.5907  RESTRAINT  =        0.0000


   NSTEP       ENERGY          RMS            GMAX         NAME    NUMBER
   5650      -1.0595E+05     9.3822E-02     6.1196E+00     C         448

 BOND    =     7695.4426  ANGLE   =      479.2032  DIHED      =     2977.4732
 VDWAALS =    17460.9888  EEL     =  -146607.5956  HBOND      =        0.0000
 1-4 VDW =      828.5940  1-4 EEL =    11214.3735  RESTRAINT  =        0.0000


   NSTEP       ENERGY          RMS            GMAX         NAME    NUMBER
   5700      -1.0595E+05     2.3513E-02     7.9941E-01     H1       9616

 BOND    =     7694.2459  ANGLE   =      479.2676  DIHED      =     2977.4194
 VDWAALS =    17461.2623  EEL     =  -146607.9805  HBOND      =        0.0000
 1-4 VDW =      828.5777  1-4 EEL =    11214.1452  RESTRAINT  =        0.0000


   NSTEP       ENERGY          RMS            GMAX         NAME    NUMBER
   5750      -1.0595E+05     7.5557E-02     3.4317E+00     C        1897

 BOND    =     7694.1789  ANGLE   =      479.3894  DIHED      =     2977.3722
 VDWAALS =    17461.5813  EEL     =  -146609.4781  HBOND      =        0.0000
 1-4 VDW =      828.5523  1-4 EEL =    11213.9131  RESTRAINT  =        0.0000


   NSTEP       ENERGY          RMS            GMAX         NAME    NUMBER
   5800      -1.0596E+05     2.3646E-02     9.3635E-01     H1       9616

 BOND    =     7694.6780  ANGLE   =      479.4879  DIHED      =     2977.3574
 VDWAALS =    17461.9048  EEL     =  -146611.6935  HBOND      =        0.0000
 1-4 VDW =      828.5131  1-4 EEL =    11213.7005  RESTRAINT  =        0.0000


   NSTEP       ENERGY          RMS            GMAX         NAME    NUMBER
   5850      -1.0596E+05     6.9934E-02     3.2678E+00     C        2066

 BOND    =     7694.9144  ANGLE   =      479.5986  DIHED      =     2977.3390
 VDWAALS =    17462.2715  EEL     =  -146613.7016  HBOND      =        0.0000
 1-4 VDW =      828.4780  1-4 EEL =    11213.4745  RESTRAINT  =        0.0000


   NSTEP       ENERGY          RMS            GMAX         NAME    NUMBER
   5900      -1.0596E+05     9.0388E-02     6.5257E+00     CE3      3106

 BOND    =     7695.0671  ANGLE   =      479.7135  DIHED      =     2977.3096
 VDWAALS =    17462.6821  EEL     =  -146615.6594  HBOND      =        0.0000
 1-4 VDW =      828.4492  1-4 EEL =    11213.2464  RESTRAINT  =        0.0000


   NSTEP       ENERGY          RMS            GMAX         NAME    NUMBER
   5950      -1.0596E+05     3.3234E-02     1.8168E+00     CE3      3106

 BOND    =     7695.1785  ANGLE   =      479.8119  DIHED      =     2977.2842
 VDWAALS =    17463.1049  EEL     =  -146617.7020  HBOND      =        0.0000
 1-4 VDW =      828.4237  1-4 EEL =    11213.0201  RESTRAINT  =        0.0000


   NSTEP       ENERGY          RMS            GMAX         NAME    NUMBER
   6000      -1.0596E+05     2.4090E-02     9.4118E-01     H1       9616

 BOND    =     7695.3389  ANGLE   =      479.9109  DIHED      =     2977.2668
 VDWAALS =    17463.5618  EEL     =  -146619.7086  HBOND      =        0.0000
 1-4 VDW =      828.3936  1-4 EEL =    11212.7975  RESTRAINT  =        0.0000


   NSTEP       ENERGY          RMS            GMAX         NAME    NUMBER
   6050      -1.0596E+05     2.7957E-02     1.2529E+00     CE3      3106

 BOND    =     7695.5094  ANGLE   =      480.0037  DIHED      =     2977.2509
 VDWAALS =    17464.0776  EEL     =  -146621.7601  HBOND      =        0.0000
 1-4 VDW =      828.3655  1-4 EEL =    11212.5777  RESTRAINT  =        0.0000


   NSTEP       ENERGY          RMS            GMAX         NAME    NUMBER
   6100      -1.0597E+05     6.8364E-02     4.2106E+00     CE3      3106

 BOND    =     7695.6922  ANGLE   =      480.1021  DIHED      =     2977.2343
 VDWAALS =    17464.6571  EEL     =  -146623.7542  HBOND      =        0.0000
 1-4 VDW =      828.3387  1-4 EEL =    11212.3613  RESTRAINT  =        0.0000


   NSTEP       ENERGY          RMS            GMAX         NAME    NUMBER
   6150      -1.0597E+05     2.3101E-02     6.7537E-01     O       23280

 BOND    =     7695.8514  ANGLE   =      480.1699  DIHED      =     2977.2175
 VDWAALS =    17465.3030  EEL     =  -146625.7892  HBOND      =        0.0000
 1-4 VDW =      828.3109  1-4 EEL =    11212.1459  RESTRAINT  =        0.0000


   NSTEP       ENERGY          RMS            GMAX         NAME    NUMBER
   6200      -1.0597E+05     6.1745E-02     4.9155E+00     CD        860

 BOND    =     7696.0556  ANGLE   =      480.2582  DIHED      =     2977.1972
 VDWAALS =    17466.0294  EEL     =  -146627.8912  HBOND      =        0.0000
 1-4 VDW =      828.2825  1-4 EEL =    11211.9207  RESTRAINT  =        0.0000


   NSTEP       ENERGY          RMS            GMAX         NAME    NUMBER
   6250      -1.0597E+05     2.5564E-02     8.2760E-01     CE2       349

 BOND    =     7696.2001  ANGLE   =      480.3220  DIHED      =     2977.1797
 VDWAALS =    17466.8370  EEL     =  -146629.9661  HBOND      =        0.0000
 1-4 VDW =      828.2545  1-4 EEL =    11211.7110  RESTRAINT  =        0.0000


   NSTEP       ENERGY          RMS            GMAX         NAME    NUMBER
   6300      -1.0597E+05     5.0020E-02     2.4117E+00     CE2       349

 BOND    =     7696.3890  ANGLE   =      480.3921  DIHED      =     2977.1583
 VDWAALS =    17467.6752  EEL     =  -146632.0144  HBOND      =        0.0000
 1-4 VDW =      828.2270  1-4 EEL =    11211.5010  RESTRAINT  =        0.0000


   NSTEP       ENERGY          RMS            GMAX         NAME    NUMBER
   6350      -1.0597E+05     2.1634E-02     5.5769E-01     O       23280

 BOND    =     7696.5815  ANGLE   =      480.4463  DIHED      =     2977.1311
 VDWAALS =    17468.5022  EEL     =  -146634.0584  HBOND      =        0.0000
 1-4 VDW =      828.1981  1-4 EEL =    11211.2872  RESTRAINT  =        0.0000


   NSTEP       ENERGY          RMS            GMAX         NAME    NUMBER
   6400      -1.0597E+05     4.1784E-02     1.9646E+00     CE2       349

 BOND    =     7696.7901  ANGLE   =      480.5065  DIHED      =     2977.1001
 VDWAALS =    17469.4082  EEL     =  -146636.1566  HBOND      =        0.0000
 1-4 VDW =      828.1692  1-4 EEL =    11211.0754  RESTRAINT  =        0.0000


   NSTEP       ENERGY          RMS            GMAX         NAME    NUMBER
   6450      -1.0597E+05     1.9497E-02     4.6502E-01     O       13686

 BOND    =     7696.9566  ANGLE   =      480.5595  DIHED      =     2977.0683
 VDWAALS =    17470.3299  EEL     =  -146638.1567  HBOND      =        0.0000
 1-4 VDW =      828.1413  1-4 EEL =    11210.8747  RESTRAINT  =        0.0000


   NSTEP       ENERGY          RMS            GMAX         NAME    NUMBER
   6500      -1.0598E+05     2.0286E-02     4.8381E-01     CG        341

 BOND    =     7697.1435  ANGLE   =      480.6103  DIHED      =     2977.0313
 VDWAALS =    17471.2236  EEL     =  -146640.0539  HBOND      =        0.0000
 1-4 VDW =      828.1131  1-4 EEL =    11210.6772  RESTRAINT  =        0.0000


   NSTEP       ENERGY          RMS            GMAX         NAME    NUMBER
   6550      -1.0598E+05     5.9667E-02     6.2436E+00     CD        860

 BOND    =     7697.4065  ANGLE   =      480.6609  DIHED      =     2976.9902
 VDWAALS =    17472.1934  EEL     =  -146642.1396  HBOND      =        0.0000
 1-4 VDW =      828.0818  1-4 EEL =    11210.4746  RESTRAINT  =        0.0000


   NSTEP       ENERGY          RMS            GMAX         NAME    NUMBER
   6600      -1.0598E+05     2.1606E-02     7.0042E-01     CD        860

 BOND    =     7697.5619  ANGLE   =      480.7014  DIHED      =     2976.9439
 VDWAALS =    17473.0398  EEL     =  -146643.9843  HBOND      =        0.0000
 1-4 VDW =      828.0539  1-4 EEL =    11210.2763  RESTRAINT  =        0.0000


   NSTEP       ENERGY          RMS            GMAX         NAME    NUMBER
   6650      -1.0598E+05     3.3122E-02     1.7218E+00     CE1      3292

 BOND    =     7697.7751  ANGLE   =      480.7439  DIHED      =     2976.8964
 VDWAALS =    17473.8763  EEL     =  -146645.7849  HBOND      =        0.0000
 1-4 VDW =      828.0247  1-4 EEL =    11210.0825  RESTRAINT  =        0.0000


   NSTEP       ENERGY          RMS            GMAX         NAME    NUMBER
   6700      -1.0598E+05     6.7392E-02     6.3949E+00     CD        860

 BOND    =     7697.9717  ANGLE   =      480.7962  DIHED      =     2976.8455
 VDWAALS =    17474.6598  EEL     =  -146647.4928  HBOND      =        0.0000
 1-4 VDW =      827.9971  1-4 EEL =    11209.8943  RESTRAINT  =        0.0000


   NSTEP       ENERGY          RMS            GMAX         NAME    NUMBER
   6750      -1.0598E+05     1.9956E-02     5.5830E-01     CE1      3292

 BOND    =     7698.1235  ANGLE   =      480.8317  DIHED      =     2976.8001
 VDWAALS =    17475.4218  EEL     =  -146649.1650  HBOND      =        0.0000
 1-4 VDW =      827.9711  1-4 EEL =    11209.7273  RESTRAINT  =        0.0000


   NSTEP       ENERGY          RMS            GMAX         NAME    NUMBER
   6800      -1.0598E+05     1.8973E-02     4.4665E-01     H1       9904

 BOND    =     7698.3284  ANGLE   =      480.8685  DIHED      =     2976.7478
 VDWAALS =    17476.1664  EEL     =  -146650.8157  HBOND      =        0.0000
 1-4 VDW =      827.9428  1-4 EEL =    11209.5472  RESTRAINT  =        0.0000


   NSTEP       ENERGY          RMS            GMAX         NAME    NUMBER
   6850      -1.0598E+05     2.4583E-02     1.0549E+00     CE1      3292

 BOND    =     7698.5321  ANGLE   =      480.9067  DIHED      =     2976.6947
 VDWAALS =    17476.8837  EEL     =  -146652.4536  HBOND      =        0.0000
 1-4 VDW =      827.9148  1-4 EEL =    11209.3695  RESTRAINT  =        0.0000


   NSTEP       ENERGY          RMS            GMAX         NAME    NUMBER
   6900      -1.0598E+05     4.6320E-02     2.5811E+00     CE1      3292

 BOND    =     7698.7559  ANGLE   =      480.9464  DIHED      =     2976.6401
 VDWAALS =    17477.5836  EEL     =  -146654.1245  HBOND      =        0.0000
 1-4 VDW =      827.8867  1-4 EEL =    11209.1937  RESTRAINT  =        0.0000


   NSTEP       ENERGY          RMS            GMAX         NAME    NUMBER
   6950      -1.0598E+05     6.8202E-02     3.8450E+00     CE1      3292

 BOND    =     7699.0221  ANGLE   =      480.9801  DIHED      =     2976.5864
 VDWAALS =    17478.2644  EEL     =  -146655.7889  HBOND      =        0.0000
 1-4 VDW =      827.8574  1-4 EEL =    11209.0208  RESTRAINT  =        0.0000


   NSTEP       ENERGY          RMS            GMAX         NAME    NUMBER
   7000      -1.0599E+05     4.0785E-02     2.3998E+00     CD        860

 BOND    =     7699.0910  ANGLE   =      481.0398  DIHED      =     2976.5329
 VDWAALS =    17478.9535  EEL     =  -146657.4680  HBOND      =        0.0000
 1-4 VDW =      827.8351  1-4 EEL =    11208.8602  RESTRAINT  =        0.0000


   NSTEP       ENERGY          RMS            GMAX         NAME    NUMBER
   7050      -1.0599E+05     7.0021E-02     1.2076E+01     CD        860

 BOND    =     7699.4173  ANGLE   =      481.0494  DIHED      =     2976.4864
 VDWAALS =    17479.5392  EEL     =  -146658.9780  HBOND      =        0.0000
 1-4 VDW =      827.8066  1-4 EEL =    11208.7096  RESTRAINT  =        0.0000


   NSTEP       ENERGY          RMS            GMAX         NAME    NUMBER
   7100      -1.0599E+05     3.5078E-02     5.4135E+00     CD        860

 BOND    =     7699.4369  ANGLE   =      481.1060  DIHED      =     2976.4343
 VDWAALS =    17480.0736  EEL     =  -146660.3217  HBOND      =        0.0000
 1-4 VDW =      827.7875  1-4 EEL =    11208.5653  RESTRAINT  =        0.0000


   NSTEP       ENERGY          RMS            GMAX         NAME    NUMBER
   7150      -1.0599E+05     6.8729E-02     1.1849E+01     CD        860

 BOND    =     7699.6032  ANGLE   =      481.1524  DIHED      =     2976.3851
 VDWAALS =    17480.6131  EEL     =  -146661.7131  HBOND      =        0.0000
 1-4 VDW =      827.7664  1-4 EEL =    11208.4246  RESTRAINT  =        0.0000


   NSTEP       ENERGY          RMS            GMAX         NAME    NUMBER
   7200      -1.0599E+05     2.1643E-02     2.2542E+00     CD        860

 BOND    =     7699.8346  ANGLE   =      481.1596  DIHED      =     2976.3424
 VDWAALS =    17481.1523  EEL     =  -146663.1391  HBOND      =        0.0000
 1-4 VDW =      827.7411  1-4 EEL =    11208.2891  RESTRAINT  =        0.0000


   NSTEP       ENERGY          RMS            GMAX         NAME    NUMBER
   7250      -1.0599E+05     5.3545E-02     8.9979E+00     CD        860

 BOND    =     7700.0870  ANGLE   =      481.1836  DIHED      =     2976.2967
 VDWAALS =    17481.7086  EEL     =  -146664.5853  HBOND      =        0.0000
 1-4 VDW =      827.7170  1-4 EEL =    11208.1501  RESTRAINT  =        0.0000


   NSTEP       ENERGY          RMS            GMAX         NAME    NUMBER
   7300      -1.0599E+05     7.5256E-02     1.2993E+01     CD        860

 BOND    =     7700.3223  ANGLE   =      481.2147  DIHED      =     2976.2505
 VDWAALS =    17482.2671  EEL     =  -146666.0566  HBOND      =        0.0000
 1-4 VDW =      827.6939  1-4 EEL =    11208.0131  RESTRAINT  =        0.0000


   NSTEP       ENERGY          RMS            GMAX         NAME    NUMBER
   7350      -1.0599E+05     3.1031E-02     4.5301E+00     CD        860

 BOND    =     7700.3288  ANGLE   =      481.2696  DIHED      =     2976.2005
 VDWAALS =    17482.7966  EEL     =  -146667.3527  HBOND      =        0.0000
 1-4 VDW =      827.6762  1-4 EEL =    11207.8805  RESTRAINT  =        0.0000


   NSTEP       ENERGY          RMS            GMAX         NAME    NUMBER
   7400      -1.0599E+05     6.3180E-02     1.0195E+01     CD        860

 BOND    =     7700.4961  ANGLE   =      481.3159  DIHED      =     2976.1517
 VDWAALS =    17483.3514  EEL     =  -146668.6755  HBOND      =        0.0000
 1-4 VDW =      827.6556  1-4 EEL =    11207.7499  RESTRAINT  =        0.0000


   NSTEP       ENERGY          RMS            GMAX         NAME    NUMBER
   7450      -1.0599E+05     2.0189E-02     1.4896E+00     CD        860

 BOND    =     7700.7298  ANGLE   =      481.3274  DIHED      =     2976.1099
 VDWAALS =    17483.9455  EEL     =  -146670.1465  HBOND      =        0.0000
 1-4 VDW =      827.6325  1-4 EEL =    11207.6150  RESTRAINT  =        0.0000


   NSTEP       ENERGY          RMS            GMAX         NAME    NUMBER
   7500      -1.0599E+05     5.1507E-02     1.1844E+00     H2      24707

 BOND    =     7700.9634  ANGLE   =      481.3705  DIHED      =     2976.0605
 VDWAALS =    17484.5815  EEL     =  -146671.7510  HBOND      =        0.0000
 1-4 VDW =      827.6089  1-4 EEL =    11207.4719  RESTRAINT  =        0.0000


   NSTEP       ENERGY          RMS            GMAX         NAME    NUMBER
   7550      -1.0599E+05     1.7415E-02     4.4674E-01     O        4692

 BOND    =     7701.0879  ANGLE   =      481.4014  DIHED      =     2976.0150
 VDWAALS =    17485.2049  EEL     =  -146673.1924  HBOND      =        0.0000
 1-4 VDW =      827.5876  1-4 EEL =    11207.3350  RESTRAINT  =        0.0000


   NSTEP       ENERGY          RMS            GMAX         NAME    NUMBER
   7600      -1.0600E+05     4.3739E-02     1.6619E+00     H2      24707

 BOND    =     7701.2024  ANGLE   =      481.4365  DIHED      =     2975.9662
 VDWAALS =    17485.8660  EEL     =  -146674.6654  HBOND      =        0.0000
 1-4 VDW =      827.5650  1-4 EEL =    11207.1896  RESTRAINT  =        0.0000


   NSTEP       ENERGY          RMS            GMAX         NAME    NUMBER
   7650      -1.0600E+05     1.8105E-02     4.7625E-01     O        4692

 BOND    =     7701.5087  ANGLE   =      481.4794  DIHED      =     2975.9192
 VDWAALS =    17486.4945  EEL     =  -146676.2920  HBOND      =        0.0000
 1-4 VDW =      827.5418  1-4 EEL =    11207.0487  RESTRAINT  =        0.0000


   NSTEP       ENERGY          RMS            GMAX         NAME    NUMBER
   7700      -1.0600E+05     2.2015E-02     6.8422E-01     H1       5410

 BOND    =     7701.7942  ANGLE   =      481.5183  DIHED      =     2975.8718
 VDWAALS =    17487.1289  EEL     =  -146677.9336  HBOND      =        0.0000
 1-4 VDW =      827.5197  1-4 EEL =    11206.9068  RESTRAINT  =        0.0000


   NSTEP       ENERGY          RMS            GMAX         NAME    NUMBER
   7750      -1.0600E+05     5.2246E-02     1.9942E+00     H1       5410

 BOND    =     7702.4008  ANGLE   =      481.5586  DIHED      =     2975.8240
 VDWAALS =    17487.7363  EEL     =  -146679.7725  HBOND      =        0.0000
 1-4 VDW =      827.4987  1-4 EEL =    11206.7571  RESTRAINT  =        0.0000


   NSTEP       ENERGY          RMS            GMAX         NAME    NUMBER
   7800      -1.0600E+05     1.7672E-02     5.2164E-01     O        4692

 BOND    =     7701.9407  ANGLE   =      481.5962  DIHED      =     2975.7822
 VDWAALS =    17488.3345  EEL     =  -146680.6127  HBOND      =        0.0000
 1-4 VDW =      827.4770  1-4 EEL =    11206.6377  RESTRAINT  =        0.0000


   NSTEP       ENERGY          RMS            GMAX         NAME    NUMBER
   7850      -1.0600E+05     2.5038E-02     9.1012E-01     CG       1167

 BOND    =     7702.1092  ANGLE   =      481.6441  DIHED      =     2975.7377
 VDWAALS =    17488.9447  EEL     =  -146682.0879  HBOND      =        0.0000
 1-4 VDW =      827.4545  1-4 EEL =    11206.5041  RESTRAINT  =        0.0000


   NSTEP       ENERGY          RMS            GMAX         NAME    NUMBER
   7900      -1.0600E+05     1.7118E-02     5.4007E-01     O        4692

 BOND    =     7702.3468  ANGLE   =      481.6747  DIHED      =     2975.6922
 VDWAALS =    17489.5454  EEL     =  -146683.6493  HBOND      =        0.0000
 1-4 VDW =      827.4353  1-4 EEL =    11206.3528  RESTRAINT  =        0.0000


   NSTEP       ENERGY          RMS            GMAX         NAME    NUMBER
   7950      -1.0600E+05     1.8728E-02     8.6735E-01     CG       1167

 BOND    =     7702.5149  ANGLE   =      481.7132  DIHED      =     2975.6489
 VDWAALS =    17490.1209  EEL     =  -146685.0845  HBOND      =        0.0000
 1-4 VDW =      827.4157  1-4 EEL =    11206.2195  RESTRAINT  =        0.0000


   NSTEP       ENERGY          RMS            GMAX         NAME    NUMBER
   8000      -1.0600E+05     5.1558E-02     4.3037E+00     CG       1167

 BOND    =     7702.7099  ANGLE   =      481.7414  DIHED      =     2975.6067
 VDWAALS =    17490.7047  EEL     =  -146686.5118  HBOND      =        0.0000
 1-4 VDW =      827.3964  1-4 EEL =    11206.0861  RESTRAINT  =        0.0000


   NSTEP       ENERGY          RMS            GMAX         NAME    NUMBER
   8050      -1.0600E+05     7.6090E-02     6.5708E+00     CG       1167

 BOND    =     7702.9313  ANGLE   =      481.7762  DIHED      =     2975.5664
 VDWAALS =    17491.2940  EEL     =  -146688.0259  HBOND      =        0.0000
 1-4 VDW =      827.3767  1-4 EEL =    11205.9496  RESTRAINT  =        0.0000


   NSTEP       ENERGY          RMS            GMAX         NAME    NUMBER
   8100      -1.0600E+05     4.2731E-02     3.8507E+00     CG       1167

 BOND    =     7703.0459  ANGLE   =      481.8577  DIHED      =     2975.5253
 VDWAALS =    17491.9280  EEL     =  -146689.6420  HBOND      =        0.0000
 1-4 VDW =      827.3580  1-4 EEL =    11205.8185  RESTRAINT  =        0.0000


   NSTEP       ENERGY          RMS            GMAX         NAME    NUMBER
   8150      -1.0601E+05     1.8722E-02     7.5711E-01     CG       1167

 BOND    =     7703.1900  ANGLE   =      481.8840  DIHED      =     2975.4866
 VDWAALS =    17492.5423  EEL     =  -146691.1699  HBOND      =        0.0000
 1-4 VDW =      827.3369  1-4 EEL =    11205.6889  RESTRAINT  =        0.0000


   NSTEP       ENERGY          RMS            GMAX         NAME    NUMBER
   8200      -1.0601E+05     4.3703E-02     7.3266E+00     CD       1962

 BOND    =     7703.3852  ANGLE   =      481.9154  DIHED      =     2975.4511
 VDWAALS =    17493.1643  EEL     =  -146692.6907  HBOND      =        0.0000
 1-4 VDW =      827.3205  1-4 EEL =    11205.5658  RESTRAINT  =        0.0000


   NSTEP       ENERGY          RMS            GMAX         NAME    NUMBER
   8250      -1.0601E+05     1.7413E-02     8.5931E-01     H1      19294

 BOND    =     7703.5113  ANGLE   =      481.9668  DIHED      =     2975.4177
 VDWAALS =    17493.7507  EEL     =  -146694.1077  HBOND      =        0.0000
 1-4 VDW =      827.3009  1-4 EEL =    11205.4570  RESTRAINT  =        0.0000


   NSTEP       ENERGY          RMS            GMAX         NAME    NUMBER
   8300      -1.0601E+05     3.7935E-02     6.6796E+00     CD       1962

 BOND    =     7703.6747  ANGLE   =      482.0131  DIHED      =     2975.3848
 VDWAALS =    17494.3621  EEL     =  -146695.5993  HBOND      =        0.0000
 1-4 VDW =      827.2808  1-4 EEL =    11205.3473  RESTRAINT  =        0.0000


   NSTEP       ENERGY          RMS            GMAX         NAME    NUMBER
   8350      -1.0601E+05     5.9617E-02     1.1137E+01     CD       1962

 BOND    =     7703.8491  ANGLE   =      482.0583  DIHED      =     2975.3532
 VDWAALS =    17494.9725  EEL     =  -146697.0880  HBOND      =        0.0000
 1-4 VDW =      827.2614  1-4 EEL =    11205.2424  RESTRAINT  =        0.0000


   NSTEP       ENERGY          RMS            GMAX         NAME    NUMBER
   8400      -1.0601E+05     1.8557E-02     1.1685E+00     H1      19294

 BOND    =     7704.0021  ANGLE   =      482.0770  DIHED      =     2975.3256
 VDWAALS =    17495.5950  EEL     =  -146698.6295  HBOND      =        0.0000
 1-4 VDW =      827.2484  1-4 EEL =    11205.1407  RESTRAINT  =        0.0000


   NSTEP       ENERGY          RMS            GMAX         NAME    NUMBER
   8450      -1.0601E+05     4.6670E-02     6.6267E+00     CD       1962

 BOND    =     7704.2146  ANGLE   =      482.1068  DIHED      =     2975.2947
 VDWAALS =    17496.2878  EEL     =  -146700.3579  HBOND      =        0.0000
 1-4 VDW =      827.2331  1-4 EEL =    11205.0346  RESTRAINT  =        0.0000


   NSTEP       ENERGY          RMS            GMAX         NAME    NUMBER
   8500      -1.0601E+05     6.1787E-02     1.6773E+00     H1      19294

 BOND    =     7704.4247  ANGLE   =      482.1458  DIHED      =     2975.2635
 VDWAALS =    17497.0326  EEL     =  -146702.1729  HBOND      =        0.0000
 1-4 VDW =      827.2133  1-4 EEL =    11204.9287  RESTRAINT  =        0.0000


   NSTEP       ENERGY          RMS            GMAX         NAME    NUMBER
   8550      -1.0601E+05     1.8741E-02     1.4398E+00     H1      19294

 BOND    =     7704.6187  ANGLE   =      482.1935  DIHED      =     2975.2321
 VDWAALS =    17497.8905  EEL     =  -146704.1978  HBOND      =        0.0000
 1-4 VDW =      827.1908  1-4 EEL =    11204.8230  RESTRAINT  =        0.0000


   NSTEP       ENERGY          RMS            GMAX         NAME    NUMBER
   8600      -1.0601E+05     5.4956E-02     2.7090E+00     C        1950

 BOND    =     7705.1496  ANGLE   =      482.2487  DIHED      =     2975.1994
 VDWAALS =    17498.7960  EEL     =  -146706.5479  HBOND      =        0.0000
 1-4 VDW =      827.1656  1-4 EEL =    11204.7302  RESTRAINT  =        0.0000


   NSTEP       ENERGY          RMS            GMAX         NAME    NUMBER
   8650      -1.0601E+05     7.4634E-02     4.8844E+00     C        1950

 BOND    =     7705.7356  ANGLE   =      482.2869  DIHED      =     2975.1678
 VDWAALS =    17499.7126  EEL     =  -146708.8952  HBOND      =        0.0000
 1-4 VDW =      827.1447  1-4 EEL =    11204.6449  RESTRAINT  =        0.0000


   NSTEP       ENERGY          RMS            GMAX         NAME    NUMBER
   8700      -1.0602E+05     3.4171E-02     2.1117E+00     C        1950

 BOND    =     7704.9935  ANGLE   =      482.3110  DIHED      =     2975.1431
 VDWAALS =    17500.6757  EEL     =  -146709.9587  HBOND      =        0.0000
 1-4 VDW =      827.1334  1-4 EEL =    11204.5026  RESTRAINT  =        0.0000


   NSTEP       ENERGY          RMS            GMAX         NAME    NUMBER
   8750      -1.0602E+05     6.3436E-02     3.9885E+00     C        3738

 BOND    =     7705.0053  ANGLE   =      482.3651  DIHED      =     2975.1178
 VDWAALS =    17501.6036  EEL     =  -146711.5876  HBOND      =        0.0000
 1-4 VDW =      827.1137  1-4 EEL =    11204.3920  RESTRAINT  =        0.0000


   NSTEP       ENERGY          RMS            GMAX         NAME    NUMBER
   8800      -1.0602E+05     1.7095E-02     6.1699E-01     H1      19294

 BOND    =     7705.7498  ANGLE   =      482.3673  DIHED      =     2975.0827
 VDWAALS =    17502.4962  EEL     =  -146713.9899  HBOND      =        0.0000
 1-4 VDW =      827.0948  1-4 EEL =    11204.3353  RESTRAINT  =        0.0000


   NSTEP       ENERGY          RMS            GMAX         NAME    NUMBER
   8850      -1.0602E+05     6.0887E-02     3.5686E+00     C        3738

 BOND    =     7706.1410  ANGLE   =      482.3897  DIHED      =     2975.0482
 VDWAALS =    17503.3773  EEL     =  -146715.9203  HBOND      =        0.0000
 1-4 VDW =      827.0776  1-4 EEL =    11204.2622  RESTRAINT  =        0.0000


   NSTEP       ENERGY          RMS            GMAX         NAME    NUMBER
   8900      -1.0602E+05     1.6146E-02     5.2500E-01     H2      13637

 BOND    =     7706.1109  ANGLE   =      482.4348  DIHED      =     2975.0271
 VDWAALS =    17504.2121  EEL     =  -146717.4188  HBOND      =        0.0000
 1-4 VDW =      827.0565  1-4 EEL =    11204.1540  RESTRAINT  =        0.0000


   NSTEP       ENERGY          RMS            GMAX         NAME    NUMBER
   8950      -1.0602E+05     4.3534E-02     2.2494E+00     CE3      3106

 BOND    =     7706.3027  ANGLE   =      482.4568  DIHED      =     2975.0005
 VDWAALS =    17505.0480  EEL     =  -146719.0833  HBOND      =        0.0000
 1-4 VDW =      827.0377  1-4 EEL =    11204.0707  RESTRAINT  =        0.0000


   NSTEP       ENERGY          RMS            GMAX         NAME    NUMBER
   9000      -1.0602E+05     6.6157E-02     6.1817E+00     CD        860

 BOND    =     7706.4650  ANGLE   =      482.4897  DIHED      =     2974.9746
 VDWAALS =    17505.8128  EEL     =  -146720.6323  HBOND      =        0.0000
 1-4 VDW =      827.0204  1-4 EEL =    11203.9886  RESTRAINT  =        0.0000


   NSTEP       ENERGY          RMS            GMAX         NAME    NUMBER
   9050      -1.0602E+05     4.4492E-02     5.9844E+00     CD        860

 BOND    =     7706.7226  ANGLE   =      482.5379  DIHED      =     2974.9450
 VDWAALS =    17506.5502  EEL     =  -146722.2799  HBOND      =        0.0000
 1-4 VDW =      826.9981  1-4 EEL =    11203.8969  RESTRAINT  =        0.0000


   NSTEP       ENERGY          RMS            GMAX         NAME    NUMBER
   9100      -1.0602E+05     1.7043E-02     5.7236E-01     H2      13637

 BOND    =     7706.8137  ANGLE   =      482.5589  DIHED      =     2974.9212
 VDWAALS =    17507.2405  EEL     =  -146723.7477  HBOND      =        0.0000
 1-4 VDW =      826.9811  1-4 EEL =    11203.8229  RESTRAINT  =        0.0000


   NSTEP       ENERGY          RMS            GMAX         NAME    NUMBER
   9150      -1.0602E+05     1.9383E-02     1.8664E+00     CD        860

 BOND    =     7706.9917  ANGLE   =      482.5886  DIHED      =     2974.8964
 VDWAALS =    17507.9043  EEL     =  -146725.1959  HBOND      =        0.0000
 1-4 VDW =      826.9617  1-4 EEL =    11203.7441  RESTRAINT  =        0.0000


   NSTEP       ENERGY          RMS            GMAX         NAME    NUMBER
   9200      -1.0602E+05     5.4494E-02     5.5708E+00     CD        860

 BOND    =     7707.1160  ANGLE   =      482.6144  DIHED      =     2974.8722
 VDWAALS =    17508.5385  EEL     =  -146726.5596  HBOND      =        0.0000
 1-4 VDW =      826.9448  1-4 EEL =    11203.6740  RESTRAINT  =        0.0000


   NSTEP       ENERGY          RMS            GMAX         NAME    NUMBER
   9250      -1.0602E+05     8.1820E-02     1.4331E+01     CD        860

 BOND    =     7707.4545  ANGLE   =      482.6379  DIHED      =     2974.8486
 VDWAALS =    17509.1818  EEL     =  -146728.0863  HBOND      =        0.0000
 1-4 VDW =      826.9212  1-4 EEL =    11203.5960  RESTRAINT  =        0.0000


   NSTEP       ENERGY          RMS            GMAX         NAME    NUMBER
   9300      -1.0602E+05     5.2494E-02     8.9457E+00     CD        860

 BOND    =     7707.3957  ANGLE   =      482.6972  DIHED      =     2974.8204
 VDWAALS =    17509.6809  EEL     =  -146729.2044  HBOND      =        0.0000
 1-4 VDW =      826.9097  1-4 EEL =    11203.5298  RESTRAINT  =        0.0000


   NSTEP       ENERGY          RMS            GMAX         NAME    NUMBER
   9350      -1.0602E+05     1.6224E-02     8.4472E-01     CD        860

 BOND    =     7707.5662  ANGLE   =      482.7055  DIHED      =     2974.8026
 VDWAALS =    17510.1798  EEL     =  -146730.4509  HBOND      =        0.0000
 1-4 VDW =      826.8913  1-4 EEL =    11203.4690  RESTRAINT  =        0.0000


   NSTEP       ENERGY          RMS            GMAX         NAME    NUMBER
   9400      -1.0603E+05     4.1303E-02     6.7959E+00     CD        860

 BOND    =     7707.7585  ANGLE   =      482.7257  DIHED      =     2974.7816
 VDWAALS =    17510.6928  EEL     =  -146731.7485  HBOND      =        0.0000
 1-4 VDW =      826.8723  1-4 EEL =    11203.4058  RESTRAINT  =        0.0000


   NSTEP       ENERGY          RMS            GMAX         NAME    NUMBER
   9450      -1.0603E+05     5.9863E-02     1.0250E+01     CD        860

 BOND    =     7707.9336  ANGLE   =      482.7487  DIHED      =     2974.7612
 VDWAALS =    17511.1675  EEL     =  -146732.9931  HBOND      =        0.0000
 1-4 VDW =      826.8546  1-4 EEL =    11203.3455  RESTRAINT  =        0.0000


   NSTEP       ENERGY          RMS            GMAX         NAME    NUMBER
   9500      -1.0603E+05     3.3890E-02     5.2385E+00     CD        860

 BOND    =     7707.9418  ANGLE   =      482.7939  DIHED      =     2974.7354
 VDWAALS =    17511.6189  EEL     =  -146734.1045  HBOND      =        0.0000
 1-4 VDW =      826.8409  1-4 EEL =    11203.2837  RESTRAINT  =        0.0000


   NSTEP       ENERGY          RMS            GMAX         NAME    NUMBER
   9550      -1.0603E+05     5.0361E-02     9.9453E-01     H2      14327

 BOND    =     7708.1763  ANGLE   =      482.7928  DIHED      =     2974.7143
 VDWAALS =    17512.1091  EEL     =  -146735.4393  HBOND      =        0.0000
 1-4 VDW =      826.8256  1-4 EEL =    11203.2163  RESTRAINT  =        0.0000


   NSTEP       ENERGY          RMS            GMAX         NAME    NUMBER
   9600      -1.0603E+05     6.5157E-02     3.9032E+00     C        3957

 BOND    =     7708.3119  ANGLE   =      482.7916  DIHED      =     2974.6905
 VDWAALS =    17512.5461  EEL     =  -146736.7153  HBOND      =        0.0000
 1-4 VDW =      826.8160  1-4 EEL =    11203.1393  RESTRAINT  =        0.0000


   NSTEP       ENERGY          RMS            GMAX         NAME    NUMBER
   9650      -1.0603E+05     2.0823E-02     1.1800E+00     C        3976

 BOND    =     7708.4134  ANGLE   =      482.8800  DIHED      =     2974.6651
 VDWAALS =    17513.0090  EEL     =  -146738.1288  HBOND      =        0.0000
 1-4 VDW =      826.7787  1-4 EEL =    11203.0938  RESTRAINT  =        0.0000


   NSTEP       ENERGY          RMS            GMAX         NAME    NUMBER
   9700      -1.0603E+05     6.3265E-02     5.6857E+00     C        3976

 BOND    =     7708.5973  ANGLE   =      482.9332  DIHED      =     2974.6394
 VDWAALS =    17513.4360  EEL     =  -146739.4526  HBOND      =        0.0000
 1-4 VDW =      826.7564  1-4 EEL =    11203.0395  RESTRAINT  =        0.0000


   NSTEP       ENERGY          RMS            GMAX         NAME    NUMBER
   9750      -1.0603E+05     1.7000E-02     7.0556E-01     H1       7690

 BOND    =     7708.6711  ANGLE   =      482.9255  DIHED      =     2974.6169
 VDWAALS =    17513.8089  EEL     =  -146740.5914  HBOND      =        0.0000
 1-4 VDW =      826.7413  1-4 EEL =    11202.9677  RESTRAINT  =        0.0000


   NSTEP       ENERGY          RMS            GMAX         NAME    NUMBER
   9800      -1.0603E+05     4.6843E-02     3.1461E+00     CE1      3292

 BOND    =     7708.8136  ANGLE   =      482.9563  DIHED      =     2974.5899
 VDWAALS =    17514.1367  EEL     =  -146741.7200  HBOND      =        0.0000
 1-4 VDW =      826.7232  1-4 EEL =    11202.9050  RESTRAINT  =        0.0000


   NSTEP       ENERGY          RMS            GMAX         NAME    NUMBER
   9850      -1.0603E+05     7.1437E-02     8.3729E+00     CD        860

 BOND    =     7709.0061  ANGLE   =      482.9740  DIHED      =     2974.5664
 VDWAALS =    17514.4319  EEL     =  -146742.8871  HBOND      =        0.0000
 1-4 VDW =      826.7017  1-4 EEL =    11202.8485  RESTRAINT  =        0.0000


   NSTEP       ENERGY          RMS            GMAX         NAME    NUMBER
   9900      -1.0603E+05     4.2602E-02     6.3423E+00     CD        860

 BOND    =     7709.0742  ANGLE   =      483.0028  DIHED      =     2974.5458
 VDWAALS =    17514.6860  EEL     =  -146744.0251  HBOND      =        0.0000
 1-4 VDW =      826.6789  1-4 EEL =    11202.7974  RESTRAINT  =        0.0000


   NSTEP       ENERGY          RMS            GMAX         NAME    NUMBER
   9950      -1.0603E+05     2.1092E-02     2.4942E+00     CD        860

 BOND    =     7709.1216  ANGLE   =      483.0290  DIHED      =     2974.5220
 VDWAALS =    17514.8564  EEL     =  -146744.9318  HBOND      =        0.0000
 1-4 VDW =      826.6633  1-4 EEL =    11202.7493  RESTRAINT  =        0.0000


   NSTEP       ENERGY          RMS            GMAX         NAME    NUMBER
  10000      -1.0603E+05     4.0912E-02     6.8132E+00     CD        860

 BOND    =     7709.2485  ANGLE   =      483.0471  DIHED      =     2974.5019
 VDWAALS =    17515.0145  EEL     =  -146745.8680  HBOND      =        0.0000
 1-4 VDW =      826.6451  1-4 EEL =    11202.7029  RESTRAINT  =        0.0000


  Maximum number of minimization cycles reached.


                    FINAL RESULTS



   NSTEP       ENERGY          RMS            GMAX         NAME    NUMBER
  10000      -1.0603E+05     4.0912E-02     6.8132E+00     CD        860

 BOND    =     7709.2485  ANGLE   =      483.0471  DIHED      =     2974.5019
 VDWAALS =    17515.0145  EEL     =  -146745.8680  HBOND      =        0.0000
 1-4 VDW =      826.6451  1-4 EEL =    11202.7029  RESTRAINT  =        0.0000
--------------------------------------------------------------------------------
   5.  TIMINGS
--------------------------------------------------------------------------------

|  NonSetup CPU Time in Major Routines:
|
|     Routine           Sec        %
|     ------------------------------
|     Nonbond          19.69   63.10
|     Bond              0.00    0.00
|     Angle             0.00    0.00
|     Dihedral          0.00    0.00
|     Shake             0.00    0.00
|     Other            11.51   36.90
|     ------------------------------
|     Total            31.20

|  PME Nonbond Pairlist CPU Time:
|
|     Routine              Sec        %
|     ---------------------------------
|     Set Up Cit           0.00    0.00
|     Build List           0.00    0.00
|     ---------------------------------
|     Total                0.00    0.00

|  PME Direct Force CPU Time:
|
|     Routine              Sec        %
|     ---------------------------------
|     NonBonded Calc       0.00    0.00
|     Exclude Masked       0.00    0.00
|     Other                0.02    0.06
|     ---------------------------------
|     Total                0.02    0.06

|  PME Reciprocal Force CPU Time:
|
|     Routine              Sec        %
|     ---------------------------------
|     1D bspline           0.00    0.00
|     Grid Charges         0.00    0.00
|     Scalar Sum           0.00    0.00
|     Gradient Sum         0.00    0.00
|     FFT                  0.00    0.00
|     ---------------------------------
|     Total                0.00    0.00

|  Setup CPU time:            0.64 seconds
|  NonSetup CPU time:        31.20 seconds
|  Total CPU time:           31.84 seconds     0.01 hours

|  Setup wall time:           1    seconds
|  NonSetup wall time:       31    seconds
|  Total wall time:          32    seconds     0.01 hours
